[2023-05-17T13:07:12.047+0000] {processor.py:156} INFO - Started process (PID=173) to work on /home/airflow/.local/lib/python3.7/site-packages/airflow/example_dags/example_latest_only.py
[2023-05-17T13:07:13.069+0000] {processor.py:799} INFO - Processing file /home/airflow/.local/lib/python3.7/site-packages/airflow/example_dags/example_latest_only.py for tasks to queue
[2023-05-17T13:07:13.184+0000] {logging_mixin.py:149} INFO - [2023-05-17T13:07:13.184+0000] {dagbag.py:541} INFO - Filling up the DagBag from /home/airflow/.local/lib/python3.7/site-packages/airflow/example_dags/example_latest_only.py
[2023-05-17T13:07:15.467+0000] {processor.py:809} INFO - DAG(s) dict_keys(['latest_only']) retrieved from /home/airflow/.local/lib/python3.7/site-packages/airflow/example_dags/example_latest_only.py
[2023-05-17T13:07:43.209+0000] {logging_mixin.py:149} INFO - [2023-05-17T13:07:43.208+0000] {manager.py:504} INFO - Created Permission View: can read on DAG:latest_only
[2023-05-17T13:07:43.999+0000] {logging_mixin.py:149} INFO - [2023-05-17T13:07:43.999+0000] {manager.py:504} INFO - Created Permission View: can edit on DAG:latest_only
[2023-05-17T13:07:46.200+0000] {logging_mixin.py:149} INFO - [2023-05-17T13:07:46.199+0000] {manager.py:504} INFO - Created Permission View: can delete on DAG:latest_only
[2023-05-17T13:07:46.862+0000] {logging_mixin.py:149} INFO - [2023-05-17T13:07:46.861+0000] {dag.py:2726} INFO - Sync 1 DAGs
[2023-05-17T13:07:49.742+0000] {logging_mixin.py:149} INFO - [2023-05-17T13:07:49.742+0000] {dag.py:2747} INFO - Creating ORM DAG for latest_only
[2023-05-17T13:07:50.907+0000] {logging_mixin.py:149} INFO - [2023-05-17T13:07:50.907+0000] {dag.py:3490} INFO - Setting next_dagrun for latest_only to 2023-05-17T09:07:50.906962+00:00, run_after=2023-05-17T13:07:50.906962+00:00
[2023-05-17T13:07:52.137+0000] {processor.py:178} INFO - Processing /home/airflow/.local/lib/python3.7/site-packages/airflow/example_dags/example_latest_only.py took 39.669 seconds
[2023-05-17T13:09:16.807+0000] {processor.py:156} INFO - Started process (PID=243) to work on /home/airflow/.local/lib/python3.7/site-packages/airflow/example_dags/example_latest_only.py
[2023-05-17T13:09:16.822+0000] {processor.py:799} INFO - Processing file /home/airflow/.local/lib/python3.7/site-packages/airflow/example_dags/example_latest_only.py for tasks to queue
[2023-05-17T13:09:16.832+0000] {logging_mixin.py:149} INFO - [2023-05-17T13:09:16.832+0000] {dagbag.py:541} INFO - Filling up the DagBag from /home/airflow/.local/lib/python3.7/site-packages/airflow/example_dags/example_latest_only.py
[2023-05-17T13:09:16.900+0000] {processor.py:809} INFO - DAG(s) dict_keys(['latest_only']) retrieved from /home/airflow/.local/lib/python3.7/site-packages/airflow/example_dags/example_latest_only.py
[2023-05-17T13:09:17.017+0000] {logging_mixin.py:149} INFO - [2023-05-17T13:09:17.017+0000] {dag.py:2726} INFO - Sync 1 DAGs
[2023-05-17T13:09:17.197+0000] {logging_mixin.py:149} INFO - [2023-05-17T13:09:17.196+0000] {dag.py:3490} INFO - Setting next_dagrun for latest_only to 2023-05-17T09:09:17.196317+00:00, run_after=2023-05-17T13:09:17.196317+00:00
[2023-05-17T13:09:17.537+0000] {processor.py:178} INFO - Processing /home/airflow/.local/lib/python3.7/site-packages/airflow/example_dags/example_latest_only.py took 0.751 seconds
[2023-05-17T13:09:49.324+0000] {processor.py:156} INFO - Started process (PID=302) to work on /home/airflow/.local/lib/python3.7/site-packages/airflow/example_dags/example_latest_only.py
[2023-05-17T13:09:49.327+0000] {processor.py:799} INFO - Processing file /home/airflow/.local/lib/python3.7/site-packages/airflow/example_dags/example_latest_only.py for tasks to queue
[2023-05-17T13:09:49.330+0000] {logging_mixin.py:149} INFO - [2023-05-17T13:09:49.330+0000] {dagbag.py:541} INFO - Filling up the DagBag from /home/airflow/.local/lib/python3.7/site-packages/airflow/example_dags/example_latest_only.py
[2023-05-17T13:09:49.349+0000] {processor.py:809} INFO - DAG(s) dict_keys(['latest_only']) retrieved from /home/airflow/.local/lib/python3.7/site-packages/airflow/example_dags/example_latest_only.py
[2023-05-17T13:09:49.435+0000] {logging_mixin.py:149} INFO - [2023-05-17T13:09:49.434+0000] {dag.py:2726} INFO - Sync 1 DAGs
[2023-05-17T13:09:49.596+0000] {logging_mixin.py:149} INFO - [2023-05-17T13:09:49.596+0000] {dag.py:3490} INFO - Setting next_dagrun for latest_only to 2023-05-17T09:09:49.596343+00:00, run_after=2023-05-17T13:09:49.596343+00:00
[2023-05-17T13:09:49.771+0000] {processor.py:178} INFO - Processing /home/airflow/.local/lib/python3.7/site-packages/airflow/example_dags/example_latest_only.py took 0.461 seconds
[2023-05-17T13:10:24.617+0000] {processor.py:156} INFO - Started process (PID=359) to work on /home/airflow/.local/lib/python3.7/site-packages/airflow/example_dags/example_latest_only.py
[2023-05-17T13:10:24.620+0000] {processor.py:799} INFO - Processing file /home/airflow/.local/lib/python3.7/site-packages/airflow/example_dags/example_latest_only.py for tasks to queue
[2023-05-17T13:10:24.622+0000] {logging_mixin.py:149} INFO - [2023-05-17T13:10:24.622+0000] {dagbag.py:541} INFO - Filling up the DagBag from /home/airflow/.local/lib/python3.7/site-packages/airflow/example_dags/example_latest_only.py
[2023-05-17T13:10:24.641+0000] {processor.py:809} INFO - DAG(s) dict_keys(['latest_only']) retrieved from /home/airflow/.local/lib/python3.7/site-packages/airflow/example_dags/example_latest_only.py
[2023-05-17T13:10:24.730+0000] {logging_mixin.py:149} INFO - [2023-05-17T13:10:24.729+0000] {dag.py:2726} INFO - Sync 1 DAGs
[2023-05-17T13:10:24.815+0000] {logging_mixin.py:149} INFO - [2023-05-17T13:10:24.814+0000] {dag.py:3490} INFO - Setting next_dagrun for latest_only to 2023-05-17T09:10:24.814299+00:00, run_after=2023-05-17T13:10:24.814299+00:00
[2023-05-17T13:10:24.952+0000] {processor.py:178} INFO - Processing /home/airflow/.local/lib/python3.7/site-packages/airflow/example_dags/example_latest_only.py took 0.345 seconds
[2023-05-17T13:11:07.051+0000] {processor.py:156} INFO - Started process (PID=417) to work on /home/airflow/.local/lib/python3.7/site-packages/airflow/example_dags/example_latest_only.py
[2023-05-17T13:11:07.053+0000] {processor.py:799} INFO - Processing file /home/airflow/.local/lib/python3.7/site-packages/airflow/example_dags/example_latest_only.py for tasks to queue
[2023-05-17T13:11:07.055+0000] {logging_mixin.py:149} INFO - [2023-05-17T13:11:07.054+0000] {dagbag.py:541} INFO - Filling up the DagBag from /home/airflow/.local/lib/python3.7/site-packages/airflow/example_dags/example_latest_only.py
[2023-05-17T13:11:07.083+0000] {processor.py:809} INFO - DAG(s) dict_keys(['latest_only']) retrieved from /home/airflow/.local/lib/python3.7/site-packages/airflow/example_dags/example_latest_only.py
[2023-05-17T13:11:07.161+0000] {logging_mixin.py:149} INFO - [2023-05-17T13:11:07.160+0000] {dag.py:2726} INFO - Sync 1 DAGs
[2023-05-17T13:11:07.263+0000] {logging_mixin.py:149} INFO - [2023-05-17T13:11:07.262+0000] {dag.py:3490} INFO - Setting next_dagrun for latest_only to 2023-05-17T09:11:07.262133+00:00, run_after=2023-05-17T13:11:07.262133+00:00
[2023-05-17T13:11:07.403+0000] {processor.py:178} INFO - Processing /home/airflow/.local/lib/python3.7/site-packages/airflow/example_dags/example_latest_only.py took 0.358 seconds
[2023-05-17T13:11:39.162+0000] {processor.py:156} INFO - Started process (PID=471) to work on /home/airflow/.local/lib/python3.7/site-packages/airflow/example_dags/example_latest_only.py
[2023-05-17T13:11:39.165+0000] {processor.py:799} INFO - Processing file /home/airflow/.local/lib/python3.7/site-packages/airflow/example_dags/example_latest_only.py for tasks to queue
[2023-05-17T13:11:39.168+0000] {logging_mixin.py:149} INFO - [2023-05-17T13:11:39.167+0000] {dagbag.py:541} INFO - Filling up the DagBag from /home/airflow/.local/lib/python3.7/site-packages/airflow/example_dags/example_latest_only.py
[2023-05-17T13:11:39.190+0000] {processor.py:809} INFO - DAG(s) dict_keys(['latest_only']) retrieved from /home/airflow/.local/lib/python3.7/site-packages/airflow/example_dags/example_latest_only.py
[2023-05-17T13:11:39.292+0000] {logging_mixin.py:149} INFO - [2023-05-17T13:11:39.291+0000] {dag.py:2726} INFO - Sync 1 DAGs
[2023-05-17T13:11:39.389+0000] {logging_mixin.py:149} INFO - [2023-05-17T13:11:39.388+0000] {dag.py:3490} INFO - Setting next_dagrun for latest_only to 2023-05-17T09:11:39.388035+00:00, run_after=2023-05-17T13:11:39.388035+00:00
[2023-05-17T13:11:39.639+0000] {processor.py:178} INFO - Processing /home/airflow/.local/lib/python3.7/site-packages/airflow/example_dags/example_latest_only.py took 0.486 seconds
[2023-05-17T13:12:10.542+0000] {processor.py:156} INFO - Started process (PID=529) to work on /home/airflow/.local/lib/python3.7/site-packages/airflow/example_dags/example_latest_only.py
[2023-05-17T13:12:10.545+0000] {processor.py:799} INFO - Processing file /home/airflow/.local/lib/python3.7/site-packages/airflow/example_dags/example_latest_only.py for tasks to queue
[2023-05-17T13:12:10.548+0000] {logging_mixin.py:149} INFO - [2023-05-17T13:12:10.548+0000] {dagbag.py:541} INFO - Filling up the DagBag from /home/airflow/.local/lib/python3.7/site-packages/airflow/example_dags/example_latest_only.py
[2023-05-17T13:12:10.567+0000] {processor.py:809} INFO - DAG(s) dict_keys(['latest_only']) retrieved from /home/airflow/.local/lib/python3.7/site-packages/airflow/example_dags/example_latest_only.py
[2023-05-17T13:12:10.657+0000] {logging_mixin.py:149} INFO - [2023-05-17T13:12:10.656+0000] {dag.py:2726} INFO - Sync 1 DAGs
[2023-05-17T13:12:10.741+0000] {logging_mixin.py:149} INFO - [2023-05-17T13:12:10.741+0000] {dag.py:3490} INFO - Setting next_dagrun for latest_only to 2023-05-17T09:12:10.741162+00:00, run_after=2023-05-17T13:12:10.741162+00:00
[2023-05-17T13:12:11.010+0000] {processor.py:178} INFO - Processing /home/airflow/.local/lib/python3.7/site-packages/airflow/example_dags/example_latest_only.py took 0.477 seconds
[2023-05-17T13:12:52.239+0000] {processor.py:156} INFO - Started process (PID=597) to work on /home/airflow/.local/lib/python3.7/site-packages/airflow/example_dags/example_latest_only.py
[2023-05-17T13:12:52.366+0000] {processor.py:799} INFO - Processing file /home/airflow/.local/lib/python3.7/site-packages/airflow/example_dags/example_latest_only.py for tasks to queue
[2023-05-17T13:12:52.429+0000] {logging_mixin.py:149} INFO - [2023-05-17T13:12:52.429+0000] {dagbag.py:541} INFO - Filling up the DagBag from /home/airflow/.local/lib/python3.7/site-packages/airflow/example_dags/example_latest_only.py
[2023-05-17T13:12:52.502+0000] {processor.py:809} INFO - DAG(s) dict_keys(['latest_only']) retrieved from /home/airflow/.local/lib/python3.7/site-packages/airflow/example_dags/example_latest_only.py
[2023-05-17T13:12:53.008+0000] {logging_mixin.py:149} INFO - [2023-05-17T13:12:53.008+0000] {dag.py:2726} INFO - Sync 1 DAGs
[2023-05-17T13:12:53.405+0000] {logging_mixin.py:149} INFO - [2023-05-17T13:12:53.404+0000] {dag.py:3490} INFO - Setting next_dagrun for latest_only to 2023-05-17T09:12:53.404506+00:00, run_after=2023-05-17T13:12:53.404506+00:00
[2023-05-17T13:13:03.309+0000] {processor.py:178} INFO - Processing /home/airflow/.local/lib/python3.7/site-packages/airflow/example_dags/example_latest_only.py took 11.078 seconds
[2023-05-17T13:13:33.920+0000] {processor.py:156} INFO - Started process (PID=648) to work on /home/airflow/.local/lib/python3.7/site-packages/airflow/example_dags/example_latest_only.py
[2023-05-17T13:13:33.922+0000] {processor.py:799} INFO - Processing file /home/airflow/.local/lib/python3.7/site-packages/airflow/example_dags/example_latest_only.py for tasks to queue
[2023-05-17T13:13:33.924+0000] {logging_mixin.py:149} INFO - [2023-05-17T13:13:33.924+0000] {dagbag.py:541} INFO - Filling up the DagBag from /home/airflow/.local/lib/python3.7/site-packages/airflow/example_dags/example_latest_only.py
[2023-05-17T13:13:33.936+0000] {processor.py:809} INFO - DAG(s) dict_keys(['latest_only']) retrieved from /home/airflow/.local/lib/python3.7/site-packages/airflow/example_dags/example_latest_only.py
[2023-05-17T13:13:33.989+0000] {logging_mixin.py:149} INFO - [2023-05-17T13:13:33.988+0000] {dag.py:2726} INFO - Sync 1 DAGs
[2023-05-17T13:13:34.061+0000] {logging_mixin.py:149} INFO - [2023-05-17T13:13:34.061+0000] {dag.py:3490} INFO - Setting next_dagrun for latest_only to 2023-05-17T09:13:34.060974+00:00, run_after=2023-05-17T13:13:34.060974+00:00
[2023-05-17T13:13:34.847+0000] {processor.py:178} INFO - Processing /home/airflow/.local/lib/python3.7/site-packages/airflow/example_dags/example_latest_only.py took 0.933 seconds
[2023-05-17T13:14:05.458+0000] {processor.py:156} INFO - Started process (PID=707) to work on /home/airflow/.local/lib/python3.7/site-packages/airflow/example_dags/example_latest_only.py
[2023-05-17T13:14:05.460+0000] {processor.py:799} INFO - Processing file /home/airflow/.local/lib/python3.7/site-packages/airflow/example_dags/example_latest_only.py for tasks to queue
[2023-05-17T13:14:05.463+0000] {logging_mixin.py:149} INFO - [2023-05-17T13:14:05.462+0000] {dagbag.py:541} INFO - Filling up the DagBag from /home/airflow/.local/lib/python3.7/site-packages/airflow/example_dags/example_latest_only.py
[2023-05-17T13:14:05.473+0000] {processor.py:809} INFO - DAG(s) dict_keys(['latest_only']) retrieved from /home/airflow/.local/lib/python3.7/site-packages/airflow/example_dags/example_latest_only.py
[2023-05-17T13:14:05.520+0000] {logging_mixin.py:149} INFO - [2023-05-17T13:14:05.520+0000] {dag.py:2726} INFO - Sync 1 DAGs
[2023-05-17T13:14:05.602+0000] {logging_mixin.py:149} INFO - [2023-05-17T13:14:05.602+0000] {dag.py:3490} INFO - Setting next_dagrun for latest_only to 2023-05-17T09:14:05.602097+00:00, run_after=2023-05-17T13:14:05.602097+00:00
[2023-05-17T13:14:05.740+0000] {processor.py:178} INFO - Processing /home/airflow/.local/lib/python3.7/site-packages/airflow/example_dags/example_latest_only.py took 0.288 seconds
[2023-05-17T13:15:17.872+0000] {processor.py:156} INFO - Started process (PID=777) to work on /home/airflow/.local/lib/python3.7/site-packages/airflow/example_dags/example_latest_only.py
[2023-05-17T13:15:17.874+0000] {processor.py:799} INFO - Processing file /home/airflow/.local/lib/python3.7/site-packages/airflow/example_dags/example_latest_only.py for tasks to queue
[2023-05-17T13:15:17.876+0000] {logging_mixin.py:149} INFO - [2023-05-17T13:15:17.875+0000] {dagbag.py:541} INFO - Filling up the DagBag from /home/airflow/.local/lib/python3.7/site-packages/airflow/example_dags/example_latest_only.py
[2023-05-17T13:15:17.888+0000] {processor.py:809} INFO - DAG(s) dict_keys(['latest_only']) retrieved from /home/airflow/.local/lib/python3.7/site-packages/airflow/example_dags/example_latest_only.py
[2023-05-17T13:15:17.938+0000] {logging_mixin.py:149} INFO - [2023-05-17T13:15:17.937+0000] {dag.py:2726} INFO - Sync 1 DAGs
[2023-05-17T13:15:18.009+0000] {logging_mixin.py:149} INFO - [2023-05-17T13:15:18.009+0000] {dag.py:3490} INFO - Setting next_dagrun for latest_only to 2023-05-17T09:15:18.008852+00:00, run_after=2023-05-17T13:15:18.008852+00:00
[2023-05-17T13:15:18.504+0000] {processor.py:178} INFO - Processing /home/airflow/.local/lib/python3.7/site-packages/airflow/example_dags/example_latest_only.py took 0.640 seconds
[2023-05-17T13:15:48.837+0000] {processor.py:156} INFO - Started process (PID=828) to work on /home/airflow/.local/lib/python3.7/site-packages/airflow/example_dags/example_latest_only.py
[2023-05-17T13:15:48.839+0000] {processor.py:799} INFO - Processing file /home/airflow/.local/lib/python3.7/site-packages/airflow/example_dags/example_latest_only.py for tasks to queue
[2023-05-17T13:15:48.844+0000] {logging_mixin.py:149} INFO - [2023-05-17T13:15:48.843+0000] {dagbag.py:541} INFO - Filling up the DagBag from /home/airflow/.local/lib/python3.7/site-packages/airflow/example_dags/example_latest_only.py
[2023-05-17T13:15:48.875+0000] {processor.py:809} INFO - DAG(s) dict_keys(['latest_only']) retrieved from /home/airflow/.local/lib/python3.7/site-packages/airflow/example_dags/example_latest_only.py
[2023-05-17T13:15:48.976+0000] {logging_mixin.py:149} INFO - [2023-05-17T13:15:48.973+0000] {dag.py:2726} INFO - Sync 1 DAGs
[2023-05-17T13:15:49.102+0000] {logging_mixin.py:149} INFO - [2023-05-17T13:15:49.101+0000] {dag.py:3490} INFO - Setting next_dagrun for latest_only to 2023-05-17T09:15:49.101429+00:00, run_after=2023-05-17T13:15:49.101429+00:00
[2023-05-17T13:15:49.387+0000] {processor.py:178} INFO - Processing /home/airflow/.local/lib/python3.7/site-packages/airflow/example_dags/example_latest_only.py took 0.576 seconds
[2023-05-17T13:16:19.693+0000] {processor.py:156} INFO - Started process (PID=886) to work on /home/airflow/.local/lib/python3.7/site-packages/airflow/example_dags/example_latest_only.py
[2023-05-17T13:16:19.695+0000] {processor.py:799} INFO - Processing file /home/airflow/.local/lib/python3.7/site-packages/airflow/example_dags/example_latest_only.py for tasks to queue
[2023-05-17T13:16:19.697+0000] {logging_mixin.py:149} INFO - [2023-05-17T13:16:19.697+0000] {dagbag.py:541} INFO - Filling up the DagBag from /home/airflow/.local/lib/python3.7/site-packages/airflow/example_dags/example_latest_only.py
[2023-05-17T13:16:19.710+0000] {processor.py:809} INFO - DAG(s) dict_keys(['latest_only']) retrieved from /home/airflow/.local/lib/python3.7/site-packages/airflow/example_dags/example_latest_only.py
[2023-05-17T13:16:19.761+0000] {logging_mixin.py:149} INFO - [2023-05-17T13:16:19.761+0000] {dag.py:2726} INFO - Sync 1 DAGs
[2023-05-17T13:16:19.833+0000] {logging_mixin.py:149} INFO - [2023-05-17T13:16:19.833+0000] {dag.py:3490} INFO - Setting next_dagrun for latest_only to 2023-05-17T09:16:19.832765+00:00, run_after=2023-05-17T13:16:19.832765+00:00
[2023-05-17T13:16:19.954+0000] {processor.py:178} INFO - Processing /home/airflow/.local/lib/python3.7/site-packages/airflow/example_dags/example_latest_only.py took 0.268 seconds
[2023-05-17T13:16:50.296+0000] {processor.py:156} INFO - Started process (PID=944) to work on /home/airflow/.local/lib/python3.7/site-packages/airflow/example_dags/example_latest_only.py
[2023-05-17T13:16:50.299+0000] {processor.py:799} INFO - Processing file /home/airflow/.local/lib/python3.7/site-packages/airflow/example_dags/example_latest_only.py for tasks to queue
[2023-05-17T13:16:50.301+0000] {logging_mixin.py:149} INFO - [2023-05-17T13:16:50.300+0000] {dagbag.py:541} INFO - Filling up the DagBag from /home/airflow/.local/lib/python3.7/site-packages/airflow/example_dags/example_latest_only.py
[2023-05-17T13:16:50.314+0000] {processor.py:809} INFO - DAG(s) dict_keys(['latest_only']) retrieved from /home/airflow/.local/lib/python3.7/site-packages/airflow/example_dags/example_latest_only.py
[2023-05-17T13:16:50.370+0000] {logging_mixin.py:149} INFO - [2023-05-17T13:16:50.369+0000] {dag.py:2726} INFO - Sync 1 DAGs
[2023-05-17T13:16:50.431+0000] {logging_mixin.py:149} INFO - [2023-05-17T13:16:50.430+0000] {dag.py:3490} INFO - Setting next_dagrun for latest_only to 2023-05-17T09:16:50.429954+00:00, run_after=2023-05-17T13:16:50.429954+00:00
[2023-05-17T13:16:50.541+0000] {processor.py:178} INFO - Processing /home/airflow/.local/lib/python3.7/site-packages/airflow/example_dags/example_latest_only.py took 0.252 seconds
[2023-05-17T13:17:26.175+0000] {processor.py:156} INFO - Started process (PID=1009) to work on /home/airflow/.local/lib/python3.7/site-packages/airflow/example_dags/example_latest_only.py
[2023-05-17T13:17:26.178+0000] {processor.py:799} INFO - Processing file /home/airflow/.local/lib/python3.7/site-packages/airflow/example_dags/example_latest_only.py for tasks to queue
[2023-05-17T13:17:26.179+0000] {logging_mixin.py:149} INFO - [2023-05-17T13:17:26.179+0000] {dagbag.py:541} INFO - Filling up the DagBag from /home/airflow/.local/lib/python3.7/site-packages/airflow/example_dags/example_latest_only.py
[2023-05-17T13:17:26.192+0000] {processor.py:809} INFO - DAG(s) dict_keys(['latest_only']) retrieved from /home/airflow/.local/lib/python3.7/site-packages/airflow/example_dags/example_latest_only.py
[2023-05-17T13:17:26.252+0000] {logging_mixin.py:149} INFO - [2023-05-17T13:17:26.252+0000] {dag.py:2726} INFO - Sync 1 DAGs
[2023-05-17T13:17:26.314+0000] {logging_mixin.py:149} INFO - [2023-05-17T13:17:26.314+0000] {dag.py:3490} INFO - Setting next_dagrun for latest_only to 2023-05-17T09:17:26.313623+00:00, run_after=2023-05-17T13:17:26.313623+00:00
[2023-05-17T13:17:26.793+0000] {processor.py:178} INFO - Processing /home/airflow/.local/lib/python3.7/site-packages/airflow/example_dags/example_latest_only.py took 0.624 seconds
[2023-05-17T13:18:20.418+0000] {processor.py:156} INFO - Started process (PID=1064) to work on /home/airflow/.local/lib/python3.7/site-packages/airflow/example_dags/example_latest_only.py
[2023-05-17T13:18:20.420+0000] {processor.py:799} INFO - Processing file /home/airflow/.local/lib/python3.7/site-packages/airflow/example_dags/example_latest_only.py for tasks to queue
[2023-05-17T13:18:20.422+0000] {logging_mixin.py:149} INFO - [2023-05-17T13:18:20.422+0000] {dagbag.py:541} INFO - Filling up the DagBag from /home/airflow/.local/lib/python3.7/site-packages/airflow/example_dags/example_latest_only.py
[2023-05-17T13:18:20.434+0000] {processor.py:809} INFO - DAG(s) dict_keys(['latest_only']) retrieved from /home/airflow/.local/lib/python3.7/site-packages/airflow/example_dags/example_latest_only.py
[2023-05-17T13:18:20.481+0000] {logging_mixin.py:149} INFO - [2023-05-17T13:18:20.481+0000] {dag.py:2726} INFO - Sync 1 DAGs
[2023-05-17T13:18:20.536+0000] {logging_mixin.py:149} INFO - [2023-05-17T13:18:20.535+0000] {dag.py:3490} INFO - Setting next_dagrun for latest_only to 2023-05-17T09:18:20.535071+00:00, run_after=2023-05-17T13:18:20.535071+00:00
[2023-05-17T13:18:22.174+0000] {processor.py:178} INFO - Processing /home/airflow/.local/lib/python3.7/site-packages/airflow/example_dags/example_latest_only.py took 1.763 seconds
[2023-05-17T13:18:54.809+0000] {processor.py:156} INFO - Started process (PID=1122) to work on /home/airflow/.local/lib/python3.7/site-packages/airflow/example_dags/example_latest_only.py
[2023-05-17T13:18:54.811+0000] {processor.py:799} INFO - Processing file /home/airflow/.local/lib/python3.7/site-packages/airflow/example_dags/example_latest_only.py for tasks to queue
[2023-05-17T13:18:54.813+0000] {logging_mixin.py:149} INFO - [2023-05-17T13:18:54.813+0000] {dagbag.py:541} INFO - Filling up the DagBag from /home/airflow/.local/lib/python3.7/site-packages/airflow/example_dags/example_latest_only.py
[2023-05-17T13:18:54.827+0000] {processor.py:809} INFO - DAG(s) dict_keys(['latest_only']) retrieved from /home/airflow/.local/lib/python3.7/site-packages/airflow/example_dags/example_latest_only.py
[2023-05-17T13:18:54.872+0000] {logging_mixin.py:149} INFO - [2023-05-17T13:18:54.871+0000] {dag.py:2726} INFO - Sync 1 DAGs
[2023-05-17T13:18:54.960+0000] {logging_mixin.py:149} INFO - [2023-05-17T13:18:54.960+0000] {dag.py:3490} INFO - Setting next_dagrun for latest_only to 2023-05-17T09:18:54.959524+00:00, run_after=2023-05-17T13:18:54.959524+00:00
[2023-05-17T13:18:55.096+0000] {processor.py:178} INFO - Processing /home/airflow/.local/lib/python3.7/site-packages/airflow/example_dags/example_latest_only.py took 0.296 seconds
[2023-05-17T13:19:27.667+0000] {processor.py:156} INFO - Started process (PID=1179) to work on /home/airflow/.local/lib/python3.7/site-packages/airflow/example_dags/example_latest_only.py
[2023-05-17T13:19:27.670+0000] {processor.py:799} INFO - Processing file /home/airflow/.local/lib/python3.7/site-packages/airflow/example_dags/example_latest_only.py for tasks to queue
[2023-05-17T13:19:27.675+0000] {logging_mixin.py:149} INFO - [2023-05-17T13:19:27.674+0000] {dagbag.py:541} INFO - Filling up the DagBag from /home/airflow/.local/lib/python3.7/site-packages/airflow/example_dags/example_latest_only.py
[2023-05-17T13:19:27.689+0000] {processor.py:809} INFO - DAG(s) dict_keys(['latest_only']) retrieved from /home/airflow/.local/lib/python3.7/site-packages/airflow/example_dags/example_latest_only.py
[2023-05-17T13:19:27.829+0000] {logging_mixin.py:149} INFO - [2023-05-17T13:19:27.829+0000] {dag.py:2726} INFO - Sync 1 DAGs
[2023-05-17T13:19:27.899+0000] {logging_mixin.py:149} INFO - [2023-05-17T13:19:27.899+0000] {dag.py:3490} INFO - Setting next_dagrun for latest_only to 2023-05-17T09:19:27.898762+00:00, run_after=2023-05-17T13:19:27.898762+00:00
[2023-05-17T13:19:28.035+0000] {processor.py:178} INFO - Processing /home/airflow/.local/lib/python3.7/site-packages/airflow/example_dags/example_latest_only.py took 0.316 seconds
[2023-05-17T13:20:03.287+0000] {processor.py:156} INFO - Started process (PID=1237) to work on /home/airflow/.local/lib/python3.7/site-packages/airflow/example_dags/example_latest_only.py
[2023-05-17T13:20:03.295+0000] {processor.py:799} INFO - Processing file /home/airflow/.local/lib/python3.7/site-packages/airflow/example_dags/example_latest_only.py for tasks to queue
[2023-05-17T13:20:03.307+0000] {logging_mixin.py:149} INFO - [2023-05-17T13:20:03.299+0000] {dagbag.py:541} INFO - Filling up the DagBag from /home/airflow/.local/lib/python3.7/site-packages/airflow/example_dags/example_latest_only.py
[2023-05-17T13:20:03.346+0000] {processor.py:809} INFO - DAG(s) dict_keys(['latest_only']) retrieved from /home/airflow/.local/lib/python3.7/site-packages/airflow/example_dags/example_latest_only.py
[2023-05-17T13:20:03.471+0000] {logging_mixin.py:149} INFO - [2023-05-17T13:20:03.470+0000] {dag.py:2726} INFO - Sync 1 DAGs
[2023-05-17T13:20:03.566+0000] {logging_mixin.py:149} INFO - [2023-05-17T13:20:03.566+0000] {dag.py:3490} INFO - Setting next_dagrun for latest_only to 2023-05-17T09:20:03.565552+00:00, run_after=2023-05-17T13:20:03.565552+00:00
[2023-05-17T13:20:03.963+0000] {processor.py:178} INFO - Processing /home/airflow/.local/lib/python3.7/site-packages/airflow/example_dags/example_latest_only.py took 0.689 seconds
[2023-05-17T13:20:34.660+0000] {processor.py:156} INFO - Started process (PID=1296) to work on /home/airflow/.local/lib/python3.7/site-packages/airflow/example_dags/example_latest_only.py
[2023-05-17T13:20:34.669+0000] {processor.py:799} INFO - Processing file /home/airflow/.local/lib/python3.7/site-packages/airflow/example_dags/example_latest_only.py for tasks to queue
[2023-05-17T13:20:34.673+0000] {logging_mixin.py:149} INFO - [2023-05-17T13:20:34.673+0000] {dagbag.py:541} INFO - Filling up the DagBag from /home/airflow/.local/lib/python3.7/site-packages/airflow/example_dags/example_latest_only.py
[2023-05-17T13:20:34.693+0000] {processor.py:809} INFO - DAG(s) dict_keys(['latest_only']) retrieved from /home/airflow/.local/lib/python3.7/site-packages/airflow/example_dags/example_latest_only.py
[2023-05-17T13:20:34.823+0000] {logging_mixin.py:149} INFO - [2023-05-17T13:20:34.822+0000] {dag.py:2726} INFO - Sync 1 DAGs
[2023-05-17T13:20:34.925+0000] {logging_mixin.py:149} INFO - [2023-05-17T13:20:34.924+0000] {dag.py:3490} INFO - Setting next_dagrun for latest_only to 2023-05-17T09:20:34.924217+00:00, run_after=2023-05-17T13:20:34.924217+00:00
[2023-05-17T13:20:35.456+0000] {processor.py:178} INFO - Processing /home/airflow/.local/lib/python3.7/site-packages/airflow/example_dags/example_latest_only.py took 0.805 seconds
[2023-05-17T13:21:06.107+0000] {processor.py:156} INFO - Started process (PID=1354) to work on /home/airflow/.local/lib/python3.7/site-packages/airflow/example_dags/example_latest_only.py
[2023-05-17T13:21:06.111+0000] {processor.py:799} INFO - Processing file /home/airflow/.local/lib/python3.7/site-packages/airflow/example_dags/example_latest_only.py for tasks to queue
[2023-05-17T13:21:06.113+0000] {logging_mixin.py:149} INFO - [2023-05-17T13:21:06.113+0000] {dagbag.py:541} INFO - Filling up the DagBag from /home/airflow/.local/lib/python3.7/site-packages/airflow/example_dags/example_latest_only.py
[2023-05-17T13:21:06.130+0000] {processor.py:809} INFO - DAG(s) dict_keys(['latest_only']) retrieved from /home/airflow/.local/lib/python3.7/site-packages/airflow/example_dags/example_latest_only.py
[2023-05-17T13:21:06.209+0000] {logging_mixin.py:149} INFO - [2023-05-17T13:21:06.209+0000] {dag.py:2726} INFO - Sync 1 DAGs
[2023-05-17T13:21:06.309+0000] {logging_mixin.py:149} INFO - [2023-05-17T13:21:06.309+0000] {dag.py:3490} INFO - Setting next_dagrun for latest_only to 2023-05-17T09:21:06.308467+00:00, run_after=2023-05-17T13:21:06.308467+00:00
[2023-05-17T13:21:06.551+0000] {processor.py:178} INFO - Processing /home/airflow/.local/lib/python3.7/site-packages/airflow/example_dags/example_latest_only.py took 0.454 seconds
[2023-05-17T13:21:40.255+0000] {processor.py:156} INFO - Started process (PID=1412) to work on /home/airflow/.local/lib/python3.7/site-packages/airflow/example_dags/example_latest_only.py
[2023-05-17T13:21:40.258+0000] {processor.py:799} INFO - Processing file /home/airflow/.local/lib/python3.7/site-packages/airflow/example_dags/example_latest_only.py for tasks to queue
[2023-05-17T13:21:40.265+0000] {logging_mixin.py:149} INFO - [2023-05-17T13:21:40.264+0000] {dagbag.py:541} INFO - Filling up the DagBag from /home/airflow/.local/lib/python3.7/site-packages/airflow/example_dags/example_latest_only.py
[2023-05-17T13:21:40.289+0000] {processor.py:809} INFO - DAG(s) dict_keys(['latest_only']) retrieved from /home/airflow/.local/lib/python3.7/site-packages/airflow/example_dags/example_latest_only.py
[2023-05-17T13:21:40.360+0000] {logging_mixin.py:149} INFO - [2023-05-17T13:21:40.359+0000] {dag.py:2726} INFO - Sync 1 DAGs
[2023-05-17T13:21:40.629+0000] {logging_mixin.py:149} INFO - [2023-05-17T13:21:40.629+0000] {dag.py:3490} INFO - Setting next_dagrun for latest_only to 2023-05-17T09:21:40.628490+00:00, run_after=2023-05-17T13:21:40.628490+00:00
[2023-05-17T13:21:40.828+0000] {processor.py:178} INFO - Processing /home/airflow/.local/lib/python3.7/site-packages/airflow/example_dags/example_latest_only.py took 0.580 seconds
[2023-05-17T13:22:14.423+0000] {processor.py:156} INFO - Started process (PID=1467) to work on /home/airflow/.local/lib/python3.7/site-packages/airflow/example_dags/example_latest_only.py
[2023-05-17T13:22:14.426+0000] {processor.py:799} INFO - Processing file /home/airflow/.local/lib/python3.7/site-packages/airflow/example_dags/example_latest_only.py for tasks to queue
[2023-05-17T13:22:14.428+0000] {logging_mixin.py:149} INFO - [2023-05-17T13:22:14.428+0000] {dagbag.py:541} INFO - Filling up the DagBag from /home/airflow/.local/lib/python3.7/site-packages/airflow/example_dags/example_latest_only.py
[2023-05-17T13:22:14.554+0000] {processor.py:809} INFO - DAG(s) dict_keys(['latest_only']) retrieved from /home/airflow/.local/lib/python3.7/site-packages/airflow/example_dags/example_latest_only.py
[2023-05-17T13:22:14.634+0000] {logging_mixin.py:149} INFO - [2023-05-17T13:22:14.634+0000] {dag.py:2726} INFO - Sync 1 DAGs
[2023-05-17T13:22:14.743+0000] {logging_mixin.py:149} INFO - [2023-05-17T13:22:14.743+0000] {dag.py:3490} INFO - Setting next_dagrun for latest_only to 2023-05-17T09:22:14.742565+00:00, run_after=2023-05-17T13:22:14.742565+00:00
[2023-05-17T13:22:14.986+0000] {processor.py:178} INFO - Processing /home/airflow/.local/lib/python3.7/site-packages/airflow/example_dags/example_latest_only.py took 0.572 seconds
[2023-05-17T13:23:14.130+0000] {processor.py:156} INFO - Started process (PID=1534) to work on /home/airflow/.local/lib/python3.7/site-packages/airflow/example_dags/example_latest_only.py
[2023-05-17T13:23:14.134+0000] {processor.py:799} INFO - Processing file /home/airflow/.local/lib/python3.7/site-packages/airflow/example_dags/example_latest_only.py for tasks to queue
[2023-05-17T13:23:14.138+0000] {logging_mixin.py:149} INFO - [2023-05-17T13:23:14.137+0000] {dagbag.py:541} INFO - Filling up the DagBag from /home/airflow/.local/lib/python3.7/site-packages/airflow/example_dags/example_latest_only.py
[2023-05-17T13:23:14.150+0000] {processor.py:809} INFO - DAG(s) dict_keys(['latest_only']) retrieved from /home/airflow/.local/lib/python3.7/site-packages/airflow/example_dags/example_latest_only.py
[2023-05-17T13:23:14.198+0000] {logging_mixin.py:149} INFO - [2023-05-17T13:23:14.198+0000] {dag.py:2726} INFO - Sync 1 DAGs
[2023-05-17T13:23:14.258+0000] {logging_mixin.py:149} INFO - [2023-05-17T13:23:14.258+0000] {dag.py:3490} INFO - Setting next_dagrun for latest_only to 2023-05-17T09:23:14.257755+00:00, run_after=2023-05-17T13:23:14.257755+00:00
[2023-05-17T13:23:15.260+0000] {processor.py:178} INFO - Processing /home/airflow/.local/lib/python3.7/site-packages/airflow/example_dags/example_latest_only.py took 1.136 seconds
[2023-05-17T13:23:45.896+0000] {processor.py:156} INFO - Started process (PID=1591) to work on /home/airflow/.local/lib/python3.7/site-packages/airflow/example_dags/example_latest_only.py
[2023-05-17T13:23:45.898+0000] {processor.py:799} INFO - Processing file /home/airflow/.local/lib/python3.7/site-packages/airflow/example_dags/example_latest_only.py for tasks to queue
[2023-05-17T13:23:45.900+0000] {logging_mixin.py:149} INFO - [2023-05-17T13:23:45.899+0000] {dagbag.py:541} INFO - Filling up the DagBag from /home/airflow/.local/lib/python3.7/site-packages/airflow/example_dags/example_latest_only.py
[2023-05-17T13:23:45.914+0000] {processor.py:809} INFO - DAG(s) dict_keys(['latest_only']) retrieved from /home/airflow/.local/lib/python3.7/site-packages/airflow/example_dags/example_latest_only.py
[2023-05-17T13:23:45.975+0000] {logging_mixin.py:149} INFO - [2023-05-17T13:23:45.974+0000] {dag.py:2726} INFO - Sync 1 DAGs
[2023-05-17T13:23:46.089+0000] {logging_mixin.py:149} INFO - [2023-05-17T13:23:46.089+0000] {dag.py:3490} INFO - Setting next_dagrun for latest_only to 2023-05-17T09:23:46.088955+00:00, run_after=2023-05-17T13:23:46.088955+00:00
[2023-05-17T13:23:46.319+0000] {processor.py:178} INFO - Processing /home/airflow/.local/lib/python3.7/site-packages/airflow/example_dags/example_latest_only.py took 0.432 seconds
[2023-05-17T13:24:17.180+0000] {processor.py:156} INFO - Started process (PID=1650) to work on /home/airflow/.local/lib/python3.7/site-packages/airflow/example_dags/example_latest_only.py
[2023-05-17T13:24:17.182+0000] {processor.py:799} INFO - Processing file /home/airflow/.local/lib/python3.7/site-packages/airflow/example_dags/example_latest_only.py for tasks to queue
[2023-05-17T13:24:17.184+0000] {logging_mixin.py:149} INFO - [2023-05-17T13:24:17.184+0000] {dagbag.py:541} INFO - Filling up the DagBag from /home/airflow/.local/lib/python3.7/site-packages/airflow/example_dags/example_latest_only.py
[2023-05-17T13:24:17.212+0000] {processor.py:809} INFO - DAG(s) dict_keys(['latest_only']) retrieved from /home/airflow/.local/lib/python3.7/site-packages/airflow/example_dags/example_latest_only.py
[2023-05-17T13:24:17.299+0000] {logging_mixin.py:149} INFO - [2023-05-17T13:24:17.299+0000] {dag.py:2726} INFO - Sync 1 DAGs
[2023-05-17T13:24:17.428+0000] {logging_mixin.py:149} INFO - [2023-05-17T13:24:17.428+0000] {dag.py:3490} INFO - Setting next_dagrun for latest_only to 2023-05-17T09:24:17.427595+00:00, run_after=2023-05-17T13:24:17.427595+00:00
[2023-05-17T13:24:17.675+0000] {processor.py:178} INFO - Processing /home/airflow/.local/lib/python3.7/site-packages/airflow/example_dags/example_latest_only.py took 0.505 seconds
[2023-05-17T13:24:49.812+0000] {processor.py:156} INFO - Started process (PID=1709) to work on /home/airflow/.local/lib/python3.7/site-packages/airflow/example_dags/example_latest_only.py
[2023-05-17T13:24:49.816+0000] {processor.py:799} INFO - Processing file /home/airflow/.local/lib/python3.7/site-packages/airflow/example_dags/example_latest_only.py for tasks to queue
[2023-05-17T13:24:49.819+0000] {logging_mixin.py:149} INFO - [2023-05-17T13:24:49.819+0000] {dagbag.py:541} INFO - Filling up the DagBag from /home/airflow/.local/lib/python3.7/site-packages/airflow/example_dags/example_latest_only.py
[2023-05-17T13:24:49.840+0000] {processor.py:809} INFO - DAG(s) dict_keys(['latest_only']) retrieved from /home/airflow/.local/lib/python3.7/site-packages/airflow/example_dags/example_latest_only.py
[2023-05-17T13:24:49.928+0000] {logging_mixin.py:149} INFO - [2023-05-17T13:24:49.928+0000] {dag.py:2726} INFO - Sync 1 DAGs
[2023-05-17T13:24:50.032+0000] {logging_mixin.py:149} INFO - [2023-05-17T13:24:50.032+0000] {dag.py:3490} INFO - Setting next_dagrun for latest_only to 2023-05-17T09:24:50.031393+00:00, run_after=2023-05-17T13:24:50.031393+00:00
[2023-05-17T13:24:50.240+0000] {processor.py:178} INFO - Processing /home/airflow/.local/lib/python3.7/site-packages/airflow/example_dags/example_latest_only.py took 0.444 seconds
[2023-05-17T13:25:21.492+0000] {processor.py:156} INFO - Started process (PID=1768) to work on /home/airflow/.local/lib/python3.7/site-packages/airflow/example_dags/example_latest_only.py
[2023-05-17T13:25:21.501+0000] {processor.py:799} INFO - Processing file /home/airflow/.local/lib/python3.7/site-packages/airflow/example_dags/example_latest_only.py for tasks to queue
[2023-05-17T13:25:21.504+0000] {logging_mixin.py:149} INFO - [2023-05-17T13:25:21.504+0000] {dagbag.py:541} INFO - Filling up the DagBag from /home/airflow/.local/lib/python3.7/site-packages/airflow/example_dags/example_latest_only.py
[2023-05-17T13:25:21.526+0000] {processor.py:809} INFO - DAG(s) dict_keys(['latest_only']) retrieved from /home/airflow/.local/lib/python3.7/site-packages/airflow/example_dags/example_latest_only.py
[2023-05-17T13:25:21.611+0000] {logging_mixin.py:149} INFO - [2023-05-17T13:25:21.610+0000] {dag.py:2726} INFO - Sync 1 DAGs
[2023-05-17T13:25:21.729+0000] {logging_mixin.py:149} INFO - [2023-05-17T13:25:21.729+0000] {dag.py:3490} INFO - Setting next_dagrun for latest_only to 2023-05-17T09:25:21.728506+00:00, run_after=2023-05-17T13:25:21.728506+00:00
[2023-05-17T13:25:22.016+0000] {processor.py:178} INFO - Processing /home/airflow/.local/lib/python3.7/site-packages/airflow/example_dags/example_latest_only.py took 0.532 seconds
[2023-05-17T13:25:56.743+0000] {processor.py:156} INFO - Started process (PID=1827) to work on /home/airflow/.local/lib/python3.7/site-packages/airflow/example_dags/example_latest_only.py
[2023-05-17T13:25:56.747+0000] {processor.py:799} INFO - Processing file /home/airflow/.local/lib/python3.7/site-packages/airflow/example_dags/example_latest_only.py for tasks to queue
[2023-05-17T13:25:56.750+0000] {logging_mixin.py:149} INFO - [2023-05-17T13:25:56.750+0000] {dagbag.py:541} INFO - Filling up the DagBag from /home/airflow/.local/lib/python3.7/site-packages/airflow/example_dags/example_latest_only.py
[2023-05-17T13:25:56.932+0000] {processor.py:809} INFO - DAG(s) dict_keys(['latest_only']) retrieved from /home/airflow/.local/lib/python3.7/site-packages/airflow/example_dags/example_latest_only.py
[2023-05-17T13:25:57.252+0000] {logging_mixin.py:149} INFO - [2023-05-17T13:25:57.251+0000] {dag.py:2726} INFO - Sync 1 DAGs
[2023-05-17T13:25:57.339+0000] {logging_mixin.py:149} INFO - [2023-05-17T13:25:57.339+0000] {dag.py:3490} INFO - Setting next_dagrun for latest_only to 2023-05-17T09:25:57.338372+00:00, run_after=2023-05-17T13:25:57.338372+00:00
[2023-05-17T13:25:57.615+0000] {processor.py:178} INFO - Processing /home/airflow/.local/lib/python3.7/site-packages/airflow/example_dags/example_latest_only.py took 0.883 seconds
[2023-05-17T13:26:36.977+0000] {processor.py:156} INFO - Started process (PID=1886) to work on /home/airflow/.local/lib/python3.7/site-packages/airflow/example_dags/example_latest_only.py
[2023-05-17T13:26:36.979+0000] {processor.py:799} INFO - Processing file /home/airflow/.local/lib/python3.7/site-packages/airflow/example_dags/example_latest_only.py for tasks to queue
[2023-05-17T13:26:36.981+0000] {logging_mixin.py:149} INFO - [2023-05-17T13:26:36.981+0000] {dagbag.py:541} INFO - Filling up the DagBag from /home/airflow/.local/lib/python3.7/site-packages/airflow/example_dags/example_latest_only.py
[2023-05-17T13:26:37.003+0000] {processor.py:809} INFO - DAG(s) dict_keys(['latest_only']) retrieved from /home/airflow/.local/lib/python3.7/site-packages/airflow/example_dags/example_latest_only.py
[2023-05-17T13:26:37.076+0000] {logging_mixin.py:149} INFO - [2023-05-17T13:26:37.075+0000] {dag.py:2726} INFO - Sync 1 DAGs
[2023-05-17T13:26:37.157+0000] {logging_mixin.py:149} INFO - [2023-05-17T13:26:37.157+0000] {dag.py:3490} INFO - Setting next_dagrun for latest_only to 2023-05-17T09:26:37.156920+00:00, run_after=2023-05-17T13:26:37.156920+00:00
[2023-05-17T13:26:37.366+0000] {processor.py:178} INFO - Processing /home/airflow/.local/lib/python3.7/site-packages/airflow/example_dags/example_latest_only.py took 0.398 seconds
[2023-05-17T13:32:22.839+0000] {processor.py:156} INFO - Started process (PID=89) to work on /home/airflow/.local/lib/python3.7/site-packages/airflow/example_dags/example_latest_only.py
[2023-05-17T13:32:22.880+0000] {processor.py:799} INFO - Processing file /home/airflow/.local/lib/python3.7/site-packages/airflow/example_dags/example_latest_only.py for tasks to queue
[2023-05-17T13:32:22.882+0000] {logging_mixin.py:149} INFO - [2023-05-17T13:32:22.881+0000] {dagbag.py:541} INFO - Filling up the DagBag from /home/airflow/.local/lib/python3.7/site-packages/airflow/example_dags/example_latest_only.py
[2023-05-17T13:32:22.896+0000] {processor.py:809} INFO - DAG(s) dict_keys(['latest_only']) retrieved from /home/airflow/.local/lib/python3.7/site-packages/airflow/example_dags/example_latest_only.py
[2023-05-17T13:32:23.040+0000] {logging_mixin.py:149} INFO - [2023-05-17T13:32:23.040+0000] {dag.py:2726} INFO - Sync 1 DAGs
[2023-05-17T13:32:27.450+0000] {logging_mixin.py:149} INFO - [2023-05-17T13:32:27.449+0000] {dag.py:3490} INFO - Setting next_dagrun for latest_only to 2023-05-17T09:32:27.007315+00:00, run_after=2023-05-17T13:32:27.007315+00:00
[2023-05-17T13:32:29.354+0000] {processor.py:178} INFO - Processing /home/airflow/.local/lib/python3.7/site-packages/airflow/example_dags/example_latest_only.py took 6.524 seconds
[2023-05-17T13:34:19.273+0000] {processor.py:156} INFO - Started process (PID=159) to work on /home/airflow/.local/lib/python3.7/site-packages/airflow/example_dags/example_latest_only.py
[2023-05-17T13:34:19.276+0000] {processor.py:799} INFO - Processing file /home/airflow/.local/lib/python3.7/site-packages/airflow/example_dags/example_latest_only.py for tasks to queue
[2023-05-17T13:34:19.278+0000] {logging_mixin.py:149} INFO - [2023-05-17T13:34:19.278+0000] {dagbag.py:541} INFO - Filling up the DagBag from /home/airflow/.local/lib/python3.7/site-packages/airflow/example_dags/example_latest_only.py
[2023-05-17T13:34:19.293+0000] {processor.py:809} INFO - DAG(s) dict_keys(['latest_only']) retrieved from /home/airflow/.local/lib/python3.7/site-packages/airflow/example_dags/example_latest_only.py
[2023-05-17T13:34:19.378+0000] {logging_mixin.py:149} INFO - [2023-05-17T13:34:19.377+0000] {dag.py:2726} INFO - Sync 1 DAGs
[2023-05-17T13:34:19.472+0000] {logging_mixin.py:149} INFO - [2023-05-17T13:34:19.472+0000] {dag.py:3490} INFO - Setting next_dagrun for latest_only to 2023-05-17T09:34:19.472042+00:00, run_after=2023-05-17T13:34:19.472042+00:00
[2023-05-17T13:34:20.439+0000] {processor.py:178} INFO - Processing /home/airflow/.local/lib/python3.7/site-packages/airflow/example_dags/example_latest_only.py took 1.171 seconds
[2023-05-17T13:36:47.098+0000] {processor.py:156} INFO - Started process (PID=248) to work on /home/airflow/.local/lib/python3.7/site-packages/airflow/example_dags/example_latest_only.py
[2023-05-17T13:36:47.101+0000] {processor.py:799} INFO - Processing file /home/airflow/.local/lib/python3.7/site-packages/airflow/example_dags/example_latest_only.py for tasks to queue
[2023-05-17T13:36:47.104+0000] {logging_mixin.py:149} INFO - [2023-05-17T13:36:47.103+0000] {dagbag.py:541} INFO - Filling up the DagBag from /home/airflow/.local/lib/python3.7/site-packages/airflow/example_dags/example_latest_only.py
[2023-05-17T13:36:47.121+0000] {processor.py:809} INFO - DAG(s) dict_keys(['latest_only']) retrieved from /home/airflow/.local/lib/python3.7/site-packages/airflow/example_dags/example_latest_only.py
[2023-05-17T13:36:47.192+0000] {logging_mixin.py:149} INFO - [2023-05-17T13:36:47.191+0000] {dag.py:2726} INFO - Sync 1 DAGs
[2023-05-17T13:36:47.304+0000] {logging_mixin.py:149} INFO - [2023-05-17T13:36:47.303+0000] {dag.py:3490} INFO - Setting next_dagrun for latest_only to 2023-05-17T09:36:47.303131+00:00, run_after=2023-05-17T13:36:47.303131+00:00
[2023-05-17T13:36:47.959+0000] {processor.py:178} INFO - Processing /home/airflow/.local/lib/python3.7/site-packages/airflow/example_dags/example_latest_only.py took 0.876 seconds
[2023-05-17T13:37:27.149+0000] {processor.py:156} INFO - Started process (PID=313) to work on /home/airflow/.local/lib/python3.7/site-packages/airflow/example_dags/example_latest_only.py
[2023-05-17T13:37:27.152+0000] {processor.py:799} INFO - Processing file /home/airflow/.local/lib/python3.7/site-packages/airflow/example_dags/example_latest_only.py for tasks to queue
[2023-05-17T13:37:27.154+0000] {logging_mixin.py:149} INFO - [2023-05-17T13:37:27.154+0000] {dagbag.py:541} INFO - Filling up the DagBag from /home/airflow/.local/lib/python3.7/site-packages/airflow/example_dags/example_latest_only.py
[2023-05-17T13:37:27.169+0000] {processor.py:809} INFO - DAG(s) dict_keys(['latest_only']) retrieved from /home/airflow/.local/lib/python3.7/site-packages/airflow/example_dags/example_latest_only.py
[2023-05-17T13:37:27.227+0000] {logging_mixin.py:149} INFO - [2023-05-17T13:37:27.226+0000] {dag.py:2726} INFO - Sync 1 DAGs
[2023-05-17T13:37:27.285+0000] {logging_mixin.py:149} INFO - [2023-05-17T13:37:27.285+0000] {dag.py:3490} INFO - Setting next_dagrun for latest_only to 2023-05-17T09:37:27.285066+00:00, run_after=2023-05-17T13:37:27.285066+00:00
[2023-05-17T13:37:27.394+0000] {processor.py:178} INFO - Processing /home/airflow/.local/lib/python3.7/site-packages/airflow/example_dags/example_latest_only.py took 0.251 seconds
[2023-05-17T13:38:02.162+0000] {processor.py:156} INFO - Started process (PID=371) to work on /home/airflow/.local/lib/python3.7/site-packages/airflow/example_dags/example_latest_only.py
[2023-05-17T13:38:02.165+0000] {processor.py:799} INFO - Processing file /home/airflow/.local/lib/python3.7/site-packages/airflow/example_dags/example_latest_only.py for tasks to queue
[2023-05-17T13:38:02.167+0000] {logging_mixin.py:149} INFO - [2023-05-17T13:38:02.167+0000] {dagbag.py:541} INFO - Filling up the DagBag from /home/airflow/.local/lib/python3.7/site-packages/airflow/example_dags/example_latest_only.py
[2023-05-17T13:38:02.178+0000] {processor.py:809} INFO - DAG(s) dict_keys(['latest_only']) retrieved from /home/airflow/.local/lib/python3.7/site-packages/airflow/example_dags/example_latest_only.py
[2023-05-17T13:38:02.294+0000] {logging_mixin.py:149} INFO - [2023-05-17T13:38:02.293+0000] {dag.py:2726} INFO - Sync 1 DAGs
[2023-05-17T13:38:02.369+0000] {logging_mixin.py:149} INFO - [2023-05-17T13:38:02.369+0000] {dag.py:3490} INFO - Setting next_dagrun for latest_only to 2023-05-17T09:38:02.368587+00:00, run_after=2023-05-17T13:38:02.368587+00:00
[2023-05-17T13:38:02.501+0000] {processor.py:178} INFO - Processing /home/airflow/.local/lib/python3.7/site-packages/airflow/example_dags/example_latest_only.py took 0.346 seconds
[2023-05-17T13:38:32.894+0000] {processor.py:156} INFO - Started process (PID=424) to work on /home/airflow/.local/lib/python3.7/site-packages/airflow/example_dags/example_latest_only.py
[2023-05-17T13:38:32.896+0000] {processor.py:799} INFO - Processing file /home/airflow/.local/lib/python3.7/site-packages/airflow/example_dags/example_latest_only.py for tasks to queue
[2023-05-17T13:38:32.899+0000] {logging_mixin.py:149} INFO - [2023-05-17T13:38:32.899+0000] {dagbag.py:541} INFO - Filling up the DagBag from /home/airflow/.local/lib/python3.7/site-packages/airflow/example_dags/example_latest_only.py
[2023-05-17T13:38:32.918+0000] {processor.py:809} INFO - DAG(s) dict_keys(['latest_only']) retrieved from /home/airflow/.local/lib/python3.7/site-packages/airflow/example_dags/example_latest_only.py
[2023-05-17T13:38:33.002+0000] {logging_mixin.py:149} INFO - [2023-05-17T13:38:33.001+0000] {dag.py:2726} INFO - Sync 1 DAGs
[2023-05-17T13:38:33.083+0000] {logging_mixin.py:149} INFO - [2023-05-17T13:38:33.082+0000] {dag.py:3490} INFO - Setting next_dagrun for latest_only to 2023-05-17T09:38:33.082399+00:00, run_after=2023-05-17T13:38:33.082399+00:00
[2023-05-17T13:38:33.239+0000] {processor.py:178} INFO - Processing /home/airflow/.local/lib/python3.7/site-packages/airflow/example_dags/example_latest_only.py took 0.356 seconds
[2023-05-17T13:39:03.809+0000] {processor.py:156} INFO - Started process (PID=483) to work on /home/airflow/.local/lib/python3.7/site-packages/airflow/example_dags/example_latest_only.py
[2023-05-17T13:39:03.825+0000] {processor.py:799} INFO - Processing file /home/airflow/.local/lib/python3.7/site-packages/airflow/example_dags/example_latest_only.py for tasks to queue
[2023-05-17T13:39:03.829+0000] {logging_mixin.py:149} INFO - [2023-05-17T13:39:03.829+0000] {dagbag.py:541} INFO - Filling up the DagBag from /home/airflow/.local/lib/python3.7/site-packages/airflow/example_dags/example_latest_only.py
[2023-05-17T13:39:03.847+0000] {processor.py:809} INFO - DAG(s) dict_keys(['latest_only']) retrieved from /home/airflow/.local/lib/python3.7/site-packages/airflow/example_dags/example_latest_only.py
[2023-05-17T13:39:03.914+0000] {logging_mixin.py:149} INFO - [2023-05-17T13:39:03.913+0000] {dag.py:2726} INFO - Sync 1 DAGs
[2023-05-17T13:39:04.007+0000] {logging_mixin.py:149} INFO - [2023-05-17T13:39:04.006+0000] {dag.py:3490} INFO - Setting next_dagrun for latest_only to 2023-05-17T09:39:04.006340+00:00, run_after=2023-05-17T13:39:04.006340+00:00
[2023-05-17T13:39:04.135+0000] {processor.py:178} INFO - Processing /home/airflow/.local/lib/python3.7/site-packages/airflow/example_dags/example_latest_only.py took 0.361 seconds
[2023-05-17T13:39:34.342+0000] {processor.py:156} INFO - Started process (PID=542) to work on /home/airflow/.local/lib/python3.7/site-packages/airflow/example_dags/example_latest_only.py
[2023-05-17T13:39:34.344+0000] {processor.py:799} INFO - Processing file /home/airflow/.local/lib/python3.7/site-packages/airflow/example_dags/example_latest_only.py for tasks to queue
[2023-05-17T13:39:34.349+0000] {logging_mixin.py:149} INFO - [2023-05-17T13:39:34.348+0000] {dagbag.py:541} INFO - Filling up the DagBag from /home/airflow/.local/lib/python3.7/site-packages/airflow/example_dags/example_latest_only.py
[2023-05-17T13:39:34.361+0000] {processor.py:809} INFO - DAG(s) dict_keys(['latest_only']) retrieved from /home/airflow/.local/lib/python3.7/site-packages/airflow/example_dags/example_latest_only.py
[2023-05-17T13:39:34.475+0000] {logging_mixin.py:149} INFO - [2023-05-17T13:39:34.475+0000] {dag.py:2726} INFO - Sync 1 DAGs
[2023-05-17T13:39:34.566+0000] {logging_mixin.py:149} INFO - [2023-05-17T13:39:34.566+0000] {dag.py:3490} INFO - Setting next_dagrun for latest_only to 2023-05-17T09:39:34.563629+00:00, run_after=2023-05-17T13:39:34.563629+00:00
[2023-05-17T13:39:34.752+0000] {processor.py:178} INFO - Processing /home/airflow/.local/lib/python3.7/site-packages/airflow/example_dags/example_latest_only.py took 0.416 seconds
[2023-05-17T13:40:05.302+0000] {processor.py:156} INFO - Started process (PID=600) to work on /home/airflow/.local/lib/python3.7/site-packages/airflow/example_dags/example_latest_only.py
[2023-05-17T13:40:05.304+0000] {processor.py:799} INFO - Processing file /home/airflow/.local/lib/python3.7/site-packages/airflow/example_dags/example_latest_only.py for tasks to queue
[2023-05-17T13:40:05.307+0000] {logging_mixin.py:149} INFO - [2023-05-17T13:40:05.306+0000] {dagbag.py:541} INFO - Filling up the DagBag from /home/airflow/.local/lib/python3.7/site-packages/airflow/example_dags/example_latest_only.py
[2023-05-17T13:40:05.322+0000] {processor.py:809} INFO - DAG(s) dict_keys(['latest_only']) retrieved from /home/airflow/.local/lib/python3.7/site-packages/airflow/example_dags/example_latest_only.py
[2023-05-17T13:40:05.403+0000] {logging_mixin.py:149} INFO - [2023-05-17T13:40:05.403+0000] {dag.py:2726} INFO - Sync 1 DAGs
[2023-05-17T13:40:05.499+0000] {logging_mixin.py:149} INFO - [2023-05-17T13:40:05.498+0000] {dag.py:3490} INFO - Setting next_dagrun for latest_only to 2023-05-17T09:40:05.497452+00:00, run_after=2023-05-17T13:40:05.497452+00:00
[2023-05-17T13:40:05.653+0000] {processor.py:178} INFO - Processing /home/airflow/.local/lib/python3.7/site-packages/airflow/example_dags/example_latest_only.py took 0.368 seconds
