[2023-05-17T13:06:14.426+0000] {processor.py:156} INFO - Started process (PID=151) to work on /home/airflow/.local/lib/python3.7/site-packages/airflow/example_dags/example_xcom.py
[2023-05-17T13:06:14.430+0000] {processor.py:799} INFO - Processing file /home/airflow/.local/lib/python3.7/site-packages/airflow/example_dags/example_xcom.py for tasks to queue
[2023-05-17T13:06:14.432+0000] {logging_mixin.py:149} INFO - [2023-05-17T13:06:14.432+0000] {dagbag.py:541} INFO - Filling up the DagBag from /home/airflow/.local/lib/python3.7/site-packages/airflow/example_dags/example_xcom.py
[2023-05-17T13:06:15.382+0000] {processor.py:809} INFO - DAG(s) dict_keys(['example_xcom']) retrieved from /home/airflow/.local/lib/python3.7/site-packages/airflow/example_dags/example_xcom.py
[2023-05-17T13:06:22.062+0000] {logging_mixin.py:149} INFO - [2023-05-17T13:06:22.061+0000] {manager.py:504} INFO - Created Permission View: can read on DAG:example_xcom
[2023-05-17T13:06:22.588+0000] {logging_mixin.py:149} INFO - [2023-05-17T13:06:22.587+0000] {manager.py:504} INFO - Created Permission View: can edit on DAG:example_xcom
[2023-05-17T13:06:22.854+0000] {logging_mixin.py:149} INFO - [2023-05-17T13:06:22.853+0000] {manager.py:504} INFO - Created Permission View: can delete on DAG:example_xcom
[2023-05-17T13:06:22.893+0000] {logging_mixin.py:149} INFO - [2023-05-17T13:06:22.892+0000] {dag.py:2726} INFO - Sync 1 DAGs
[2023-05-17T13:06:23.391+0000] {logging_mixin.py:149} INFO - [2023-05-17T13:06:23.390+0000] {dag.py:2747} INFO - Creating ORM DAG for example_xcom
[2023-05-17T13:06:23.513+0000] {logging_mixin.py:149} INFO - [2023-05-17T13:06:23.513+0000] {dag.py:3490} INFO - Setting next_dagrun for example_xcom to 2021-01-01T00:00:00+00:00, run_after=2021-01-01T00:00:00+00:00
[2023-05-17T13:06:24.784+0000] {processor.py:178} INFO - Processing /home/airflow/.local/lib/python3.7/site-packages/airflow/example_dags/example_xcom.py took 15.213 seconds
[2023-05-17T13:09:12.449+0000] {processor.py:156} INFO - Started process (PID=236) to work on /home/airflow/.local/lib/python3.7/site-packages/airflow/example_dags/example_xcom.py
[2023-05-17T13:09:12.451+0000] {processor.py:799} INFO - Processing file /home/airflow/.local/lib/python3.7/site-packages/airflow/example_dags/example_xcom.py for tasks to queue
[2023-05-17T13:09:12.454+0000] {logging_mixin.py:149} INFO - [2023-05-17T13:09:12.453+0000] {dagbag.py:541} INFO - Filling up the DagBag from /home/airflow/.local/lib/python3.7/site-packages/airflow/example_dags/example_xcom.py
[2023-05-17T13:09:12.553+0000] {processor.py:809} INFO - DAG(s) dict_keys(['example_xcom']) retrieved from /home/airflow/.local/lib/python3.7/site-packages/airflow/example_dags/example_xcom.py
[2023-05-17T13:09:12.620+0000] {logging_mixin.py:149} INFO - [2023-05-17T13:09:12.620+0000] {dag.py:2726} INFO - Sync 1 DAGs
[2023-05-17T13:09:12.693+0000] {logging_mixin.py:149} INFO - [2023-05-17T13:09:12.692+0000] {dag.py:3490} INFO - Setting next_dagrun for example_xcom to 2021-01-01T00:00:00+00:00, run_after=2021-01-01T00:00:00+00:00
[2023-05-17T13:09:12.845+0000] {processor.py:178} INFO - Processing /home/airflow/.local/lib/python3.7/site-packages/airflow/example_dags/example_xcom.py took 0.406 seconds
[2023-05-17T13:09:44.119+0000] {processor.py:156} INFO - Started process (PID=293) to work on /home/airflow/.local/lib/python3.7/site-packages/airflow/example_dags/example_xcom.py
[2023-05-17T13:09:44.122+0000] {processor.py:799} INFO - Processing file /home/airflow/.local/lib/python3.7/site-packages/airflow/example_dags/example_xcom.py for tasks to queue
[2023-05-17T13:09:44.125+0000] {logging_mixin.py:149} INFO - [2023-05-17T13:09:44.125+0000] {dagbag.py:541} INFO - Filling up the DagBag from /home/airflow/.local/lib/python3.7/site-packages/airflow/example_dags/example_xcom.py
[2023-05-17T13:09:44.147+0000] {processor.py:809} INFO - DAG(s) dict_keys(['example_xcom']) retrieved from /home/airflow/.local/lib/python3.7/site-packages/airflow/example_dags/example_xcom.py
[2023-05-17T13:09:44.217+0000] {logging_mixin.py:149} INFO - [2023-05-17T13:09:44.217+0000] {dag.py:2726} INFO - Sync 1 DAGs
[2023-05-17T13:09:44.290+0000] {logging_mixin.py:149} INFO - [2023-05-17T13:09:44.289+0000] {dag.py:3490} INFO - Setting next_dagrun for example_xcom to 2021-01-01T00:00:00+00:00, run_after=2021-01-01T00:00:00+00:00
[2023-05-17T13:09:44.822+0000] {processor.py:178} INFO - Processing /home/airflow/.local/lib/python3.7/site-packages/airflow/example_dags/example_xcom.py took 0.713 seconds
[2023-05-17T13:10:21.003+0000] {processor.py:156} INFO - Started process (PID=347) to work on /home/airflow/.local/lib/python3.7/site-packages/airflow/example_dags/example_xcom.py
[2023-05-17T13:10:21.007+0000] {processor.py:799} INFO - Processing file /home/airflow/.local/lib/python3.7/site-packages/airflow/example_dags/example_xcom.py for tasks to queue
[2023-05-17T13:10:21.010+0000] {logging_mixin.py:149} INFO - [2023-05-17T13:10:21.010+0000] {dagbag.py:541} INFO - Filling up the DagBag from /home/airflow/.local/lib/python3.7/site-packages/airflow/example_dags/example_xcom.py
[2023-05-17T13:10:21.031+0000] {processor.py:809} INFO - DAG(s) dict_keys(['example_xcom']) retrieved from /home/airflow/.local/lib/python3.7/site-packages/airflow/example_dags/example_xcom.py
[2023-05-17T13:10:21.137+0000] {logging_mixin.py:149} INFO - [2023-05-17T13:10:21.136+0000] {dag.py:2726} INFO - Sync 1 DAGs
[2023-05-17T13:10:21.281+0000] {logging_mixin.py:149} INFO - [2023-05-17T13:10:21.281+0000] {dag.py:3490} INFO - Setting next_dagrun for example_xcom to 2021-01-01T00:00:00+00:00, run_after=2021-01-01T00:00:00+00:00
[2023-05-17T13:10:21.490+0000] {processor.py:178} INFO - Processing /home/airflow/.local/lib/python3.7/site-packages/airflow/example_dags/example_xcom.py took 0.500 seconds
[2023-05-17T13:11:03.138+0000] {processor.py:156} INFO - Started process (PID=410) to work on /home/airflow/.local/lib/python3.7/site-packages/airflow/example_dags/example_xcom.py
[2023-05-17T13:11:03.141+0000] {processor.py:799} INFO - Processing file /home/airflow/.local/lib/python3.7/site-packages/airflow/example_dags/example_xcom.py for tasks to queue
[2023-05-17T13:11:03.144+0000] {logging_mixin.py:149} INFO - [2023-05-17T13:11:03.143+0000] {dagbag.py:541} INFO - Filling up the DagBag from /home/airflow/.local/lib/python3.7/site-packages/airflow/example_dags/example_xcom.py
[2023-05-17T13:11:03.176+0000] {processor.py:809} INFO - DAG(s) dict_keys(['example_xcom']) retrieved from /home/airflow/.local/lib/python3.7/site-packages/airflow/example_dags/example_xcom.py
[2023-05-17T13:11:03.260+0000] {logging_mixin.py:149} INFO - [2023-05-17T13:11:03.259+0000] {dag.py:2726} INFO - Sync 1 DAGs
[2023-05-17T13:11:03.367+0000] {logging_mixin.py:149} INFO - [2023-05-17T13:11:03.365+0000] {dag.py:3490} INFO - Setting next_dagrun for example_xcom to 2021-01-01T00:00:00+00:00, run_after=2021-01-01T00:00:00+00:00
[2023-05-17T13:11:03.603+0000] {processor.py:178} INFO - Processing /home/airflow/.local/lib/python3.7/site-packages/airflow/example_dags/example_xcom.py took 0.480 seconds
[2023-05-17T13:11:34.839+0000] {processor.py:156} INFO - Started process (PID=463) to work on /home/airflow/.local/lib/python3.7/site-packages/airflow/example_dags/example_xcom.py
[2023-05-17T13:11:34.844+0000] {processor.py:799} INFO - Processing file /home/airflow/.local/lib/python3.7/site-packages/airflow/example_dags/example_xcom.py for tasks to queue
[2023-05-17T13:11:34.847+0000] {logging_mixin.py:149} INFO - [2023-05-17T13:11:34.846+0000] {dagbag.py:541} INFO - Filling up the DagBag from /home/airflow/.local/lib/python3.7/site-packages/airflow/example_dags/example_xcom.py
[2023-05-17T13:11:34.901+0000] {processor.py:809} INFO - DAG(s) dict_keys(['example_xcom']) retrieved from /home/airflow/.local/lib/python3.7/site-packages/airflow/example_dags/example_xcom.py
[2023-05-17T13:11:35.256+0000] {logging_mixin.py:149} INFO - [2023-05-17T13:11:35.256+0000] {dag.py:2726} INFO - Sync 1 DAGs
[2023-05-17T13:11:35.356+0000] {logging_mixin.py:149} INFO - [2023-05-17T13:11:35.356+0000] {dag.py:3490} INFO - Setting next_dagrun for example_xcom to 2021-01-01T00:00:00+00:00, run_after=2021-01-01T00:00:00+00:00
[2023-05-17T13:11:35.864+0000] {processor.py:178} INFO - Processing /home/airflow/.local/lib/python3.7/site-packages/airflow/example_dags/example_xcom.py took 1.034 seconds
[2023-05-17T13:12:06.424+0000] {processor.py:156} INFO - Started process (PID=521) to work on /home/airflow/.local/lib/python3.7/site-packages/airflow/example_dags/example_xcom.py
[2023-05-17T13:12:06.427+0000] {processor.py:799} INFO - Processing file /home/airflow/.local/lib/python3.7/site-packages/airflow/example_dags/example_xcom.py for tasks to queue
[2023-05-17T13:12:06.430+0000] {logging_mixin.py:149} INFO - [2023-05-17T13:12:06.429+0000] {dagbag.py:541} INFO - Filling up the DagBag from /home/airflow/.local/lib/python3.7/site-packages/airflow/example_dags/example_xcom.py
[2023-05-17T13:12:06.449+0000] {processor.py:809} INFO - DAG(s) dict_keys(['example_xcom']) retrieved from /home/airflow/.local/lib/python3.7/site-packages/airflow/example_dags/example_xcom.py
[2023-05-17T13:12:06.533+0000] {logging_mixin.py:149} INFO - [2023-05-17T13:12:06.533+0000] {dag.py:2726} INFO - Sync 1 DAGs
[2023-05-17T13:12:06.613+0000] {logging_mixin.py:149} INFO - [2023-05-17T13:12:06.613+0000] {dag.py:3490} INFO - Setting next_dagrun for example_xcom to 2021-01-01T00:00:00+00:00, run_after=2021-01-01T00:00:00+00:00
[2023-05-17T13:12:07.066+0000] {processor.py:178} INFO - Processing /home/airflow/.local/lib/python3.7/site-packages/airflow/example_dags/example_xcom.py took 0.652 seconds
[2023-05-17T13:12:42.983+0000] {processor.py:156} INFO - Started process (PID=579) to work on /home/airflow/.local/lib/python3.7/site-packages/airflow/example_dags/example_xcom.py
[2023-05-17T13:12:42.986+0000] {processor.py:799} INFO - Processing file /home/airflow/.local/lib/python3.7/site-packages/airflow/example_dags/example_xcom.py for tasks to queue
[2023-05-17T13:12:42.989+0000] {logging_mixin.py:149} INFO - [2023-05-17T13:12:42.989+0000] {dagbag.py:541} INFO - Filling up the DagBag from /home/airflow/.local/lib/python3.7/site-packages/airflow/example_dags/example_xcom.py
[2023-05-17T13:12:43.051+0000] {processor.py:809} INFO - DAG(s) dict_keys(['example_xcom']) retrieved from /home/airflow/.local/lib/python3.7/site-packages/airflow/example_dags/example_xcom.py
[2023-05-17T13:12:43.888+0000] {logging_mixin.py:149} INFO - [2023-05-17T13:12:43.888+0000] {dag.py:2726} INFO - Sync 1 DAGs
[2023-05-17T13:12:44.070+0000] {logging_mixin.py:149} INFO - [2023-05-17T13:12:44.069+0000] {dag.py:3490} INFO - Setting next_dagrun for example_xcom to 2021-01-01T00:00:00+00:00, run_after=2021-01-01T00:00:00+00:00
[2023-05-17T13:12:44.468+0000] {processor.py:178} INFO - Processing /home/airflow/.local/lib/python3.7/site-packages/airflow/example_dags/example_xcom.py took 1.495 seconds
[2023-05-17T13:13:28.975+0000] {processor.py:156} INFO - Started process (PID=641) to work on /home/airflow/.local/lib/python3.7/site-packages/airflow/example_dags/example_xcom.py
[2023-05-17T13:13:28.982+0000] {processor.py:799} INFO - Processing file /home/airflow/.local/lib/python3.7/site-packages/airflow/example_dags/example_xcom.py for tasks to queue
[2023-05-17T13:13:28.990+0000] {logging_mixin.py:149} INFO - [2023-05-17T13:13:28.989+0000] {dagbag.py:541} INFO - Filling up the DagBag from /home/airflow/.local/lib/python3.7/site-packages/airflow/example_dags/example_xcom.py
[2023-05-17T13:13:29.028+0000] {processor.py:809} INFO - DAG(s) dict_keys(['example_xcom']) retrieved from /home/airflow/.local/lib/python3.7/site-packages/airflow/example_dags/example_xcom.py
[2023-05-17T13:13:29.143+0000] {logging_mixin.py:149} INFO - [2023-05-17T13:13:29.143+0000] {dag.py:2726} INFO - Sync 1 DAGs
[2023-05-17T13:13:29.250+0000] {logging_mixin.py:149} INFO - [2023-05-17T13:13:29.249+0000] {dag.py:3490} INFO - Setting next_dagrun for example_xcom to 2021-01-01T00:00:00+00:00, run_after=2021-01-01T00:00:00+00:00
[2023-05-17T13:13:29.438+0000] {processor.py:178} INFO - Processing /home/airflow/.local/lib/python3.7/site-packages/airflow/example_dags/example_xcom.py took 0.477 seconds
[2023-05-17T13:14:00.378+0000] {processor.py:156} INFO - Started process (PID=700) to work on /home/airflow/.local/lib/python3.7/site-packages/airflow/example_dags/example_xcom.py
[2023-05-17T13:14:00.381+0000] {processor.py:799} INFO - Processing file /home/airflow/.local/lib/python3.7/site-packages/airflow/example_dags/example_xcom.py for tasks to queue
[2023-05-17T13:14:00.383+0000] {logging_mixin.py:149} INFO - [2023-05-17T13:14:00.383+0000] {dagbag.py:541} INFO - Filling up the DagBag from /home/airflow/.local/lib/python3.7/site-packages/airflow/example_dags/example_xcom.py
[2023-05-17T13:14:00.398+0000] {processor.py:809} INFO - DAG(s) dict_keys(['example_xcom']) retrieved from /home/airflow/.local/lib/python3.7/site-packages/airflow/example_dags/example_xcom.py
[2023-05-17T13:14:00.449+0000] {logging_mixin.py:149} INFO - [2023-05-17T13:14:00.449+0000] {dag.py:2726} INFO - Sync 1 DAGs
[2023-05-17T13:14:00.519+0000] {logging_mixin.py:149} INFO - [2023-05-17T13:14:00.519+0000] {dag.py:3490} INFO - Setting next_dagrun for example_xcom to 2021-01-01T00:00:00+00:00, run_after=2021-01-01T00:00:00+00:00
[2023-05-17T13:14:00.779+0000] {processor.py:178} INFO - Processing /home/airflow/.local/lib/python3.7/site-packages/airflow/example_dags/example_xcom.py took 0.409 seconds
[2023-05-17T13:15:14.048+0000] {processor.py:156} INFO - Started process (PID=763) to work on /home/airflow/.local/lib/python3.7/site-packages/airflow/example_dags/example_xcom.py
[2023-05-17T13:15:14.051+0000] {processor.py:799} INFO - Processing file /home/airflow/.local/lib/python3.7/site-packages/airflow/example_dags/example_xcom.py for tasks to queue
[2023-05-17T13:15:14.055+0000] {logging_mixin.py:149} INFO - [2023-05-17T13:15:14.054+0000] {dagbag.py:541} INFO - Filling up the DagBag from /home/airflow/.local/lib/python3.7/site-packages/airflow/example_dags/example_xcom.py
[2023-05-17T13:15:14.098+0000] {processor.py:809} INFO - DAG(s) dict_keys(['example_xcom']) retrieved from /home/airflow/.local/lib/python3.7/site-packages/airflow/example_dags/example_xcom.py
[2023-05-17T13:15:14.226+0000] {logging_mixin.py:149} INFO - [2023-05-17T13:15:14.225+0000] {dag.py:2726} INFO - Sync 1 DAGs
[2023-05-17T13:15:14.376+0000] {logging_mixin.py:149} INFO - [2023-05-17T13:15:14.376+0000] {dag.py:3490} INFO - Setting next_dagrun for example_xcom to 2021-01-01T00:00:00+00:00, run_after=2021-01-01T00:00:00+00:00
[2023-05-17T13:15:15.403+0000] {processor.py:178} INFO - Processing /home/airflow/.local/lib/python3.7/site-packages/airflow/example_dags/example_xcom.py took 1.364 seconds
[2023-05-17T13:15:45.639+0000] {processor.py:156} INFO - Started process (PID=821) to work on /home/airflow/.local/lib/python3.7/site-packages/airflow/example_dags/example_xcom.py
[2023-05-17T13:15:45.642+0000] {processor.py:799} INFO - Processing file /home/airflow/.local/lib/python3.7/site-packages/airflow/example_dags/example_xcom.py for tasks to queue
[2023-05-17T13:15:45.644+0000] {logging_mixin.py:149} INFO - [2023-05-17T13:15:45.644+0000] {dagbag.py:541} INFO - Filling up the DagBag from /home/airflow/.local/lib/python3.7/site-packages/airflow/example_dags/example_xcom.py
[2023-05-17T13:15:45.663+0000] {processor.py:809} INFO - DAG(s) dict_keys(['example_xcom']) retrieved from /home/airflow/.local/lib/python3.7/site-packages/airflow/example_dags/example_xcom.py
[2023-05-17T13:15:45.720+0000] {logging_mixin.py:149} INFO - [2023-05-17T13:15:45.719+0000] {dag.py:2726} INFO - Sync 1 DAGs
[2023-05-17T13:15:45.785+0000] {logging_mixin.py:149} INFO - [2023-05-17T13:15:45.784+0000] {dag.py:3490} INFO - Setting next_dagrun for example_xcom to 2021-01-01T00:00:00+00:00, run_after=2021-01-01T00:00:00+00:00
[2023-05-17T13:15:45.981+0000] {processor.py:178} INFO - Processing /home/airflow/.local/lib/python3.7/site-packages/airflow/example_dags/example_xcom.py took 0.347 seconds
[2023-05-17T13:16:16.710+0000] {processor.py:156} INFO - Started process (PID=879) to work on /home/airflow/.local/lib/python3.7/site-packages/airflow/example_dags/example_xcom.py
[2023-05-17T13:16:16.713+0000] {processor.py:799} INFO - Processing file /home/airflow/.local/lib/python3.7/site-packages/airflow/example_dags/example_xcom.py for tasks to queue
[2023-05-17T13:16:16.716+0000] {logging_mixin.py:149} INFO - [2023-05-17T13:16:16.715+0000] {dagbag.py:541} INFO - Filling up the DagBag from /home/airflow/.local/lib/python3.7/site-packages/airflow/example_dags/example_xcom.py
[2023-05-17T13:16:16.825+0000] {processor.py:809} INFO - DAG(s) dict_keys(['example_xcom']) retrieved from /home/airflow/.local/lib/python3.7/site-packages/airflow/example_dags/example_xcom.py
[2023-05-17T13:16:17.039+0000] {logging_mixin.py:149} INFO - [2023-05-17T13:16:17.038+0000] {dag.py:2726} INFO - Sync 1 DAGs
[2023-05-17T13:16:17.190+0000] {logging_mixin.py:149} INFO - [2023-05-17T13:16:17.186+0000] {dag.py:3490} INFO - Setting next_dagrun for example_xcom to 2021-01-01T00:00:00+00:00, run_after=2021-01-01T00:00:00+00:00
[2023-05-17T13:16:17.353+0000] {processor.py:178} INFO - Processing /home/airflow/.local/lib/python3.7/site-packages/airflow/example_dags/example_xcom.py took 0.654 seconds
[2023-05-17T13:16:47.685+0000] {processor.py:156} INFO - Started process (PID=937) to work on /home/airflow/.local/lib/python3.7/site-packages/airflow/example_dags/example_xcom.py
[2023-05-17T13:16:47.687+0000] {processor.py:799} INFO - Processing file /home/airflow/.local/lib/python3.7/site-packages/airflow/example_dags/example_xcom.py for tasks to queue
[2023-05-17T13:16:47.690+0000] {logging_mixin.py:149} INFO - [2023-05-17T13:16:47.689+0000] {dagbag.py:541} INFO - Filling up the DagBag from /home/airflow/.local/lib/python3.7/site-packages/airflow/example_dags/example_xcom.py
[2023-05-17T13:16:47.712+0000] {processor.py:809} INFO - DAG(s) dict_keys(['example_xcom']) retrieved from /home/airflow/.local/lib/python3.7/site-packages/airflow/example_dags/example_xcom.py
[2023-05-17T13:16:47.814+0000] {logging_mixin.py:149} INFO - [2023-05-17T13:16:47.814+0000] {dag.py:2726} INFO - Sync 1 DAGs
[2023-05-17T13:16:47.903+0000] {logging_mixin.py:149} INFO - [2023-05-17T13:16:47.902+0000] {dag.py:3490} INFO - Setting next_dagrun for example_xcom to 2021-01-01T00:00:00+00:00, run_after=2021-01-01T00:00:00+00:00
[2023-05-17T13:16:48.031+0000] {processor.py:178} INFO - Processing /home/airflow/.local/lib/python3.7/site-packages/airflow/example_dags/example_xcom.py took 0.354 seconds
[2023-05-17T13:17:23.946+0000] {processor.py:156} INFO - Started process (PID=996) to work on /home/airflow/.local/lib/python3.7/site-packages/airflow/example_dags/example_xcom.py
[2023-05-17T13:17:23.949+0000] {processor.py:799} INFO - Processing file /home/airflow/.local/lib/python3.7/site-packages/airflow/example_dags/example_xcom.py for tasks to queue
[2023-05-17T13:17:23.957+0000] {logging_mixin.py:149} INFO - [2023-05-17T13:17:23.957+0000] {dagbag.py:541} INFO - Filling up the DagBag from /home/airflow/.local/lib/python3.7/site-packages/airflow/example_dags/example_xcom.py
[2023-05-17T13:17:23.980+0000] {processor.py:809} INFO - DAG(s) dict_keys(['example_xcom']) retrieved from /home/airflow/.local/lib/python3.7/site-packages/airflow/example_dags/example_xcom.py
[2023-05-17T13:17:24.092+0000] {logging_mixin.py:149} INFO - [2023-05-17T13:17:24.092+0000] {dag.py:2726} INFO - Sync 1 DAGs
[2023-05-17T13:17:24.173+0000] {logging_mixin.py:149} INFO - [2023-05-17T13:17:24.173+0000] {dag.py:3490} INFO - Setting next_dagrun for example_xcom to 2021-01-01T00:00:00+00:00, run_after=2021-01-01T00:00:00+00:00
[2023-05-17T13:17:24.302+0000] {processor.py:178} INFO - Processing /home/airflow/.local/lib/python3.7/site-packages/airflow/example_dags/example_xcom.py took 0.385 seconds
[2023-05-17T13:18:10.402+0000] {processor.py:156} INFO - Started process (PID=1053) to work on /home/airflow/.local/lib/python3.7/site-packages/airflow/example_dags/example_xcom.py
[2023-05-17T13:18:10.405+0000] {processor.py:799} INFO - Processing file /home/airflow/.local/lib/python3.7/site-packages/airflow/example_dags/example_xcom.py for tasks to queue
[2023-05-17T13:18:10.408+0000] {logging_mixin.py:149} INFO - [2023-05-17T13:18:10.408+0000] {dagbag.py:541} INFO - Filling up the DagBag from /home/airflow/.local/lib/python3.7/site-packages/airflow/example_dags/example_xcom.py
[2023-05-17T13:18:10.458+0000] {processor.py:809} INFO - DAG(s) dict_keys(['example_xcom']) retrieved from /home/airflow/.local/lib/python3.7/site-packages/airflow/example_dags/example_xcom.py
[2023-05-17T13:18:10.538+0000] {logging_mixin.py:149} INFO - [2023-05-17T13:18:10.537+0000] {dag.py:2726} INFO - Sync 1 DAGs
[2023-05-17T13:18:10.649+0000] {logging_mixin.py:149} INFO - [2023-05-17T13:18:10.648+0000] {dag.py:3490} INFO - Setting next_dagrun for example_xcom to 2021-01-01T00:00:00+00:00, run_after=2021-01-01T00:00:00+00:00
[2023-05-17T13:18:11.204+0000] {processor.py:178} INFO - Processing /home/airflow/.local/lib/python3.7/site-packages/airflow/example_dags/example_xcom.py took 0.849 seconds
[2023-05-17T13:18:51.864+0000] {processor.py:156} INFO - Started process (PID=1113) to work on /home/airflow/.local/lib/python3.7/site-packages/airflow/example_dags/example_xcom.py
[2023-05-17T13:18:51.868+0000] {processor.py:799} INFO - Processing file /home/airflow/.local/lib/python3.7/site-packages/airflow/example_dags/example_xcom.py for tasks to queue
[2023-05-17T13:18:51.871+0000] {logging_mixin.py:149} INFO - [2023-05-17T13:18:51.871+0000] {dagbag.py:541} INFO - Filling up the DagBag from /home/airflow/.local/lib/python3.7/site-packages/airflow/example_dags/example_xcom.py
[2023-05-17T13:18:51.893+0000] {processor.py:809} INFO - DAG(s) dict_keys(['example_xcom']) retrieved from /home/airflow/.local/lib/python3.7/site-packages/airflow/example_dags/example_xcom.py
[2023-05-17T13:18:51.966+0000] {logging_mixin.py:149} INFO - [2023-05-17T13:18:51.966+0000] {dag.py:2726} INFO - Sync 1 DAGs
[2023-05-17T13:18:52.051+0000] {logging_mixin.py:149} INFO - [2023-05-17T13:18:52.051+0000] {dag.py:3490} INFO - Setting next_dagrun for example_xcom to 2021-01-01T00:00:00+00:00, run_after=2021-01-01T00:00:00+00:00
[2023-05-17T13:18:52.384+0000] {processor.py:178} INFO - Processing /home/airflow/.local/lib/python3.7/site-packages/airflow/example_dags/example_xcom.py took 0.533 seconds
[2023-05-17T13:19:25.804+0000] {processor.py:156} INFO - Started process (PID=1172) to work on /home/airflow/.local/lib/python3.7/site-packages/airflow/example_dags/example_xcom.py
[2023-05-17T13:19:25.807+0000] {processor.py:799} INFO - Processing file /home/airflow/.local/lib/python3.7/site-packages/airflow/example_dags/example_xcom.py for tasks to queue
[2023-05-17T13:19:25.809+0000] {logging_mixin.py:149} INFO - [2023-05-17T13:19:25.808+0000] {dagbag.py:541} INFO - Filling up the DagBag from /home/airflow/.local/lib/python3.7/site-packages/airflow/example_dags/example_xcom.py
[2023-05-17T13:19:25.828+0000] {processor.py:809} INFO - DAG(s) dict_keys(['example_xcom']) retrieved from /home/airflow/.local/lib/python3.7/site-packages/airflow/example_dags/example_xcom.py
[2023-05-17T13:19:25.899+0000] {logging_mixin.py:149} INFO - [2023-05-17T13:19:25.899+0000] {dag.py:2726} INFO - Sync 1 DAGs
[2023-05-17T13:19:25.964+0000] {logging_mixin.py:149} INFO - [2023-05-17T13:19:25.963+0000] {dag.py:3490} INFO - Setting next_dagrun for example_xcom to 2021-01-01T00:00:00+00:00, run_after=2021-01-01T00:00:00+00:00
[2023-05-17T13:19:26.544+0000] {processor.py:178} INFO - Processing /home/airflow/.local/lib/python3.7/site-packages/airflow/example_dags/example_xcom.py took 0.749 seconds
[2023-05-17T13:19:58.221+0000] {processor.py:156} INFO - Started process (PID=1230) to work on /home/airflow/.local/lib/python3.7/site-packages/airflow/example_dags/example_xcom.py
[2023-05-17T13:19:58.224+0000] {processor.py:799} INFO - Processing file /home/airflow/.local/lib/python3.7/site-packages/airflow/example_dags/example_xcom.py for tasks to queue
[2023-05-17T13:19:58.227+0000] {logging_mixin.py:149} INFO - [2023-05-17T13:19:58.226+0000] {dagbag.py:541} INFO - Filling up the DagBag from /home/airflow/.local/lib/python3.7/site-packages/airflow/example_dags/example_xcom.py
[2023-05-17T13:19:58.254+0000] {processor.py:809} INFO - DAG(s) dict_keys(['example_xcom']) retrieved from /home/airflow/.local/lib/python3.7/site-packages/airflow/example_dags/example_xcom.py
[2023-05-17T13:19:58.351+0000] {logging_mixin.py:149} INFO - [2023-05-17T13:19:58.351+0000] {dag.py:2726} INFO - Sync 1 DAGs
[2023-05-17T13:19:58.466+0000] {logging_mixin.py:149} INFO - [2023-05-17T13:19:58.464+0000] {dag.py:3490} INFO - Setting next_dagrun for example_xcom to 2021-01-01T00:00:00+00:00, run_after=2021-01-01T00:00:00+00:00
[2023-05-17T13:19:58.716+0000] {processor.py:178} INFO - Processing /home/airflow/.local/lib/python3.7/site-packages/airflow/example_dags/example_xcom.py took 0.507 seconds
[2023-05-17T13:20:30.100+0000] {processor.py:156} INFO - Started process (PID=1289) to work on /home/airflow/.local/lib/python3.7/site-packages/airflow/example_dags/example_xcom.py
[2023-05-17T13:20:30.103+0000] {processor.py:799} INFO - Processing file /home/airflow/.local/lib/python3.7/site-packages/airflow/example_dags/example_xcom.py for tasks to queue
[2023-05-17T13:20:30.106+0000] {logging_mixin.py:149} INFO - [2023-05-17T13:20:30.105+0000] {dagbag.py:541} INFO - Filling up the DagBag from /home/airflow/.local/lib/python3.7/site-packages/airflow/example_dags/example_xcom.py
[2023-05-17T13:20:30.124+0000] {processor.py:809} INFO - DAG(s) dict_keys(['example_xcom']) retrieved from /home/airflow/.local/lib/python3.7/site-packages/airflow/example_dags/example_xcom.py
[2023-05-17T13:20:30.206+0000] {logging_mixin.py:149} INFO - [2023-05-17T13:20:30.205+0000] {dag.py:2726} INFO - Sync 1 DAGs
[2023-05-17T13:20:30.283+0000] {logging_mixin.py:149} INFO - [2023-05-17T13:20:30.283+0000] {dag.py:3490} INFO - Setting next_dagrun for example_xcom to 2021-01-01T00:00:00+00:00, run_after=2021-01-01T00:00:00+00:00
[2023-05-17T13:20:30.465+0000] {processor.py:178} INFO - Processing /home/airflow/.local/lib/python3.7/site-packages/airflow/example_dags/example_xcom.py took 0.372 seconds
[2023-05-17T13:21:01.046+0000] {processor.py:156} INFO - Started process (PID=1347) to work on /home/airflow/.local/lib/python3.7/site-packages/airflow/example_dags/example_xcom.py
[2023-05-17T13:21:01.048+0000] {processor.py:799} INFO - Processing file /home/airflow/.local/lib/python3.7/site-packages/airflow/example_dags/example_xcom.py for tasks to queue
[2023-05-17T13:21:01.050+0000] {logging_mixin.py:149} INFO - [2023-05-17T13:21:01.050+0000] {dagbag.py:541} INFO - Filling up the DagBag from /home/airflow/.local/lib/python3.7/site-packages/airflow/example_dags/example_xcom.py
[2023-05-17T13:21:01.068+0000] {processor.py:809} INFO - DAG(s) dict_keys(['example_xcom']) retrieved from /home/airflow/.local/lib/python3.7/site-packages/airflow/example_dags/example_xcom.py
[2023-05-17T13:21:01.150+0000] {logging_mixin.py:149} INFO - [2023-05-17T13:21:01.150+0000] {dag.py:2726} INFO - Sync 1 DAGs
[2023-05-17T13:21:01.246+0000] {logging_mixin.py:149} INFO - [2023-05-17T13:21:01.245+0000] {dag.py:3490} INFO - Setting next_dagrun for example_xcom to 2021-01-01T00:00:00+00:00, run_after=2021-01-01T00:00:00+00:00
[2023-05-17T13:21:02.268+0000] {processor.py:178} INFO - Processing /home/airflow/.local/lib/python3.7/site-packages/airflow/example_dags/example_xcom.py took 1.233 seconds
[2023-05-17T13:21:33.675+0000] {processor.py:156} INFO - Started process (PID=1404) to work on /home/airflow/.local/lib/python3.7/site-packages/airflow/example_dags/example_xcom.py
[2023-05-17T13:21:33.677+0000] {processor.py:799} INFO - Processing file /home/airflow/.local/lib/python3.7/site-packages/airflow/example_dags/example_xcom.py for tasks to queue
[2023-05-17T13:21:33.679+0000] {logging_mixin.py:149} INFO - [2023-05-17T13:21:33.679+0000] {dagbag.py:541} INFO - Filling up the DagBag from /home/airflow/.local/lib/python3.7/site-packages/airflow/example_dags/example_xcom.py
[2023-05-17T13:21:33.696+0000] {processor.py:809} INFO - DAG(s) dict_keys(['example_xcom']) retrieved from /home/airflow/.local/lib/python3.7/site-packages/airflow/example_dags/example_xcom.py
[2023-05-17T13:21:33.760+0000] {logging_mixin.py:149} INFO - [2023-05-17T13:21:33.760+0000] {dag.py:2726} INFO - Sync 1 DAGs
[2023-05-17T13:21:33.829+0000] {logging_mixin.py:149} INFO - [2023-05-17T13:21:33.829+0000] {dag.py:3490} INFO - Setting next_dagrun for example_xcom to 2021-01-01T00:00:00+00:00, run_after=2021-01-01T00:00:00+00:00
[2023-05-17T13:21:34.347+0000] {processor.py:178} INFO - Processing /home/airflow/.local/lib/python3.7/site-packages/airflow/example_dags/example_xcom.py took 0.679 seconds
[2023-05-17T13:22:08.317+0000] {processor.py:156} INFO - Started process (PID=1459) to work on /home/airflow/.local/lib/python3.7/site-packages/airflow/example_dags/example_xcom.py
[2023-05-17T13:22:08.321+0000] {processor.py:799} INFO - Processing file /home/airflow/.local/lib/python3.7/site-packages/airflow/example_dags/example_xcom.py for tasks to queue
[2023-05-17T13:22:08.323+0000] {logging_mixin.py:149} INFO - [2023-05-17T13:22:08.323+0000] {dagbag.py:541} INFO - Filling up the DagBag from /home/airflow/.local/lib/python3.7/site-packages/airflow/example_dags/example_xcom.py
[2023-05-17T13:22:08.393+0000] {processor.py:809} INFO - DAG(s) dict_keys(['example_xcom']) retrieved from /home/airflow/.local/lib/python3.7/site-packages/airflow/example_dags/example_xcom.py
[2023-05-17T13:22:08.554+0000] {logging_mixin.py:149} INFO - [2023-05-17T13:22:08.553+0000] {dag.py:2726} INFO - Sync 1 DAGs
[2023-05-17T13:22:08.649+0000] {logging_mixin.py:149} INFO - [2023-05-17T13:22:08.649+0000] {dag.py:3490} INFO - Setting next_dagrun for example_xcom to 2021-01-01T00:00:00+00:00, run_after=2021-01-01T00:00:00+00:00
[2023-05-17T13:22:09.123+0000] {processor.py:178} INFO - Processing /home/airflow/.local/lib/python3.7/site-packages/airflow/example_dags/example_xcom.py took 1.099 seconds
[2023-05-17T13:23:06.787+0000] {processor.py:156} INFO - Started process (PID=1518) to work on /home/airflow/.local/lib/python3.7/site-packages/airflow/example_dags/example_xcom.py
[2023-05-17T13:23:06.791+0000] {processor.py:799} INFO - Processing file /home/airflow/.local/lib/python3.7/site-packages/airflow/example_dags/example_xcom.py for tasks to queue
[2023-05-17T13:23:06.794+0000] {logging_mixin.py:149} INFO - [2023-05-17T13:23:06.794+0000] {dagbag.py:541} INFO - Filling up the DagBag from /home/airflow/.local/lib/python3.7/site-packages/airflow/example_dags/example_xcom.py
[2023-05-17T13:23:06.815+0000] {processor.py:809} INFO - DAG(s) dict_keys(['example_xcom']) retrieved from /home/airflow/.local/lib/python3.7/site-packages/airflow/example_dags/example_xcom.py
[2023-05-17T13:23:06.878+0000] {logging_mixin.py:149} INFO - [2023-05-17T13:23:06.878+0000] {dag.py:2726} INFO - Sync 1 DAGs
[2023-05-17T13:23:06.935+0000] {logging_mixin.py:149} INFO - [2023-05-17T13:23:06.935+0000] {dag.py:3490} INFO - Setting next_dagrun for example_xcom to 2021-01-01T00:00:00+00:00, run_after=2021-01-01T00:00:00+00:00
[2023-05-17T13:23:07.472+0000] {processor.py:178} INFO - Processing /home/airflow/.local/lib/python3.7/site-packages/airflow/example_dags/example_xcom.py took 0.693 seconds
[2023-05-17T13:23:37.967+0000] {processor.py:156} INFO - Started process (PID=1575) to work on /home/airflow/.local/lib/python3.7/site-packages/airflow/example_dags/example_xcom.py
[2023-05-17T13:23:37.970+0000] {processor.py:799} INFO - Processing file /home/airflow/.local/lib/python3.7/site-packages/airflow/example_dags/example_xcom.py for tasks to queue
[2023-05-17T13:23:37.974+0000] {logging_mixin.py:149} INFO - [2023-05-17T13:23:37.974+0000] {dagbag.py:541} INFO - Filling up the DagBag from /home/airflow/.local/lib/python3.7/site-packages/airflow/example_dags/example_xcom.py
[2023-05-17T13:23:38.020+0000] {processor.py:809} INFO - DAG(s) dict_keys(['example_xcom']) retrieved from /home/airflow/.local/lib/python3.7/site-packages/airflow/example_dags/example_xcom.py
[2023-05-17T13:23:38.125+0000] {logging_mixin.py:149} INFO - [2023-05-17T13:23:38.124+0000] {dag.py:2726} INFO - Sync 1 DAGs
[2023-05-17T13:23:38.206+0000] {logging_mixin.py:149} INFO - [2023-05-17T13:23:38.206+0000] {dag.py:3490} INFO - Setting next_dagrun for example_xcom to 2021-01-01T00:00:00+00:00, run_after=2021-01-01T00:00:00+00:00
[2023-05-17T13:23:38.438+0000] {processor.py:178} INFO - Processing /home/airflow/.local/lib/python3.7/site-packages/airflow/example_dags/example_xcom.py took 0.477 seconds
[2023-05-17T13:24:09.712+0000] {processor.py:156} INFO - Started process (PID=1634) to work on /home/airflow/.local/lib/python3.7/site-packages/airflow/example_dags/example_xcom.py
[2023-05-17T13:24:09.719+0000] {processor.py:799} INFO - Processing file /home/airflow/.local/lib/python3.7/site-packages/airflow/example_dags/example_xcom.py for tasks to queue
[2023-05-17T13:24:09.723+0000] {logging_mixin.py:149} INFO - [2023-05-17T13:24:09.722+0000] {dagbag.py:541} INFO - Filling up the DagBag from /home/airflow/.local/lib/python3.7/site-packages/airflow/example_dags/example_xcom.py
[2023-05-17T13:24:09.754+0000] {processor.py:809} INFO - DAG(s) dict_keys(['example_xcom']) retrieved from /home/airflow/.local/lib/python3.7/site-packages/airflow/example_dags/example_xcom.py
[2023-05-17T13:24:09.904+0000] {logging_mixin.py:149} INFO - [2023-05-17T13:24:09.904+0000] {dag.py:2726} INFO - Sync 1 DAGs
[2023-05-17T13:24:10.157+0000] {logging_mixin.py:149} INFO - [2023-05-17T13:24:10.157+0000] {dag.py:3490} INFO - Setting next_dagrun for example_xcom to 2021-01-01T00:00:00+00:00, run_after=2021-01-01T00:00:00+00:00
[2023-05-17T13:24:10.357+0000] {processor.py:178} INFO - Processing /home/airflow/.local/lib/python3.7/site-packages/airflow/example_dags/example_xcom.py took 0.655 seconds
[2023-05-17T13:24:46.563+0000] {processor.py:156} INFO - Started process (PID=1696) to work on /home/airflow/.local/lib/python3.7/site-packages/airflow/example_dags/example_xcom.py
[2023-05-17T13:24:46.565+0000] {processor.py:799} INFO - Processing file /home/airflow/.local/lib/python3.7/site-packages/airflow/example_dags/example_xcom.py for tasks to queue
[2023-05-17T13:24:46.567+0000] {logging_mixin.py:149} INFO - [2023-05-17T13:24:46.567+0000] {dagbag.py:541} INFO - Filling up the DagBag from /home/airflow/.local/lib/python3.7/site-packages/airflow/example_dags/example_xcom.py
[2023-05-17T13:24:46.591+0000] {processor.py:809} INFO - DAG(s) dict_keys(['example_xcom']) retrieved from /home/airflow/.local/lib/python3.7/site-packages/airflow/example_dags/example_xcom.py
[2023-05-17T13:24:46.653+0000] {logging_mixin.py:149} INFO - [2023-05-17T13:24:46.652+0000] {dag.py:2726} INFO - Sync 1 DAGs
[2023-05-17T13:24:46.714+0000] {logging_mixin.py:149} INFO - [2023-05-17T13:24:46.714+0000] {dag.py:3490} INFO - Setting next_dagrun for example_xcom to 2021-01-01T00:00:00+00:00, run_after=2021-01-01T00:00:00+00:00
[2023-05-17T13:24:47.246+0000] {processor.py:178} INFO - Processing /home/airflow/.local/lib/python3.7/site-packages/airflow/example_dags/example_xcom.py took 0.694 seconds
[2023-05-17T13:25:17.610+0000] {processor.py:156} INFO - Started process (PID=1754) to work on /home/airflow/.local/lib/python3.7/site-packages/airflow/example_dags/example_xcom.py
[2023-05-17T13:25:17.612+0000] {processor.py:799} INFO - Processing file /home/airflow/.local/lib/python3.7/site-packages/airflow/example_dags/example_xcom.py for tasks to queue
[2023-05-17T13:25:17.614+0000] {logging_mixin.py:149} INFO - [2023-05-17T13:25:17.613+0000] {dagbag.py:541} INFO - Filling up the DagBag from /home/airflow/.local/lib/python3.7/site-packages/airflow/example_dags/example_xcom.py
[2023-05-17T13:25:17.629+0000] {processor.py:809} INFO - DAG(s) dict_keys(['example_xcom']) retrieved from /home/airflow/.local/lib/python3.7/site-packages/airflow/example_dags/example_xcom.py
[2023-05-17T13:25:17.732+0000] {logging_mixin.py:149} INFO - [2023-05-17T13:25:17.731+0000] {dag.py:2726} INFO - Sync 1 DAGs
[2023-05-17T13:25:17.809+0000] {logging_mixin.py:149} INFO - [2023-05-17T13:25:17.808+0000] {dag.py:3490} INFO - Setting next_dagrun for example_xcom to 2021-01-01T00:00:00+00:00, run_after=2021-01-01T00:00:00+00:00
[2023-05-17T13:25:17.961+0000] {processor.py:178} INFO - Processing /home/airflow/.local/lib/python3.7/site-packages/airflow/example_dags/example_xcom.py took 0.364 seconds
[2023-05-17T13:25:51.438+0000] {processor.py:156} INFO - Started process (PID=1812) to work on /home/airflow/.local/lib/python3.7/site-packages/airflow/example_dags/example_xcom.py
[2023-05-17T13:25:51.443+0000] {processor.py:799} INFO - Processing file /home/airflow/.local/lib/python3.7/site-packages/airflow/example_dags/example_xcom.py for tasks to queue
[2023-05-17T13:25:51.447+0000] {logging_mixin.py:149} INFO - [2023-05-17T13:25:51.446+0000] {dagbag.py:541} INFO - Filling up the DagBag from /home/airflow/.local/lib/python3.7/site-packages/airflow/example_dags/example_xcom.py
[2023-05-17T13:25:51.464+0000] {processor.py:809} INFO - DAG(s) dict_keys(['example_xcom']) retrieved from /home/airflow/.local/lib/python3.7/site-packages/airflow/example_dags/example_xcom.py
[2023-05-17T13:25:51.525+0000] {logging_mixin.py:149} INFO - [2023-05-17T13:25:51.524+0000] {dag.py:2726} INFO - Sync 1 DAGs
[2023-05-17T13:25:51.594+0000] {logging_mixin.py:149} INFO - [2023-05-17T13:25:51.594+0000] {dag.py:3490} INFO - Setting next_dagrun for example_xcom to 2021-01-01T00:00:00+00:00, run_after=2021-01-01T00:00:00+00:00
[2023-05-17T13:25:52.035+0000] {processor.py:178} INFO - Processing /home/airflow/.local/lib/python3.7/site-packages/airflow/example_dags/example_xcom.py took 0.603 seconds
[2023-05-17T13:26:27.501+0000] {processor.py:156} INFO - Started process (PID=1870) to work on /home/airflow/.local/lib/python3.7/site-packages/airflow/example_dags/example_xcom.py
[2023-05-17T13:26:27.505+0000] {processor.py:799} INFO - Processing file /home/airflow/.local/lib/python3.7/site-packages/airflow/example_dags/example_xcom.py for tasks to queue
[2023-05-17T13:26:27.507+0000] {logging_mixin.py:149} INFO - [2023-05-17T13:26:27.506+0000] {dagbag.py:541} INFO - Filling up the DagBag from /home/airflow/.local/lib/python3.7/site-packages/airflow/example_dags/example_xcom.py
[2023-05-17T13:26:27.526+0000] {processor.py:809} INFO - DAG(s) dict_keys(['example_xcom']) retrieved from /home/airflow/.local/lib/python3.7/site-packages/airflow/example_dags/example_xcom.py
[2023-05-17T13:26:27.611+0000] {logging_mixin.py:149} INFO - [2023-05-17T13:26:27.611+0000] {dag.py:2726} INFO - Sync 1 DAGs
[2023-05-17T13:26:27.684+0000] {logging_mixin.py:149} INFO - [2023-05-17T13:26:27.684+0000] {dag.py:3490} INFO - Setting next_dagrun for example_xcom to 2021-01-01T00:00:00+00:00, run_after=2021-01-01T00:00:00+00:00
[2023-05-17T13:26:28.059+0000] {processor.py:178} INFO - Processing /home/airflow/.local/lib/python3.7/site-packages/airflow/example_dags/example_xcom.py took 0.567 seconds
[2023-05-17T13:26:58.987+0000] {processor.py:156} INFO - Started process (PID=1916) to work on /home/airflow/.local/lib/python3.7/site-packages/airflow/example_dags/example_xcom.py
[2023-05-17T13:26:58.989+0000] {processor.py:799} INFO - Processing file /home/airflow/.local/lib/python3.7/site-packages/airflow/example_dags/example_xcom.py for tasks to queue
[2023-05-17T13:26:58.993+0000] {logging_mixin.py:149} INFO - [2023-05-17T13:26:58.992+0000] {dagbag.py:541} INFO - Filling up the DagBag from /home/airflow/.local/lib/python3.7/site-packages/airflow/example_dags/example_xcom.py
[2023-05-17T13:26:59.034+0000] {processor.py:809} INFO - DAG(s) dict_keys(['example_xcom']) retrieved from /home/airflow/.local/lib/python3.7/site-packages/airflow/example_dags/example_xcom.py
[2023-05-17T13:26:59.149+0000] {logging_mixin.py:149} INFO - [2023-05-17T13:26:59.148+0000] {dag.py:2726} INFO - Sync 1 DAGs
[2023-05-17T13:26:59.323+0000] {logging_mixin.py:149} INFO - [2023-05-17T13:26:59.322+0000] {dag.py:3490} INFO - Setting next_dagrun for example_xcom to 2021-01-01T00:00:00+00:00, run_after=2021-01-01T00:00:00+00:00
[2023-05-17T13:26:59.750+0000] {processor.py:178} INFO - Processing /home/airflow/.local/lib/python3.7/site-packages/airflow/example_dags/example_xcom.py took 0.779 seconds
[2023-05-17T13:32:16.942+0000] {processor.py:156} INFO - Started process (PID=82) to work on /home/airflow/.local/lib/python3.7/site-packages/airflow/example_dags/example_xcom.py
[2023-05-17T13:32:16.950+0000] {processor.py:799} INFO - Processing file /home/airflow/.local/lib/python3.7/site-packages/airflow/example_dags/example_xcom.py for tasks to queue
[2023-05-17T13:32:16.966+0000] {logging_mixin.py:149} INFO - [2023-05-17T13:32:16.965+0000] {dagbag.py:541} INFO - Filling up the DagBag from /home/airflow/.local/lib/python3.7/site-packages/airflow/example_dags/example_xcom.py
[2023-05-17T13:32:16.984+0000] {processor.py:809} INFO - DAG(s) dict_keys(['example_xcom']) retrieved from /home/airflow/.local/lib/python3.7/site-packages/airflow/example_dags/example_xcom.py
[2023-05-17T13:32:17.070+0000] {logging_mixin.py:149} INFO - [2023-05-17T13:32:17.070+0000] {dag.py:2726} INFO - Sync 1 DAGs
[2023-05-17T13:32:17.147+0000] {logging_mixin.py:149} INFO - [2023-05-17T13:32:17.147+0000] {dag.py:3490} INFO - Setting next_dagrun for example_xcom to 2021-01-01T00:00:00+00:00, run_after=2021-01-01T00:00:00+00:00
[2023-05-17T13:32:17.404+0000] {processor.py:178} INFO - Processing /home/airflow/.local/lib/python3.7/site-packages/airflow/example_dags/example_xcom.py took 0.469 seconds
[2023-05-17T13:34:11.876+0000] {processor.py:156} INFO - Started process (PID=145) to work on /home/airflow/.local/lib/python3.7/site-packages/airflow/example_dags/example_xcom.py
[2023-05-17T13:34:11.878+0000] {processor.py:799} INFO - Processing file /home/airflow/.local/lib/python3.7/site-packages/airflow/example_dags/example_xcom.py for tasks to queue
[2023-05-17T13:34:11.880+0000] {logging_mixin.py:149} INFO - [2023-05-17T13:34:11.880+0000] {dagbag.py:541} INFO - Filling up the DagBag from /home/airflow/.local/lib/python3.7/site-packages/airflow/example_dags/example_xcom.py
[2023-05-17T13:34:12.105+0000] {processor.py:809} INFO - DAG(s) dict_keys(['example_xcom']) retrieved from /home/airflow/.local/lib/python3.7/site-packages/airflow/example_dags/example_xcom.py
[2023-05-17T13:34:12.153+0000] {logging_mixin.py:149} INFO - [2023-05-17T13:34:12.152+0000] {dag.py:2726} INFO - Sync 1 DAGs
[2023-05-17T13:34:12.209+0000] {logging_mixin.py:149} INFO - [2023-05-17T13:34:12.209+0000] {dag.py:3490} INFO - Setting next_dagrun for example_xcom to 2021-01-01T00:00:00+00:00, run_after=2021-01-01T00:00:00+00:00
[2023-05-17T13:34:13.021+0000] {processor.py:178} INFO - Processing /home/airflow/.local/lib/python3.7/site-packages/airflow/example_dags/example_xcom.py took 1.151 seconds
[2023-05-17T13:36:43.385+0000] {processor.py:156} INFO - Started process (PID=241) to work on /home/airflow/.local/lib/python3.7/site-packages/airflow/example_dags/example_xcom.py
[2023-05-17T13:36:43.387+0000] {processor.py:799} INFO - Processing file /home/airflow/.local/lib/python3.7/site-packages/airflow/example_dags/example_xcom.py for tasks to queue
[2023-05-17T13:36:43.390+0000] {logging_mixin.py:149} INFO - [2023-05-17T13:36:43.389+0000] {dagbag.py:541} INFO - Filling up the DagBag from /home/airflow/.local/lib/python3.7/site-packages/airflow/example_dags/example_xcom.py
[2023-05-17T13:36:43.415+0000] {processor.py:809} INFO - DAG(s) dict_keys(['example_xcom']) retrieved from /home/airflow/.local/lib/python3.7/site-packages/airflow/example_dags/example_xcom.py
[2023-05-17T13:36:43.526+0000] {logging_mixin.py:149} INFO - [2023-05-17T13:36:43.525+0000] {dag.py:2726} INFO - Sync 1 DAGs
[2023-05-17T13:36:43.614+0000] {logging_mixin.py:149} INFO - [2023-05-17T13:36:43.614+0000] {dag.py:3490} INFO - Setting next_dagrun for example_xcom to 2021-01-01T00:00:00+00:00, run_after=2021-01-01T00:00:00+00:00
[2023-05-17T13:36:43.728+0000] {processor.py:178} INFO - Processing /home/airflow/.local/lib/python3.7/site-packages/airflow/example_dags/example_xcom.py took 0.352 seconds
[2023-05-17T13:37:25.232+0000] {processor.py:156} INFO - Started process (PID=305) to work on /home/airflow/.local/lib/python3.7/site-packages/airflow/example_dags/example_xcom.py
[2023-05-17T13:37:25.234+0000] {processor.py:799} INFO - Processing file /home/airflow/.local/lib/python3.7/site-packages/airflow/example_dags/example_xcom.py for tasks to queue
[2023-05-17T13:37:25.237+0000] {logging_mixin.py:149} INFO - [2023-05-17T13:37:25.237+0000] {dagbag.py:541} INFO - Filling up the DagBag from /home/airflow/.local/lib/python3.7/site-packages/airflow/example_dags/example_xcom.py
[2023-05-17T13:37:25.251+0000] {processor.py:809} INFO - DAG(s) dict_keys(['example_xcom']) retrieved from /home/airflow/.local/lib/python3.7/site-packages/airflow/example_dags/example_xcom.py
[2023-05-17T13:37:25.304+0000] {logging_mixin.py:149} INFO - [2023-05-17T13:37:25.303+0000] {dag.py:2726} INFO - Sync 1 DAGs
[2023-05-17T13:37:25.357+0000] {logging_mixin.py:149} INFO - [2023-05-17T13:37:25.357+0000] {dag.py:3490} INFO - Setting next_dagrun for example_xcom to 2021-01-01T00:00:00+00:00, run_after=2021-01-01T00:00:00+00:00
[2023-05-17T13:37:25.446+0000] {processor.py:178} INFO - Processing /home/airflow/.local/lib/python3.7/site-packages/airflow/example_dags/example_xcom.py took 0.221 seconds
[2023-05-17T13:37:56.367+0000] {processor.py:156} INFO - Started process (PID=358) to work on /home/airflow/.local/lib/python3.7/site-packages/airflow/example_dags/example_xcom.py
[2023-05-17T13:37:56.378+0000] {processor.py:799} INFO - Processing file /home/airflow/.local/lib/python3.7/site-packages/airflow/example_dags/example_xcom.py for tasks to queue
[2023-05-17T13:37:56.381+0000] {logging_mixin.py:149} INFO - [2023-05-17T13:37:56.381+0000] {dagbag.py:541} INFO - Filling up the DagBag from /home/airflow/.local/lib/python3.7/site-packages/airflow/example_dags/example_xcom.py
[2023-05-17T13:37:56.412+0000] {processor.py:809} INFO - DAG(s) dict_keys(['example_xcom']) retrieved from /home/airflow/.local/lib/python3.7/site-packages/airflow/example_dags/example_xcom.py
[2023-05-17T13:37:56.561+0000] {logging_mixin.py:149} INFO - [2023-05-17T13:37:56.560+0000] {dag.py:2726} INFO - Sync 1 DAGs
[2023-05-17T13:37:56.683+0000] {logging_mixin.py:149} INFO - [2023-05-17T13:37:56.683+0000] {dag.py:3490} INFO - Setting next_dagrun for example_xcom to 2021-01-01T00:00:00+00:00, run_after=2021-01-01T00:00:00+00:00
[2023-05-17T13:37:56.960+0000] {processor.py:178} INFO - Processing /home/airflow/.local/lib/python3.7/site-packages/airflow/example_dags/example_xcom.py took 0.605 seconds
[2023-05-17T13:38:27.416+0000] {processor.py:156} INFO - Started process (PID=416) to work on /home/airflow/.local/lib/python3.7/site-packages/airflow/example_dags/example_xcom.py
[2023-05-17T13:38:27.419+0000] {processor.py:799} INFO - Processing file /home/airflow/.local/lib/python3.7/site-packages/airflow/example_dags/example_xcom.py for tasks to queue
[2023-05-17T13:38:27.421+0000] {logging_mixin.py:149} INFO - [2023-05-17T13:38:27.421+0000] {dagbag.py:541} INFO - Filling up the DagBag from /home/airflow/.local/lib/python3.7/site-packages/airflow/example_dags/example_xcom.py
[2023-05-17T13:38:27.444+0000] {processor.py:809} INFO - DAG(s) dict_keys(['example_xcom']) retrieved from /home/airflow/.local/lib/python3.7/site-packages/airflow/example_dags/example_xcom.py
[2023-05-17T13:38:27.509+0000] {logging_mixin.py:149} INFO - [2023-05-17T13:38:27.509+0000] {dag.py:2726} INFO - Sync 1 DAGs
[2023-05-17T13:38:27.591+0000] {logging_mixin.py:149} INFO - [2023-05-17T13:38:27.590+0000] {dag.py:3490} INFO - Setting next_dagrun for example_xcom to 2021-01-01T00:00:00+00:00, run_after=2021-01-01T00:00:00+00:00
[2023-05-17T13:38:27.913+0000] {processor.py:178} INFO - Processing /home/airflow/.local/lib/python3.7/site-packages/airflow/example_dags/example_xcom.py took 0.508 seconds
[2023-05-17T13:38:58.193+0000] {processor.py:156} INFO - Started process (PID=475) to work on /home/airflow/.local/lib/python3.7/site-packages/airflow/example_dags/example_xcom.py
[2023-05-17T13:38:58.196+0000] {processor.py:799} INFO - Processing file /home/airflow/.local/lib/python3.7/site-packages/airflow/example_dags/example_xcom.py for tasks to queue
[2023-05-17T13:38:58.198+0000] {logging_mixin.py:149} INFO - [2023-05-17T13:38:58.198+0000] {dagbag.py:541} INFO - Filling up the DagBag from /home/airflow/.local/lib/python3.7/site-packages/airflow/example_dags/example_xcom.py
[2023-05-17T13:38:58.216+0000] {processor.py:809} INFO - DAG(s) dict_keys(['example_xcom']) retrieved from /home/airflow/.local/lib/python3.7/site-packages/airflow/example_dags/example_xcom.py
[2023-05-17T13:38:58.273+0000] {logging_mixin.py:149} INFO - [2023-05-17T13:38:58.273+0000] {dag.py:2726} INFO - Sync 1 DAGs
[2023-05-17T13:38:58.331+0000] {logging_mixin.py:149} INFO - [2023-05-17T13:38:58.330+0000] {dag.py:3490} INFO - Setting next_dagrun for example_xcom to 2021-01-01T00:00:00+00:00, run_after=2021-01-01T00:00:00+00:00
[2023-05-17T13:38:58.445+0000] {processor.py:178} INFO - Processing /home/airflow/.local/lib/python3.7/site-packages/airflow/example_dags/example_xcom.py took 0.259 seconds
[2023-05-17T13:39:29.428+0000] {processor.py:156} INFO - Started process (PID=534) to work on /home/airflow/.local/lib/python3.7/site-packages/airflow/example_dags/example_xcom.py
[2023-05-17T13:39:29.431+0000] {processor.py:799} INFO - Processing file /home/airflow/.local/lib/python3.7/site-packages/airflow/example_dags/example_xcom.py for tasks to queue
[2023-05-17T13:39:29.433+0000] {logging_mixin.py:149} INFO - [2023-05-17T13:39:29.432+0000] {dagbag.py:541} INFO - Filling up the DagBag from /home/airflow/.local/lib/python3.7/site-packages/airflow/example_dags/example_xcom.py
[2023-05-17T13:39:29.454+0000] {processor.py:809} INFO - DAG(s) dict_keys(['example_xcom']) retrieved from /home/airflow/.local/lib/python3.7/site-packages/airflow/example_dags/example_xcom.py
[2023-05-17T13:39:29.527+0000] {logging_mixin.py:149} INFO - [2023-05-17T13:39:29.527+0000] {dag.py:2726} INFO - Sync 1 DAGs
[2023-05-17T13:39:29.599+0000] {logging_mixin.py:149} INFO - [2023-05-17T13:39:29.598+0000] {dag.py:3490} INFO - Setting next_dagrun for example_xcom to 2021-01-01T00:00:00+00:00, run_after=2021-01-01T00:00:00+00:00
[2023-05-17T13:39:29.802+0000] {processor.py:178} INFO - Processing /home/airflow/.local/lib/python3.7/site-packages/airflow/example_dags/example_xcom.py took 0.383 seconds
[2023-05-17T13:40:00.387+0000] {processor.py:156} INFO - Started process (PID=592) to work on /home/airflow/.local/lib/python3.7/site-packages/airflow/example_dags/example_xcom.py
[2023-05-17T13:40:00.390+0000] {processor.py:799} INFO - Processing file /home/airflow/.local/lib/python3.7/site-packages/airflow/example_dags/example_xcom.py for tasks to queue
[2023-05-17T13:40:00.392+0000] {logging_mixin.py:149} INFO - [2023-05-17T13:40:00.392+0000] {dagbag.py:541} INFO - Filling up the DagBag from /home/airflow/.local/lib/python3.7/site-packages/airflow/example_dags/example_xcom.py
[2023-05-17T13:40:00.418+0000] {processor.py:809} INFO - DAG(s) dict_keys(['example_xcom']) retrieved from /home/airflow/.local/lib/python3.7/site-packages/airflow/example_dags/example_xcom.py
[2023-05-17T13:40:00.483+0000] {logging_mixin.py:149} INFO - [2023-05-17T13:40:00.483+0000] {dag.py:2726} INFO - Sync 1 DAGs
[2023-05-17T13:40:00.595+0000] {logging_mixin.py:149} INFO - [2023-05-17T13:40:00.594+0000] {dag.py:3490} INFO - Setting next_dagrun for example_xcom to 2021-01-01T00:00:00+00:00, run_after=2021-01-01T00:00:00+00:00
[2023-05-17T13:40:00.729+0000] {processor.py:178} INFO - Processing /home/airflow/.local/lib/python3.7/site-packages/airflow/example_dags/example_xcom.py took 0.353 seconds
