[2023-05-17T13:06:22.632+0000] {processor.py:156} INFO - Started process (PID=160) to work on /home/airflow/.local/lib/python3.7/site-packages/airflow/example_dags/example_latest_only_with_trigger.py
[2023-05-17T13:06:22.637+0000] {processor.py:799} INFO - Processing file /home/airflow/.local/lib/python3.7/site-packages/airflow/example_dags/example_latest_only_with_trigger.py for tasks to queue
[2023-05-17T13:06:22.957+0000] {logging_mixin.py:149} INFO - [2023-05-17T13:06:22.957+0000] {dagbag.py:541} INFO - Filling up the DagBag from /home/airflow/.local/lib/python3.7/site-packages/airflow/example_dags/example_latest_only_with_trigger.py
[2023-05-17T13:06:24.398+0000] {processor.py:809} INFO - DAG(s) dict_keys(['latest_only_with_trigger']) retrieved from /home/airflow/.local/lib/python3.7/site-packages/airflow/example_dags/example_latest_only_with_trigger.py
[2023-05-17T13:06:30.137+0000] {logging_mixin.py:149} INFO - [2023-05-17T13:06:30.137+0000] {manager.py:504} INFO - Created Permission View: can read on DAG:latest_only_with_trigger
[2023-05-17T13:06:31.511+0000] {logging_mixin.py:149} INFO - [2023-05-17T13:06:31.511+0000] {manager.py:504} INFO - Created Permission View: can edit on DAG:latest_only_with_trigger
[2023-05-17T13:06:31.870+0000] {logging_mixin.py:149} INFO - [2023-05-17T13:06:31.867+0000] {manager.py:504} INFO - Created Permission View: can delete on DAG:latest_only_with_trigger
[2023-05-17T13:06:32.046+0000] {logging_mixin.py:149} INFO - [2023-05-17T13:06:32.045+0000] {dag.py:2726} INFO - Sync 1 DAGs
[2023-05-17T13:06:33.025+0000] {logging_mixin.py:149} INFO - [2023-05-17T13:06:33.024+0000] {dag.py:2747} INFO - Creating ORM DAG for latest_only_with_trigger
[2023-05-17T13:06:33.471+0000] {logging_mixin.py:149} INFO - [2023-05-17T13:06:33.471+0000] {dag.py:3490} INFO - Setting next_dagrun for latest_only_with_trigger to 2023-05-17T09:06:33.470313+00:00, run_after=2023-05-17T13:06:33.470313+00:00
[2023-05-17T13:06:34.964+0000] {processor.py:178} INFO - Processing /home/airflow/.local/lib/python3.7/site-packages/airflow/example_dags/example_latest_only_with_trigger.py took 12.749 seconds
[2023-05-17T13:09:12.915+0000] {processor.py:156} INFO - Started process (PID=237) to work on /home/airflow/.local/lib/python3.7/site-packages/airflow/example_dags/example_latest_only_with_trigger.py
[2023-05-17T13:09:12.918+0000] {processor.py:799} INFO - Processing file /home/airflow/.local/lib/python3.7/site-packages/airflow/example_dags/example_latest_only_with_trigger.py for tasks to queue
[2023-05-17T13:09:12.920+0000] {logging_mixin.py:149} INFO - [2023-05-17T13:09:12.919+0000] {dagbag.py:541} INFO - Filling up the DagBag from /home/airflow/.local/lib/python3.7/site-packages/airflow/example_dags/example_latest_only_with_trigger.py
[2023-05-17T13:09:12.957+0000] {processor.py:809} INFO - DAG(s) dict_keys(['latest_only_with_trigger']) retrieved from /home/airflow/.local/lib/python3.7/site-packages/airflow/example_dags/example_latest_only_with_trigger.py
[2023-05-17T13:09:13.022+0000] {logging_mixin.py:149} INFO - [2023-05-17T13:09:13.021+0000] {dag.py:2726} INFO - Sync 1 DAGs
[2023-05-17T13:09:13.092+0000] {logging_mixin.py:149} INFO - [2023-05-17T13:09:13.092+0000] {dag.py:3490} INFO - Setting next_dagrun for latest_only_with_trigger to 2023-05-17T09:09:13.092108+00:00, run_after=2023-05-17T13:09:13.092108+00:00
[2023-05-17T13:09:13.298+0000] {processor.py:178} INFO - Processing /home/airflow/.local/lib/python3.7/site-packages/airflow/example_dags/example_latest_only_with_trigger.py took 0.392 seconds
[2023-05-17T13:09:44.939+0000] {processor.py:156} INFO - Started process (PID=294) to work on /home/airflow/.local/lib/python3.7/site-packages/airflow/example_dags/example_latest_only_with_trigger.py
[2023-05-17T13:09:44.943+0000] {processor.py:799} INFO - Processing file /home/airflow/.local/lib/python3.7/site-packages/airflow/example_dags/example_latest_only_with_trigger.py for tasks to queue
[2023-05-17T13:09:44.948+0000] {logging_mixin.py:149} INFO - [2023-05-17T13:09:44.947+0000] {dagbag.py:541} INFO - Filling up the DagBag from /home/airflow/.local/lib/python3.7/site-packages/airflow/example_dags/example_latest_only_with_trigger.py
[2023-05-17T13:09:44.999+0000] {processor.py:809} INFO - DAG(s) dict_keys(['latest_only_with_trigger']) retrieved from /home/airflow/.local/lib/python3.7/site-packages/airflow/example_dags/example_latest_only_with_trigger.py
[2023-05-17T13:09:45.151+0000] {logging_mixin.py:149} INFO - [2023-05-17T13:09:45.151+0000] {dag.py:2726} INFO - Sync 1 DAGs
[2023-05-17T13:09:45.256+0000] {logging_mixin.py:149} INFO - [2023-05-17T13:09:45.256+0000] {dag.py:3490} INFO - Setting next_dagrun for latest_only_with_trigger to 2023-05-17T09:09:45.255646+00:00, run_after=2023-05-17T13:09:45.255646+00:00
[2023-05-17T13:09:45.469+0000] {processor.py:178} INFO - Processing /home/airflow/.local/lib/python3.7/site-packages/airflow/example_dags/example_latest_only_with_trigger.py took 0.544 seconds
[2023-05-17T13:10:21.485+0000] {processor.py:156} INFO - Started process (PID=348) to work on /home/airflow/.local/lib/python3.7/site-packages/airflow/example_dags/example_latest_only_with_trigger.py
[2023-05-17T13:10:21.489+0000] {processor.py:799} INFO - Processing file /home/airflow/.local/lib/python3.7/site-packages/airflow/example_dags/example_latest_only_with_trigger.py for tasks to queue
[2023-05-17T13:10:21.493+0000] {logging_mixin.py:149} INFO - [2023-05-17T13:10:21.492+0000] {dagbag.py:541} INFO - Filling up the DagBag from /home/airflow/.local/lib/python3.7/site-packages/airflow/example_dags/example_latest_only_with_trigger.py
[2023-05-17T13:10:21.515+0000] {processor.py:809} INFO - DAG(s) dict_keys(['latest_only_with_trigger']) retrieved from /home/airflow/.local/lib/python3.7/site-packages/airflow/example_dags/example_latest_only_with_trigger.py
[2023-05-17T13:10:21.602+0000] {logging_mixin.py:149} INFO - [2023-05-17T13:10:21.601+0000] {dag.py:2726} INFO - Sync 1 DAGs
[2023-05-17T13:10:21.720+0000] {logging_mixin.py:149} INFO - [2023-05-17T13:10:21.719+0000] {dag.py:3490} INFO - Setting next_dagrun for latest_only_with_trigger to 2023-05-17T09:10:21.719254+00:00, run_after=2023-05-17T13:10:21.719254+00:00
[2023-05-17T13:10:22.109+0000] {processor.py:178} INFO - Processing /home/airflow/.local/lib/python3.7/site-packages/airflow/example_dags/example_latest_only_with_trigger.py took 0.636 seconds
[2023-05-17T13:11:03.696+0000] {processor.py:156} INFO - Started process (PID=411) to work on /home/airflow/.local/lib/python3.7/site-packages/airflow/example_dags/example_latest_only_with_trigger.py
[2023-05-17T13:11:03.700+0000] {processor.py:799} INFO - Processing file /home/airflow/.local/lib/python3.7/site-packages/airflow/example_dags/example_latest_only_with_trigger.py for tasks to queue
[2023-05-17T13:11:03.706+0000] {logging_mixin.py:149} INFO - [2023-05-17T13:11:03.705+0000] {dagbag.py:541} INFO - Filling up the DagBag from /home/airflow/.local/lib/python3.7/site-packages/airflow/example_dags/example_latest_only_with_trigger.py
[2023-05-17T13:11:03.742+0000] {processor.py:809} INFO - DAG(s) dict_keys(['latest_only_with_trigger']) retrieved from /home/airflow/.local/lib/python3.7/site-packages/airflow/example_dags/example_latest_only_with_trigger.py
[2023-05-17T13:11:03.873+0000] {logging_mixin.py:149} INFO - [2023-05-17T13:11:03.873+0000] {dag.py:2726} INFO - Sync 1 DAGs
[2023-05-17T13:11:03.954+0000] {logging_mixin.py:149} INFO - [2023-05-17T13:11:03.954+0000] {dag.py:3490} INFO - Setting next_dagrun for latest_only_with_trigger to 2023-05-17T09:11:03.953768+00:00, run_after=2023-05-17T13:11:03.953768+00:00
[2023-05-17T13:11:04.144+0000] {processor.py:178} INFO - Processing /home/airflow/.local/lib/python3.7/site-packages/airflow/example_dags/example_latest_only_with_trigger.py took 0.462 seconds
[2023-05-17T13:11:35.392+0000] {processor.py:156} INFO - Started process (PID=464) to work on /home/airflow/.local/lib/python3.7/site-packages/airflow/example_dags/example_latest_only_with_trigger.py
[2023-05-17T13:11:35.396+0000] {processor.py:799} INFO - Processing file /home/airflow/.local/lib/python3.7/site-packages/airflow/example_dags/example_latest_only_with_trigger.py for tasks to queue
[2023-05-17T13:11:35.402+0000] {logging_mixin.py:149} INFO - [2023-05-17T13:11:35.400+0000] {dagbag.py:541} INFO - Filling up the DagBag from /home/airflow/.local/lib/python3.7/site-packages/airflow/example_dags/example_latest_only_with_trigger.py
[2023-05-17T13:11:35.435+0000] {processor.py:809} INFO - DAG(s) dict_keys(['latest_only_with_trigger']) retrieved from /home/airflow/.local/lib/python3.7/site-packages/airflow/example_dags/example_latest_only_with_trigger.py
[2023-05-17T13:11:35.551+0000] {logging_mixin.py:149} INFO - [2023-05-17T13:11:35.551+0000] {dag.py:2726} INFO - Sync 1 DAGs
[2023-05-17T13:11:35.652+0000] {logging_mixin.py:149} INFO - [2023-05-17T13:11:35.651+0000] {dag.py:3490} INFO - Setting next_dagrun for latest_only_with_trigger to 2023-05-17T09:11:35.648417+00:00, run_after=2023-05-17T13:11:35.648417+00:00
[2023-05-17T13:11:36.124+0000] {processor.py:178} INFO - Processing /home/airflow/.local/lib/python3.7/site-packages/airflow/example_dags/example_latest_only_with_trigger.py took 0.741 seconds
[2023-05-17T13:12:07.065+0000] {processor.py:156} INFO - Started process (PID=522) to work on /home/airflow/.local/lib/python3.7/site-packages/airflow/example_dags/example_latest_only_with_trigger.py
[2023-05-17T13:12:07.089+0000] {processor.py:799} INFO - Processing file /home/airflow/.local/lib/python3.7/site-packages/airflow/example_dags/example_latest_only_with_trigger.py for tasks to queue
[2023-05-17T13:12:07.094+0000] {logging_mixin.py:149} INFO - [2023-05-17T13:12:07.093+0000] {dagbag.py:541} INFO - Filling up the DagBag from /home/airflow/.local/lib/python3.7/site-packages/airflow/example_dags/example_latest_only_with_trigger.py
[2023-05-17T13:12:07.131+0000] {processor.py:809} INFO - DAG(s) dict_keys(['latest_only_with_trigger']) retrieved from /home/airflow/.local/lib/python3.7/site-packages/airflow/example_dags/example_latest_only_with_trigger.py
[2023-05-17T13:12:07.341+0000] {logging_mixin.py:149} INFO - [2023-05-17T13:12:07.340+0000] {dag.py:2726} INFO - Sync 1 DAGs
[2023-05-17T13:12:07.451+0000] {logging_mixin.py:149} INFO - [2023-05-17T13:12:07.450+0000] {dag.py:3490} INFO - Setting next_dagrun for latest_only_with_trigger to 2023-05-17T09:12:07.450158+00:00, run_after=2023-05-17T13:12:07.450158+00:00
[2023-05-17T13:12:07.642+0000] {processor.py:178} INFO - Processing /home/airflow/.local/lib/python3.7/site-packages/airflow/example_dags/example_latest_only_with_trigger.py took 0.589 seconds
[2023-05-17T13:12:48.237+0000] {processor.py:156} INFO - Started process (PID=584) to work on /home/airflow/.local/lib/python3.7/site-packages/airflow/example_dags/example_latest_only_with_trigger.py
[2023-05-17T13:12:48.240+0000] {processor.py:799} INFO - Processing file /home/airflow/.local/lib/python3.7/site-packages/airflow/example_dags/example_latest_only_with_trigger.py for tasks to queue
[2023-05-17T13:12:48.241+0000] {logging_mixin.py:149} INFO - [2023-05-17T13:12:48.241+0000] {dagbag.py:541} INFO - Filling up the DagBag from /home/airflow/.local/lib/python3.7/site-packages/airflow/example_dags/example_latest_only_with_trigger.py
[2023-05-17T13:12:48.255+0000] {processor.py:809} INFO - DAG(s) dict_keys(['latest_only_with_trigger']) retrieved from /home/airflow/.local/lib/python3.7/site-packages/airflow/example_dags/example_latest_only_with_trigger.py
[2023-05-17T13:12:48.303+0000] {logging_mixin.py:149} INFO - [2023-05-17T13:12:48.302+0000] {dag.py:2726} INFO - Sync 1 DAGs
[2023-05-17T13:12:48.355+0000] {logging_mixin.py:149} INFO - [2023-05-17T13:12:48.354+0000] {dag.py:3490} INFO - Setting next_dagrun for latest_only_with_trigger to 2023-05-17T09:12:48.354355+00:00, run_after=2023-05-17T13:12:48.354355+00:00
[2023-05-17T13:12:48.656+0000] {processor.py:178} INFO - Processing /home/airflow/.local/lib/python3.7/site-packages/airflow/example_dags/example_latest_only_with_trigger.py took 0.425 seconds
[2023-05-17T13:13:29.662+0000] {processor.py:156} INFO - Started process (PID=642) to work on /home/airflow/.local/lib/python3.7/site-packages/airflow/example_dags/example_latest_only_with_trigger.py
[2023-05-17T13:13:29.664+0000] {processor.py:799} INFO - Processing file /home/airflow/.local/lib/python3.7/site-packages/airflow/example_dags/example_latest_only_with_trigger.py for tasks to queue
[2023-05-17T13:13:29.666+0000] {logging_mixin.py:149} INFO - [2023-05-17T13:13:29.666+0000] {dagbag.py:541} INFO - Filling up the DagBag from /home/airflow/.local/lib/python3.7/site-packages/airflow/example_dags/example_latest_only_with_trigger.py
[2023-05-17T13:13:29.683+0000] {processor.py:809} INFO - DAG(s) dict_keys(['latest_only_with_trigger']) retrieved from /home/airflow/.local/lib/python3.7/site-packages/airflow/example_dags/example_latest_only_with_trigger.py
[2023-05-17T13:13:29.779+0000] {logging_mixin.py:149} INFO - [2023-05-17T13:13:29.778+0000] {dag.py:2726} INFO - Sync 1 DAGs
[2023-05-17T13:13:29.861+0000] {logging_mixin.py:149} INFO - [2023-05-17T13:13:29.861+0000] {dag.py:3490} INFO - Setting next_dagrun for latest_only_with_trigger to 2023-05-17T09:13:29.861260+00:00, run_after=2023-05-17T13:13:29.861260+00:00
[2023-05-17T13:13:30.212+0000] {processor.py:178} INFO - Processing /home/airflow/.local/lib/python3.7/site-packages/airflow/example_dags/example_latest_only_with_trigger.py took 0.561 seconds
[2023-05-17T13:14:00.577+0000] {processor.py:156} INFO - Started process (PID=701) to work on /home/airflow/.local/lib/python3.7/site-packages/airflow/example_dags/example_latest_only_with_trigger.py
[2023-05-17T13:14:00.579+0000] {processor.py:799} INFO - Processing file /home/airflow/.local/lib/python3.7/site-packages/airflow/example_dags/example_latest_only_with_trigger.py for tasks to queue
[2023-05-17T13:14:00.583+0000] {logging_mixin.py:149} INFO - [2023-05-17T13:14:00.582+0000] {dagbag.py:541} INFO - Filling up the DagBag from /home/airflow/.local/lib/python3.7/site-packages/airflow/example_dags/example_latest_only_with_trigger.py
[2023-05-17T13:14:00.595+0000] {processor.py:809} INFO - DAG(s) dict_keys(['latest_only_with_trigger']) retrieved from /home/airflow/.local/lib/python3.7/site-packages/airflow/example_dags/example_latest_only_with_trigger.py
[2023-05-17T13:14:00.650+0000] {logging_mixin.py:149} INFO - [2023-05-17T13:14:00.650+0000] {dag.py:2726} INFO - Sync 1 DAGs
[2023-05-17T13:14:00.706+0000] {logging_mixin.py:149} INFO - [2023-05-17T13:14:00.705+0000] {dag.py:3490} INFO - Setting next_dagrun for latest_only_with_trigger to 2023-05-17T09:14:00.705307+00:00, run_after=2023-05-17T13:14:00.705307+00:00
[2023-05-17T13:14:00.850+0000] {processor.py:178} INFO - Processing /home/airflow/.local/lib/python3.7/site-packages/airflow/example_dags/example_latest_only_with_trigger.py took 0.279 seconds
[2023-05-17T13:15:15.057+0000] {processor.py:156} INFO - Started process (PID=764) to work on /home/airflow/.local/lib/python3.7/site-packages/airflow/example_dags/example_latest_only_with_trigger.py
[2023-05-17T13:15:15.127+0000] {processor.py:799} INFO - Processing file /home/airflow/.local/lib/python3.7/site-packages/airflow/example_dags/example_latest_only_with_trigger.py for tasks to queue
[2023-05-17T13:15:15.130+0000] {logging_mixin.py:149} INFO - [2023-05-17T13:15:15.130+0000] {dagbag.py:541} INFO - Filling up the DagBag from /home/airflow/.local/lib/python3.7/site-packages/airflow/example_dags/example_latest_only_with_trigger.py
[2023-05-17T13:15:15.146+0000] {processor.py:809} INFO - DAG(s) dict_keys(['latest_only_with_trigger']) retrieved from /home/airflow/.local/lib/python3.7/site-packages/airflow/example_dags/example_latest_only_with_trigger.py
[2023-05-17T13:15:15.210+0000] {logging_mixin.py:149} INFO - [2023-05-17T13:15:15.210+0000] {dag.py:2726} INFO - Sync 1 DAGs
[2023-05-17T13:15:15.275+0000] {logging_mixin.py:149} INFO - [2023-05-17T13:15:15.274+0000] {dag.py:3490} INFO - Setting next_dagrun for latest_only_with_trigger to 2023-05-17T09:15:15.274161+00:00, run_after=2023-05-17T13:15:15.274161+00:00
[2023-05-17T13:15:15.926+0000] {processor.py:178} INFO - Processing /home/airflow/.local/lib/python3.7/site-packages/airflow/example_dags/example_latest_only_with_trigger.py took 0.875 seconds
[2023-05-17T13:15:46.034+0000] {processor.py:156} INFO - Started process (PID=822) to work on /home/airflow/.local/lib/python3.7/site-packages/airflow/example_dags/example_latest_only_with_trigger.py
[2023-05-17T13:15:46.036+0000] {processor.py:799} INFO - Processing file /home/airflow/.local/lib/python3.7/site-packages/airflow/example_dags/example_latest_only_with_trigger.py for tasks to queue
[2023-05-17T13:15:46.038+0000] {logging_mixin.py:149} INFO - [2023-05-17T13:15:46.038+0000] {dagbag.py:541} INFO - Filling up the DagBag from /home/airflow/.local/lib/python3.7/site-packages/airflow/example_dags/example_latest_only_with_trigger.py
[2023-05-17T13:15:46.049+0000] {processor.py:809} INFO - DAG(s) dict_keys(['latest_only_with_trigger']) retrieved from /home/airflow/.local/lib/python3.7/site-packages/airflow/example_dags/example_latest_only_with_trigger.py
[2023-05-17T13:15:46.092+0000] {logging_mixin.py:149} INFO - [2023-05-17T13:15:46.092+0000] {dag.py:2726} INFO - Sync 1 DAGs
[2023-05-17T13:15:46.156+0000] {logging_mixin.py:149} INFO - [2023-05-17T13:15:46.156+0000] {dag.py:3490} INFO - Setting next_dagrun for latest_only_with_trigger to 2023-05-17T09:15:46.153578+00:00, run_after=2023-05-17T13:15:46.153578+00:00
[2023-05-17T13:15:46.296+0000] {processor.py:178} INFO - Processing /home/airflow/.local/lib/python3.7/site-packages/airflow/example_dags/example_latest_only_with_trigger.py took 0.268 seconds
[2023-05-17T13:16:16.782+0000] {processor.py:156} INFO - Started process (PID=880) to work on /home/airflow/.local/lib/python3.7/site-packages/airflow/example_dags/example_latest_only_with_trigger.py
[2023-05-17T13:16:16.787+0000] {processor.py:799} INFO - Processing file /home/airflow/.local/lib/python3.7/site-packages/airflow/example_dags/example_latest_only_with_trigger.py for tasks to queue
[2023-05-17T13:16:16.789+0000] {logging_mixin.py:149} INFO - [2023-05-17T13:16:16.789+0000] {dagbag.py:541} INFO - Filling up the DagBag from /home/airflow/.local/lib/python3.7/site-packages/airflow/example_dags/example_latest_only_with_trigger.py
[2023-05-17T13:16:16.804+0000] {processor.py:809} INFO - DAG(s) dict_keys(['latest_only_with_trigger']) retrieved from /home/airflow/.local/lib/python3.7/site-packages/airflow/example_dags/example_latest_only_with_trigger.py
[2023-05-17T13:16:16.885+0000] {logging_mixin.py:149} INFO - [2023-05-17T13:16:16.884+0000] {dag.py:2726} INFO - Sync 1 DAGs
[2023-05-17T13:16:17.048+0000] {logging_mixin.py:149} INFO - [2023-05-17T13:16:17.048+0000] {dag.py:3490} INFO - Setting next_dagrun for latest_only_with_trigger to 2023-05-17T09:16:17.047917+00:00, run_after=2023-05-17T13:16:17.047917+00:00
[2023-05-17T13:16:17.278+0000] {processor.py:178} INFO - Processing /home/airflow/.local/lib/python3.7/site-packages/airflow/example_dags/example_latest_only_with_trigger.py took 0.502 seconds
[2023-05-17T13:16:47.819+0000] {processor.py:156} INFO - Started process (PID=938) to work on /home/airflow/.local/lib/python3.7/site-packages/airflow/example_dags/example_latest_only_with_trigger.py
[2023-05-17T13:16:47.822+0000] {processor.py:799} INFO - Processing file /home/airflow/.local/lib/python3.7/site-packages/airflow/example_dags/example_latest_only_with_trigger.py for tasks to queue
[2023-05-17T13:16:47.824+0000] {logging_mixin.py:149} INFO - [2023-05-17T13:16:47.824+0000] {dagbag.py:541} INFO - Filling up the DagBag from /home/airflow/.local/lib/python3.7/site-packages/airflow/example_dags/example_latest_only_with_trigger.py
[2023-05-17T13:16:47.845+0000] {processor.py:809} INFO - DAG(s) dict_keys(['latest_only_with_trigger']) retrieved from /home/airflow/.local/lib/python3.7/site-packages/airflow/example_dags/example_latest_only_with_trigger.py
[2023-05-17T13:16:47.924+0000] {logging_mixin.py:149} INFO - [2023-05-17T13:16:47.923+0000] {dag.py:2726} INFO - Sync 1 DAGs
[2023-05-17T13:16:48.003+0000] {logging_mixin.py:149} INFO - [2023-05-17T13:16:48.003+0000] {dag.py:3490} INFO - Setting next_dagrun for latest_only_with_trigger to 2023-05-17T09:16:48.002542+00:00, run_after=2023-05-17T13:16:48.002542+00:00
[2023-05-17T13:16:48.217+0000] {processor.py:178} INFO - Processing /home/airflow/.local/lib/python3.7/site-packages/airflow/example_dags/example_latest_only_with_trigger.py took 0.428 seconds
[2023-05-17T13:17:24.357+0000] {processor.py:156} INFO - Started process (PID=997) to work on /home/airflow/.local/lib/python3.7/site-packages/airflow/example_dags/example_latest_only_with_trigger.py
[2023-05-17T13:17:24.359+0000] {processor.py:799} INFO - Processing file /home/airflow/.local/lib/python3.7/site-packages/airflow/example_dags/example_latest_only_with_trigger.py for tasks to queue
[2023-05-17T13:17:24.362+0000] {logging_mixin.py:149} INFO - [2023-05-17T13:17:24.362+0000] {dagbag.py:541} INFO - Filling up the DagBag from /home/airflow/.local/lib/python3.7/site-packages/airflow/example_dags/example_latest_only_with_trigger.py
[2023-05-17T13:17:24.378+0000] {processor.py:809} INFO - DAG(s) dict_keys(['latest_only_with_trigger']) retrieved from /home/airflow/.local/lib/python3.7/site-packages/airflow/example_dags/example_latest_only_with_trigger.py
[2023-05-17T13:17:24.431+0000] {logging_mixin.py:149} INFO - [2023-05-17T13:17:24.431+0000] {dag.py:2726} INFO - Sync 1 DAGs
[2023-05-17T13:17:24.504+0000] {logging_mixin.py:149} INFO - [2023-05-17T13:17:24.504+0000] {dag.py:3490} INFO - Setting next_dagrun for latest_only_with_trigger to 2023-05-17T09:17:24.503459+00:00, run_after=2023-05-17T13:17:24.503459+00:00
[2023-05-17T13:17:24.778+0000] {processor.py:178} INFO - Processing /home/airflow/.local/lib/python3.7/site-packages/airflow/example_dags/example_latest_only_with_trigger.py took 0.428 seconds
[2023-05-17T13:18:15.246+0000] {processor.py:156} INFO - Started process (PID=1058) to work on /home/airflow/.local/lib/python3.7/site-packages/airflow/example_dags/example_latest_only_with_trigger.py
[2023-05-17T13:18:15.249+0000] {processor.py:799} INFO - Processing file /home/airflow/.local/lib/python3.7/site-packages/airflow/example_dags/example_latest_only_with_trigger.py for tasks to queue
[2023-05-17T13:18:15.252+0000] {logging_mixin.py:149} INFO - [2023-05-17T13:18:15.252+0000] {dagbag.py:541} INFO - Filling up the DagBag from /home/airflow/.local/lib/python3.7/site-packages/airflow/example_dags/example_latest_only_with_trigger.py
[2023-05-17T13:18:15.265+0000] {processor.py:809} INFO - DAG(s) dict_keys(['latest_only_with_trigger']) retrieved from /home/airflow/.local/lib/python3.7/site-packages/airflow/example_dags/example_latest_only_with_trigger.py
[2023-05-17T13:18:15.314+0000] {logging_mixin.py:149} INFO - [2023-05-17T13:18:15.314+0000] {dag.py:2726} INFO - Sync 1 DAGs
[2023-05-17T13:18:15.368+0000] {logging_mixin.py:149} INFO - [2023-05-17T13:18:15.368+0000] {dag.py:3490} INFO - Setting next_dagrun for latest_only_with_trigger to 2023-05-17T09:18:15.367827+00:00, run_after=2023-05-17T13:18:15.367827+00:00
[2023-05-17T13:18:16.167+0000] {processor.py:178} INFO - Processing /home/airflow/.local/lib/python3.7/site-packages/airflow/example_dags/example_latest_only_with_trigger.py took 0.930 seconds
[2023-05-17T13:18:52.539+0000] {processor.py:156} INFO - Started process (PID=1114) to work on /home/airflow/.local/lib/python3.7/site-packages/airflow/example_dags/example_latest_only_with_trigger.py
[2023-05-17T13:18:52.542+0000] {processor.py:799} INFO - Processing file /home/airflow/.local/lib/python3.7/site-packages/airflow/example_dags/example_latest_only_with_trigger.py for tasks to queue
[2023-05-17T13:18:52.546+0000] {logging_mixin.py:149} INFO - [2023-05-17T13:18:52.546+0000] {dagbag.py:541} INFO - Filling up the DagBag from /home/airflow/.local/lib/python3.7/site-packages/airflow/example_dags/example_latest_only_with_trigger.py
[2023-05-17T13:18:52.573+0000] {processor.py:809} INFO - DAG(s) dict_keys(['latest_only_with_trigger']) retrieved from /home/airflow/.local/lib/python3.7/site-packages/airflow/example_dags/example_latest_only_with_trigger.py
[2023-05-17T13:18:52.648+0000] {logging_mixin.py:149} INFO - [2023-05-17T13:18:52.648+0000] {dag.py:2726} INFO - Sync 1 DAGs
[2023-05-17T13:18:52.754+0000] {logging_mixin.py:149} INFO - [2023-05-17T13:18:52.753+0000] {dag.py:3490} INFO - Setting next_dagrun for latest_only_with_trigger to 2023-05-17T09:18:52.753523+00:00, run_after=2023-05-17T13:18:52.753523+00:00
[2023-05-17T13:18:52.899+0000] {processor.py:178} INFO - Processing /home/airflow/.local/lib/python3.7/site-packages/airflow/example_dags/example_latest_only_with_trigger.py took 0.377 seconds
[2023-05-17T13:19:26.252+0000] {processor.py:156} INFO - Started process (PID=1173) to work on /home/airflow/.local/lib/python3.7/site-packages/airflow/example_dags/example_latest_only_with_trigger.py
[2023-05-17T13:19:26.255+0000] {processor.py:799} INFO - Processing file /home/airflow/.local/lib/python3.7/site-packages/airflow/example_dags/example_latest_only_with_trigger.py for tasks to queue
[2023-05-17T13:19:26.258+0000] {logging_mixin.py:149} INFO - [2023-05-17T13:19:26.258+0000] {dagbag.py:541} INFO - Filling up the DagBag from /home/airflow/.local/lib/python3.7/site-packages/airflow/example_dags/example_latest_only_with_trigger.py
[2023-05-17T13:19:26.277+0000] {processor.py:809} INFO - DAG(s) dict_keys(['latest_only_with_trigger']) retrieved from /home/airflow/.local/lib/python3.7/site-packages/airflow/example_dags/example_latest_only_with_trigger.py
[2023-05-17T13:19:26.334+0000] {logging_mixin.py:149} INFO - [2023-05-17T13:19:26.334+0000] {dag.py:2726} INFO - Sync 1 DAGs
[2023-05-17T13:19:26.391+0000] {logging_mixin.py:149} INFO - [2023-05-17T13:19:26.390+0000] {dag.py:3490} INFO - Setting next_dagrun for latest_only_with_trigger to 2023-05-17T09:19:26.390358+00:00, run_after=2023-05-17T13:19:26.390358+00:00
[2023-05-17T13:19:26.763+0000] {processor.py:178} INFO - Processing /home/airflow/.local/lib/python3.7/site-packages/airflow/example_dags/example_latest_only_with_trigger.py took 0.517 seconds
[2023-05-17T13:19:59.026+0000] {processor.py:156} INFO - Started process (PID=1231) to work on /home/airflow/.local/lib/python3.7/site-packages/airflow/example_dags/example_latest_only_with_trigger.py
[2023-05-17T13:19:59.028+0000] {processor.py:799} INFO - Processing file /home/airflow/.local/lib/python3.7/site-packages/airflow/example_dags/example_latest_only_with_trigger.py for tasks to queue
[2023-05-17T13:19:59.032+0000] {logging_mixin.py:149} INFO - [2023-05-17T13:19:59.032+0000] {dagbag.py:541} INFO - Filling up the DagBag from /home/airflow/.local/lib/python3.7/site-packages/airflow/example_dags/example_latest_only_with_trigger.py
[2023-05-17T13:19:59.086+0000] {processor.py:809} INFO - DAG(s) dict_keys(['latest_only_with_trigger']) retrieved from /home/airflow/.local/lib/python3.7/site-packages/airflow/example_dags/example_latest_only_with_trigger.py
[2023-05-17T13:19:59.250+0000] {logging_mixin.py:149} INFO - [2023-05-17T13:19:59.250+0000] {dag.py:2726} INFO - Sync 1 DAGs
[2023-05-17T13:19:59.482+0000] {logging_mixin.py:149} INFO - [2023-05-17T13:19:59.482+0000] {dag.py:3490} INFO - Setting next_dagrun for latest_only_with_trigger to 2023-05-17T09:19:59.481945+00:00, run_after=2023-05-17T13:19:59.481945+00:00
[2023-05-17T13:20:00.337+0000] {processor.py:178} INFO - Processing /home/airflow/.local/lib/python3.7/site-packages/airflow/example_dags/example_latest_only_with_trigger.py took 1.327 seconds
[2023-05-17T13:20:30.468+0000] {processor.py:156} INFO - Started process (PID=1290) to work on /home/airflow/.local/lib/python3.7/site-packages/airflow/example_dags/example_latest_only_with_trigger.py
[2023-05-17T13:20:30.474+0000] {processor.py:799} INFO - Processing file /home/airflow/.local/lib/python3.7/site-packages/airflow/example_dags/example_latest_only_with_trigger.py for tasks to queue
[2023-05-17T13:20:30.485+0000] {logging_mixin.py:149} INFO - [2023-05-17T13:20:30.484+0000] {dagbag.py:541} INFO - Filling up the DagBag from /home/airflow/.local/lib/python3.7/site-packages/airflow/example_dags/example_latest_only_with_trigger.py
[2023-05-17T13:20:30.525+0000] {processor.py:809} INFO - DAG(s) dict_keys(['latest_only_with_trigger']) retrieved from /home/airflow/.local/lib/python3.7/site-packages/airflow/example_dags/example_latest_only_with_trigger.py
[2023-05-17T13:20:30.681+0000] {logging_mixin.py:149} INFO - [2023-05-17T13:20:30.680+0000] {dag.py:2726} INFO - Sync 1 DAGs
[2023-05-17T13:20:30.849+0000] {logging_mixin.py:149} INFO - [2023-05-17T13:20:30.848+0000] {dag.py:3490} INFO - Setting next_dagrun for latest_only_with_trigger to 2023-05-17T09:20:30.848006+00:00, run_after=2023-05-17T13:20:30.848006+00:00
[2023-05-17T13:20:31.060+0000] {processor.py:178} INFO - Processing /home/airflow/.local/lib/python3.7/site-packages/airflow/example_dags/example_latest_only_with_trigger.py took 0.600 seconds
[2023-05-17T13:21:01.216+0000] {processor.py:156} INFO - Started process (PID=1348) to work on /home/airflow/.local/lib/python3.7/site-packages/airflow/example_dags/example_latest_only_with_trigger.py
[2023-05-17T13:21:01.218+0000] {processor.py:799} INFO - Processing file /home/airflow/.local/lib/python3.7/site-packages/airflow/example_dags/example_latest_only_with_trigger.py for tasks to queue
[2023-05-17T13:21:01.220+0000] {logging_mixin.py:149} INFO - [2023-05-17T13:21:01.220+0000] {dagbag.py:541} INFO - Filling up the DagBag from /home/airflow/.local/lib/python3.7/site-packages/airflow/example_dags/example_latest_only_with_trigger.py
[2023-05-17T13:21:01.240+0000] {processor.py:809} INFO - DAG(s) dict_keys(['latest_only_with_trigger']) retrieved from /home/airflow/.local/lib/python3.7/site-packages/airflow/example_dags/example_latest_only_with_trigger.py
[2023-05-17T13:21:01.304+0000] {logging_mixin.py:149} INFO - [2023-05-17T13:21:01.304+0000] {dag.py:2726} INFO - Sync 1 DAGs
[2023-05-17T13:21:01.380+0000] {logging_mixin.py:149} INFO - [2023-05-17T13:21:01.380+0000] {dag.py:3490} INFO - Setting next_dagrun for latest_only_with_trigger to 2023-05-17T09:21:01.379785+00:00, run_after=2023-05-17T13:21:01.379785+00:00
[2023-05-17T13:21:02.267+0000] {processor.py:178} INFO - Processing /home/airflow/.local/lib/python3.7/site-packages/airflow/example_dags/example_latest_only_with_trigger.py took 1.060 seconds
[2023-05-17T13:21:34.420+0000] {processor.py:156} INFO - Started process (PID=1405) to work on /home/airflow/.local/lib/python3.7/site-packages/airflow/example_dags/example_latest_only_with_trigger.py
[2023-05-17T13:21:34.423+0000] {processor.py:799} INFO - Processing file /home/airflow/.local/lib/python3.7/site-packages/airflow/example_dags/example_latest_only_with_trigger.py for tasks to queue
[2023-05-17T13:21:34.428+0000] {logging_mixin.py:149} INFO - [2023-05-17T13:21:34.428+0000] {dagbag.py:541} INFO - Filling up the DagBag from /home/airflow/.local/lib/python3.7/site-packages/airflow/example_dags/example_latest_only_with_trigger.py
[2023-05-17T13:21:34.450+0000] {processor.py:809} INFO - DAG(s) dict_keys(['latest_only_with_trigger']) retrieved from /home/airflow/.local/lib/python3.7/site-packages/airflow/example_dags/example_latest_only_with_trigger.py
[2023-05-17T13:21:34.593+0000] {logging_mixin.py:149} INFO - [2023-05-17T13:21:34.592+0000] {dag.py:2726} INFO - Sync 1 DAGs
[2023-05-17T13:21:34.687+0000] {logging_mixin.py:149} INFO - [2023-05-17T13:21:34.686+0000] {dag.py:3490} INFO - Setting next_dagrun for latest_only_with_trigger to 2023-05-17T09:21:34.685889+00:00, run_after=2023-05-17T13:21:34.685889+00:00
[2023-05-17T13:21:34.912+0000] {processor.py:178} INFO - Processing /home/airflow/.local/lib/python3.7/site-packages/airflow/example_dags/example_latest_only_with_trigger.py took 0.502 seconds
[2023-05-17T13:22:09.221+0000] {processor.py:156} INFO - Started process (PID=1460) to work on /home/airflow/.local/lib/python3.7/site-packages/airflow/example_dags/example_latest_only_with_trigger.py
[2023-05-17T13:22:09.228+0000] {processor.py:799} INFO - Processing file /home/airflow/.local/lib/python3.7/site-packages/airflow/example_dags/example_latest_only_with_trigger.py for tasks to queue
[2023-05-17T13:22:09.232+0000] {logging_mixin.py:149} INFO - [2023-05-17T13:22:09.232+0000] {dagbag.py:541} INFO - Filling up the DagBag from /home/airflow/.local/lib/python3.7/site-packages/airflow/example_dags/example_latest_only_with_trigger.py
[2023-05-17T13:22:09.268+0000] {processor.py:809} INFO - DAG(s) dict_keys(['latest_only_with_trigger']) retrieved from /home/airflow/.local/lib/python3.7/site-packages/airflow/example_dags/example_latest_only_with_trigger.py
[2023-05-17T13:22:09.333+0000] {logging_mixin.py:149} INFO - [2023-05-17T13:22:09.333+0000] {dag.py:2726} INFO - Sync 1 DAGs
[2023-05-17T13:22:09.462+0000] {logging_mixin.py:149} INFO - [2023-05-17T13:22:09.461+0000] {dag.py:3490} INFO - Setting next_dagrun for latest_only_with_trigger to 2023-05-17T09:22:09.460555+00:00, run_after=2023-05-17T13:22:09.460555+00:00
[2023-05-17T13:22:09.772+0000] {processor.py:178} INFO - Processing /home/airflow/.local/lib/python3.7/site-packages/airflow/example_dags/example_latest_only_with_trigger.py took 0.569 seconds
[2023-05-17T13:23:11.120+0000] {processor.py:156} INFO - Started process (PID=1528) to work on /home/airflow/.local/lib/python3.7/site-packages/airflow/example_dags/example_latest_only_with_trigger.py
[2023-05-17T13:23:11.124+0000] {processor.py:799} INFO - Processing file /home/airflow/.local/lib/python3.7/site-packages/airflow/example_dags/example_latest_only_with_trigger.py for tasks to queue
[2023-05-17T13:23:11.127+0000] {logging_mixin.py:149} INFO - [2023-05-17T13:23:11.126+0000] {dagbag.py:541} INFO - Filling up the DagBag from /home/airflow/.local/lib/python3.7/site-packages/airflow/example_dags/example_latest_only_with_trigger.py
[2023-05-17T13:23:11.142+0000] {processor.py:809} INFO - DAG(s) dict_keys(['latest_only_with_trigger']) retrieved from /home/airflow/.local/lib/python3.7/site-packages/airflow/example_dags/example_latest_only_with_trigger.py
[2023-05-17T13:23:11.210+0000] {logging_mixin.py:149} INFO - [2023-05-17T13:23:11.209+0000] {dag.py:2726} INFO - Sync 1 DAGs
[2023-05-17T13:23:11.281+0000] {logging_mixin.py:149} INFO - [2023-05-17T13:23:11.281+0000] {dag.py:3490} INFO - Setting next_dagrun for latest_only_with_trigger to 2023-05-17T09:23:11.280628+00:00, run_after=2023-05-17T13:23:11.280628+00:00
[2023-05-17T13:23:12.054+0000] {processor.py:178} INFO - Processing /home/airflow/.local/lib/python3.7/site-packages/airflow/example_dags/example_latest_only_with_trigger.py took 0.942 seconds
[2023-05-17T13:23:42.405+0000] {processor.py:156} INFO - Started process (PID=1585) to work on /home/airflow/.local/lib/python3.7/site-packages/airflow/example_dags/example_latest_only_with_trigger.py
[2023-05-17T13:23:42.408+0000] {processor.py:799} INFO - Processing file /home/airflow/.local/lib/python3.7/site-packages/airflow/example_dags/example_latest_only_with_trigger.py for tasks to queue
[2023-05-17T13:23:42.410+0000] {logging_mixin.py:149} INFO - [2023-05-17T13:23:42.410+0000] {dagbag.py:541} INFO - Filling up the DagBag from /home/airflow/.local/lib/python3.7/site-packages/airflow/example_dags/example_latest_only_with_trigger.py
[2023-05-17T13:23:42.428+0000] {processor.py:809} INFO - DAG(s) dict_keys(['latest_only_with_trigger']) retrieved from /home/airflow/.local/lib/python3.7/site-packages/airflow/example_dags/example_latest_only_with_trigger.py
[2023-05-17T13:23:42.548+0000] {logging_mixin.py:149} INFO - [2023-05-17T13:23:42.547+0000] {dag.py:2726} INFO - Sync 1 DAGs
[2023-05-17T13:23:42.620+0000] {logging_mixin.py:149} INFO - [2023-05-17T13:23:42.618+0000] {dag.py:3490} INFO - Setting next_dagrun for latest_only_with_trigger to 2023-05-17T09:23:42.616886+00:00, run_after=2023-05-17T13:23:42.616886+00:00
[2023-05-17T13:23:42.826+0000] {processor.py:178} INFO - Processing /home/airflow/.local/lib/python3.7/site-packages/airflow/example_dags/example_latest_only_with_trigger.py took 0.433 seconds
[2023-05-17T13:24:12.990+0000] {processor.py:156} INFO - Started process (PID=1644) to work on /home/airflow/.local/lib/python3.7/site-packages/airflow/example_dags/example_latest_only_with_trigger.py
[2023-05-17T13:24:13.010+0000] {processor.py:799} INFO - Processing file /home/airflow/.local/lib/python3.7/site-packages/airflow/example_dags/example_latest_only_with_trigger.py for tasks to queue
[2023-05-17T13:24:13.026+0000] {logging_mixin.py:149} INFO - [2023-05-17T13:24:13.025+0000] {dagbag.py:541} INFO - Filling up the DagBag from /home/airflow/.local/lib/python3.7/site-packages/airflow/example_dags/example_latest_only_with_trigger.py
[2023-05-17T13:24:13.078+0000] {processor.py:809} INFO - DAG(s) dict_keys(['latest_only_with_trigger']) retrieved from /home/airflow/.local/lib/python3.7/site-packages/airflow/example_dags/example_latest_only_with_trigger.py
[2023-05-17T13:24:13.169+0000] {logging_mixin.py:149} INFO - [2023-05-17T13:24:13.168+0000] {dag.py:2726} INFO - Sync 1 DAGs
[2023-05-17T13:24:13.253+0000] {logging_mixin.py:149} INFO - [2023-05-17T13:24:13.252+0000] {dag.py:3490} INFO - Setting next_dagrun for latest_only_with_trigger to 2023-05-17T09:24:13.252540+00:00, run_after=2023-05-17T13:24:13.252540+00:00
[2023-05-17T13:24:13.404+0000] {processor.py:178} INFO - Processing /home/airflow/.local/lib/python3.7/site-packages/airflow/example_dags/example_latest_only_with_trigger.py took 0.427 seconds
[2023-05-17T13:24:48.044+0000] {processor.py:156} INFO - Started process (PID=1703) to work on /home/airflow/.local/lib/python3.7/site-packages/airflow/example_dags/example_latest_only_with_trigger.py
[2023-05-17T13:24:48.047+0000] {processor.py:799} INFO - Processing file /home/airflow/.local/lib/python3.7/site-packages/airflow/example_dags/example_latest_only_with_trigger.py for tasks to queue
[2023-05-17T13:24:48.049+0000] {logging_mixin.py:149} INFO - [2023-05-17T13:24:48.049+0000] {dagbag.py:541} INFO - Filling up the DagBag from /home/airflow/.local/lib/python3.7/site-packages/airflow/example_dags/example_latest_only_with_trigger.py
[2023-05-17T13:24:48.074+0000] {processor.py:809} INFO - DAG(s) dict_keys(['latest_only_with_trigger']) retrieved from /home/airflow/.local/lib/python3.7/site-packages/airflow/example_dags/example_latest_only_with_trigger.py
[2023-05-17T13:24:48.176+0000] {logging_mixin.py:149} INFO - [2023-05-17T13:24:48.175+0000] {dag.py:2726} INFO - Sync 1 DAGs
[2023-05-17T13:24:48.293+0000] {logging_mixin.py:149} INFO - [2023-05-17T13:24:48.293+0000] {dag.py:3490} INFO - Setting next_dagrun for latest_only_with_trigger to 2023-05-17T09:24:48.292778+00:00, run_after=2023-05-17T13:24:48.292778+00:00
[2023-05-17T13:24:48.452+0000] {processor.py:178} INFO - Processing /home/airflow/.local/lib/python3.7/site-packages/airflow/example_dags/example_latest_only_with_trigger.py took 0.418 seconds
[2023-05-17T13:25:19.061+0000] {processor.py:156} INFO - Started process (PID=1761) to work on /home/airflow/.local/lib/python3.7/site-packages/airflow/example_dags/example_latest_only_with_trigger.py
[2023-05-17T13:25:19.063+0000] {processor.py:799} INFO - Processing file /home/airflow/.local/lib/python3.7/site-packages/airflow/example_dags/example_latest_only_with_trigger.py for tasks to queue
[2023-05-17T13:25:19.074+0000] {logging_mixin.py:149} INFO - [2023-05-17T13:25:19.073+0000] {dagbag.py:541} INFO - Filling up the DagBag from /home/airflow/.local/lib/python3.7/site-packages/airflow/example_dags/example_latest_only_with_trigger.py
[2023-05-17T13:25:19.097+0000] {processor.py:809} INFO - DAG(s) dict_keys(['latest_only_with_trigger']) retrieved from /home/airflow/.local/lib/python3.7/site-packages/airflow/example_dags/example_latest_only_with_trigger.py
[2023-05-17T13:25:19.177+0000] {logging_mixin.py:149} INFO - [2023-05-17T13:25:19.177+0000] {dag.py:2726} INFO - Sync 1 DAGs
[2023-05-17T13:25:19.292+0000] {logging_mixin.py:149} INFO - [2023-05-17T13:25:19.292+0000] {dag.py:3490} INFO - Setting next_dagrun for latest_only_with_trigger to 2023-05-17T09:25:19.291653+00:00, run_after=2023-05-17T13:25:19.291653+00:00
[2023-05-17T13:25:19.444+0000] {processor.py:178} INFO - Processing /home/airflow/.local/lib/python3.7/site-packages/airflow/example_dags/example_latest_only_with_trigger.py took 0.390 seconds
[2023-05-17T13:25:54.484+0000] {processor.py:156} INFO - Started process (PID=1821) to work on /home/airflow/.local/lib/python3.7/site-packages/airflow/example_dags/example_latest_only_with_trigger.py
[2023-05-17T13:25:54.494+0000] {processor.py:799} INFO - Processing file /home/airflow/.local/lib/python3.7/site-packages/airflow/example_dags/example_latest_only_with_trigger.py for tasks to queue
[2023-05-17T13:25:54.498+0000] {logging_mixin.py:149} INFO - [2023-05-17T13:25:54.496+0000] {dagbag.py:541} INFO - Filling up the DagBag from /home/airflow/.local/lib/python3.7/site-packages/airflow/example_dags/example_latest_only_with_trigger.py
[2023-05-17T13:25:54.523+0000] {processor.py:809} INFO - DAG(s) dict_keys(['latest_only_with_trigger']) retrieved from /home/airflow/.local/lib/python3.7/site-packages/airflow/example_dags/example_latest_only_with_trigger.py
[2023-05-17T13:25:54.597+0000] {logging_mixin.py:149} INFO - [2023-05-17T13:25:54.597+0000] {dag.py:2726} INFO - Sync 1 DAGs
[2023-05-17T13:25:54.665+0000] {logging_mixin.py:149} INFO - [2023-05-17T13:25:54.665+0000] {dag.py:3490} INFO - Setting next_dagrun for latest_only_with_trigger to 2023-05-17T09:25:54.664608+00:00, run_after=2023-05-17T13:25:54.664608+00:00
[2023-05-17T13:25:54.930+0000] {processor.py:178} INFO - Processing /home/airflow/.local/lib/python3.7/site-packages/airflow/example_dags/example_latest_only_with_trigger.py took 0.469 seconds
[2023-05-17T13:26:34.957+0000] {processor.py:156} INFO - Started process (PID=1880) to work on /home/airflow/.local/lib/python3.7/site-packages/airflow/example_dags/example_latest_only_with_trigger.py
[2023-05-17T13:26:34.961+0000] {processor.py:799} INFO - Processing file /home/airflow/.local/lib/python3.7/site-packages/airflow/example_dags/example_latest_only_with_trigger.py for tasks to queue
[2023-05-17T13:26:34.963+0000] {logging_mixin.py:149} INFO - [2023-05-17T13:26:34.963+0000] {dagbag.py:541} INFO - Filling up the DagBag from /home/airflow/.local/lib/python3.7/site-packages/airflow/example_dags/example_latest_only_with_trigger.py
[2023-05-17T13:26:34.979+0000] {processor.py:809} INFO - DAG(s) dict_keys(['latest_only_with_trigger']) retrieved from /home/airflow/.local/lib/python3.7/site-packages/airflow/example_dags/example_latest_only_with_trigger.py
[2023-05-17T13:26:35.035+0000] {logging_mixin.py:149} INFO - [2023-05-17T13:26:35.035+0000] {dag.py:2726} INFO - Sync 1 DAGs
[2023-05-17T13:26:35.112+0000] {logging_mixin.py:149} INFO - [2023-05-17T13:26:35.111+0000] {dag.py:3490} INFO - Setting next_dagrun for latest_only_with_trigger to 2023-05-17T09:26:35.111513+00:00, run_after=2023-05-17T13:26:35.111513+00:00
[2023-05-17T13:26:35.655+0000] {processor.py:178} INFO - Processing /home/airflow/.local/lib/python3.7/site-packages/airflow/example_dags/example_latest_only_with_trigger.py took 0.705 seconds
[2023-05-17T13:27:07.874+0000] {processor.py:156} INFO - Started process (PID=1938) to work on /home/airflow/.local/lib/python3.7/site-packages/airflow/example_dags/example_latest_only_with_trigger.py
[2023-05-17T13:27:07.876+0000] {processor.py:799} INFO - Processing file /home/airflow/.local/lib/python3.7/site-packages/airflow/example_dags/example_latest_only_with_trigger.py for tasks to queue
[2023-05-17T13:27:07.879+0000] {logging_mixin.py:149} INFO - [2023-05-17T13:27:07.879+0000] {dagbag.py:541} INFO - Filling up the DagBag from /home/airflow/.local/lib/python3.7/site-packages/airflow/example_dags/example_latest_only_with_trigger.py
[2023-05-17T13:27:07.909+0000] {processor.py:809} INFO - DAG(s) dict_keys(['latest_only_with_trigger']) retrieved from /home/airflow/.local/lib/python3.7/site-packages/airflow/example_dags/example_latest_only_with_trigger.py
[2023-05-17T13:27:08.001+0000] {logging_mixin.py:149} INFO - [2023-05-17T13:27:08.001+0000] {dag.py:2726} INFO - Sync 1 DAGs
[2023-05-17T13:27:08.110+0000] {logging_mixin.py:149} INFO - [2023-05-17T13:27:08.110+0000] {dag.py:3490} INFO - Setting next_dagrun for latest_only_with_trigger to 2023-05-17T09:27:08.109588+00:00, run_after=2023-05-17T13:27:08.109588+00:00
[2023-05-17T13:32:17.617+0000] {processor.py:156} INFO - Started process (PID=83) to work on /home/airflow/.local/lib/python3.7/site-packages/airflow/example_dags/example_latest_only_with_trigger.py
[2023-05-17T13:32:17.771+0000] {processor.py:799} INFO - Processing file /home/airflow/.local/lib/python3.7/site-packages/airflow/example_dags/example_latest_only_with_trigger.py for tasks to queue
[2023-05-17T13:32:17.774+0000] {logging_mixin.py:149} INFO - [2023-05-17T13:32:17.773+0000] {dagbag.py:541} INFO - Filling up the DagBag from /home/airflow/.local/lib/python3.7/site-packages/airflow/example_dags/example_latest_only_with_trigger.py
[2023-05-17T13:32:17.790+0000] {processor.py:809} INFO - DAG(s) dict_keys(['latest_only_with_trigger']) retrieved from /home/airflow/.local/lib/python3.7/site-packages/airflow/example_dags/example_latest_only_with_trigger.py
[2023-05-17T13:32:17.845+0000] {logging_mixin.py:149} INFO - [2023-05-17T13:32:17.844+0000] {dag.py:2726} INFO - Sync 1 DAGs
[2023-05-17T13:32:17.905+0000] {logging_mixin.py:149} INFO - [2023-05-17T13:32:17.905+0000] {dag.py:3490} INFO - Setting next_dagrun for latest_only_with_trigger to 2023-05-17T09:32:17.904577+00:00, run_after=2023-05-17T13:32:17.904577+00:00
[2023-05-17T13:32:18.637+0000] {processor.py:178} INFO - Processing /home/airflow/.local/lib/python3.7/site-packages/airflow/example_dags/example_latest_only_with_trigger.py took 1.027 seconds
[2023-05-17T13:34:13.212+0000] {processor.py:156} INFO - Started process (PID=146) to work on /home/airflow/.local/lib/python3.7/site-packages/airflow/example_dags/example_latest_only_with_trigger.py
[2023-05-17T13:34:13.214+0000] {processor.py:799} INFO - Processing file /home/airflow/.local/lib/python3.7/site-packages/airflow/example_dags/example_latest_only_with_trigger.py for tasks to queue
[2023-05-17T13:34:13.216+0000] {logging_mixin.py:149} INFO - [2023-05-17T13:34:13.216+0000] {dagbag.py:541} INFO - Filling up the DagBag from /home/airflow/.local/lib/python3.7/site-packages/airflow/example_dags/example_latest_only_with_trigger.py
[2023-05-17T13:34:13.471+0000] {processor.py:809} INFO - DAG(s) dict_keys(['latest_only_with_trigger']) retrieved from /home/airflow/.local/lib/python3.7/site-packages/airflow/example_dags/example_latest_only_with_trigger.py
[2023-05-17T13:34:13.667+0000] {logging_mixin.py:149} INFO - [2023-05-17T13:34:13.667+0000] {dag.py:2726} INFO - Sync 1 DAGs
[2023-05-17T13:34:13.730+0000] {logging_mixin.py:149} INFO - [2023-05-17T13:34:13.730+0000] {dag.py:3490} INFO - Setting next_dagrun for latest_only_with_trigger to 2023-05-17T09:34:13.730281+00:00, run_after=2023-05-17T13:34:13.730281+00:00
[2023-05-17T13:34:14.598+0000] {processor.py:178} INFO - Processing /home/airflow/.local/lib/python3.7/site-packages/airflow/example_dags/example_latest_only_with_trigger.py took 1.393 seconds
[2023-05-17T13:36:43.961+0000] {processor.py:156} INFO - Started process (PID=242) to work on /home/airflow/.local/lib/python3.7/site-packages/airflow/example_dags/example_latest_only_with_trigger.py
[2023-05-17T13:36:43.977+0000] {processor.py:799} INFO - Processing file /home/airflow/.local/lib/python3.7/site-packages/airflow/example_dags/example_latest_only_with_trigger.py for tasks to queue
[2023-05-17T13:36:43.983+0000] {logging_mixin.py:149} INFO - [2023-05-17T13:36:43.982+0000] {dagbag.py:541} INFO - Filling up the DagBag from /home/airflow/.local/lib/python3.7/site-packages/airflow/example_dags/example_latest_only_with_trigger.py
[2023-05-17T13:36:44.014+0000] {processor.py:809} INFO - DAG(s) dict_keys(['latest_only_with_trigger']) retrieved from /home/airflow/.local/lib/python3.7/site-packages/airflow/example_dags/example_latest_only_with_trigger.py
[2023-05-17T13:36:44.110+0000] {logging_mixin.py:149} INFO - [2023-05-17T13:36:44.110+0000] {dag.py:2726} INFO - Sync 1 DAGs
[2023-05-17T13:36:44.248+0000] {logging_mixin.py:149} INFO - [2023-05-17T13:36:44.248+0000] {dag.py:3490} INFO - Setting next_dagrun for latest_only_with_trigger to 2023-05-17T09:36:44.247715+00:00, run_after=2023-05-17T13:36:44.247715+00:00
[2023-05-17T13:36:44.424+0000] {processor.py:178} INFO - Processing /home/airflow/.local/lib/python3.7/site-packages/airflow/example_dags/example_latest_only_with_trigger.py took 0.478 seconds
[2023-05-17T13:37:25.511+0000] {processor.py:156} INFO - Started process (PID=306) to work on /home/airflow/.local/lib/python3.7/site-packages/airflow/example_dags/example_latest_only_with_trigger.py
[2023-05-17T13:37:25.514+0000] {processor.py:799} INFO - Processing file /home/airflow/.local/lib/python3.7/site-packages/airflow/example_dags/example_latest_only_with_trigger.py for tasks to queue
[2023-05-17T13:37:25.516+0000] {logging_mixin.py:149} INFO - [2023-05-17T13:37:25.516+0000] {dagbag.py:541} INFO - Filling up the DagBag from /home/airflow/.local/lib/python3.7/site-packages/airflow/example_dags/example_latest_only_with_trigger.py
[2023-05-17T13:37:25.528+0000] {processor.py:809} INFO - DAG(s) dict_keys(['latest_only_with_trigger']) retrieved from /home/airflow/.local/lib/python3.7/site-packages/airflow/example_dags/example_latest_only_with_trigger.py
[2023-05-17T13:37:25.595+0000] {logging_mixin.py:149} INFO - [2023-05-17T13:37:25.595+0000] {dag.py:2726} INFO - Sync 1 DAGs
[2023-05-17T13:37:25.712+0000] {logging_mixin.py:149} INFO - [2023-05-17T13:37:25.711+0000] {dag.py:3490} INFO - Setting next_dagrun for latest_only_with_trigger to 2023-05-17T09:37:25.710792+00:00, run_after=2023-05-17T13:37:25.710792+00:00
[2023-05-17T13:37:26.061+0000] {processor.py:178} INFO - Processing /home/airflow/.local/lib/python3.7/site-packages/airflow/example_dags/example_latest_only_with_trigger.py took 0.557 seconds
[2023-05-17T13:37:56.365+0000] {processor.py:156} INFO - Started process (PID=359) to work on /home/airflow/.local/lib/python3.7/site-packages/airflow/example_dags/example_latest_only_with_trigger.py
[2023-05-17T13:37:56.369+0000] {processor.py:799} INFO - Processing file /home/airflow/.local/lib/python3.7/site-packages/airflow/example_dags/example_latest_only_with_trigger.py for tasks to queue
[2023-05-17T13:37:56.375+0000] {logging_mixin.py:149} INFO - [2023-05-17T13:37:56.375+0000] {dagbag.py:541} INFO - Filling up the DagBag from /home/airflow/.local/lib/python3.7/site-packages/airflow/example_dags/example_latest_only_with_trigger.py
[2023-05-17T13:37:56.404+0000] {processor.py:809} INFO - DAG(s) dict_keys(['latest_only_with_trigger']) retrieved from /home/airflow/.local/lib/python3.7/site-packages/airflow/example_dags/example_latest_only_with_trigger.py
[2023-05-17T13:37:56.530+0000] {logging_mixin.py:149} INFO - [2023-05-17T13:37:56.529+0000] {dag.py:2726} INFO - Sync 1 DAGs
[2023-05-17T13:37:56.659+0000] {logging_mixin.py:149} INFO - [2023-05-17T13:37:56.658+0000] {dag.py:3490} INFO - Setting next_dagrun for latest_only_with_trigger to 2023-05-17T09:37:56.658059+00:00, run_after=2023-05-17T13:37:56.658059+00:00
[2023-05-17T13:37:56.877+0000] {processor.py:178} INFO - Processing /home/airflow/.local/lib/python3.7/site-packages/airflow/example_dags/example_latest_only_with_trigger.py took 0.522 seconds
[2023-05-17T13:38:27.414+0000] {processor.py:156} INFO - Started process (PID=417) to work on /home/airflow/.local/lib/python3.7/site-packages/airflow/example_dags/example_latest_only_with_trigger.py
[2023-05-17T13:38:27.419+0000] {processor.py:799} INFO - Processing file /home/airflow/.local/lib/python3.7/site-packages/airflow/example_dags/example_latest_only_with_trigger.py for tasks to queue
[2023-05-17T13:38:27.421+0000] {logging_mixin.py:149} INFO - [2023-05-17T13:38:27.421+0000] {dagbag.py:541} INFO - Filling up the DagBag from /home/airflow/.local/lib/python3.7/site-packages/airflow/example_dags/example_latest_only_with_trigger.py
[2023-05-17T13:38:27.442+0000] {processor.py:809} INFO - DAG(s) dict_keys(['latest_only_with_trigger']) retrieved from /home/airflow/.local/lib/python3.7/site-packages/airflow/example_dags/example_latest_only_with_trigger.py
[2023-05-17T13:38:27.521+0000] {logging_mixin.py:149} INFO - [2023-05-17T13:38:27.520+0000] {dag.py:2726} INFO - Sync 1 DAGs
[2023-05-17T13:38:27.602+0000] {logging_mixin.py:149} INFO - [2023-05-17T13:38:27.601+0000] {dag.py:3490} INFO - Setting next_dagrun for latest_only_with_trigger to 2023-05-17T09:38:27.601420+00:00, run_after=2023-05-17T13:38:27.601420+00:00
[2023-05-17T13:38:28.112+0000] {processor.py:178} INFO - Processing /home/airflow/.local/lib/python3.7/site-packages/airflow/example_dags/example_latest_only_with_trigger.py took 0.706 seconds
[2023-05-17T13:38:58.532+0000] {processor.py:156} INFO - Started process (PID=476) to work on /home/airflow/.local/lib/python3.7/site-packages/airflow/example_dags/example_latest_only_with_trigger.py
[2023-05-17T13:38:58.534+0000] {processor.py:799} INFO - Processing file /home/airflow/.local/lib/python3.7/site-packages/airflow/example_dags/example_latest_only_with_trigger.py for tasks to queue
[2023-05-17T13:38:58.536+0000] {logging_mixin.py:149} INFO - [2023-05-17T13:38:58.536+0000] {dagbag.py:541} INFO - Filling up the DagBag from /home/airflow/.local/lib/python3.7/site-packages/airflow/example_dags/example_latest_only_with_trigger.py
[2023-05-17T13:38:58.548+0000] {processor.py:809} INFO - DAG(s) dict_keys(['latest_only_with_trigger']) retrieved from /home/airflow/.local/lib/python3.7/site-packages/airflow/example_dags/example_latest_only_with_trigger.py
[2023-05-17T13:38:58.597+0000] {logging_mixin.py:149} INFO - [2023-05-17T13:38:58.597+0000] {dag.py:2726} INFO - Sync 1 DAGs
[2023-05-17T13:38:58.655+0000] {logging_mixin.py:149} INFO - [2023-05-17T13:38:58.655+0000] {dag.py:3490} INFO - Setting next_dagrun for latest_only_with_trigger to 2023-05-17T09:38:58.655050+00:00, run_after=2023-05-17T13:38:58.655050+00:00
[2023-05-17T13:38:58.789+0000] {processor.py:178} INFO - Processing /home/airflow/.local/lib/python3.7/site-packages/airflow/example_dags/example_latest_only_with_trigger.py took 0.263 seconds
[2023-05-17T13:39:29.429+0000] {processor.py:156} INFO - Started process (PID=535) to work on /home/airflow/.local/lib/python3.7/site-packages/airflow/example_dags/example_latest_only_with_trigger.py
[2023-05-17T13:39:29.432+0000] {processor.py:799} INFO - Processing file /home/airflow/.local/lib/python3.7/site-packages/airflow/example_dags/example_latest_only_with_trigger.py for tasks to queue
[2023-05-17T13:39:29.434+0000] {logging_mixin.py:149} INFO - [2023-05-17T13:39:29.433+0000] {dagbag.py:541} INFO - Filling up the DagBag from /home/airflow/.local/lib/python3.7/site-packages/airflow/example_dags/example_latest_only_with_trigger.py
[2023-05-17T13:39:29.451+0000] {processor.py:809} INFO - DAG(s) dict_keys(['latest_only_with_trigger']) retrieved from /home/airflow/.local/lib/python3.7/site-packages/airflow/example_dags/example_latest_only_with_trigger.py
[2023-05-17T13:39:29.527+0000] {logging_mixin.py:149} INFO - [2023-05-17T13:39:29.527+0000] {dag.py:2726} INFO - Sync 1 DAGs
[2023-05-17T13:39:29.599+0000] {logging_mixin.py:149} INFO - [2023-05-17T13:39:29.598+0000] {dag.py:3490} INFO - Setting next_dagrun for latest_only_with_trigger to 2023-05-17T09:39:29.598267+00:00, run_after=2023-05-17T13:39:29.598267+00:00
[2023-05-17T13:39:29.788+0000] {processor.py:178} INFO - Processing /home/airflow/.local/lib/python3.7/site-packages/airflow/example_dags/example_latest_only_with_trigger.py took 0.369 seconds
[2023-05-17T13:40:00.829+0000] {processor.py:156} INFO - Started process (PID=593) to work on /home/airflow/.local/lib/python3.7/site-packages/airflow/example_dags/example_latest_only_with_trigger.py
[2023-05-17T13:40:00.834+0000] {processor.py:799} INFO - Processing file /home/airflow/.local/lib/python3.7/site-packages/airflow/example_dags/example_latest_only_with_trigger.py for tasks to queue
[2023-05-17T13:40:00.837+0000] {logging_mixin.py:149} INFO - [2023-05-17T13:40:00.836+0000] {dagbag.py:541} INFO - Filling up the DagBag from /home/airflow/.local/lib/python3.7/site-packages/airflow/example_dags/example_latest_only_with_trigger.py
[2023-05-17T13:40:00.853+0000] {processor.py:809} INFO - DAG(s) dict_keys(['latest_only_with_trigger']) retrieved from /home/airflow/.local/lib/python3.7/site-packages/airflow/example_dags/example_latest_only_with_trigger.py
[2023-05-17T13:40:00.995+0000] {logging_mixin.py:149} INFO - [2023-05-17T13:40:00.994+0000] {dag.py:2726} INFO - Sync 1 DAGs
[2023-05-17T13:40:01.090+0000] {logging_mixin.py:149} INFO - [2023-05-17T13:40:01.090+0000] {dag.py:3490} INFO - Setting next_dagrun for latest_only_with_trigger to 2023-05-17T09:40:01.089886+00:00, run_after=2023-05-17T13:40:01.089886+00:00
[2023-05-17T13:40:01.240+0000] {processor.py:178} INFO - Processing /home/airflow/.local/lib/python3.7/site-packages/airflow/example_dags/example_latest_only_with_trigger.py took 0.417 seconds
