[2023-05-17T13:03:33.418+0000] {processor.py:156} INFO - Started process (PID=105) to work on /home/airflow/.local/lib/python3.7/site-packages/airflow/example_dags/example_xcomargs.py
[2023-05-17T13:03:33.610+0000] {processor.py:799} INFO - Processing file /home/airflow/.local/lib/python3.7/site-packages/airflow/example_dags/example_xcomargs.py for tasks to queue
[2023-05-17T13:03:33.612+0000] {logging_mixin.py:149} INFO - [2023-05-17T13:03:33.612+0000] {dagbag.py:541} INFO - Filling up the DagBag from /home/airflow/.local/lib/python3.7/site-packages/airflow/example_dags/example_xcomargs.py
[2023-05-17T13:03:33.684+0000] {processor.py:809} INFO - DAG(s) dict_keys(['example_xcom_args_with_operators', 'example_xcom_args']) retrieved from /home/airflow/.local/lib/python3.7/site-packages/airflow/example_dags/example_xcomargs.py
[2023-05-17T13:03:35.338+0000] {logging_mixin.py:149} INFO - [2023-05-17T13:03:35.337+0000] {manager.py:504} INFO - Created Permission View: can read on DAG:example_xcom_args_with_operators
[2023-05-17T13:03:35.748+0000] {logging_mixin.py:149} INFO - [2023-05-17T13:03:35.748+0000] {manager.py:504} INFO - Created Permission View: can edit on DAG:example_xcom_args_with_operators
[2023-05-17T13:03:36.160+0000] {logging_mixin.py:149} INFO - [2023-05-17T13:03:36.159+0000] {manager.py:504} INFO - Created Permission View: can delete on DAG:example_xcom_args_with_operators
[2023-05-17T13:03:37.035+0000] {logging_mixin.py:149} INFO - [2023-05-17T13:03:37.035+0000] {manager.py:504} INFO - Created Permission View: can read on DAG:example_xcom_args
[2023-05-17T13:03:38.301+0000] {logging_mixin.py:149} INFO - [2023-05-17T13:03:38.300+0000] {manager.py:504} INFO - Created Permission View: can edit on DAG:example_xcom_args
[2023-05-17T13:03:40.737+0000] {logging_mixin.py:149} INFO - [2023-05-17T13:03:40.737+0000] {manager.py:504} INFO - Created Permission View: can delete on DAG:example_xcom_args
[2023-05-17T13:03:40.739+0000] {logging_mixin.py:149} INFO - [2023-05-17T13:03:40.739+0000] {dag.py:2726} INFO - Sync 2 DAGs
[2023-05-17T13:03:40.791+0000] {logging_mixin.py:149} INFO - [2023-05-17T13:03:40.791+0000] {dag.py:2747} INFO - Creating ORM DAG for example_xcom_args_with_operators
[2023-05-17T13:03:40.799+0000] {logging_mixin.py:149} INFO - [2023-05-17T13:03:40.799+0000] {dag.py:2747} INFO - Creating ORM DAG for example_xcom_args
[2023-05-17T13:03:40.835+0000] {logging_mixin.py:149} INFO - [2023-05-17T13:03:40.835+0000] {dag.py:3490} INFO - Setting next_dagrun for example_xcom_args to None, run_after=None
[2023-05-17T13:03:40.838+0000] {logging_mixin.py:149} INFO - [2023-05-17T13:03:40.837+0000] {dag.py:3490} INFO - Setting next_dagrun for example_xcom_args_with_operators to None, run_after=None
[2023-05-17T13:03:41.732+0000] {processor.py:178} INFO - Processing /home/airflow/.local/lib/python3.7/site-packages/airflow/example_dags/example_xcomargs.py took 8.323 seconds
[2023-05-17T13:08:39.013+0000] {processor.py:156} INFO - Started process (PID=200) to work on /home/airflow/.local/lib/python3.7/site-packages/airflow/example_dags/example_xcomargs.py
[2023-05-17T13:08:39.018+0000] {processor.py:799} INFO - Processing file /home/airflow/.local/lib/python3.7/site-packages/airflow/example_dags/example_xcomargs.py for tasks to queue
[2023-05-17T13:08:39.034+0000] {logging_mixin.py:149} INFO - [2023-05-17T13:08:39.033+0000] {dagbag.py:541} INFO - Filling up the DagBag from /home/airflow/.local/lib/python3.7/site-packages/airflow/example_dags/example_xcomargs.py
[2023-05-17T13:08:39.119+0000] {processor.py:809} INFO - DAG(s) dict_keys(['example_xcom_args', 'example_xcom_args_with_operators']) retrieved from /home/airflow/.local/lib/python3.7/site-packages/airflow/example_dags/example_xcomargs.py
[2023-05-17T13:08:39.217+0000] {logging_mixin.py:149} INFO - [2023-05-17T13:08:39.216+0000] {dag.py:2726} INFO - Sync 2 DAGs
[2023-05-17T13:08:39.457+0000] {logging_mixin.py:149} INFO - [2023-05-17T13:08:39.456+0000] {dag.py:3490} INFO - Setting next_dagrun for example_xcom_args to None, run_after=None
[2023-05-17T13:08:39.479+0000] {logging_mixin.py:149} INFO - [2023-05-17T13:08:39.479+0000] {dag.py:3490} INFO - Setting next_dagrun for example_xcom_args_with_operators to None, run_after=None
[2023-05-17T13:08:40.036+0000] {processor.py:178} INFO - Processing /home/airflow/.local/lib/python3.7/site-packages/airflow/example_dags/example_xcomargs.py took 1.034 seconds
[2023-05-17T13:09:19.199+0000] {processor.py:156} INFO - Started process (PID=248) to work on /home/airflow/.local/lib/python3.7/site-packages/airflow/example_dags/example_xcomargs.py
[2023-05-17T13:09:19.203+0000] {processor.py:799} INFO - Processing file /home/airflow/.local/lib/python3.7/site-packages/airflow/example_dags/example_xcomargs.py for tasks to queue
[2023-05-17T13:09:19.208+0000] {logging_mixin.py:149} INFO - [2023-05-17T13:09:19.207+0000] {dagbag.py:541} INFO - Filling up the DagBag from /home/airflow/.local/lib/python3.7/site-packages/airflow/example_dags/example_xcomargs.py
[2023-05-17T13:09:19.248+0000] {processor.py:809} INFO - DAG(s) dict_keys(['example_xcom_args', 'example_xcom_args_with_operators']) retrieved from /home/airflow/.local/lib/python3.7/site-packages/airflow/example_dags/example_xcomargs.py
[2023-05-17T13:09:19.336+0000] {logging_mixin.py:149} INFO - [2023-05-17T13:09:19.336+0000] {dag.py:2726} INFO - Sync 2 DAGs
[2023-05-17T13:09:19.423+0000] {logging_mixin.py:149} INFO - [2023-05-17T13:09:19.422+0000] {dag.py:3490} INFO - Setting next_dagrun for example_xcom_args to None, run_after=None
[2023-05-17T13:09:19.431+0000] {logging_mixin.py:149} INFO - [2023-05-17T13:09:19.430+0000] {dag.py:3490} INFO - Setting next_dagrun for example_xcom_args_with_operators to None, run_after=None
[2023-05-17T13:09:19.577+0000] {processor.py:178} INFO - Processing /home/airflow/.local/lib/python3.7/site-packages/airflow/example_dags/example_xcomargs.py took 0.385 seconds
[2023-05-17T13:09:51.780+0000] {processor.py:156} INFO - Started process (PID=305) to work on /home/airflow/.local/lib/python3.7/site-packages/airflow/example_dags/example_xcomargs.py
[2023-05-17T13:09:51.782+0000] {processor.py:799} INFO - Processing file /home/airflow/.local/lib/python3.7/site-packages/airflow/example_dags/example_xcomargs.py for tasks to queue
[2023-05-17T13:09:51.784+0000] {logging_mixin.py:149} INFO - [2023-05-17T13:09:51.783+0000] {dagbag.py:541} INFO - Filling up the DagBag from /home/airflow/.local/lib/python3.7/site-packages/airflow/example_dags/example_xcomargs.py
[2023-05-17T13:09:51.814+0000] {processor.py:809} INFO - DAG(s) dict_keys(['example_xcom_args_with_operators', 'example_xcom_args']) retrieved from /home/airflow/.local/lib/python3.7/site-packages/airflow/example_dags/example_xcomargs.py
[2023-05-17T13:09:51.885+0000] {logging_mixin.py:149} INFO - [2023-05-17T13:09:51.885+0000] {dag.py:2726} INFO - Sync 2 DAGs
[2023-05-17T13:09:51.963+0000] {logging_mixin.py:149} INFO - [2023-05-17T13:09:51.963+0000] {dag.py:3490} INFO - Setting next_dagrun for example_xcom_args to None, run_after=None
[2023-05-17T13:09:51.973+0000] {logging_mixin.py:149} INFO - [2023-05-17T13:09:51.973+0000] {dag.py:3490} INFO - Setting next_dagrun for example_xcom_args_with_operators to None, run_after=None
[2023-05-17T13:09:52.749+0000] {processor.py:178} INFO - Processing /home/airflow/.local/lib/python3.7/site-packages/airflow/example_dags/example_xcomargs.py took 0.976 seconds
[2023-05-17T13:10:23.909+0000] {processor.py:156} INFO - Started process (PID=356) to work on /home/airflow/.local/lib/python3.7/site-packages/airflow/example_dags/example_xcomargs.py
[2023-05-17T13:10:23.912+0000] {processor.py:799} INFO - Processing file /home/airflow/.local/lib/python3.7/site-packages/airflow/example_dags/example_xcomargs.py for tasks to queue
[2023-05-17T13:10:23.916+0000] {logging_mixin.py:149} INFO - [2023-05-17T13:10:23.916+0000] {dagbag.py:541} INFO - Filling up the DagBag from /home/airflow/.local/lib/python3.7/site-packages/airflow/example_dags/example_xcomargs.py
[2023-05-17T13:10:23.935+0000] {processor.py:809} INFO - DAG(s) dict_keys(['example_xcom_args', 'example_xcom_args_with_operators']) retrieved from /home/airflow/.local/lib/python3.7/site-packages/airflow/example_dags/example_xcomargs.py
[2023-05-17T13:10:24.010+0000] {logging_mixin.py:149} INFO - [2023-05-17T13:10:24.010+0000] {dag.py:2726} INFO - Sync 2 DAGs
[2023-05-17T13:10:24.153+0000] {logging_mixin.py:149} INFO - [2023-05-17T13:10:24.153+0000] {dag.py:3490} INFO - Setting next_dagrun for example_xcom_args to None, run_after=None
[2023-05-17T13:10:24.178+0000] {logging_mixin.py:149} INFO - [2023-05-17T13:10:24.177+0000] {dag.py:3490} INFO - Setting next_dagrun for example_xcom_args_with_operators to None, run_after=None
[2023-05-17T13:10:24.371+0000] {processor.py:178} INFO - Processing /home/airflow/.local/lib/python3.7/site-packages/airflow/example_dags/example_xcomargs.py took 0.469 seconds
[2023-05-17T13:10:59.236+0000] {processor.py:156} INFO - Started process (PID=406) to work on /home/airflow/.local/lib/python3.7/site-packages/airflow/example_dags/example_xcomargs.py
[2023-05-17T13:10:59.239+0000] {processor.py:799} INFO - Processing file /home/airflow/.local/lib/python3.7/site-packages/airflow/example_dags/example_xcomargs.py for tasks to queue
[2023-05-17T13:10:59.241+0000] {logging_mixin.py:149} INFO - [2023-05-17T13:10:59.240+0000] {dagbag.py:541} INFO - Filling up the DagBag from /home/airflow/.local/lib/python3.7/site-packages/airflow/example_dags/example_xcomargs.py
[2023-05-17T13:10:59.289+0000] {processor.py:809} INFO - DAG(s) dict_keys(['example_xcom_args', 'example_xcom_args_with_operators']) retrieved from /home/airflow/.local/lib/python3.7/site-packages/airflow/example_dags/example_xcomargs.py
[2023-05-17T13:10:59.394+0000] {logging_mixin.py:149} INFO - [2023-05-17T13:10:59.393+0000] {dag.py:2726} INFO - Sync 2 DAGs
[2023-05-17T13:10:59.493+0000] {logging_mixin.py:149} INFO - [2023-05-17T13:10:59.492+0000] {dag.py:3490} INFO - Setting next_dagrun for example_xcom_args to None, run_after=None
[2023-05-17T13:10:59.506+0000] {logging_mixin.py:149} INFO - [2023-05-17T13:10:59.506+0000] {dag.py:3490} INFO - Setting next_dagrun for example_xcom_args_with_operators to None, run_after=None
[2023-05-17T13:10:59.764+0000] {processor.py:178} INFO - Processing /home/airflow/.local/lib/python3.7/site-packages/airflow/example_dags/example_xcomargs.py took 0.538 seconds
[2023-05-17T13:11:29.859+0000] {processor.py:156} INFO - Started process (PID=459) to work on /home/airflow/.local/lib/python3.7/site-packages/airflow/example_dags/example_xcomargs.py
[2023-05-17T13:11:29.861+0000] {processor.py:799} INFO - Processing file /home/airflow/.local/lib/python3.7/site-packages/airflow/example_dags/example_xcomargs.py for tasks to queue
[2023-05-17T13:11:29.868+0000] {logging_mixin.py:149} INFO - [2023-05-17T13:11:29.867+0000] {dagbag.py:541} INFO - Filling up the DagBag from /home/airflow/.local/lib/python3.7/site-packages/airflow/example_dags/example_xcomargs.py
[2023-05-17T13:11:29.893+0000] {processor.py:809} INFO - DAG(s) dict_keys(['example_xcom_args_with_operators', 'example_xcom_args']) retrieved from /home/airflow/.local/lib/python3.7/site-packages/airflow/example_dags/example_xcomargs.py
[2023-05-17T13:11:29.991+0000] {logging_mixin.py:149} INFO - [2023-05-17T13:11:29.990+0000] {dag.py:2726} INFO - Sync 2 DAGs
[2023-05-17T13:11:30.100+0000] {logging_mixin.py:149} INFO - [2023-05-17T13:11:30.099+0000] {dag.py:3490} INFO - Setting next_dagrun for example_xcom_args to None, run_after=None
[2023-05-17T13:11:30.111+0000] {logging_mixin.py:149} INFO - [2023-05-17T13:11:30.111+0000] {dag.py:3490} INFO - Setting next_dagrun for example_xcom_args_with_operators to None, run_after=None
[2023-05-17T13:11:30.959+0000] {processor.py:178} INFO - Processing /home/airflow/.local/lib/python3.7/site-packages/airflow/example_dags/example_xcomargs.py took 1.108 seconds
[2023-05-17T13:12:01.275+0000] {processor.py:156} INFO - Started process (PID=517) to work on /home/airflow/.local/lib/python3.7/site-packages/airflow/example_dags/example_xcomargs.py
[2023-05-17T13:12:01.279+0000] {processor.py:799} INFO - Processing file /home/airflow/.local/lib/python3.7/site-packages/airflow/example_dags/example_xcomargs.py for tasks to queue
[2023-05-17T13:12:01.284+0000] {logging_mixin.py:149} INFO - [2023-05-17T13:12:01.282+0000] {dagbag.py:541} INFO - Filling up the DagBag from /home/airflow/.local/lib/python3.7/site-packages/airflow/example_dags/example_xcomargs.py
[2023-05-17T13:12:01.319+0000] {processor.py:809} INFO - DAG(s) dict_keys(['example_xcom_args', 'example_xcom_args_with_operators']) retrieved from /home/airflow/.local/lib/python3.7/site-packages/airflow/example_dags/example_xcomargs.py
[2023-05-17T13:12:01.424+0000] {logging_mixin.py:149} INFO - [2023-05-17T13:12:01.424+0000] {dag.py:2726} INFO - Sync 2 DAGs
[2023-05-17T13:12:01.510+0000] {logging_mixin.py:149} INFO - [2023-05-17T13:12:01.509+0000] {dag.py:3490} INFO - Setting next_dagrun for example_xcom_args to None, run_after=None
[2023-05-17T13:12:01.520+0000] {logging_mixin.py:149} INFO - [2023-05-17T13:12:01.519+0000] {dag.py:3490} INFO - Setting next_dagrun for example_xcom_args_with_operators to None, run_after=None
[2023-05-17T13:12:01.785+0000] {processor.py:178} INFO - Processing /home/airflow/.local/lib/python3.7/site-packages/airflow/example_dags/example_xcomargs.py took 0.537 seconds
[2023-05-17T13:12:32.341+0000] {processor.py:156} INFO - Started process (PID=575) to work on /home/airflow/.local/lib/python3.7/site-packages/airflow/example_dags/example_xcomargs.py
[2023-05-17T13:12:32.345+0000] {processor.py:799} INFO - Processing file /home/airflow/.local/lib/python3.7/site-packages/airflow/example_dags/example_xcomargs.py for tasks to queue
[2023-05-17T13:12:32.348+0000] {logging_mixin.py:149} INFO - [2023-05-17T13:12:32.347+0000] {dagbag.py:541} INFO - Filling up the DagBag from /home/airflow/.local/lib/python3.7/site-packages/airflow/example_dags/example_xcomargs.py
[2023-05-17T13:12:32.410+0000] {processor.py:809} INFO - DAG(s) dict_keys(['example_xcom_args_with_operators', 'example_xcom_args']) retrieved from /home/airflow/.local/lib/python3.7/site-packages/airflow/example_dags/example_xcomargs.py
[2023-05-17T13:12:32.534+0000] {logging_mixin.py:149} INFO - [2023-05-17T13:12:32.533+0000] {dag.py:2726} INFO - Sync 2 DAGs
[2023-05-17T13:12:32.605+0000] {logging_mixin.py:149} INFO - [2023-05-17T13:12:32.604+0000] {dag.py:3490} INFO - Setting next_dagrun for example_xcom_args to None, run_after=None
[2023-05-17T13:12:32.615+0000] {logging_mixin.py:149} INFO - [2023-05-17T13:12:32.615+0000] {dag.py:3490} INFO - Setting next_dagrun for example_xcom_args_with_operators to None, run_after=None
[2023-05-17T13:12:32.863+0000] {processor.py:178} INFO - Processing /home/airflow/.local/lib/python3.7/site-packages/airflow/example_dags/example_xcomargs.py took 0.544 seconds
[2023-05-17T13:13:22.623+0000] {processor.py:156} INFO - Started process (PID=625) to work on /home/airflow/.local/lib/python3.7/site-packages/airflow/example_dags/example_xcomargs.py
[2023-05-17T13:13:22.625+0000] {processor.py:799} INFO - Processing file /home/airflow/.local/lib/python3.7/site-packages/airflow/example_dags/example_xcomargs.py for tasks to queue
[2023-05-17T13:13:22.629+0000] {logging_mixin.py:149} INFO - [2023-05-17T13:13:22.628+0000] {dagbag.py:541} INFO - Filling up the DagBag from /home/airflow/.local/lib/python3.7/site-packages/airflow/example_dags/example_xcomargs.py
[2023-05-17T13:13:22.658+0000] {processor.py:809} INFO - DAG(s) dict_keys(['example_xcom_args_with_operators', 'example_xcom_args']) retrieved from /home/airflow/.local/lib/python3.7/site-packages/airflow/example_dags/example_xcomargs.py
[2023-05-17T13:13:22.754+0000] {logging_mixin.py:149} INFO - [2023-05-17T13:13:22.754+0000] {dag.py:2726} INFO - Sync 2 DAGs
[2023-05-17T13:13:22.902+0000] {logging_mixin.py:149} INFO - [2023-05-17T13:13:22.901+0000] {dag.py:3490} INFO - Setting next_dagrun for example_xcom_args to None, run_after=None
[2023-05-17T13:13:22.934+0000] {logging_mixin.py:149} INFO - [2023-05-17T13:13:22.933+0000] {dag.py:3490} INFO - Setting next_dagrun for example_xcom_args_with_operators to None, run_after=None
[2023-05-17T13:13:23.328+0000] {processor.py:178} INFO - Processing /home/airflow/.local/lib/python3.7/site-packages/airflow/example_dags/example_xcomargs.py took 0.717 seconds
[2023-05-17T13:13:53.669+0000] {processor.py:156} INFO - Started process (PID=680) to work on /home/airflow/.local/lib/python3.7/site-packages/airflow/example_dags/example_xcomargs.py
[2023-05-17T13:13:53.671+0000] {processor.py:799} INFO - Processing file /home/airflow/.local/lib/python3.7/site-packages/airflow/example_dags/example_xcomargs.py for tasks to queue
[2023-05-17T13:13:53.674+0000] {logging_mixin.py:149} INFO - [2023-05-17T13:13:53.674+0000] {dagbag.py:541} INFO - Filling up the DagBag from /home/airflow/.local/lib/python3.7/site-packages/airflow/example_dags/example_xcomargs.py
[2023-05-17T13:13:53.692+0000] {processor.py:809} INFO - DAG(s) dict_keys(['example_xcom_args', 'example_xcom_args_with_operators']) retrieved from /home/airflow/.local/lib/python3.7/site-packages/airflow/example_dags/example_xcomargs.py
[2023-05-17T13:13:53.770+0000] {logging_mixin.py:149} INFO - [2023-05-17T13:13:53.770+0000] {dag.py:2726} INFO - Sync 2 DAGs
[2023-05-17T13:13:53.851+0000] {logging_mixin.py:149} INFO - [2023-05-17T13:13:53.851+0000] {dag.py:3490} INFO - Setting next_dagrun for example_xcom_args to None, run_after=None
[2023-05-17T13:13:53.860+0000] {logging_mixin.py:149} INFO - [2023-05-17T13:13:53.860+0000] {dag.py:3490} INFO - Setting next_dagrun for example_xcom_args_with_operators to None, run_after=None
[2023-05-17T13:13:53.999+0000] {processor.py:178} INFO - Processing /home/airflow/.local/lib/python3.7/site-packages/airflow/example_dags/example_xcomargs.py took 0.335 seconds
[2023-05-17T13:14:56.086+0000] {processor.py:156} INFO - Started process (PID=738) to work on /home/airflow/.local/lib/python3.7/site-packages/airflow/example_dags/example_xcomargs.py
[2023-05-17T13:14:56.091+0000] {processor.py:799} INFO - Processing file /home/airflow/.local/lib/python3.7/site-packages/airflow/example_dags/example_xcomargs.py for tasks to queue
[2023-05-17T13:14:56.100+0000] {logging_mixin.py:149} INFO - [2023-05-17T13:14:56.099+0000] {dagbag.py:541} INFO - Filling up the DagBag from /home/airflow/.local/lib/python3.7/site-packages/airflow/example_dags/example_xcomargs.py
[2023-05-17T13:14:56.124+0000] {processor.py:809} INFO - DAG(s) dict_keys(['example_xcom_args', 'example_xcom_args_with_operators']) retrieved from /home/airflow/.local/lib/python3.7/site-packages/airflow/example_dags/example_xcomargs.py
[2023-05-17T13:14:56.210+0000] {logging_mixin.py:149} INFO - [2023-05-17T13:14:56.210+0000] {dag.py:2726} INFO - Sync 2 DAGs
[2023-05-17T13:14:56.304+0000] {logging_mixin.py:149} INFO - [2023-05-17T13:14:56.302+0000] {dag.py:3490} INFO - Setting next_dagrun for example_xcom_args to None, run_after=None
[2023-05-17T13:14:56.331+0000] {logging_mixin.py:149} INFO - [2023-05-17T13:14:56.321+0000] {dag.py:3490} INFO - Setting next_dagrun for example_xcom_args_with_operators to None, run_after=None
[2023-05-17T13:15:00.081+0000] {processor.py:178} INFO - Processing /home/airflow/.local/lib/python3.7/site-packages/airflow/example_dags/example_xcomargs.py took 4.003 seconds
[2023-05-17T13:15:30.217+0000] {processor.py:156} INFO - Started process (PID=796) to work on /home/airflow/.local/lib/python3.7/site-packages/airflow/example_dags/example_xcomargs.py
[2023-05-17T13:15:30.219+0000] {processor.py:799} INFO - Processing file /home/airflow/.local/lib/python3.7/site-packages/airflow/example_dags/example_xcomargs.py for tasks to queue
[2023-05-17T13:15:30.221+0000] {logging_mixin.py:149} INFO - [2023-05-17T13:15:30.221+0000] {dagbag.py:541} INFO - Filling up the DagBag from /home/airflow/.local/lib/python3.7/site-packages/airflow/example_dags/example_xcomargs.py
[2023-05-17T13:15:30.237+0000] {processor.py:809} INFO - DAG(s) dict_keys(['example_xcom_args_with_operators', 'example_xcom_args']) retrieved from /home/airflow/.local/lib/python3.7/site-packages/airflow/example_dags/example_xcomargs.py
[2023-05-17T13:15:30.300+0000] {logging_mixin.py:149} INFO - [2023-05-17T13:15:30.300+0000] {dag.py:2726} INFO - Sync 2 DAGs
[2023-05-17T13:15:30.433+0000] {logging_mixin.py:149} INFO - [2023-05-17T13:15:30.433+0000] {dag.py:3490} INFO - Setting next_dagrun for example_xcom_args to None, run_after=None
[2023-05-17T13:15:30.441+0000] {logging_mixin.py:149} INFO - [2023-05-17T13:15:30.440+0000] {dag.py:3490} INFO - Setting next_dagrun for example_xcom_args_with_operators to None, run_after=None
[2023-05-17T13:15:31.314+0000] {processor.py:178} INFO - Processing /home/airflow/.local/lib/python3.7/site-packages/airflow/example_dags/example_xcomargs.py took 1.103 seconds
[2023-05-17T13:16:01.599+0000] {processor.py:156} INFO - Started process (PID=849) to work on /home/airflow/.local/lib/python3.7/site-packages/airflow/example_dags/example_xcomargs.py
[2023-05-17T13:16:01.602+0000] {processor.py:799} INFO - Processing file /home/airflow/.local/lib/python3.7/site-packages/airflow/example_dags/example_xcomargs.py for tasks to queue
[2023-05-17T13:16:01.605+0000] {logging_mixin.py:149} INFO - [2023-05-17T13:16:01.604+0000] {dagbag.py:541} INFO - Filling up the DagBag from /home/airflow/.local/lib/python3.7/site-packages/airflow/example_dags/example_xcomargs.py
[2023-05-17T13:16:01.634+0000] {processor.py:809} INFO - DAG(s) dict_keys(['example_xcom_args_with_operators', 'example_xcom_args']) retrieved from /home/airflow/.local/lib/python3.7/site-packages/airflow/example_dags/example_xcomargs.py
[2023-05-17T13:16:01.730+0000] {logging_mixin.py:149} INFO - [2023-05-17T13:16:01.730+0000] {dag.py:2726} INFO - Sync 2 DAGs
[2023-05-17T13:16:01.794+0000] {logging_mixin.py:149} INFO - [2023-05-17T13:16:01.793+0000] {dag.py:3490} INFO - Setting next_dagrun for example_xcom_args to None, run_after=None
[2023-05-17T13:16:01.806+0000] {logging_mixin.py:149} INFO - [2023-05-17T13:16:01.806+0000] {dag.py:3490} INFO - Setting next_dagrun for example_xcom_args_with_operators to None, run_after=None
[2023-05-17T13:16:02.141+0000] {processor.py:178} INFO - Processing /home/airflow/.local/lib/python3.7/site-packages/airflow/example_dags/example_xcomargs.py took 0.559 seconds
[2023-05-17T13:16:36.228+0000] {processor.py:156} INFO - Started process (PID=906) to work on /home/airflow/.local/lib/python3.7/site-packages/airflow/example_dags/example_xcomargs.py
[2023-05-17T13:16:36.230+0000] {processor.py:799} INFO - Processing file /home/airflow/.local/lib/python3.7/site-packages/airflow/example_dags/example_xcomargs.py for tasks to queue
[2023-05-17T13:16:36.232+0000] {logging_mixin.py:149} INFO - [2023-05-17T13:16:36.232+0000] {dagbag.py:541} INFO - Filling up the DagBag from /home/airflow/.local/lib/python3.7/site-packages/airflow/example_dags/example_xcomargs.py
[2023-05-17T13:16:36.255+0000] {processor.py:809} INFO - DAG(s) dict_keys(['example_xcom_args', 'example_xcom_args_with_operators']) retrieved from /home/airflow/.local/lib/python3.7/site-packages/airflow/example_dags/example_xcomargs.py
[2023-05-17T13:16:36.336+0000] {logging_mixin.py:149} INFO - [2023-05-17T13:16:36.336+0000] {dag.py:2726} INFO - Sync 2 DAGs
[2023-05-17T13:16:36.402+0000] {logging_mixin.py:149} INFO - [2023-05-17T13:16:36.402+0000] {dag.py:3490} INFO - Setting next_dagrun for example_xcom_args to None, run_after=None
[2023-05-17T13:16:36.411+0000] {logging_mixin.py:149} INFO - [2023-05-17T13:16:36.410+0000] {dag.py:3490} INFO - Setting next_dagrun for example_xcom_args_with_operators to None, run_after=None
[2023-05-17T13:16:36.666+0000] {processor.py:178} INFO - Processing /home/airflow/.local/lib/python3.7/site-packages/airflow/example_dags/example_xcomargs.py took 0.446 seconds
[2023-05-17T13:17:12.306+0000] {processor.py:156} INFO - Started process (PID=964) to work on /home/airflow/.local/lib/python3.7/site-packages/airflow/example_dags/example_xcomargs.py
[2023-05-17T13:17:12.309+0000] {processor.py:799} INFO - Processing file /home/airflow/.local/lib/python3.7/site-packages/airflow/example_dags/example_xcomargs.py for tasks to queue
[2023-05-17T13:17:12.343+0000] {logging_mixin.py:149} INFO - [2023-05-17T13:17:12.342+0000] {dagbag.py:541} INFO - Filling up the DagBag from /home/airflow/.local/lib/python3.7/site-packages/airflow/example_dags/example_xcomargs.py
[2023-05-17T13:17:12.393+0000] {processor.py:809} INFO - DAG(s) dict_keys(['example_xcom_args', 'example_xcom_args_with_operators']) retrieved from /home/airflow/.local/lib/python3.7/site-packages/airflow/example_dags/example_xcomargs.py
[2023-05-17T13:17:12.529+0000] {logging_mixin.py:149} INFO - [2023-05-17T13:17:12.529+0000] {dag.py:2726} INFO - Sync 2 DAGs
[2023-05-17T13:17:12.674+0000] {logging_mixin.py:149} INFO - [2023-05-17T13:17:12.674+0000] {dag.py:3490} INFO - Setting next_dagrun for example_xcom_args to None, run_after=None
[2023-05-17T13:17:12.694+0000] {logging_mixin.py:149} INFO - [2023-05-17T13:17:12.694+0000] {dag.py:3490} INFO - Setting next_dagrun for example_xcom_args_with_operators to None, run_after=None
[2023-05-17T13:17:12.959+0000] {processor.py:178} INFO - Processing /home/airflow/.local/lib/python3.7/site-packages/airflow/example_dags/example_xcomargs.py took 0.793 seconds
[2023-05-17T13:17:46.100+0000] {processor.py:156} INFO - Started process (PID=1022) to work on /home/airflow/.local/lib/python3.7/site-packages/airflow/example_dags/example_xcomargs.py
[2023-05-17T13:17:46.102+0000] {processor.py:799} INFO - Processing file /home/airflow/.local/lib/python3.7/site-packages/airflow/example_dags/example_xcomargs.py for tasks to queue
[2023-05-17T13:17:46.104+0000] {logging_mixin.py:149} INFO - [2023-05-17T13:17:46.104+0000] {dagbag.py:541} INFO - Filling up the DagBag from /home/airflow/.local/lib/python3.7/site-packages/airflow/example_dags/example_xcomargs.py
[2023-05-17T13:17:46.121+0000] {processor.py:809} INFO - DAG(s) dict_keys(['example_xcom_args', 'example_xcom_args_with_operators']) retrieved from /home/airflow/.local/lib/python3.7/site-packages/airflow/example_dags/example_xcomargs.py
[2023-05-17T13:17:46.179+0000] {logging_mixin.py:149} INFO - [2023-05-17T13:17:46.179+0000] {dag.py:2726} INFO - Sync 2 DAGs
[2023-05-17T13:17:46.244+0000] {logging_mixin.py:149} INFO - [2023-05-17T13:17:46.235+0000] {dag.py:3490} INFO - Setting next_dagrun for example_xcom_args to None, run_after=None
[2023-05-17T13:17:46.271+0000] {logging_mixin.py:149} INFO - [2023-05-17T13:17:46.271+0000] {dag.py:3490} INFO - Setting next_dagrun for example_xcom_args_with_operators to None, run_after=None
[2023-05-17T13:17:48.504+0000] {processor.py:178} INFO - Processing /home/airflow/.local/lib/python3.7/site-packages/airflow/example_dags/example_xcomargs.py took 2.411 seconds
[2023-05-17T13:18:32.392+0000] {processor.py:156} INFO - Started process (PID=1077) to work on /home/airflow/.local/lib/python3.7/site-packages/airflow/example_dags/example_xcomargs.py
[2023-05-17T13:18:32.394+0000] {processor.py:799} INFO - Processing file /home/airflow/.local/lib/python3.7/site-packages/airflow/example_dags/example_xcomargs.py for tasks to queue
[2023-05-17T13:18:32.399+0000] {logging_mixin.py:149} INFO - [2023-05-17T13:18:32.396+0000] {dagbag.py:541} INFO - Filling up the DagBag from /home/airflow/.local/lib/python3.7/site-packages/airflow/example_dags/example_xcomargs.py
[2023-05-17T13:18:32.418+0000] {processor.py:809} INFO - DAG(s) dict_keys(['example_xcom_args', 'example_xcom_args_with_operators']) retrieved from /home/airflow/.local/lib/python3.7/site-packages/airflow/example_dags/example_xcomargs.py
[2023-05-17T13:18:32.478+0000] {logging_mixin.py:149} INFO - [2023-05-17T13:18:32.478+0000] {dag.py:2726} INFO - Sync 2 DAGs
[2023-05-17T13:18:32.538+0000] {logging_mixin.py:149} INFO - [2023-05-17T13:18:32.538+0000] {dag.py:3490} INFO - Setting next_dagrun for example_xcom_args to None, run_after=None
[2023-05-17T13:18:32.549+0000] {logging_mixin.py:149} INFO - [2023-05-17T13:18:32.548+0000] {dag.py:3490} INFO - Setting next_dagrun for example_xcom_args_with_operators to None, run_after=None
[2023-05-17T13:18:34.042+0000] {processor.py:178} INFO - Processing /home/airflow/.local/lib/python3.7/site-packages/airflow/example_dags/example_xcomargs.py took 1.658 seconds
[2023-05-17T13:19:04.545+0000] {processor.py:156} INFO - Started process (PID=1131) to work on /home/airflow/.local/lib/python3.7/site-packages/airflow/example_dags/example_xcomargs.py
[2023-05-17T13:19:04.548+0000] {processor.py:799} INFO - Processing file /home/airflow/.local/lib/python3.7/site-packages/airflow/example_dags/example_xcomargs.py for tasks to queue
[2023-05-17T13:19:04.551+0000] {logging_mixin.py:149} INFO - [2023-05-17T13:19:04.550+0000] {dagbag.py:541} INFO - Filling up the DagBag from /home/airflow/.local/lib/python3.7/site-packages/airflow/example_dags/example_xcomargs.py
[2023-05-17T13:19:04.574+0000] {processor.py:809} INFO - DAG(s) dict_keys(['example_xcom_args', 'example_xcom_args_with_operators']) retrieved from /home/airflow/.local/lib/python3.7/site-packages/airflow/example_dags/example_xcomargs.py
[2023-05-17T13:19:04.634+0000] {logging_mixin.py:149} INFO - [2023-05-17T13:19:04.634+0000] {dag.py:2726} INFO - Sync 2 DAGs
[2023-05-17T13:19:04.694+0000] {logging_mixin.py:149} INFO - [2023-05-17T13:19:04.694+0000] {dag.py:3490} INFO - Setting next_dagrun for example_xcom_args to None, run_after=None
[2023-05-17T13:19:04.703+0000] {logging_mixin.py:149} INFO - [2023-05-17T13:19:04.703+0000] {dag.py:3490} INFO - Setting next_dagrun for example_xcom_args_with_operators to None, run_after=None
[2023-05-17T13:19:04.812+0000] {processor.py:178} INFO - Processing /home/airflow/.local/lib/python3.7/site-packages/airflow/example_dags/example_xcomargs.py took 0.274 seconds
[2023-05-17T13:19:35.008+0000] {processor.py:156} INFO - Started process (PID=1190) to work on /home/airflow/.local/lib/python3.7/site-packages/airflow/example_dags/example_xcomargs.py
[2023-05-17T13:19:35.011+0000] {processor.py:799} INFO - Processing file /home/airflow/.local/lib/python3.7/site-packages/airflow/example_dags/example_xcomargs.py for tasks to queue
[2023-05-17T13:19:35.013+0000] {logging_mixin.py:149} INFO - [2023-05-17T13:19:35.012+0000] {dagbag.py:541} INFO - Filling up the DagBag from /home/airflow/.local/lib/python3.7/site-packages/airflow/example_dags/example_xcomargs.py
[2023-05-17T13:19:35.033+0000] {processor.py:809} INFO - DAG(s) dict_keys(['example_xcom_args_with_operators', 'example_xcom_args']) retrieved from /home/airflow/.local/lib/python3.7/site-packages/airflow/example_dags/example_xcomargs.py
[2023-05-17T13:19:35.116+0000] {logging_mixin.py:149} INFO - [2023-05-17T13:19:35.115+0000] {dag.py:2726} INFO - Sync 2 DAGs
[2023-05-17T13:19:35.190+0000] {logging_mixin.py:149} INFO - [2023-05-17T13:19:35.190+0000] {dag.py:3490} INFO - Setting next_dagrun for example_xcom_args to None, run_after=None
[2023-05-17T13:19:35.205+0000] {logging_mixin.py:149} INFO - [2023-05-17T13:19:35.205+0000] {dag.py:3490} INFO - Setting next_dagrun for example_xcom_args_with_operators to None, run_after=None
[2023-05-17T13:19:36.185+0000] {processor.py:178} INFO - Processing /home/airflow/.local/lib/python3.7/site-packages/airflow/example_dags/example_xcomargs.py took 1.185 seconds
[2023-05-17T13:20:07.313+0000] {processor.py:156} INFO - Started process (PID=1248) to work on /home/airflow/.local/lib/python3.7/site-packages/airflow/example_dags/example_xcomargs.py
[2023-05-17T13:20:07.315+0000] {processor.py:799} INFO - Processing file /home/airflow/.local/lib/python3.7/site-packages/airflow/example_dags/example_xcomargs.py for tasks to queue
[2023-05-17T13:20:07.318+0000] {logging_mixin.py:149} INFO - [2023-05-17T13:20:07.318+0000] {dagbag.py:541} INFO - Filling up the DagBag from /home/airflow/.local/lib/python3.7/site-packages/airflow/example_dags/example_xcomargs.py
[2023-05-17T13:20:07.346+0000] {processor.py:809} INFO - DAG(s) dict_keys(['example_xcom_args', 'example_xcom_args_with_operators']) retrieved from /home/airflow/.local/lib/python3.7/site-packages/airflow/example_dags/example_xcomargs.py
[2023-05-17T13:20:07.514+0000] {logging_mixin.py:149} INFO - [2023-05-17T13:20:07.514+0000] {dag.py:2726} INFO - Sync 2 DAGs
[2023-05-17T13:20:07.631+0000] {logging_mixin.py:149} INFO - [2023-05-17T13:20:07.631+0000] {dag.py:3490} INFO - Setting next_dagrun for example_xcom_args to None, run_after=None
[2023-05-17T13:20:07.648+0000] {logging_mixin.py:149} INFO - [2023-05-17T13:20:07.648+0000] {dag.py:3490} INFO - Setting next_dagrun for example_xcom_args_with_operators to None, run_after=None
[2023-05-17T13:20:08.209+0000] {processor.py:178} INFO - Processing /home/airflow/.local/lib/python3.7/site-packages/airflow/example_dags/example_xcomargs.py took 0.915 seconds
[2023-05-17T13:20:41.300+0000] {processor.py:156} INFO - Started process (PID=1302) to work on /home/airflow/.local/lib/python3.7/site-packages/airflow/example_dags/example_xcomargs.py
[2023-05-17T13:20:41.304+0000] {processor.py:799} INFO - Processing file /home/airflow/.local/lib/python3.7/site-packages/airflow/example_dags/example_xcomargs.py for tasks to queue
[2023-05-17T13:20:41.313+0000] {logging_mixin.py:149} INFO - [2023-05-17T13:20:41.311+0000] {dagbag.py:541} INFO - Filling up the DagBag from /home/airflow/.local/lib/python3.7/site-packages/airflow/example_dags/example_xcomargs.py
[2023-05-17T13:20:41.381+0000] {processor.py:809} INFO - DAG(s) dict_keys(['example_xcom_args_with_operators', 'example_xcom_args']) retrieved from /home/airflow/.local/lib/python3.7/site-packages/airflow/example_dags/example_xcomargs.py
[2023-05-17T13:20:41.750+0000] {logging_mixin.py:149} INFO - [2023-05-17T13:20:41.749+0000] {dag.py:2726} INFO - Sync 2 DAGs
[2023-05-17T13:20:41.938+0000] {logging_mixin.py:149} INFO - [2023-05-17T13:20:41.937+0000] {dag.py:3490} INFO - Setting next_dagrun for example_xcom_args to None, run_after=None
[2023-05-17T13:20:41.954+0000] {logging_mixin.py:149} INFO - [2023-05-17T13:20:41.953+0000] {dag.py:3490} INFO - Setting next_dagrun for example_xcom_args_with_operators to None, run_after=None
[2023-05-17T13:20:44.378+0000] {processor.py:178} INFO - Processing /home/airflow/.local/lib/python3.7/site-packages/airflow/example_dags/example_xcomargs.py took 3.117 seconds
[2023-05-17T13:21:14.637+0000] {processor.py:156} INFO - Started process (PID=1360) to work on /home/airflow/.local/lib/python3.7/site-packages/airflow/example_dags/example_xcomargs.py
[2023-05-17T13:21:14.640+0000] {processor.py:799} INFO - Processing file /home/airflow/.local/lib/python3.7/site-packages/airflow/example_dags/example_xcomargs.py for tasks to queue
[2023-05-17T13:21:14.645+0000] {logging_mixin.py:149} INFO - [2023-05-17T13:21:14.644+0000] {dagbag.py:541} INFO - Filling up the DagBag from /home/airflow/.local/lib/python3.7/site-packages/airflow/example_dags/example_xcomargs.py
[2023-05-17T13:21:14.666+0000] {processor.py:809} INFO - DAG(s) dict_keys(['example_xcom_args_with_operators', 'example_xcom_args']) retrieved from /home/airflow/.local/lib/python3.7/site-packages/airflow/example_dags/example_xcomargs.py
[2023-05-17T13:21:14.846+0000] {logging_mixin.py:149} INFO - [2023-05-17T13:21:14.845+0000] {dag.py:2726} INFO - Sync 2 DAGs
[2023-05-17T13:21:14.927+0000] {logging_mixin.py:149} INFO - [2023-05-17T13:21:14.926+0000] {dag.py:3490} INFO - Setting next_dagrun for example_xcom_args to None, run_after=None
[2023-05-17T13:21:14.941+0000] {logging_mixin.py:149} INFO - [2023-05-17T13:21:14.941+0000] {dag.py:3490} INFO - Setting next_dagrun for example_xcom_args_with_operators to None, run_after=None
[2023-05-17T13:21:15.065+0000] {processor.py:178} INFO - Processing /home/airflow/.local/lib/python3.7/site-packages/airflow/example_dags/example_xcomargs.py took 0.440 seconds
[2023-05-17T13:21:45.286+0000] {processor.py:156} INFO - Started process (PID=1418) to work on /home/airflow/.local/lib/python3.7/site-packages/airflow/example_dags/example_xcomargs.py
[2023-05-17T13:21:45.290+0000] {processor.py:799} INFO - Processing file /home/airflow/.local/lib/python3.7/site-packages/airflow/example_dags/example_xcomargs.py for tasks to queue
[2023-05-17T13:21:45.293+0000] {logging_mixin.py:149} INFO - [2023-05-17T13:21:45.293+0000] {dagbag.py:541} INFO - Filling up the DagBag from /home/airflow/.local/lib/python3.7/site-packages/airflow/example_dags/example_xcomargs.py
[2023-05-17T13:21:45.322+0000] {processor.py:809} INFO - DAG(s) dict_keys(['example_xcom_args', 'example_xcom_args_with_operators']) retrieved from /home/airflow/.local/lib/python3.7/site-packages/airflow/example_dags/example_xcomargs.py
[2023-05-17T13:21:45.411+0000] {logging_mixin.py:149} INFO - [2023-05-17T13:21:45.410+0000] {dag.py:2726} INFO - Sync 2 DAGs
[2023-05-17T13:21:45.530+0000] {logging_mixin.py:149} INFO - [2023-05-17T13:21:45.530+0000] {dag.py:3490} INFO - Setting next_dagrun for example_xcom_args to None, run_after=None
[2023-05-17T13:21:45.550+0000] {logging_mixin.py:149} INFO - [2023-05-17T13:21:45.550+0000] {dag.py:3490} INFO - Setting next_dagrun for example_xcom_args_with_operators to None, run_after=None
[2023-05-17T13:21:45.761+0000] {processor.py:178} INFO - Processing /home/airflow/.local/lib/python3.7/site-packages/airflow/example_dags/example_xcomargs.py took 0.486 seconds
[2023-05-17T13:22:33.095+0000] {processor.py:156} INFO - Started process (PID=1482) to work on /home/airflow/.local/lib/python3.7/site-packages/airflow/example_dags/example_xcomargs.py
[2023-05-17T13:22:33.100+0000] {processor.py:799} INFO - Processing file /home/airflow/.local/lib/python3.7/site-packages/airflow/example_dags/example_xcomargs.py for tasks to queue
[2023-05-17T13:22:33.103+0000] {logging_mixin.py:149} INFO - [2023-05-17T13:22:33.103+0000] {dagbag.py:541} INFO - Filling up the DagBag from /home/airflow/.local/lib/python3.7/site-packages/airflow/example_dags/example_xcomargs.py
[2023-05-17T13:22:33.140+0000] {processor.py:809} INFO - DAG(s) dict_keys(['example_xcom_args_with_operators', 'example_xcom_args']) retrieved from /home/airflow/.local/lib/python3.7/site-packages/airflow/example_dags/example_xcomargs.py
[2023-05-17T13:22:33.274+0000] {logging_mixin.py:149} INFO - [2023-05-17T13:22:33.274+0000] {dag.py:2726} INFO - Sync 2 DAGs
[2023-05-17T13:22:33.352+0000] {logging_mixin.py:149} INFO - [2023-05-17T13:22:33.352+0000] {dag.py:3490} INFO - Setting next_dagrun for example_xcom_args to None, run_after=None
[2023-05-17T13:22:33.360+0000] {logging_mixin.py:149} INFO - [2023-05-17T13:22:33.359+0000] {dag.py:3490} INFO - Setting next_dagrun for example_xcom_args_with_operators to None, run_after=None
[2023-05-17T13:22:33.626+0000] {processor.py:178} INFO - Processing /home/airflow/.local/lib/python3.7/site-packages/airflow/example_dags/example_xcomargs.py took 0.541 seconds
[2023-05-17T13:23:10.108+0000] {processor.py:156} INFO - Started process (PID=1526) to work on /home/airflow/.local/lib/python3.7/site-packages/airflow/example_dags/example_xcomargs.py
[2023-05-17T13:23:10.110+0000] {processor.py:799} INFO - Processing file /home/airflow/.local/lib/python3.7/site-packages/airflow/example_dags/example_xcomargs.py for tasks to queue
[2023-05-17T13:23:10.112+0000] {logging_mixin.py:149} INFO - [2023-05-17T13:23:10.112+0000] {dagbag.py:541} INFO - Filling up the DagBag from /home/airflow/.local/lib/python3.7/site-packages/airflow/example_dags/example_xcomargs.py
[2023-05-17T13:23:10.130+0000] {processor.py:809} INFO - DAG(s) dict_keys(['example_xcom_args_with_operators', 'example_xcom_args']) retrieved from /home/airflow/.local/lib/python3.7/site-packages/airflow/example_dags/example_xcomargs.py
[2023-05-17T13:23:10.212+0000] {logging_mixin.py:149} INFO - [2023-05-17T13:23:10.211+0000] {dag.py:2726} INFO - Sync 2 DAGs
[2023-05-17T13:23:10.281+0000] {logging_mixin.py:149} INFO - [2023-05-17T13:23:10.281+0000] {dag.py:3490} INFO - Setting next_dagrun for example_xcom_args to None, run_after=None
[2023-05-17T13:23:10.297+0000] {logging_mixin.py:149} INFO - [2023-05-17T13:23:10.296+0000] {dag.py:3490} INFO - Setting next_dagrun for example_xcom_args_with_operators to None, run_after=None
[2023-05-17T13:23:11.054+0000] {processor.py:178} INFO - Processing /home/airflow/.local/lib/python3.7/site-packages/airflow/example_dags/example_xcomargs.py took 0.960 seconds
[2023-05-17T13:23:41.377+0000] {processor.py:156} INFO - Started process (PID=1583) to work on /home/airflow/.local/lib/python3.7/site-packages/airflow/example_dags/example_xcomargs.py
[2023-05-17T13:23:41.381+0000] {processor.py:799} INFO - Processing file /home/airflow/.local/lib/python3.7/site-packages/airflow/example_dags/example_xcomargs.py for tasks to queue
[2023-05-17T13:23:41.383+0000] {logging_mixin.py:149} INFO - [2023-05-17T13:23:41.383+0000] {dagbag.py:541} INFO - Filling up the DagBag from /home/airflow/.local/lib/python3.7/site-packages/airflow/example_dags/example_xcomargs.py
[2023-05-17T13:23:41.401+0000] {processor.py:809} INFO - DAG(s) dict_keys(['example_xcom_args', 'example_xcom_args_with_operators']) retrieved from /home/airflow/.local/lib/python3.7/site-packages/airflow/example_dags/example_xcomargs.py
[2023-05-17T13:23:41.539+0000] {logging_mixin.py:149} INFO - [2023-05-17T13:23:41.539+0000] {dag.py:2726} INFO - Sync 2 DAGs
[2023-05-17T13:23:41.627+0000] {logging_mixin.py:149} INFO - [2023-05-17T13:23:41.626+0000] {dag.py:3490} INFO - Setting next_dagrun for example_xcom_args to None, run_after=None
[2023-05-17T13:23:41.639+0000] {logging_mixin.py:149} INFO - [2023-05-17T13:23:41.639+0000] {dag.py:3490} INFO - Setting next_dagrun for example_xcom_args_with_operators to None, run_after=None
[2023-05-17T13:23:41.860+0000] {processor.py:178} INFO - Processing /home/airflow/.local/lib/python3.7/site-packages/airflow/example_dags/example_xcomargs.py took 0.489 seconds
[2023-05-17T13:24:12.364+0000] {processor.py:156} INFO - Started process (PID=1642) to work on /home/airflow/.local/lib/python3.7/site-packages/airflow/example_dags/example_xcomargs.py
[2023-05-17T13:24:12.368+0000] {processor.py:799} INFO - Processing file /home/airflow/.local/lib/python3.7/site-packages/airflow/example_dags/example_xcomargs.py for tasks to queue
[2023-05-17T13:24:12.371+0000] {logging_mixin.py:149} INFO - [2023-05-17T13:24:12.370+0000] {dagbag.py:541} INFO - Filling up the DagBag from /home/airflow/.local/lib/python3.7/site-packages/airflow/example_dags/example_xcomargs.py
[2023-05-17T13:24:12.401+0000] {processor.py:809} INFO - DAG(s) dict_keys(['example_xcom_args_with_operators', 'example_xcom_args']) retrieved from /home/airflow/.local/lib/python3.7/site-packages/airflow/example_dags/example_xcomargs.py
[2023-05-17T13:24:12.544+0000] {logging_mixin.py:149} INFO - [2023-05-17T13:24:12.544+0000] {dag.py:2726} INFO - Sync 2 DAGs
[2023-05-17T13:24:12.675+0000] {logging_mixin.py:149} INFO - [2023-05-17T13:24:12.675+0000] {dag.py:3490} INFO - Setting next_dagrun for example_xcom_args to None, run_after=None
[2023-05-17T13:24:12.712+0000] {logging_mixin.py:149} INFO - [2023-05-17T13:24:12.711+0000] {dag.py:3490} INFO - Setting next_dagrun for example_xcom_args_with_operators to None, run_after=None
[2023-05-17T13:24:12.874+0000] {processor.py:178} INFO - Processing /home/airflow/.local/lib/python3.7/site-packages/airflow/example_dags/example_xcomargs.py took 0.520 seconds
[2023-05-17T13:24:44.416+0000] {processor.py:156} INFO - Started process (PID=1693) to work on /home/airflow/.local/lib/python3.7/site-packages/airflow/example_dags/example_xcomargs.py
[2023-05-17T13:24:44.418+0000] {processor.py:799} INFO - Processing file /home/airflow/.local/lib/python3.7/site-packages/airflow/example_dags/example_xcomargs.py for tasks to queue
[2023-05-17T13:24:44.420+0000] {logging_mixin.py:149} INFO - [2023-05-17T13:24:44.419+0000] {dagbag.py:541} INFO - Filling up the DagBag from /home/airflow/.local/lib/python3.7/site-packages/airflow/example_dags/example_xcomargs.py
[2023-05-17T13:24:44.439+0000] {processor.py:809} INFO - DAG(s) dict_keys(['example_xcom_args_with_operators', 'example_xcom_args']) retrieved from /home/airflow/.local/lib/python3.7/site-packages/airflow/example_dags/example_xcomargs.py
[2023-05-17T13:24:44.501+0000] {logging_mixin.py:149} INFO - [2023-05-17T13:24:44.500+0000] {dag.py:2726} INFO - Sync 2 DAGs
[2023-05-17T13:24:44.558+0000] {logging_mixin.py:149} INFO - [2023-05-17T13:24:44.558+0000] {dag.py:3490} INFO - Setting next_dagrun for example_xcom_args to None, run_after=None
[2023-05-17T13:24:44.567+0000] {logging_mixin.py:149} INFO - [2023-05-17T13:24:44.567+0000] {dag.py:3490} INFO - Setting next_dagrun for example_xcom_args_with_operators to None, run_after=None
[2023-05-17T13:24:45.537+0000] {processor.py:178} INFO - Processing /home/airflow/.local/lib/python3.7/site-packages/airflow/example_dags/example_xcomargs.py took 1.127 seconds
[2023-05-17T13:25:15.794+0000] {processor.py:156} INFO - Started process (PID=1751) to work on /home/airflow/.local/lib/python3.7/site-packages/airflow/example_dags/example_xcomargs.py
[2023-05-17T13:25:15.818+0000] {processor.py:799} INFO - Processing file /home/airflow/.local/lib/python3.7/site-packages/airflow/example_dags/example_xcomargs.py for tasks to queue
[2023-05-17T13:25:15.830+0000] {logging_mixin.py:149} INFO - [2023-05-17T13:25:15.829+0000] {dagbag.py:541} INFO - Filling up the DagBag from /home/airflow/.local/lib/python3.7/site-packages/airflow/example_dags/example_xcomargs.py
[2023-05-17T13:25:15.865+0000] {processor.py:809} INFO - DAG(s) dict_keys(['example_xcom_args_with_operators', 'example_xcom_args']) retrieved from /home/airflow/.local/lib/python3.7/site-packages/airflow/example_dags/example_xcomargs.py
[2023-05-17T13:25:15.935+0000] {logging_mixin.py:149} INFO - [2023-05-17T13:25:15.935+0000] {dag.py:2726} INFO - Sync 2 DAGs
[2023-05-17T13:25:16.005+0000] {logging_mixin.py:149} INFO - [2023-05-17T13:25:16.004+0000] {dag.py:3490} INFO - Setting next_dagrun for example_xcom_args to None, run_after=None
[2023-05-17T13:25:16.013+0000] {logging_mixin.py:149} INFO - [2023-05-17T13:25:16.013+0000] {dag.py:3490} INFO - Setting next_dagrun for example_xcom_args_with_operators to None, run_after=None
[2023-05-17T13:25:16.181+0000] {processor.py:178} INFO - Processing /home/airflow/.local/lib/python3.7/site-packages/airflow/example_dags/example_xcomargs.py took 0.410 seconds
[2023-05-17T13:25:48.475+0000] {processor.py:156} INFO - Started process (PID=1809) to work on /home/airflow/.local/lib/python3.7/site-packages/airflow/example_dags/example_xcomargs.py
[2023-05-17T13:25:48.478+0000] {processor.py:799} INFO - Processing file /home/airflow/.local/lib/python3.7/site-packages/airflow/example_dags/example_xcomargs.py for tasks to queue
[2023-05-17T13:25:48.482+0000] {logging_mixin.py:149} INFO - [2023-05-17T13:25:48.481+0000] {dagbag.py:541} INFO - Filling up the DagBag from /home/airflow/.local/lib/python3.7/site-packages/airflow/example_dags/example_xcomargs.py
[2023-05-17T13:25:48.723+0000] {processor.py:809} INFO - DAG(s) dict_keys(['example_xcom_args_with_operators', 'example_xcom_args']) retrieved from /home/airflow/.local/lib/python3.7/site-packages/airflow/example_dags/example_xcomargs.py
[2023-05-17T13:25:48.789+0000] {logging_mixin.py:149} INFO - [2023-05-17T13:25:48.788+0000] {dag.py:2726} INFO - Sync 2 DAGs
[2023-05-17T13:25:48.856+0000] {logging_mixin.py:149} INFO - [2023-05-17T13:25:48.856+0000] {dag.py:3490} INFO - Setting next_dagrun for example_xcom_args to None, run_after=None
[2023-05-17T13:25:48.867+0000] {logging_mixin.py:149} INFO - [2023-05-17T13:25:48.867+0000] {dag.py:3490} INFO - Setting next_dagrun for example_xcom_args_with_operators to None, run_after=None
[2023-05-17T13:25:50.237+0000] {processor.py:178} INFO - Processing /home/airflow/.local/lib/python3.7/site-packages/airflow/example_dags/example_xcomargs.py took 1.769 seconds
[2023-05-17T13:26:23.129+0000] {processor.py:156} INFO - Started process (PID=1860) to work on /home/airflow/.local/lib/python3.7/site-packages/airflow/example_dags/example_xcomargs.py
[2023-05-17T13:26:23.131+0000] {processor.py:799} INFO - Processing file /home/airflow/.local/lib/python3.7/site-packages/airflow/example_dags/example_xcomargs.py for tasks to queue
[2023-05-17T13:26:23.134+0000] {logging_mixin.py:149} INFO - [2023-05-17T13:26:23.134+0000] {dagbag.py:541} INFO - Filling up the DagBag from /home/airflow/.local/lib/python3.7/site-packages/airflow/example_dags/example_xcomargs.py
[2023-05-17T13:26:23.159+0000] {processor.py:809} INFO - DAG(s) dict_keys(['example_xcom_args_with_operators', 'example_xcom_args']) retrieved from /home/airflow/.local/lib/python3.7/site-packages/airflow/example_dags/example_xcomargs.py
[2023-05-17T13:26:23.235+0000] {logging_mixin.py:149} INFO - [2023-05-17T13:26:23.234+0000] {dag.py:2726} INFO - Sync 2 DAGs
[2023-05-17T13:26:23.326+0000] {logging_mixin.py:149} INFO - [2023-05-17T13:26:23.326+0000] {dag.py:3490} INFO - Setting next_dagrun for example_xcom_args to None, run_after=None
[2023-05-17T13:26:23.343+0000] {logging_mixin.py:149} INFO - [2023-05-17T13:26:23.342+0000] {dag.py:3490} INFO - Setting next_dagrun for example_xcom_args_with_operators to None, run_after=None
[2023-05-17T13:26:24.269+0000] {processor.py:178} INFO - Processing /home/airflow/.local/lib/python3.7/site-packages/airflow/example_dags/example_xcomargs.py took 1.149 seconds
[2023-05-17T13:26:54.635+0000] {processor.py:156} INFO - Started process (PID=1913) to work on /home/airflow/.local/lib/python3.7/site-packages/airflow/example_dags/example_xcomargs.py
[2023-05-17T13:26:54.638+0000] {processor.py:799} INFO - Processing file /home/airflow/.local/lib/python3.7/site-packages/airflow/example_dags/example_xcomargs.py for tasks to queue
[2023-05-17T13:26:54.640+0000] {logging_mixin.py:149} INFO - [2023-05-17T13:26:54.640+0000] {dagbag.py:541} INFO - Filling up the DagBag from /home/airflow/.local/lib/python3.7/site-packages/airflow/example_dags/example_xcomargs.py
[2023-05-17T13:26:54.668+0000] {processor.py:809} INFO - DAG(s) dict_keys(['example_xcom_args', 'example_xcom_args_with_operators']) retrieved from /home/airflow/.local/lib/python3.7/site-packages/airflow/example_dags/example_xcomargs.py
[2023-05-17T13:26:54.772+0000] {logging_mixin.py:149} INFO - [2023-05-17T13:26:54.771+0000] {dag.py:2726} INFO - Sync 2 DAGs
[2023-05-17T13:26:54.846+0000] {logging_mixin.py:149} INFO - [2023-05-17T13:26:54.846+0000] {dag.py:3490} INFO - Setting next_dagrun for example_xcom_args to None, run_after=None
[2023-05-17T13:26:54.855+0000] {logging_mixin.py:149} INFO - [2023-05-17T13:26:54.854+0000] {dag.py:3490} INFO - Setting next_dagrun for example_xcom_args_with_operators to None, run_after=None
[2023-05-17T13:26:55.064+0000] {processor.py:178} INFO - Processing /home/airflow/.local/lib/python3.7/site-packages/airflow/example_dags/example_xcomargs.py took 0.438 seconds
[2023-05-17T13:32:03.968+0000] {processor.py:156} INFO - Started process (PID=56) to work on /home/airflow/.local/lib/python3.7/site-packages/airflow/example_dags/example_xcomargs.py
[2023-05-17T13:32:03.970+0000] {processor.py:799} INFO - Processing file /home/airflow/.local/lib/python3.7/site-packages/airflow/example_dags/example_xcomargs.py for tasks to queue
[2023-05-17T13:32:03.973+0000] {logging_mixin.py:149} INFO - [2023-05-17T13:32:03.972+0000] {dagbag.py:541} INFO - Filling up the DagBag from /home/airflow/.local/lib/python3.7/site-packages/airflow/example_dags/example_xcomargs.py
[2023-05-17T13:32:04.041+0000] {processor.py:809} INFO - DAG(s) dict_keys(['example_xcom_args_with_operators', 'example_xcom_args']) retrieved from /home/airflow/.local/lib/python3.7/site-packages/airflow/example_dags/example_xcomargs.py
[2023-05-17T13:32:04.186+0000] {logging_mixin.py:149} INFO - [2023-05-17T13:32:04.185+0000] {dag.py:2726} INFO - Sync 2 DAGs
[2023-05-17T13:32:04.310+0000] {logging_mixin.py:149} INFO - [2023-05-17T13:32:04.310+0000] {dag.py:3490} INFO - Setting next_dagrun for example_xcom_args to None, run_after=None
[2023-05-17T13:32:04.324+0000] {logging_mixin.py:149} INFO - [2023-05-17T13:32:04.324+0000] {dag.py:3490} INFO - Setting next_dagrun for example_xcom_args_with_operators to None, run_after=None
[2023-05-17T13:32:04.829+0000] {processor.py:178} INFO - Processing /home/airflow/.local/lib/python3.7/site-packages/airflow/example_dags/example_xcomargs.py took 0.880 seconds
[2023-05-17T13:33:23.158+0000] {processor.py:156} INFO - Started process (PID=112) to work on /home/airflow/.local/lib/python3.7/site-packages/airflow/example_dags/example_xcomargs.py
[2023-05-17T13:33:23.160+0000] {processor.py:799} INFO - Processing file /home/airflow/.local/lib/python3.7/site-packages/airflow/example_dags/example_xcomargs.py for tasks to queue
[2023-05-17T13:33:23.164+0000] {logging_mixin.py:149} INFO - [2023-05-17T13:33:23.163+0000] {dagbag.py:541} INFO - Filling up the DagBag from /home/airflow/.local/lib/python3.7/site-packages/airflow/example_dags/example_xcomargs.py
[2023-05-17T13:33:23.603+0000] {processor.py:809} INFO - DAG(s) dict_keys(['example_xcom_args', 'example_xcom_args_with_operators']) retrieved from /home/airflow/.local/lib/python3.7/site-packages/airflow/example_dags/example_xcomargs.py
[2023-05-17T13:33:26.689+0000] {logging_mixin.py:149} INFO - [2023-05-17T13:33:26.689+0000] {dag.py:2726} INFO - Sync 2 DAGs
[2023-05-17T13:33:26.852+0000] {logging_mixin.py:149} INFO - [2023-05-17T13:33:26.851+0000] {dag.py:3490} INFO - Setting next_dagrun for example_xcom_args to None, run_after=None
[2023-05-17T13:33:26.871+0000] {logging_mixin.py:149} INFO - [2023-05-17T13:33:26.871+0000] {dag.py:3490} INFO - Setting next_dagrun for example_xcom_args_with_operators to None, run_after=None
[2023-05-17T13:33:27.305+0000] {processor.py:178} INFO - Processing /home/airflow/.local/lib/python3.7/site-packages/airflow/example_dags/example_xcomargs.py took 4.153 seconds
[2023-05-17T13:34:23.903+0000] {processor.py:156} INFO - Started process (PID=164) to work on /home/airflow/.local/lib/python3.7/site-packages/airflow/example_dags/example_xcomargs.py
[2023-05-17T13:34:23.907+0000] {processor.py:799} INFO - Processing file /home/airflow/.local/lib/python3.7/site-packages/airflow/example_dags/example_xcomargs.py for tasks to queue
[2023-05-17T13:34:23.909+0000] {logging_mixin.py:149} INFO - [2023-05-17T13:34:23.909+0000] {dagbag.py:541} INFO - Filling up the DagBag from /home/airflow/.local/lib/python3.7/site-packages/airflow/example_dags/example_xcomargs.py
[2023-05-17T13:34:23.927+0000] {processor.py:809} INFO - DAG(s) dict_keys(['example_xcom_args', 'example_xcom_args_with_operators']) retrieved from /home/airflow/.local/lib/python3.7/site-packages/airflow/example_dags/example_xcomargs.py
[2023-05-17T13:34:23.987+0000] {logging_mixin.py:149} INFO - [2023-05-17T13:34:23.987+0000] {dag.py:2726} INFO - Sync 2 DAGs
[2023-05-17T13:34:24.056+0000] {logging_mixin.py:149} INFO - [2023-05-17T13:34:24.055+0000] {dag.py:3490} INFO - Setting next_dagrun for example_xcom_args to None, run_after=None
[2023-05-17T13:34:24.064+0000] {logging_mixin.py:149} INFO - [2023-05-17T13:34:24.064+0000] {dag.py:3490} INFO - Setting next_dagrun for example_xcom_args_with_operators to None, run_after=None
[2023-05-17T13:34:24.352+0000] {processor.py:178} INFO - Processing /home/airflow/.local/lib/python3.7/site-packages/airflow/example_dags/example_xcomargs.py took 0.456 seconds
[2023-05-17T13:36:36.634+0000] {processor.py:156} INFO - Started process (PID=222) to work on /home/airflow/.local/lib/python3.7/site-packages/airflow/example_dags/example_xcomargs.py
[2023-05-17T13:36:36.638+0000] {processor.py:799} INFO - Processing file /home/airflow/.local/lib/python3.7/site-packages/airflow/example_dags/example_xcomargs.py for tasks to queue
[2023-05-17T13:36:36.642+0000] {logging_mixin.py:149} INFO - [2023-05-17T13:36:36.641+0000] {dagbag.py:541} INFO - Filling up the DagBag from /home/airflow/.local/lib/python3.7/site-packages/airflow/example_dags/example_xcomargs.py
[2023-05-17T13:36:36.820+0000] {processor.py:809} INFO - DAG(s) dict_keys(['example_xcom_args_with_operators', 'example_xcom_args']) retrieved from /home/airflow/.local/lib/python3.7/site-packages/airflow/example_dags/example_xcomargs.py
[2023-05-17T13:36:36.903+0000] {logging_mixin.py:149} INFO - [2023-05-17T13:36:36.903+0000] {dag.py:2726} INFO - Sync 2 DAGs
[2023-05-17T13:36:36.966+0000] {logging_mixin.py:149} INFO - [2023-05-17T13:36:36.965+0000] {dag.py:3490} INFO - Setting next_dagrun for example_xcom_args to None, run_after=None
[2023-05-17T13:36:36.978+0000] {logging_mixin.py:149} INFO - [2023-05-17T13:36:36.978+0000] {dag.py:3490} INFO - Setting next_dagrun for example_xcom_args_with_operators to None, run_after=None
[2023-05-17T13:36:37.251+0000] {processor.py:178} INFO - Processing /home/airflow/.local/lib/python3.7/site-packages/airflow/example_dags/example_xcomargs.py took 0.648 seconds
[2023-05-17T13:37:14.966+0000] {processor.py:156} INFO - Started process (PID=279) to work on /home/airflow/.local/lib/python3.7/site-packages/airflow/example_dags/example_xcomargs.py
[2023-05-17T13:37:14.969+0000] {processor.py:799} INFO - Processing file /home/airflow/.local/lib/python3.7/site-packages/airflow/example_dags/example_xcomargs.py for tasks to queue
[2023-05-17T13:37:14.971+0000] {logging_mixin.py:149} INFO - [2023-05-17T13:37:14.971+0000] {dagbag.py:541} INFO - Filling up the DagBag from /home/airflow/.local/lib/python3.7/site-packages/airflow/example_dags/example_xcomargs.py
[2023-05-17T13:37:14.989+0000] {processor.py:809} INFO - DAG(s) dict_keys(['example_xcom_args_with_operators', 'example_xcom_args']) retrieved from /home/airflow/.local/lib/python3.7/site-packages/airflow/example_dags/example_xcomargs.py
[2023-05-17T13:37:15.045+0000] {logging_mixin.py:149} INFO - [2023-05-17T13:37:15.045+0000] {dag.py:2726} INFO - Sync 2 DAGs
[2023-05-17T13:37:15.101+0000] {logging_mixin.py:149} INFO - [2023-05-17T13:37:15.101+0000] {dag.py:3490} INFO - Setting next_dagrun for example_xcom_args to None, run_after=None
[2023-05-17T13:37:15.109+0000] {logging_mixin.py:149} INFO - [2023-05-17T13:37:15.108+0000] {dag.py:3490} INFO - Setting next_dagrun for example_xcom_args_with_operators to None, run_after=None
[2023-05-17T13:37:16.532+0000] {processor.py:178} INFO - Processing /home/airflow/.local/lib/python3.7/site-packages/airflow/example_dags/example_xcomargs.py took 1.573 seconds
[2023-05-17T13:37:46.852+0000] {processor.py:156} INFO - Started process (PID=333) to work on /home/airflow/.local/lib/python3.7/site-packages/airflow/example_dags/example_xcomargs.py
[2023-05-17T13:37:46.854+0000] {processor.py:799} INFO - Processing file /home/airflow/.local/lib/python3.7/site-packages/airflow/example_dags/example_xcomargs.py for tasks to queue
[2023-05-17T13:37:46.857+0000] {logging_mixin.py:149} INFO - [2023-05-17T13:37:46.856+0000] {dagbag.py:541} INFO - Filling up the DagBag from /home/airflow/.local/lib/python3.7/site-packages/airflow/example_dags/example_xcomargs.py
[2023-05-17T13:37:46.887+0000] {processor.py:809} INFO - DAG(s) dict_keys(['example_xcom_args_with_operators', 'example_xcom_args']) retrieved from /home/airflow/.local/lib/python3.7/site-packages/airflow/example_dags/example_xcomargs.py
[2023-05-17T13:37:47.003+0000] {logging_mixin.py:149} INFO - [2023-05-17T13:37:47.003+0000] {dag.py:2726} INFO - Sync 2 DAGs
[2023-05-17T13:37:47.109+0000] {logging_mixin.py:149} INFO - [2023-05-17T13:37:47.109+0000] {dag.py:3490} INFO - Setting next_dagrun for example_xcom_args to None, run_after=None
[2023-05-17T13:37:47.125+0000] {logging_mixin.py:149} INFO - [2023-05-17T13:37:47.125+0000] {dag.py:3490} INFO - Setting next_dagrun for example_xcom_args_with_operators to None, run_after=None
[2023-05-17T13:37:47.309+0000] {processor.py:178} INFO - Processing /home/airflow/.local/lib/python3.7/site-packages/airflow/example_dags/example_xcomargs.py took 0.473 seconds
[2023-05-17T13:38:17.845+0000] {processor.py:156} INFO - Started process (PID=391) to work on /home/airflow/.local/lib/python3.7/site-packages/airflow/example_dags/example_xcomargs.py
[2023-05-17T13:38:17.847+0000] {processor.py:799} INFO - Processing file /home/airflow/.local/lib/python3.7/site-packages/airflow/example_dags/example_xcomargs.py for tasks to queue
[2023-05-17T13:38:17.849+0000] {logging_mixin.py:149} INFO - [2023-05-17T13:38:17.849+0000] {dagbag.py:541} INFO - Filling up the DagBag from /home/airflow/.local/lib/python3.7/site-packages/airflow/example_dags/example_xcomargs.py
[2023-05-17T13:38:17.864+0000] {processor.py:809} INFO - DAG(s) dict_keys(['example_xcom_args_with_operators', 'example_xcom_args']) retrieved from /home/airflow/.local/lib/python3.7/site-packages/airflow/example_dags/example_xcomargs.py
[2023-05-17T13:38:17.924+0000] {logging_mixin.py:149} INFO - [2023-05-17T13:38:17.923+0000] {dag.py:2726} INFO - Sync 2 DAGs
[2023-05-17T13:38:17.974+0000] {logging_mixin.py:149} INFO - [2023-05-17T13:38:17.974+0000] {dag.py:3490} INFO - Setting next_dagrun for example_xcom_args to None, run_after=None
[2023-05-17T13:38:17.984+0000] {logging_mixin.py:149} INFO - [2023-05-17T13:38:17.983+0000] {dag.py:3490} INFO - Setting next_dagrun for example_xcom_args_with_operators to None, run_after=None
[2023-05-17T13:38:18.119+0000] {processor.py:178} INFO - Processing /home/airflow/.local/lib/python3.7/site-packages/airflow/example_dags/example_xcomargs.py took 0.280 seconds
[2023-05-17T13:38:48.744+0000] {processor.py:156} INFO - Started process (PID=449) to work on /home/airflow/.local/lib/python3.7/site-packages/airflow/example_dags/example_xcomargs.py
[2023-05-17T13:38:48.747+0000] {processor.py:799} INFO - Processing file /home/airflow/.local/lib/python3.7/site-packages/airflow/example_dags/example_xcomargs.py for tasks to queue
[2023-05-17T13:38:48.749+0000] {logging_mixin.py:149} INFO - [2023-05-17T13:38:48.748+0000] {dagbag.py:541} INFO - Filling up the DagBag from /home/airflow/.local/lib/python3.7/site-packages/airflow/example_dags/example_xcomargs.py
[2023-05-17T13:38:48.763+0000] {processor.py:809} INFO - DAG(s) dict_keys(['example_xcom_args', 'example_xcom_args_with_operators']) retrieved from /home/airflow/.local/lib/python3.7/site-packages/airflow/example_dags/example_xcomargs.py
[2023-05-17T13:38:48.826+0000] {logging_mixin.py:149} INFO - [2023-05-17T13:38:48.825+0000] {dag.py:2726} INFO - Sync 2 DAGs
[2023-05-17T13:38:48.883+0000] {logging_mixin.py:149} INFO - [2023-05-17T13:38:48.883+0000] {dag.py:3490} INFO - Setting next_dagrun for example_xcom_args to None, run_after=None
[2023-05-17T13:38:48.895+0000] {logging_mixin.py:149} INFO - [2023-05-17T13:38:48.894+0000] {dag.py:3490} INFO - Setting next_dagrun for example_xcom_args_with_operators to None, run_after=None
[2023-05-17T13:38:49.016+0000] {processor.py:178} INFO - Processing /home/airflow/.local/lib/python3.7/site-packages/airflow/example_dags/example_xcomargs.py took 0.282 seconds
[2023-05-17T13:39:19.979+0000] {processor.py:156} INFO - Started process (PID=508) to work on /home/airflow/.local/lib/python3.7/site-packages/airflow/example_dags/example_xcomargs.py
[2023-05-17T13:39:19.984+0000] {processor.py:799} INFO - Processing file /home/airflow/.local/lib/python3.7/site-packages/airflow/example_dags/example_xcomargs.py for tasks to queue
[2023-05-17T13:39:19.988+0000] {logging_mixin.py:149} INFO - [2023-05-17T13:39:19.988+0000] {dagbag.py:541} INFO - Filling up the DagBag from /home/airflow/.local/lib/python3.7/site-packages/airflow/example_dags/example_xcomargs.py
[2023-05-17T13:39:20.010+0000] {processor.py:809} INFO - DAG(s) dict_keys(['example_xcom_args_with_operators', 'example_xcom_args']) retrieved from /home/airflow/.local/lib/python3.7/site-packages/airflow/example_dags/example_xcomargs.py
[2023-05-17T13:39:20.144+0000] {logging_mixin.py:149} INFO - [2023-05-17T13:39:20.144+0000] {dag.py:2726} INFO - Sync 2 DAGs
[2023-05-17T13:39:20.250+0000] {logging_mixin.py:149} INFO - [2023-05-17T13:39:20.249+0000] {dag.py:3490} INFO - Setting next_dagrun for example_xcom_args to None, run_after=None
[2023-05-17T13:39:20.264+0000] {logging_mixin.py:149} INFO - [2023-05-17T13:39:20.262+0000] {dag.py:3490} INFO - Setting next_dagrun for example_xcom_args_with_operators to None, run_after=None
[2023-05-17T13:39:20.428+0000] {processor.py:178} INFO - Processing /home/airflow/.local/lib/python3.7/site-packages/airflow/example_dags/example_xcomargs.py took 0.458 seconds
[2023-05-17T13:39:50.621+0000] {processor.py:156} INFO - Started process (PID=567) to work on /home/airflow/.local/lib/python3.7/site-packages/airflow/example_dags/example_xcomargs.py
[2023-05-17T13:39:50.624+0000] {processor.py:799} INFO - Processing file /home/airflow/.local/lib/python3.7/site-packages/airflow/example_dags/example_xcomargs.py for tasks to queue
[2023-05-17T13:39:50.626+0000] {logging_mixin.py:149} INFO - [2023-05-17T13:39:50.626+0000] {dagbag.py:541} INFO - Filling up the DagBag from /home/airflow/.local/lib/python3.7/site-packages/airflow/example_dags/example_xcomargs.py
[2023-05-17T13:39:50.643+0000] {processor.py:809} INFO - DAG(s) dict_keys(['example_xcom_args_with_operators', 'example_xcom_args']) retrieved from /home/airflow/.local/lib/python3.7/site-packages/airflow/example_dags/example_xcomargs.py
[2023-05-17T13:39:50.707+0000] {logging_mixin.py:149} INFO - [2023-05-17T13:39:50.706+0000] {dag.py:2726} INFO - Sync 2 DAGs
[2023-05-17T13:39:50.767+0000] {logging_mixin.py:149} INFO - [2023-05-17T13:39:50.767+0000] {dag.py:3490} INFO - Setting next_dagrun for example_xcom_args to None, run_after=None
[2023-05-17T13:39:50.778+0000] {logging_mixin.py:149} INFO - [2023-05-17T13:39:50.778+0000] {dag.py:3490} INFO - Setting next_dagrun for example_xcom_args_with_operators to None, run_after=None
[2023-05-17T13:39:50.936+0000] {processor.py:178} INFO - Processing /home/airflow/.local/lib/python3.7/site-packages/airflow/example_dags/example_xcomargs.py took 0.324 seconds
