[2023-05-17T13:08:13.655+0000] {processor.py:156} INFO - Started process (PID=182) to work on /home/airflow/.local/lib/python3.7/site-packages/airflow/example_dags/example_branch_operator_decorator.py
[2023-05-17T13:08:13.796+0000] {processor.py:799} INFO - Processing file /home/airflow/.local/lib/python3.7/site-packages/airflow/example_dags/example_branch_operator_decorator.py for tasks to queue
[2023-05-17T13:08:13.995+0000] {logging_mixin.py:149} INFO - [2023-05-17T13:08:13.994+0000] {dagbag.py:541} INFO - Filling up the DagBag from /home/airflow/.local/lib/python3.7/site-packages/airflow/example_dags/example_branch_operator_decorator.py
[2023-05-17T13:08:15.873+0000] {processor.py:809} INFO - DAG(s) dict_keys(['example_branch_python_operator_decorator']) retrieved from /home/airflow/.local/lib/python3.7/site-packages/airflow/example_dags/example_branch_operator_decorator.py
[2023-05-17T13:08:30.570+0000] {logging_mixin.py:149} INFO - [2023-05-17T13:08:30.570+0000] {manager.py:504} INFO - Created Permission View: can read on DAG:example_branch_python_operator_decorator
[2023-05-17T13:08:31.391+0000] {logging_mixin.py:149} INFO - [2023-05-17T13:08:31.389+0000] {manager.py:504} INFO - Created Permission View: can edit on DAG:example_branch_python_operator_decorator
[2023-05-17T13:08:31.687+0000] {logging_mixin.py:149} INFO - [2023-05-17T13:08:31.686+0000] {manager.py:504} INFO - Created Permission View: can delete on DAG:example_branch_python_operator_decorator
[2023-05-17T13:08:31.854+0000] {logging_mixin.py:149} INFO - [2023-05-17T13:08:31.853+0000] {dag.py:2726} INFO - Sync 1 DAGs
[2023-05-17T13:08:31.987+0000] {logging_mixin.py:149} INFO - [2023-05-17T13:08:31.987+0000] {dag.py:2747} INFO - Creating ORM DAG for example_branch_python_operator_decorator
[2023-05-17T13:08:32.397+0000] {logging_mixin.py:149} INFO - [2023-05-17T13:08:32.392+0000] {dag.py:3490} INFO - Setting next_dagrun for example_branch_python_operator_decorator to 2023-05-16T00:00:00+00:00, run_after=2023-05-17T00:00:00+00:00
[2023-05-17T13:08:32.904+0000] {processor.py:178} INFO - Processing /home/airflow/.local/lib/python3.7/site-packages/airflow/example_dags/example_branch_operator_decorator.py took 19.690 seconds
[2023-05-17T13:09:21.147+0000] {processor.py:156} INFO - Started process (PID=254) to work on /home/airflow/.local/lib/python3.7/site-packages/airflow/example_dags/example_branch_operator_decorator.py
[2023-05-17T13:09:21.149+0000] {processor.py:799} INFO - Processing file /home/airflow/.local/lib/python3.7/site-packages/airflow/example_dags/example_branch_operator_decorator.py for tasks to queue
[2023-05-17T13:09:21.160+0000] {logging_mixin.py:149} INFO - [2023-05-17T13:09:21.159+0000] {dagbag.py:541} INFO - Filling up the DagBag from /home/airflow/.local/lib/python3.7/site-packages/airflow/example_dags/example_branch_operator_decorator.py
[2023-05-17T13:09:21.207+0000] {processor.py:809} INFO - DAG(s) dict_keys(['example_branch_python_operator_decorator']) retrieved from /home/airflow/.local/lib/python3.7/site-packages/airflow/example_dags/example_branch_operator_decorator.py
[2023-05-17T13:09:21.457+0000] {logging_mixin.py:149} INFO - [2023-05-17T13:09:21.456+0000] {dag.py:2726} INFO - Sync 1 DAGs
[2023-05-17T13:09:21.614+0000] {logging_mixin.py:149} INFO - [2023-05-17T13:09:21.613+0000] {dag.py:3490} INFO - Setting next_dagrun for example_branch_python_operator_decorator to 2023-05-16T00:00:00+00:00, run_after=2023-05-17T00:00:00+00:00
[2023-05-17T13:09:22.109+0000] {processor.py:178} INFO - Processing /home/airflow/.local/lib/python3.7/site-packages/airflow/example_dags/example_branch_operator_decorator.py took 0.980 seconds
[2023-05-17T13:09:59.862+0000] {processor.py:156} INFO - Started process (PID=314) to work on /home/airflow/.local/lib/python3.7/site-packages/airflow/example_dags/example_branch_operator_decorator.py
[2023-05-17T13:09:59.864+0000] {processor.py:799} INFO - Processing file /home/airflow/.local/lib/python3.7/site-packages/airflow/example_dags/example_branch_operator_decorator.py for tasks to queue
[2023-05-17T13:09:59.866+0000] {logging_mixin.py:149} INFO - [2023-05-17T13:09:59.866+0000] {dagbag.py:541} INFO - Filling up the DagBag from /home/airflow/.local/lib/python3.7/site-packages/airflow/example_dags/example_branch_operator_decorator.py
[2023-05-17T13:09:59.909+0000] {processor.py:809} INFO - DAG(s) dict_keys(['example_branch_python_operator_decorator']) retrieved from /home/airflow/.local/lib/python3.7/site-packages/airflow/example_dags/example_branch_operator_decorator.py
[2023-05-17T13:09:59.991+0000] {logging_mixin.py:149} INFO - [2023-05-17T13:09:59.991+0000] {dag.py:2726} INFO - Sync 1 DAGs
[2023-05-17T13:10:00.077+0000] {logging_mixin.py:149} INFO - [2023-05-17T13:10:00.072+0000] {dag.py:3490} INFO - Setting next_dagrun for example_branch_python_operator_decorator to 2023-05-16T00:00:00+00:00, run_after=2023-05-17T00:00:00+00:00
[2023-05-17T13:10:00.222+0000] {processor.py:178} INFO - Processing /home/airflow/.local/lib/python3.7/site-packages/airflow/example_dags/example_branch_operator_decorator.py took 0.368 seconds
[2023-05-17T13:10:30.458+0000] {processor.py:156} INFO - Started process (PID=367) to work on /home/airflow/.local/lib/python3.7/site-packages/airflow/example_dags/example_branch_operator_decorator.py
[2023-05-17T13:10:30.461+0000] {processor.py:799} INFO - Processing file /home/airflow/.local/lib/python3.7/site-packages/airflow/example_dags/example_branch_operator_decorator.py for tasks to queue
[2023-05-17T13:10:30.464+0000] {logging_mixin.py:149} INFO - [2023-05-17T13:10:30.464+0000] {dagbag.py:541} INFO - Filling up the DagBag from /home/airflow/.local/lib/python3.7/site-packages/airflow/example_dags/example_branch_operator_decorator.py
[2023-05-17T13:10:30.505+0000] {processor.py:809} INFO - DAG(s) dict_keys(['example_branch_python_operator_decorator']) retrieved from /home/airflow/.local/lib/python3.7/site-packages/airflow/example_dags/example_branch_operator_decorator.py
[2023-05-17T13:10:30.593+0000] {logging_mixin.py:149} INFO - [2023-05-17T13:10:30.593+0000] {dag.py:2726} INFO - Sync 1 DAGs
[2023-05-17T13:10:30.674+0000] {logging_mixin.py:149} INFO - [2023-05-17T13:10:30.673+0000] {dag.py:3490} INFO - Setting next_dagrun for example_branch_python_operator_decorator to 2023-05-16T00:00:00+00:00, run_after=2023-05-17T00:00:00+00:00
[2023-05-17T13:10:30.894+0000] {processor.py:178} INFO - Processing /home/airflow/.local/lib/python3.7/site-packages/airflow/example_dags/example_branch_operator_decorator.py took 0.448 seconds
[2023-05-17T13:11:13.029+0000] {processor.py:156} INFO - Started process (PID=426) to work on /home/airflow/.local/lib/python3.7/site-packages/airflow/example_dags/example_branch_operator_decorator.py
[2023-05-17T13:11:13.032+0000] {processor.py:799} INFO - Processing file /home/airflow/.local/lib/python3.7/site-packages/airflow/example_dags/example_branch_operator_decorator.py for tasks to queue
[2023-05-17T13:11:13.037+0000] {logging_mixin.py:149} INFO - [2023-05-17T13:11:13.036+0000] {dagbag.py:541} INFO - Filling up the DagBag from /home/airflow/.local/lib/python3.7/site-packages/airflow/example_dags/example_branch_operator_decorator.py
[2023-05-17T13:11:13.100+0000] {processor.py:809} INFO - DAG(s) dict_keys(['example_branch_python_operator_decorator']) retrieved from /home/airflow/.local/lib/python3.7/site-packages/airflow/example_dags/example_branch_operator_decorator.py
[2023-05-17T13:11:13.199+0000] {logging_mixin.py:149} INFO - [2023-05-17T13:11:13.199+0000] {dag.py:2726} INFO - Sync 1 DAGs
[2023-05-17T13:11:13.349+0000] {logging_mixin.py:149} INFO - [2023-05-17T13:11:13.349+0000] {dag.py:3490} INFO - Setting next_dagrun for example_branch_python_operator_decorator to 2023-05-16T00:00:00+00:00, run_after=2023-05-17T00:00:00+00:00
[2023-05-17T13:11:13.561+0000] {processor.py:178} INFO - Processing /home/airflow/.local/lib/python3.7/site-packages/airflow/example_dags/example_branch_operator_decorator.py took 0.543 seconds
[2023-05-17T13:11:48.793+0000] {processor.py:156} INFO - Started process (PID=488) to work on /home/airflow/.local/lib/python3.7/site-packages/airflow/example_dags/example_branch_operator_decorator.py
[2023-05-17T13:11:48.807+0000] {processor.py:799} INFO - Processing file /home/airflow/.local/lib/python3.7/site-packages/airflow/example_dags/example_branch_operator_decorator.py for tasks to queue
[2023-05-17T13:11:48.818+0000] {logging_mixin.py:149} INFO - [2023-05-17T13:11:48.813+0000] {dagbag.py:541} INFO - Filling up the DagBag from /home/airflow/.local/lib/python3.7/site-packages/airflow/example_dags/example_branch_operator_decorator.py
[2023-05-17T13:11:48.866+0000] {processor.py:809} INFO - DAG(s) dict_keys(['example_branch_python_operator_decorator']) retrieved from /home/airflow/.local/lib/python3.7/site-packages/airflow/example_dags/example_branch_operator_decorator.py
[2023-05-17T13:11:48.987+0000] {logging_mixin.py:149} INFO - [2023-05-17T13:11:48.987+0000] {dag.py:2726} INFO - Sync 1 DAGs
[2023-05-17T13:11:49.096+0000] {logging_mixin.py:149} INFO - [2023-05-17T13:11:49.096+0000] {dag.py:3490} INFO - Setting next_dagrun for example_branch_python_operator_decorator to 2023-05-16T00:00:00+00:00, run_after=2023-05-17T00:00:00+00:00
[2023-05-17T13:11:49.451+0000] {processor.py:178} INFO - Processing /home/airflow/.local/lib/python3.7/site-packages/airflow/example_dags/example_branch_operator_decorator.py took 0.679 seconds
[2023-05-17T13:12:19.814+0000] {processor.py:156} INFO - Started process (PID=546) to work on /home/airflow/.local/lib/python3.7/site-packages/airflow/example_dags/example_branch_operator_decorator.py
[2023-05-17T13:12:19.817+0000] {processor.py:799} INFO - Processing file /home/airflow/.local/lib/python3.7/site-packages/airflow/example_dags/example_branch_operator_decorator.py for tasks to queue
[2023-05-17T13:12:19.819+0000] {logging_mixin.py:149} INFO - [2023-05-17T13:12:19.819+0000] {dagbag.py:541} INFO - Filling up the DagBag from /home/airflow/.local/lib/python3.7/site-packages/airflow/example_dags/example_branch_operator_decorator.py
[2023-05-17T13:12:19.856+0000] {processor.py:809} INFO - DAG(s) dict_keys(['example_branch_python_operator_decorator']) retrieved from /home/airflow/.local/lib/python3.7/site-packages/airflow/example_dags/example_branch_operator_decorator.py
[2023-05-17T13:12:19.971+0000] {logging_mixin.py:149} INFO - [2023-05-17T13:12:19.971+0000] {dag.py:2726} INFO - Sync 1 DAGs
[2023-05-17T13:12:20.086+0000] {logging_mixin.py:149} INFO - [2023-05-17T13:12:20.085+0000] {dag.py:3490} INFO - Setting next_dagrun for example_branch_python_operator_decorator to 2023-05-16T00:00:00+00:00, run_after=2023-05-17T00:00:00+00:00
[2023-05-17T13:12:20.295+0000] {processor.py:178} INFO - Processing /home/airflow/.local/lib/python3.7/site-packages/airflow/example_dags/example_branch_operator_decorator.py took 0.499 seconds
[2023-05-17T13:13:18.104+0000] {processor.py:156} INFO - Started process (PID=611) to work on /home/airflow/.local/lib/python3.7/site-packages/airflow/example_dags/example_branch_operator_decorator.py
[2023-05-17T13:13:18.106+0000] {processor.py:799} INFO - Processing file /home/airflow/.local/lib/python3.7/site-packages/airflow/example_dags/example_branch_operator_decorator.py for tasks to queue
[2023-05-17T13:13:18.108+0000] {logging_mixin.py:149} INFO - [2023-05-17T13:13:18.108+0000] {dagbag.py:541} INFO - Filling up the DagBag from /home/airflow/.local/lib/python3.7/site-packages/airflow/example_dags/example_branch_operator_decorator.py
[2023-05-17T13:13:18.128+0000] {processor.py:809} INFO - DAG(s) dict_keys(['example_branch_python_operator_decorator']) retrieved from /home/airflow/.local/lib/python3.7/site-packages/airflow/example_dags/example_branch_operator_decorator.py
[2023-05-17T13:13:18.178+0000] {logging_mixin.py:149} INFO - [2023-05-17T13:13:18.178+0000] {dag.py:2726} INFO - Sync 1 DAGs
[2023-05-17T13:13:18.362+0000] {logging_mixin.py:149} INFO - [2023-05-17T13:13:18.362+0000] {dag.py:3490} INFO - Setting next_dagrun for example_branch_python_operator_decorator to 2023-05-16T00:00:00+00:00, run_after=2023-05-17T00:00:00+00:00
[2023-05-17T13:13:18.840+0000] {processor.py:178} INFO - Processing /home/airflow/.local/lib/python3.7/site-packages/airflow/example_dags/example_branch_operator_decorator.py took 0.742 seconds
[2023-05-17T13:13:49.747+0000] {processor.py:156} INFO - Started process (PID=670) to work on /home/airflow/.local/lib/python3.7/site-packages/airflow/example_dags/example_branch_operator_decorator.py
[2023-05-17T13:13:49.749+0000] {processor.py:799} INFO - Processing file /home/airflow/.local/lib/python3.7/site-packages/airflow/example_dags/example_branch_operator_decorator.py for tasks to queue
[2023-05-17T13:13:49.752+0000] {logging_mixin.py:149} INFO - [2023-05-17T13:13:49.752+0000] {dagbag.py:541} INFO - Filling up the DagBag from /home/airflow/.local/lib/python3.7/site-packages/airflow/example_dags/example_branch_operator_decorator.py
[2023-05-17T13:13:49.843+0000] {processor.py:809} INFO - DAG(s) dict_keys(['example_branch_python_operator_decorator']) retrieved from /home/airflow/.local/lib/python3.7/site-packages/airflow/example_dags/example_branch_operator_decorator.py
[2023-05-17T13:13:49.915+0000] {logging_mixin.py:149} INFO - [2023-05-17T13:13:49.914+0000] {dag.py:2726} INFO - Sync 1 DAGs
[2023-05-17T13:13:50.243+0000] {logging_mixin.py:149} INFO - [2023-05-17T13:13:50.242+0000] {dag.py:3490} INFO - Setting next_dagrun for example_branch_python_operator_decorator to 2023-05-16T00:00:00+00:00, run_after=2023-05-17T00:00:00+00:00
[2023-05-17T13:13:50.454+0000] {processor.py:178} INFO - Processing /home/airflow/.local/lib/python3.7/site-packages/airflow/example_dags/example_branch_operator_decorator.py took 0.716 seconds
[2023-05-17T13:15:18.187+0000] {processor.py:156} INFO - Started process (PID=778) to work on /home/airflow/.local/lib/python3.7/site-packages/airflow/example_dags/example_branch_operator_decorator.py
[2023-05-17T13:15:18.189+0000] {processor.py:799} INFO - Processing file /home/airflow/.local/lib/python3.7/site-packages/airflow/example_dags/example_branch_operator_decorator.py for tasks to queue
[2023-05-17T13:15:18.191+0000] {logging_mixin.py:149} INFO - [2023-05-17T13:15:18.191+0000] {dagbag.py:541} INFO - Filling up the DagBag from /home/airflow/.local/lib/python3.7/site-packages/airflow/example_dags/example_branch_operator_decorator.py
[2023-05-17T13:15:18.213+0000] {processor.py:809} INFO - DAG(s) dict_keys(['example_branch_python_operator_decorator']) retrieved from /home/airflow/.local/lib/python3.7/site-packages/airflow/example_dags/example_branch_operator_decorator.py
[2023-05-17T13:15:18.271+0000] {logging_mixin.py:149} INFO - [2023-05-17T13:15:18.271+0000] {dag.py:2726} INFO - Sync 1 DAGs
[2023-05-17T13:15:18.330+0000] {logging_mixin.py:149} INFO - [2023-05-17T13:15:18.329+0000] {dag.py:3490} INFO - Setting next_dagrun for example_branch_python_operator_decorator to 2023-05-16T00:00:00+00:00, run_after=2023-05-17T00:00:00+00:00
[2023-05-17T13:15:18.738+0000] {processor.py:178} INFO - Processing /home/airflow/.local/lib/python3.7/site-packages/airflow/example_dags/example_branch_operator_decorator.py took 0.557 seconds
[2023-05-17T13:15:49.238+0000] {processor.py:156} INFO - Started process (PID=829) to work on /home/airflow/.local/lib/python3.7/site-packages/airflow/example_dags/example_branch_operator_decorator.py
[2023-05-17T13:15:49.242+0000] {processor.py:799} INFO - Processing file /home/airflow/.local/lib/python3.7/site-packages/airflow/example_dags/example_branch_operator_decorator.py for tasks to queue
[2023-05-17T13:15:49.245+0000] {logging_mixin.py:149} INFO - [2023-05-17T13:15:49.245+0000] {dagbag.py:541} INFO - Filling up the DagBag from /home/airflow/.local/lib/python3.7/site-packages/airflow/example_dags/example_branch_operator_decorator.py
[2023-05-17T13:15:49.279+0000] {processor.py:809} INFO - DAG(s) dict_keys(['example_branch_python_operator_decorator']) retrieved from /home/airflow/.local/lib/python3.7/site-packages/airflow/example_dags/example_branch_operator_decorator.py
[2023-05-17T13:15:49.415+0000] {logging_mixin.py:149} INFO - [2023-05-17T13:15:49.415+0000] {dag.py:2726} INFO - Sync 1 DAGs
[2023-05-17T13:15:49.595+0000] {logging_mixin.py:149} INFO - [2023-05-17T13:15:49.581+0000] {dag.py:3490} INFO - Setting next_dagrun for example_branch_python_operator_decorator to 2023-05-16T00:00:00+00:00, run_after=2023-05-17T00:00:00+00:00
[2023-05-17T13:15:49.966+0000] {processor.py:178} INFO - Processing /home/airflow/.local/lib/python3.7/site-packages/airflow/example_dags/example_branch_operator_decorator.py took 0.739 seconds
[2023-05-17T13:16:20.708+0000] {processor.py:156} INFO - Started process (PID=887) to work on /home/airflow/.local/lib/python3.7/site-packages/airflow/example_dags/example_branch_operator_decorator.py
[2023-05-17T13:16:20.710+0000] {processor.py:799} INFO - Processing file /home/airflow/.local/lib/python3.7/site-packages/airflow/example_dags/example_branch_operator_decorator.py for tasks to queue
[2023-05-17T13:16:20.712+0000] {logging_mixin.py:149} INFO - [2023-05-17T13:16:20.712+0000] {dagbag.py:541} INFO - Filling up the DagBag from /home/airflow/.local/lib/python3.7/site-packages/airflow/example_dags/example_branch_operator_decorator.py
[2023-05-17T13:16:20.744+0000] {processor.py:809} INFO - DAG(s) dict_keys(['example_branch_python_operator_decorator']) retrieved from /home/airflow/.local/lib/python3.7/site-packages/airflow/example_dags/example_branch_operator_decorator.py
[2023-05-17T13:16:20.843+0000] {logging_mixin.py:149} INFO - [2023-05-17T13:16:20.842+0000] {dag.py:2726} INFO - Sync 1 DAGs
[2023-05-17T13:16:20.944+0000] {logging_mixin.py:149} INFO - [2023-05-17T13:16:20.944+0000] {dag.py:3490} INFO - Setting next_dagrun for example_branch_python_operator_decorator to 2023-05-16T00:00:00+00:00, run_after=2023-05-17T00:00:00+00:00
[2023-05-17T13:16:21.094+0000] {processor.py:178} INFO - Processing /home/airflow/.local/lib/python3.7/site-packages/airflow/example_dags/example_branch_operator_decorator.py took 0.395 seconds
[2023-05-17T13:16:51.312+0000] {processor.py:156} INFO - Started process (PID=945) to work on /home/airflow/.local/lib/python3.7/site-packages/airflow/example_dags/example_branch_operator_decorator.py
[2023-05-17T13:16:51.315+0000] {processor.py:799} INFO - Processing file /home/airflow/.local/lib/python3.7/site-packages/airflow/example_dags/example_branch_operator_decorator.py for tasks to queue
[2023-05-17T13:16:51.317+0000] {logging_mixin.py:149} INFO - [2023-05-17T13:16:51.317+0000] {dagbag.py:541} INFO - Filling up the DagBag from /home/airflow/.local/lib/python3.7/site-packages/airflow/example_dags/example_branch_operator_decorator.py
[2023-05-17T13:16:51.353+0000] {processor.py:809} INFO - DAG(s) dict_keys(['example_branch_python_operator_decorator']) retrieved from /home/airflow/.local/lib/python3.7/site-packages/airflow/example_dags/example_branch_operator_decorator.py
[2023-05-17T13:16:51.440+0000] {logging_mixin.py:149} INFO - [2023-05-17T13:16:51.440+0000] {dag.py:2726} INFO - Sync 1 DAGs
[2023-05-17T13:16:51.539+0000] {logging_mixin.py:149} INFO - [2023-05-17T13:16:51.538+0000] {dag.py:3490} INFO - Setting next_dagrun for example_branch_python_operator_decorator to 2023-05-16T00:00:00+00:00, run_after=2023-05-17T00:00:00+00:00
[2023-05-17T13:16:51.716+0000] {processor.py:178} INFO - Processing /home/airflow/.local/lib/python3.7/site-packages/airflow/example_dags/example_branch_operator_decorator.py took 0.417 seconds
[2023-05-17T13:17:26.722+0000] {processor.py:156} INFO - Started process (PID=1010) to work on /home/airflow/.local/lib/python3.7/site-packages/airflow/example_dags/example_branch_operator_decorator.py
[2023-05-17T13:17:26.724+0000] {processor.py:799} INFO - Processing file /home/airflow/.local/lib/python3.7/site-packages/airflow/example_dags/example_branch_operator_decorator.py for tasks to queue
[2023-05-17T13:17:26.725+0000] {logging_mixin.py:149} INFO - [2023-05-17T13:17:26.725+0000] {dagbag.py:541} INFO - Filling up the DagBag from /home/airflow/.local/lib/python3.7/site-packages/airflow/example_dags/example_branch_operator_decorator.py
[2023-05-17T13:17:26.747+0000] {processor.py:809} INFO - DAG(s) dict_keys(['example_branch_python_operator_decorator']) retrieved from /home/airflow/.local/lib/python3.7/site-packages/airflow/example_dags/example_branch_operator_decorator.py
[2023-05-17T13:17:26.832+0000] {logging_mixin.py:149} INFO - [2023-05-17T13:17:26.832+0000] {dag.py:2726} INFO - Sync 1 DAGs
[2023-05-17T13:17:26.917+0000] {logging_mixin.py:149} INFO - [2023-05-17T13:17:26.917+0000] {dag.py:3490} INFO - Setting next_dagrun for example_branch_python_operator_decorator to 2023-05-16T00:00:00+00:00, run_after=2023-05-17T00:00:00+00:00
[2023-05-17T13:17:27.118+0000] {processor.py:178} INFO - Processing /home/airflow/.local/lib/python3.7/site-packages/airflow/example_dags/example_branch_operator_decorator.py took 0.404 seconds
[2023-05-17T13:18:21.481+0000] {processor.py:156} INFO - Started process (PID=1065) to work on /home/airflow/.local/lib/python3.7/site-packages/airflow/example_dags/example_branch_operator_decorator.py
[2023-05-17T13:18:21.487+0000] {processor.py:799} INFO - Processing file /home/airflow/.local/lib/python3.7/site-packages/airflow/example_dags/example_branch_operator_decorator.py for tasks to queue
[2023-05-17T13:18:21.490+0000] {logging_mixin.py:149} INFO - [2023-05-17T13:18:21.489+0000] {dagbag.py:541} INFO - Filling up the DagBag from /home/airflow/.local/lib/python3.7/site-packages/airflow/example_dags/example_branch_operator_decorator.py
[2023-05-17T13:18:21.549+0000] {processor.py:809} INFO - DAG(s) dict_keys(['example_branch_python_operator_decorator']) retrieved from /home/airflow/.local/lib/python3.7/site-packages/airflow/example_dags/example_branch_operator_decorator.py
[2023-05-17T13:18:21.605+0000] {logging_mixin.py:149} INFO - [2023-05-17T13:18:21.605+0000] {dag.py:2726} INFO - Sync 1 DAGs
[2023-05-17T13:18:21.674+0000] {logging_mixin.py:149} INFO - [2023-05-17T13:18:21.674+0000] {dag.py:3490} INFO - Setting next_dagrun for example_branch_python_operator_decorator to 2023-05-16T00:00:00+00:00, run_after=2023-05-17T00:00:00+00:00
[2023-05-17T13:18:23.042+0000] {processor.py:178} INFO - Processing /home/airflow/.local/lib/python3.7/site-packages/airflow/example_dags/example_branch_operator_decorator.py took 1.577 seconds
[2023-05-17T13:18:54.967+0000] {processor.py:156} INFO - Started process (PID=1123) to work on /home/airflow/.local/lib/python3.7/site-packages/airflow/example_dags/example_branch_operator_decorator.py
[2023-05-17T13:18:54.969+0000] {processor.py:799} INFO - Processing file /home/airflow/.local/lib/python3.7/site-packages/airflow/example_dags/example_branch_operator_decorator.py for tasks to queue
[2023-05-17T13:18:54.971+0000] {logging_mixin.py:149} INFO - [2023-05-17T13:18:54.971+0000] {dagbag.py:541} INFO - Filling up the DagBag from /home/airflow/.local/lib/python3.7/site-packages/airflow/example_dags/example_branch_operator_decorator.py
[2023-05-17T13:18:54.994+0000] {processor.py:809} INFO - DAG(s) dict_keys(['example_branch_python_operator_decorator']) retrieved from /home/airflow/.local/lib/python3.7/site-packages/airflow/example_dags/example_branch_operator_decorator.py
[2023-05-17T13:18:55.047+0000] {logging_mixin.py:149} INFO - [2023-05-17T13:18:55.047+0000] {dag.py:2726} INFO - Sync 1 DAGs
[2023-05-17T13:18:55.114+0000] {logging_mixin.py:149} INFO - [2023-05-17T13:18:55.114+0000] {dag.py:3490} INFO - Setting next_dagrun for example_branch_python_operator_decorator to 2023-05-16T00:00:00+00:00, run_after=2023-05-17T00:00:00+00:00
[2023-05-17T13:18:55.501+0000] {processor.py:178} INFO - Processing /home/airflow/.local/lib/python3.7/site-packages/airflow/example_dags/example_branch_operator_decorator.py took 0.544 seconds
[2023-05-17T13:19:28.547+0000] {processor.py:156} INFO - Started process (PID=1182) to work on /home/airflow/.local/lib/python3.7/site-packages/airflow/example_dags/example_branch_operator_decorator.py
[2023-05-17T13:19:28.549+0000] {processor.py:799} INFO - Processing file /home/airflow/.local/lib/python3.7/site-packages/airflow/example_dags/example_branch_operator_decorator.py for tasks to queue
[2023-05-17T13:19:28.552+0000] {logging_mixin.py:149} INFO - [2023-05-17T13:19:28.552+0000] {dagbag.py:541} INFO - Filling up the DagBag from /home/airflow/.local/lib/python3.7/site-packages/airflow/example_dags/example_branch_operator_decorator.py
[2023-05-17T13:19:28.578+0000] {processor.py:809} INFO - DAG(s) dict_keys(['example_branch_python_operator_decorator']) retrieved from /home/airflow/.local/lib/python3.7/site-packages/airflow/example_dags/example_branch_operator_decorator.py
[2023-05-17T13:19:28.689+0000] {logging_mixin.py:149} INFO - [2023-05-17T13:19:28.688+0000] {dag.py:2726} INFO - Sync 1 DAGs
[2023-05-17T13:19:28.800+0000] {logging_mixin.py:149} INFO - [2023-05-17T13:19:28.800+0000] {dag.py:3490} INFO - Setting next_dagrun for example_branch_python_operator_decorator to 2023-05-16T00:00:00+00:00, run_after=2023-05-17T00:00:00+00:00
[2023-05-17T13:19:28.954+0000] {processor.py:178} INFO - Processing /home/airflow/.local/lib/python3.7/site-packages/airflow/example_dags/example_branch_operator_decorator.py took 0.415 seconds
[2023-05-17T13:20:04.887+0000] {processor.py:156} INFO - Started process (PID=1240) to work on /home/airflow/.local/lib/python3.7/site-packages/airflow/example_dags/example_branch_operator_decorator.py
[2023-05-17T13:20:04.890+0000] {processor.py:799} INFO - Processing file /home/airflow/.local/lib/python3.7/site-packages/airflow/example_dags/example_branch_operator_decorator.py for tasks to queue
[2023-05-17T13:20:04.894+0000] {logging_mixin.py:149} INFO - [2023-05-17T13:20:04.893+0000] {dagbag.py:541} INFO - Filling up the DagBag from /home/airflow/.local/lib/python3.7/site-packages/airflow/example_dags/example_branch_operator_decorator.py
[2023-05-17T13:20:04.938+0000] {processor.py:809} INFO - DAG(s) dict_keys(['example_branch_python_operator_decorator']) retrieved from /home/airflow/.local/lib/python3.7/site-packages/airflow/example_dags/example_branch_operator_decorator.py
[2023-05-17T13:20:05.075+0000] {logging_mixin.py:149} INFO - [2023-05-17T13:20:05.075+0000] {dag.py:2726} INFO - Sync 1 DAGs
[2023-05-17T13:20:05.274+0000] {logging_mixin.py:149} INFO - [2023-05-17T13:20:05.273+0000] {dag.py:3490} INFO - Setting next_dagrun for example_branch_python_operator_decorator to 2023-05-16T00:00:00+00:00, run_after=2023-05-17T00:00:00+00:00
[2023-05-17T13:20:05.797+0000] {processor.py:178} INFO - Processing /home/airflow/.local/lib/python3.7/site-packages/airflow/example_dags/example_branch_operator_decorator.py took 0.924 seconds
[2023-05-17T13:20:39.628+0000] {processor.py:156} INFO - Started process (PID=1301) to work on /home/airflow/.local/lib/python3.7/site-packages/airflow/example_dags/example_branch_operator_decorator.py
[2023-05-17T13:20:39.644+0000] {processor.py:799} INFO - Processing file /home/airflow/.local/lib/python3.7/site-packages/airflow/example_dags/example_branch_operator_decorator.py for tasks to queue
[2023-05-17T13:20:39.684+0000] {logging_mixin.py:149} INFO - [2023-05-17T13:20:39.684+0000] {dagbag.py:541} INFO - Filling up the DagBag from /home/airflow/.local/lib/python3.7/site-packages/airflow/example_dags/example_branch_operator_decorator.py
[2023-05-17T13:20:39.879+0000] {processor.py:809} INFO - DAG(s) dict_keys(['example_branch_python_operator_decorator']) retrieved from /home/airflow/.local/lib/python3.7/site-packages/airflow/example_dags/example_branch_operator_decorator.py
[2023-05-17T13:20:40.450+0000] {logging_mixin.py:149} INFO - [2023-05-17T13:20:40.449+0000] {dag.py:2726} INFO - Sync 1 DAGs
[2023-05-17T13:20:40.734+0000] {logging_mixin.py:149} INFO - [2023-05-17T13:20:40.734+0000] {dag.py:3490} INFO - Setting next_dagrun for example_branch_python_operator_decorator to 2023-05-16T00:00:00+00:00, run_after=2023-05-17T00:00:00+00:00
[2023-05-17T13:20:41.105+0000] {processor.py:178} INFO - Processing /home/airflow/.local/lib/python3.7/site-packages/airflow/example_dags/example_branch_operator_decorator.py took 1.553 seconds
[2023-05-17T13:21:11.374+0000] {processor.py:156} INFO - Started process (PID=1359) to work on /home/airflow/.local/lib/python3.7/site-packages/airflow/example_dags/example_branch_operator_decorator.py
[2023-05-17T13:21:11.377+0000] {processor.py:799} INFO - Processing file /home/airflow/.local/lib/python3.7/site-packages/airflow/example_dags/example_branch_operator_decorator.py for tasks to queue
[2023-05-17T13:21:11.385+0000] {logging_mixin.py:149} INFO - [2023-05-17T13:21:11.385+0000] {dagbag.py:541} INFO - Filling up the DagBag from /home/airflow/.local/lib/python3.7/site-packages/airflow/example_dags/example_branch_operator_decorator.py
[2023-05-17T13:21:11.439+0000] {processor.py:809} INFO - DAG(s) dict_keys(['example_branch_python_operator_decorator']) retrieved from /home/airflow/.local/lib/python3.7/site-packages/airflow/example_dags/example_branch_operator_decorator.py
[2023-05-17T13:21:11.592+0000] {logging_mixin.py:149} INFO - [2023-05-17T13:21:11.592+0000] {dag.py:2726} INFO - Sync 1 DAGs
[2023-05-17T13:21:11.702+0000] {logging_mixin.py:149} INFO - [2023-05-17T13:21:11.699+0000] {dag.py:3490} INFO - Setting next_dagrun for example_branch_python_operator_decorator to 2023-05-16T00:00:00+00:00, run_after=2023-05-17T00:00:00+00:00
[2023-05-17T13:21:12.497+0000] {processor.py:178} INFO - Processing /home/airflow/.local/lib/python3.7/site-packages/airflow/example_dags/example_branch_operator_decorator.py took 1.131 seconds
[2023-05-17T13:21:43.737+0000] {processor.py:156} INFO - Started process (PID=1417) to work on /home/airflow/.local/lib/python3.7/site-packages/airflow/example_dags/example_branch_operator_decorator.py
[2023-05-17T13:21:43.740+0000] {processor.py:799} INFO - Processing file /home/airflow/.local/lib/python3.7/site-packages/airflow/example_dags/example_branch_operator_decorator.py for tasks to queue
[2023-05-17T13:21:43.743+0000] {logging_mixin.py:149} INFO - [2023-05-17T13:21:43.742+0000] {dagbag.py:541} INFO - Filling up the DagBag from /home/airflow/.local/lib/python3.7/site-packages/airflow/example_dags/example_branch_operator_decorator.py
[2023-05-17T13:21:43.770+0000] {processor.py:809} INFO - DAG(s) dict_keys(['example_branch_python_operator_decorator']) retrieved from /home/airflow/.local/lib/python3.7/site-packages/airflow/example_dags/example_branch_operator_decorator.py
[2023-05-17T13:21:43.848+0000] {logging_mixin.py:149} INFO - [2023-05-17T13:21:43.847+0000] {dag.py:2726} INFO - Sync 1 DAGs
[2023-05-17T13:21:43.945+0000] {logging_mixin.py:149} INFO - [2023-05-17T13:21:43.945+0000] {dag.py:3490} INFO - Setting next_dagrun for example_branch_python_operator_decorator to 2023-05-16T00:00:00+00:00, run_after=2023-05-17T00:00:00+00:00
[2023-05-17T13:21:44.118+0000] {processor.py:178} INFO - Processing /home/airflow/.local/lib/python3.7/site-packages/airflow/example_dags/example_branch_operator_decorator.py took 0.389 seconds
[2023-05-17T13:22:39.081+0000] {processor.py:156} INFO - Started process (PID=1485) to work on /home/airflow/.local/lib/python3.7/site-packages/airflow/example_dags/example_branch_operator_decorator.py
[2023-05-17T13:22:39.083+0000] {processor.py:799} INFO - Processing file /home/airflow/.local/lib/python3.7/site-packages/airflow/example_dags/example_branch_operator_decorator.py for tasks to queue
[2023-05-17T13:22:39.086+0000] {logging_mixin.py:149} INFO - [2023-05-17T13:22:39.085+0000] {dagbag.py:541} INFO - Filling up the DagBag from /home/airflow/.local/lib/python3.7/site-packages/airflow/example_dags/example_branch_operator_decorator.py
[2023-05-17T13:22:39.131+0000] {processor.py:809} INFO - DAG(s) dict_keys(['example_branch_python_operator_decorator']) retrieved from /home/airflow/.local/lib/python3.7/site-packages/airflow/example_dags/example_branch_operator_decorator.py
[2023-05-17T13:22:39.255+0000] {logging_mixin.py:149} INFO - [2023-05-17T13:22:39.254+0000] {dag.py:2726} INFO - Sync 1 DAGs
[2023-05-17T13:22:39.332+0000] {logging_mixin.py:149} INFO - [2023-05-17T13:22:39.332+0000] {dag.py:3490} INFO - Setting next_dagrun for example_branch_python_operator_decorator to 2023-05-16T00:00:00+00:00, run_after=2023-05-17T00:00:00+00:00
[2023-05-17T13:22:40.289+0000] {processor.py:178} INFO - Processing /home/airflow/.local/lib/python3.7/site-packages/airflow/example_dags/example_branch_operator_decorator.py took 1.215 seconds
[2023-05-17T13:23:18.754+0000] {processor.py:156} INFO - Started process (PID=1544) to work on /home/airflow/.local/lib/python3.7/site-packages/airflow/example_dags/example_branch_operator_decorator.py
[2023-05-17T13:23:18.761+0000] {processor.py:799} INFO - Processing file /home/airflow/.local/lib/python3.7/site-packages/airflow/example_dags/example_branch_operator_decorator.py for tasks to queue
[2023-05-17T13:23:18.765+0000] {logging_mixin.py:149} INFO - [2023-05-17T13:23:18.765+0000] {dagbag.py:541} INFO - Filling up the DagBag from /home/airflow/.local/lib/python3.7/site-packages/airflow/example_dags/example_branch_operator_decorator.py
[2023-05-17T13:23:18.809+0000] {processor.py:809} INFO - DAG(s) dict_keys(['example_branch_python_operator_decorator']) retrieved from /home/airflow/.local/lib/python3.7/site-packages/airflow/example_dags/example_branch_operator_decorator.py
[2023-05-17T13:23:18.948+0000] {logging_mixin.py:149} INFO - [2023-05-17T13:23:18.947+0000] {dag.py:2726} INFO - Sync 1 DAGs
[2023-05-17T13:23:19.130+0000] {logging_mixin.py:149} INFO - [2023-05-17T13:23:19.129+0000] {dag.py:3490} INFO - Setting next_dagrun for example_branch_python_operator_decorator to 2023-05-16T00:00:00+00:00, run_after=2023-05-17T00:00:00+00:00
[2023-05-17T13:23:19.743+0000] {processor.py:178} INFO - Processing /home/airflow/.local/lib/python3.7/site-packages/airflow/example_dags/example_branch_operator_decorator.py took 1.009 seconds
[2023-05-17T13:23:50.392+0000] {processor.py:156} INFO - Started process (PID=1600) to work on /home/airflow/.local/lib/python3.7/site-packages/airflow/example_dags/example_branch_operator_decorator.py
[2023-05-17T13:23:50.394+0000] {processor.py:799} INFO - Processing file /home/airflow/.local/lib/python3.7/site-packages/airflow/example_dags/example_branch_operator_decorator.py for tasks to queue
[2023-05-17T13:23:50.399+0000] {logging_mixin.py:149} INFO - [2023-05-17T13:23:50.398+0000] {dagbag.py:541} INFO - Filling up the DagBag from /home/airflow/.local/lib/python3.7/site-packages/airflow/example_dags/example_branch_operator_decorator.py
[2023-05-17T13:23:50.427+0000] {processor.py:809} INFO - DAG(s) dict_keys(['example_branch_python_operator_decorator']) retrieved from /home/airflow/.local/lib/python3.7/site-packages/airflow/example_dags/example_branch_operator_decorator.py
[2023-05-17T13:23:50.523+0000] {logging_mixin.py:149} INFO - [2023-05-17T13:23:50.516+0000] {dag.py:2726} INFO - Sync 1 DAGs
[2023-05-17T13:23:50.609+0000] {logging_mixin.py:149} INFO - [2023-05-17T13:23:50.609+0000] {dag.py:3490} INFO - Setting next_dagrun for example_branch_python_operator_decorator to 2023-05-16T00:00:00+00:00, run_after=2023-05-17T00:00:00+00:00
[2023-05-17T13:23:50.800+0000] {processor.py:178} INFO - Processing /home/airflow/.local/lib/python3.7/site-packages/airflow/example_dags/example_branch_operator_decorator.py took 0.415 seconds
[2023-05-17T13:24:21.128+0000] {processor.py:156} INFO - Started process (PID=1659) to work on /home/airflow/.local/lib/python3.7/site-packages/airflow/example_dags/example_branch_operator_decorator.py
[2023-05-17T13:24:21.130+0000] {processor.py:799} INFO - Processing file /home/airflow/.local/lib/python3.7/site-packages/airflow/example_dags/example_branch_operator_decorator.py for tasks to queue
[2023-05-17T13:24:21.136+0000] {logging_mixin.py:149} INFO - [2023-05-17T13:24:21.135+0000] {dagbag.py:541} INFO - Filling up the DagBag from /home/airflow/.local/lib/python3.7/site-packages/airflow/example_dags/example_branch_operator_decorator.py
[2023-05-17T13:24:21.176+0000] {processor.py:809} INFO - DAG(s) dict_keys(['example_branch_python_operator_decorator']) retrieved from /home/airflow/.local/lib/python3.7/site-packages/airflow/example_dags/example_branch_operator_decorator.py
[2023-05-17T13:24:21.258+0000] {logging_mixin.py:149} INFO - [2023-05-17T13:24:21.258+0000] {dag.py:2726} INFO - Sync 1 DAGs
[2023-05-17T13:24:21.344+0000] {logging_mixin.py:149} INFO - [2023-05-17T13:24:21.344+0000] {dag.py:3490} INFO - Setting next_dagrun for example_branch_python_operator_decorator to 2023-05-16T00:00:00+00:00, run_after=2023-05-17T00:00:00+00:00
[2023-05-17T13:24:21.764+0000] {processor.py:178} INFO - Processing /home/airflow/.local/lib/python3.7/site-packages/airflow/example_dags/example_branch_operator_decorator.py took 0.645 seconds
[2023-05-17T13:24:52.039+0000] {processor.py:156} INFO - Started process (PID=1717) to work on /home/airflow/.local/lib/python3.7/site-packages/airflow/example_dags/example_branch_operator_decorator.py
[2023-05-17T13:24:52.041+0000] {processor.py:799} INFO - Processing file /home/airflow/.local/lib/python3.7/site-packages/airflow/example_dags/example_branch_operator_decorator.py for tasks to queue
[2023-05-17T13:24:52.044+0000] {logging_mixin.py:149} INFO - [2023-05-17T13:24:52.043+0000] {dagbag.py:541} INFO - Filling up the DagBag from /home/airflow/.local/lib/python3.7/site-packages/airflow/example_dags/example_branch_operator_decorator.py
[2023-05-17T13:24:52.089+0000] {processor.py:809} INFO - DAG(s) dict_keys(['example_branch_python_operator_decorator']) retrieved from /home/airflow/.local/lib/python3.7/site-packages/airflow/example_dags/example_branch_operator_decorator.py
[2023-05-17T13:24:52.192+0000] {logging_mixin.py:149} INFO - [2023-05-17T13:24:52.192+0000] {dag.py:2726} INFO - Sync 1 DAGs
[2023-05-17T13:24:52.320+0000] {logging_mixin.py:149} INFO - [2023-05-17T13:24:52.319+0000] {dag.py:3490} INFO - Setting next_dagrun for example_branch_python_operator_decorator to 2023-05-16T00:00:00+00:00, run_after=2023-05-17T00:00:00+00:00
[2023-05-17T13:24:53.203+0000] {processor.py:178} INFO - Processing /home/airflow/.local/lib/python3.7/site-packages/airflow/example_dags/example_branch_operator_decorator.py took 1.179 seconds
[2023-05-17T13:25:23.297+0000] {processor.py:156} INFO - Started process (PID=1771) to work on /home/airflow/.local/lib/python3.7/site-packages/airflow/example_dags/example_branch_operator_decorator.py
[2023-05-17T13:25:23.299+0000] {processor.py:799} INFO - Processing file /home/airflow/.local/lib/python3.7/site-packages/airflow/example_dags/example_branch_operator_decorator.py for tasks to queue
[2023-05-17T13:25:23.301+0000] {logging_mixin.py:149} INFO - [2023-05-17T13:25:23.301+0000] {dagbag.py:541} INFO - Filling up the DagBag from /home/airflow/.local/lib/python3.7/site-packages/airflow/example_dags/example_branch_operator_decorator.py
[2023-05-17T13:25:23.334+0000] {processor.py:809} INFO - DAG(s) dict_keys(['example_branch_python_operator_decorator']) retrieved from /home/airflow/.local/lib/python3.7/site-packages/airflow/example_dags/example_branch_operator_decorator.py
[2023-05-17T13:25:23.392+0000] {logging_mixin.py:149} INFO - [2023-05-17T13:25:23.392+0000] {dag.py:2726} INFO - Sync 1 DAGs
[2023-05-17T13:25:23.470+0000] {logging_mixin.py:149} INFO - [2023-05-17T13:25:23.470+0000] {dag.py:3490} INFO - Setting next_dagrun for example_branch_python_operator_decorator to 2023-05-16T00:00:00+00:00, run_after=2023-05-17T00:00:00+00:00
[2023-05-17T13:25:24.305+0000] {processor.py:178} INFO - Processing /home/airflow/.local/lib/python3.7/site-packages/airflow/example_dags/example_branch_operator_decorator.py took 1.018 seconds
[2023-05-17T13:25:58.523+0000] {processor.py:156} INFO - Started process (PID=1831) to work on /home/airflow/.local/lib/python3.7/site-packages/airflow/example_dags/example_branch_operator_decorator.py
[2023-05-17T13:25:58.529+0000] {processor.py:799} INFO - Processing file /home/airflow/.local/lib/python3.7/site-packages/airflow/example_dags/example_branch_operator_decorator.py for tasks to queue
[2023-05-17T13:25:58.536+0000] {logging_mixin.py:149} INFO - [2023-05-17T13:25:58.536+0000] {dagbag.py:541} INFO - Filling up the DagBag from /home/airflow/.local/lib/python3.7/site-packages/airflow/example_dags/example_branch_operator_decorator.py
[2023-05-17T13:25:58.639+0000] {processor.py:809} INFO - DAG(s) dict_keys(['example_branch_python_operator_decorator']) retrieved from /home/airflow/.local/lib/python3.7/site-packages/airflow/example_dags/example_branch_operator_decorator.py
[2023-05-17T13:25:58.719+0000] {logging_mixin.py:149} INFO - [2023-05-17T13:25:58.719+0000] {dag.py:2726} INFO - Sync 1 DAGs
[2023-05-17T13:25:58.824+0000] {logging_mixin.py:149} INFO - [2023-05-17T13:25:58.823+0000] {dag.py:3490} INFO - Setting next_dagrun for example_branch_python_operator_decorator to 2023-05-16T00:00:00+00:00, run_after=2023-05-17T00:00:00+00:00
[2023-05-17T13:25:59.016+0000] {processor.py:178} INFO - Processing /home/airflow/.local/lib/python3.7/site-packages/airflow/example_dags/example_branch_operator_decorator.py took 0.512 seconds
[2023-05-17T13:26:37.442+0000] {processor.py:156} INFO - Started process (PID=1888) to work on /home/airflow/.local/lib/python3.7/site-packages/airflow/example_dags/example_branch_operator_decorator.py
[2023-05-17T13:26:37.444+0000] {processor.py:799} INFO - Processing file /home/airflow/.local/lib/python3.7/site-packages/airflow/example_dags/example_branch_operator_decorator.py for tasks to queue
[2023-05-17T13:26:37.446+0000] {logging_mixin.py:149} INFO - [2023-05-17T13:26:37.446+0000] {dagbag.py:541} INFO - Filling up the DagBag from /home/airflow/.local/lib/python3.7/site-packages/airflow/example_dags/example_branch_operator_decorator.py
[2023-05-17T13:26:37.478+0000] {processor.py:809} INFO - DAG(s) dict_keys(['example_branch_python_operator_decorator']) retrieved from /home/airflow/.local/lib/python3.7/site-packages/airflow/example_dags/example_branch_operator_decorator.py
[2023-05-17T13:26:37.565+0000] {logging_mixin.py:149} INFO - [2023-05-17T13:26:37.564+0000] {dag.py:2726} INFO - Sync 1 DAGs
[2023-05-17T13:26:37.645+0000] {logging_mixin.py:149} INFO - [2023-05-17T13:26:37.645+0000] {dag.py:3490} INFO - Setting next_dagrun for example_branch_python_operator_decorator to 2023-05-16T00:00:00+00:00, run_after=2023-05-17T00:00:00+00:00
[2023-05-17T13:26:38.024+0000] {processor.py:178} INFO - Processing /home/airflow/.local/lib/python3.7/site-packages/airflow/example_dags/example_branch_operator_decorator.py took 0.594 seconds
[2023-05-17T13:32:57.305+0000] {processor.py:156} INFO - Started process (PID=98) to work on /home/airflow/.local/lib/python3.7/site-packages/airflow/example_dags/example_branch_operator_decorator.py
[2023-05-17T13:32:57.677+0000] {processor.py:799} INFO - Processing file /home/airflow/.local/lib/python3.7/site-packages/airflow/example_dags/example_branch_operator_decorator.py for tasks to queue
[2023-05-17T13:32:57.918+0000] {logging_mixin.py:149} INFO - [2023-05-17T13:32:57.918+0000] {dagbag.py:541} INFO - Filling up the DagBag from /home/airflow/.local/lib/python3.7/site-packages/airflow/example_dags/example_branch_operator_decorator.py
[2023-05-17T13:32:58.979+0000] {processor.py:809} INFO - DAG(s) dict_keys(['example_branch_python_operator_decorator']) retrieved from /home/airflow/.local/lib/python3.7/site-packages/airflow/example_dags/example_branch_operator_decorator.py
[2023-05-17T13:32:59.223+0000] {logging_mixin.py:149} INFO - [2023-05-17T13:32:59.223+0000] {dag.py:2726} INFO - Sync 1 DAGs
[2023-05-17T13:33:00.752+0000] {logging_mixin.py:149} INFO - [2023-05-17T13:33:00.752+0000] {dag.py:3490} INFO - Setting next_dagrun for example_branch_python_operator_decorator to 2023-05-16T00:00:00+00:00, run_after=2023-05-17T00:00:00+00:00
[2023-05-17T13:33:01.787+0000] {processor.py:178} INFO - Processing /home/airflow/.local/lib/python3.7/site-packages/airflow/example_dags/example_branch_operator_decorator.py took 4.497 seconds
[2023-05-17T13:34:32.378+0000] {processor.py:156} INFO - Started process (PID=180) to work on /home/airflow/.local/lib/python3.7/site-packages/airflow/example_dags/example_branch_operator_decorator.py
[2023-05-17T13:34:32.381+0000] {processor.py:799} INFO - Processing file /home/airflow/.local/lib/python3.7/site-packages/airflow/example_dags/example_branch_operator_decorator.py for tasks to queue
[2023-05-17T13:34:32.383+0000] {logging_mixin.py:149} INFO - [2023-05-17T13:34:32.382+0000] {dagbag.py:541} INFO - Filling up the DagBag from /home/airflow/.local/lib/python3.7/site-packages/airflow/example_dags/example_branch_operator_decorator.py
[2023-05-17T13:34:32.405+0000] {processor.py:809} INFO - DAG(s) dict_keys(['example_branch_python_operator_decorator']) retrieved from /home/airflow/.local/lib/python3.7/site-packages/airflow/example_dags/example_branch_operator_decorator.py
[2023-05-17T13:34:32.469+0000] {logging_mixin.py:149} INFO - [2023-05-17T13:34:32.469+0000] {dag.py:2726} INFO - Sync 1 DAGs
[2023-05-17T13:34:33.093+0000] {logging_mixin.py:149} INFO - [2023-05-17T13:34:33.093+0000] {dag.py:3490} INFO - Setting next_dagrun for example_branch_python_operator_decorator to 2023-05-16T00:00:00+00:00, run_after=2023-05-17T00:00:00+00:00
[2023-05-17T13:34:33.422+0000] {processor.py:178} INFO - Processing /home/airflow/.local/lib/python3.7/site-packages/airflow/example_dags/example_branch_operator_decorator.py took 1.051 seconds
[2023-05-17T13:36:53.748+0000] {processor.py:156} INFO - Started process (PID=258) to work on /home/airflow/.local/lib/python3.7/site-packages/airflow/example_dags/example_branch_operator_decorator.py
[2023-05-17T13:36:53.753+0000] {processor.py:799} INFO - Processing file /home/airflow/.local/lib/python3.7/site-packages/airflow/example_dags/example_branch_operator_decorator.py for tasks to queue
[2023-05-17T13:36:53.757+0000] {logging_mixin.py:149} INFO - [2023-05-17T13:36:53.757+0000] {dagbag.py:541} INFO - Filling up the DagBag from /home/airflow/.local/lib/python3.7/site-packages/airflow/example_dags/example_branch_operator_decorator.py
[2023-05-17T13:36:53.937+0000] {processor.py:809} INFO - DAG(s) dict_keys(['example_branch_python_operator_decorator']) retrieved from /home/airflow/.local/lib/python3.7/site-packages/airflow/example_dags/example_branch_operator_decorator.py
[2023-05-17T13:36:54.042+0000] {logging_mixin.py:149} INFO - [2023-05-17T13:36:54.042+0000] {dag.py:2726} INFO - Sync 1 DAGs
[2023-05-17T13:36:54.200+0000] {logging_mixin.py:149} INFO - [2023-05-17T13:36:54.199+0000] {dag.py:3490} INFO - Setting next_dagrun for example_branch_python_operator_decorator to 2023-05-16T00:00:00+00:00, run_after=2023-05-17T00:00:00+00:00
[2023-05-17T13:36:54.343+0000] {processor.py:178} INFO - Processing /home/airflow/.local/lib/python3.7/site-packages/airflow/example_dags/example_branch_operator_decorator.py took 0.607 seconds
[2023-05-17T13:37:27.992+0000] {processor.py:156} INFO - Started process (PID=316) to work on /home/airflow/.local/lib/python3.7/site-packages/airflow/example_dags/example_branch_operator_decorator.py
[2023-05-17T13:37:27.995+0000] {processor.py:799} INFO - Processing file /home/airflow/.local/lib/python3.7/site-packages/airflow/example_dags/example_branch_operator_decorator.py for tasks to queue
[2023-05-17T13:37:27.997+0000] {logging_mixin.py:149} INFO - [2023-05-17T13:37:27.997+0000] {dagbag.py:541} INFO - Filling up the DagBag from /home/airflow/.local/lib/python3.7/site-packages/airflow/example_dags/example_branch_operator_decorator.py
[2023-05-17T13:37:28.030+0000] {processor.py:809} INFO - DAG(s) dict_keys(['example_branch_python_operator_decorator']) retrieved from /home/airflow/.local/lib/python3.7/site-packages/airflow/example_dags/example_branch_operator_decorator.py
[2023-05-17T13:37:28.087+0000] {logging_mixin.py:149} INFO - [2023-05-17T13:37:28.087+0000] {dag.py:2726} INFO - Sync 1 DAGs
[2023-05-17T13:37:28.152+0000] {logging_mixin.py:149} INFO - [2023-05-17T13:37:28.152+0000] {dag.py:3490} INFO - Setting next_dagrun for example_branch_python_operator_decorator to 2023-05-16T00:00:00+00:00, run_after=2023-05-17T00:00:00+00:00
[2023-05-17T13:37:28.384+0000] {processor.py:178} INFO - Processing /home/airflow/.local/lib/python3.7/site-packages/airflow/example_dags/example_branch_operator_decorator.py took 0.401 seconds
[2023-05-17T13:38:03.779+0000] {processor.py:156} INFO - Started process (PID=374) to work on /home/airflow/.local/lib/python3.7/site-packages/airflow/example_dags/example_branch_operator_decorator.py
[2023-05-17T13:38:03.781+0000] {processor.py:799} INFO - Processing file /home/airflow/.local/lib/python3.7/site-packages/airflow/example_dags/example_branch_operator_decorator.py for tasks to queue
[2023-05-17T13:38:03.783+0000] {logging_mixin.py:149} INFO - [2023-05-17T13:38:03.783+0000] {dagbag.py:541} INFO - Filling up the DagBag from /home/airflow/.local/lib/python3.7/site-packages/airflow/example_dags/example_branch_operator_decorator.py
[2023-05-17T13:38:03.834+0000] {processor.py:809} INFO - DAG(s) dict_keys(['example_branch_python_operator_decorator']) retrieved from /home/airflow/.local/lib/python3.7/site-packages/airflow/example_dags/example_branch_operator_decorator.py
[2023-05-17T13:38:03.913+0000] {logging_mixin.py:149} INFO - [2023-05-17T13:38:03.913+0000] {dag.py:2726} INFO - Sync 1 DAGs
[2023-05-17T13:38:03.987+0000] {logging_mixin.py:149} INFO - [2023-05-17T13:38:03.987+0000] {dag.py:3490} INFO - Setting next_dagrun for example_branch_python_operator_decorator to 2023-05-16T00:00:00+00:00, run_after=2023-05-17T00:00:00+00:00
[2023-05-17T13:38:04.241+0000] {processor.py:178} INFO - Processing /home/airflow/.local/lib/python3.7/site-packages/airflow/example_dags/example_branch_operator_decorator.py took 0.468 seconds
[2023-05-17T13:38:35.021+0000] {processor.py:156} INFO - Started process (PID=427) to work on /home/airflow/.local/lib/python3.7/site-packages/airflow/example_dags/example_branch_operator_decorator.py
[2023-05-17T13:38:35.025+0000] {processor.py:799} INFO - Processing file /home/airflow/.local/lib/python3.7/site-packages/airflow/example_dags/example_branch_operator_decorator.py for tasks to queue
[2023-05-17T13:38:35.029+0000] {logging_mixin.py:149} INFO - [2023-05-17T13:38:35.029+0000] {dagbag.py:541} INFO - Filling up the DagBag from /home/airflow/.local/lib/python3.7/site-packages/airflow/example_dags/example_branch_operator_decorator.py
[2023-05-17T13:38:35.092+0000] {processor.py:809} INFO - DAG(s) dict_keys(['example_branch_python_operator_decorator']) retrieved from /home/airflow/.local/lib/python3.7/site-packages/airflow/example_dags/example_branch_operator_decorator.py
[2023-05-17T13:38:35.187+0000] {logging_mixin.py:149} INFO - [2023-05-17T13:38:35.186+0000] {dag.py:2726} INFO - Sync 1 DAGs
[2023-05-17T13:38:35.273+0000] {logging_mixin.py:149} INFO - [2023-05-17T13:38:35.273+0000] {dag.py:3490} INFO - Setting next_dagrun for example_branch_python_operator_decorator to 2023-05-16T00:00:00+00:00, run_after=2023-05-17T00:00:00+00:00
[2023-05-17T13:38:35.400+0000] {processor.py:178} INFO - Processing /home/airflow/.local/lib/python3.7/site-packages/airflow/example_dags/example_branch_operator_decorator.py took 0.388 seconds
[2023-05-17T13:39:05.813+0000] {processor.py:156} INFO - Started process (PID=486) to work on /home/airflow/.local/lib/python3.7/site-packages/airflow/example_dags/example_branch_operator_decorator.py
[2023-05-17T13:39:05.835+0000] {processor.py:799} INFO - Processing file /home/airflow/.local/lib/python3.7/site-packages/airflow/example_dags/example_branch_operator_decorator.py for tasks to queue
[2023-05-17T13:39:05.837+0000] {logging_mixin.py:149} INFO - [2023-05-17T13:39:05.837+0000] {dagbag.py:541} INFO - Filling up the DagBag from /home/airflow/.local/lib/python3.7/site-packages/airflow/example_dags/example_branch_operator_decorator.py
[2023-05-17T13:39:05.881+0000] {processor.py:809} INFO - DAG(s) dict_keys(['example_branch_python_operator_decorator']) retrieved from /home/airflow/.local/lib/python3.7/site-packages/airflow/example_dags/example_branch_operator_decorator.py
[2023-05-17T13:39:05.977+0000] {logging_mixin.py:149} INFO - [2023-05-17T13:39:05.977+0000] {dag.py:2726} INFO - Sync 1 DAGs
[2023-05-17T13:39:06.114+0000] {logging_mixin.py:149} INFO - [2023-05-17T13:39:06.112+0000] {dag.py:3490} INFO - Setting next_dagrun for example_branch_python_operator_decorator to 2023-05-16T00:00:00+00:00, run_after=2023-05-17T00:00:00+00:00
[2023-05-17T13:39:06.373+0000] {processor.py:178} INFO - Processing /home/airflow/.local/lib/python3.7/site-packages/airflow/example_dags/example_branch_operator_decorator.py took 0.570 seconds
[2023-05-17T13:39:36.634+0000] {processor.py:156} INFO - Started process (PID=544) to work on /home/airflow/.local/lib/python3.7/site-packages/airflow/example_dags/example_branch_operator_decorator.py
[2023-05-17T13:39:36.636+0000] {processor.py:799} INFO - Processing file /home/airflow/.local/lib/python3.7/site-packages/airflow/example_dags/example_branch_operator_decorator.py for tasks to queue
[2023-05-17T13:39:36.638+0000] {logging_mixin.py:149} INFO - [2023-05-17T13:39:36.638+0000] {dagbag.py:541} INFO - Filling up the DagBag from /home/airflow/.local/lib/python3.7/site-packages/airflow/example_dags/example_branch_operator_decorator.py
[2023-05-17T13:39:36.664+0000] {processor.py:809} INFO - DAG(s) dict_keys(['example_branch_python_operator_decorator']) retrieved from /home/airflow/.local/lib/python3.7/site-packages/airflow/example_dags/example_branch_operator_decorator.py
[2023-05-17T13:39:36.745+0000] {logging_mixin.py:149} INFO - [2023-05-17T13:39:36.745+0000] {dag.py:2726} INFO - Sync 1 DAGs
[2023-05-17T13:39:36.823+0000] {logging_mixin.py:149} INFO - [2023-05-17T13:39:36.823+0000] {dag.py:3490} INFO - Setting next_dagrun for example_branch_python_operator_decorator to 2023-05-16T00:00:00+00:00, run_after=2023-05-17T00:00:00+00:00
[2023-05-17T13:39:37.208+0000] {processor.py:178} INFO - Processing /home/airflow/.local/lib/python3.7/site-packages/airflow/example_dags/example_branch_operator_decorator.py took 0.580 seconds
[2023-05-17T13:40:07.846+0000] {processor.py:156} INFO - Started process (PID=602) to work on /home/airflow/.local/lib/python3.7/site-packages/airflow/example_dags/example_branch_operator_decorator.py
[2023-05-17T13:40:07.849+0000] {processor.py:799} INFO - Processing file /home/airflow/.local/lib/python3.7/site-packages/airflow/example_dags/example_branch_operator_decorator.py for tasks to queue
[2023-05-17T13:40:07.852+0000] {logging_mixin.py:149} INFO - [2023-05-17T13:40:07.851+0000] {dagbag.py:541} INFO - Filling up the DagBag from /home/airflow/.local/lib/python3.7/site-packages/airflow/example_dags/example_branch_operator_decorator.py
[2023-05-17T13:40:07.880+0000] {processor.py:809} INFO - DAG(s) dict_keys(['example_branch_python_operator_decorator']) retrieved from /home/airflow/.local/lib/python3.7/site-packages/airflow/example_dags/example_branch_operator_decorator.py
[2023-05-17T13:40:07.964+0000] {logging_mixin.py:149} INFO - [2023-05-17T13:40:07.964+0000] {dag.py:2726} INFO - Sync 1 DAGs
[2023-05-17T13:40:08.045+0000] {logging_mixin.py:149} INFO - [2023-05-17T13:40:08.045+0000] {dag.py:3490} INFO - Setting next_dagrun for example_branch_python_operator_decorator to 2023-05-16T00:00:00+00:00, run_after=2023-05-17T00:00:00+00:00
[2023-05-17T13:40:08.218+0000] {processor.py:178} INFO - Processing /home/airflow/.local/lib/python3.7/site-packages/airflow/example_dags/example_branch_operator_decorator.py took 0.383 seconds
