[2023-05-17T13:04:47.312+0000] {processor.py:156} INFO - Started process (PID=121) to work on /home/airflow/.local/lib/python3.7/site-packages/airflow/example_dags/example_dag_decorator.py
[2023-05-17T13:04:47.314+0000] {processor.py:799} INFO - Processing file /home/airflow/.local/lib/python3.7/site-packages/airflow/example_dags/example_dag_decorator.py for tasks to queue
[2023-05-17T13:04:47.318+0000] {logging_mixin.py:149} INFO - [2023-05-17T13:04:47.317+0000] {dagbag.py:541} INFO - Filling up the DagBag from /home/airflow/.local/lib/python3.7/site-packages/airflow/example_dags/example_dag_decorator.py
[2023-05-17T13:04:47.354+0000] {logging_mixin.py:149} INFO - [2023-05-17T13:04:47.352+0000] {taskmixin.py:211} WARNING - Dependency <Task(_PythonDecoratedOperator): prepare_email>, send_email already registered for DAG: example_dag_decorator
[2023-05-17T13:04:47.362+0000] {logging_mixin.py:149} INFO - [2023-05-17T13:04:47.362+0000] {taskmixin.py:211} WARNING - Dependency <Task(EmailOperator): send_email>, prepare_email already registered for DAG: example_dag_decorator
[2023-05-17T13:04:47.388+0000] {processor.py:809} INFO - DAG(s) dict_keys(['example_dag_decorator']) retrieved from /home/airflow/.local/lib/python3.7/site-packages/airflow/example_dags/example_dag_decorator.py
[2023-05-17T13:04:49.315+0000] {logging_mixin.py:149} INFO - [2023-05-17T13:04:49.315+0000] {manager.py:504} INFO - Created Permission View: can read on DAG:example_dag_decorator
[2023-05-17T13:04:49.892+0000] {logging_mixin.py:149} INFO - [2023-05-17T13:04:49.891+0000] {manager.py:504} INFO - Created Permission View: can edit on DAG:example_dag_decorator
[2023-05-17T13:04:50.482+0000] {logging_mixin.py:149} INFO - [2023-05-17T13:04:50.481+0000] {manager.py:504} INFO - Created Permission View: can delete on DAG:example_dag_decorator
[2023-05-17T13:04:50.485+0000] {logging_mixin.py:149} INFO - [2023-05-17T13:04:50.484+0000] {dag.py:2726} INFO - Sync 1 DAGs
[2023-05-17T13:04:50.521+0000] {logging_mixin.py:149} INFO - [2023-05-17T13:04:50.521+0000] {dag.py:2747} INFO - Creating ORM DAG for example_dag_decorator
[2023-05-17T13:04:50.546+0000] {logging_mixin.py:149} INFO - [2023-05-17T13:04:50.545+0000] {dag.py:3490} INFO - Setting next_dagrun for example_dag_decorator to None, run_after=None
[2023-05-17T13:04:50.911+0000] {processor.py:178} INFO - Processing /home/airflow/.local/lib/python3.7/site-packages/airflow/example_dags/example_dag_decorator.py took 3.606 seconds
[2023-05-17T13:09:03.636+0000] {processor.py:156} INFO - Started process (PID=220) to work on /home/airflow/.local/lib/python3.7/site-packages/airflow/example_dags/example_dag_decorator.py
[2023-05-17T13:09:03.640+0000] {processor.py:799} INFO - Processing file /home/airflow/.local/lib/python3.7/site-packages/airflow/example_dags/example_dag_decorator.py for tasks to queue
[2023-05-17T13:09:03.643+0000] {logging_mixin.py:149} INFO - [2023-05-17T13:09:03.642+0000] {dagbag.py:541} INFO - Filling up the DagBag from /home/airflow/.local/lib/python3.7/site-packages/airflow/example_dags/example_dag_decorator.py
[2023-05-17T13:09:03.664+0000] {logging_mixin.py:149} INFO - [2023-05-17T13:09:03.664+0000] {taskmixin.py:211} WARNING - Dependency <Task(_PythonDecoratedOperator): prepare_email>, send_email already registered for DAG: example_dag_decorator
[2023-05-17T13:09:03.672+0000] {logging_mixin.py:149} INFO - [2023-05-17T13:09:03.671+0000] {taskmixin.py:211} WARNING - Dependency <Task(EmailOperator): send_email>, prepare_email already registered for DAG: example_dag_decorator
[2023-05-17T13:09:03.714+0000] {processor.py:809} INFO - DAG(s) dict_keys(['example_dag_decorator']) retrieved from /home/airflow/.local/lib/python3.7/site-packages/airflow/example_dags/example_dag_decorator.py
[2023-05-17T13:09:03.969+0000] {logging_mixin.py:149} INFO - [2023-05-17T13:09:03.968+0000] {dag.py:2726} INFO - Sync 1 DAGs
[2023-05-17T13:09:04.030+0000] {logging_mixin.py:149} INFO - [2023-05-17T13:09:04.029+0000] {dag.py:3490} INFO - Setting next_dagrun for example_dag_decorator to None, run_after=None
[2023-05-17T13:09:04.268+0000] {processor.py:178} INFO - Processing /home/airflow/.local/lib/python3.7/site-packages/airflow/example_dags/example_dag_decorator.py took 0.649 seconds
[2023-05-17T13:09:34.469+0000] {processor.py:156} INFO - Started process (PID=266) to work on /home/airflow/.local/lib/python3.7/site-packages/airflow/example_dags/example_dag_decorator.py
[2023-05-17T13:09:34.472+0000] {processor.py:799} INFO - Processing file /home/airflow/.local/lib/python3.7/site-packages/airflow/example_dags/example_dag_decorator.py for tasks to queue
[2023-05-17T13:09:34.474+0000] {logging_mixin.py:149} INFO - [2023-05-17T13:09:34.474+0000] {dagbag.py:541} INFO - Filling up the DagBag from /home/airflow/.local/lib/python3.7/site-packages/airflow/example_dags/example_dag_decorator.py
[2023-05-17T13:09:34.487+0000] {logging_mixin.py:149} INFO - [2023-05-17T13:09:34.487+0000] {taskmixin.py:211} WARNING - Dependency <Task(_PythonDecoratedOperator): prepare_email>, send_email already registered for DAG: example_dag_decorator
[2023-05-17T13:09:34.488+0000] {logging_mixin.py:149} INFO - [2023-05-17T13:09:34.488+0000] {taskmixin.py:211} WARNING - Dependency <Task(EmailOperator): send_email>, prepare_email already registered for DAG: example_dag_decorator
[2023-05-17T13:09:34.506+0000] {processor.py:809} INFO - DAG(s) dict_keys(['example_dag_decorator']) retrieved from /home/airflow/.local/lib/python3.7/site-packages/airflow/example_dags/example_dag_decorator.py
[2023-05-17T13:09:34.692+0000] {logging_mixin.py:149} INFO - [2023-05-17T13:09:34.691+0000] {dag.py:2726} INFO - Sync 1 DAGs
[2023-05-17T13:09:34.792+0000] {logging_mixin.py:149} INFO - [2023-05-17T13:09:34.792+0000] {dag.py:3490} INFO - Setting next_dagrun for example_dag_decorator to None, run_after=None
[2023-05-17T13:09:35.288+0000] {processor.py:178} INFO - Processing /home/airflow/.local/lib/python3.7/site-packages/airflow/example_dags/example_dag_decorator.py took 0.827 seconds
[2023-05-17T13:10:11.448+0000] {processor.py:156} INFO - Started process (PID=331) to work on /home/airflow/.local/lib/python3.7/site-packages/airflow/example_dags/example_dag_decorator.py
[2023-05-17T13:10:11.450+0000] {processor.py:799} INFO - Processing file /home/airflow/.local/lib/python3.7/site-packages/airflow/example_dags/example_dag_decorator.py for tasks to queue
[2023-05-17T13:10:11.452+0000] {logging_mixin.py:149} INFO - [2023-05-17T13:10:11.452+0000] {dagbag.py:541} INFO - Filling up the DagBag from /home/airflow/.local/lib/python3.7/site-packages/airflow/example_dags/example_dag_decorator.py
[2023-05-17T13:10:11.473+0000] {logging_mixin.py:149} INFO - [2023-05-17T13:10:11.472+0000] {taskmixin.py:211} WARNING - Dependency <Task(_PythonDecoratedOperator): prepare_email>, send_email already registered for DAG: example_dag_decorator
[2023-05-17T13:10:11.477+0000] {logging_mixin.py:149} INFO - [2023-05-17T13:10:11.476+0000] {taskmixin.py:211} WARNING - Dependency <Task(EmailOperator): send_email>, prepare_email already registered for DAG: example_dag_decorator
[2023-05-17T13:10:11.510+0000] {processor.py:809} INFO - DAG(s) dict_keys(['example_dag_decorator']) retrieved from /home/airflow/.local/lib/python3.7/site-packages/airflow/example_dags/example_dag_decorator.py
[2023-05-17T13:10:11.788+0000] {logging_mixin.py:149} INFO - [2023-05-17T13:10:11.788+0000] {dag.py:2726} INFO - Sync 1 DAGs
[2023-05-17T13:10:12.925+0000] {logging_mixin.py:149} INFO - [2023-05-17T13:10:12.924+0000] {dag.py:3490} INFO - Setting next_dagrun for example_dag_decorator to None, run_after=None
[2023-05-17T13:10:14.175+0000] {processor.py:178} INFO - Processing /home/airflow/.local/lib/python3.7/site-packages/airflow/example_dags/example_dag_decorator.py took 2.733 seconds
[2023-05-17T13:10:44.358+0000] {processor.py:156} INFO - Started process (PID=382) to work on /home/airflow/.local/lib/python3.7/site-packages/airflow/example_dags/example_dag_decorator.py
[2023-05-17T13:10:44.361+0000] {processor.py:799} INFO - Processing file /home/airflow/.local/lib/python3.7/site-packages/airflow/example_dags/example_dag_decorator.py for tasks to queue
[2023-05-17T13:10:44.366+0000] {logging_mixin.py:149} INFO - [2023-05-17T13:10:44.365+0000] {dagbag.py:541} INFO - Filling up the DagBag from /home/airflow/.local/lib/python3.7/site-packages/airflow/example_dags/example_dag_decorator.py
[2023-05-17T13:10:44.387+0000] {logging_mixin.py:149} INFO - [2023-05-17T13:10:44.387+0000] {taskmixin.py:211} WARNING - Dependency <Task(_PythonDecoratedOperator): prepare_email>, send_email already registered for DAG: example_dag_decorator
[2023-05-17T13:10:44.390+0000] {logging_mixin.py:149} INFO - [2023-05-17T13:10:44.389+0000] {taskmixin.py:211} WARNING - Dependency <Task(EmailOperator): send_email>, prepare_email already registered for DAG: example_dag_decorator
[2023-05-17T13:10:44.416+0000] {processor.py:809} INFO - DAG(s) dict_keys(['example_dag_decorator']) retrieved from /home/airflow/.local/lib/python3.7/site-packages/airflow/example_dags/example_dag_decorator.py
[2023-05-17T13:10:44.617+0000] {logging_mixin.py:149} INFO - [2023-05-17T13:10:44.617+0000] {dag.py:2726} INFO - Sync 1 DAGs
[2023-05-17T13:10:44.678+0000] {logging_mixin.py:149} INFO - [2023-05-17T13:10:44.678+0000] {dag.py:3490} INFO - Setting next_dagrun for example_dag_decorator to None, run_after=None
[2023-05-17T13:10:44.960+0000] {processor.py:178} INFO - Processing /home/airflow/.local/lib/python3.7/site-packages/airflow/example_dags/example_dag_decorator.py took 0.620 seconds
[2023-05-17T13:11:15.488+0000] {processor.py:156} INFO - Started process (PID=435) to work on /home/airflow/.local/lib/python3.7/site-packages/airflow/example_dags/example_dag_decorator.py
[2023-05-17T13:11:15.490+0000] {processor.py:799} INFO - Processing file /home/airflow/.local/lib/python3.7/site-packages/airflow/example_dags/example_dag_decorator.py for tasks to queue
[2023-05-17T13:11:15.493+0000] {logging_mixin.py:149} INFO - [2023-05-17T13:11:15.492+0000] {dagbag.py:541} INFO - Filling up the DagBag from /home/airflow/.local/lib/python3.7/site-packages/airflow/example_dags/example_dag_decorator.py
[2023-05-17T13:11:15.509+0000] {logging_mixin.py:149} INFO - [2023-05-17T13:11:15.508+0000] {taskmixin.py:211} WARNING - Dependency <Task(_PythonDecoratedOperator): prepare_email>, send_email already registered for DAG: example_dag_decorator
[2023-05-17T13:11:15.510+0000] {logging_mixin.py:149} INFO - [2023-05-17T13:11:15.510+0000] {taskmixin.py:211} WARNING - Dependency <Task(EmailOperator): send_email>, prepare_email already registered for DAG: example_dag_decorator
[2023-05-17T13:11:15.537+0000] {processor.py:809} INFO - DAG(s) dict_keys(['example_dag_decorator']) retrieved from /home/airflow/.local/lib/python3.7/site-packages/airflow/example_dags/example_dag_decorator.py
[2023-05-17T13:11:15.794+0000] {logging_mixin.py:149} INFO - [2023-05-17T13:11:15.794+0000] {dag.py:2726} INFO - Sync 1 DAGs
[2023-05-17T13:11:15.879+0000] {logging_mixin.py:149} INFO - [2023-05-17T13:11:15.878+0000] {dag.py:3490} INFO - Setting next_dagrun for example_dag_decorator to None, run_after=None
[2023-05-17T13:11:16.225+0000] {processor.py:178} INFO - Processing /home/airflow/.local/lib/python3.7/site-packages/airflow/example_dags/example_dag_decorator.py took 0.747 seconds
[2023-05-17T13:11:48.469+0000] {processor.py:156} INFO - Started process (PID=487) to work on /home/airflow/.local/lib/python3.7/site-packages/airflow/example_dags/example_dag_decorator.py
[2023-05-17T13:11:48.471+0000] {processor.py:799} INFO - Processing file /home/airflow/.local/lib/python3.7/site-packages/airflow/example_dags/example_dag_decorator.py for tasks to queue
[2023-05-17T13:11:48.474+0000] {logging_mixin.py:149} INFO - [2023-05-17T13:11:48.473+0000] {dagbag.py:541} INFO - Filling up the DagBag from /home/airflow/.local/lib/python3.7/site-packages/airflow/example_dags/example_dag_decorator.py
[2023-05-17T13:11:48.488+0000] {logging_mixin.py:149} INFO - [2023-05-17T13:11:48.488+0000] {taskmixin.py:211} WARNING - Dependency <Task(_PythonDecoratedOperator): prepare_email>, send_email already registered for DAG: example_dag_decorator
[2023-05-17T13:11:48.489+0000] {logging_mixin.py:149} INFO - [2023-05-17T13:11:48.489+0000] {taskmixin.py:211} WARNING - Dependency <Task(EmailOperator): send_email>, prepare_email already registered for DAG: example_dag_decorator
[2023-05-17T13:11:48.516+0000] {processor.py:809} INFO - DAG(s) dict_keys(['example_dag_decorator']) retrieved from /home/airflow/.local/lib/python3.7/site-packages/airflow/example_dags/example_dag_decorator.py
[2023-05-17T13:11:48.598+0000] {logging_mixin.py:149} INFO - [2023-05-17T13:11:48.598+0000] {dag.py:2726} INFO - Sync 1 DAGs
[2023-05-17T13:11:48.685+0000] {logging_mixin.py:149} INFO - [2023-05-17T13:11:48.685+0000] {dag.py:3490} INFO - Setting next_dagrun for example_dag_decorator to None, run_after=None
[2023-05-17T13:11:48.911+0000] {processor.py:178} INFO - Processing /home/airflow/.local/lib/python3.7/site-packages/airflow/example_dags/example_dag_decorator.py took 0.448 seconds
[2023-05-17T13:12:19.649+0000] {processor.py:156} INFO - Started process (PID=545) to work on /home/airflow/.local/lib/python3.7/site-packages/airflow/example_dags/example_dag_decorator.py
[2023-05-17T13:12:19.651+0000] {processor.py:799} INFO - Processing file /home/airflow/.local/lib/python3.7/site-packages/airflow/example_dags/example_dag_decorator.py for tasks to queue
[2023-05-17T13:12:19.656+0000] {logging_mixin.py:149} INFO - [2023-05-17T13:12:19.655+0000] {dagbag.py:541} INFO - Filling up the DagBag from /home/airflow/.local/lib/python3.7/site-packages/airflow/example_dags/example_dag_decorator.py
[2023-05-17T13:12:19.679+0000] {logging_mixin.py:149} INFO - [2023-05-17T13:12:19.678+0000] {taskmixin.py:211} WARNING - Dependency <Task(_PythonDecoratedOperator): prepare_email>, send_email already registered for DAG: example_dag_decorator
[2023-05-17T13:12:19.680+0000] {logging_mixin.py:149} INFO - [2023-05-17T13:12:19.680+0000] {taskmixin.py:211} WARNING - Dependency <Task(EmailOperator): send_email>, prepare_email already registered for DAG: example_dag_decorator
[2023-05-17T13:12:19.705+0000] {processor.py:809} INFO - DAG(s) dict_keys(['example_dag_decorator']) retrieved from /home/airflow/.local/lib/python3.7/site-packages/airflow/example_dags/example_dag_decorator.py
[2023-05-17T13:12:20.044+0000] {logging_mixin.py:149} INFO - [2023-05-17T13:12:20.043+0000] {dag.py:2726} INFO - Sync 1 DAGs
[2023-05-17T13:12:20.141+0000] {logging_mixin.py:149} INFO - [2023-05-17T13:12:20.140+0000] {dag.py:3490} INFO - Setting next_dagrun for example_dag_decorator to None, run_after=None
[2023-05-17T13:12:20.411+0000] {processor.py:178} INFO - Processing /home/airflow/.local/lib/python3.7/site-packages/airflow/example_dags/example_dag_decorator.py took 0.770 seconds
[2023-05-17T13:13:09.015+0000] {processor.py:156} INFO - Started process (PID=602) to work on /home/airflow/.local/lib/python3.7/site-packages/airflow/example_dags/example_dag_decorator.py
[2023-05-17T13:13:09.017+0000] {processor.py:799} INFO - Processing file /home/airflow/.local/lib/python3.7/site-packages/airflow/example_dags/example_dag_decorator.py for tasks to queue
[2023-05-17T13:13:09.021+0000] {logging_mixin.py:149} INFO - [2023-05-17T13:13:09.021+0000] {dagbag.py:541} INFO - Filling up the DagBag from /home/airflow/.local/lib/python3.7/site-packages/airflow/example_dags/example_dag_decorator.py
[2023-05-17T13:13:09.034+0000] {logging_mixin.py:149} INFO - [2023-05-17T13:13:09.034+0000] {taskmixin.py:211} WARNING - Dependency <Task(_PythonDecoratedOperator): prepare_email>, send_email already registered for DAG: example_dag_decorator
[2023-05-17T13:13:09.036+0000] {logging_mixin.py:149} INFO - [2023-05-17T13:13:09.036+0000] {taskmixin.py:211} WARNING - Dependency <Task(EmailOperator): send_email>, prepare_email already registered for DAG: example_dag_decorator
[2023-05-17T13:13:09.785+0000] {processor.py:809} INFO - DAG(s) dict_keys(['example_dag_decorator']) retrieved from /home/airflow/.local/lib/python3.7/site-packages/airflow/example_dags/example_dag_decorator.py
[2023-05-17T13:13:10.848+0000] {logging_mixin.py:149} INFO - [2023-05-17T13:13:10.847+0000] {dag.py:2726} INFO - Sync 1 DAGs
[2023-05-17T13:13:10.909+0000] {logging_mixin.py:149} INFO - [2023-05-17T13:13:10.909+0000] {dag.py:3490} INFO - Setting next_dagrun for example_dag_decorator to None, run_after=None
[2023-05-17T13:13:11.595+0000] {processor.py:178} INFO - Processing /home/airflow/.local/lib/python3.7/site-packages/airflow/example_dags/example_dag_decorator.py took 2.589 seconds
[2023-05-17T13:13:42.013+0000] {processor.py:156} INFO - Started process (PID=662) to work on /home/airflow/.local/lib/python3.7/site-packages/airflow/example_dags/example_dag_decorator.py
[2023-05-17T13:13:42.018+0000] {processor.py:799} INFO - Processing file /home/airflow/.local/lib/python3.7/site-packages/airflow/example_dags/example_dag_decorator.py for tasks to queue
[2023-05-17T13:13:42.034+0000] {logging_mixin.py:149} INFO - [2023-05-17T13:13:42.034+0000] {dagbag.py:541} INFO - Filling up the DagBag from /home/airflow/.local/lib/python3.7/site-packages/airflow/example_dags/example_dag_decorator.py
[2023-05-17T13:13:42.051+0000] {logging_mixin.py:149} INFO - [2023-05-17T13:13:42.050+0000] {taskmixin.py:211} WARNING - Dependency <Task(_PythonDecoratedOperator): prepare_email>, send_email already registered for DAG: example_dag_decorator
[2023-05-17T13:13:42.052+0000] {logging_mixin.py:149} INFO - [2023-05-17T13:13:42.052+0000] {taskmixin.py:211} WARNING - Dependency <Task(EmailOperator): send_email>, prepare_email already registered for DAG: example_dag_decorator
[2023-05-17T13:13:42.078+0000] {processor.py:809} INFO - DAG(s) dict_keys(['example_dag_decorator']) retrieved from /home/airflow/.local/lib/python3.7/site-packages/airflow/example_dags/example_dag_decorator.py
[2023-05-17T13:13:42.852+0000] {logging_mixin.py:149} INFO - [2023-05-17T13:13:42.851+0000] {dag.py:2726} INFO - Sync 1 DAGs
[2023-05-17T13:13:42.926+0000] {logging_mixin.py:149} INFO - [2023-05-17T13:13:42.926+0000] {dag.py:3490} INFO - Setting next_dagrun for example_dag_decorator to None, run_after=None
[2023-05-17T13:13:43.533+0000] {processor.py:178} INFO - Processing /home/airflow/.local/lib/python3.7/site-packages/airflow/example_dags/example_dag_decorator.py took 1.565 seconds
[2023-05-17T13:14:14.873+0000] {processor.py:156} INFO - Started process (PID=720) to work on /home/airflow/.local/lib/python3.7/site-packages/airflow/example_dags/example_dag_decorator.py
[2023-05-17T13:14:14.876+0000] {processor.py:799} INFO - Processing file /home/airflow/.local/lib/python3.7/site-packages/airflow/example_dags/example_dag_decorator.py for tasks to queue
[2023-05-17T13:14:14.883+0000] {logging_mixin.py:149} INFO - [2023-05-17T13:14:14.882+0000] {dagbag.py:541} INFO - Filling up the DagBag from /home/airflow/.local/lib/python3.7/site-packages/airflow/example_dags/example_dag_decorator.py
[2023-05-17T13:14:15.057+0000] {logging_mixin.py:149} INFO - [2023-05-17T13:14:15.056+0000] {taskmixin.py:211} WARNING - Dependency <Task(_PythonDecoratedOperator): prepare_email>, send_email already registered for DAG: example_dag_decorator
[2023-05-17T13:14:15.058+0000] {logging_mixin.py:149} INFO - [2023-05-17T13:14:15.058+0000] {taskmixin.py:211} WARNING - Dependency <Task(EmailOperator): send_email>, prepare_email already registered for DAG: example_dag_decorator
[2023-05-17T13:14:15.090+0000] {processor.py:809} INFO - DAG(s) dict_keys(['example_dag_decorator']) retrieved from /home/airflow/.local/lib/python3.7/site-packages/airflow/example_dags/example_dag_decorator.py
[2023-05-17T13:14:16.150+0000] {logging_mixin.py:149} INFO - [2023-05-17T13:14:16.146+0000] {dag.py:2726} INFO - Sync 1 DAGs
[2023-05-17T13:14:16.238+0000] {logging_mixin.py:149} INFO - [2023-05-17T13:14:16.238+0000] {dag.py:3490} INFO - Setting next_dagrun for example_dag_decorator to None, run_after=None
[2023-05-17T13:14:16.415+0000] {processor.py:178} INFO - Processing /home/airflow/.local/lib/python3.7/site-packages/airflow/example_dags/example_dag_decorator.py took 1.552 seconds
[2023-05-17T13:15:06.362+0000] {processor.py:156} INFO - Started process (PID=748) to work on /home/airflow/.local/lib/python3.7/site-packages/airflow/example_dags/example_dag_decorator.py
[2023-05-17T13:15:06.423+0000] {processor.py:799} INFO - Processing file /home/airflow/.local/lib/python3.7/site-packages/airflow/example_dags/example_dag_decorator.py for tasks to queue
[2023-05-17T13:15:06.426+0000] {logging_mixin.py:149} INFO - [2023-05-17T13:15:06.425+0000] {dagbag.py:541} INFO - Filling up the DagBag from /home/airflow/.local/lib/python3.7/site-packages/airflow/example_dags/example_dag_decorator.py
[2023-05-17T13:15:06.539+0000] {logging_mixin.py:149} INFO - [2023-05-17T13:15:06.539+0000] {taskmixin.py:211} WARNING - Dependency <Task(_PythonDecoratedOperator): prepare_email>, send_email already registered for DAG: example_dag_decorator
[2023-05-17T13:15:06.540+0000] {logging_mixin.py:149} INFO - [2023-05-17T13:15:06.540+0000] {taskmixin.py:211} WARNING - Dependency <Task(EmailOperator): send_email>, prepare_email already registered for DAG: example_dag_decorator
[2023-05-17T13:15:06.558+0000] {processor.py:809} INFO - DAG(s) dict_keys(['example_dag_decorator']) retrieved from /home/airflow/.local/lib/python3.7/site-packages/airflow/example_dags/example_dag_decorator.py
[2023-05-17T13:15:08.069+0000] {logging_mixin.py:149} INFO - [2023-05-17T13:15:08.068+0000] {dag.py:2726} INFO - Sync 1 DAGs
[2023-05-17T13:15:08.138+0000] {logging_mixin.py:149} INFO - [2023-05-17T13:15:08.137+0000] {dag.py:3490} INFO - Setting next_dagrun for example_dag_decorator to None, run_after=None
[2023-05-17T13:15:09.767+0000] {processor.py:178} INFO - Processing /home/airflow/.local/lib/python3.7/site-packages/airflow/example_dags/example_dag_decorator.py took 3.415 seconds
[2023-05-17T13:15:40.115+0000] {processor.py:156} INFO - Started process (PID=806) to work on /home/airflow/.local/lib/python3.7/site-packages/airflow/example_dags/example_dag_decorator.py
[2023-05-17T13:15:40.117+0000] {processor.py:799} INFO - Processing file /home/airflow/.local/lib/python3.7/site-packages/airflow/example_dags/example_dag_decorator.py for tasks to queue
[2023-05-17T13:15:40.120+0000] {logging_mixin.py:149} INFO - [2023-05-17T13:15:40.119+0000] {dagbag.py:541} INFO - Filling up the DagBag from /home/airflow/.local/lib/python3.7/site-packages/airflow/example_dags/example_dag_decorator.py
[2023-05-17T13:15:40.139+0000] {logging_mixin.py:149} INFO - [2023-05-17T13:15:40.139+0000] {taskmixin.py:211} WARNING - Dependency <Task(_PythonDecoratedOperator): prepare_email>, send_email already registered for DAG: example_dag_decorator
[2023-05-17T13:15:40.141+0000] {logging_mixin.py:149} INFO - [2023-05-17T13:15:40.141+0000] {taskmixin.py:211} WARNING - Dependency <Task(EmailOperator): send_email>, prepare_email already registered for DAG: example_dag_decorator
[2023-05-17T13:15:40.165+0000] {processor.py:809} INFO - DAG(s) dict_keys(['example_dag_decorator']) retrieved from /home/airflow/.local/lib/python3.7/site-packages/airflow/example_dags/example_dag_decorator.py
[2023-05-17T13:15:40.547+0000] {logging_mixin.py:149} INFO - [2023-05-17T13:15:40.547+0000] {dag.py:2726} INFO - Sync 1 DAGs
[2023-05-17T13:15:40.657+0000] {logging_mixin.py:149} INFO - [2023-05-17T13:15:40.657+0000] {dag.py:3490} INFO - Setting next_dagrun for example_dag_decorator to None, run_after=None
[2023-05-17T13:15:40.818+0000] {processor.py:178} INFO - Processing /home/airflow/.local/lib/python3.7/site-packages/airflow/example_dags/example_dag_decorator.py took 0.715 seconds
[2023-05-17T13:16:11.066+0000] {processor.py:156} INFO - Started process (PID=864) to work on /home/airflow/.local/lib/python3.7/site-packages/airflow/example_dags/example_dag_decorator.py
[2023-05-17T13:16:11.069+0000] {processor.py:799} INFO - Processing file /home/airflow/.local/lib/python3.7/site-packages/airflow/example_dags/example_dag_decorator.py for tasks to queue
[2023-05-17T13:16:11.071+0000] {logging_mixin.py:149} INFO - [2023-05-17T13:16:11.071+0000] {dagbag.py:541} INFO - Filling up the DagBag from /home/airflow/.local/lib/python3.7/site-packages/airflow/example_dags/example_dag_decorator.py
[2023-05-17T13:16:11.085+0000] {logging_mixin.py:149} INFO - [2023-05-17T13:16:11.085+0000] {taskmixin.py:211} WARNING - Dependency <Task(_PythonDecoratedOperator): prepare_email>, send_email already registered for DAG: example_dag_decorator
[2023-05-17T13:16:11.087+0000] {logging_mixin.py:149} INFO - [2023-05-17T13:16:11.086+0000] {taskmixin.py:211} WARNING - Dependency <Task(EmailOperator): send_email>, prepare_email already registered for DAG: example_dag_decorator
[2023-05-17T13:16:11.105+0000] {processor.py:809} INFO - DAG(s) dict_keys(['example_dag_decorator']) retrieved from /home/airflow/.local/lib/python3.7/site-packages/airflow/example_dags/example_dag_decorator.py
[2023-05-17T13:16:11.305+0000] {logging_mixin.py:149} INFO - [2023-05-17T13:16:11.304+0000] {dag.py:2726} INFO - Sync 1 DAGs
[2023-05-17T13:16:11.370+0000] {logging_mixin.py:149} INFO - [2023-05-17T13:16:11.370+0000] {dag.py:3490} INFO - Setting next_dagrun for example_dag_decorator to None, run_after=None
[2023-05-17T13:16:11.548+0000] {processor.py:178} INFO - Processing /home/airflow/.local/lib/python3.7/site-packages/airflow/example_dags/example_dag_decorator.py took 0.490 seconds
[2023-05-17T13:16:41.907+0000] {processor.py:156} INFO - Started process (PID=922) to work on /home/airflow/.local/lib/python3.7/site-packages/airflow/example_dags/example_dag_decorator.py
[2023-05-17T13:16:41.910+0000] {processor.py:799} INFO - Processing file /home/airflow/.local/lib/python3.7/site-packages/airflow/example_dags/example_dag_decorator.py for tasks to queue
[2023-05-17T13:16:41.913+0000] {logging_mixin.py:149} INFO - [2023-05-17T13:16:41.912+0000] {dagbag.py:541} INFO - Filling up the DagBag from /home/airflow/.local/lib/python3.7/site-packages/airflow/example_dags/example_dag_decorator.py
[2023-05-17T13:16:41.932+0000] {logging_mixin.py:149} INFO - [2023-05-17T13:16:41.932+0000] {taskmixin.py:211} WARNING - Dependency <Task(_PythonDecoratedOperator): prepare_email>, send_email already registered for DAG: example_dag_decorator
[2023-05-17T13:16:41.934+0000] {logging_mixin.py:149} INFO - [2023-05-17T13:16:41.933+0000] {taskmixin.py:211} WARNING - Dependency <Task(EmailOperator): send_email>, prepare_email already registered for DAG: example_dag_decorator
[2023-05-17T13:16:41.960+0000] {processor.py:809} INFO - DAG(s) dict_keys(['example_dag_decorator']) retrieved from /home/airflow/.local/lib/python3.7/site-packages/airflow/example_dags/example_dag_decorator.py
[2023-05-17T13:16:42.739+0000] {logging_mixin.py:149} INFO - [2023-05-17T13:16:42.738+0000] {dag.py:2726} INFO - Sync 1 DAGs
[2023-05-17T13:16:42.825+0000] {logging_mixin.py:149} INFO - [2023-05-17T13:16:42.825+0000] {dag.py:3490} INFO - Setting next_dagrun for example_dag_decorator to None, run_after=None
[2023-05-17T13:16:43.056+0000] {processor.py:178} INFO - Processing /home/airflow/.local/lib/python3.7/site-packages/airflow/example_dags/example_dag_decorator.py took 1.160 seconds
[2023-05-17T13:17:17.691+0000] {processor.py:156} INFO - Started process (PID=976) to work on /home/airflow/.local/lib/python3.7/site-packages/airflow/example_dags/example_dag_decorator.py
[2023-05-17T13:17:17.698+0000] {processor.py:799} INFO - Processing file /home/airflow/.local/lib/python3.7/site-packages/airflow/example_dags/example_dag_decorator.py for tasks to queue
[2023-05-17T13:17:17.703+0000] {logging_mixin.py:149} INFO - [2023-05-17T13:17:17.702+0000] {dagbag.py:541} INFO - Filling up the DagBag from /home/airflow/.local/lib/python3.7/site-packages/airflow/example_dags/example_dag_decorator.py
[2023-05-17T13:17:17.725+0000] {logging_mixin.py:149} INFO - [2023-05-17T13:17:17.725+0000] {taskmixin.py:211} WARNING - Dependency <Task(_PythonDecoratedOperator): prepare_email>, send_email already registered for DAG: example_dag_decorator
[2023-05-17T13:17:17.728+0000] {logging_mixin.py:149} INFO - [2023-05-17T13:17:17.728+0000] {taskmixin.py:211} WARNING - Dependency <Task(EmailOperator): send_email>, prepare_email already registered for DAG: example_dag_decorator
[2023-05-17T13:17:17.761+0000] {processor.py:809} INFO - DAG(s) dict_keys(['example_dag_decorator']) retrieved from /home/airflow/.local/lib/python3.7/site-packages/airflow/example_dags/example_dag_decorator.py
[2023-05-17T13:17:18.554+0000] {logging_mixin.py:149} INFO - [2023-05-17T13:17:18.553+0000] {dag.py:2726} INFO - Sync 1 DAGs
[2023-05-17T13:17:18.703+0000] {logging_mixin.py:149} INFO - [2023-05-17T13:17:18.703+0000] {dag.py:3490} INFO - Setting next_dagrun for example_dag_decorator to None, run_after=None
[2023-05-17T13:17:18.898+0000] {processor.py:178} INFO - Processing /home/airflow/.local/lib/python3.7/site-packages/airflow/example_dags/example_dag_decorator.py took 1.215 seconds
[2023-05-17T13:17:56.737+0000] {processor.py:156} INFO - Started process (PID=1032) to work on /home/airflow/.local/lib/python3.7/site-packages/airflow/example_dags/example_dag_decorator.py
[2023-05-17T13:17:56.740+0000] {processor.py:799} INFO - Processing file /home/airflow/.local/lib/python3.7/site-packages/airflow/example_dags/example_dag_decorator.py for tasks to queue
[2023-05-17T13:17:56.742+0000] {logging_mixin.py:149} INFO - [2023-05-17T13:17:56.741+0000] {dagbag.py:541} INFO - Filling up the DagBag from /home/airflow/.local/lib/python3.7/site-packages/airflow/example_dags/example_dag_decorator.py
[2023-05-17T13:17:56.760+0000] {logging_mixin.py:149} INFO - [2023-05-17T13:17:56.759+0000] {taskmixin.py:211} WARNING - Dependency <Task(_PythonDecoratedOperator): prepare_email>, send_email already registered for DAG: example_dag_decorator
[2023-05-17T13:17:56.761+0000] {logging_mixin.py:149} INFO - [2023-05-17T13:17:56.761+0000] {taskmixin.py:211} WARNING - Dependency <Task(EmailOperator): send_email>, prepare_email already registered for DAG: example_dag_decorator
[2023-05-17T13:17:56.782+0000] {processor.py:809} INFO - DAG(s) dict_keys(['example_dag_decorator']) retrieved from /home/airflow/.local/lib/python3.7/site-packages/airflow/example_dags/example_dag_decorator.py
[2023-05-17T13:18:09.963+0000] {logging_mixin.py:149} INFO - [2023-05-17T13:18:09.962+0000] {dag.py:2726} INFO - Sync 1 DAGs
[2023-05-17T13:18:10.242+0000] {logging_mixin.py:149} INFO - [2023-05-17T13:18:10.241+0000] {dag.py:3490} INFO - Setting next_dagrun for example_dag_decorator to None, run_after=None
[2023-05-17T13:18:10.824+0000] {processor.py:178} INFO - Processing /home/airflow/.local/lib/python3.7/site-packages/airflow/example_dags/example_dag_decorator.py took 14.097 seconds
[2023-05-17T13:18:51.750+0000] {processor.py:156} INFO - Started process (PID=1112) to work on /home/airflow/.local/lib/python3.7/site-packages/airflow/example_dags/example_dag_decorator.py
[2023-05-17T13:18:51.753+0000] {processor.py:799} INFO - Processing file /home/airflow/.local/lib/python3.7/site-packages/airflow/example_dags/example_dag_decorator.py for tasks to queue
[2023-05-17T13:18:51.756+0000] {logging_mixin.py:149} INFO - [2023-05-17T13:18:51.755+0000] {dagbag.py:541} INFO - Filling up the DagBag from /home/airflow/.local/lib/python3.7/site-packages/airflow/example_dags/example_dag_decorator.py
[2023-05-17T13:18:51.785+0000] {logging_mixin.py:149} INFO - [2023-05-17T13:18:51.784+0000] {taskmixin.py:211} WARNING - Dependency <Task(_PythonDecoratedOperator): prepare_email>, send_email already registered for DAG: example_dag_decorator
[2023-05-17T13:18:51.790+0000] {logging_mixin.py:149} INFO - [2023-05-17T13:18:51.788+0000] {taskmixin.py:211} WARNING - Dependency <Task(EmailOperator): send_email>, prepare_email already registered for DAG: example_dag_decorator
[2023-05-17T13:18:51.833+0000] {processor.py:809} INFO - DAG(s) dict_keys(['example_dag_decorator']) retrieved from /home/airflow/.local/lib/python3.7/site-packages/airflow/example_dags/example_dag_decorator.py
[2023-05-17T13:18:52.077+0000] {logging_mixin.py:149} INFO - [2023-05-17T13:18:52.077+0000] {dag.py:2726} INFO - Sync 1 DAGs
[2023-05-17T13:18:52.142+0000] {logging_mixin.py:149} INFO - [2023-05-17T13:18:52.142+0000] {dag.py:3490} INFO - Setting next_dagrun for example_dag_decorator to None, run_after=None
[2023-05-17T13:18:52.505+0000] {processor.py:178} INFO - Processing /home/airflow/.local/lib/python3.7/site-packages/airflow/example_dags/example_dag_decorator.py took 0.767 seconds
[2023-05-17T13:19:25.118+0000] {processor.py:156} INFO - Started process (PID=1171) to work on /home/airflow/.local/lib/python3.7/site-packages/airflow/example_dags/example_dag_decorator.py
[2023-05-17T13:19:25.120+0000] {processor.py:799} INFO - Processing file /home/airflow/.local/lib/python3.7/site-packages/airflow/example_dags/example_dag_decorator.py for tasks to queue
[2023-05-17T13:19:25.122+0000] {logging_mixin.py:149} INFO - [2023-05-17T13:19:25.122+0000] {dagbag.py:541} INFO - Filling up the DagBag from /home/airflow/.local/lib/python3.7/site-packages/airflow/example_dags/example_dag_decorator.py
[2023-05-17T13:19:25.135+0000] {logging_mixin.py:149} INFO - [2023-05-17T13:19:25.134+0000] {taskmixin.py:211} WARNING - Dependency <Task(_PythonDecoratedOperator): prepare_email>, send_email already registered for DAG: example_dag_decorator
[2023-05-17T13:19:25.136+0000] {logging_mixin.py:149} INFO - [2023-05-17T13:19:25.135+0000] {taskmixin.py:211} WARNING - Dependency <Task(EmailOperator): send_email>, prepare_email already registered for DAG: example_dag_decorator
[2023-05-17T13:19:25.151+0000] {processor.py:809} INFO - DAG(s) dict_keys(['example_dag_decorator']) retrieved from /home/airflow/.local/lib/python3.7/site-packages/airflow/example_dags/example_dag_decorator.py
[2023-05-17T13:19:25.287+0000] {logging_mixin.py:149} INFO - [2023-05-17T13:19:25.286+0000] {dag.py:2726} INFO - Sync 1 DAGs
[2023-05-17T13:19:25.335+0000] {logging_mixin.py:149} INFO - [2023-05-17T13:19:25.334+0000] {dag.py:3490} INFO - Setting next_dagrun for example_dag_decorator to None, run_after=None
[2023-05-17T13:19:26.202+0000] {processor.py:178} INFO - Processing /home/airflow/.local/lib/python3.7/site-packages/airflow/example_dags/example_dag_decorator.py took 1.090 seconds
[2023-05-17T13:19:57.145+0000] {processor.py:156} INFO - Started process (PID=1228) to work on /home/airflow/.local/lib/python3.7/site-packages/airflow/example_dags/example_dag_decorator.py
[2023-05-17T13:19:57.148+0000] {processor.py:799} INFO - Processing file /home/airflow/.local/lib/python3.7/site-packages/airflow/example_dags/example_dag_decorator.py for tasks to queue
[2023-05-17T13:19:57.151+0000] {logging_mixin.py:149} INFO - [2023-05-17T13:19:57.150+0000] {dagbag.py:541} INFO - Filling up the DagBag from /home/airflow/.local/lib/python3.7/site-packages/airflow/example_dags/example_dag_decorator.py
[2023-05-17T13:19:57.181+0000] {logging_mixin.py:149} INFO - [2023-05-17T13:19:57.180+0000] {taskmixin.py:211} WARNING - Dependency <Task(_PythonDecoratedOperator): prepare_email>, send_email already registered for DAG: example_dag_decorator
[2023-05-17T13:19:57.185+0000] {logging_mixin.py:149} INFO - [2023-05-17T13:19:57.183+0000] {taskmixin.py:211} WARNING - Dependency <Task(EmailOperator): send_email>, prepare_email already registered for DAG: example_dag_decorator
[2023-05-17T13:19:57.243+0000] {processor.py:809} INFO - DAG(s) dict_keys(['example_dag_decorator']) retrieved from /home/airflow/.local/lib/python3.7/site-packages/airflow/example_dags/example_dag_decorator.py
[2023-05-17T13:19:57.696+0000] {logging_mixin.py:149} INFO - [2023-05-17T13:19:57.695+0000] {dag.py:2726} INFO - Sync 1 DAGs
[2023-05-17T13:19:57.757+0000] {logging_mixin.py:149} INFO - [2023-05-17T13:19:57.757+0000] {dag.py:3490} INFO - Setting next_dagrun for example_dag_decorator to None, run_after=None
[2023-05-17T13:19:58.072+0000] {processor.py:178} INFO - Processing /home/airflow/.local/lib/python3.7/site-packages/airflow/example_dags/example_dag_decorator.py took 0.996 seconds
[2023-05-17T13:20:28.820+0000] {processor.py:156} INFO - Started process (PID=1287) to work on /home/airflow/.local/lib/python3.7/site-packages/airflow/example_dags/example_dag_decorator.py
[2023-05-17T13:20:28.827+0000] {processor.py:799} INFO - Processing file /home/airflow/.local/lib/python3.7/site-packages/airflow/example_dags/example_dag_decorator.py for tasks to queue
[2023-05-17T13:20:28.830+0000] {logging_mixin.py:149} INFO - [2023-05-17T13:20:28.829+0000] {dagbag.py:541} INFO - Filling up the DagBag from /home/airflow/.local/lib/python3.7/site-packages/airflow/example_dags/example_dag_decorator.py
[2023-05-17T13:20:28.848+0000] {logging_mixin.py:149} INFO - [2023-05-17T13:20:28.847+0000] {taskmixin.py:211} WARNING - Dependency <Task(_PythonDecoratedOperator): prepare_email>, send_email already registered for DAG: example_dag_decorator
[2023-05-17T13:20:28.849+0000] {logging_mixin.py:149} INFO - [2023-05-17T13:20:28.849+0000] {taskmixin.py:211} WARNING - Dependency <Task(EmailOperator): send_email>, prepare_email already registered for DAG: example_dag_decorator
[2023-05-17T13:20:28.879+0000] {processor.py:809} INFO - DAG(s) dict_keys(['example_dag_decorator']) retrieved from /home/airflow/.local/lib/python3.7/site-packages/airflow/example_dags/example_dag_decorator.py
[2023-05-17T13:20:29.177+0000] {logging_mixin.py:149} INFO - [2023-05-17T13:20:29.174+0000] {dag.py:2726} INFO - Sync 1 DAGs
[2023-05-17T13:20:29.243+0000] {logging_mixin.py:149} INFO - [2023-05-17T13:20:29.243+0000] {dag.py:3490} INFO - Setting next_dagrun for example_dag_decorator to None, run_after=None
[2023-05-17T13:20:30.011+0000] {processor.py:178} INFO - Processing /home/airflow/.local/lib/python3.7/site-packages/airflow/example_dags/example_dag_decorator.py took 1.213 seconds
[2023-05-17T13:21:00.205+0000] {processor.py:156} INFO - Started process (PID=1345) to work on /home/airflow/.local/lib/python3.7/site-packages/airflow/example_dags/example_dag_decorator.py
[2023-05-17T13:21:00.221+0000] {processor.py:799} INFO - Processing file /home/airflow/.local/lib/python3.7/site-packages/airflow/example_dags/example_dag_decorator.py for tasks to queue
[2023-05-17T13:21:00.228+0000] {logging_mixin.py:149} INFO - [2023-05-17T13:21:00.223+0000] {dagbag.py:541} INFO - Filling up the DagBag from /home/airflow/.local/lib/python3.7/site-packages/airflow/example_dags/example_dag_decorator.py
[2023-05-17T13:21:00.256+0000] {logging_mixin.py:149} INFO - [2023-05-17T13:21:00.255+0000] {taskmixin.py:211} WARNING - Dependency <Task(_PythonDecoratedOperator): prepare_email>, send_email already registered for DAG: example_dag_decorator
[2023-05-17T13:21:00.259+0000] {logging_mixin.py:149} INFO - [2023-05-17T13:21:00.257+0000] {taskmixin.py:211} WARNING - Dependency <Task(EmailOperator): send_email>, prepare_email already registered for DAG: example_dag_decorator
[2023-05-17T13:21:00.286+0000] {processor.py:809} INFO - DAG(s) dict_keys(['example_dag_decorator']) retrieved from /home/airflow/.local/lib/python3.7/site-packages/airflow/example_dags/example_dag_decorator.py
[2023-05-17T13:21:00.562+0000] {logging_mixin.py:149} INFO - [2023-05-17T13:21:00.561+0000] {dag.py:2726} INFO - Sync 1 DAGs
[2023-05-17T13:21:00.750+0000] {logging_mixin.py:149} INFO - [2023-05-17T13:21:00.750+0000] {dag.py:3490} INFO - Setting next_dagrun for example_dag_decorator to None, run_after=None
[2023-05-17T13:21:00.932+0000] {processor.py:178} INFO - Processing /home/airflow/.local/lib/python3.7/site-packages/airflow/example_dags/example_dag_decorator.py took 0.747 seconds
[2023-05-17T13:21:31.713+0000] {processor.py:156} INFO - Started process (PID=1401) to work on /home/airflow/.local/lib/python3.7/site-packages/airflow/example_dags/example_dag_decorator.py
[2023-05-17T13:21:31.716+0000] {processor.py:799} INFO - Processing file /home/airflow/.local/lib/python3.7/site-packages/airflow/example_dags/example_dag_decorator.py for tasks to queue
[2023-05-17T13:21:31.718+0000] {logging_mixin.py:149} INFO - [2023-05-17T13:21:31.717+0000] {dagbag.py:541} INFO - Filling up the DagBag from /home/airflow/.local/lib/python3.7/site-packages/airflow/example_dags/example_dag_decorator.py
[2023-05-17T13:21:31.731+0000] {logging_mixin.py:149} INFO - [2023-05-17T13:21:31.731+0000] {taskmixin.py:211} WARNING - Dependency <Task(_PythonDecoratedOperator): prepare_email>, send_email already registered for DAG: example_dag_decorator
[2023-05-17T13:21:31.733+0000] {logging_mixin.py:149} INFO - [2023-05-17T13:21:31.732+0000] {taskmixin.py:211} WARNING - Dependency <Task(EmailOperator): send_email>, prepare_email already registered for DAG: example_dag_decorator
[2023-05-17T13:21:31.985+0000] {processor.py:809} INFO - DAG(s) dict_keys(['example_dag_decorator']) retrieved from /home/airflow/.local/lib/python3.7/site-packages/airflow/example_dags/example_dag_decorator.py
[2023-05-17T13:21:32.269+0000] {logging_mixin.py:149} INFO - [2023-05-17T13:21:32.269+0000] {dag.py:2726} INFO - Sync 1 DAGs
[2023-05-17T13:21:32.341+0000] {logging_mixin.py:149} INFO - [2023-05-17T13:21:32.341+0000] {dag.py:3490} INFO - Setting next_dagrun for example_dag_decorator to None, run_after=None
[2023-05-17T13:21:32.549+0000] {processor.py:178} INFO - Processing /home/airflow/.local/lib/python3.7/site-packages/airflow/example_dags/example_dag_decorator.py took 0.848 seconds
[2023-05-17T13:22:05.265+0000] {processor.py:156} INFO - Started process (PID=1455) to work on /home/airflow/.local/lib/python3.7/site-packages/airflow/example_dags/example_dag_decorator.py
[2023-05-17T13:22:05.269+0000] {processor.py:799} INFO - Processing file /home/airflow/.local/lib/python3.7/site-packages/airflow/example_dags/example_dag_decorator.py for tasks to queue
[2023-05-17T13:22:05.271+0000] {logging_mixin.py:149} INFO - [2023-05-17T13:22:05.271+0000] {dagbag.py:541} INFO - Filling up the DagBag from /home/airflow/.local/lib/python3.7/site-packages/airflow/example_dags/example_dag_decorator.py
[2023-05-17T13:22:05.286+0000] {logging_mixin.py:149} INFO - [2023-05-17T13:22:05.286+0000] {taskmixin.py:211} WARNING - Dependency <Task(_PythonDecoratedOperator): prepare_email>, send_email already registered for DAG: example_dag_decorator
[2023-05-17T13:22:05.288+0000] {logging_mixin.py:149} INFO - [2023-05-17T13:22:05.287+0000] {taskmixin.py:211} WARNING - Dependency <Task(EmailOperator): send_email>, prepare_email already registered for DAG: example_dag_decorator
[2023-05-17T13:22:05.311+0000] {processor.py:809} INFO - DAG(s) dict_keys(['example_dag_decorator']) retrieved from /home/airflow/.local/lib/python3.7/site-packages/airflow/example_dags/example_dag_decorator.py
[2023-05-17T13:22:05.690+0000] {logging_mixin.py:149} INFO - [2023-05-17T13:22:05.689+0000] {dag.py:2726} INFO - Sync 1 DAGs
[2023-05-17T13:22:05.752+0000] {logging_mixin.py:149} INFO - [2023-05-17T13:22:05.752+0000] {dag.py:3490} INFO - Setting next_dagrun for example_dag_decorator to None, run_after=None
[2023-05-17T13:23:25.893+0000] {processor.py:156} INFO - Started process (PID=1553) to work on /home/airflow/.local/lib/python3.7/site-packages/airflow/example_dags/example_dag_decorator.py
[2023-05-17T13:23:25.896+0000] {processor.py:799} INFO - Processing file /home/airflow/.local/lib/python3.7/site-packages/airflow/example_dags/example_dag_decorator.py for tasks to queue
[2023-05-17T13:23:25.909+0000] {logging_mixin.py:149} INFO - [2023-05-17T13:23:25.908+0000] {dagbag.py:541} INFO - Filling up the DagBag from /home/airflow/.local/lib/python3.7/site-packages/airflow/example_dags/example_dag_decorator.py
[2023-05-17T13:23:25.964+0000] {logging_mixin.py:149} INFO - [2023-05-17T13:23:25.964+0000] {taskmixin.py:211} WARNING - Dependency <Task(_PythonDecoratedOperator): prepare_email>, send_email already registered for DAG: example_dag_decorator
[2023-05-17T13:23:25.981+0000] {logging_mixin.py:149} INFO - [2023-05-17T13:23:25.979+0000] {taskmixin.py:211} WARNING - Dependency <Task(EmailOperator): send_email>, prepare_email already registered for DAG: example_dag_decorator
[2023-05-17T13:23:26.118+0000] {processor.py:809} INFO - DAG(s) dict_keys(['example_dag_decorator']) retrieved from /home/airflow/.local/lib/python3.7/site-packages/airflow/example_dags/example_dag_decorator.py
[2023-05-17T13:23:26.188+0000] {logging_mixin.py:149} INFO - [2023-05-17T13:23:26.187+0000] {dag.py:2726} INFO - Sync 1 DAGs
[2023-05-17T13:23:26.343+0000] {logging_mixin.py:149} INFO - [2023-05-17T13:23:26.343+0000] {dag.py:3490} INFO - Setting next_dagrun for example_dag_decorator to None, run_after=None
[2023-05-17T13:23:26.581+0000] {processor.py:178} INFO - Processing /home/airflow/.local/lib/python3.7/site-packages/airflow/example_dags/example_dag_decorator.py took 0.710 seconds
[2023-05-17T13:23:57.403+0000] {processor.py:156} INFO - Started process (PID=1610) to work on /home/airflow/.local/lib/python3.7/site-packages/airflow/example_dags/example_dag_decorator.py
[2023-05-17T13:23:57.405+0000] {processor.py:799} INFO - Processing file /home/airflow/.local/lib/python3.7/site-packages/airflow/example_dags/example_dag_decorator.py for tasks to queue
[2023-05-17T13:23:57.407+0000] {logging_mixin.py:149} INFO - [2023-05-17T13:23:57.407+0000] {dagbag.py:541} INFO - Filling up the DagBag from /home/airflow/.local/lib/python3.7/site-packages/airflow/example_dags/example_dag_decorator.py
[2023-05-17T13:23:57.424+0000] {logging_mixin.py:149} INFO - [2023-05-17T13:23:57.424+0000] {taskmixin.py:211} WARNING - Dependency <Task(_PythonDecoratedOperator): prepare_email>, send_email already registered for DAG: example_dag_decorator
[2023-05-17T13:23:57.426+0000] {logging_mixin.py:149} INFO - [2023-05-17T13:23:57.425+0000] {taskmixin.py:211} WARNING - Dependency <Task(EmailOperator): send_email>, prepare_email already registered for DAG: example_dag_decorator
[2023-05-17T13:23:57.450+0000] {processor.py:809} INFO - DAG(s) dict_keys(['example_dag_decorator']) retrieved from /home/airflow/.local/lib/python3.7/site-packages/airflow/example_dags/example_dag_decorator.py
[2023-05-17T13:23:57.634+0000] {logging_mixin.py:149} INFO - [2023-05-17T13:23:57.634+0000] {dag.py:2726} INFO - Sync 1 DAGs
[2023-05-17T13:23:57.694+0000] {logging_mixin.py:149} INFO - [2023-05-17T13:23:57.693+0000] {dag.py:3490} INFO - Setting next_dagrun for example_dag_decorator to None, run_after=None
[2023-05-17T13:23:58.076+0000] {processor.py:178} INFO - Processing /home/airflow/.local/lib/python3.7/site-packages/airflow/example_dags/example_dag_decorator.py took 0.683 seconds
[2023-05-17T13:24:28.529+0000] {processor.py:156} INFO - Started process (PID=1669) to work on /home/airflow/.local/lib/python3.7/site-packages/airflow/example_dags/example_dag_decorator.py
[2023-05-17T13:24:28.532+0000] {processor.py:799} INFO - Processing file /home/airflow/.local/lib/python3.7/site-packages/airflow/example_dags/example_dag_decorator.py for tasks to queue
[2023-05-17T13:24:28.534+0000] {logging_mixin.py:149} INFO - [2023-05-17T13:24:28.534+0000] {dagbag.py:541} INFO - Filling up the DagBag from /home/airflow/.local/lib/python3.7/site-packages/airflow/example_dags/example_dag_decorator.py
[2023-05-17T13:24:28.549+0000] {logging_mixin.py:149} INFO - [2023-05-17T13:24:28.548+0000] {taskmixin.py:211} WARNING - Dependency <Task(_PythonDecoratedOperator): prepare_email>, send_email already registered for DAG: example_dag_decorator
[2023-05-17T13:24:28.550+0000] {logging_mixin.py:149} INFO - [2023-05-17T13:24:28.550+0000] {taskmixin.py:211} WARNING - Dependency <Task(EmailOperator): send_email>, prepare_email already registered for DAG: example_dag_decorator
[2023-05-17T13:24:28.569+0000] {processor.py:809} INFO - DAG(s) dict_keys(['example_dag_decorator']) retrieved from /home/airflow/.local/lib/python3.7/site-packages/airflow/example_dags/example_dag_decorator.py
[2023-05-17T13:24:28.781+0000] {logging_mixin.py:149} INFO - [2023-05-17T13:24:28.780+0000] {dag.py:2726} INFO - Sync 1 DAGs
[2023-05-17T13:24:28.852+0000] {logging_mixin.py:149} INFO - [2023-05-17T13:24:28.852+0000] {dag.py:3490} INFO - Setting next_dagrun for example_dag_decorator to None, run_after=None
[2023-05-17T13:24:29.030+0000] {processor.py:178} INFO - Processing /home/airflow/.local/lib/python3.7/site-packages/airflow/example_dags/example_dag_decorator.py took 0.511 seconds
[2023-05-17T13:25:00.116+0000] {processor.py:156} INFO - Started process (PID=1728) to work on /home/airflow/.local/lib/python3.7/site-packages/airflow/example_dags/example_dag_decorator.py
[2023-05-17T13:25:00.119+0000] {processor.py:799} INFO - Processing file /home/airflow/.local/lib/python3.7/site-packages/airflow/example_dags/example_dag_decorator.py for tasks to queue
[2023-05-17T13:25:00.121+0000] {logging_mixin.py:149} INFO - [2023-05-17T13:25:00.121+0000] {dagbag.py:541} INFO - Filling up the DagBag from /home/airflow/.local/lib/python3.7/site-packages/airflow/example_dags/example_dag_decorator.py
[2023-05-17T13:25:00.134+0000] {logging_mixin.py:149} INFO - [2023-05-17T13:25:00.134+0000] {taskmixin.py:211} WARNING - Dependency <Task(_PythonDecoratedOperator): prepare_email>, send_email already registered for DAG: example_dag_decorator
[2023-05-17T13:25:00.135+0000] {logging_mixin.py:149} INFO - [2023-05-17T13:25:00.135+0000] {taskmixin.py:211} WARNING - Dependency <Task(EmailOperator): send_email>, prepare_email already registered for DAG: example_dag_decorator
[2023-05-17T13:25:00.153+0000] {processor.py:809} INFO - DAG(s) dict_keys(['example_dag_decorator']) retrieved from /home/airflow/.local/lib/python3.7/site-packages/airflow/example_dags/example_dag_decorator.py
[2023-05-17T13:25:00.307+0000] {logging_mixin.py:149} INFO - [2023-05-17T13:25:00.307+0000] {dag.py:2726} INFO - Sync 1 DAGs
[2023-05-17T13:25:00.355+0000] {logging_mixin.py:149} INFO - [2023-05-17T13:25:00.355+0000] {dag.py:3490} INFO - Setting next_dagrun for example_dag_decorator to None, run_after=None
[2023-05-17T13:25:00.536+0000] {processor.py:178} INFO - Processing /home/airflow/.local/lib/python3.7/site-packages/airflow/example_dags/example_dag_decorator.py took 0.426 seconds
[2023-05-17T13:25:31.869+0000] {processor.py:156} INFO - Started process (PID=1786) to work on /home/airflow/.local/lib/python3.7/site-packages/airflow/example_dags/example_dag_decorator.py
[2023-05-17T13:25:31.871+0000] {processor.py:799} INFO - Processing file /home/airflow/.local/lib/python3.7/site-packages/airflow/example_dags/example_dag_decorator.py for tasks to queue
[2023-05-17T13:25:31.873+0000] {logging_mixin.py:149} INFO - [2023-05-17T13:25:31.873+0000] {dagbag.py:541} INFO - Filling up the DagBag from /home/airflow/.local/lib/python3.7/site-packages/airflow/example_dags/example_dag_decorator.py
[2023-05-17T13:25:31.896+0000] {logging_mixin.py:149} INFO - [2023-05-17T13:25:31.894+0000] {taskmixin.py:211} WARNING - Dependency <Task(_PythonDecoratedOperator): prepare_email>, send_email already registered for DAG: example_dag_decorator
[2023-05-17T13:25:31.899+0000] {logging_mixin.py:149} INFO - [2023-05-17T13:25:31.898+0000] {taskmixin.py:211} WARNING - Dependency <Task(EmailOperator): send_email>, prepare_email already registered for DAG: example_dag_decorator
[2023-05-17T13:25:31.925+0000] {processor.py:809} INFO - DAG(s) dict_keys(['example_dag_decorator']) retrieved from /home/airflow/.local/lib/python3.7/site-packages/airflow/example_dags/example_dag_decorator.py
[2023-05-17T13:25:32.130+0000] {logging_mixin.py:149} INFO - [2023-05-17T13:25:32.129+0000] {dag.py:2726} INFO - Sync 1 DAGs
[2023-05-17T13:25:32.236+0000] {logging_mixin.py:149} INFO - [2023-05-17T13:25:32.235+0000] {dag.py:3490} INFO - Setting next_dagrun for example_dag_decorator to None, run_after=None
[2023-05-17T13:25:32.470+0000] {processor.py:178} INFO - Processing /home/airflow/.local/lib/python3.7/site-packages/airflow/example_dags/example_dag_decorator.py took 0.609 seconds
[2023-05-17T13:26:08.423+0000] {processor.py:156} INFO - Started process (PID=1843) to work on /home/airflow/.local/lib/python3.7/site-packages/airflow/example_dags/example_dag_decorator.py
[2023-05-17T13:26:08.426+0000] {processor.py:799} INFO - Processing file /home/airflow/.local/lib/python3.7/site-packages/airflow/example_dags/example_dag_decorator.py for tasks to queue
[2023-05-17T13:26:08.428+0000] {logging_mixin.py:149} INFO - [2023-05-17T13:26:08.428+0000] {dagbag.py:541} INFO - Filling up the DagBag from /home/airflow/.local/lib/python3.7/site-packages/airflow/example_dags/example_dag_decorator.py
[2023-05-17T13:26:08.445+0000] {logging_mixin.py:149} INFO - [2023-05-17T13:26:08.444+0000] {taskmixin.py:211} WARNING - Dependency <Task(_PythonDecoratedOperator): prepare_email>, send_email already registered for DAG: example_dag_decorator
[2023-05-17T13:26:08.447+0000] {logging_mixin.py:149} INFO - [2023-05-17T13:26:08.447+0000] {taskmixin.py:211} WARNING - Dependency <Task(EmailOperator): send_email>, prepare_email already registered for DAG: example_dag_decorator
[2023-05-17T13:26:08.477+0000] {processor.py:809} INFO - DAG(s) dict_keys(['example_dag_decorator']) retrieved from /home/airflow/.local/lib/python3.7/site-packages/airflow/example_dags/example_dag_decorator.py
[2023-05-17T13:26:08.765+0000] {logging_mixin.py:149} INFO - [2023-05-17T13:26:08.765+0000] {dag.py:2726} INFO - Sync 1 DAGs
[2023-05-17T13:26:08.837+0000] {logging_mixin.py:149} INFO - [2023-05-17T13:26:08.837+0000] {dag.py:3490} INFO - Setting next_dagrun for example_dag_decorator to None, run_after=None
[2023-05-17T13:26:09.047+0000] {processor.py:178} INFO - Processing /home/airflow/.local/lib/python3.7/site-packages/airflow/example_dags/example_dag_decorator.py took 0.632 seconds
[2023-05-17T13:26:40.935+0000] {processor.py:156} INFO - Started process (PID=1897) to work on /home/airflow/.local/lib/python3.7/site-packages/airflow/example_dags/example_dag_decorator.py
[2023-05-17T13:26:40.939+0000] {processor.py:799} INFO - Processing file /home/airflow/.local/lib/python3.7/site-packages/airflow/example_dags/example_dag_decorator.py for tasks to queue
[2023-05-17T13:26:40.942+0000] {logging_mixin.py:149} INFO - [2023-05-17T13:26:40.941+0000] {dagbag.py:541} INFO - Filling up the DagBag from /home/airflow/.local/lib/python3.7/site-packages/airflow/example_dags/example_dag_decorator.py
[2023-05-17T13:26:40.970+0000] {logging_mixin.py:149} INFO - [2023-05-17T13:26:40.970+0000] {taskmixin.py:211} WARNING - Dependency <Task(_PythonDecoratedOperator): prepare_email>, send_email already registered for DAG: example_dag_decorator
[2023-05-17T13:26:40.972+0000] {logging_mixin.py:149} INFO - [2023-05-17T13:26:40.971+0000] {taskmixin.py:211} WARNING - Dependency <Task(EmailOperator): send_email>, prepare_email already registered for DAG: example_dag_decorator
[2023-05-17T13:26:41.014+0000] {processor.py:809} INFO - DAG(s) dict_keys(['example_dag_decorator']) retrieved from /home/airflow/.local/lib/python3.7/site-packages/airflow/example_dags/example_dag_decorator.py
[2023-05-17T13:26:41.323+0000] {logging_mixin.py:149} INFO - [2023-05-17T13:26:41.323+0000] {dag.py:2726} INFO - Sync 1 DAGs
[2023-05-17T13:26:41.423+0000] {logging_mixin.py:149} INFO - [2023-05-17T13:26:41.422+0000] {dag.py:3490} INFO - Setting next_dagrun for example_dag_decorator to None, run_after=None
[2023-05-17T13:26:41.623+0000] {processor.py:178} INFO - Processing /home/airflow/.local/lib/python3.7/site-packages/airflow/example_dags/example_dag_decorator.py took 0.703 seconds
[2023-05-17T13:32:09.973+0000] {processor.py:156} INFO - Started process (PID=66) to work on /home/airflow/.local/lib/python3.7/site-packages/airflow/example_dags/example_dag_decorator.py
[2023-05-17T13:32:09.977+0000] {processor.py:799} INFO - Processing file /home/airflow/.local/lib/python3.7/site-packages/airflow/example_dags/example_dag_decorator.py for tasks to queue
[2023-05-17T13:32:09.983+0000] {logging_mixin.py:149} INFO - [2023-05-17T13:32:09.982+0000] {dagbag.py:541} INFO - Filling up the DagBag from /home/airflow/.local/lib/python3.7/site-packages/airflow/example_dags/example_dag_decorator.py
[2023-05-17T13:32:10.012+0000] {logging_mixin.py:149} INFO - [2023-05-17T13:32:10.012+0000] {taskmixin.py:211} WARNING - Dependency <Task(_PythonDecoratedOperator): prepare_email>, send_email already registered for DAG: example_dag_decorator
[2023-05-17T13:32:10.014+0000] {logging_mixin.py:149} INFO - [2023-05-17T13:32:10.013+0000] {taskmixin.py:211} WARNING - Dependency <Task(EmailOperator): send_email>, prepare_email already registered for DAG: example_dag_decorator
[2023-05-17T13:32:10.048+0000] {processor.py:809} INFO - DAG(s) dict_keys(['example_dag_decorator']) retrieved from /home/airflow/.local/lib/python3.7/site-packages/airflow/example_dags/example_dag_decorator.py
[2023-05-17T13:32:10.438+0000] {logging_mixin.py:149} INFO - [2023-05-17T13:32:10.438+0000] {dag.py:2726} INFO - Sync 1 DAGs
[2023-05-17T13:32:10.580+0000] {logging_mixin.py:149} INFO - [2023-05-17T13:32:10.579+0000] {dag.py:3490} INFO - Setting next_dagrun for example_dag_decorator to None, run_after=None
[2023-05-17T13:32:10.863+0000] {processor.py:178} INFO - Processing /home/airflow/.local/lib/python3.7/site-packages/airflow/example_dags/example_dag_decorator.py took 0.898 seconds
[2023-05-17T13:33:44.464+0000] {processor.py:156} INFO - Started process (PID=129) to work on /home/airflow/.local/lib/python3.7/site-packages/airflow/example_dags/example_dag_decorator.py
[2023-05-17T13:33:44.467+0000] {processor.py:799} INFO - Processing file /home/airflow/.local/lib/python3.7/site-packages/airflow/example_dags/example_dag_decorator.py for tasks to queue
[2023-05-17T13:33:44.471+0000] {logging_mixin.py:149} INFO - [2023-05-17T13:33:44.468+0000] {dagbag.py:541} INFO - Filling up the DagBag from /home/airflow/.local/lib/python3.7/site-packages/airflow/example_dags/example_dag_decorator.py
[2023-05-17T13:33:44.540+0000] {logging_mixin.py:149} INFO - [2023-05-17T13:33:44.539+0000] {taskmixin.py:211} WARNING - Dependency <Task(_PythonDecoratedOperator): prepare_email>, send_email already registered for DAG: example_dag_decorator
[2023-05-17T13:33:44.542+0000] {logging_mixin.py:149} INFO - [2023-05-17T13:33:44.542+0000] {taskmixin.py:211} WARNING - Dependency <Task(EmailOperator): send_email>, prepare_email already registered for DAG: example_dag_decorator
[2023-05-17T13:33:44.567+0000] {processor.py:809} INFO - DAG(s) dict_keys(['example_dag_decorator']) retrieved from /home/airflow/.local/lib/python3.7/site-packages/airflow/example_dags/example_dag_decorator.py
[2023-05-17T13:33:44.759+0000] {logging_mixin.py:149} INFO - [2023-05-17T13:33:44.759+0000] {dag.py:2726} INFO - Sync 1 DAGs
[2023-05-17T13:33:44.833+0000] {logging_mixin.py:149} INFO - [2023-05-17T13:33:44.833+0000] {dag.py:3490} INFO - Setting next_dagrun for example_dag_decorator to None, run_after=None
[2023-05-17T13:33:46.592+0000] {processor.py:178} INFO - Processing /home/airflow/.local/lib/python3.7/site-packages/airflow/example_dags/example_dag_decorator.py took 2.136 seconds
[2023-05-17T13:34:29.370+0000] {processor.py:156} INFO - Started process (PID=174) to work on /home/airflow/.local/lib/python3.7/site-packages/airflow/example_dags/example_dag_decorator.py
[2023-05-17T13:34:29.372+0000] {processor.py:799} INFO - Processing file /home/airflow/.local/lib/python3.7/site-packages/airflow/example_dags/example_dag_decorator.py for tasks to queue
[2023-05-17T13:34:29.375+0000] {logging_mixin.py:149} INFO - [2023-05-17T13:34:29.374+0000] {dagbag.py:541} INFO - Filling up the DagBag from /home/airflow/.local/lib/python3.7/site-packages/airflow/example_dags/example_dag_decorator.py
[2023-05-17T13:34:29.389+0000] {logging_mixin.py:149} INFO - [2023-05-17T13:34:29.389+0000] {taskmixin.py:211} WARNING - Dependency <Task(_PythonDecoratedOperator): prepare_email>, send_email already registered for DAG: example_dag_decorator
[2023-05-17T13:34:29.390+0000] {logging_mixin.py:149} INFO - [2023-05-17T13:34:29.390+0000] {taskmixin.py:211} WARNING - Dependency <Task(EmailOperator): send_email>, prepare_email already registered for DAG: example_dag_decorator
[2023-05-17T13:34:29.412+0000] {processor.py:809} INFO - DAG(s) dict_keys(['example_dag_decorator']) retrieved from /home/airflow/.local/lib/python3.7/site-packages/airflow/example_dags/example_dag_decorator.py
[2023-05-17T13:34:29.900+0000] {logging_mixin.py:149} INFO - [2023-05-17T13:34:29.900+0000] {dag.py:2726} INFO - Sync 1 DAGs
[2023-05-17T13:34:29.976+0000] {logging_mixin.py:149} INFO - [2023-05-17T13:34:29.975+0000] {dag.py:3490} INFO - Setting next_dagrun for example_dag_decorator to None, run_after=None
[2023-05-17T13:34:30.305+0000] {processor.py:178} INFO - Processing /home/airflow/.local/lib/python3.7/site-packages/airflow/example_dags/example_dag_decorator.py took 0.944 seconds
[2023-05-17T13:36:40.298+0000] {processor.py:156} INFO - Started process (PID=232) to work on /home/airflow/.local/lib/python3.7/site-packages/airflow/example_dags/example_dag_decorator.py
[2023-05-17T13:36:40.300+0000] {processor.py:799} INFO - Processing file /home/airflow/.local/lib/python3.7/site-packages/airflow/example_dags/example_dag_decorator.py for tasks to queue
[2023-05-17T13:36:40.303+0000] {logging_mixin.py:149} INFO - [2023-05-17T13:36:40.303+0000] {dagbag.py:541} INFO - Filling up the DagBag from /home/airflow/.local/lib/python3.7/site-packages/airflow/example_dags/example_dag_decorator.py
[2023-05-17T13:36:40.322+0000] {logging_mixin.py:149} INFO - [2023-05-17T13:36:40.321+0000] {taskmixin.py:211} WARNING - Dependency <Task(_PythonDecoratedOperator): prepare_email>, send_email already registered for DAG: example_dag_decorator
[2023-05-17T13:36:40.323+0000] {logging_mixin.py:149} INFO - [2023-05-17T13:36:40.323+0000] {taskmixin.py:211} WARNING - Dependency <Task(EmailOperator): send_email>, prepare_email already registered for DAG: example_dag_decorator
[2023-05-17T13:36:40.349+0000] {processor.py:809} INFO - DAG(s) dict_keys(['example_dag_decorator']) retrieved from /home/airflow/.local/lib/python3.7/site-packages/airflow/example_dags/example_dag_decorator.py
[2023-05-17T13:36:40.582+0000] {logging_mixin.py:149} INFO - [2023-05-17T13:36:40.581+0000] {dag.py:2726} INFO - Sync 1 DAGs
[2023-05-17T13:36:40.672+0000] {logging_mixin.py:149} INFO - [2023-05-17T13:36:40.671+0000] {dag.py:3490} INFO - Setting next_dagrun for example_dag_decorator to None, run_after=None
[2023-05-17T13:36:40.849+0000] {processor.py:178} INFO - Processing /home/airflow/.local/lib/python3.7/site-packages/airflow/example_dags/example_dag_decorator.py took 0.561 seconds
[2023-05-17T13:37:22.108+0000] {processor.py:156} INFO - Started process (PID=296) to work on /home/airflow/.local/lib/python3.7/site-packages/airflow/example_dags/example_dag_decorator.py
[2023-05-17T13:37:22.110+0000] {processor.py:799} INFO - Processing file /home/airflow/.local/lib/python3.7/site-packages/airflow/example_dags/example_dag_decorator.py for tasks to queue
[2023-05-17T13:37:22.112+0000] {logging_mixin.py:149} INFO - [2023-05-17T13:37:22.112+0000] {dagbag.py:541} INFO - Filling up the DagBag from /home/airflow/.local/lib/python3.7/site-packages/airflow/example_dags/example_dag_decorator.py
[2023-05-17T13:37:22.130+0000] {logging_mixin.py:149} INFO - [2023-05-17T13:37:22.129+0000] {taskmixin.py:211} WARNING - Dependency <Task(_PythonDecoratedOperator): prepare_email>, send_email already registered for DAG: example_dag_decorator
[2023-05-17T13:37:22.131+0000] {logging_mixin.py:149} INFO - [2023-05-17T13:37:22.131+0000] {taskmixin.py:211} WARNING - Dependency <Task(EmailOperator): send_email>, prepare_email already registered for DAG: example_dag_decorator
[2023-05-17T13:37:22.151+0000] {processor.py:809} INFO - DAG(s) dict_keys(['example_dag_decorator']) retrieved from /home/airflow/.local/lib/python3.7/site-packages/airflow/example_dags/example_dag_decorator.py
[2023-05-17T13:37:22.334+0000] {logging_mixin.py:149} INFO - [2023-05-17T13:37:22.334+0000] {dag.py:2726} INFO - Sync 1 DAGs
[2023-05-17T13:37:22.393+0000] {logging_mixin.py:149} INFO - [2023-05-17T13:37:22.393+0000] {dag.py:3490} INFO - Setting next_dagrun for example_dag_decorator to None, run_after=None
[2023-05-17T13:37:22.568+0000] {processor.py:178} INFO - Processing /home/airflow/.local/lib/python3.7/site-packages/airflow/example_dags/example_dag_decorator.py took 0.469 seconds
[2023-05-17T13:37:53.064+0000] {processor.py:156} INFO - Started process (PID=350) to work on /home/airflow/.local/lib/python3.7/site-packages/airflow/example_dags/example_dag_decorator.py
[2023-05-17T13:37:53.066+0000] {processor.py:799} INFO - Processing file /home/airflow/.local/lib/python3.7/site-packages/airflow/example_dags/example_dag_decorator.py for tasks to queue
[2023-05-17T13:37:53.076+0000] {logging_mixin.py:149} INFO - [2023-05-17T13:37:53.075+0000] {dagbag.py:541} INFO - Filling up the DagBag from /home/airflow/.local/lib/python3.7/site-packages/airflow/example_dags/example_dag_decorator.py
[2023-05-17T13:37:53.098+0000] {logging_mixin.py:149} INFO - [2023-05-17T13:37:53.098+0000] {taskmixin.py:211} WARNING - Dependency <Task(_PythonDecoratedOperator): prepare_email>, send_email already registered for DAG: example_dag_decorator
[2023-05-17T13:37:53.100+0000] {logging_mixin.py:149} INFO - [2023-05-17T13:37:53.099+0000] {taskmixin.py:211} WARNING - Dependency <Task(EmailOperator): send_email>, prepare_email already registered for DAG: example_dag_decorator
[2023-05-17T13:37:53.150+0000] {processor.py:809} INFO - DAG(s) dict_keys(['example_dag_decorator']) retrieved from /home/airflow/.local/lib/python3.7/site-packages/airflow/example_dags/example_dag_decorator.py
[2023-05-17T13:37:53.449+0000] {logging_mixin.py:149} INFO - [2023-05-17T13:37:53.449+0000] {dag.py:2726} INFO - Sync 1 DAGs
[2023-05-17T13:37:53.558+0000] {logging_mixin.py:149} INFO - [2023-05-17T13:37:53.557+0000] {dag.py:3490} INFO - Setting next_dagrun for example_dag_decorator to None, run_after=None
[2023-05-17T13:37:53.734+0000] {processor.py:178} INFO - Processing /home/airflow/.local/lib/python3.7/site-packages/airflow/example_dags/example_dag_decorator.py took 0.680 seconds
[2023-05-17T13:38:24.442+0000] {processor.py:156} INFO - Started process (PID=408) to work on /home/airflow/.local/lib/python3.7/site-packages/airflow/example_dags/example_dag_decorator.py
[2023-05-17T13:38:24.445+0000] {processor.py:799} INFO - Processing file /home/airflow/.local/lib/python3.7/site-packages/airflow/example_dags/example_dag_decorator.py for tasks to queue
[2023-05-17T13:38:24.447+0000] {logging_mixin.py:149} INFO - [2023-05-17T13:38:24.447+0000] {dagbag.py:541} INFO - Filling up the DagBag from /home/airflow/.local/lib/python3.7/site-packages/airflow/example_dags/example_dag_decorator.py
[2023-05-17T13:38:24.462+0000] {logging_mixin.py:149} INFO - [2023-05-17T13:38:24.462+0000] {taskmixin.py:211} WARNING - Dependency <Task(_PythonDecoratedOperator): prepare_email>, send_email already registered for DAG: example_dag_decorator
[2023-05-17T13:38:24.464+0000] {logging_mixin.py:149} INFO - [2023-05-17T13:38:24.463+0000] {taskmixin.py:211} WARNING - Dependency <Task(EmailOperator): send_email>, prepare_email already registered for DAG: example_dag_decorator
[2023-05-17T13:38:24.486+0000] {processor.py:809} INFO - DAG(s) dict_keys(['example_dag_decorator']) retrieved from /home/airflow/.local/lib/python3.7/site-packages/airflow/example_dags/example_dag_decorator.py
[2023-05-17T13:38:24.696+0000] {logging_mixin.py:149} INFO - [2023-05-17T13:38:24.695+0000] {dag.py:2726} INFO - Sync 1 DAGs
[2023-05-17T13:38:24.774+0000] {logging_mixin.py:149} INFO - [2023-05-17T13:38:24.774+0000] {dag.py:3490} INFO - Setting next_dagrun for example_dag_decorator to None, run_after=None
[2023-05-17T13:38:24.932+0000] {processor.py:178} INFO - Processing /home/airflow/.local/lib/python3.7/site-packages/airflow/example_dags/example_dag_decorator.py took 0.496 seconds
[2023-05-17T13:38:55.323+0000] {processor.py:156} INFO - Started process (PID=467) to work on /home/airflow/.local/lib/python3.7/site-packages/airflow/example_dags/example_dag_decorator.py
[2023-05-17T13:38:55.325+0000] {processor.py:799} INFO - Processing file /home/airflow/.local/lib/python3.7/site-packages/airflow/example_dags/example_dag_decorator.py for tasks to queue
[2023-05-17T13:38:55.328+0000] {logging_mixin.py:149} INFO - [2023-05-17T13:38:55.327+0000] {dagbag.py:541} INFO - Filling up the DagBag from /home/airflow/.local/lib/python3.7/site-packages/airflow/example_dags/example_dag_decorator.py
[2023-05-17T13:38:55.350+0000] {logging_mixin.py:149} INFO - [2023-05-17T13:38:55.350+0000] {taskmixin.py:211} WARNING - Dependency <Task(_PythonDecoratedOperator): prepare_email>, send_email already registered for DAG: example_dag_decorator
[2023-05-17T13:38:55.352+0000] {logging_mixin.py:149} INFO - [2023-05-17T13:38:55.352+0000] {taskmixin.py:211} WARNING - Dependency <Task(EmailOperator): send_email>, prepare_email already registered for DAG: example_dag_decorator
[2023-05-17T13:38:55.381+0000] {processor.py:809} INFO - DAG(s) dict_keys(['example_dag_decorator']) retrieved from /home/airflow/.local/lib/python3.7/site-packages/airflow/example_dags/example_dag_decorator.py
[2023-05-17T13:38:55.638+0000] {logging_mixin.py:149} INFO - [2023-05-17T13:38:55.637+0000] {dag.py:2726} INFO - Sync 1 DAGs
[2023-05-17T13:38:55.713+0000] {logging_mixin.py:149} INFO - [2023-05-17T13:38:55.713+0000] {dag.py:3490} INFO - Setting next_dagrun for example_dag_decorator to None, run_after=None
[2023-05-17T13:38:55.908+0000] {processor.py:178} INFO - Processing /home/airflow/.local/lib/python3.7/site-packages/airflow/example_dags/example_dag_decorator.py took 0.591 seconds
[2023-05-17T13:39:26.286+0000] {processor.py:156} INFO - Started process (PID=527) to work on /home/airflow/.local/lib/python3.7/site-packages/airflow/example_dags/example_dag_decorator.py
[2023-05-17T13:39:26.289+0000] {processor.py:799} INFO - Processing file /home/airflow/.local/lib/python3.7/site-packages/airflow/example_dags/example_dag_decorator.py for tasks to queue
[2023-05-17T13:39:26.292+0000] {logging_mixin.py:149} INFO - [2023-05-17T13:39:26.292+0000] {dagbag.py:541} INFO - Filling up the DagBag from /home/airflow/.local/lib/python3.7/site-packages/airflow/example_dags/example_dag_decorator.py
[2023-05-17T13:39:26.306+0000] {logging_mixin.py:149} INFO - [2023-05-17T13:39:26.306+0000] {taskmixin.py:211} WARNING - Dependency <Task(_PythonDecoratedOperator): prepare_email>, send_email already registered for DAG: example_dag_decorator
[2023-05-17T13:39:26.308+0000] {logging_mixin.py:149} INFO - [2023-05-17T13:39:26.308+0000] {taskmixin.py:211} WARNING - Dependency <Task(EmailOperator): send_email>, prepare_email already registered for DAG: example_dag_decorator
[2023-05-17T13:39:26.330+0000] {processor.py:809} INFO - DAG(s) dict_keys(['example_dag_decorator']) retrieved from /home/airflow/.local/lib/python3.7/site-packages/airflow/example_dags/example_dag_decorator.py
[2023-05-17T13:39:26.502+0000] {logging_mixin.py:149} INFO - [2023-05-17T13:39:26.501+0000] {dag.py:2726} INFO - Sync 1 DAGs
[2023-05-17T13:39:26.558+0000] {logging_mixin.py:149} INFO - [2023-05-17T13:39:26.558+0000] {dag.py:3490} INFO - Setting next_dagrun for example_dag_decorator to None, run_after=None
[2023-05-17T13:39:27.336+0000] {processor.py:178} INFO - Processing /home/airflow/.local/lib/python3.7/site-packages/airflow/example_dags/example_dag_decorator.py took 1.058 seconds
[2023-05-17T13:39:57.780+0000] {processor.py:156} INFO - Started process (PID=584) to work on /home/airflow/.local/lib/python3.7/site-packages/airflow/example_dags/example_dag_decorator.py
[2023-05-17T13:39:57.787+0000] {processor.py:799} INFO - Processing file /home/airflow/.local/lib/python3.7/site-packages/airflow/example_dags/example_dag_decorator.py for tasks to queue
[2023-05-17T13:39:57.790+0000] {logging_mixin.py:149} INFO - [2023-05-17T13:39:57.790+0000] {dagbag.py:541} INFO - Filling up the DagBag from /home/airflow/.local/lib/python3.7/site-packages/airflow/example_dags/example_dag_decorator.py
[2023-05-17T13:39:57.823+0000] {logging_mixin.py:149} INFO - [2023-05-17T13:39:57.823+0000] {taskmixin.py:211} WARNING - Dependency <Task(_PythonDecoratedOperator): prepare_email>, send_email already registered for DAG: example_dag_decorator
[2023-05-17T13:39:57.824+0000] {logging_mixin.py:149} INFO - [2023-05-17T13:39:57.824+0000] {taskmixin.py:211} WARNING - Dependency <Task(EmailOperator): send_email>, prepare_email already registered for DAG: example_dag_decorator
[2023-05-17T13:39:57.842+0000] {processor.py:809} INFO - DAG(s) dict_keys(['example_dag_decorator']) retrieved from /home/airflow/.local/lib/python3.7/site-packages/airflow/example_dags/example_dag_decorator.py
[2023-05-17T13:39:58.064+0000] {logging_mixin.py:149} INFO - [2023-05-17T13:39:58.064+0000] {dag.py:2726} INFO - Sync 1 DAGs
[2023-05-17T13:39:58.128+0000] {logging_mixin.py:149} INFO - [2023-05-17T13:39:58.128+0000] {dag.py:3490} INFO - Setting next_dagrun for example_dag_decorator to None, run_after=None
[2023-05-17T13:39:58.957+0000] {processor.py:178} INFO - Processing /home/airflow/.local/lib/python3.7/site-packages/airflow/example_dags/example_dag_decorator.py took 1.193 seconds
