[2023-05-17T13:08:29.929+0000] {processor.py:156} INFO - Started process (PID=190) to work on /home/airflow/.local/lib/python3.7/site-packages/airflow/example_dags/example_task_group.py
[2023-05-17T13:08:29.939+0000] {processor.py:799} INFO - Processing file /home/airflow/.local/lib/python3.7/site-packages/airflow/example_dags/example_task_group.py for tasks to queue
[2023-05-17T13:08:29.943+0000] {logging_mixin.py:149} INFO - [2023-05-17T13:08:29.943+0000] {dagbag.py:541} INFO - Filling up the DagBag from /home/airflow/.local/lib/python3.7/site-packages/airflow/example_dags/example_task_group.py
[2023-05-17T13:08:30.661+0000] {processor.py:809} INFO - DAG(s) dict_keys(['example_task_group']) retrieved from /home/airflow/.local/lib/python3.7/site-packages/airflow/example_dags/example_task_group.py
[2023-05-17T13:08:34.086+0000] {logging_mixin.py:149} INFO - [2023-05-17T13:08:34.085+0000] {manager.py:504} INFO - Created Permission View: can read on DAG:example_task_group
[2023-05-17T13:08:34.258+0000] {logging_mixin.py:149} INFO - [2023-05-17T13:08:34.258+0000] {manager.py:504} INFO - Created Permission View: can edit on DAG:example_task_group
[2023-05-17T13:08:34.518+0000] {logging_mixin.py:149} INFO - [2023-05-17T13:08:34.517+0000] {manager.py:504} INFO - Created Permission View: can delete on DAG:example_task_group
[2023-05-17T13:08:34.520+0000] {logging_mixin.py:149} INFO - [2023-05-17T13:08:34.520+0000] {dag.py:2726} INFO - Sync 1 DAGs
[2023-05-17T13:08:34.552+0000] {logging_mixin.py:149} INFO - [2023-05-17T13:08:34.551+0000] {dag.py:2747} INFO - Creating ORM DAG for example_task_group
[2023-05-17T13:08:34.582+0000] {logging_mixin.py:149} INFO - [2023-05-17T13:08:34.582+0000] {dag.py:3490} INFO - Setting next_dagrun for example_task_group to 2023-05-16T13:08:34.580771+00:00, run_after=2023-05-17T13:08:34.580771+00:00
[2023-05-17T13:08:34.737+0000] {processor.py:178} INFO - Processing /home/airflow/.local/lib/python3.7/site-packages/airflow/example_dags/example_task_group.py took 4.818 seconds
[2023-05-17T13:09:22.274+0000] {processor.py:156} INFO - Started process (PID=255) to work on /home/airflow/.local/lib/python3.7/site-packages/airflow/example_dags/example_task_group.py
[2023-05-17T13:09:22.296+0000] {processor.py:799} INFO - Processing file /home/airflow/.local/lib/python3.7/site-packages/airflow/example_dags/example_task_group.py for tasks to queue
[2023-05-17T13:09:22.324+0000] {logging_mixin.py:149} INFO - [2023-05-17T13:09:22.323+0000] {dagbag.py:541} INFO - Filling up the DagBag from /home/airflow/.local/lib/python3.7/site-packages/airflow/example_dags/example_task_group.py
[2023-05-17T13:09:22.364+0000] {processor.py:809} INFO - DAG(s) dict_keys(['example_task_group']) retrieved from /home/airflow/.local/lib/python3.7/site-packages/airflow/example_dags/example_task_group.py
[2023-05-17T13:09:22.468+0000] {logging_mixin.py:149} INFO - [2023-05-17T13:09:22.468+0000] {dag.py:2726} INFO - Sync 1 DAGs
[2023-05-17T13:09:22.629+0000] {logging_mixin.py:149} INFO - [2023-05-17T13:09:22.628+0000] {dag.py:3490} INFO - Setting next_dagrun for example_task_group to 2023-05-16T13:09:22.625052+00:00, run_after=2023-05-17T13:09:22.625052+00:00
[2023-05-17T13:09:22.845+0000] {processor.py:178} INFO - Processing /home/airflow/.local/lib/python3.7/site-packages/airflow/example_dags/example_task_group.py took 0.597 seconds
[2023-05-17T13:10:00.301+0000] {processor.py:156} INFO - Started process (PID=315) to work on /home/airflow/.local/lib/python3.7/site-packages/airflow/example_dags/example_task_group.py
[2023-05-17T13:10:00.305+0000] {processor.py:799} INFO - Processing file /home/airflow/.local/lib/python3.7/site-packages/airflow/example_dags/example_task_group.py for tasks to queue
[2023-05-17T13:10:00.308+0000] {logging_mixin.py:149} INFO - [2023-05-17T13:10:00.308+0000] {dagbag.py:541} INFO - Filling up the DagBag from /home/airflow/.local/lib/python3.7/site-packages/airflow/example_dags/example_task_group.py
[2023-05-17T13:10:00.325+0000] {processor.py:809} INFO - DAG(s) dict_keys(['example_task_group']) retrieved from /home/airflow/.local/lib/python3.7/site-packages/airflow/example_dags/example_task_group.py
[2023-05-17T13:10:00.392+0000] {logging_mixin.py:149} INFO - [2023-05-17T13:10:00.391+0000] {dag.py:2726} INFO - Sync 1 DAGs
[2023-05-17T13:10:00.480+0000] {logging_mixin.py:149} INFO - [2023-05-17T13:10:00.479+0000] {dag.py:3490} INFO - Setting next_dagrun for example_task_group to 2023-05-16T13:10:00.479379+00:00, run_after=2023-05-17T13:10:00.479379+00:00
[2023-05-17T13:10:00.643+0000] {processor.py:178} INFO - Processing /home/airflow/.local/lib/python3.7/site-packages/airflow/example_dags/example_task_group.py took 0.348 seconds
[2023-05-17T13:10:30.981+0000] {processor.py:156} INFO - Started process (PID=368) to work on /home/airflow/.local/lib/python3.7/site-packages/airflow/example_dags/example_task_group.py
[2023-05-17T13:10:30.999+0000] {processor.py:799} INFO - Processing file /home/airflow/.local/lib/python3.7/site-packages/airflow/example_dags/example_task_group.py for tasks to queue
[2023-05-17T13:10:31.010+0000] {logging_mixin.py:149} INFO - [2023-05-17T13:10:31.009+0000] {dagbag.py:541} INFO - Filling up the DagBag from /home/airflow/.local/lib/python3.7/site-packages/airflow/example_dags/example_task_group.py
[2023-05-17T13:10:31.050+0000] {processor.py:809} INFO - DAG(s) dict_keys(['example_task_group']) retrieved from /home/airflow/.local/lib/python3.7/site-packages/airflow/example_dags/example_task_group.py
[2023-05-17T13:10:31.140+0000] {logging_mixin.py:149} INFO - [2023-05-17T13:10:31.140+0000] {dag.py:2726} INFO - Sync 1 DAGs
[2023-05-17T13:10:31.207+0000] {logging_mixin.py:149} INFO - [2023-05-17T13:10:31.206+0000] {dag.py:3490} INFO - Setting next_dagrun for example_task_group to 2023-05-16T13:10:31.206313+00:00, run_after=2023-05-17T13:10:31.206313+00:00
[2023-05-17T13:10:31.394+0000] {processor.py:178} INFO - Processing /home/airflow/.local/lib/python3.7/site-packages/airflow/example_dags/example_task_group.py took 0.435 seconds
[2023-05-17T13:11:13.191+0000] {processor.py:156} INFO - Started process (PID=427) to work on /home/airflow/.local/lib/python3.7/site-packages/airflow/example_dags/example_task_group.py
[2023-05-17T13:11:13.193+0000] {processor.py:799} INFO - Processing file /home/airflow/.local/lib/python3.7/site-packages/airflow/example_dags/example_task_group.py for tasks to queue
[2023-05-17T13:11:13.196+0000] {logging_mixin.py:149} INFO - [2023-05-17T13:11:13.195+0000] {dagbag.py:541} INFO - Filling up the DagBag from /home/airflow/.local/lib/python3.7/site-packages/airflow/example_dags/example_task_group.py
[2023-05-17T13:11:13.227+0000] {processor.py:809} INFO - DAG(s) dict_keys(['example_task_group']) retrieved from /home/airflow/.local/lib/python3.7/site-packages/airflow/example_dags/example_task_group.py
[2023-05-17T13:11:13.377+0000] {logging_mixin.py:149} INFO - [2023-05-17T13:11:13.376+0000] {dag.py:2726} INFO - Sync 1 DAGs
[2023-05-17T13:11:13.451+0000] {logging_mixin.py:149} INFO - [2023-05-17T13:11:13.451+0000] {dag.py:3490} INFO - Setting next_dagrun for example_task_group to 2023-05-16T13:11:13.449005+00:00, run_after=2023-05-17T13:11:13.449005+00:00
[2023-05-17T13:11:13.742+0000] {processor.py:178} INFO - Processing /home/airflow/.local/lib/python3.7/site-packages/airflow/example_dags/example_task_group.py took 0.563 seconds
[2023-05-17T13:11:48.998+0000] {processor.py:156} INFO - Started process (PID=489) to work on /home/airflow/.local/lib/python3.7/site-packages/airflow/example_dags/example_task_group.py
[2023-05-17T13:11:49.000+0000] {processor.py:799} INFO - Processing file /home/airflow/.local/lib/python3.7/site-packages/airflow/example_dags/example_task_group.py for tasks to queue
[2023-05-17T13:11:49.003+0000] {logging_mixin.py:149} INFO - [2023-05-17T13:11:49.002+0000] {dagbag.py:541} INFO - Filling up the DagBag from /home/airflow/.local/lib/python3.7/site-packages/airflow/example_dags/example_task_group.py
[2023-05-17T13:11:49.034+0000] {processor.py:809} INFO - DAG(s) dict_keys(['example_task_group']) retrieved from /home/airflow/.local/lib/python3.7/site-packages/airflow/example_dags/example_task_group.py
[2023-05-17T13:11:49.125+0000] {logging_mixin.py:149} INFO - [2023-05-17T13:11:49.125+0000] {dag.py:2726} INFO - Sync 1 DAGs
[2023-05-17T13:11:49.200+0000] {logging_mixin.py:149} INFO - [2023-05-17T13:11:49.200+0000] {dag.py:3490} INFO - Setting next_dagrun for example_task_group to 2023-05-16T13:11:49.199931+00:00, run_after=2023-05-17T13:11:49.199931+00:00
[2023-05-17T13:11:49.437+0000] {processor.py:178} INFO - Processing /home/airflow/.local/lib/python3.7/site-packages/airflow/example_dags/example_task_group.py took 0.450 seconds
[2023-05-17T13:12:20.361+0000] {processor.py:156} INFO - Started process (PID=547) to work on /home/airflow/.local/lib/python3.7/site-packages/airflow/example_dags/example_task_group.py
[2023-05-17T13:12:20.364+0000] {processor.py:799} INFO - Processing file /home/airflow/.local/lib/python3.7/site-packages/airflow/example_dags/example_task_group.py for tasks to queue
[2023-05-17T13:12:20.366+0000] {logging_mixin.py:149} INFO - [2023-05-17T13:12:20.366+0000] {dagbag.py:541} INFO - Filling up the DagBag from /home/airflow/.local/lib/python3.7/site-packages/airflow/example_dags/example_task_group.py
[2023-05-17T13:12:20.400+0000] {processor.py:809} INFO - DAG(s) dict_keys(['example_task_group']) retrieved from /home/airflow/.local/lib/python3.7/site-packages/airflow/example_dags/example_task_group.py
[2023-05-17T13:12:20.527+0000] {logging_mixin.py:149} INFO - [2023-05-17T13:12:20.527+0000] {dag.py:2726} INFO - Sync 1 DAGs
[2023-05-17T13:12:20.727+0000] {logging_mixin.py:149} INFO - [2023-05-17T13:12:20.726+0000] {dag.py:3490} INFO - Setting next_dagrun for example_task_group to 2023-05-16T13:12:20.725828+00:00, run_after=2023-05-17T13:12:20.725828+00:00
[2023-05-17T13:12:20.993+0000] {processor.py:178} INFO - Processing /home/airflow/.local/lib/python3.7/site-packages/airflow/example_dags/example_task_group.py took 0.642 seconds
[2023-05-17T13:13:18.566+0000] {processor.py:156} INFO - Started process (PID=612) to work on /home/airflow/.local/lib/python3.7/site-packages/airflow/example_dags/example_task_group.py
[2023-05-17T13:13:18.570+0000] {processor.py:799} INFO - Processing file /home/airflow/.local/lib/python3.7/site-packages/airflow/example_dags/example_task_group.py for tasks to queue
[2023-05-17T13:13:18.572+0000] {logging_mixin.py:149} INFO - [2023-05-17T13:13:18.572+0000] {dagbag.py:541} INFO - Filling up the DagBag from /home/airflow/.local/lib/python3.7/site-packages/airflow/example_dags/example_task_group.py
[2023-05-17T13:13:18.603+0000] {processor.py:809} INFO - DAG(s) dict_keys(['example_task_group']) retrieved from /home/airflow/.local/lib/python3.7/site-packages/airflow/example_dags/example_task_group.py
[2023-05-17T13:13:18.698+0000] {logging_mixin.py:149} INFO - [2023-05-17T13:13:18.698+0000] {dag.py:2726} INFO - Sync 1 DAGs
[2023-05-17T13:13:18.895+0000] {logging_mixin.py:149} INFO - [2023-05-17T13:13:18.894+0000] {dag.py:3490} INFO - Setting next_dagrun for example_task_group to 2023-05-16T13:13:18.894099+00:00, run_after=2023-05-17T13:13:18.894099+00:00
[2023-05-17T13:13:19.167+0000] {processor.py:178} INFO - Processing /home/airflow/.local/lib/python3.7/site-packages/airflow/example_dags/example_task_group.py took 0.610 seconds
[2023-05-17T13:13:50.186+0000] {processor.py:156} INFO - Started process (PID=671) to work on /home/airflow/.local/lib/python3.7/site-packages/airflow/example_dags/example_task_group.py
[2023-05-17T13:13:50.188+0000] {processor.py:799} INFO - Processing file /home/airflow/.local/lib/python3.7/site-packages/airflow/example_dags/example_task_group.py for tasks to queue
[2023-05-17T13:13:50.191+0000] {logging_mixin.py:149} INFO - [2023-05-17T13:13:50.190+0000] {dagbag.py:541} INFO - Filling up the DagBag from /home/airflow/.local/lib/python3.7/site-packages/airflow/example_dags/example_task_group.py
[2023-05-17T13:13:50.222+0000] {processor.py:809} INFO - DAG(s) dict_keys(['example_task_group']) retrieved from /home/airflow/.local/lib/python3.7/site-packages/airflow/example_dags/example_task_group.py
[2023-05-17T13:13:50.315+0000] {logging_mixin.py:149} INFO - [2023-05-17T13:13:50.315+0000] {dag.py:2726} INFO - Sync 1 DAGs
[2023-05-17T13:13:50.385+0000] {logging_mixin.py:149} INFO - [2023-05-17T13:13:50.385+0000] {dag.py:3490} INFO - Setting next_dagrun for example_task_group to 2023-05-16T13:13:50.384428+00:00, run_after=2023-05-17T13:13:50.384428+00:00
[2023-05-17T13:13:50.764+0000] {processor.py:178} INFO - Processing /home/airflow/.local/lib/python3.7/site-packages/airflow/example_dags/example_task_group.py took 0.589 seconds
[2023-05-17T13:15:18.556+0000] {processor.py:156} INFO - Started process (PID=779) to work on /home/airflow/.local/lib/python3.7/site-packages/airflow/example_dags/example_task_group.py
[2023-05-17T13:15:18.558+0000] {processor.py:799} INFO - Processing file /home/airflow/.local/lib/python3.7/site-packages/airflow/example_dags/example_task_group.py for tasks to queue
[2023-05-17T13:15:18.560+0000] {logging_mixin.py:149} INFO - [2023-05-17T13:15:18.560+0000] {dagbag.py:541} INFO - Filling up the DagBag from /home/airflow/.local/lib/python3.7/site-packages/airflow/example_dags/example_task_group.py
[2023-05-17T13:15:18.576+0000] {processor.py:809} INFO - DAG(s) dict_keys(['example_task_group']) retrieved from /home/airflow/.local/lib/python3.7/site-packages/airflow/example_dags/example_task_group.py
[2023-05-17T13:15:18.627+0000] {logging_mixin.py:149} INFO - [2023-05-17T13:15:18.627+0000] {dag.py:2726} INFO - Sync 1 DAGs
[2023-05-17T13:15:18.685+0000] {logging_mixin.py:149} INFO - [2023-05-17T13:15:18.685+0000] {dag.py:3490} INFO - Setting next_dagrun for example_task_group to 2023-05-16T13:15:18.684939+00:00, run_after=2023-05-17T13:15:18.684939+00:00
[2023-05-17T13:15:18.938+0000] {processor.py:178} INFO - Processing /home/airflow/.local/lib/python3.7/site-packages/airflow/example_dags/example_task_group.py took 0.388 seconds
[2023-05-17T13:15:49.524+0000] {processor.py:156} INFO - Started process (PID=832) to work on /home/airflow/.local/lib/python3.7/site-packages/airflow/example_dags/example_task_group.py
[2023-05-17T13:15:49.527+0000] {processor.py:799} INFO - Processing file /home/airflow/.local/lib/python3.7/site-packages/airflow/example_dags/example_task_group.py for tasks to queue
[2023-05-17T13:15:49.533+0000] {logging_mixin.py:149} INFO - [2023-05-17T13:15:49.532+0000] {dagbag.py:541} INFO - Filling up the DagBag from /home/airflow/.local/lib/python3.7/site-packages/airflow/example_dags/example_task_group.py
[2023-05-17T13:15:49.644+0000] {processor.py:809} INFO - DAG(s) dict_keys(['example_task_group']) retrieved from /home/airflow/.local/lib/python3.7/site-packages/airflow/example_dags/example_task_group.py
[2023-05-17T13:15:49.870+0000] {logging_mixin.py:149} INFO - [2023-05-17T13:15:49.870+0000] {dag.py:2726} INFO - Sync 1 DAGs
[2023-05-17T13:15:50.022+0000] {logging_mixin.py:149} INFO - [2023-05-17T13:15:50.021+0000] {dag.py:3490} INFO - Setting next_dagrun for example_task_group to 2023-05-16T13:15:50.019852+00:00, run_after=2023-05-17T13:15:50.019852+00:00
[2023-05-17T13:15:50.637+0000] {processor.py:178} INFO - Processing /home/airflow/.local/lib/python3.7/site-packages/airflow/example_dags/example_task_group.py took 1.142 seconds
[2023-05-17T13:16:20.873+0000] {processor.py:156} INFO - Started process (PID=889) to work on /home/airflow/.local/lib/python3.7/site-packages/airflow/example_dags/example_task_group.py
[2023-05-17T13:16:20.876+0000] {processor.py:799} INFO - Processing file /home/airflow/.local/lib/python3.7/site-packages/airflow/example_dags/example_task_group.py for tasks to queue
[2023-05-17T13:16:20.878+0000] {logging_mixin.py:149} INFO - [2023-05-17T13:16:20.877+0000] {dagbag.py:541} INFO - Filling up the DagBag from /home/airflow/.local/lib/python3.7/site-packages/airflow/example_dags/example_task_group.py
[2023-05-17T13:16:20.899+0000] {processor.py:809} INFO - DAG(s) dict_keys(['example_task_group']) retrieved from /home/airflow/.local/lib/python3.7/site-packages/airflow/example_dags/example_task_group.py
[2023-05-17T13:16:20.976+0000] {logging_mixin.py:149} INFO - [2023-05-17T13:16:20.976+0000] {dag.py:2726} INFO - Sync 1 DAGs
[2023-05-17T13:16:21.059+0000] {logging_mixin.py:149} INFO - [2023-05-17T13:16:21.059+0000] {dag.py:3490} INFO - Setting next_dagrun for example_task_group to 2023-05-16T13:16:21.058978+00:00, run_after=2023-05-17T13:16:21.058978+00:00
[2023-05-17T13:16:21.212+0000] {processor.py:178} INFO - Processing /home/airflow/.local/lib/python3.7/site-packages/airflow/example_dags/example_task_group.py took 0.371 seconds
[2023-05-17T13:16:51.308+0000] {processor.py:156} INFO - Started process (PID=946) to work on /home/airflow/.local/lib/python3.7/site-packages/airflow/example_dags/example_task_group.py
[2023-05-17T13:16:51.312+0000] {processor.py:799} INFO - Processing file /home/airflow/.local/lib/python3.7/site-packages/airflow/example_dags/example_task_group.py for tasks to queue
[2023-05-17T13:16:51.315+0000] {logging_mixin.py:149} INFO - [2023-05-17T13:16:51.314+0000] {dagbag.py:541} INFO - Filling up the DagBag from /home/airflow/.local/lib/python3.7/site-packages/airflow/example_dags/example_task_group.py
[2023-05-17T13:16:51.334+0000] {processor.py:809} INFO - DAG(s) dict_keys(['example_task_group']) retrieved from /home/airflow/.local/lib/python3.7/site-packages/airflow/example_dags/example_task_group.py
[2023-05-17T13:16:51.428+0000] {logging_mixin.py:149} INFO - [2023-05-17T13:16:51.428+0000] {dag.py:2726} INFO - Sync 1 DAGs
[2023-05-17T13:16:51.537+0000] {logging_mixin.py:149} INFO - [2023-05-17T13:16:51.536+0000] {dag.py:3490} INFO - Setting next_dagrun for example_task_group to 2023-05-16T13:16:51.534939+00:00, run_after=2023-05-17T13:16:51.534939+00:00
[2023-05-17T13:16:51.801+0000] {processor.py:178} INFO - Processing /home/airflow/.local/lib/python3.7/site-packages/airflow/example_dags/example_task_group.py took 0.501 seconds
[2023-05-17T13:17:26.874+0000] {processor.py:156} INFO - Started process (PID=1011) to work on /home/airflow/.local/lib/python3.7/site-packages/airflow/example_dags/example_task_group.py
[2023-05-17T13:17:26.876+0000] {processor.py:799} INFO - Processing file /home/airflow/.local/lib/python3.7/site-packages/airflow/example_dags/example_task_group.py for tasks to queue
[2023-05-17T13:17:26.878+0000] {logging_mixin.py:149} INFO - [2023-05-17T13:17:26.878+0000] {dagbag.py:541} INFO - Filling up the DagBag from /home/airflow/.local/lib/python3.7/site-packages/airflow/example_dags/example_task_group.py
[2023-05-17T13:17:26.901+0000] {processor.py:809} INFO - DAG(s) dict_keys(['example_task_group']) retrieved from /home/airflow/.local/lib/python3.7/site-packages/airflow/example_dags/example_task_group.py
[2023-05-17T13:17:26.960+0000] {logging_mixin.py:149} INFO - [2023-05-17T13:17:26.959+0000] {dag.py:2726} INFO - Sync 1 DAGs
[2023-05-17T13:17:27.017+0000] {logging_mixin.py:149} INFO - [2023-05-17T13:17:27.017+0000] {dag.py:3490} INFO - Setting next_dagrun for example_task_group to 2023-05-16T13:17:27.016925+00:00, run_after=2023-05-17T13:17:27.016925+00:00
[2023-05-17T13:17:27.247+0000] {processor.py:178} INFO - Processing /home/airflow/.local/lib/python3.7/site-packages/airflow/example_dags/example_task_group.py took 0.381 seconds
[2023-05-17T13:18:22.514+0000] {processor.py:156} INFO - Started process (PID=1066) to work on /home/airflow/.local/lib/python3.7/site-packages/airflow/example_dags/example_task_group.py
[2023-05-17T13:18:22.516+0000] {processor.py:799} INFO - Processing file /home/airflow/.local/lib/python3.7/site-packages/airflow/example_dags/example_task_group.py for tasks to queue
[2023-05-17T13:18:22.518+0000] {logging_mixin.py:149} INFO - [2023-05-17T13:18:22.518+0000] {dagbag.py:541} INFO - Filling up the DagBag from /home/airflow/.local/lib/python3.7/site-packages/airflow/example_dags/example_task_group.py
[2023-05-17T13:18:22.534+0000] {processor.py:809} INFO - DAG(s) dict_keys(['example_task_group']) retrieved from /home/airflow/.local/lib/python3.7/site-packages/airflow/example_dags/example_task_group.py
[2023-05-17T13:18:22.581+0000] {logging_mixin.py:149} INFO - [2023-05-17T13:18:22.581+0000] {dag.py:2726} INFO - Sync 1 DAGs
[2023-05-17T13:18:22.651+0000] {logging_mixin.py:149} INFO - [2023-05-17T13:18:22.650+0000] {dag.py:3490} INFO - Setting next_dagrun for example_task_group to 2023-05-16T13:18:22.650010+00:00, run_after=2023-05-17T13:18:22.650010+00:00
[2023-05-17T13:18:23.595+0000] {processor.py:178} INFO - Processing /home/airflow/.local/lib/python3.7/site-packages/airflow/example_dags/example_task_group.py took 1.087 seconds
[2023-05-17T13:18:55.235+0000] {processor.py:156} INFO - Started process (PID=1124) to work on /home/airflow/.local/lib/python3.7/site-packages/airflow/example_dags/example_task_group.py
[2023-05-17T13:18:55.248+0000] {processor.py:799} INFO - Processing file /home/airflow/.local/lib/python3.7/site-packages/airflow/example_dags/example_task_group.py for tasks to queue
[2023-05-17T13:18:55.251+0000] {logging_mixin.py:149} INFO - [2023-05-17T13:18:55.251+0000] {dagbag.py:541} INFO - Filling up the DagBag from /home/airflow/.local/lib/python3.7/site-packages/airflow/example_dags/example_task_group.py
[2023-05-17T13:18:55.287+0000] {processor.py:809} INFO - DAG(s) dict_keys(['example_task_group']) retrieved from /home/airflow/.local/lib/python3.7/site-packages/airflow/example_dags/example_task_group.py
[2023-05-17T13:18:55.360+0000] {logging_mixin.py:149} INFO - [2023-05-17T13:18:55.360+0000] {dag.py:2726} INFO - Sync 1 DAGs
[2023-05-17T13:18:55.554+0000] {logging_mixin.py:149} INFO - [2023-05-17T13:18:55.554+0000] {dag.py:3490} INFO - Setting next_dagrun for example_task_group to 2023-05-16T13:18:55.553474+00:00, run_after=2023-05-17T13:18:55.553474+00:00
[2023-05-17T13:18:55.797+0000] {processor.py:178} INFO - Processing /home/airflow/.local/lib/python3.7/site-packages/airflow/example_dags/example_task_group.py took 0.583 seconds
[2023-05-17T13:19:29.021+0000] {processor.py:156} INFO - Started process (PID=1183) to work on /home/airflow/.local/lib/python3.7/site-packages/airflow/example_dags/example_task_group.py
[2023-05-17T13:19:29.024+0000] {processor.py:799} INFO - Processing file /home/airflow/.local/lib/python3.7/site-packages/airflow/example_dags/example_task_group.py for tasks to queue
[2023-05-17T13:19:29.026+0000] {logging_mixin.py:149} INFO - [2023-05-17T13:19:29.026+0000] {dagbag.py:541} INFO - Filling up the DagBag from /home/airflow/.local/lib/python3.7/site-packages/airflow/example_dags/example_task_group.py
[2023-05-17T13:19:29.049+0000] {processor.py:809} INFO - DAG(s) dict_keys(['example_task_group']) retrieved from /home/airflow/.local/lib/python3.7/site-packages/airflow/example_dags/example_task_group.py
[2023-05-17T13:19:29.235+0000] {logging_mixin.py:149} INFO - [2023-05-17T13:19:29.234+0000] {dag.py:2726} INFO - Sync 1 DAGs
[2023-05-17T13:19:29.367+0000] {logging_mixin.py:149} INFO - [2023-05-17T13:19:29.365+0000] {dag.py:3490} INFO - Setting next_dagrun for example_task_group to 2023-05-16T13:19:29.364480+00:00, run_after=2023-05-17T13:19:29.364480+00:00
[2023-05-17T13:19:29.572+0000] {processor.py:178} INFO - Processing /home/airflow/.local/lib/python3.7/site-packages/airflow/example_dags/example_task_group.py took 0.562 seconds
[2023-05-17T13:20:06.176+0000] {processor.py:156} INFO - Started process (PID=1243) to work on /home/airflow/.local/lib/python3.7/site-packages/airflow/example_dags/example_task_group.py
[2023-05-17T13:20:06.178+0000] {processor.py:799} INFO - Processing file /home/airflow/.local/lib/python3.7/site-packages/airflow/example_dags/example_task_group.py for tasks to queue
[2023-05-17T13:20:06.181+0000] {logging_mixin.py:149} INFO - [2023-05-17T13:20:06.180+0000] {dagbag.py:541} INFO - Filling up the DagBag from /home/airflow/.local/lib/python3.7/site-packages/airflow/example_dags/example_task_group.py
[2023-05-17T13:20:06.203+0000] {processor.py:809} INFO - DAG(s) dict_keys(['example_task_group']) retrieved from /home/airflow/.local/lib/python3.7/site-packages/airflow/example_dags/example_task_group.py
[2023-05-17T13:20:06.285+0000] {logging_mixin.py:149} INFO - [2023-05-17T13:20:06.284+0000] {dag.py:2726} INFO - Sync 1 DAGs
[2023-05-17T13:20:06.374+0000] {logging_mixin.py:149} INFO - [2023-05-17T13:20:06.373+0000] {dag.py:3490} INFO - Setting next_dagrun for example_task_group to 2023-05-16T13:20:06.373230+00:00, run_after=2023-05-17T13:20:06.373230+00:00
[2023-05-17T13:20:06.910+0000] {processor.py:178} INFO - Processing /home/airflow/.local/lib/python3.7/site-packages/airflow/example_dags/example_task_group.py took 0.742 seconds
[2023-05-17T13:20:45.308+0000] {processor.py:156} INFO - Started process (PID=1305) to work on /home/airflow/.local/lib/python3.7/site-packages/airflow/example_dags/example_task_group.py
[2023-05-17T13:20:45.311+0000] {processor.py:799} INFO - Processing file /home/airflow/.local/lib/python3.7/site-packages/airflow/example_dags/example_task_group.py for tasks to queue
[2023-05-17T13:20:45.314+0000] {logging_mixin.py:149} INFO - [2023-05-17T13:20:45.313+0000] {dagbag.py:541} INFO - Filling up the DagBag from /home/airflow/.local/lib/python3.7/site-packages/airflow/example_dags/example_task_group.py
[2023-05-17T13:20:45.341+0000] {processor.py:809} INFO - DAG(s) dict_keys(['example_task_group']) retrieved from /home/airflow/.local/lib/python3.7/site-packages/airflow/example_dags/example_task_group.py
[2023-05-17T13:20:45.407+0000] {logging_mixin.py:149} INFO - [2023-05-17T13:20:45.407+0000] {dag.py:2726} INFO - Sync 1 DAGs
[2023-05-17T13:20:45.516+0000] {logging_mixin.py:149} INFO - [2023-05-17T13:20:45.516+0000] {dag.py:3490} INFO - Setting next_dagrun for example_task_group to 2023-05-16T13:20:45.515109+00:00, run_after=2023-05-17T13:20:45.515109+00:00
[2023-05-17T13:20:45.929+0000] {processor.py:178} INFO - Processing /home/airflow/.local/lib/python3.7/site-packages/airflow/example_dags/example_task_group.py took 0.638 seconds
[2023-05-17T13:21:16.168+0000] {processor.py:156} INFO - Started process (PID=1363) to work on /home/airflow/.local/lib/python3.7/site-packages/airflow/example_dags/example_task_group.py
[2023-05-17T13:21:16.171+0000] {processor.py:799} INFO - Processing file /home/airflow/.local/lib/python3.7/site-packages/airflow/example_dags/example_task_group.py for tasks to queue
[2023-05-17T13:21:16.175+0000] {logging_mixin.py:149} INFO - [2023-05-17T13:21:16.174+0000] {dagbag.py:541} INFO - Filling up the DagBag from /home/airflow/.local/lib/python3.7/site-packages/airflow/example_dags/example_task_group.py
[2023-05-17T13:21:16.200+0000] {processor.py:809} INFO - DAG(s) dict_keys(['example_task_group']) retrieved from /home/airflow/.local/lib/python3.7/site-packages/airflow/example_dags/example_task_group.py
[2023-05-17T13:21:16.295+0000] {logging_mixin.py:149} INFO - [2023-05-17T13:21:16.294+0000] {dag.py:2726} INFO - Sync 1 DAGs
[2023-05-17T13:21:16.406+0000] {logging_mixin.py:149} INFO - [2023-05-17T13:21:16.405+0000] {dag.py:3490} INFO - Setting next_dagrun for example_task_group to 2023-05-16T13:21:16.405539+00:00, run_after=2023-05-17T13:21:16.405539+00:00
[2023-05-17T13:21:16.661+0000] {processor.py:178} INFO - Processing /home/airflow/.local/lib/python3.7/site-packages/airflow/example_dags/example_task_group.py took 0.503 seconds
[2023-05-17T13:21:46.895+0000] {processor.py:156} INFO - Started process (PID=1420) to work on /home/airflow/.local/lib/python3.7/site-packages/airflow/example_dags/example_task_group.py
[2023-05-17T13:21:46.898+0000] {processor.py:799} INFO - Processing file /home/airflow/.local/lib/python3.7/site-packages/airflow/example_dags/example_task_group.py for tasks to queue
[2023-05-17T13:21:46.900+0000] {logging_mixin.py:149} INFO - [2023-05-17T13:21:46.900+0000] {dagbag.py:541} INFO - Filling up the DagBag from /home/airflow/.local/lib/python3.7/site-packages/airflow/example_dags/example_task_group.py
[2023-05-17T13:21:46.918+0000] {processor.py:809} INFO - DAG(s) dict_keys(['example_task_group']) retrieved from /home/airflow/.local/lib/python3.7/site-packages/airflow/example_dags/example_task_group.py
[2023-05-17T13:21:47.056+0000] {logging_mixin.py:149} INFO - [2023-05-17T13:21:47.055+0000] {dag.py:2726} INFO - Sync 1 DAGs
[2023-05-17T13:21:47.176+0000] {logging_mixin.py:149} INFO - [2023-05-17T13:21:47.173+0000] {dag.py:3490} INFO - Setting next_dagrun for example_task_group to 2023-05-16T13:21:47.172485+00:00, run_after=2023-05-17T13:21:47.172485+00:00
[2023-05-17T13:21:47.332+0000] {processor.py:178} INFO - Processing /home/airflow/.local/lib/python3.7/site-packages/airflow/example_dags/example_task_group.py took 0.446 seconds
[2023-05-17T13:23:07.223+0000] {processor.py:156} INFO - Started process (PID=1519) to work on /home/airflow/.local/lib/python3.7/site-packages/airflow/example_dags/example_task_group.py
[2023-05-17T13:23:07.227+0000] {processor.py:799} INFO - Processing file /home/airflow/.local/lib/python3.7/site-packages/airflow/example_dags/example_task_group.py for tasks to queue
[2023-05-17T13:23:07.229+0000] {logging_mixin.py:149} INFO - [2023-05-17T13:23:07.229+0000] {dagbag.py:541} INFO - Filling up the DagBag from /home/airflow/.local/lib/python3.7/site-packages/airflow/example_dags/example_task_group.py
[2023-05-17T13:23:07.248+0000] {processor.py:809} INFO - DAG(s) dict_keys(['example_task_group']) retrieved from /home/airflow/.local/lib/python3.7/site-packages/airflow/example_dags/example_task_group.py
[2023-05-17T13:23:07.311+0000] {logging_mixin.py:149} INFO - [2023-05-17T13:23:07.310+0000] {dag.py:2726} INFO - Sync 1 DAGs
[2023-05-17T13:23:07.380+0000] {logging_mixin.py:149} INFO - [2023-05-17T13:23:07.379+0000] {dag.py:3490} INFO - Setting next_dagrun for example_task_group to 2023-05-16T13:23:07.379510+00:00, run_after=2023-05-17T13:23:07.379510+00:00
[2023-05-17T13:23:08.264+0000] {processor.py:178} INFO - Processing /home/airflow/.local/lib/python3.7/site-packages/airflow/example_dags/example_task_group.py took 1.051 seconds
[2023-05-17T13:23:38.579+0000] {processor.py:156} INFO - Started process (PID=1576) to work on /home/airflow/.local/lib/python3.7/site-packages/airflow/example_dags/example_task_group.py
[2023-05-17T13:23:38.582+0000] {processor.py:799} INFO - Processing file /home/airflow/.local/lib/python3.7/site-packages/airflow/example_dags/example_task_group.py for tasks to queue
[2023-05-17T13:23:38.584+0000] {logging_mixin.py:149} INFO - [2023-05-17T13:23:38.584+0000] {dagbag.py:541} INFO - Filling up the DagBag from /home/airflow/.local/lib/python3.7/site-packages/airflow/example_dags/example_task_group.py
[2023-05-17T13:23:38.622+0000] {processor.py:809} INFO - DAG(s) dict_keys(['example_task_group']) retrieved from /home/airflow/.local/lib/python3.7/site-packages/airflow/example_dags/example_task_group.py
[2023-05-17T13:23:38.738+0000] {logging_mixin.py:149} INFO - [2023-05-17T13:23:38.738+0000] {dag.py:2726} INFO - Sync 1 DAGs
[2023-05-17T13:23:38.844+0000] {logging_mixin.py:149} INFO - [2023-05-17T13:23:38.844+0000] {dag.py:3490} INFO - Setting next_dagrun for example_task_group to 2023-05-16T13:23:38.843941+00:00, run_after=2023-05-17T13:23:38.843941+00:00
[2023-05-17T13:23:39.075+0000] {processor.py:178} INFO - Processing /home/airflow/.local/lib/python3.7/site-packages/airflow/example_dags/example_task_group.py took 0.510 seconds
[2023-05-17T13:24:10.074+0000] {processor.py:156} INFO - Started process (PID=1636) to work on /home/airflow/.local/lib/python3.7/site-packages/airflow/example_dags/example_task_group.py
[2023-05-17T13:24:10.077+0000] {processor.py:799} INFO - Processing file /home/airflow/.local/lib/python3.7/site-packages/airflow/example_dags/example_task_group.py for tasks to queue
[2023-05-17T13:24:10.084+0000] {logging_mixin.py:149} INFO - [2023-05-17T13:24:10.083+0000] {dagbag.py:541} INFO - Filling up the DagBag from /home/airflow/.local/lib/python3.7/site-packages/airflow/example_dags/example_task_group.py
[2023-05-17T13:24:10.123+0000] {processor.py:809} INFO - DAG(s) dict_keys(['example_task_group']) retrieved from /home/airflow/.local/lib/python3.7/site-packages/airflow/example_dags/example_task_group.py
[2023-05-17T13:24:10.213+0000] {logging_mixin.py:149} INFO - [2023-05-17T13:24:10.212+0000] {dag.py:2726} INFO - Sync 1 DAGs
[2023-05-17T13:24:10.293+0000] {logging_mixin.py:149} INFO - [2023-05-17T13:24:10.293+0000] {dag.py:3490} INFO - Setting next_dagrun for example_task_group to 2023-05-16T13:24:10.292974+00:00, run_after=2023-05-17T13:24:10.292974+00:00
[2023-05-17T13:24:10.549+0000] {processor.py:178} INFO - Processing /home/airflow/.local/lib/python3.7/site-packages/airflow/example_dags/example_task_group.py took 0.480 seconds
[2023-05-17T13:24:47.083+0000] {processor.py:156} INFO - Started process (PID=1697) to work on /home/airflow/.local/lib/python3.7/site-packages/airflow/example_dags/example_task_group.py
[2023-05-17T13:24:47.087+0000] {processor.py:799} INFO - Processing file /home/airflow/.local/lib/python3.7/site-packages/airflow/example_dags/example_task_group.py for tasks to queue
[2023-05-17T13:24:47.090+0000] {logging_mixin.py:149} INFO - [2023-05-17T13:24:47.090+0000] {dagbag.py:541} INFO - Filling up the DagBag from /home/airflow/.local/lib/python3.7/site-packages/airflow/example_dags/example_task_group.py
[2023-05-17T13:24:47.110+0000] {processor.py:809} INFO - DAG(s) dict_keys(['example_task_group']) retrieved from /home/airflow/.local/lib/python3.7/site-packages/airflow/example_dags/example_task_group.py
[2023-05-17T13:24:47.204+0000] {logging_mixin.py:149} INFO - [2023-05-17T13:24:47.203+0000] {dag.py:2726} INFO - Sync 1 DAGs
[2023-05-17T13:24:47.326+0000] {logging_mixin.py:149} INFO - [2023-05-17T13:24:47.325+0000] {dag.py:3490} INFO - Setting next_dagrun for example_task_group to 2023-05-16T13:24:47.324592+00:00, run_after=2023-05-17T13:24:47.324592+00:00
[2023-05-17T13:24:47.448+0000] {processor.py:178} INFO - Processing /home/airflow/.local/lib/python3.7/site-packages/airflow/example_dags/example_task_group.py took 0.371 seconds
[2023-05-17T13:25:17.956+0000] {processor.py:156} INFO - Started process (PID=1755) to work on /home/airflow/.local/lib/python3.7/site-packages/airflow/example_dags/example_task_group.py
[2023-05-17T13:25:17.959+0000] {processor.py:799} INFO - Processing file /home/airflow/.local/lib/python3.7/site-packages/airflow/example_dags/example_task_group.py for tasks to queue
[2023-05-17T13:25:17.962+0000] {logging_mixin.py:149} INFO - [2023-05-17T13:25:17.961+0000] {dagbag.py:541} INFO - Filling up the DagBag from /home/airflow/.local/lib/python3.7/site-packages/airflow/example_dags/example_task_group.py
[2023-05-17T13:25:17.987+0000] {processor.py:809} INFO - DAG(s) dict_keys(['example_task_group']) retrieved from /home/airflow/.local/lib/python3.7/site-packages/airflow/example_dags/example_task_group.py
[2023-05-17T13:25:18.073+0000] {logging_mixin.py:149} INFO - [2023-05-17T13:25:18.073+0000] {dag.py:2726} INFO - Sync 1 DAGs
[2023-05-17T13:25:18.177+0000] {logging_mixin.py:149} INFO - [2023-05-17T13:25:18.177+0000] {dag.py:3490} INFO - Setting next_dagrun for example_task_group to 2023-05-16T13:25:18.176561+00:00, run_after=2023-05-17T13:25:18.176561+00:00
[2023-05-17T13:25:18.332+0000] {processor.py:178} INFO - Processing /home/airflow/.local/lib/python3.7/site-packages/airflow/example_dags/example_task_group.py took 0.386 seconds
[2023-05-17T13:25:51.716+0000] {processor.py:156} INFO - Started process (PID=1813) to work on /home/airflow/.local/lib/python3.7/site-packages/airflow/example_dags/example_task_group.py
[2023-05-17T13:25:51.719+0000] {processor.py:799} INFO - Processing file /home/airflow/.local/lib/python3.7/site-packages/airflow/example_dags/example_task_group.py for tasks to queue
[2023-05-17T13:25:51.721+0000] {logging_mixin.py:149} INFO - [2023-05-17T13:25:51.721+0000] {dagbag.py:541} INFO - Filling up the DagBag from /home/airflow/.local/lib/python3.7/site-packages/airflow/example_dags/example_task_group.py
[2023-05-17T13:25:51.933+0000] {processor.py:809} INFO - DAG(s) dict_keys(['example_task_group']) retrieved from /home/airflow/.local/lib/python3.7/site-packages/airflow/example_dags/example_task_group.py
[2023-05-17T13:25:51.996+0000] {logging_mixin.py:149} INFO - [2023-05-17T13:25:51.996+0000] {dag.py:2726} INFO - Sync 1 DAGs
[2023-05-17T13:25:52.081+0000] {logging_mixin.py:149} INFO - [2023-05-17T13:25:52.081+0000] {dag.py:3490} INFO - Setting next_dagrun for example_task_group to 2023-05-16T13:25:52.081063+00:00, run_after=2023-05-17T13:25:52.081063+00:00
[2023-05-17T13:25:52.428+0000] {processor.py:178} INFO - Processing /home/airflow/.local/lib/python3.7/site-packages/airflow/example_dags/example_task_group.py took 0.724 seconds
[2023-05-17T13:26:28.125+0000] {processor.py:156} INFO - Started process (PID=1871) to work on /home/airflow/.local/lib/python3.7/site-packages/airflow/example_dags/example_task_group.py
[2023-05-17T13:26:28.127+0000] {processor.py:799} INFO - Processing file /home/airflow/.local/lib/python3.7/site-packages/airflow/example_dags/example_task_group.py for tasks to queue
[2023-05-17T13:26:28.133+0000] {logging_mixin.py:149} INFO - [2023-05-17T13:26:28.132+0000] {dagbag.py:541} INFO - Filling up the DagBag from /home/airflow/.local/lib/python3.7/site-packages/airflow/example_dags/example_task_group.py
[2023-05-17T13:26:28.154+0000] {processor.py:809} INFO - DAG(s) dict_keys(['example_task_group']) retrieved from /home/airflow/.local/lib/python3.7/site-packages/airflow/example_dags/example_task_group.py
[2023-05-17T13:26:28.223+0000] {logging_mixin.py:149} INFO - [2023-05-17T13:26:28.223+0000] {dag.py:2726} INFO - Sync 1 DAGs
[2023-05-17T13:26:28.304+0000] {logging_mixin.py:149} INFO - [2023-05-17T13:26:28.304+0000] {dag.py:3490} INFO - Setting next_dagrun for example_task_group to 2023-05-16T13:26:28.304117+00:00, run_after=2023-05-17T13:26:28.304117+00:00
[2023-05-17T13:26:29.026+0000] {processor.py:178} INFO - Processing /home/airflow/.local/lib/python3.7/site-packages/airflow/example_dags/example_task_group.py took 0.908 seconds
[2023-05-17T13:26:59.598+0000] {processor.py:156} INFO - Started process (PID=1917) to work on /home/airflow/.local/lib/python3.7/site-packages/airflow/example_dags/example_task_group.py
[2023-05-17T13:26:59.601+0000] {processor.py:799} INFO - Processing file /home/airflow/.local/lib/python3.7/site-packages/airflow/example_dags/example_task_group.py for tasks to queue
[2023-05-17T13:26:59.608+0000] {logging_mixin.py:149} INFO - [2023-05-17T13:26:59.606+0000] {dagbag.py:541} INFO - Filling up the DagBag from /home/airflow/.local/lib/python3.7/site-packages/airflow/example_dags/example_task_group.py
[2023-05-17T13:26:59.631+0000] {processor.py:809} INFO - DAG(s) dict_keys(['example_task_group']) retrieved from /home/airflow/.local/lib/python3.7/site-packages/airflow/example_dags/example_task_group.py
[2023-05-17T13:26:59.769+0000] {logging_mixin.py:149} INFO - [2023-05-17T13:26:59.769+0000] {dag.py:2726} INFO - Sync 1 DAGs
[2023-05-17T13:27:00.172+0000] {logging_mixin.py:149} INFO - [2023-05-17T13:27:00.172+0000] {dag.py:3490} INFO - Setting next_dagrun for example_task_group to 2023-05-16T13:27:00.171784+00:00, run_after=2023-05-17T13:27:00.171784+00:00
[2023-05-17T13:27:00.463+0000] {processor.py:178} INFO - Processing /home/airflow/.local/lib/python3.7/site-packages/airflow/example_dags/example_task_group.py took 0.872 seconds
[2023-05-17T13:33:04.704+0000] {processor.py:156} INFO - Started process (PID=99) to work on /home/airflow/.local/lib/python3.7/site-packages/airflow/example_dags/example_task_group.py
[2023-05-17T13:33:04.922+0000] {processor.py:799} INFO - Processing file /home/airflow/.local/lib/python3.7/site-packages/airflow/example_dags/example_task_group.py for tasks to queue
[2023-05-17T13:33:04.924+0000] {logging_mixin.py:149} INFO - [2023-05-17T13:33:04.923+0000] {dagbag.py:541} INFO - Filling up the DagBag from /home/airflow/.local/lib/python3.7/site-packages/airflow/example_dags/example_task_group.py
[2023-05-17T13:33:04.939+0000] {processor.py:809} INFO - DAG(s) dict_keys(['example_task_group']) retrieved from /home/airflow/.local/lib/python3.7/site-packages/airflow/example_dags/example_task_group.py
[2023-05-17T13:33:04.999+0000] {logging_mixin.py:149} INFO - [2023-05-17T13:33:04.999+0000] {dag.py:2726} INFO - Sync 1 DAGs
[2023-05-17T13:33:05.057+0000] {logging_mixin.py:149} INFO - [2023-05-17T13:33:05.057+0000] {dag.py:3490} INFO - Setting next_dagrun for example_task_group to 2023-05-16T13:33:05.056452+00:00, run_after=2023-05-17T13:33:05.056452+00:00
[2023-05-17T13:33:05.551+0000] {processor.py:178} INFO - Processing /home/airflow/.local/lib/python3.7/site-packages/airflow/example_dags/example_task_group.py took 0.860 seconds
[2023-05-17T13:34:33.485+0000] {processor.py:156} INFO - Started process (PID=181) to work on /home/airflow/.local/lib/python3.7/site-packages/airflow/example_dags/example_task_group.py
[2023-05-17T13:34:33.487+0000] {processor.py:799} INFO - Processing file /home/airflow/.local/lib/python3.7/site-packages/airflow/example_dags/example_task_group.py for tasks to queue
[2023-05-17T13:34:33.489+0000] {logging_mixin.py:149} INFO - [2023-05-17T13:34:33.489+0000] {dagbag.py:541} INFO - Filling up the DagBag from /home/airflow/.local/lib/python3.7/site-packages/airflow/example_dags/example_task_group.py
[2023-05-17T13:34:33.506+0000] {processor.py:809} INFO - DAG(s) dict_keys(['example_task_group']) retrieved from /home/airflow/.local/lib/python3.7/site-packages/airflow/example_dags/example_task_group.py
[2023-05-17T13:34:33.569+0000] {logging_mixin.py:149} INFO - [2023-05-17T13:34:33.569+0000] {dag.py:2726} INFO - Sync 1 DAGs
[2023-05-17T13:34:33.941+0000] {logging_mixin.py:149} INFO - [2023-05-17T13:34:33.941+0000] {dag.py:3490} INFO - Setting next_dagrun for example_task_group to 2023-05-16T13:34:33.940745+00:00, run_after=2023-05-17T13:34:33.940745+00:00
[2023-05-17T13:34:34.221+0000] {processor.py:178} INFO - Processing /home/airflow/.local/lib/python3.7/site-packages/airflow/example_dags/example_task_group.py took 0.744 seconds
[2023-05-17T13:36:54.244+0000] {processor.py:156} INFO - Started process (PID=259) to work on /home/airflow/.local/lib/python3.7/site-packages/airflow/example_dags/example_task_group.py
[2023-05-17T13:36:54.247+0000] {processor.py:799} INFO - Processing file /home/airflow/.local/lib/python3.7/site-packages/airflow/example_dags/example_task_group.py for tasks to queue
[2023-05-17T13:36:54.250+0000] {logging_mixin.py:149} INFO - [2023-05-17T13:36:54.250+0000] {dagbag.py:541} INFO - Filling up the DagBag from /home/airflow/.local/lib/python3.7/site-packages/airflow/example_dags/example_task_group.py
[2023-05-17T13:36:54.270+0000] {processor.py:809} INFO - DAG(s) dict_keys(['example_task_group']) retrieved from /home/airflow/.local/lib/python3.7/site-packages/airflow/example_dags/example_task_group.py
[2023-05-17T13:36:54.321+0000] {logging_mixin.py:149} INFO - [2023-05-17T13:36:54.320+0000] {dag.py:2726} INFO - Sync 1 DAGs
[2023-05-17T13:36:54.395+0000] {logging_mixin.py:149} INFO - [2023-05-17T13:36:54.394+0000] {dag.py:3490} INFO - Setting next_dagrun for example_task_group to 2023-05-16T13:36:54.394373+00:00, run_after=2023-05-17T13:36:54.394373+00:00
[2023-05-17T13:36:54.576+0000] {processor.py:178} INFO - Processing /home/airflow/.local/lib/python3.7/site-packages/airflow/example_dags/example_task_group.py took 0.343 seconds
[2023-05-17T13:37:28.434+0000] {processor.py:156} INFO - Started process (PID=317) to work on /home/airflow/.local/lib/python3.7/site-packages/airflow/example_dags/example_task_group.py
[2023-05-17T13:37:28.436+0000] {processor.py:799} INFO - Processing file /home/airflow/.local/lib/python3.7/site-packages/airflow/example_dags/example_task_group.py for tasks to queue
[2023-05-17T13:37:28.438+0000] {logging_mixin.py:149} INFO - [2023-05-17T13:37:28.438+0000] {dagbag.py:541} INFO - Filling up the DagBag from /home/airflow/.local/lib/python3.7/site-packages/airflow/example_dags/example_task_group.py
[2023-05-17T13:37:28.461+0000] {processor.py:809} INFO - DAG(s) dict_keys(['example_task_group']) retrieved from /home/airflow/.local/lib/python3.7/site-packages/airflow/example_dags/example_task_group.py
[2023-05-17T13:37:28.571+0000] {logging_mixin.py:149} INFO - [2023-05-17T13:37:28.571+0000] {dag.py:2726} INFO - Sync 1 DAGs
[2023-05-17T13:37:28.695+0000] {logging_mixin.py:149} INFO - [2023-05-17T13:37:28.695+0000] {dag.py:3490} INFO - Setting next_dagrun for example_task_group to 2023-05-16T13:37:28.694960+00:00, run_after=2023-05-17T13:37:28.694960+00:00
[2023-05-17T13:37:28.978+0000] {processor.py:178} INFO - Processing /home/airflow/.local/lib/python3.7/site-packages/airflow/example_dags/example_task_group.py took 0.550 seconds
[2023-05-17T13:38:04.390+0000] {processor.py:156} INFO - Started process (PID=375) to work on /home/airflow/.local/lib/python3.7/site-packages/airflow/example_dags/example_task_group.py
[2023-05-17T13:38:04.396+0000] {processor.py:799} INFO - Processing file /home/airflow/.local/lib/python3.7/site-packages/airflow/example_dags/example_task_group.py for tasks to queue
[2023-05-17T13:38:04.399+0000] {logging_mixin.py:149} INFO - [2023-05-17T13:38:04.399+0000] {dagbag.py:541} INFO - Filling up the DagBag from /home/airflow/.local/lib/python3.7/site-packages/airflow/example_dags/example_task_group.py
[2023-05-17T13:38:04.414+0000] {processor.py:809} INFO - DAG(s) dict_keys(['example_task_group']) retrieved from /home/airflow/.local/lib/python3.7/site-packages/airflow/example_dags/example_task_group.py
[2023-05-17T13:38:04.467+0000] {logging_mixin.py:149} INFO - [2023-05-17T13:38:04.467+0000] {dag.py:2726} INFO - Sync 1 DAGs
[2023-05-17T13:38:04.529+0000] {logging_mixin.py:149} INFO - [2023-05-17T13:38:04.529+0000] {dag.py:3490} INFO - Setting next_dagrun for example_task_group to 2023-05-16T13:38:04.529256+00:00, run_after=2023-05-17T13:38:04.529256+00:00
[2023-05-17T13:38:04.754+0000] {processor.py:178} INFO - Processing /home/airflow/.local/lib/python3.7/site-packages/airflow/example_dags/example_task_group.py took 0.371 seconds
[2023-05-17T13:38:35.482+0000] {processor.py:156} INFO - Started process (PID=428) to work on /home/airflow/.local/lib/python3.7/site-packages/airflow/example_dags/example_task_group.py
[2023-05-17T13:38:35.487+0000] {processor.py:799} INFO - Processing file /home/airflow/.local/lib/python3.7/site-packages/airflow/example_dags/example_task_group.py for tasks to queue
[2023-05-17T13:38:35.489+0000] {logging_mixin.py:149} INFO - [2023-05-17T13:38:35.489+0000] {dagbag.py:541} INFO - Filling up the DagBag from /home/airflow/.local/lib/python3.7/site-packages/airflow/example_dags/example_task_group.py
[2023-05-17T13:38:35.514+0000] {processor.py:809} INFO - DAG(s) dict_keys(['example_task_group']) retrieved from /home/airflow/.local/lib/python3.7/site-packages/airflow/example_dags/example_task_group.py
[2023-05-17T13:38:35.590+0000] {logging_mixin.py:149} INFO - [2023-05-17T13:38:35.590+0000] {dag.py:2726} INFO - Sync 1 DAGs
[2023-05-17T13:38:35.682+0000] {logging_mixin.py:149} INFO - [2023-05-17T13:38:35.681+0000] {dag.py:3490} INFO - Setting next_dagrun for example_task_group to 2023-05-16T13:38:35.680736+00:00, run_after=2023-05-17T13:38:35.680736+00:00
[2023-05-17T13:38:35.802+0000] {processor.py:178} INFO - Processing /home/airflow/.local/lib/python3.7/site-packages/airflow/example_dags/example_task_group.py took 0.329 seconds
[2023-05-17T13:39:06.515+0000] {processor.py:156} INFO - Started process (PID=487) to work on /home/airflow/.local/lib/python3.7/site-packages/airflow/example_dags/example_task_group.py
[2023-05-17T13:39:06.518+0000] {processor.py:799} INFO - Processing file /home/airflow/.local/lib/python3.7/site-packages/airflow/example_dags/example_task_group.py for tasks to queue
[2023-05-17T13:39:06.521+0000] {logging_mixin.py:149} INFO - [2023-05-17T13:39:06.520+0000] {dagbag.py:541} INFO - Filling up the DagBag from /home/airflow/.local/lib/python3.7/site-packages/airflow/example_dags/example_task_group.py
[2023-05-17T13:39:06.545+0000] {processor.py:809} INFO - DAG(s) dict_keys(['example_task_group']) retrieved from /home/airflow/.local/lib/python3.7/site-packages/airflow/example_dags/example_task_group.py
[2023-05-17T13:39:06.630+0000] {logging_mixin.py:149} INFO - [2023-05-17T13:39:06.629+0000] {dag.py:2726} INFO - Sync 1 DAGs
[2023-05-17T13:39:06.744+0000] {logging_mixin.py:149} INFO - [2023-05-17T13:39:06.743+0000] {dag.py:3490} INFO - Setting next_dagrun for example_task_group to 2023-05-16T13:39:06.742157+00:00, run_after=2023-05-17T13:39:06.742157+00:00
[2023-05-17T13:39:07.003+0000] {processor.py:178} INFO - Processing /home/airflow/.local/lib/python3.7/site-packages/airflow/example_dags/example_task_group.py took 0.498 seconds
[2023-05-17T13:39:37.358+0000] {processor.py:156} INFO - Started process (PID=546) to work on /home/airflow/.local/lib/python3.7/site-packages/airflow/example_dags/example_task_group.py
[2023-05-17T13:39:37.363+0000] {processor.py:799} INFO - Processing file /home/airflow/.local/lib/python3.7/site-packages/airflow/example_dags/example_task_group.py for tasks to queue
[2023-05-17T13:39:37.366+0000] {logging_mixin.py:149} INFO - [2023-05-17T13:39:37.366+0000] {dagbag.py:541} INFO - Filling up the DagBag from /home/airflow/.local/lib/python3.7/site-packages/airflow/example_dags/example_task_group.py
[2023-05-17T13:39:37.390+0000] {processor.py:809} INFO - DAG(s) dict_keys(['example_task_group']) retrieved from /home/airflow/.local/lib/python3.7/site-packages/airflow/example_dags/example_task_group.py
[2023-05-17T13:39:37.488+0000] {logging_mixin.py:149} INFO - [2023-05-17T13:39:37.488+0000] {dag.py:2726} INFO - Sync 1 DAGs
[2023-05-17T13:39:37.619+0000] {logging_mixin.py:149} INFO - [2023-05-17T13:39:37.618+0000] {dag.py:3490} INFO - Setting next_dagrun for example_task_group to 2023-05-16T13:39:37.618306+00:00, run_after=2023-05-17T13:39:37.618306+00:00
[2023-05-17T13:39:37.893+0000] {processor.py:178} INFO - Processing /home/airflow/.local/lib/python3.7/site-packages/airflow/example_dags/example_task_group.py took 0.546 seconds
[2023-05-17T13:40:08.327+0000] {processor.py:156} INFO - Started process (PID=603) to work on /home/airflow/.local/lib/python3.7/site-packages/airflow/example_dags/example_task_group.py
[2023-05-17T13:40:08.331+0000] {processor.py:799} INFO - Processing file /home/airflow/.local/lib/python3.7/site-packages/airflow/example_dags/example_task_group.py for tasks to queue
[2023-05-17T13:40:08.333+0000] {logging_mixin.py:149} INFO - [2023-05-17T13:40:08.332+0000] {dagbag.py:541} INFO - Filling up the DagBag from /home/airflow/.local/lib/python3.7/site-packages/airflow/example_dags/example_task_group.py
[2023-05-17T13:40:08.351+0000] {processor.py:809} INFO - DAG(s) dict_keys(['example_task_group']) retrieved from /home/airflow/.local/lib/python3.7/site-packages/airflow/example_dags/example_task_group.py
[2023-05-17T13:40:08.418+0000] {logging_mixin.py:149} INFO - [2023-05-17T13:40:08.418+0000] {dag.py:2726} INFO - Sync 1 DAGs
[2023-05-17T13:40:08.514+0000] {logging_mixin.py:149} INFO - [2023-05-17T13:40:08.513+0000] {dag.py:3490} INFO - Setting next_dagrun for example_task_group to 2023-05-16T13:40:08.513238+00:00, run_after=2023-05-17T13:40:08.513238+00:00
[2023-05-17T13:40:08.649+0000] {processor.py:178} INFO - Processing /home/airflow/.local/lib/python3.7/site-packages/airflow/example_dags/example_task_group.py took 0.334 seconds
