[2023-05-17T13:06:42.448+0000] {processor.py:156} INFO - Started process (PID=162) to work on /home/airflow/.local/lib/python3.7/site-packages/airflow/example_dags/example_sensor_decorator.py
[2023-05-17T13:06:43.281+0000] {processor.py:799} INFO - Processing file /home/airflow/.local/lib/python3.7/site-packages/airflow/example_dags/example_sensor_decorator.py for tasks to queue
[2023-05-17T13:06:43.358+0000] {logging_mixin.py:149} INFO - [2023-05-17T13:06:43.358+0000] {dagbag.py:541} INFO - Filling up the DagBag from /home/airflow/.local/lib/python3.7/site-packages/airflow/example_dags/example_sensor_decorator.py
[2023-05-17T13:06:46.944+0000] {processor.py:809} INFO - DAG(s) dict_keys(['example_sensor_decorator']) retrieved from /home/airflow/.local/lib/python3.7/site-packages/airflow/example_dags/example_sensor_decorator.py
[2023-05-17T13:06:55.262+0000] {logging_mixin.py:149} INFO - [2023-05-17T13:06:55.261+0000] {manager.py:504} INFO - Created Permission View: can read on DAG:example_sensor_decorator
[2023-05-17T13:06:55.925+0000] {logging_mixin.py:149} INFO - [2023-05-17T13:06:55.924+0000] {manager.py:504} INFO - Created Permission View: can edit on DAG:example_sensor_decorator
[2023-05-17T13:06:56.574+0000] {logging_mixin.py:149} INFO - [2023-05-17T13:06:56.573+0000] {manager.py:504} INFO - Created Permission View: can delete on DAG:example_sensor_decorator
[2023-05-17T13:06:56.602+0000] {logging_mixin.py:149} INFO - [2023-05-17T13:06:56.602+0000] {dag.py:2726} INFO - Sync 1 DAGs
[2023-05-17T13:06:57.140+0000] {logging_mixin.py:149} INFO - [2023-05-17T13:06:57.140+0000] {dag.py:2747} INFO - Creating ORM DAG for example_sensor_decorator
[2023-05-17T13:06:57.227+0000] {logging_mixin.py:149} INFO - [2023-05-17T13:06:57.227+0000] {dag.py:3490} INFO - Setting next_dagrun for example_sensor_decorator to None, run_after=None
[2023-05-17T13:07:00.566+0000] {processor.py:178} INFO - Processing /home/airflow/.local/lib/python3.7/site-packages/airflow/example_dags/example_sensor_decorator.py took 23.032 seconds
[2023-05-17T13:09:13.801+0000] {processor.py:156} INFO - Started process (PID=239) to work on /home/airflow/.local/lib/python3.7/site-packages/airflow/example_dags/example_sensor_decorator.py
[2023-05-17T13:09:13.804+0000] {processor.py:799} INFO - Processing file /home/airflow/.local/lib/python3.7/site-packages/airflow/example_dags/example_sensor_decorator.py for tasks to queue
[2023-05-17T13:09:13.806+0000] {logging_mixin.py:149} INFO - [2023-05-17T13:09:13.806+0000] {dagbag.py:541} INFO - Filling up the DagBag from /home/airflow/.local/lib/python3.7/site-packages/airflow/example_dags/example_sensor_decorator.py
[2023-05-17T13:09:14.338+0000] {processor.py:809} INFO - DAG(s) dict_keys(['example_sensor_decorator']) retrieved from /home/airflow/.local/lib/python3.7/site-packages/airflow/example_dags/example_sensor_decorator.py
[2023-05-17T13:09:14.404+0000] {logging_mixin.py:149} INFO - [2023-05-17T13:09:14.404+0000] {dag.py:2726} INFO - Sync 1 DAGs
[2023-05-17T13:09:14.492+0000] {logging_mixin.py:149} INFO - [2023-05-17T13:09:14.492+0000] {dag.py:3490} INFO - Setting next_dagrun for example_sensor_decorator to None, run_after=None
[2023-05-17T13:09:14.719+0000] {processor.py:178} INFO - Processing /home/airflow/.local/lib/python3.7/site-packages/airflow/example_dags/example_sensor_decorator.py took 0.925 seconds
[2023-05-17T13:09:46.119+0000] {processor.py:156} INFO - Started process (PID=296) to work on /home/airflow/.local/lib/python3.7/site-packages/airflow/example_dags/example_sensor_decorator.py
[2023-05-17T13:09:46.122+0000] {processor.py:799} INFO - Processing file /home/airflow/.local/lib/python3.7/site-packages/airflow/example_dags/example_sensor_decorator.py for tasks to queue
[2023-05-17T13:09:46.128+0000] {logging_mixin.py:149} INFO - [2023-05-17T13:09:46.127+0000] {dagbag.py:541} INFO - Filling up the DagBag from /home/airflow/.local/lib/python3.7/site-packages/airflow/example_dags/example_sensor_decorator.py
[2023-05-17T13:09:46.146+0000] {processor.py:809} INFO - DAG(s) dict_keys(['example_sensor_decorator']) retrieved from /home/airflow/.local/lib/python3.7/site-packages/airflow/example_dags/example_sensor_decorator.py
[2023-05-17T13:09:46.204+0000] {logging_mixin.py:149} INFO - [2023-05-17T13:09:46.204+0000] {dag.py:2726} INFO - Sync 1 DAGs
[2023-05-17T13:09:46.273+0000] {logging_mixin.py:149} INFO - [2023-05-17T13:09:46.273+0000] {dag.py:3490} INFO - Setting next_dagrun for example_sensor_decorator to None, run_after=None
[2023-05-17T13:09:46.448+0000] {processor.py:178} INFO - Processing /home/airflow/.local/lib/python3.7/site-packages/airflow/example_dags/example_sensor_decorator.py took 0.342 seconds
[2023-05-17T13:10:22.244+0000] {processor.py:156} INFO - Started process (PID=350) to work on /home/airflow/.local/lib/python3.7/site-packages/airflow/example_dags/example_sensor_decorator.py
[2023-05-17T13:10:22.253+0000] {processor.py:799} INFO - Processing file /home/airflow/.local/lib/python3.7/site-packages/airflow/example_dags/example_sensor_decorator.py for tasks to queue
[2023-05-17T13:10:22.256+0000] {logging_mixin.py:149} INFO - [2023-05-17T13:10:22.256+0000] {dagbag.py:541} INFO - Filling up the DagBag from /home/airflow/.local/lib/python3.7/site-packages/airflow/example_dags/example_sensor_decorator.py
[2023-05-17T13:10:22.277+0000] {processor.py:809} INFO - DAG(s) dict_keys(['example_sensor_decorator']) retrieved from /home/airflow/.local/lib/python3.7/site-packages/airflow/example_dags/example_sensor_decorator.py
[2023-05-17T13:10:22.423+0000] {logging_mixin.py:149} INFO - [2023-05-17T13:10:22.422+0000] {dag.py:2726} INFO - Sync 1 DAGs
[2023-05-17T13:10:22.586+0000] {logging_mixin.py:149} INFO - [2023-05-17T13:10:22.585+0000] {dag.py:3490} INFO - Setting next_dagrun for example_sensor_decorator to None, run_after=None
[2023-05-17T13:10:22.872+0000] {processor.py:178} INFO - Processing /home/airflow/.local/lib/python3.7/site-packages/airflow/example_dags/example_sensor_decorator.py took 0.644 seconds
[2023-05-17T13:11:04.938+0000] {processor.py:156} INFO - Started process (PID=413) to work on /home/airflow/.local/lib/python3.7/site-packages/airflow/example_dags/example_sensor_decorator.py
[2023-05-17T13:11:04.954+0000] {processor.py:799} INFO - Processing file /home/airflow/.local/lib/python3.7/site-packages/airflow/example_dags/example_sensor_decorator.py for tasks to queue
[2023-05-17T13:11:04.959+0000] {logging_mixin.py:149} INFO - [2023-05-17T13:11:04.958+0000] {dagbag.py:541} INFO - Filling up the DagBag from /home/airflow/.local/lib/python3.7/site-packages/airflow/example_dags/example_sensor_decorator.py
[2023-05-17T13:11:04.985+0000] {processor.py:809} INFO - DAG(s) dict_keys(['example_sensor_decorator']) retrieved from /home/airflow/.local/lib/python3.7/site-packages/airflow/example_dags/example_sensor_decorator.py
[2023-05-17T13:11:05.073+0000] {logging_mixin.py:149} INFO - [2023-05-17T13:11:05.073+0000] {dag.py:2726} INFO - Sync 1 DAGs
[2023-05-17T13:11:05.163+0000] {logging_mixin.py:149} INFO - [2023-05-17T13:11:05.163+0000] {dag.py:3490} INFO - Setting next_dagrun for example_sensor_decorator to None, run_after=None
[2023-05-17T13:11:05.387+0000] {processor.py:178} INFO - Processing /home/airflow/.local/lib/python3.7/site-packages/airflow/example_dags/example_sensor_decorator.py took 0.464 seconds
[2023-05-17T13:11:36.222+0000] {processor.py:156} INFO - Started process (PID=466) to work on /home/airflow/.local/lib/python3.7/site-packages/airflow/example_dags/example_sensor_decorator.py
[2023-05-17T13:11:36.225+0000] {processor.py:799} INFO - Processing file /home/airflow/.local/lib/python3.7/site-packages/airflow/example_dags/example_sensor_decorator.py for tasks to queue
[2023-05-17T13:11:36.229+0000] {logging_mixin.py:149} INFO - [2023-05-17T13:11:36.228+0000] {dagbag.py:541} INFO - Filling up the DagBag from /home/airflow/.local/lib/python3.7/site-packages/airflow/example_dags/example_sensor_decorator.py
[2023-05-17T13:11:36.248+0000] {processor.py:809} INFO - DAG(s) dict_keys(['example_sensor_decorator']) retrieved from /home/airflow/.local/lib/python3.7/site-packages/airflow/example_dags/example_sensor_decorator.py
[2023-05-17T13:11:36.317+0000] {logging_mixin.py:149} INFO - [2023-05-17T13:11:36.316+0000] {dag.py:2726} INFO - Sync 1 DAGs
[2023-05-17T13:11:36.404+0000] {logging_mixin.py:149} INFO - [2023-05-17T13:11:36.404+0000] {dag.py:3490} INFO - Setting next_dagrun for example_sensor_decorator to None, run_after=None
[2023-05-17T13:11:37.276+0000] {processor.py:178} INFO - Processing /home/airflow/.local/lib/python3.7/site-packages/airflow/example_dags/example_sensor_decorator.py took 1.074 seconds
[2023-05-17T13:12:07.765+0000] {processor.py:156} INFO - Started process (PID=524) to work on /home/airflow/.local/lib/python3.7/site-packages/airflow/example_dags/example_sensor_decorator.py
[2023-05-17T13:12:07.769+0000] {processor.py:799} INFO - Processing file /home/airflow/.local/lib/python3.7/site-packages/airflow/example_dags/example_sensor_decorator.py for tasks to queue
[2023-05-17T13:12:07.781+0000] {logging_mixin.py:149} INFO - [2023-05-17T13:12:07.773+0000] {dagbag.py:541} INFO - Filling up the DagBag from /home/airflow/.local/lib/python3.7/site-packages/airflow/example_dags/example_sensor_decorator.py
[2023-05-17T13:12:07.818+0000] {processor.py:809} INFO - DAG(s) dict_keys(['example_sensor_decorator']) retrieved from /home/airflow/.local/lib/python3.7/site-packages/airflow/example_dags/example_sensor_decorator.py
[2023-05-17T13:12:07.906+0000] {logging_mixin.py:149} INFO - [2023-05-17T13:12:07.905+0000] {dag.py:2726} INFO - Sync 1 DAGs
[2023-05-17T13:12:08.012+0000] {logging_mixin.py:149} INFO - [2023-05-17T13:12:08.012+0000] {dag.py:3490} INFO - Setting next_dagrun for example_sensor_decorator to None, run_after=None
[2023-05-17T13:12:08.285+0000] {processor.py:178} INFO - Processing /home/airflow/.local/lib/python3.7/site-packages/airflow/example_dags/example_sensor_decorator.py took 0.536 seconds
[2023-05-17T13:12:48.882+0000] {processor.py:156} INFO - Started process (PID=586) to work on /home/airflow/.local/lib/python3.7/site-packages/airflow/example_dags/example_sensor_decorator.py
[2023-05-17T13:12:48.888+0000] {processor.py:799} INFO - Processing file /home/airflow/.local/lib/python3.7/site-packages/airflow/example_dags/example_sensor_decorator.py for tasks to queue
[2023-05-17T13:12:48.891+0000] {logging_mixin.py:149} INFO - [2023-05-17T13:12:48.890+0000] {dagbag.py:541} INFO - Filling up the DagBag from /home/airflow/.local/lib/python3.7/site-packages/airflow/example_dags/example_sensor_decorator.py
[2023-05-17T13:12:48.964+0000] {processor.py:809} INFO - DAG(s) dict_keys(['example_sensor_decorator']) retrieved from /home/airflow/.local/lib/python3.7/site-packages/airflow/example_dags/example_sensor_decorator.py
[2023-05-17T13:12:49.092+0000] {logging_mixin.py:149} INFO - [2023-05-17T13:12:49.091+0000] {dag.py:2726} INFO - Sync 1 DAGs
[2023-05-17T13:12:49.870+0000] {logging_mixin.py:149} INFO - [2023-05-17T13:12:49.869+0000] {dag.py:3490} INFO - Setting next_dagrun for example_sensor_decorator to None, run_after=None
[2023-05-17T13:12:50.177+0000] {processor.py:178} INFO - Processing /home/airflow/.local/lib/python3.7/site-packages/airflow/example_dags/example_sensor_decorator.py took 1.304 seconds
[2023-05-17T13:13:30.263+0000] {processor.py:156} INFO - Started process (PID=644) to work on /home/airflow/.local/lib/python3.7/site-packages/airflow/example_dags/example_sensor_decorator.py
[2023-05-17T13:13:30.265+0000] {processor.py:799} INFO - Processing file /home/airflow/.local/lib/python3.7/site-packages/airflow/example_dags/example_sensor_decorator.py for tasks to queue
[2023-05-17T13:13:30.268+0000] {logging_mixin.py:149} INFO - [2023-05-17T13:13:30.267+0000] {dagbag.py:541} INFO - Filling up the DagBag from /home/airflow/.local/lib/python3.7/site-packages/airflow/example_dags/example_sensor_decorator.py
[2023-05-17T13:13:30.278+0000] {processor.py:809} INFO - DAG(s) dict_keys(['example_sensor_decorator']) retrieved from /home/airflow/.local/lib/python3.7/site-packages/airflow/example_dags/example_sensor_decorator.py
[2023-05-17T13:13:30.333+0000] {logging_mixin.py:149} INFO - [2023-05-17T13:13:30.332+0000] {dag.py:2726} INFO - Sync 1 DAGs
[2023-05-17T13:13:30.402+0000] {logging_mixin.py:149} INFO - [2023-05-17T13:13:30.402+0000] {dag.py:3490} INFO - Setting next_dagrun for example_sensor_decorator to None, run_after=None
[2023-05-17T13:13:30.740+0000] {processor.py:178} INFO - Processing /home/airflow/.local/lib/python3.7/site-packages/airflow/example_dags/example_sensor_decorator.py took 0.483 seconds
[2023-05-17T13:14:00.917+0000] {processor.py:156} INFO - Started process (PID=703) to work on /home/airflow/.local/lib/python3.7/site-packages/airflow/example_dags/example_sensor_decorator.py
[2023-05-17T13:14:00.923+0000] {processor.py:799} INFO - Processing file /home/airflow/.local/lib/python3.7/site-packages/airflow/example_dags/example_sensor_decorator.py for tasks to queue
[2023-05-17T13:14:00.925+0000] {logging_mixin.py:149} INFO - [2023-05-17T13:14:00.925+0000] {dagbag.py:541} INFO - Filling up the DagBag from /home/airflow/.local/lib/python3.7/site-packages/airflow/example_dags/example_sensor_decorator.py
[2023-05-17T13:14:00.943+0000] {processor.py:809} INFO - DAG(s) dict_keys(['example_sensor_decorator']) retrieved from /home/airflow/.local/lib/python3.7/site-packages/airflow/example_dags/example_sensor_decorator.py
[2023-05-17T13:14:01.022+0000] {logging_mixin.py:149} INFO - [2023-05-17T13:14:01.022+0000] {dag.py:2726} INFO - Sync 1 DAGs
[2023-05-17T13:14:01.102+0000] {logging_mixin.py:149} INFO - [2023-05-17T13:14:01.101+0000] {dag.py:3490} INFO - Setting next_dagrun for example_sensor_decorator to None, run_after=None
[2023-05-17T13:14:01.246+0000] {processor.py:178} INFO - Processing /home/airflow/.local/lib/python3.7/site-packages/airflow/example_dags/example_sensor_decorator.py took 0.337 seconds
[2023-05-17T13:15:15.994+0000] {processor.py:156} INFO - Started process (PID=766) to work on /home/airflow/.local/lib/python3.7/site-packages/airflow/example_dags/example_sensor_decorator.py
[2023-05-17T13:15:15.996+0000] {processor.py:799} INFO - Processing file /home/airflow/.local/lib/python3.7/site-packages/airflow/example_dags/example_sensor_decorator.py for tasks to queue
[2023-05-17T13:15:15.999+0000] {logging_mixin.py:149} INFO - [2023-05-17T13:15:15.999+0000] {dagbag.py:541} INFO - Filling up the DagBag from /home/airflow/.local/lib/python3.7/site-packages/airflow/example_dags/example_sensor_decorator.py
[2023-05-17T13:15:16.013+0000] {processor.py:809} INFO - DAG(s) dict_keys(['example_sensor_decorator']) retrieved from /home/airflow/.local/lib/python3.7/site-packages/airflow/example_dags/example_sensor_decorator.py
[2023-05-17T13:15:16.079+0000] {logging_mixin.py:149} INFO - [2023-05-17T13:15:16.078+0000] {dag.py:2726} INFO - Sync 1 DAGs
[2023-05-17T13:15:16.147+0000] {logging_mixin.py:149} INFO - [2023-05-17T13:15:16.146+0000] {dag.py:3490} INFO - Setting next_dagrun for example_sensor_decorator to None, run_after=None
[2023-05-17T13:15:16.545+0000] {processor.py:178} INFO - Processing /home/airflow/.local/lib/python3.7/site-packages/airflow/example_dags/example_sensor_decorator.py took 0.560 seconds
[2023-05-17T13:15:47.273+0000] {processor.py:156} INFO - Started process (PID=824) to work on /home/airflow/.local/lib/python3.7/site-packages/airflow/example_dags/example_sensor_decorator.py
[2023-05-17T13:15:47.282+0000] {processor.py:799} INFO - Processing file /home/airflow/.local/lib/python3.7/site-packages/airflow/example_dags/example_sensor_decorator.py for tasks to queue
[2023-05-17T13:15:47.286+0000] {logging_mixin.py:149} INFO - [2023-05-17T13:15:47.285+0000] {dagbag.py:541} INFO - Filling up the DagBag from /home/airflow/.local/lib/python3.7/site-packages/airflow/example_dags/example_sensor_decorator.py
[2023-05-17T13:15:47.310+0000] {processor.py:809} INFO - DAG(s) dict_keys(['example_sensor_decorator']) retrieved from /home/airflow/.local/lib/python3.7/site-packages/airflow/example_dags/example_sensor_decorator.py
[2023-05-17T13:15:47.417+0000] {logging_mixin.py:149} INFO - [2023-05-17T13:15:47.417+0000] {dag.py:2726} INFO - Sync 1 DAGs
[2023-05-17T13:15:47.620+0000] {logging_mixin.py:149} INFO - [2023-05-17T13:15:47.619+0000] {dag.py:3490} INFO - Setting next_dagrun for example_sensor_decorator to None, run_after=None
[2023-05-17T13:15:47.876+0000] {processor.py:178} INFO - Processing /home/airflow/.local/lib/python3.7/site-packages/airflow/example_dags/example_sensor_decorator.py took 0.621 seconds
[2023-05-17T13:16:18.399+0000] {processor.py:156} INFO - Started process (PID=882) to work on /home/airflow/.local/lib/python3.7/site-packages/airflow/example_dags/example_sensor_decorator.py
[2023-05-17T13:16:18.401+0000] {processor.py:799} INFO - Processing file /home/airflow/.local/lib/python3.7/site-packages/airflow/example_dags/example_sensor_decorator.py for tasks to queue
[2023-05-17T13:16:18.403+0000] {logging_mixin.py:149} INFO - [2023-05-17T13:16:18.403+0000] {dagbag.py:541} INFO - Filling up the DagBag from /home/airflow/.local/lib/python3.7/site-packages/airflow/example_dags/example_sensor_decorator.py
[2023-05-17T13:16:18.419+0000] {processor.py:809} INFO - DAG(s) dict_keys(['example_sensor_decorator']) retrieved from /home/airflow/.local/lib/python3.7/site-packages/airflow/example_dags/example_sensor_decorator.py
[2023-05-17T13:16:18.485+0000] {logging_mixin.py:149} INFO - [2023-05-17T13:16:18.485+0000] {dag.py:2726} INFO - Sync 1 DAGs
[2023-05-17T13:16:18.561+0000] {logging_mixin.py:149} INFO - [2023-05-17T13:16:18.561+0000] {dag.py:3490} INFO - Setting next_dagrun for example_sensor_decorator to None, run_after=None
[2023-05-17T13:16:18.709+0000] {processor.py:178} INFO - Processing /home/airflow/.local/lib/python3.7/site-packages/airflow/example_dags/example_sensor_decorator.py took 0.319 seconds
[2023-05-17T13:16:49.155+0000] {processor.py:156} INFO - Started process (PID=940) to work on /home/airflow/.local/lib/python3.7/site-packages/airflow/example_dags/example_sensor_decorator.py
[2023-05-17T13:16:49.158+0000] {processor.py:799} INFO - Processing file /home/airflow/.local/lib/python3.7/site-packages/airflow/example_dags/example_sensor_decorator.py for tasks to queue
[2023-05-17T13:16:49.164+0000] {logging_mixin.py:149} INFO - [2023-05-17T13:16:49.164+0000] {dagbag.py:541} INFO - Filling up the DagBag from /home/airflow/.local/lib/python3.7/site-packages/airflow/example_dags/example_sensor_decorator.py
[2023-05-17T13:16:49.181+0000] {processor.py:809} INFO - DAG(s) dict_keys(['example_sensor_decorator']) retrieved from /home/airflow/.local/lib/python3.7/site-packages/airflow/example_dags/example_sensor_decorator.py
[2023-05-17T13:16:49.250+0000] {logging_mixin.py:149} INFO - [2023-05-17T13:16:49.249+0000] {dag.py:2726} INFO - Sync 1 DAGs
[2023-05-17T13:16:49.337+0000] {logging_mixin.py:149} INFO - [2023-05-17T13:16:49.337+0000] {dag.py:3490} INFO - Setting next_dagrun for example_sensor_decorator to None, run_after=None
[2023-05-17T13:16:49.468+0000] {processor.py:178} INFO - Processing /home/airflow/.local/lib/python3.7/site-packages/airflow/example_dags/example_sensor_decorator.py took 0.319 seconds
[2023-05-17T13:17:24.906+0000] {processor.py:156} INFO - Started process (PID=1005) to work on /home/airflow/.local/lib/python3.7/site-packages/airflow/example_dags/example_sensor_decorator.py
[2023-05-17T13:17:24.908+0000] {processor.py:799} INFO - Processing file /home/airflow/.local/lib/python3.7/site-packages/airflow/example_dags/example_sensor_decorator.py for tasks to queue
[2023-05-17T13:17:24.911+0000] {logging_mixin.py:149} INFO - [2023-05-17T13:17:24.910+0000] {dagbag.py:541} INFO - Filling up the DagBag from /home/airflow/.local/lib/python3.7/site-packages/airflow/example_dags/example_sensor_decorator.py
[2023-05-17T13:17:24.926+0000] {processor.py:809} INFO - DAG(s) dict_keys(['example_sensor_decorator']) retrieved from /home/airflow/.local/lib/python3.7/site-packages/airflow/example_dags/example_sensor_decorator.py
[2023-05-17T13:17:25.013+0000] {logging_mixin.py:149} INFO - [2023-05-17T13:17:25.013+0000] {dag.py:2726} INFO - Sync 1 DAGs
[2023-05-17T13:17:25.068+0000] {logging_mixin.py:149} INFO - [2023-05-17T13:17:25.067+0000] {dag.py:3490} INFO - Setting next_dagrun for example_sensor_decorator to None, run_after=None
[2023-05-17T13:17:25.406+0000] {processor.py:178} INFO - Processing /home/airflow/.local/lib/python3.7/site-packages/airflow/example_dags/example_sensor_decorator.py took 0.511 seconds
[2023-05-17T13:18:16.239+0000] {processor.py:156} INFO - Started process (PID=1060) to work on /home/airflow/.local/lib/python3.7/site-packages/airflow/example_dags/example_sensor_decorator.py
[2023-05-17T13:18:16.241+0000] {processor.py:799} INFO - Processing file /home/airflow/.local/lib/python3.7/site-packages/airflow/example_dags/example_sensor_decorator.py for tasks to queue
[2023-05-17T13:18:16.243+0000] {logging_mixin.py:149} INFO - [2023-05-17T13:18:16.243+0000] {dagbag.py:541} INFO - Filling up the DagBag from /home/airflow/.local/lib/python3.7/site-packages/airflow/example_dags/example_sensor_decorator.py
[2023-05-17T13:18:16.256+0000] {processor.py:809} INFO - DAG(s) dict_keys(['example_sensor_decorator']) retrieved from /home/airflow/.local/lib/python3.7/site-packages/airflow/example_dags/example_sensor_decorator.py
[2023-05-17T13:18:16.323+0000] {logging_mixin.py:149} INFO - [2023-05-17T13:18:16.323+0000] {dag.py:2726} INFO - Sync 1 DAGs
[2023-05-17T13:18:16.386+0000] {logging_mixin.py:149} INFO - [2023-05-17T13:18:16.386+0000] {dag.py:3490} INFO - Setting next_dagrun for example_sensor_decorator to None, run_after=None
[2023-05-17T13:18:18.845+0000] {processor.py:178} INFO - Processing /home/airflow/.local/lib/python3.7/site-packages/airflow/example_dags/example_sensor_decorator.py took 2.613 seconds
[2023-05-17T13:18:52.974+0000] {processor.py:156} INFO - Started process (PID=1116) to work on /home/airflow/.local/lib/python3.7/site-packages/airflow/example_dags/example_sensor_decorator.py
[2023-05-17T13:18:52.977+0000] {processor.py:799} INFO - Processing file /home/airflow/.local/lib/python3.7/site-packages/airflow/example_dags/example_sensor_decorator.py for tasks to queue
[2023-05-17T13:18:52.981+0000] {logging_mixin.py:149} INFO - [2023-05-17T13:18:52.980+0000] {dagbag.py:541} INFO - Filling up the DagBag from /home/airflow/.local/lib/python3.7/site-packages/airflow/example_dags/example_sensor_decorator.py
[2023-05-17T13:18:53.000+0000] {processor.py:809} INFO - DAG(s) dict_keys(['example_sensor_decorator']) retrieved from /home/airflow/.local/lib/python3.7/site-packages/airflow/example_dags/example_sensor_decorator.py
[2023-05-17T13:18:53.090+0000] {logging_mixin.py:149} INFO - [2023-05-17T13:18:53.090+0000] {dag.py:2726} INFO - Sync 1 DAGs
[2023-05-17T13:18:53.221+0000] {logging_mixin.py:149} INFO - [2023-05-17T13:18:53.221+0000] {dag.py:3490} INFO - Setting next_dagrun for example_sensor_decorator to None, run_after=None
[2023-05-17T13:18:53.480+0000] {processor.py:178} INFO - Processing /home/airflow/.local/lib/python3.7/site-packages/airflow/example_dags/example_sensor_decorator.py took 0.519 seconds
[2023-05-17T13:19:26.827+0000] {processor.py:156} INFO - Started process (PID=1175) to work on /home/airflow/.local/lib/python3.7/site-packages/airflow/example_dags/example_sensor_decorator.py
[2023-05-17T13:19:26.835+0000] {processor.py:799} INFO - Processing file /home/airflow/.local/lib/python3.7/site-packages/airflow/example_dags/example_sensor_decorator.py for tasks to queue
[2023-05-17T13:19:26.838+0000] {logging_mixin.py:149} INFO - [2023-05-17T13:19:26.838+0000] {dagbag.py:541} INFO - Filling up the DagBag from /home/airflow/.local/lib/python3.7/site-packages/airflow/example_dags/example_sensor_decorator.py
[2023-05-17T13:19:26.852+0000] {processor.py:809} INFO - DAG(s) dict_keys(['example_sensor_decorator']) retrieved from /home/airflow/.local/lib/python3.7/site-packages/airflow/example_dags/example_sensor_decorator.py
[2023-05-17T13:19:26.903+0000] {logging_mixin.py:149} INFO - [2023-05-17T13:19:26.903+0000] {dag.py:2726} INFO - Sync 1 DAGs
[2023-05-17T13:19:26.962+0000] {logging_mixin.py:149} INFO - [2023-05-17T13:19:26.962+0000] {dag.py:3490} INFO - Setting next_dagrun for example_sensor_decorator to None, run_after=None
[2023-05-17T13:19:27.147+0000] {processor.py:178} INFO - Processing /home/airflow/.local/lib/python3.7/site-packages/airflow/example_dags/example_sensor_decorator.py took 0.328 seconds
[2023-05-17T13:20:00.495+0000] {processor.py:156} INFO - Started process (PID=1233) to work on /home/airflow/.local/lib/python3.7/site-packages/airflow/example_dags/example_sensor_decorator.py
[2023-05-17T13:20:00.498+0000] {processor.py:799} INFO - Processing file /home/airflow/.local/lib/python3.7/site-packages/airflow/example_dags/example_sensor_decorator.py for tasks to queue
[2023-05-17T13:20:00.502+0000] {logging_mixin.py:149} INFO - [2023-05-17T13:20:00.501+0000] {dagbag.py:541} INFO - Filling up the DagBag from /home/airflow/.local/lib/python3.7/site-packages/airflow/example_dags/example_sensor_decorator.py
[2023-05-17T13:20:00.524+0000] {processor.py:809} INFO - DAG(s) dict_keys(['example_sensor_decorator']) retrieved from /home/airflow/.local/lib/python3.7/site-packages/airflow/example_dags/example_sensor_decorator.py
[2023-05-17T13:20:00.626+0000] {logging_mixin.py:149} INFO - [2023-05-17T13:20:00.626+0000] {dag.py:2726} INFO - Sync 1 DAGs
[2023-05-17T13:20:00.804+0000] {logging_mixin.py:149} INFO - [2023-05-17T13:20:00.804+0000] {dag.py:3490} INFO - Setting next_dagrun for example_sensor_decorator to None, run_after=None
[2023-05-17T13:20:01.825+0000] {processor.py:178} INFO - Processing /home/airflow/.local/lib/python3.7/site-packages/airflow/example_dags/example_sensor_decorator.py took 1.345 seconds
[2023-05-17T13:20:32.308+0000] {processor.py:156} INFO - Started process (PID=1292) to work on /home/airflow/.local/lib/python3.7/site-packages/airflow/example_dags/example_sensor_decorator.py
[2023-05-17T13:20:32.310+0000] {processor.py:799} INFO - Processing file /home/airflow/.local/lib/python3.7/site-packages/airflow/example_dags/example_sensor_decorator.py for tasks to queue
[2023-05-17T13:20:32.313+0000] {logging_mixin.py:149} INFO - [2023-05-17T13:20:32.312+0000] {dagbag.py:541} INFO - Filling up the DagBag from /home/airflow/.local/lib/python3.7/site-packages/airflow/example_dags/example_sensor_decorator.py
[2023-05-17T13:20:32.331+0000] {processor.py:809} INFO - DAG(s) dict_keys(['example_sensor_decorator']) retrieved from /home/airflow/.local/lib/python3.7/site-packages/airflow/example_dags/example_sensor_decorator.py
[2023-05-17T13:20:32.420+0000] {logging_mixin.py:149} INFO - [2023-05-17T13:20:32.420+0000] {dag.py:2726} INFO - Sync 1 DAGs
[2023-05-17T13:20:32.544+0000] {logging_mixin.py:149} INFO - [2023-05-17T13:20:32.543+0000] {dag.py:3490} INFO - Setting next_dagrun for example_sensor_decorator to None, run_after=None
[2023-05-17T13:20:33.074+0000] {processor.py:178} INFO - Processing /home/airflow/.local/lib/python3.7/site-packages/airflow/example_dags/example_sensor_decorator.py took 0.776 seconds
[2023-05-17T13:21:03.402+0000] {processor.py:156} INFO - Started process (PID=1350) to work on /home/airflow/.local/lib/python3.7/site-packages/airflow/example_dags/example_sensor_decorator.py
[2023-05-17T13:21:03.405+0000] {processor.py:799} INFO - Processing file /home/airflow/.local/lib/python3.7/site-packages/airflow/example_dags/example_sensor_decorator.py for tasks to queue
[2023-05-17T13:21:03.408+0000] {logging_mixin.py:149} INFO - [2023-05-17T13:21:03.408+0000] {dagbag.py:541} INFO - Filling up the DagBag from /home/airflow/.local/lib/python3.7/site-packages/airflow/example_dags/example_sensor_decorator.py
[2023-05-17T13:21:03.429+0000] {processor.py:809} INFO - DAG(s) dict_keys(['example_sensor_decorator']) retrieved from /home/airflow/.local/lib/python3.7/site-packages/airflow/example_dags/example_sensor_decorator.py
[2023-05-17T13:21:03.520+0000] {logging_mixin.py:149} INFO - [2023-05-17T13:21:03.519+0000] {dag.py:2726} INFO - Sync 1 DAGs
[2023-05-17T13:21:03.593+0000] {logging_mixin.py:149} INFO - [2023-05-17T13:21:03.593+0000] {dag.py:3490} INFO - Setting next_dagrun for example_sensor_decorator to None, run_after=None
[2023-05-17T13:21:03.868+0000] {processor.py:178} INFO - Processing /home/airflow/.local/lib/python3.7/site-packages/airflow/example_dags/example_sensor_decorator.py took 0.472 seconds
[2023-05-17T13:21:36.203+0000] {processor.py:156} INFO - Started process (PID=1408) to work on /home/airflow/.local/lib/python3.7/site-packages/airflow/example_dags/example_sensor_decorator.py
[2023-05-17T13:21:36.213+0000] {processor.py:799} INFO - Processing file /home/airflow/.local/lib/python3.7/site-packages/airflow/example_dags/example_sensor_decorator.py for tasks to queue
[2023-05-17T13:21:36.224+0000] {logging_mixin.py:149} INFO - [2023-05-17T13:21:36.223+0000] {dagbag.py:541} INFO - Filling up the DagBag from /home/airflow/.local/lib/python3.7/site-packages/airflow/example_dags/example_sensor_decorator.py
[2023-05-17T13:21:36.277+0000] {processor.py:809} INFO - DAG(s) dict_keys(['example_sensor_decorator']) retrieved from /home/airflow/.local/lib/python3.7/site-packages/airflow/example_dags/example_sensor_decorator.py
[2023-05-17T13:21:37.227+0000] {logging_mixin.py:149} INFO - [2023-05-17T13:21:37.226+0000] {dag.py:2726} INFO - Sync 1 DAGs
[2023-05-17T13:21:37.324+0000] {logging_mixin.py:149} INFO - [2023-05-17T13:21:37.324+0000] {dag.py:3490} INFO - Setting next_dagrun for example_sensor_decorator to None, run_after=None
[2023-05-17T13:21:38.058+0000] {processor.py:178} INFO - Processing /home/airflow/.local/lib/python3.7/site-packages/airflow/example_dags/example_sensor_decorator.py took 1.910 seconds
[2023-05-17T13:22:10.656+0000] {processor.py:156} INFO - Started process (PID=1462) to work on /home/airflow/.local/lib/python3.7/site-packages/airflow/example_dags/example_sensor_decorator.py
[2023-05-17T13:22:10.677+0000] {processor.py:799} INFO - Processing file /home/airflow/.local/lib/python3.7/site-packages/airflow/example_dags/example_sensor_decorator.py for tasks to queue
[2023-05-17T13:22:10.682+0000] {logging_mixin.py:149} INFO - [2023-05-17T13:22:10.681+0000] {dagbag.py:541} INFO - Filling up the DagBag from /home/airflow/.local/lib/python3.7/site-packages/airflow/example_dags/example_sensor_decorator.py
[2023-05-17T13:22:10.739+0000] {processor.py:809} INFO - DAG(s) dict_keys(['example_sensor_decorator']) retrieved from /home/airflow/.local/lib/python3.7/site-packages/airflow/example_dags/example_sensor_decorator.py
[2023-05-17T13:22:10.828+0000] {logging_mixin.py:149} INFO - [2023-05-17T13:22:10.828+0000] {dag.py:2726} INFO - Sync 1 DAGs
[2023-05-17T13:22:10.925+0000] {logging_mixin.py:149} INFO - [2023-05-17T13:22:10.925+0000] {dag.py:3490} INFO - Setting next_dagrun for example_sensor_decorator to None, run_after=None
[2023-05-17T13:22:11.185+0000] {processor.py:178} INFO - Processing /home/airflow/.local/lib/python3.7/site-packages/airflow/example_dags/example_sensor_decorator.py took 0.579 seconds
[2023-05-17T13:23:12.157+0000] {processor.py:156} INFO - Started process (PID=1530) to work on /home/airflow/.local/lib/python3.7/site-packages/airflow/example_dags/example_sensor_decorator.py
[2023-05-17T13:23:12.159+0000] {processor.py:799} INFO - Processing file /home/airflow/.local/lib/python3.7/site-packages/airflow/example_dags/example_sensor_decorator.py for tasks to queue
[2023-05-17T13:23:12.162+0000] {logging_mixin.py:149} INFO - [2023-05-17T13:23:12.161+0000] {dagbag.py:541} INFO - Filling up the DagBag from /home/airflow/.local/lib/python3.7/site-packages/airflow/example_dags/example_sensor_decorator.py
[2023-05-17T13:23:12.178+0000] {processor.py:809} INFO - DAG(s) dict_keys(['example_sensor_decorator']) retrieved from /home/airflow/.local/lib/python3.7/site-packages/airflow/example_dags/example_sensor_decorator.py
[2023-05-17T13:23:12.243+0000] {logging_mixin.py:149} INFO - [2023-05-17T13:23:12.242+0000] {dag.py:2726} INFO - Sync 1 DAGs
[2023-05-17T13:23:12.315+0000] {logging_mixin.py:149} INFO - [2023-05-17T13:23:12.315+0000] {dag.py:3490} INFO - Setting next_dagrun for example_sensor_decorator to None, run_after=None
[2023-05-17T13:23:13.045+0000] {processor.py:178} INFO - Processing /home/airflow/.local/lib/python3.7/site-packages/airflow/example_dags/example_sensor_decorator.py took 0.897 seconds
[2023-05-17T13:23:43.455+0000] {processor.py:156} INFO - Started process (PID=1587) to work on /home/airflow/.local/lib/python3.7/site-packages/airflow/example_dags/example_sensor_decorator.py
[2023-05-17T13:23:43.460+0000] {processor.py:799} INFO - Processing file /home/airflow/.local/lib/python3.7/site-packages/airflow/example_dags/example_sensor_decorator.py for tasks to queue
[2023-05-17T13:23:43.464+0000] {logging_mixin.py:149} INFO - [2023-05-17T13:23:43.464+0000] {dagbag.py:541} INFO - Filling up the DagBag from /home/airflow/.local/lib/python3.7/site-packages/airflow/example_dags/example_sensor_decorator.py
[2023-05-17T13:23:43.475+0000] {processor.py:809} INFO - DAG(s) dict_keys(['example_sensor_decorator']) retrieved from /home/airflow/.local/lib/python3.7/site-packages/airflow/example_dags/example_sensor_decorator.py
[2023-05-17T13:23:43.573+0000] {logging_mixin.py:149} INFO - [2023-05-17T13:23:43.573+0000] {dag.py:2726} INFO - Sync 1 DAGs
[2023-05-17T13:23:43.647+0000] {logging_mixin.py:149} INFO - [2023-05-17T13:23:43.646+0000] {dag.py:3490} INFO - Setting next_dagrun for example_sensor_decorator to None, run_after=None
[2023-05-17T13:23:43.834+0000] {processor.py:178} INFO - Processing /home/airflow/.local/lib/python3.7/site-packages/airflow/example_dags/example_sensor_decorator.py took 0.393 seconds
[2023-05-17T13:24:14.173+0000] {processor.py:156} INFO - Started process (PID=1646) to work on /home/airflow/.local/lib/python3.7/site-packages/airflow/example_dags/example_sensor_decorator.py
[2023-05-17T13:24:14.180+0000] {processor.py:799} INFO - Processing file /home/airflow/.local/lib/python3.7/site-packages/airflow/example_dags/example_sensor_decorator.py for tasks to queue
[2023-05-17T13:24:14.182+0000] {logging_mixin.py:149} INFO - [2023-05-17T13:24:14.181+0000] {dagbag.py:541} INFO - Filling up the DagBag from /home/airflow/.local/lib/python3.7/site-packages/airflow/example_dags/example_sensor_decorator.py
[2023-05-17T13:24:14.202+0000] {processor.py:809} INFO - DAG(s) dict_keys(['example_sensor_decorator']) retrieved from /home/airflow/.local/lib/python3.7/site-packages/airflow/example_dags/example_sensor_decorator.py
[2023-05-17T13:24:14.288+0000] {logging_mixin.py:149} INFO - [2023-05-17T13:24:14.287+0000] {dag.py:2726} INFO - Sync 1 DAGs
[2023-05-17T13:24:14.372+0000] {logging_mixin.py:149} INFO - [2023-05-17T13:24:14.372+0000] {dag.py:3490} INFO - Setting next_dagrun for example_sensor_decorator to None, run_after=None
[2023-05-17T13:24:14.553+0000] {processor.py:178} INFO - Processing /home/airflow/.local/lib/python3.7/site-packages/airflow/example_dags/example_sensor_decorator.py took 0.389 seconds
[2023-05-17T13:24:48.636+0000] {processor.py:156} INFO - Started process (PID=1705) to work on /home/airflow/.local/lib/python3.7/site-packages/airflow/example_dags/example_sensor_decorator.py
[2023-05-17T13:24:48.641+0000] {processor.py:799} INFO - Processing file /home/airflow/.local/lib/python3.7/site-packages/airflow/example_dags/example_sensor_decorator.py for tasks to queue
[2023-05-17T13:24:48.645+0000] {logging_mixin.py:149} INFO - [2023-05-17T13:24:48.645+0000] {dagbag.py:541} INFO - Filling up the DagBag from /home/airflow/.local/lib/python3.7/site-packages/airflow/example_dags/example_sensor_decorator.py
[2023-05-17T13:24:48.673+0000] {processor.py:809} INFO - DAG(s) dict_keys(['example_sensor_decorator']) retrieved from /home/airflow/.local/lib/python3.7/site-packages/airflow/example_dags/example_sensor_decorator.py
[2023-05-17T13:24:48.798+0000] {logging_mixin.py:149} INFO - [2023-05-17T13:24:48.798+0000] {dag.py:2726} INFO - Sync 1 DAGs
[2023-05-17T13:24:48.909+0000] {logging_mixin.py:149} INFO - [2023-05-17T13:24:48.908+0000] {dag.py:3490} INFO - Setting next_dagrun for example_sensor_decorator to None, run_after=None
[2023-05-17T13:24:49.158+0000] {processor.py:178} INFO - Processing /home/airflow/.local/lib/python3.7/site-packages/airflow/example_dags/example_sensor_decorator.py took 0.543 seconds
[2023-05-17T13:25:19.692+0000] {processor.py:156} INFO - Started process (PID=1763) to work on /home/airflow/.local/lib/python3.7/site-packages/airflow/example_dags/example_sensor_decorator.py
[2023-05-17T13:25:19.700+0000] {processor.py:799} INFO - Processing file /home/airflow/.local/lib/python3.7/site-packages/airflow/example_dags/example_sensor_decorator.py for tasks to queue
[2023-05-17T13:25:19.703+0000] {logging_mixin.py:149} INFO - [2023-05-17T13:25:19.702+0000] {dagbag.py:541} INFO - Filling up the DagBag from /home/airflow/.local/lib/python3.7/site-packages/airflow/example_dags/example_sensor_decorator.py
[2023-05-17T13:25:19.721+0000] {processor.py:809} INFO - DAG(s) dict_keys(['example_sensor_decorator']) retrieved from /home/airflow/.local/lib/python3.7/site-packages/airflow/example_dags/example_sensor_decorator.py
[2023-05-17T13:25:19.796+0000] {logging_mixin.py:149} INFO - [2023-05-17T13:25:19.795+0000] {dag.py:2726} INFO - Sync 1 DAGs
[2023-05-17T13:25:20.008+0000] {logging_mixin.py:149} INFO - [2023-05-17T13:25:20.008+0000] {dag.py:3490} INFO - Setting next_dagrun for example_sensor_decorator to None, run_after=None
[2023-05-17T13:25:20.336+0000] {processor.py:178} INFO - Processing /home/airflow/.local/lib/python3.7/site-packages/airflow/example_dags/example_sensor_decorator.py took 0.657 seconds
[2023-05-17T13:25:55.594+0000] {processor.py:156} INFO - Started process (PID=1823) to work on /home/airflow/.local/lib/python3.7/site-packages/airflow/example_dags/example_sensor_decorator.py
[2023-05-17T13:25:55.596+0000] {processor.py:799} INFO - Processing file /home/airflow/.local/lib/python3.7/site-packages/airflow/example_dags/example_sensor_decorator.py for tasks to queue
[2023-05-17T13:25:55.599+0000] {logging_mixin.py:149} INFO - [2023-05-17T13:25:55.598+0000] {dagbag.py:541} INFO - Filling up the DagBag from /home/airflow/.local/lib/python3.7/site-packages/airflow/example_dags/example_sensor_decorator.py
[2023-05-17T13:25:55.614+0000] {processor.py:809} INFO - DAG(s) dict_keys(['example_sensor_decorator']) retrieved from /home/airflow/.local/lib/python3.7/site-packages/airflow/example_dags/example_sensor_decorator.py
[2023-05-17T13:25:55.692+0000] {logging_mixin.py:149} INFO - [2023-05-17T13:25:55.691+0000] {dag.py:2726} INFO - Sync 1 DAGs
[2023-05-17T13:25:55.880+0000] {logging_mixin.py:149} INFO - [2023-05-17T13:25:55.879+0000] {dag.py:3490} INFO - Setting next_dagrun for example_sensor_decorator to None, run_after=None
[2023-05-17T13:25:56.132+0000] {processor.py:178} INFO - Processing /home/airflow/.local/lib/python3.7/site-packages/airflow/example_dags/example_sensor_decorator.py took 0.547 seconds
[2023-05-17T13:26:35.717+0000] {processor.py:156} INFO - Started process (PID=1882) to work on /home/airflow/.local/lib/python3.7/site-packages/airflow/example_dags/example_sensor_decorator.py
[2023-05-17T13:26:35.720+0000] {processor.py:799} INFO - Processing file /home/airflow/.local/lib/python3.7/site-packages/airflow/example_dags/example_sensor_decorator.py for tasks to queue
[2023-05-17T13:26:35.731+0000] {logging_mixin.py:149} INFO - [2023-05-17T13:26:35.728+0000] {dagbag.py:541} INFO - Filling up the DagBag from /home/airflow/.local/lib/python3.7/site-packages/airflow/example_dags/example_sensor_decorator.py
[2023-05-17T13:26:35.748+0000] {processor.py:809} INFO - DAG(s) dict_keys(['example_sensor_decorator']) retrieved from /home/airflow/.local/lib/python3.7/site-packages/airflow/example_dags/example_sensor_decorator.py
[2023-05-17T13:26:35.834+0000] {logging_mixin.py:149} INFO - [2023-05-17T13:26:35.833+0000] {dag.py:2726} INFO - Sync 1 DAGs
[2023-05-17T13:26:35.901+0000] {logging_mixin.py:149} INFO - [2023-05-17T13:26:35.900+0000] {dag.py:3490} INFO - Setting next_dagrun for example_sensor_decorator to None, run_after=None
[2023-05-17T13:26:36.372+0000] {processor.py:178} INFO - Processing /home/airflow/.local/lib/python3.7/site-packages/airflow/example_dags/example_sensor_decorator.py took 0.662 seconds
[2023-05-17T13:32:19.030+0000] {processor.py:156} INFO - Started process (PID=85) to work on /home/airflow/.local/lib/python3.7/site-packages/airflow/example_dags/example_sensor_decorator.py
[2023-05-17T13:32:19.222+0000] {processor.py:799} INFO - Processing file /home/airflow/.local/lib/python3.7/site-packages/airflow/example_dags/example_sensor_decorator.py for tasks to queue
[2023-05-17T13:32:19.228+0000] {logging_mixin.py:149} INFO - [2023-05-17T13:32:19.227+0000] {dagbag.py:541} INFO - Filling up the DagBag from /home/airflow/.local/lib/python3.7/site-packages/airflow/example_dags/example_sensor_decorator.py
[2023-05-17T13:32:19.242+0000] {processor.py:809} INFO - DAG(s) dict_keys(['example_sensor_decorator']) retrieved from /home/airflow/.local/lib/python3.7/site-packages/airflow/example_dags/example_sensor_decorator.py
[2023-05-17T13:32:19.305+0000] {logging_mixin.py:149} INFO - [2023-05-17T13:32:19.304+0000] {dag.py:2726} INFO - Sync 1 DAGs
[2023-05-17T13:32:19.368+0000] {logging_mixin.py:149} INFO - [2023-05-17T13:32:19.368+0000] {dag.py:3490} INFO - Setting next_dagrun for example_sensor_decorator to None, run_after=None
[2023-05-17T13:32:20.593+0000] {processor.py:178} INFO - Processing /home/airflow/.local/lib/python3.7/site-packages/airflow/example_dags/example_sensor_decorator.py took 1.575 seconds
[2023-05-17T13:34:16.059+0000] {processor.py:156} INFO - Started process (PID=148) to work on /home/airflow/.local/lib/python3.7/site-packages/airflow/example_dags/example_sensor_decorator.py
[2023-05-17T13:34:16.061+0000] {processor.py:799} INFO - Processing file /home/airflow/.local/lib/python3.7/site-packages/airflow/example_dags/example_sensor_decorator.py for tasks to queue
[2023-05-17T13:34:16.064+0000] {logging_mixin.py:149} INFO - [2023-05-17T13:34:16.063+0000] {dagbag.py:541} INFO - Filling up the DagBag from /home/airflow/.local/lib/python3.7/site-packages/airflow/example_dags/example_sensor_decorator.py
[2023-05-17T13:34:16.090+0000] {processor.py:809} INFO - DAG(s) dict_keys(['example_sensor_decorator']) retrieved from /home/airflow/.local/lib/python3.7/site-packages/airflow/example_dags/example_sensor_decorator.py
[2023-05-17T13:34:16.189+0000] {logging_mixin.py:149} INFO - [2023-05-17T13:34:16.189+0000] {dag.py:2726} INFO - Sync 1 DAGs
[2023-05-17T13:34:16.268+0000] {logging_mixin.py:149} INFO - [2023-05-17T13:34:16.268+0000] {dag.py:3490} INFO - Setting next_dagrun for example_sensor_decorator to None, run_after=None
[2023-05-17T13:34:16.900+0000] {processor.py:178} INFO - Processing /home/airflow/.local/lib/python3.7/site-packages/airflow/example_dags/example_sensor_decorator.py took 0.855 seconds
[2023-05-17T13:36:45.061+0000] {processor.py:156} INFO - Started process (PID=244) to work on /home/airflow/.local/lib/python3.7/site-packages/airflow/example_dags/example_sensor_decorator.py
[2023-05-17T13:36:45.064+0000] {processor.py:799} INFO - Processing file /home/airflow/.local/lib/python3.7/site-packages/airflow/example_dags/example_sensor_decorator.py for tasks to queue
[2023-05-17T13:36:45.065+0000] {logging_mixin.py:149} INFO - [2023-05-17T13:36:45.065+0000] {dagbag.py:541} INFO - Filling up the DagBag from /home/airflow/.local/lib/python3.7/site-packages/airflow/example_dags/example_sensor_decorator.py
[2023-05-17T13:36:45.077+0000] {processor.py:809} INFO - DAG(s) dict_keys(['example_sensor_decorator']) retrieved from /home/airflow/.local/lib/python3.7/site-packages/airflow/example_dags/example_sensor_decorator.py
[2023-05-17T13:36:45.135+0000] {logging_mixin.py:149} INFO - [2023-05-17T13:36:45.134+0000] {dag.py:2726} INFO - Sync 1 DAGs
[2023-05-17T13:36:45.203+0000] {logging_mixin.py:149} INFO - [2023-05-17T13:36:45.203+0000] {dag.py:3490} INFO - Setting next_dagrun for example_sensor_decorator to None, run_after=None
[2023-05-17T13:36:45.384+0000] {processor.py:178} INFO - Processing /home/airflow/.local/lib/python3.7/site-packages/airflow/example_dags/example_sensor_decorator.py took 0.330 seconds
[2023-05-17T13:37:26.450+0000] {processor.py:156} INFO - Started process (PID=309) to work on /home/airflow/.local/lib/python3.7/site-packages/airflow/example_dags/example_sensor_decorator.py
[2023-05-17T13:37:26.452+0000] {processor.py:799} INFO - Processing file /home/airflow/.local/lib/python3.7/site-packages/airflow/example_dags/example_sensor_decorator.py for tasks to queue
[2023-05-17T13:37:26.454+0000] {logging_mixin.py:149} INFO - [2023-05-17T13:37:26.454+0000] {dagbag.py:541} INFO - Filling up the DagBag from /home/airflow/.local/lib/python3.7/site-packages/airflow/example_dags/example_sensor_decorator.py
[2023-05-17T13:37:26.473+0000] {processor.py:809} INFO - DAG(s) dict_keys(['example_sensor_decorator']) retrieved from /home/airflow/.local/lib/python3.7/site-packages/airflow/example_dags/example_sensor_decorator.py
[2023-05-17T13:37:26.523+0000] {logging_mixin.py:149} INFO - [2023-05-17T13:37:26.523+0000] {dag.py:2726} INFO - Sync 1 DAGs
[2023-05-17T13:37:26.592+0000] {logging_mixin.py:149} INFO - [2023-05-17T13:37:26.592+0000] {dag.py:3490} INFO - Setting next_dagrun for example_sensor_decorator to None, run_after=None
[2023-05-17T13:37:26.730+0000] {processor.py:178} INFO - Processing /home/airflow/.local/lib/python3.7/site-packages/airflow/example_dags/example_sensor_decorator.py took 0.287 seconds
[2023-05-17T13:37:59.449+0000] {processor.py:156} INFO - Started process (PID=367) to work on /home/airflow/.local/lib/python3.7/site-packages/airflow/example_dags/example_sensor_decorator.py
[2023-05-17T13:37:59.456+0000] {processor.py:799} INFO - Processing file /home/airflow/.local/lib/python3.7/site-packages/airflow/example_dags/example_sensor_decorator.py for tasks to queue
[2023-05-17T13:37:59.458+0000] {logging_mixin.py:149} INFO - [2023-05-17T13:37:59.458+0000] {dagbag.py:541} INFO - Filling up the DagBag from /home/airflow/.local/lib/python3.7/site-packages/airflow/example_dags/example_sensor_decorator.py
[2023-05-17T13:37:59.476+0000] {processor.py:809} INFO - DAG(s) dict_keys(['example_sensor_decorator']) retrieved from /home/airflow/.local/lib/python3.7/site-packages/airflow/example_dags/example_sensor_decorator.py
[2023-05-17T13:37:59.567+0000] {logging_mixin.py:149} INFO - [2023-05-17T13:37:59.566+0000] {dag.py:2726} INFO - Sync 1 DAGs
[2023-05-17T13:37:59.658+0000] {logging_mixin.py:149} INFO - [2023-05-17T13:37:59.658+0000] {dag.py:3490} INFO - Setting next_dagrun for example_sensor_decorator to None, run_after=None
[2023-05-17T13:37:59.812+0000] {processor.py:178} INFO - Processing /home/airflow/.local/lib/python3.7/site-packages/airflow/example_dags/example_sensor_decorator.py took 0.373 seconds
[2023-05-17T13:38:30.396+0000] {processor.py:156} INFO - Started process (PID=420) to work on /home/airflow/.local/lib/python3.7/site-packages/airflow/example_dags/example_sensor_decorator.py
[2023-05-17T13:38:30.398+0000] {processor.py:799} INFO - Processing file /home/airflow/.local/lib/python3.7/site-packages/airflow/example_dags/example_sensor_decorator.py for tasks to queue
[2023-05-17T13:38:30.401+0000] {logging_mixin.py:149} INFO - [2023-05-17T13:38:30.400+0000] {dagbag.py:541} INFO - Filling up the DagBag from /home/airflow/.local/lib/python3.7/site-packages/airflow/example_dags/example_sensor_decorator.py
[2023-05-17T13:38:30.423+0000] {processor.py:809} INFO - DAG(s) dict_keys(['example_sensor_decorator']) retrieved from /home/airflow/.local/lib/python3.7/site-packages/airflow/example_dags/example_sensor_decorator.py
[2023-05-17T13:38:30.506+0000] {logging_mixin.py:149} INFO - [2023-05-17T13:38:30.505+0000] {dag.py:2726} INFO - Sync 1 DAGs
[2023-05-17T13:38:30.571+0000] {logging_mixin.py:149} INFO - [2023-05-17T13:38:30.571+0000] {dag.py:3490} INFO - Setting next_dagrun for example_sensor_decorator to None, run_after=None
[2023-05-17T13:38:30.859+0000] {processor.py:178} INFO - Processing /home/airflow/.local/lib/python3.7/site-packages/airflow/example_dags/example_sensor_decorator.py took 0.475 seconds
[2023-05-17T13:39:01.020+0000] {processor.py:156} INFO - Started process (PID=479) to work on /home/airflow/.local/lib/python3.7/site-packages/airflow/example_dags/example_sensor_decorator.py
[2023-05-17T13:39:01.023+0000] {processor.py:799} INFO - Processing file /home/airflow/.local/lib/python3.7/site-packages/airflow/example_dags/example_sensor_decorator.py for tasks to queue
[2023-05-17T13:39:01.025+0000] {logging_mixin.py:149} INFO - [2023-05-17T13:39:01.025+0000] {dagbag.py:541} INFO - Filling up the DagBag from /home/airflow/.local/lib/python3.7/site-packages/airflow/example_dags/example_sensor_decorator.py
[2023-05-17T13:39:01.037+0000] {processor.py:809} INFO - DAG(s) dict_keys(['example_sensor_decorator']) retrieved from /home/airflow/.local/lib/python3.7/site-packages/airflow/example_dags/example_sensor_decorator.py
[2023-05-17T13:39:01.118+0000] {logging_mixin.py:149} INFO - [2023-05-17T13:39:01.117+0000] {dag.py:2726} INFO - Sync 1 DAGs
[2023-05-17T13:39:01.207+0000] {logging_mixin.py:149} INFO - [2023-05-17T13:39:01.207+0000] {dag.py:3490} INFO - Setting next_dagrun for example_sensor_decorator to None, run_after=None
[2023-05-17T13:39:01.357+0000] {processor.py:178} INFO - Processing /home/airflow/.local/lib/python3.7/site-packages/airflow/example_dags/example_sensor_decorator.py took 0.345 seconds
[2023-05-17T13:39:32.480+0000] {processor.py:156} INFO - Started process (PID=538) to work on /home/airflow/.local/lib/python3.7/site-packages/airflow/example_dags/example_sensor_decorator.py
[2023-05-17T13:39:32.484+0000] {processor.py:799} INFO - Processing file /home/airflow/.local/lib/python3.7/site-packages/airflow/example_dags/example_sensor_decorator.py for tasks to queue
[2023-05-17T13:39:32.488+0000] {logging_mixin.py:149} INFO - [2023-05-17T13:39:32.488+0000] {dagbag.py:541} INFO - Filling up the DagBag from /home/airflow/.local/lib/python3.7/site-packages/airflow/example_dags/example_sensor_decorator.py
[2023-05-17T13:39:32.506+0000] {processor.py:809} INFO - DAG(s) dict_keys(['example_sensor_decorator']) retrieved from /home/airflow/.local/lib/python3.7/site-packages/airflow/example_dags/example_sensor_decorator.py
[2023-05-17T13:39:32.594+0000] {logging_mixin.py:149} INFO - [2023-05-17T13:39:32.594+0000] {dag.py:2726} INFO - Sync 1 DAGs
[2023-05-17T13:39:32.697+0000] {logging_mixin.py:149} INFO - [2023-05-17T13:39:32.696+0000] {dag.py:3490} INFO - Setting next_dagrun for example_sensor_decorator to None, run_after=None
[2023-05-17T13:39:32.898+0000] {processor.py:178} INFO - Processing /home/airflow/.local/lib/python3.7/site-packages/airflow/example_dags/example_sensor_decorator.py took 0.426 seconds
[2023-05-17T13:40:03.906+0000] {processor.py:156} INFO - Started process (PID=596) to work on /home/airflow/.local/lib/python3.7/site-packages/airflow/example_dags/example_sensor_decorator.py
[2023-05-17T13:40:03.909+0000] {processor.py:799} INFO - Processing file /home/airflow/.local/lib/python3.7/site-packages/airflow/example_dags/example_sensor_decorator.py for tasks to queue
[2023-05-17T13:40:03.920+0000] {logging_mixin.py:149} INFO - [2023-05-17T13:40:03.917+0000] {dagbag.py:541} INFO - Filling up the DagBag from /home/airflow/.local/lib/python3.7/site-packages/airflow/example_dags/example_sensor_decorator.py
[2023-05-17T13:40:03.943+0000] {processor.py:809} INFO - DAG(s) dict_keys(['example_sensor_decorator']) retrieved from /home/airflow/.local/lib/python3.7/site-packages/airflow/example_dags/example_sensor_decorator.py
[2023-05-17T13:40:04.030+0000] {logging_mixin.py:149} INFO - [2023-05-17T13:40:04.030+0000] {dag.py:2726} INFO - Sync 1 DAGs
[2023-05-17T13:40:04.142+0000] {logging_mixin.py:149} INFO - [2023-05-17T13:40:04.141+0000] {dag.py:3490} INFO - Setting next_dagrun for example_sensor_decorator to None, run_after=None
[2023-05-17T13:40:04.323+0000] {processor.py:178} INFO - Processing /home/airflow/.local/lib/python3.7/site-packages/airflow/example_dags/example_sensor_decorator.py took 0.442 seconds
