[2023-05-17T13:04:43.954+0000] {processor.py:156} INFO - Started process (PID=120) to work on /home/airflow/.local/lib/python3.7/site-packages/airflow/example_dags/example_branch_python_dop_operator_3.py
[2023-05-17T13:04:43.959+0000] {processor.py:799} INFO - Processing file /home/airflow/.local/lib/python3.7/site-packages/airflow/example_dags/example_branch_python_dop_operator_3.py for tasks to queue
[2023-05-17T13:04:43.976+0000] {logging_mixin.py:149} INFO - [2023-05-17T13:04:43.976+0000] {dagbag.py:541} INFO - Filling up the DagBag from /home/airflow/.local/lib/python3.7/site-packages/airflow/example_dags/example_branch_python_dop_operator_3.py
[2023-05-17T13:04:44.154+0000] {processor.py:809} INFO - DAG(s) dict_keys(['example_branch_dop_operator_v3']) retrieved from /home/airflow/.local/lib/python3.7/site-packages/airflow/example_dags/example_branch_python_dop_operator_3.py
[2023-05-17T13:04:46.870+0000] {logging_mixin.py:149} INFO - [2023-05-17T13:04:46.868+0000] {manager.py:504} INFO - Created Permission View: can read on DAG:example_branch_dop_operator_v3
[2023-05-17T13:04:47.472+0000] {logging_mixin.py:149} INFO - [2023-05-17T13:04:47.472+0000] {manager.py:504} INFO - Created Permission View: can edit on DAG:example_branch_dop_operator_v3
[2023-05-17T13:04:47.691+0000] {logging_mixin.py:149} INFO - [2023-05-17T13:04:47.691+0000] {manager.py:504} INFO - Created Permission View: can delete on DAG:example_branch_dop_operator_v3
[2023-05-17T13:04:47.693+0000] {logging_mixin.py:149} INFO - [2023-05-17T13:04:47.692+0000] {dag.py:2726} INFO - Sync 1 DAGs
[2023-05-17T13:04:47.750+0000] {logging_mixin.py:149} INFO - [2023-05-17T13:04:47.750+0000] {dag.py:2747} INFO - Creating ORM DAG for example_branch_dop_operator_v3
[2023-05-17T13:04:47.826+0000] {logging_mixin.py:149} INFO - [2023-05-17T13:04:47.826+0000] {dag.py:3490} INFO - Setting next_dagrun for example_branch_dop_operator_v3 to 2023-05-17T13:03:00+00:00, run_after=2023-05-17T13:04:00+00:00
[2023-05-17T13:04:48.229+0000] {processor.py:178} INFO - Processing /home/airflow/.local/lib/python3.7/site-packages/airflow/example_dags/example_branch_python_dop_operator_3.py took 4.295 seconds
[2023-05-17T13:09:02.783+0000] {processor.py:156} INFO - Started process (PID=218) to work on /home/airflow/.local/lib/python3.7/site-packages/airflow/example_dags/example_branch_python_dop_operator_3.py
[2023-05-17T13:09:02.796+0000] {processor.py:799} INFO - Processing file /home/airflow/.local/lib/python3.7/site-packages/airflow/example_dags/example_branch_python_dop_operator_3.py for tasks to queue
[2023-05-17T13:09:02.799+0000] {logging_mixin.py:149} INFO - [2023-05-17T13:09:02.799+0000] {dagbag.py:541} INFO - Filling up the DagBag from /home/airflow/.local/lib/python3.7/site-packages/airflow/example_dags/example_branch_python_dop_operator_3.py
[2023-05-17T13:09:02.832+0000] {processor.py:809} INFO - DAG(s) dict_keys(['example_branch_dop_operator_v3']) retrieved from /home/airflow/.local/lib/python3.7/site-packages/airflow/example_dags/example_branch_python_dop_operator_3.py
[2023-05-17T13:09:02.923+0000] {logging_mixin.py:149} INFO - [2023-05-17T13:09:02.922+0000] {dag.py:2726} INFO - Sync 1 DAGs
[2023-05-17T13:09:03.105+0000] {logging_mixin.py:149} INFO - [2023-05-17T13:09:03.104+0000] {dag.py:3490} INFO - Setting next_dagrun for example_branch_dop_operator_v3 to 2023-05-17T13:08:00+00:00, run_after=2023-05-17T13:09:00+00:00
[2023-05-17T13:09:03.513+0000] {processor.py:178} INFO - Processing /home/airflow/.local/lib/python3.7/site-packages/airflow/example_dags/example_branch_python_dop_operator_3.py took 0.738 seconds
[2023-05-17T13:09:34.287+0000] {processor.py:156} INFO - Started process (PID=265) to work on /home/airflow/.local/lib/python3.7/site-packages/airflow/example_dags/example_branch_python_dop_operator_3.py
[2023-05-17T13:09:34.290+0000] {processor.py:799} INFO - Processing file /home/airflow/.local/lib/python3.7/site-packages/airflow/example_dags/example_branch_python_dop_operator_3.py for tasks to queue
[2023-05-17T13:09:34.292+0000] {logging_mixin.py:149} INFO - [2023-05-17T13:09:34.292+0000] {dagbag.py:541} INFO - Filling up the DagBag from /home/airflow/.local/lib/python3.7/site-packages/airflow/example_dags/example_branch_python_dop_operator_3.py
[2023-05-17T13:09:34.314+0000] {processor.py:809} INFO - DAG(s) dict_keys(['example_branch_dop_operator_v3']) retrieved from /home/airflow/.local/lib/python3.7/site-packages/airflow/example_dags/example_branch_python_dop_operator_3.py
[2023-05-17T13:09:34.363+0000] {logging_mixin.py:149} INFO - [2023-05-17T13:09:34.362+0000] {dag.py:2726} INFO - Sync 1 DAGs
[2023-05-17T13:09:34.445+0000] {logging_mixin.py:149} INFO - [2023-05-17T13:09:34.445+0000] {dag.py:3490} INFO - Setting next_dagrun for example_branch_dop_operator_v3 to 2023-05-17T13:08:00+00:00, run_after=2023-05-17T13:09:00+00:00
[2023-05-17T13:09:34.657+0000] {processor.py:178} INFO - Processing /home/airflow/.local/lib/python3.7/site-packages/airflow/example_dags/example_branch_python_dop_operator_3.py took 0.377 seconds
[2023-05-17T13:10:10.507+0000] {processor.py:156} INFO - Started process (PID=330) to work on /home/airflow/.local/lib/python3.7/site-packages/airflow/example_dags/example_branch_python_dop_operator_3.py
[2023-05-17T13:10:10.512+0000] {processor.py:799} INFO - Processing file /home/airflow/.local/lib/python3.7/site-packages/airflow/example_dags/example_branch_python_dop_operator_3.py for tasks to queue
[2023-05-17T13:10:10.515+0000] {logging_mixin.py:149} INFO - [2023-05-17T13:10:10.514+0000] {dagbag.py:541} INFO - Filling up the DagBag from /home/airflow/.local/lib/python3.7/site-packages/airflow/example_dags/example_branch_python_dop_operator_3.py
[2023-05-17T13:10:10.540+0000] {processor.py:809} INFO - DAG(s) dict_keys(['example_branch_dop_operator_v3']) retrieved from /home/airflow/.local/lib/python3.7/site-packages/airflow/example_dags/example_branch_python_dop_operator_3.py
[2023-05-17T13:10:10.651+0000] {logging_mixin.py:149} INFO - [2023-05-17T13:10:10.650+0000] {dag.py:2726} INFO - Sync 1 DAGs
[2023-05-17T13:10:10.823+0000] {logging_mixin.py:149} INFO - [2023-05-17T13:10:10.823+0000] {dag.py:3490} INFO - Setting next_dagrun for example_branch_dop_operator_v3 to 2023-05-17T13:09:00+00:00, run_after=2023-05-17T13:10:00+00:00
[2023-05-17T13:10:11.399+0000] {processor.py:178} INFO - Processing /home/airflow/.local/lib/python3.7/site-packages/airflow/example_dags/example_branch_python_dop_operator_3.py took 0.908 seconds
[2023-05-17T13:10:42.245+0000] {processor.py:156} INFO - Started process (PID=381) to work on /home/airflow/.local/lib/python3.7/site-packages/airflow/example_dags/example_branch_python_dop_operator_3.py
[2023-05-17T13:10:42.253+0000] {processor.py:799} INFO - Processing file /home/airflow/.local/lib/python3.7/site-packages/airflow/example_dags/example_branch_python_dop_operator_3.py for tasks to queue
[2023-05-17T13:10:42.259+0000] {logging_mixin.py:149} INFO - [2023-05-17T13:10:42.258+0000] {dagbag.py:541} INFO - Filling up the DagBag from /home/airflow/.local/lib/python3.7/site-packages/airflow/example_dags/example_branch_python_dop_operator_3.py
[2023-05-17T13:10:42.299+0000] {processor.py:809} INFO - DAG(s) dict_keys(['example_branch_dop_operator_v3']) retrieved from /home/airflow/.local/lib/python3.7/site-packages/airflow/example_dags/example_branch_python_dop_operator_3.py
[2023-05-17T13:10:42.375+0000] {logging_mixin.py:149} INFO - [2023-05-17T13:10:42.375+0000] {dag.py:2726} INFO - Sync 1 DAGs
[2023-05-17T13:10:42.490+0000] {logging_mixin.py:149} INFO - [2023-05-17T13:10:42.489+0000] {dag.py:3490} INFO - Setting next_dagrun for example_branch_dop_operator_v3 to 2023-05-17T13:09:00+00:00, run_after=2023-05-17T13:10:00+00:00
[2023-05-17T13:10:42.649+0000] {processor.py:178} INFO - Processing /home/airflow/.local/lib/python3.7/site-packages/airflow/example_dags/example_branch_python_dop_operator_3.py took 0.417 seconds
[2023-05-17T13:11:14.896+0000] {processor.py:156} INFO - Started process (PID=434) to work on /home/airflow/.local/lib/python3.7/site-packages/airflow/example_dags/example_branch_python_dop_operator_3.py
[2023-05-17T13:11:14.906+0000] {processor.py:799} INFO - Processing file /home/airflow/.local/lib/python3.7/site-packages/airflow/example_dags/example_branch_python_dop_operator_3.py for tasks to queue
[2023-05-17T13:11:14.910+0000] {logging_mixin.py:149} INFO - [2023-05-17T13:11:14.909+0000] {dagbag.py:541} INFO - Filling up the DagBag from /home/airflow/.local/lib/python3.7/site-packages/airflow/example_dags/example_branch_python_dop_operator_3.py
[2023-05-17T13:11:14.940+0000] {processor.py:809} INFO - DAG(s) dict_keys(['example_branch_dop_operator_v3']) retrieved from /home/airflow/.local/lib/python3.7/site-packages/airflow/example_dags/example_branch_python_dop_operator_3.py
[2023-05-17T13:11:15.033+0000] {logging_mixin.py:149} INFO - [2023-05-17T13:11:15.032+0000] {dag.py:2726} INFO - Sync 1 DAGs
[2023-05-17T13:11:15.126+0000] {logging_mixin.py:149} INFO - [2023-05-17T13:11:15.126+0000] {dag.py:3490} INFO - Setting next_dagrun for example_branch_dop_operator_v3 to 2023-05-17T13:10:00+00:00, run_after=2023-05-17T13:11:00+00:00
[2023-05-17T13:11:15.362+0000] {processor.py:178} INFO - Processing /home/airflow/.local/lib/python3.7/site-packages/airflow/example_dags/example_branch_python_dop_operator_3.py took 0.484 seconds
[2023-05-17T13:11:47.765+0000] {processor.py:156} INFO - Started process (PID=486) to work on /home/airflow/.local/lib/python3.7/site-packages/airflow/example_dags/example_branch_python_dop_operator_3.py
[2023-05-17T13:11:47.768+0000] {processor.py:799} INFO - Processing file /home/airflow/.local/lib/python3.7/site-packages/airflow/example_dags/example_branch_python_dop_operator_3.py for tasks to queue
[2023-05-17T13:11:47.770+0000] {logging_mixin.py:149} INFO - [2023-05-17T13:11:47.769+0000] {dagbag.py:541} INFO - Filling up the DagBag from /home/airflow/.local/lib/python3.7/site-packages/airflow/example_dags/example_branch_python_dop_operator_3.py
[2023-05-17T13:11:47.809+0000] {processor.py:809} INFO - DAG(s) dict_keys(['example_branch_dop_operator_v3']) retrieved from /home/airflow/.local/lib/python3.7/site-packages/airflow/example_dags/example_branch_python_dop_operator_3.py
[2023-05-17T13:11:47.869+0000] {logging_mixin.py:149} INFO - [2023-05-17T13:11:47.869+0000] {dag.py:2726} INFO - Sync 1 DAGs
[2023-05-17T13:11:47.950+0000] {logging_mixin.py:149} INFO - [2023-05-17T13:11:47.949+0000] {dag.py:3490} INFO - Setting next_dagrun for example_branch_dop_operator_v3 to 2023-05-17T13:10:00+00:00, run_after=2023-05-17T13:11:00+00:00
[2023-05-17T13:11:48.231+0000] {processor.py:178} INFO - Processing /home/airflow/.local/lib/python3.7/site-packages/airflow/example_dags/example_branch_python_dop_operator_3.py took 0.478 seconds
[2023-05-17T13:12:19.281+0000] {processor.py:156} INFO - Started process (PID=544) to work on /home/airflow/.local/lib/python3.7/site-packages/airflow/example_dags/example_branch_python_dop_operator_3.py
[2023-05-17T13:12:19.284+0000] {processor.py:799} INFO - Processing file /home/airflow/.local/lib/python3.7/site-packages/airflow/example_dags/example_branch_python_dop_operator_3.py for tasks to queue
[2023-05-17T13:12:19.287+0000] {logging_mixin.py:149} INFO - [2023-05-17T13:12:19.286+0000] {dagbag.py:541} INFO - Filling up the DagBag from /home/airflow/.local/lib/python3.7/site-packages/airflow/example_dags/example_branch_python_dop_operator_3.py
[2023-05-17T13:12:19.351+0000] {processor.py:809} INFO - DAG(s) dict_keys(['example_branch_dop_operator_v3']) retrieved from /home/airflow/.local/lib/python3.7/site-packages/airflow/example_dags/example_branch_python_dop_operator_3.py
[2023-05-17T13:12:19.440+0000] {logging_mixin.py:149} INFO - [2023-05-17T13:12:19.440+0000] {dag.py:2726} INFO - Sync 1 DAGs
[2023-05-17T13:12:19.554+0000] {logging_mixin.py:149} INFO - [2023-05-17T13:12:19.551+0000] {dag.py:3490} INFO - Setting next_dagrun for example_branch_dop_operator_v3 to 2023-05-17T13:11:00+00:00, run_after=2023-05-17T13:12:00+00:00
[2023-05-17T13:12:19.713+0000] {processor.py:178} INFO - Processing /home/airflow/.local/lib/python3.7/site-packages/airflow/example_dags/example_branch_python_dop_operator_3.py took 0.446 seconds
[2023-05-17T13:13:06.516+0000] {processor.py:156} INFO - Started process (PID=601) to work on /home/airflow/.local/lib/python3.7/site-packages/airflow/example_dags/example_branch_python_dop_operator_3.py
[2023-05-17T13:13:06.518+0000] {processor.py:799} INFO - Processing file /home/airflow/.local/lib/python3.7/site-packages/airflow/example_dags/example_branch_python_dop_operator_3.py for tasks to queue
[2023-05-17T13:13:06.521+0000] {logging_mixin.py:149} INFO - [2023-05-17T13:13:06.520+0000] {dagbag.py:541} INFO - Filling up the DagBag from /home/airflow/.local/lib/python3.7/site-packages/airflow/example_dags/example_branch_python_dop_operator_3.py
[2023-05-17T13:13:07.499+0000] {processor.py:809} INFO - DAG(s) dict_keys(['example_branch_dop_operator_v3']) retrieved from /home/airflow/.local/lib/python3.7/site-packages/airflow/example_dags/example_branch_python_dop_operator_3.py
[2023-05-17T13:13:07.782+0000] {logging_mixin.py:149} INFO - [2023-05-17T13:13:07.782+0000] {dag.py:2726} INFO - Sync 1 DAGs
[2023-05-17T13:13:07.886+0000] {logging_mixin.py:149} INFO - [2023-05-17T13:13:07.886+0000] {dag.py:3490} INFO - Setting next_dagrun for example_branch_dop_operator_v3 to 2023-05-17T13:12:00+00:00, run_after=2023-05-17T13:13:00+00:00
[2023-05-17T13:13:08.910+0000] {processor.py:178} INFO - Processing /home/airflow/.local/lib/python3.7/site-packages/airflow/example_dags/example_branch_python_dop_operator_3.py took 2.400 seconds
[2023-05-17T13:13:39.244+0000] {processor.py:156} INFO - Started process (PID=660) to work on /home/airflow/.local/lib/python3.7/site-packages/airflow/example_dags/example_branch_python_dop_operator_3.py
[2023-05-17T13:13:39.247+0000] {processor.py:799} INFO - Processing file /home/airflow/.local/lib/python3.7/site-packages/airflow/example_dags/example_branch_python_dop_operator_3.py for tasks to queue
[2023-05-17T13:13:39.252+0000] {logging_mixin.py:149} INFO - [2023-05-17T13:13:39.251+0000] {dagbag.py:541} INFO - Filling up the DagBag from /home/airflow/.local/lib/python3.7/site-packages/airflow/example_dags/example_branch_python_dop_operator_3.py
[2023-05-17T13:13:39.281+0000] {processor.py:809} INFO - DAG(s) dict_keys(['example_branch_dop_operator_v3']) retrieved from /home/airflow/.local/lib/python3.7/site-packages/airflow/example_dags/example_branch_python_dop_operator_3.py
[2023-05-17T13:13:39.402+0000] {logging_mixin.py:149} INFO - [2023-05-17T13:13:39.401+0000] {dag.py:2726} INFO - Sync 1 DAGs
[2023-05-17T13:13:39.517+0000] {logging_mixin.py:149} INFO - [2023-05-17T13:13:39.517+0000] {dag.py:3490} INFO - Setting next_dagrun for example_branch_dop_operator_v3 to 2023-05-17T13:12:00+00:00, run_after=2023-05-17T13:13:00+00:00
[2023-05-17T13:13:39.911+0000] {processor.py:178} INFO - Processing /home/airflow/.local/lib/python3.7/site-packages/airflow/example_dags/example_branch_python_dop_operator_3.py took 0.677 seconds
[2023-05-17T13:14:10.434+0000] {processor.py:156} INFO - Started process (PID=717) to work on /home/airflow/.local/lib/python3.7/site-packages/airflow/example_dags/example_branch_python_dop_operator_3.py
[2023-05-17T13:14:10.438+0000] {processor.py:799} INFO - Processing file /home/airflow/.local/lib/python3.7/site-packages/airflow/example_dags/example_branch_python_dop_operator_3.py for tasks to queue
[2023-05-17T13:14:10.440+0000] {logging_mixin.py:149} INFO - [2023-05-17T13:14:10.440+0000] {dagbag.py:541} INFO - Filling up the DagBag from /home/airflow/.local/lib/python3.7/site-packages/airflow/example_dags/example_branch_python_dop_operator_3.py
[2023-05-17T13:14:10.713+0000] {processor.py:809} INFO - DAG(s) dict_keys(['example_branch_dop_operator_v3']) retrieved from /home/airflow/.local/lib/python3.7/site-packages/airflow/example_dags/example_branch_python_dop_operator_3.py
[2023-05-17T13:14:10.828+0000] {logging_mixin.py:149} INFO - [2023-05-17T13:14:10.827+0000] {dag.py:2726} INFO - Sync 1 DAGs
[2023-05-17T13:14:11.325+0000] {logging_mixin.py:149} INFO - [2023-05-17T13:14:11.324+0000] {dag.py:3490} INFO - Setting next_dagrun for example_branch_dop_operator_v3 to 2023-05-17T13:13:00+00:00, run_after=2023-05-17T13:14:00+00:00
[2023-05-17T13:14:11.478+0000] {processor.py:178} INFO - Processing /home/airflow/.local/lib/python3.7/site-packages/airflow/example_dags/example_branch_python_dop_operator_3.py took 1.052 seconds
[2023-05-17T13:15:05.936+0000] {processor.py:156} INFO - Started process (PID=747) to work on /home/airflow/.local/lib/python3.7/site-packages/airflow/example_dags/example_branch_python_dop_operator_3.py
[2023-05-17T13:15:05.951+0000] {processor.py:799} INFO - Processing file /home/airflow/.local/lib/python3.7/site-packages/airflow/example_dags/example_branch_python_dop_operator_3.py for tasks to queue
[2023-05-17T13:15:05.964+0000] {logging_mixin.py:149} INFO - [2023-05-17T13:15:05.963+0000] {dagbag.py:541} INFO - Filling up the DagBag from /home/airflow/.local/lib/python3.7/site-packages/airflow/example_dags/example_branch_python_dop_operator_3.py
[2023-05-17T13:15:06.019+0000] {processor.py:809} INFO - DAG(s) dict_keys(['example_branch_dop_operator_v3']) retrieved from /home/airflow/.local/lib/python3.7/site-packages/airflow/example_dags/example_branch_python_dop_operator_3.py
[2023-05-17T13:15:06.193+0000] {logging_mixin.py:149} INFO - [2023-05-17T13:15:06.193+0000] {dag.py:2726} INFO - Sync 1 DAGs
[2023-05-17T13:15:06.385+0000] {logging_mixin.py:149} INFO - [2023-05-17T13:15:06.385+0000] {dag.py:3490} INFO - Setting next_dagrun for example_branch_dop_operator_v3 to 2023-05-17T13:14:00+00:00, run_after=2023-05-17T13:15:00+00:00
[2023-05-17T13:15:07.078+0000] {processor.py:178} INFO - Processing /home/airflow/.local/lib/python3.7/site-packages/airflow/example_dags/example_branch_python_dop_operator_3.py took 1.157 seconds
[2023-05-17T13:15:37.905+0000] {processor.py:156} INFO - Started process (PID=805) to work on /home/airflow/.local/lib/python3.7/site-packages/airflow/example_dags/example_branch_python_dop_operator_3.py
[2023-05-17T13:15:37.908+0000] {processor.py:799} INFO - Processing file /home/airflow/.local/lib/python3.7/site-packages/airflow/example_dags/example_branch_python_dop_operator_3.py for tasks to queue
[2023-05-17T13:15:37.910+0000] {logging_mixin.py:149} INFO - [2023-05-17T13:15:37.909+0000] {dagbag.py:541} INFO - Filling up the DagBag from /home/airflow/.local/lib/python3.7/site-packages/airflow/example_dags/example_branch_python_dop_operator_3.py
[2023-05-17T13:15:37.949+0000] {processor.py:809} INFO - DAG(s) dict_keys(['example_branch_dop_operator_v3']) retrieved from /home/airflow/.local/lib/python3.7/site-packages/airflow/example_dags/example_branch_python_dop_operator_3.py
[2023-05-17T13:15:38.039+0000] {logging_mixin.py:149} INFO - [2023-05-17T13:15:38.039+0000] {dag.py:2726} INFO - Sync 1 DAGs
[2023-05-17T13:15:38.159+0000] {logging_mixin.py:149} INFO - [2023-05-17T13:15:38.159+0000] {dag.py:3490} INFO - Setting next_dagrun for example_branch_dop_operator_v3 to 2023-05-17T13:14:00+00:00, run_after=2023-05-17T13:15:00+00:00
[2023-05-17T13:15:38.297+0000] {processor.py:178} INFO - Processing /home/airflow/.local/lib/python3.7/site-packages/airflow/example_dags/example_branch_python_dop_operator_3.py took 0.400 seconds
[2023-05-17T13:16:08.515+0000] {processor.py:156} INFO - Started process (PID=863) to work on /home/airflow/.local/lib/python3.7/site-packages/airflow/example_dags/example_branch_python_dop_operator_3.py
[2023-05-17T13:16:08.516+0000] {processor.py:799} INFO - Processing file /home/airflow/.local/lib/python3.7/site-packages/airflow/example_dags/example_branch_python_dop_operator_3.py for tasks to queue
[2023-05-17T13:16:08.518+0000] {logging_mixin.py:149} INFO - [2023-05-17T13:16:08.518+0000] {dagbag.py:541} INFO - Filling up the DagBag from /home/airflow/.local/lib/python3.7/site-packages/airflow/example_dags/example_branch_python_dop_operator_3.py
[2023-05-17T13:16:08.538+0000] {processor.py:809} INFO - DAG(s) dict_keys(['example_branch_dop_operator_v3']) retrieved from /home/airflow/.local/lib/python3.7/site-packages/airflow/example_dags/example_branch_python_dop_operator_3.py
[2023-05-17T13:16:08.605+0000] {logging_mixin.py:149} INFO - [2023-05-17T13:16:08.605+0000] {dag.py:2726} INFO - Sync 1 DAGs
[2023-05-17T13:16:08.685+0000] {logging_mixin.py:149} INFO - [2023-05-17T13:16:08.685+0000] {dag.py:3490} INFO - Setting next_dagrun for example_branch_dop_operator_v3 to 2023-05-17T13:15:00+00:00, run_after=2023-05-17T13:16:00+00:00
[2023-05-17T13:16:08.836+0000] {processor.py:178} INFO - Processing /home/airflow/.local/lib/python3.7/site-packages/airflow/example_dags/example_branch_python_dop_operator_3.py took 0.329 seconds
[2023-05-17T13:16:41.491+0000] {processor.py:156} INFO - Started process (PID=920) to work on /home/airflow/.local/lib/python3.7/site-packages/airflow/example_dags/example_branch_python_dop_operator_3.py
[2023-05-17T13:16:41.494+0000] {processor.py:799} INFO - Processing file /home/airflow/.local/lib/python3.7/site-packages/airflow/example_dags/example_branch_python_dop_operator_3.py for tasks to queue
[2023-05-17T13:16:41.498+0000] {logging_mixin.py:149} INFO - [2023-05-17T13:16:41.497+0000] {dagbag.py:541} INFO - Filling up the DagBag from /home/airflow/.local/lib/python3.7/site-packages/airflow/example_dags/example_branch_python_dop_operator_3.py
[2023-05-17T13:16:41.518+0000] {processor.py:809} INFO - DAG(s) dict_keys(['example_branch_dop_operator_v3']) retrieved from /home/airflow/.local/lib/python3.7/site-packages/airflow/example_dags/example_branch_python_dop_operator_3.py
[2023-05-17T13:16:41.577+0000] {logging_mixin.py:149} INFO - [2023-05-17T13:16:41.576+0000] {dag.py:2726} INFO - Sync 1 DAGs
[2023-05-17T13:16:41.668+0000] {logging_mixin.py:149} INFO - [2023-05-17T13:16:41.668+0000] {dag.py:3490} INFO - Setting next_dagrun for example_branch_dop_operator_v3 to 2023-05-17T13:15:00+00:00, run_after=2023-05-17T13:16:00+00:00
[2023-05-17T13:16:41.823+0000] {processor.py:178} INFO - Processing /home/airflow/.local/lib/python3.7/site-packages/airflow/example_dags/example_branch_python_dop_operator_3.py took 0.341 seconds
[2023-05-17T13:17:17.438+0000] {processor.py:156} INFO - Started process (PID=975) to work on /home/airflow/.local/lib/python3.7/site-packages/airflow/example_dags/example_branch_python_dop_operator_3.py
[2023-05-17T13:17:17.441+0000] {processor.py:799} INFO - Processing file /home/airflow/.local/lib/python3.7/site-packages/airflow/example_dags/example_branch_python_dop_operator_3.py for tasks to queue
[2023-05-17T13:17:17.445+0000] {logging_mixin.py:149} INFO - [2023-05-17T13:17:17.444+0000] {dagbag.py:541} INFO - Filling up the DagBag from /home/airflow/.local/lib/python3.7/site-packages/airflow/example_dags/example_branch_python_dop_operator_3.py
[2023-05-17T13:17:17.472+0000] {processor.py:809} INFO - DAG(s) dict_keys(['example_branch_dop_operator_v3']) retrieved from /home/airflow/.local/lib/python3.7/site-packages/airflow/example_dags/example_branch_python_dop_operator_3.py
[2023-05-17T13:17:17.525+0000] {logging_mixin.py:149} INFO - [2023-05-17T13:17:17.525+0000] {dag.py:2726} INFO - Sync 1 DAGs
[2023-05-17T13:17:17.602+0000] {logging_mixin.py:149} INFO - [2023-05-17T13:17:17.602+0000] {dag.py:3490} INFO - Setting next_dagrun for example_branch_dop_operator_v3 to 2023-05-17T13:16:00+00:00, run_after=2023-05-17T13:17:00+00:00
[2023-05-17T13:17:17.727+0000] {processor.py:178} INFO - Processing /home/airflow/.local/lib/python3.7/site-packages/airflow/example_dags/example_branch_python_dop_operator_3.py took 0.302 seconds
[2023-05-17T13:17:56.739+0000] {processor.py:156} INFO - Started process (PID=1031) to work on /home/airflow/.local/lib/python3.7/site-packages/airflow/example_dags/example_branch_python_dop_operator_3.py
[2023-05-17T13:17:56.741+0000] {processor.py:799} INFO - Processing file /home/airflow/.local/lib/python3.7/site-packages/airflow/example_dags/example_branch_python_dop_operator_3.py for tasks to queue
[2023-05-17T13:17:56.743+0000] {logging_mixin.py:149} INFO - [2023-05-17T13:17:56.743+0000] {dagbag.py:541} INFO - Filling up the DagBag from /home/airflow/.local/lib/python3.7/site-packages/airflow/example_dags/example_branch_python_dop_operator_3.py
[2023-05-17T13:17:56.766+0000] {processor.py:809} INFO - DAG(s) dict_keys(['example_branch_dop_operator_v3']) retrieved from /home/airflow/.local/lib/python3.7/site-packages/airflow/example_dags/example_branch_python_dop_operator_3.py
[2023-05-17T13:17:56.835+0000] {logging_mixin.py:149} INFO - [2023-05-17T13:17:56.835+0000] {dag.py:2726} INFO - Sync 1 DAGs
[2023-05-17T13:17:56.919+0000] {logging_mixin.py:149} INFO - [2023-05-17T13:17:56.918+0000] {dag.py:3490} INFO - Setting next_dagrun for example_branch_dop_operator_v3 to 2023-05-17T13:16:00+00:00, run_after=2023-05-17T13:17:00+00:00
[2023-05-17T13:17:57.606+0000] {processor.py:178} INFO - Processing /home/airflow/.local/lib/python3.7/site-packages/airflow/example_dags/example_branch_python_dop_operator_3.py took 0.880 seconds
[2023-05-17T13:18:43.659+0000] {processor.py:156} INFO - Started process (PID=1094) to work on /home/airflow/.local/lib/python3.7/site-packages/airflow/example_dags/example_branch_python_dop_operator_3.py
[2023-05-17T13:18:43.662+0000] {processor.py:799} INFO - Processing file /home/airflow/.local/lib/python3.7/site-packages/airflow/example_dags/example_branch_python_dop_operator_3.py for tasks to queue
[2023-05-17T13:18:43.665+0000] {logging_mixin.py:149} INFO - [2023-05-17T13:18:43.665+0000] {dagbag.py:541} INFO - Filling up the DagBag from /home/airflow/.local/lib/python3.7/site-packages/airflow/example_dags/example_branch_python_dop_operator_3.py
[2023-05-17T13:18:43.693+0000] {processor.py:809} INFO - DAG(s) dict_keys(['example_branch_dop_operator_v3']) retrieved from /home/airflow/.local/lib/python3.7/site-packages/airflow/example_dags/example_branch_python_dop_operator_3.py
[2023-05-17T13:18:43.759+0000] {logging_mixin.py:149} INFO - [2023-05-17T13:18:43.759+0000] {dag.py:2726} INFO - Sync 1 DAGs
[2023-05-17T13:18:43.891+0000] {logging_mixin.py:149} INFO - [2023-05-17T13:18:43.891+0000] {dag.py:3490} INFO - Setting next_dagrun for example_branch_dop_operator_v3 to 2023-05-17T13:17:00+00:00, run_after=2023-05-17T13:18:00+00:00
[2023-05-17T13:18:44.434+0000] {processor.py:178} INFO - Processing /home/airflow/.local/lib/python3.7/site-packages/airflow/example_dags/example_branch_python_dop_operator_3.py took 0.787 seconds
[2023-05-17T13:19:14.586+0000] {processor.py:156} INFO - Started process (PID=1149) to work on /home/airflow/.local/lib/python3.7/site-packages/airflow/example_dags/example_branch_python_dop_operator_3.py
[2023-05-17T13:19:14.588+0000] {processor.py:799} INFO - Processing file /home/airflow/.local/lib/python3.7/site-packages/airflow/example_dags/example_branch_python_dop_operator_3.py for tasks to queue
[2023-05-17T13:19:14.590+0000] {logging_mixin.py:149} INFO - [2023-05-17T13:19:14.590+0000] {dagbag.py:541} INFO - Filling up the DagBag from /home/airflow/.local/lib/python3.7/site-packages/airflow/example_dags/example_branch_python_dop_operator_3.py
[2023-05-17T13:19:14.615+0000] {processor.py:809} INFO - DAG(s) dict_keys(['example_branch_dop_operator_v3']) retrieved from /home/airflow/.local/lib/python3.7/site-packages/airflow/example_dags/example_branch_python_dop_operator_3.py
[2023-05-17T13:19:14.668+0000] {logging_mixin.py:149} INFO - [2023-05-17T13:19:14.667+0000] {dag.py:2726} INFO - Sync 1 DAGs
[2023-05-17T13:19:14.739+0000] {logging_mixin.py:149} INFO - [2023-05-17T13:19:14.738+0000] {dag.py:3490} INFO - Setting next_dagrun for example_branch_dop_operator_v3 to 2023-05-17T13:18:00+00:00, run_after=2023-05-17T13:19:00+00:00
[2023-05-17T13:19:15.456+0000] {processor.py:178} INFO - Processing /home/airflow/.local/lib/python3.7/site-packages/airflow/example_dags/example_branch_python_dop_operator_3.py took 0.878 seconds
[2023-05-17T13:19:46.007+0000] {processor.py:156} INFO - Started process (PID=1200) to work on /home/airflow/.local/lib/python3.7/site-packages/airflow/example_dags/example_branch_python_dop_operator_3.py
[2023-05-17T13:19:46.009+0000] {processor.py:799} INFO - Processing file /home/airflow/.local/lib/python3.7/site-packages/airflow/example_dags/example_branch_python_dop_operator_3.py for tasks to queue
[2023-05-17T13:19:46.011+0000] {logging_mixin.py:149} INFO - [2023-05-17T13:19:46.011+0000] {dagbag.py:541} INFO - Filling up the DagBag from /home/airflow/.local/lib/python3.7/site-packages/airflow/example_dags/example_branch_python_dop_operator_3.py
[2023-05-17T13:19:46.029+0000] {processor.py:809} INFO - DAG(s) dict_keys(['example_branch_dop_operator_v3']) retrieved from /home/airflow/.local/lib/python3.7/site-packages/airflow/example_dags/example_branch_python_dop_operator_3.py
[2023-05-17T13:19:46.115+0000] {logging_mixin.py:149} INFO - [2023-05-17T13:19:46.115+0000] {dag.py:2726} INFO - Sync 1 DAGs
[2023-05-17T13:19:46.192+0000] {logging_mixin.py:149} INFO - [2023-05-17T13:19:46.192+0000] {dag.py:3490} INFO - Setting next_dagrun for example_branch_dop_operator_v3 to 2023-05-17T13:18:00+00:00, run_after=2023-05-17T13:19:00+00:00
[2023-05-17T13:19:46.597+0000] {processor.py:178} INFO - Processing /home/airflow/.local/lib/python3.7/site-packages/airflow/example_dags/example_branch_python_dop_operator_3.py took 0.597 seconds
[2023-05-17T13:20:16.941+0000] {processor.py:156} INFO - Started process (PID=1258) to work on /home/airflow/.local/lib/python3.7/site-packages/airflow/example_dags/example_branch_python_dop_operator_3.py
[2023-05-17T13:20:16.943+0000] {processor.py:799} INFO - Processing file /home/airflow/.local/lib/python3.7/site-packages/airflow/example_dags/example_branch_python_dop_operator_3.py for tasks to queue
[2023-05-17T13:20:16.945+0000] {logging_mixin.py:149} INFO - [2023-05-17T13:20:16.945+0000] {dagbag.py:541} INFO - Filling up the DagBag from /home/airflow/.local/lib/python3.7/site-packages/airflow/example_dags/example_branch_python_dop_operator_3.py
[2023-05-17T13:20:16.968+0000] {processor.py:809} INFO - DAG(s) dict_keys(['example_branch_dop_operator_v3']) retrieved from /home/airflow/.local/lib/python3.7/site-packages/airflow/example_dags/example_branch_python_dop_operator_3.py
[2023-05-17T13:20:17.075+0000] {logging_mixin.py:149} INFO - [2023-05-17T13:20:17.075+0000] {dag.py:2726} INFO - Sync 1 DAGs
[2023-05-17T13:20:17.150+0000] {logging_mixin.py:149} INFO - [2023-05-17T13:20:17.149+0000] {dag.py:3490} INFO - Setting next_dagrun for example_branch_dop_operator_v3 to 2023-05-17T13:19:00+00:00, run_after=2023-05-17T13:20:00+00:00
[2023-05-17T13:20:17.505+0000] {processor.py:178} INFO - Processing /home/airflow/.local/lib/python3.7/site-packages/airflow/example_dags/example_branch_python_dop_operator_3.py took 0.571 seconds
[2023-05-17T13:20:50.466+0000] {processor.py:156} INFO - Started process (PID=1324) to work on /home/airflow/.local/lib/python3.7/site-packages/airflow/example_dags/example_branch_python_dop_operator_3.py
[2023-05-17T13:20:50.470+0000] {processor.py:799} INFO - Processing file /home/airflow/.local/lib/python3.7/site-packages/airflow/example_dags/example_branch_python_dop_operator_3.py for tasks to queue
[2023-05-17T13:20:50.477+0000] {logging_mixin.py:149} INFO - [2023-05-17T13:20:50.476+0000] {dagbag.py:541} INFO - Filling up the DagBag from /home/airflow/.local/lib/python3.7/site-packages/airflow/example_dags/example_branch_python_dop_operator_3.py
[2023-05-17T13:20:50.607+0000] {processor.py:809} INFO - DAG(s) dict_keys(['example_branch_dop_operator_v3']) retrieved from /home/airflow/.local/lib/python3.7/site-packages/airflow/example_dags/example_branch_python_dop_operator_3.py
[2023-05-17T13:20:50.817+0000] {logging_mixin.py:149} INFO - [2023-05-17T13:20:50.815+0000] {dag.py:2726} INFO - Sync 1 DAGs
[2023-05-17T13:20:51.152+0000] {logging_mixin.py:149} INFO - [2023-05-17T13:20:51.151+0000] {dag.py:3490} INFO - Setting next_dagrun for example_branch_dop_operator_v3 to 2023-05-17T13:19:00+00:00, run_after=2023-05-17T13:20:00+00:00
[2023-05-17T13:20:51.391+0000] {processor.py:178} INFO - Processing /home/airflow/.local/lib/python3.7/site-packages/airflow/example_dags/example_branch_python_dop_operator_3.py took 0.940 seconds
[2023-05-17T13:21:21.732+0000] {processor.py:156} INFO - Started process (PID=1381) to work on /home/airflow/.local/lib/python3.7/site-packages/airflow/example_dags/example_branch_python_dop_operator_3.py
[2023-05-17T13:21:21.738+0000] {processor.py:799} INFO - Processing file /home/airflow/.local/lib/python3.7/site-packages/airflow/example_dags/example_branch_python_dop_operator_3.py for tasks to queue
[2023-05-17T13:21:21.741+0000] {logging_mixin.py:149} INFO - [2023-05-17T13:21:21.741+0000] {dagbag.py:541} INFO - Filling up the DagBag from /home/airflow/.local/lib/python3.7/site-packages/airflow/example_dags/example_branch_python_dop_operator_3.py
[2023-05-17T13:21:21.785+0000] {processor.py:809} INFO - DAG(s) dict_keys(['example_branch_dop_operator_v3']) retrieved from /home/airflow/.local/lib/python3.7/site-packages/airflow/example_dags/example_branch_python_dop_operator_3.py
[2023-05-17T13:21:21.881+0000] {logging_mixin.py:149} INFO - [2023-05-17T13:21:21.881+0000] {dag.py:2726} INFO - Sync 1 DAGs
[2023-05-17T13:21:22.048+0000] {logging_mixin.py:149} INFO - [2023-05-17T13:21:22.048+0000] {dag.py:3490} INFO - Setting next_dagrun for example_branch_dop_operator_v3 to 2023-05-17T13:20:00+00:00, run_after=2023-05-17T13:21:00+00:00
[2023-05-17T13:21:22.193+0000] {processor.py:178} INFO - Processing /home/airflow/.local/lib/python3.7/site-packages/airflow/example_dags/example_branch_python_dop_operator_3.py took 0.470 seconds
[2023-05-17T13:21:52.792+0000] {processor.py:156} INFO - Started process (PID=1440) to work on /home/airflow/.local/lib/python3.7/site-packages/airflow/example_dags/example_branch_python_dop_operator_3.py
[2023-05-17T13:21:52.805+0000] {processor.py:799} INFO - Processing file /home/airflow/.local/lib/python3.7/site-packages/airflow/example_dags/example_branch_python_dop_operator_3.py for tasks to queue
[2023-05-17T13:21:52.808+0000] {logging_mixin.py:149} INFO - [2023-05-17T13:21:52.808+0000] {dagbag.py:541} INFO - Filling up the DagBag from /home/airflow/.local/lib/python3.7/site-packages/airflow/example_dags/example_branch_python_dop_operator_3.py
[2023-05-17T13:21:52.827+0000] {processor.py:809} INFO - DAG(s) dict_keys(['example_branch_dop_operator_v3']) retrieved from /home/airflow/.local/lib/python3.7/site-packages/airflow/example_dags/example_branch_python_dop_operator_3.py
[2023-05-17T13:21:52.989+0000] {logging_mixin.py:149} INFO - [2023-05-17T13:21:52.989+0000] {dag.py:2726} INFO - Sync 1 DAGs
[2023-05-17T13:21:53.342+0000] {logging_mixin.py:149} INFO - [2023-05-17T13:21:53.342+0000] {dag.py:3490} INFO - Setting next_dagrun for example_branch_dop_operator_v3 to 2023-05-17T13:20:00+00:00, run_after=2023-05-17T13:21:00+00:00
[2023-05-17T13:21:53.604+0000] {processor.py:178} INFO - Processing /home/airflow/.local/lib/python3.7/site-packages/airflow/example_dags/example_branch_python_dop_operator_3.py took 0.833 seconds
[2023-05-17T13:22:53.652+0000] {processor.py:156} INFO - Started process (PID=1495) to work on /home/airflow/.local/lib/python3.7/site-packages/airflow/example_dags/example_branch_python_dop_operator_3.py
[2023-05-17T13:22:53.655+0000] {processor.py:799} INFO - Processing file /home/airflow/.local/lib/python3.7/site-packages/airflow/example_dags/example_branch_python_dop_operator_3.py for tasks to queue
[2023-05-17T13:22:53.665+0000] {logging_mixin.py:149} INFO - [2023-05-17T13:22:53.664+0000] {dagbag.py:541} INFO - Filling up the DagBag from /home/airflow/.local/lib/python3.7/site-packages/airflow/example_dags/example_branch_python_dop_operator_3.py
[2023-05-17T13:22:53.696+0000] {processor.py:809} INFO - DAG(s) dict_keys(['example_branch_dop_operator_v3']) retrieved from /home/airflow/.local/lib/python3.7/site-packages/airflow/example_dags/example_branch_python_dop_operator_3.py
[2023-05-17T13:22:53.852+0000] {logging_mixin.py:149} INFO - [2023-05-17T13:22:53.852+0000] {dag.py:2726} INFO - Sync 1 DAGs
[2023-05-17T13:22:54.115+0000] {logging_mixin.py:149} INFO - [2023-05-17T13:22:54.115+0000] {dag.py:3490} INFO - Setting next_dagrun for example_branch_dop_operator_v3 to 2023-05-17T13:21:00+00:00, run_after=2023-05-17T13:22:00+00:00
[2023-05-17T13:22:54.945+0000] {processor.py:178} INFO - Processing /home/airflow/.local/lib/python3.7/site-packages/airflow/example_dags/example_branch_python_dop_operator_3.py took 1.301 seconds
[2023-05-17T13:23:25.222+0000] {processor.py:156} INFO - Started process (PID=1552) to work on /home/airflow/.local/lib/python3.7/site-packages/airflow/example_dags/example_branch_python_dop_operator_3.py
[2023-05-17T13:23:25.226+0000] {processor.py:799} INFO - Processing file /home/airflow/.local/lib/python3.7/site-packages/airflow/example_dags/example_branch_python_dop_operator_3.py for tasks to queue
[2023-05-17T13:23:25.230+0000] {logging_mixin.py:149} INFO - [2023-05-17T13:23:25.229+0000] {dagbag.py:541} INFO - Filling up the DagBag from /home/airflow/.local/lib/python3.7/site-packages/airflow/example_dags/example_branch_python_dop_operator_3.py
[2023-05-17T13:23:25.269+0000] {processor.py:809} INFO - DAG(s) dict_keys(['example_branch_dop_operator_v3']) retrieved from /home/airflow/.local/lib/python3.7/site-packages/airflow/example_dags/example_branch_python_dop_operator_3.py
[2023-05-17T13:23:25.449+0000] {logging_mixin.py:149} INFO - [2023-05-17T13:23:25.448+0000] {dag.py:2726} INFO - Sync 1 DAGs
[2023-05-17T13:23:25.763+0000] {logging_mixin.py:149} INFO - [2023-05-17T13:23:25.763+0000] {dag.py:3490} INFO - Setting next_dagrun for example_branch_dop_operator_v3 to 2023-05-17T13:22:00+00:00, run_after=2023-05-17T13:23:00+00:00
[2023-05-17T13:23:26.026+0000] {processor.py:178} INFO - Processing /home/airflow/.local/lib/python3.7/site-packages/airflow/example_dags/example_branch_python_dop_operator_3.py took 0.816 seconds
[2023-05-17T13:23:56.144+0000] {processor.py:156} INFO - Started process (PID=1609) to work on /home/airflow/.local/lib/python3.7/site-packages/airflow/example_dags/example_branch_python_dop_operator_3.py
[2023-05-17T13:23:56.150+0000] {processor.py:799} INFO - Processing file /home/airflow/.local/lib/python3.7/site-packages/airflow/example_dags/example_branch_python_dop_operator_3.py for tasks to queue
[2023-05-17T13:23:56.154+0000] {logging_mixin.py:149} INFO - [2023-05-17T13:23:56.153+0000] {dagbag.py:541} INFO - Filling up the DagBag from /home/airflow/.local/lib/python3.7/site-packages/airflow/example_dags/example_branch_python_dop_operator_3.py
[2023-05-17T13:23:56.178+0000] {processor.py:809} INFO - DAG(s) dict_keys(['example_branch_dop_operator_v3']) retrieved from /home/airflow/.local/lib/python3.7/site-packages/airflow/example_dags/example_branch_python_dop_operator_3.py
[2023-05-17T13:23:56.238+0000] {logging_mixin.py:149} INFO - [2023-05-17T13:23:56.238+0000] {dag.py:2726} INFO - Sync 1 DAGs
[2023-05-17T13:23:56.345+0000] {logging_mixin.py:149} INFO - [2023-05-17T13:23:56.345+0000] {dag.py:3490} INFO - Setting next_dagrun for example_branch_dop_operator_v3 to 2023-05-17T13:22:00+00:00, run_after=2023-05-17T13:23:00+00:00
[2023-05-17T13:23:56.560+0000] {processor.py:178} INFO - Processing /home/airflow/.local/lib/python3.7/site-packages/airflow/example_dags/example_branch_python_dop_operator_3.py took 0.425 seconds
[2023-05-17T13:24:27.336+0000] {processor.py:156} INFO - Started process (PID=1668) to work on /home/airflow/.local/lib/python3.7/site-packages/airflow/example_dags/example_branch_python_dop_operator_3.py
[2023-05-17T13:24:27.338+0000] {processor.py:799} INFO - Processing file /home/airflow/.local/lib/python3.7/site-packages/airflow/example_dags/example_branch_python_dop_operator_3.py for tasks to queue
[2023-05-17T13:24:27.340+0000] {logging_mixin.py:149} INFO - [2023-05-17T13:24:27.339+0000] {dagbag.py:541} INFO - Filling up the DagBag from /home/airflow/.local/lib/python3.7/site-packages/airflow/example_dags/example_branch_python_dop_operator_3.py
[2023-05-17T13:24:27.360+0000] {processor.py:809} INFO - DAG(s) dict_keys(['example_branch_dop_operator_v3']) retrieved from /home/airflow/.local/lib/python3.7/site-packages/airflow/example_dags/example_branch_python_dop_operator_3.py
[2023-05-17T13:24:27.460+0000] {logging_mixin.py:149} INFO - [2023-05-17T13:24:27.459+0000] {dag.py:2726} INFO - Sync 1 DAGs
[2023-05-17T13:24:27.541+0000] {logging_mixin.py:149} INFO - [2023-05-17T13:24:27.541+0000] {dag.py:3490} INFO - Setting next_dagrun for example_branch_dop_operator_v3 to 2023-05-17T13:23:00+00:00, run_after=2023-05-17T13:24:00+00:00
[2023-05-17T13:24:27.654+0000] {processor.py:178} INFO - Processing /home/airflow/.local/lib/python3.7/site-packages/airflow/example_dags/example_branch_python_dop_operator_3.py took 0.328 seconds
[2023-05-17T13:24:59.665+0000] {processor.py:156} INFO - Started process (PID=1727) to work on /home/airflow/.local/lib/python3.7/site-packages/airflow/example_dags/example_branch_python_dop_operator_3.py
[2023-05-17T13:24:59.668+0000] {processor.py:799} INFO - Processing file /home/airflow/.local/lib/python3.7/site-packages/airflow/example_dags/example_branch_python_dop_operator_3.py for tasks to queue
[2023-05-17T13:24:59.670+0000] {logging_mixin.py:149} INFO - [2023-05-17T13:24:59.669+0000] {dagbag.py:541} INFO - Filling up the DagBag from /home/airflow/.local/lib/python3.7/site-packages/airflow/example_dags/example_branch_python_dop_operator_3.py
[2023-05-17T13:24:59.686+0000] {processor.py:809} INFO - DAG(s) dict_keys(['example_branch_dop_operator_v3']) retrieved from /home/airflow/.local/lib/python3.7/site-packages/airflow/example_dags/example_branch_python_dop_operator_3.py
[2023-05-17T13:24:59.739+0000] {logging_mixin.py:149} INFO - [2023-05-17T13:24:59.739+0000] {dag.py:2726} INFO - Sync 1 DAGs
[2023-05-17T13:24:59.823+0000] {logging_mixin.py:149} INFO - [2023-05-17T13:24:59.823+0000] {dag.py:3490} INFO - Setting next_dagrun for example_branch_dop_operator_v3 to 2023-05-17T13:23:00+00:00, run_after=2023-05-17T13:24:00+00:00
[2023-05-17T13:25:00.013+0000] {processor.py:178} INFO - Processing /home/airflow/.local/lib/python3.7/site-packages/airflow/example_dags/example_branch_python_dop_operator_3.py took 0.355 seconds
[2023-05-17T13:25:31.721+0000] {processor.py:156} INFO - Started process (PID=1785) to work on /home/airflow/.local/lib/python3.7/site-packages/airflow/example_dags/example_branch_python_dop_operator_3.py
[2023-05-17T13:25:31.723+0000] {processor.py:799} INFO - Processing file /home/airflow/.local/lib/python3.7/site-packages/airflow/example_dags/example_branch_python_dop_operator_3.py for tasks to queue
[2023-05-17T13:25:31.725+0000] {logging_mixin.py:149} INFO - [2023-05-17T13:25:31.725+0000] {dagbag.py:541} INFO - Filling up the DagBag from /home/airflow/.local/lib/python3.7/site-packages/airflow/example_dags/example_branch_python_dop_operator_3.py
[2023-05-17T13:25:31.754+0000] {processor.py:809} INFO - DAG(s) dict_keys(['example_branch_dop_operator_v3']) retrieved from /home/airflow/.local/lib/python3.7/site-packages/airflow/example_dags/example_branch_python_dop_operator_3.py
[2023-05-17T13:25:31.841+0000] {logging_mixin.py:149} INFO - [2023-05-17T13:25:31.841+0000] {dag.py:2726} INFO - Sync 1 DAGs
[2023-05-17T13:25:31.955+0000] {logging_mixin.py:149} INFO - [2023-05-17T13:25:31.955+0000] {dag.py:3490} INFO - Setting next_dagrun for example_branch_dop_operator_v3 to 2023-05-17T13:24:00+00:00, run_after=2023-05-17T13:25:00+00:00
[2023-05-17T13:25:32.154+0000] {processor.py:178} INFO - Processing /home/airflow/.local/lib/python3.7/site-packages/airflow/example_dags/example_branch_python_dop_operator_3.py took 0.449 seconds
[2023-05-17T13:26:07.505+0000] {processor.py:156} INFO - Started process (PID=1842) to work on /home/airflow/.local/lib/python3.7/site-packages/airflow/example_dags/example_branch_python_dop_operator_3.py
[2023-05-17T13:26:07.509+0000] {processor.py:799} INFO - Processing file /home/airflow/.local/lib/python3.7/site-packages/airflow/example_dags/example_branch_python_dop_operator_3.py for tasks to queue
[2023-05-17T13:26:07.510+0000] {logging_mixin.py:149} INFO - [2023-05-17T13:26:07.510+0000] {dagbag.py:541} INFO - Filling up the DagBag from /home/airflow/.local/lib/python3.7/site-packages/airflow/example_dags/example_branch_python_dop_operator_3.py
[2023-05-17T13:26:07.753+0000] {processor.py:809} INFO - DAG(s) dict_keys(['example_branch_dop_operator_v3']) retrieved from /home/airflow/.local/lib/python3.7/site-packages/airflow/example_dags/example_branch_python_dop_operator_3.py
[2023-05-17T13:26:07.833+0000] {logging_mixin.py:149} INFO - [2023-05-17T13:26:07.832+0000] {dag.py:2726} INFO - Sync 1 DAGs
[2023-05-17T13:26:07.948+0000] {logging_mixin.py:149} INFO - [2023-05-17T13:26:07.948+0000] {dag.py:3490} INFO - Setting next_dagrun for example_branch_dop_operator_v3 to 2023-05-17T13:25:00+00:00, run_after=2023-05-17T13:26:00+00:00
[2023-05-17T13:26:08.362+0000] {processor.py:178} INFO - Processing /home/airflow/.local/lib/python3.7/site-packages/airflow/example_dags/example_branch_python_dop_operator_3.py took 0.865 seconds
[2023-05-17T13:26:40.262+0000] {processor.py:156} INFO - Started process (PID=1896) to work on /home/airflow/.local/lib/python3.7/site-packages/airflow/example_dags/example_branch_python_dop_operator_3.py
[2023-05-17T13:26:40.267+0000] {processor.py:799} INFO - Processing file /home/airflow/.local/lib/python3.7/site-packages/airflow/example_dags/example_branch_python_dop_operator_3.py for tasks to queue
[2023-05-17T13:26:40.271+0000] {logging_mixin.py:149} INFO - [2023-05-17T13:26:40.270+0000] {dagbag.py:541} INFO - Filling up the DagBag from /home/airflow/.local/lib/python3.7/site-packages/airflow/example_dags/example_branch_python_dop_operator_3.py
[2023-05-17T13:26:40.300+0000] {processor.py:809} INFO - DAG(s) dict_keys(['example_branch_dop_operator_v3']) retrieved from /home/airflow/.local/lib/python3.7/site-packages/airflow/example_dags/example_branch_python_dop_operator_3.py
[2023-05-17T13:26:40.422+0000] {logging_mixin.py:149} INFO - [2023-05-17T13:26:40.422+0000] {dag.py:2726} INFO - Sync 1 DAGs
[2023-05-17T13:26:40.536+0000] {logging_mixin.py:149} INFO - [2023-05-17T13:26:40.536+0000] {dag.py:3490} INFO - Setting next_dagrun for example_branch_dop_operator_v3 to 2023-05-17T13:25:00+00:00, run_after=2023-05-17T13:26:00+00:00
[2023-05-17T13:26:40.824+0000] {processor.py:178} INFO - Processing /home/airflow/.local/lib/python3.7/site-packages/airflow/example_dags/example_branch_python_dop_operator_3.py took 0.568 seconds
[2023-05-17T13:32:09.493+0000] {processor.py:156} INFO - Started process (PID=65) to work on /home/airflow/.local/lib/python3.7/site-packages/airflow/example_dags/example_branch_python_dop_operator_3.py
[2023-05-17T13:32:09.496+0000] {processor.py:799} INFO - Processing file /home/airflow/.local/lib/python3.7/site-packages/airflow/example_dags/example_branch_python_dop_operator_3.py for tasks to queue
[2023-05-17T13:32:09.509+0000] {logging_mixin.py:149} INFO - [2023-05-17T13:32:09.508+0000] {dagbag.py:541} INFO - Filling up the DagBag from /home/airflow/.local/lib/python3.7/site-packages/airflow/example_dags/example_branch_python_dop_operator_3.py
[2023-05-17T13:32:09.548+0000] {processor.py:809} INFO - DAG(s) dict_keys(['example_branch_dop_operator_v3']) retrieved from /home/airflow/.local/lib/python3.7/site-packages/airflow/example_dags/example_branch_python_dop_operator_3.py
[2023-05-17T13:32:09.672+0000] {logging_mixin.py:149} INFO - [2023-05-17T13:32:09.672+0000] {dag.py:2726} INFO - Sync 1 DAGs
[2023-05-17T13:32:09.767+0000] {logging_mixin.py:149} INFO - [2023-05-17T13:32:09.767+0000] {dag.py:3490} INFO - Setting next_dagrun for example_branch_dop_operator_v3 to 2023-05-17T13:31:00+00:00, run_after=2023-05-17T13:32:00+00:00
[2023-05-17T13:32:09.957+0000] {processor.py:178} INFO - Processing /home/airflow/.local/lib/python3.7/site-packages/airflow/example_dags/example_branch_python_dop_operator_3.py took 0.477 seconds
[2023-05-17T13:33:42.734+0000] {processor.py:156} INFO - Started process (PID=128) to work on /home/airflow/.local/lib/python3.7/site-packages/airflow/example_dags/example_branch_python_dop_operator_3.py
[2023-05-17T13:33:42.737+0000] {processor.py:799} INFO - Processing file /home/airflow/.local/lib/python3.7/site-packages/airflow/example_dags/example_branch_python_dop_operator_3.py for tasks to queue
[2023-05-17T13:33:42.742+0000] {logging_mixin.py:149} INFO - [2023-05-17T13:33:42.741+0000] {dagbag.py:541} INFO - Filling up the DagBag from /home/airflow/.local/lib/python3.7/site-packages/airflow/example_dags/example_branch_python_dop_operator_3.py
[2023-05-17T13:33:42.768+0000] {processor.py:809} INFO - DAG(s) dict_keys(['example_branch_dop_operator_v3']) retrieved from /home/airflow/.local/lib/python3.7/site-packages/airflow/example_dags/example_branch_python_dop_operator_3.py
[2023-05-17T13:33:42.852+0000] {logging_mixin.py:149} INFO - [2023-05-17T13:33:42.852+0000] {dag.py:2726} INFO - Sync 1 DAGs
[2023-05-17T13:33:42.950+0000] {logging_mixin.py:149} INFO - [2023-05-17T13:33:42.950+0000] {dag.py:3490} INFO - Setting next_dagrun for example_branch_dop_operator_v3 to 2023-05-17T13:32:00+00:00, run_after=2023-05-17T13:33:00+00:00
[2023-05-17T13:33:44.377+0000] {processor.py:178} INFO - Processing /home/airflow/.local/lib/python3.7/site-packages/airflow/example_dags/example_branch_python_dop_operator_3.py took 1.657 seconds
[2023-05-17T13:34:28.319+0000] {processor.py:156} INFO - Started process (PID=173) to work on /home/airflow/.local/lib/python3.7/site-packages/airflow/example_dags/example_branch_python_dop_operator_3.py
[2023-05-17T13:34:28.321+0000] {processor.py:799} INFO - Processing file /home/airflow/.local/lib/python3.7/site-packages/airflow/example_dags/example_branch_python_dop_operator_3.py for tasks to queue
[2023-05-17T13:34:28.323+0000] {logging_mixin.py:149} INFO - [2023-05-17T13:34:28.323+0000] {dagbag.py:541} INFO - Filling up the DagBag from /home/airflow/.local/lib/python3.7/site-packages/airflow/example_dags/example_branch_python_dop_operator_3.py
[2023-05-17T13:34:28.344+0000] {processor.py:809} INFO - DAG(s) dict_keys(['example_branch_dop_operator_v3']) retrieved from /home/airflow/.local/lib/python3.7/site-packages/airflow/example_dags/example_branch_python_dop_operator_3.py
[2023-05-17T13:34:28.401+0000] {logging_mixin.py:149} INFO - [2023-05-17T13:34:28.401+0000] {dag.py:2726} INFO - Sync 1 DAGs
[2023-05-17T13:34:28.476+0000] {logging_mixin.py:149} INFO - [2023-05-17T13:34:28.476+0000] {dag.py:3490} INFO - Setting next_dagrun for example_branch_dop_operator_v3 to 2023-05-17T13:33:00+00:00, run_after=2023-05-17T13:34:00+00:00
[2023-05-17T13:34:29.088+0000] {processor.py:178} INFO - Processing /home/airflow/.local/lib/python3.7/site-packages/airflow/example_dags/example_branch_python_dop_operator_3.py took 0.779 seconds
[2023-05-17T13:36:40.196+0000] {processor.py:156} INFO - Started process (PID=231) to work on /home/airflow/.local/lib/python3.7/site-packages/airflow/example_dags/example_branch_python_dop_operator_3.py
[2023-05-17T13:36:40.199+0000] {processor.py:799} INFO - Processing file /home/airflow/.local/lib/python3.7/site-packages/airflow/example_dags/example_branch_python_dop_operator_3.py for tasks to queue
[2023-05-17T13:36:40.203+0000] {logging_mixin.py:149} INFO - [2023-05-17T13:36:40.202+0000] {dagbag.py:541} INFO - Filling up the DagBag from /home/airflow/.local/lib/python3.7/site-packages/airflow/example_dags/example_branch_python_dop_operator_3.py
[2023-05-17T13:36:40.227+0000] {processor.py:809} INFO - DAG(s) dict_keys(['example_branch_dop_operator_v3']) retrieved from /home/airflow/.local/lib/python3.7/site-packages/airflow/example_dags/example_branch_python_dop_operator_3.py
[2023-05-17T13:36:40.308+0000] {logging_mixin.py:149} INFO - [2023-05-17T13:36:40.308+0000] {dag.py:2726} INFO - Sync 1 DAGs
[2023-05-17T13:36:40.406+0000] {logging_mixin.py:149} INFO - [2023-05-17T13:36:40.405+0000] {dag.py:3490} INFO - Setting next_dagrun for example_branch_dop_operator_v3 to 2023-05-17T13:35:00+00:00, run_after=2023-05-17T13:36:00+00:00
[2023-05-17T13:36:40.636+0000] {processor.py:178} INFO - Processing /home/airflow/.local/lib/python3.7/site-packages/airflow/example_dags/example_branch_python_dop_operator_3.py took 0.451 seconds
[2023-05-17T13:37:21.389+0000] {processor.py:156} INFO - Started process (PID=295) to work on /home/airflow/.local/lib/python3.7/site-packages/airflow/example_dags/example_branch_python_dop_operator_3.py
[2023-05-17T13:37:21.392+0000] {processor.py:799} INFO - Processing file /home/airflow/.local/lib/python3.7/site-packages/airflow/example_dags/example_branch_python_dop_operator_3.py for tasks to queue
[2023-05-17T13:37:21.394+0000] {logging_mixin.py:149} INFO - [2023-05-17T13:37:21.394+0000] {dagbag.py:541} INFO - Filling up the DagBag from /home/airflow/.local/lib/python3.7/site-packages/airflow/example_dags/example_branch_python_dop_operator_3.py
[2023-05-17T13:37:21.415+0000] {processor.py:809} INFO - DAG(s) dict_keys(['example_branch_dop_operator_v3']) retrieved from /home/airflow/.local/lib/python3.7/site-packages/airflow/example_dags/example_branch_python_dop_operator_3.py
[2023-05-17T13:37:21.480+0000] {logging_mixin.py:149} INFO - [2023-05-17T13:37:21.480+0000] {dag.py:2726} INFO - Sync 1 DAGs
[2023-05-17T13:37:21.568+0000] {logging_mixin.py:149} INFO - [2023-05-17T13:37:21.568+0000] {dag.py:3490} INFO - Setting next_dagrun for example_branch_dop_operator_v3 to 2023-05-17T13:36:00+00:00, run_after=2023-05-17T13:37:00+00:00
[2023-05-17T13:37:22.048+0000] {processor.py:178} INFO - Processing /home/airflow/.local/lib/python3.7/site-packages/airflow/example_dags/example_branch_python_dop_operator_3.py took 0.664 seconds
[2023-05-17T13:37:52.478+0000] {processor.py:156} INFO - Started process (PID=349) to work on /home/airflow/.local/lib/python3.7/site-packages/airflow/example_dags/example_branch_python_dop_operator_3.py
[2023-05-17T13:37:52.481+0000] {processor.py:799} INFO - Processing file /home/airflow/.local/lib/python3.7/site-packages/airflow/example_dags/example_branch_python_dop_operator_3.py for tasks to queue
[2023-05-17T13:37:52.485+0000] {logging_mixin.py:149} INFO - [2023-05-17T13:37:52.485+0000] {dagbag.py:541} INFO - Filling up the DagBag from /home/airflow/.local/lib/python3.7/site-packages/airflow/example_dags/example_branch_python_dop_operator_3.py
[2023-05-17T13:37:52.534+0000] {processor.py:809} INFO - DAG(s) dict_keys(['example_branch_dop_operator_v3']) retrieved from /home/airflow/.local/lib/python3.7/site-packages/airflow/example_dags/example_branch_python_dop_operator_3.py
[2023-05-17T13:37:52.628+0000] {logging_mixin.py:149} INFO - [2023-05-17T13:37:52.628+0000] {dag.py:2726} INFO - Sync 1 DAGs
[2023-05-17T13:37:52.761+0000] {logging_mixin.py:149} INFO - [2023-05-17T13:37:52.760+0000] {dag.py:3490} INFO - Setting next_dagrun for example_branch_dop_operator_v3 to 2023-05-17T13:36:00+00:00, run_after=2023-05-17T13:37:00+00:00
[2023-05-17T13:37:52.923+0000] {processor.py:178} INFO - Processing /home/airflow/.local/lib/python3.7/site-packages/airflow/example_dags/example_branch_python_dop_operator_3.py took 0.465 seconds
[2023-05-17T13:38:23.114+0000] {processor.py:156} INFO - Started process (PID=407) to work on /home/airflow/.local/lib/python3.7/site-packages/airflow/example_dags/example_branch_python_dop_operator_3.py
[2023-05-17T13:38:23.117+0000] {processor.py:799} INFO - Processing file /home/airflow/.local/lib/python3.7/site-packages/airflow/example_dags/example_branch_python_dop_operator_3.py for tasks to queue
[2023-05-17T13:38:23.120+0000] {logging_mixin.py:149} INFO - [2023-05-17T13:38:23.119+0000] {dagbag.py:541} INFO - Filling up the DagBag from /home/airflow/.local/lib/python3.7/site-packages/airflow/example_dags/example_branch_python_dop_operator_3.py
[2023-05-17T13:38:23.135+0000] {processor.py:809} INFO - DAG(s) dict_keys(['example_branch_dop_operator_v3']) retrieved from /home/airflow/.local/lib/python3.7/site-packages/airflow/example_dags/example_branch_python_dop_operator_3.py
[2023-05-17T13:38:23.181+0000] {logging_mixin.py:149} INFO - [2023-05-17T13:38:23.180+0000] {dag.py:2726} INFO - Sync 1 DAGs
[2023-05-17T13:38:23.245+0000] {logging_mixin.py:149} INFO - [2023-05-17T13:38:23.245+0000] {dag.py:3490} INFO - Setting next_dagrun for example_branch_dop_operator_v3 to 2023-05-17T13:37:00+00:00, run_after=2023-05-17T13:38:00+00:00
[2023-05-17T13:38:23.572+0000] {processor.py:178} INFO - Processing /home/airflow/.local/lib/python3.7/site-packages/airflow/example_dags/example_branch_python_dop_operator_3.py took 0.465 seconds
[2023-05-17T13:38:53.862+0000] {processor.py:156} INFO - Started process (PID=458) to work on /home/airflow/.local/lib/python3.7/site-packages/airflow/example_dags/example_branch_python_dop_operator_3.py
[2023-05-17T13:38:53.872+0000] {processor.py:799} INFO - Processing file /home/airflow/.local/lib/python3.7/site-packages/airflow/example_dags/example_branch_python_dop_operator_3.py for tasks to queue
[2023-05-17T13:38:53.878+0000] {logging_mixin.py:149} INFO - [2023-05-17T13:38:53.878+0000] {dagbag.py:541} INFO - Filling up the DagBag from /home/airflow/.local/lib/python3.7/site-packages/airflow/example_dags/example_branch_python_dop_operator_3.py
[2023-05-17T13:38:53.901+0000] {processor.py:809} INFO - DAG(s) dict_keys(['example_branch_dop_operator_v3']) retrieved from /home/airflow/.local/lib/python3.7/site-packages/airflow/example_dags/example_branch_python_dop_operator_3.py
[2023-05-17T13:38:53.993+0000] {logging_mixin.py:149} INFO - [2023-05-17T13:38:53.992+0000] {dag.py:2726} INFO - Sync 1 DAGs
[2023-05-17T13:38:54.092+0000] {logging_mixin.py:149} INFO - [2023-05-17T13:38:54.091+0000] {dag.py:3490} INFO - Setting next_dagrun for example_branch_dop_operator_v3 to 2023-05-17T13:37:00+00:00, run_after=2023-05-17T13:38:00+00:00
[2023-05-17T13:38:54.230+0000] {processor.py:178} INFO - Processing /home/airflow/.local/lib/python3.7/site-packages/airflow/example_dags/example_branch_python_dop_operator_3.py took 0.378 seconds
[2023-05-17T13:39:25.441+0000] {processor.py:156} INFO - Started process (PID=525) to work on /home/airflow/.local/lib/python3.7/site-packages/airflow/example_dags/example_branch_python_dop_operator_3.py
[2023-05-17T13:39:25.444+0000] {processor.py:799} INFO - Processing file /home/airflow/.local/lib/python3.7/site-packages/airflow/example_dags/example_branch_python_dop_operator_3.py for tasks to queue
[2023-05-17T13:39:25.448+0000] {logging_mixin.py:149} INFO - [2023-05-17T13:39:25.447+0000] {dagbag.py:541} INFO - Filling up the DagBag from /home/airflow/.local/lib/python3.7/site-packages/airflow/example_dags/example_branch_python_dop_operator_3.py
[2023-05-17T13:39:25.472+0000] {processor.py:809} INFO - DAG(s) dict_keys(['example_branch_dop_operator_v3']) retrieved from /home/airflow/.local/lib/python3.7/site-packages/airflow/example_dags/example_branch_python_dop_operator_3.py
[2023-05-17T13:39:25.570+0000] {logging_mixin.py:149} INFO - [2023-05-17T13:39:25.569+0000] {dag.py:2726} INFO - Sync 1 DAGs
[2023-05-17T13:39:25.672+0000] {logging_mixin.py:149} INFO - [2023-05-17T13:39:25.672+0000] {dag.py:3490} INFO - Setting next_dagrun for example_branch_dop_operator_v3 to 2023-05-17T13:38:00+00:00, run_after=2023-05-17T13:39:00+00:00
[2023-05-17T13:39:26.596+0000] {processor.py:178} INFO - Processing /home/airflow/.local/lib/python3.7/site-packages/airflow/example_dags/example_branch_python_dop_operator_3.py took 1.163 seconds
[2023-05-17T13:39:56.892+0000] {processor.py:156} INFO - Started process (PID=577) to work on /home/airflow/.local/lib/python3.7/site-packages/airflow/example_dags/example_branch_python_dop_operator_3.py
[2023-05-17T13:39:56.895+0000] {processor.py:799} INFO - Processing file /home/airflow/.local/lib/python3.7/site-packages/airflow/example_dags/example_branch_python_dop_operator_3.py for tasks to queue
[2023-05-17T13:39:56.899+0000] {logging_mixin.py:149} INFO - [2023-05-17T13:39:56.898+0000] {dagbag.py:541} INFO - Filling up the DagBag from /home/airflow/.local/lib/python3.7/site-packages/airflow/example_dags/example_branch_python_dop_operator_3.py
[2023-05-17T13:39:56.949+0000] {processor.py:809} INFO - DAG(s) dict_keys(['example_branch_dop_operator_v3']) retrieved from /home/airflow/.local/lib/python3.7/site-packages/airflow/example_dags/example_branch_python_dop_operator_3.py
[2023-05-17T13:39:57.100+0000] {logging_mixin.py:149} INFO - [2023-05-17T13:39:57.100+0000] {dag.py:2726} INFO - Sync 1 DAGs
[2023-05-17T13:39:57.212+0000] {logging_mixin.py:149} INFO - [2023-05-17T13:39:57.212+0000] {dag.py:3490} INFO - Setting next_dagrun for example_branch_dop_operator_v3 to 2023-05-17T13:38:00+00:00, run_after=2023-05-17T13:39:00+00:00
[2023-05-17T13:39:57.532+0000] {processor.py:178} INFO - Processing /home/airflow/.local/lib/python3.7/site-packages/airflow/example_dags/example_branch_python_dop_operator_3.py took 0.665 seconds
