[2023-05-17T13:04:58.598+0000] {processor.py:156} INFO - Started process (PID=133) to work on /home/airflow/.local/lib/python3.7/site-packages/airflow/example_dags/example_local_kubernetes_executor.py
[2023-05-17T13:04:58.603+0000] {processor.py:799} INFO - Processing file /home/airflow/.local/lib/python3.7/site-packages/airflow/example_dags/example_local_kubernetes_executor.py for tasks to queue
[2023-05-17T13:04:58.609+0000] {logging_mixin.py:149} INFO - [2023-05-17T13:04:58.609+0000] {dagbag.py:541} INFO - Filling up the DagBag from /home/airflow/.local/lib/python3.7/site-packages/airflow/example_dags/example_local_kubernetes_executor.py
[2023-05-17T13:05:03.742+0000] {processor.py:809} INFO - DAG(s) dict_keys(['example_local_kubernetes_executor']) retrieved from /home/airflow/.local/lib/python3.7/site-packages/airflow/example_dags/example_local_kubernetes_executor.py
[2023-05-17T13:05:06.566+0000] {logging_mixin.py:149} INFO - [2023-05-17T13:05:06.566+0000] {manager.py:504} INFO - Created Permission View: can read on DAG:example_local_kubernetes_executor
[2023-05-17T13:05:07.186+0000] {logging_mixin.py:149} INFO - [2023-05-17T13:05:07.186+0000] {manager.py:504} INFO - Created Permission View: can edit on DAG:example_local_kubernetes_executor
[2023-05-17T13:05:07.661+0000] {logging_mixin.py:149} INFO - [2023-05-17T13:05:07.660+0000] {manager.py:504} INFO - Created Permission View: can delete on DAG:example_local_kubernetes_executor
[2023-05-17T13:05:07.664+0000] {logging_mixin.py:149} INFO - [2023-05-17T13:05:07.664+0000] {dag.py:2726} INFO - Sync 1 DAGs
[2023-05-17T13:05:07.697+0000] {logging_mixin.py:149} INFO - [2023-05-17T13:05:07.696+0000] {dag.py:2747} INFO - Creating ORM DAG for example_local_kubernetes_executor
[2023-05-17T13:05:07.725+0000] {logging_mixin.py:149} INFO - [2023-05-17T13:05:07.725+0000] {dag.py:3490} INFO - Setting next_dagrun for example_local_kubernetes_executor to None, run_after=None
[2023-05-17T13:05:08.332+0000] {processor.py:178} INFO - Processing /home/airflow/.local/lib/python3.7/site-packages/airflow/example_dags/example_local_kubernetes_executor.py took 9.741 seconds
[2023-05-17T13:09:07.035+0000] {processor.py:156} INFO - Started process (PID=225) to work on /home/airflow/.local/lib/python3.7/site-packages/airflow/example_dags/example_local_kubernetes_executor.py
[2023-05-17T13:09:07.038+0000] {processor.py:799} INFO - Processing file /home/airflow/.local/lib/python3.7/site-packages/airflow/example_dags/example_local_kubernetes_executor.py for tasks to queue
[2023-05-17T13:09:07.040+0000] {logging_mixin.py:149} INFO - [2023-05-17T13:09:07.039+0000] {dagbag.py:541} INFO - Filling up the DagBag from /home/airflow/.local/lib/python3.7/site-packages/airflow/example_dags/example_local_kubernetes_executor.py
[2023-05-17T13:09:18.558+0000] {processor.py:809} INFO - DAG(s) dict_keys(['example_local_kubernetes_executor']) retrieved from /home/airflow/.local/lib/python3.7/site-packages/airflow/example_dags/example_local_kubernetes_executor.py
[2023-05-17T13:09:18.926+0000] {logging_mixin.py:149} INFO - [2023-05-17T13:09:18.926+0000] {dag.py:2726} INFO - Sync 1 DAGs
[2023-05-17T13:09:19.003+0000] {logging_mixin.py:149} INFO - [2023-05-17T13:09:19.000+0000] {dag.py:3490} INFO - Setting next_dagrun for example_local_kubernetes_executor to None, run_after=None
[2023-05-17T13:09:19.132+0000] {processor.py:178} INFO - Processing /home/airflow/.local/lib/python3.7/site-packages/airflow/example_dags/example_local_kubernetes_executor.py took 12.107 seconds
[2023-05-17T13:09:54.038+0000] {processor.py:156} INFO - Started process (PID=307) to work on /home/airflow/.local/lib/python3.7/site-packages/airflow/example_dags/example_local_kubernetes_executor.py
[2023-05-17T13:09:54.040+0000] {processor.py:799} INFO - Processing file /home/airflow/.local/lib/python3.7/site-packages/airflow/example_dags/example_local_kubernetes_executor.py for tasks to queue
[2023-05-17T13:09:54.042+0000] {logging_mixin.py:149} INFO - [2023-05-17T13:09:54.042+0000] {dagbag.py:541} INFO - Filling up the DagBag from /home/airflow/.local/lib/python3.7/site-packages/airflow/example_dags/example_local_kubernetes_executor.py
[2023-05-17T13:09:54.817+0000] {processor.py:809} INFO - DAG(s) dict_keys(['example_local_kubernetes_executor']) retrieved from /home/airflow/.local/lib/python3.7/site-packages/airflow/example_dags/example_local_kubernetes_executor.py
[2023-05-17T13:09:55.613+0000] {logging_mixin.py:149} INFO - [2023-05-17T13:09:55.612+0000] {dag.py:2726} INFO - Sync 1 DAGs
[2023-05-17T13:09:55.774+0000] {logging_mixin.py:149} INFO - [2023-05-17T13:09:55.773+0000] {dag.py:3490} INFO - Setting next_dagrun for example_local_kubernetes_executor to None, run_after=None
[2023-05-17T13:09:56.027+0000] {processor.py:178} INFO - Processing /home/airflow/.local/lib/python3.7/site-packages/airflow/example_dags/example_local_kubernetes_executor.py took 2.005 seconds
[2023-05-17T13:10:26.467+0000] {processor.py:156} INFO - Started process (PID=361) to work on /home/airflow/.local/lib/python3.7/site-packages/airflow/example_dags/example_local_kubernetes_executor.py
[2023-05-17T13:10:26.469+0000] {processor.py:799} INFO - Processing file /home/airflow/.local/lib/python3.7/site-packages/airflow/example_dags/example_local_kubernetes_executor.py for tasks to queue
[2023-05-17T13:10:26.471+0000] {logging_mixin.py:149} INFO - [2023-05-17T13:10:26.471+0000] {dagbag.py:541} INFO - Filling up the DagBag from /home/airflow/.local/lib/python3.7/site-packages/airflow/example_dags/example_local_kubernetes_executor.py
[2023-05-17T13:10:26.998+0000] {processor.py:809} INFO - DAG(s) dict_keys(['example_local_kubernetes_executor']) retrieved from /home/airflow/.local/lib/python3.7/site-packages/airflow/example_dags/example_local_kubernetes_executor.py
[2023-05-17T13:10:27.089+0000] {logging_mixin.py:149} INFO - [2023-05-17T13:10:27.087+0000] {dag.py:2726} INFO - Sync 1 DAGs
[2023-05-17T13:10:27.193+0000] {logging_mixin.py:149} INFO - [2023-05-17T13:10:27.192+0000] {dag.py:3490} INFO - Setting next_dagrun for example_local_kubernetes_executor to None, run_after=None
[2023-05-17T13:10:27.418+0000] {processor.py:178} INFO - Processing /home/airflow/.local/lib/python3.7/site-packages/airflow/example_dags/example_local_kubernetes_executor.py took 0.957 seconds
[2023-05-17T13:11:11.054+0000] {processor.py:156} INFO - Started process (PID=423) to work on /home/airflow/.local/lib/python3.7/site-packages/airflow/example_dags/example_local_kubernetes_executor.py
[2023-05-17T13:11:11.058+0000] {processor.py:799} INFO - Processing file /home/airflow/.local/lib/python3.7/site-packages/airflow/example_dags/example_local_kubernetes_executor.py for tasks to queue
[2023-05-17T13:11:11.061+0000] {logging_mixin.py:149} INFO - [2023-05-17T13:11:11.060+0000] {dagbag.py:541} INFO - Filling up the DagBag from /home/airflow/.local/lib/python3.7/site-packages/airflow/example_dags/example_local_kubernetes_executor.py
[2023-05-17T13:11:11.952+0000] {processor.py:809} INFO - DAG(s) dict_keys(['example_local_kubernetes_executor']) retrieved from /home/airflow/.local/lib/python3.7/site-packages/airflow/example_dags/example_local_kubernetes_executor.py
[2023-05-17T13:11:12.081+0000] {logging_mixin.py:149} INFO - [2023-05-17T13:11:12.080+0000] {dag.py:2726} INFO - Sync 1 DAGs
[2023-05-17T13:11:12.206+0000] {logging_mixin.py:149} INFO - [2023-05-17T13:11:12.206+0000] {dag.py:3490} INFO - Setting next_dagrun for example_local_kubernetes_executor to None, run_after=None
[2023-05-17T13:11:12.471+0000] {processor.py:178} INFO - Processing /home/airflow/.local/lib/python3.7/site-packages/airflow/example_dags/example_local_kubernetes_executor.py took 1.428 seconds
[2023-05-17T13:11:42.958+0000] {processor.py:156} INFO - Started process (PID=481) to work on /home/airflow/.local/lib/python3.7/site-packages/airflow/example_dags/example_local_kubernetes_executor.py
[2023-05-17T13:11:42.962+0000] {processor.py:799} INFO - Processing file /home/airflow/.local/lib/python3.7/site-packages/airflow/example_dags/example_local_kubernetes_executor.py for tasks to queue
[2023-05-17T13:11:42.964+0000] {logging_mixin.py:149} INFO - [2023-05-17T13:11:42.963+0000] {dagbag.py:541} INFO - Filling up the DagBag from /home/airflow/.local/lib/python3.7/site-packages/airflow/example_dags/example_local_kubernetes_executor.py
[2023-05-17T13:11:43.734+0000] {processor.py:809} INFO - DAG(s) dict_keys(['example_local_kubernetes_executor']) retrieved from /home/airflow/.local/lib/python3.7/site-packages/airflow/example_dags/example_local_kubernetes_executor.py
[2023-05-17T13:11:43.849+0000] {logging_mixin.py:149} INFO - [2023-05-17T13:11:43.849+0000] {dag.py:2726} INFO - Sync 1 DAGs
[2023-05-17T13:11:43.958+0000] {logging_mixin.py:149} INFO - [2023-05-17T13:11:43.958+0000] {dag.py:3490} INFO - Setting next_dagrun for example_local_kubernetes_executor to None, run_after=None
[2023-05-17T13:11:44.372+0000] {processor.py:178} INFO - Processing /home/airflow/.local/lib/python3.7/site-packages/airflow/example_dags/example_local_kubernetes_executor.py took 1.424 seconds
[2023-05-17T13:12:14.991+0000] {processor.py:156} INFO - Started process (PID=534) to work on /home/airflow/.local/lib/python3.7/site-packages/airflow/example_dags/example_local_kubernetes_executor.py
[2023-05-17T13:12:15.001+0000] {processor.py:799} INFO - Processing file /home/airflow/.local/lib/python3.7/site-packages/airflow/example_dags/example_local_kubernetes_executor.py for tasks to queue
[2023-05-17T13:12:15.006+0000] {logging_mixin.py:149} INFO - [2023-05-17T13:12:15.006+0000] {dagbag.py:541} INFO - Filling up the DagBag from /home/airflow/.local/lib/python3.7/site-packages/airflow/example_dags/example_local_kubernetes_executor.py
[2023-05-17T13:12:15.772+0000] {processor.py:809} INFO - DAG(s) dict_keys(['example_local_kubernetes_executor']) retrieved from /home/airflow/.local/lib/python3.7/site-packages/airflow/example_dags/example_local_kubernetes_executor.py
[2023-05-17T13:12:15.914+0000] {logging_mixin.py:149} INFO - [2023-05-17T13:12:15.913+0000] {dag.py:2726} INFO - Sync 1 DAGs
[2023-05-17T13:12:16.008+0000] {logging_mixin.py:149} INFO - [2023-05-17T13:12:16.008+0000] {dag.py:3490} INFO - Setting next_dagrun for example_local_kubernetes_executor to None, run_after=None
[2023-05-17T13:12:16.651+0000] {processor.py:178} INFO - Processing /home/airflow/.local/lib/python3.7/site-packages/airflow/example_dags/example_local_kubernetes_executor.py took 1.669 seconds
[2023-05-17T13:13:12.014+0000] {processor.py:156} INFO - Started process (PID=607) to work on /home/airflow/.local/lib/python3.7/site-packages/airflow/example_dags/example_local_kubernetes_executor.py
[2023-05-17T13:13:12.016+0000] {processor.py:799} INFO - Processing file /home/airflow/.local/lib/python3.7/site-packages/airflow/example_dags/example_local_kubernetes_executor.py for tasks to queue
[2023-05-17T13:13:12.019+0000] {logging_mixin.py:149} INFO - [2023-05-17T13:13:12.019+0000] {dagbag.py:541} INFO - Filling up the DagBag from /home/airflow/.local/lib/python3.7/site-packages/airflow/example_dags/example_local_kubernetes_executor.py
[2023-05-17T13:13:16.104+0000] {processor.py:809} INFO - DAG(s) dict_keys(['example_local_kubernetes_executor']) retrieved from /home/airflow/.local/lib/python3.7/site-packages/airflow/example_dags/example_local_kubernetes_executor.py
[2023-05-17T13:13:16.851+0000] {logging_mixin.py:149} INFO - [2023-05-17T13:13:16.850+0000] {dag.py:2726} INFO - Sync 1 DAGs
[2023-05-17T13:13:16.913+0000] {logging_mixin.py:149} INFO - [2023-05-17T13:13:16.913+0000] {dag.py:3490} INFO - Setting next_dagrun for example_local_kubernetes_executor to None, run_after=None
[2023-05-17T13:13:17.234+0000] {processor.py:178} INFO - Processing /home/airflow/.local/lib/python3.7/site-packages/airflow/example_dags/example_local_kubernetes_executor.py took 5.229 seconds
[2023-05-17T13:13:47.686+0000] {processor.py:156} INFO - Started process (PID=667) to work on /home/airflow/.local/lib/python3.7/site-packages/airflow/example_dags/example_local_kubernetes_executor.py
[2023-05-17T13:13:47.697+0000] {processor.py:799} INFO - Processing file /home/airflow/.local/lib/python3.7/site-packages/airflow/example_dags/example_local_kubernetes_executor.py for tasks to queue
[2023-05-17T13:13:47.701+0000] {logging_mixin.py:149} INFO - [2023-05-17T13:13:47.701+0000] {dagbag.py:541} INFO - Filling up the DagBag from /home/airflow/.local/lib/python3.7/site-packages/airflow/example_dags/example_local_kubernetes_executor.py
[2023-05-17T13:13:48.344+0000] {processor.py:809} INFO - DAG(s) dict_keys(['example_local_kubernetes_executor']) retrieved from /home/airflow/.local/lib/python3.7/site-packages/airflow/example_dags/example_local_kubernetes_executor.py
[2023-05-17T13:13:48.442+0000] {logging_mixin.py:149} INFO - [2023-05-17T13:13:48.442+0000] {dag.py:2726} INFO - Sync 1 DAGs
[2023-05-17T13:13:48.516+0000] {logging_mixin.py:149} INFO - [2023-05-17T13:13:48.516+0000] {dag.py:3490} INFO - Setting next_dagrun for example_local_kubernetes_executor to None, run_after=None
[2023-05-17T13:13:48.773+0000] {processor.py:178} INFO - Processing /home/airflow/.local/lib/python3.7/site-packages/airflow/example_dags/example_local_kubernetes_executor.py took 1.096 seconds
[2023-05-17T13:14:19.454+0000] {processor.py:156} INFO - Started process (PID=724) to work on /home/airflow/.local/lib/python3.7/site-packages/airflow/example_dags/example_local_kubernetes_executor.py
[2023-05-17T13:14:19.459+0000] {processor.py:799} INFO - Processing file /home/airflow/.local/lib/python3.7/site-packages/airflow/example_dags/example_local_kubernetes_executor.py for tasks to queue
[2023-05-17T13:14:19.465+0000] {logging_mixin.py:149} INFO - [2023-05-17T13:14:19.464+0000] {dagbag.py:541} INFO - Filling up the DagBag from /home/airflow/.local/lib/python3.7/site-packages/airflow/example_dags/example_local_kubernetes_executor.py
[2023-05-17T13:14:39.656+0000] {processor.py:809} INFO - DAG(s) dict_keys(['example_local_kubernetes_executor']) retrieved from /home/airflow/.local/lib/python3.7/site-packages/airflow/example_dags/example_local_kubernetes_executor.py
[2023-05-17T13:14:44.584+0000] {logging_mixin.py:149} INFO - [2023-05-17T13:14:44.584+0000] {dag.py:2726} INFO - Sync 1 DAGs
[2023-05-17T13:14:46.481+0000] {logging_mixin.py:149} INFO - [2023-05-17T13:14:46.481+0000] {dag.py:3490} INFO - Setting next_dagrun for example_local_kubernetes_executor to None, run_after=None
[2023-05-17T13:14:48.149+0000] {processor.py:178} INFO - Processing /home/airflow/.local/lib/python3.7/site-packages/airflow/example_dags/example_local_kubernetes_executor.py took 28.716 seconds
[2023-05-17T13:15:20.472+0000] {processor.py:156} INFO - Started process (PID=788) to work on /home/airflow/.local/lib/python3.7/site-packages/airflow/example_dags/example_local_kubernetes_executor.py
[2023-05-17T13:15:20.475+0000] {processor.py:799} INFO - Processing file /home/airflow/.local/lib/python3.7/site-packages/airflow/example_dags/example_local_kubernetes_executor.py for tasks to queue
[2023-05-17T13:15:20.482+0000] {logging_mixin.py:149} INFO - [2023-05-17T13:15:20.481+0000] {dagbag.py:541} INFO - Filling up the DagBag from /home/airflow/.local/lib/python3.7/site-packages/airflow/example_dags/example_local_kubernetes_executor.py
[2023-05-17T13:15:21.539+0000] {processor.py:809} INFO - DAG(s) dict_keys(['example_local_kubernetes_executor']) retrieved from /home/airflow/.local/lib/python3.7/site-packages/airflow/example_dags/example_local_kubernetes_executor.py
[2023-05-17T13:15:21.647+0000] {logging_mixin.py:149} INFO - [2023-05-17T13:15:21.647+0000] {dag.py:2726} INFO - Sync 1 DAGs
[2023-05-17T13:15:21.711+0000] {logging_mixin.py:149} INFO - [2023-05-17T13:15:21.710+0000] {dag.py:3490} INFO - Setting next_dagrun for example_local_kubernetes_executor to None, run_after=None
[2023-05-17T13:15:22.463+0000] {processor.py:178} INFO - Processing /home/airflow/.local/lib/python3.7/site-packages/airflow/example_dags/example_local_kubernetes_executor.py took 2.001 seconds
[2023-05-17T13:15:53.458+0000] {processor.py:156} INFO - Started process (PID=842) to work on /home/airflow/.local/lib/python3.7/site-packages/airflow/example_dags/example_local_kubernetes_executor.py
[2023-05-17T13:15:53.461+0000] {processor.py:799} INFO - Processing file /home/airflow/.local/lib/python3.7/site-packages/airflow/example_dags/example_local_kubernetes_executor.py for tasks to queue
[2023-05-17T13:15:53.464+0000] {logging_mixin.py:149} INFO - [2023-05-17T13:15:53.464+0000] {dagbag.py:541} INFO - Filling up the DagBag from /home/airflow/.local/lib/python3.7/site-packages/airflow/example_dags/example_local_kubernetes_executor.py
[2023-05-17T13:15:55.095+0000] {processor.py:809} INFO - DAG(s) dict_keys(['example_local_kubernetes_executor']) retrieved from /home/airflow/.local/lib/python3.7/site-packages/airflow/example_dags/example_local_kubernetes_executor.py
[2023-05-17T13:15:55.302+0000] {logging_mixin.py:149} INFO - [2023-05-17T13:15:55.302+0000] {dag.py:2726} INFO - Sync 1 DAGs
[2023-05-17T13:15:55.488+0000] {logging_mixin.py:149} INFO - [2023-05-17T13:15:55.487+0000] {dag.py:3490} INFO - Setting next_dagrun for example_local_kubernetes_executor to None, run_after=None
[2023-05-17T13:15:55.852+0000] {processor.py:178} INFO - Processing /home/airflow/.local/lib/python3.7/site-packages/airflow/example_dags/example_local_kubernetes_executor.py took 2.357 seconds
[2023-05-17T13:16:27.183+0000] {processor.py:156} INFO - Started process (PID=901) to work on /home/airflow/.local/lib/python3.7/site-packages/airflow/example_dags/example_local_kubernetes_executor.py
[2023-05-17T13:16:27.189+0000] {processor.py:799} INFO - Processing file /home/airflow/.local/lib/python3.7/site-packages/airflow/example_dags/example_local_kubernetes_executor.py for tasks to queue
[2023-05-17T13:16:27.192+0000] {logging_mixin.py:149} INFO - [2023-05-17T13:16:27.192+0000] {dagbag.py:541} INFO - Filling up the DagBag from /home/airflow/.local/lib/python3.7/site-packages/airflow/example_dags/example_local_kubernetes_executor.py
[2023-05-17T13:16:30.710+0000] {processor.py:809} INFO - DAG(s) dict_keys(['example_local_kubernetes_executor']) retrieved from /home/airflow/.local/lib/python3.7/site-packages/airflow/example_dags/example_local_kubernetes_executor.py
[2023-05-17T13:16:31.922+0000] {logging_mixin.py:149} INFO - [2023-05-17T13:16:31.922+0000] {dag.py:2726} INFO - Sync 1 DAGs
[2023-05-17T13:16:33.870+0000] {logging_mixin.py:149} INFO - [2023-05-17T13:16:33.869+0000] {dag.py:3490} INFO - Setting next_dagrun for example_local_kubernetes_executor to None, run_after=None
[2023-05-17T13:16:34.865+0000] {processor.py:178} INFO - Processing /home/airflow/.local/lib/python3.7/site-packages/airflow/example_dags/example_local_kubernetes_executor.py took 7.710 seconds
[2023-05-17T13:17:05.707+0000] {processor.py:156} INFO - Started process (PID=962) to work on /home/airflow/.local/lib/python3.7/site-packages/airflow/example_dags/example_local_kubernetes_executor.py
[2023-05-17T13:17:05.710+0000] {processor.py:799} INFO - Processing file /home/airflow/.local/lib/python3.7/site-packages/airflow/example_dags/example_local_kubernetes_executor.py for tasks to queue
[2023-05-17T13:17:05.713+0000] {logging_mixin.py:149} INFO - [2023-05-17T13:17:05.713+0000] {dagbag.py:541} INFO - Filling up the DagBag from /home/airflow/.local/lib/python3.7/site-packages/airflow/example_dags/example_local_kubernetes_executor.py
[2023-05-17T13:17:08.107+0000] {processor.py:809} INFO - DAG(s) dict_keys(['example_local_kubernetes_executor']) retrieved from /home/airflow/.local/lib/python3.7/site-packages/airflow/example_dags/example_local_kubernetes_executor.py
[2023-05-17T13:17:08.198+0000] {logging_mixin.py:149} INFO - [2023-05-17T13:17:08.197+0000] {dag.py:2726} INFO - Sync 1 DAGs
[2023-05-17T13:17:08.549+0000] {logging_mixin.py:149} INFO - [2023-05-17T13:17:08.549+0000] {dag.py:3490} INFO - Setting next_dagrun for example_local_kubernetes_executor to None, run_after=None
[2023-05-17T13:17:10.200+0000] {processor.py:178} INFO - Processing /home/airflow/.local/lib/python3.7/site-packages/airflow/example_dags/example_local_kubernetes_executor.py took 4.501 seconds
[2023-05-17T13:17:42.406+0000] {processor.py:156} INFO - Started process (PID=1020) to work on /home/airflow/.local/lib/python3.7/site-packages/airflow/example_dags/example_local_kubernetes_executor.py
[2023-05-17T13:17:42.411+0000] {processor.py:799} INFO - Processing file /home/airflow/.local/lib/python3.7/site-packages/airflow/example_dags/example_local_kubernetes_executor.py for tasks to queue
[2023-05-17T13:17:42.414+0000] {logging_mixin.py:149} INFO - [2023-05-17T13:17:42.414+0000] {dagbag.py:541} INFO - Filling up the DagBag from /home/airflow/.local/lib/python3.7/site-packages/airflow/example_dags/example_local_kubernetes_executor.py
[2023-05-17T13:17:44.332+0000] {processor.py:809} INFO - DAG(s) dict_keys(['example_local_kubernetes_executor']) retrieved from /home/airflow/.local/lib/python3.7/site-packages/airflow/example_dags/example_local_kubernetes_executor.py
[2023-05-17T13:17:44.767+0000] {logging_mixin.py:149} INFO - [2023-05-17T13:17:44.767+0000] {dag.py:2726} INFO - Sync 1 DAGs
[2023-05-17T13:17:44.825+0000] {logging_mixin.py:149} INFO - [2023-05-17T13:17:44.824+0000] {dag.py:3490} INFO - Setting next_dagrun for example_local_kubernetes_executor to None, run_after=None
[2023-05-17T13:17:46.039+0000] {processor.py:178} INFO - Processing /home/airflow/.local/lib/python3.7/site-packages/airflow/example_dags/example_local_kubernetes_executor.py took 3.652 seconds
[2023-05-17T13:18:39.811+0000] {processor.py:156} INFO - Started process (PID=1083) to work on /home/airflow/.local/lib/python3.7/site-packages/airflow/example_dags/example_local_kubernetes_executor.py
[2023-05-17T13:18:39.813+0000] {processor.py:799} INFO - Processing file /home/airflow/.local/lib/python3.7/site-packages/airflow/example_dags/example_local_kubernetes_executor.py for tasks to queue
[2023-05-17T13:18:39.816+0000] {logging_mixin.py:149} INFO - [2023-05-17T13:18:39.815+0000] {dagbag.py:541} INFO - Filling up the DagBag from /home/airflow/.local/lib/python3.7/site-packages/airflow/example_dags/example_local_kubernetes_executor.py
[2023-05-17T13:18:40.360+0000] {processor.py:809} INFO - DAG(s) dict_keys(['example_local_kubernetes_executor']) retrieved from /home/airflow/.local/lib/python3.7/site-packages/airflow/example_dags/example_local_kubernetes_executor.py
[2023-05-17T13:18:40.447+0000] {logging_mixin.py:149} INFO - [2023-05-17T13:18:40.447+0000] {dag.py:2726} INFO - Sync 1 DAGs
[2023-05-17T13:18:40.519+0000] {logging_mixin.py:149} INFO - [2023-05-17T13:18:40.519+0000] {dag.py:3490} INFO - Setting next_dagrun for example_local_kubernetes_executor to None, run_after=None
[2023-05-17T13:18:41.050+0000] {processor.py:178} INFO - Processing /home/airflow/.local/lib/python3.7/site-packages/airflow/example_dags/example_local_kubernetes_executor.py took 1.245 seconds
[2023-05-17T13:19:11.363+0000] {processor.py:156} INFO - Started process (PID=1137) to work on /home/airflow/.local/lib/python3.7/site-packages/airflow/example_dags/example_local_kubernetes_executor.py
[2023-05-17T13:19:11.365+0000] {processor.py:799} INFO - Processing file /home/airflow/.local/lib/python3.7/site-packages/airflow/example_dags/example_local_kubernetes_executor.py for tasks to queue
[2023-05-17T13:19:11.367+0000] {logging_mixin.py:149} INFO - [2023-05-17T13:19:11.367+0000] {dagbag.py:541} INFO - Filling up the DagBag from /home/airflow/.local/lib/python3.7/site-packages/airflow/example_dags/example_local_kubernetes_executor.py
[2023-05-17T13:19:11.922+0000] {processor.py:809} INFO - DAG(s) dict_keys(['example_local_kubernetes_executor']) retrieved from /home/airflow/.local/lib/python3.7/site-packages/airflow/example_dags/example_local_kubernetes_executor.py
[2023-05-17T13:19:12.019+0000] {logging_mixin.py:149} INFO - [2023-05-17T13:19:12.018+0000] {dag.py:2726} INFO - Sync 1 DAGs
[2023-05-17T13:19:12.118+0000] {logging_mixin.py:149} INFO - [2023-05-17T13:19:12.118+0000] {dag.py:3490} INFO - Setting next_dagrun for example_local_kubernetes_executor to None, run_after=None
[2023-05-17T13:19:12.346+0000] {processor.py:178} INFO - Processing /home/airflow/.local/lib/python3.7/site-packages/airflow/example_dags/example_local_kubernetes_executor.py took 0.989 seconds
[2023-05-17T13:19:42.518+0000] {processor.py:156} INFO - Started process (PID=1196) to work on /home/airflow/.local/lib/python3.7/site-packages/airflow/example_dags/example_local_kubernetes_executor.py
[2023-05-17T13:19:42.521+0000] {processor.py:799} INFO - Processing file /home/airflow/.local/lib/python3.7/site-packages/airflow/example_dags/example_local_kubernetes_executor.py for tasks to queue
[2023-05-17T13:19:42.524+0000] {logging_mixin.py:149} INFO - [2023-05-17T13:19:42.524+0000] {dagbag.py:541} INFO - Filling up the DagBag from /home/airflow/.local/lib/python3.7/site-packages/airflow/example_dags/example_local_kubernetes_executor.py
[2023-05-17T13:19:43.207+0000] {processor.py:809} INFO - DAG(s) dict_keys(['example_local_kubernetes_executor']) retrieved from /home/airflow/.local/lib/python3.7/site-packages/airflow/example_dags/example_local_kubernetes_executor.py
[2023-05-17T13:19:43.305+0000] {logging_mixin.py:149} INFO - [2023-05-17T13:19:43.305+0000] {dag.py:2726} INFO - Sync 1 DAGs
[2023-05-17T13:19:43.407+0000] {logging_mixin.py:149} INFO - [2023-05-17T13:19:43.402+0000] {dag.py:3490} INFO - Setting next_dagrun for example_local_kubernetes_executor to None, run_after=None
[2023-05-17T13:19:44.404+0000] {processor.py:178} INFO - Processing /home/airflow/.local/lib/python3.7/site-packages/airflow/example_dags/example_local_kubernetes_executor.py took 1.895 seconds
[2023-05-17T13:20:15.258+0000] {processor.py:156} INFO - Started process (PID=1255) to work on /home/airflow/.local/lib/python3.7/site-packages/airflow/example_dags/example_local_kubernetes_executor.py
[2023-05-17T13:20:15.261+0000] {processor.py:799} INFO - Processing file /home/airflow/.local/lib/python3.7/site-packages/airflow/example_dags/example_local_kubernetes_executor.py for tasks to queue
[2023-05-17T13:20:15.264+0000] {logging_mixin.py:149} INFO - [2023-05-17T13:20:15.263+0000] {dagbag.py:541} INFO - Filling up the DagBag from /home/airflow/.local/lib/python3.7/site-packages/airflow/example_dags/example_local_kubernetes_executor.py
[2023-05-17T13:20:16.172+0000] {processor.py:809} INFO - DAG(s) dict_keys(['example_local_kubernetes_executor']) retrieved from /home/airflow/.local/lib/python3.7/site-packages/airflow/example_dags/example_local_kubernetes_executor.py
[2023-05-17T13:20:16.312+0000] {logging_mixin.py:149} INFO - [2023-05-17T13:20:16.312+0000] {dag.py:2726} INFO - Sync 1 DAGs
[2023-05-17T13:20:16.408+0000] {logging_mixin.py:149} INFO - [2023-05-17T13:20:16.408+0000] {dag.py:3490} INFO - Setting next_dagrun for example_local_kubernetes_executor to None, run_after=None
[2023-05-17T13:20:16.860+0000] {processor.py:178} INFO - Processing /home/airflow/.local/lib/python3.7/site-packages/airflow/example_dags/example_local_kubernetes_executor.py took 1.609 seconds
[2023-05-17T13:20:50.244+0000] {processor.py:156} INFO - Started process (PID=1323) to work on /home/airflow/.local/lib/python3.7/site-packages/airflow/example_dags/example_local_kubernetes_executor.py
[2023-05-17T13:20:50.250+0000] {processor.py:799} INFO - Processing file /home/airflow/.local/lib/python3.7/site-packages/airflow/example_dags/example_local_kubernetes_executor.py for tasks to queue
[2023-05-17T13:20:50.253+0000] {logging_mixin.py:149} INFO - [2023-05-17T13:20:50.253+0000] {dagbag.py:541} INFO - Filling up the DagBag from /home/airflow/.local/lib/python3.7/site-packages/airflow/example_dags/example_local_kubernetes_executor.py
[2023-05-17T13:20:52.061+0000] {processor.py:809} INFO - DAG(s) dict_keys(['example_local_kubernetes_executor']) retrieved from /home/airflow/.local/lib/python3.7/site-packages/airflow/example_dags/example_local_kubernetes_executor.py
[2023-05-17T13:20:52.380+0000] {logging_mixin.py:149} INFO - [2023-05-17T13:20:52.380+0000] {dag.py:2726} INFO - Sync 1 DAGs
[2023-05-17T13:20:52.467+0000] {logging_mixin.py:149} INFO - [2023-05-17T13:20:52.467+0000] {dag.py:3490} INFO - Setting next_dagrun for example_local_kubernetes_executor to None, run_after=None
[2023-05-17T13:20:52.946+0000] {processor.py:178} INFO - Processing /home/airflow/.local/lib/python3.7/site-packages/airflow/example_dags/example_local_kubernetes_executor.py took 2.718 seconds
[2023-05-17T13:21:23.314+0000] {processor.py:156} INFO - Started process (PID=1383) to work on /home/airflow/.local/lib/python3.7/site-packages/airflow/example_dags/example_local_kubernetes_executor.py
[2023-05-17T13:21:23.318+0000] {processor.py:799} INFO - Processing file /home/airflow/.local/lib/python3.7/site-packages/airflow/example_dags/example_local_kubernetes_executor.py for tasks to queue
[2023-05-17T13:21:23.321+0000] {logging_mixin.py:149} INFO - [2023-05-17T13:21:23.321+0000] {dagbag.py:541} INFO - Filling up the DagBag from /home/airflow/.local/lib/python3.7/site-packages/airflow/example_dags/example_local_kubernetes_executor.py
[2023-05-17T13:21:26.214+0000] {processor.py:809} INFO - DAG(s) dict_keys(['example_local_kubernetes_executor']) retrieved from /home/airflow/.local/lib/python3.7/site-packages/airflow/example_dags/example_local_kubernetes_executor.py
[2023-05-17T13:21:26.469+0000] {logging_mixin.py:149} INFO - [2023-05-17T13:21:26.468+0000] {dag.py:2726} INFO - Sync 1 DAGs
[2023-05-17T13:21:26.654+0000] {logging_mixin.py:149} INFO - [2023-05-17T13:21:26.653+0000] {dag.py:3490} INFO - Setting next_dagrun for example_local_kubernetes_executor to None, run_after=None
[2023-05-17T13:21:27.072+0000] {processor.py:178} INFO - Processing /home/airflow/.local/lib/python3.7/site-packages/airflow/example_dags/example_local_kubernetes_executor.py took 3.772 seconds
[2023-05-17T13:21:57.821+0000] {processor.py:156} INFO - Started process (PID=1445) to work on /home/airflow/.local/lib/python3.7/site-packages/airflow/example_dags/example_local_kubernetes_executor.py
[2023-05-17T13:21:57.846+0000] {processor.py:799} INFO - Processing file /home/airflow/.local/lib/python3.7/site-packages/airflow/example_dags/example_local_kubernetes_executor.py for tasks to queue
[2023-05-17T13:21:57.853+0000] {logging_mixin.py:149} INFO - [2023-05-17T13:21:57.852+0000] {dagbag.py:541} INFO - Filling up the DagBag from /home/airflow/.local/lib/python3.7/site-packages/airflow/example_dags/example_local_kubernetes_executor.py
[2023-05-17T13:22:00.139+0000] {processor.py:809} INFO - DAG(s) dict_keys(['example_local_kubernetes_executor']) retrieved from /home/airflow/.local/lib/python3.7/site-packages/airflow/example_dags/example_local_kubernetes_executor.py
[2023-05-17T13:22:00.231+0000] {logging_mixin.py:149} INFO - [2023-05-17T13:22:00.231+0000] {dag.py:2726} INFO - Sync 1 DAGs
[2023-05-17T13:22:00.296+0000] {logging_mixin.py:149} INFO - [2023-05-17T13:22:00.296+0000] {dag.py:3490} INFO - Setting next_dagrun for example_local_kubernetes_executor to None, run_after=None
[2023-05-17T13:22:01.229+0000] {processor.py:178} INFO - Processing /home/airflow/.local/lib/python3.7/site-packages/airflow/example_dags/example_local_kubernetes_executor.py took 3.435 seconds
[2023-05-17T13:22:58.191+0000] {processor.py:156} INFO - Started process (PID=1507) to work on /home/airflow/.local/lib/python3.7/site-packages/airflow/example_dags/example_local_kubernetes_executor.py
[2023-05-17T13:22:58.194+0000] {processor.py:799} INFO - Processing file /home/airflow/.local/lib/python3.7/site-packages/airflow/example_dags/example_local_kubernetes_executor.py for tasks to queue
[2023-05-17T13:22:58.196+0000] {logging_mixin.py:149} INFO - [2023-05-17T13:22:58.196+0000] {dagbag.py:541} INFO - Filling up the DagBag from /home/airflow/.local/lib/python3.7/site-packages/airflow/example_dags/example_local_kubernetes_executor.py
[2023-05-17T13:22:58.873+0000] {processor.py:809} INFO - DAG(s) dict_keys(['example_local_kubernetes_executor']) retrieved from /home/airflow/.local/lib/python3.7/site-packages/airflow/example_dags/example_local_kubernetes_executor.py
[2023-05-17T13:22:58.958+0000] {logging_mixin.py:149} INFO - [2023-05-17T13:22:58.958+0000] {dag.py:2726} INFO - Sync 1 DAGs
[2023-05-17T13:22:59.569+0000] {logging_mixin.py:149} INFO - [2023-05-17T13:22:59.568+0000] {dag.py:3490} INFO - Setting next_dagrun for example_local_kubernetes_executor to None, run_after=None
[2023-05-17T13:23:00.089+0000] {processor.py:178} INFO - Processing /home/airflow/.local/lib/python3.7/site-packages/airflow/example_dags/example_local_kubernetes_executor.py took 1.906 seconds
[2023-05-17T13:23:30.302+0000] {processor.py:156} INFO - Started process (PID=1557) to work on /home/airflow/.local/lib/python3.7/site-packages/airflow/example_dags/example_local_kubernetes_executor.py
[2023-05-17T13:23:30.305+0000] {processor.py:799} INFO - Processing file /home/airflow/.local/lib/python3.7/site-packages/airflow/example_dags/example_local_kubernetes_executor.py for tasks to queue
[2023-05-17T13:23:30.309+0000] {logging_mixin.py:149} INFO - [2023-05-17T13:23:30.308+0000] {dagbag.py:541} INFO - Filling up the DagBag from /home/airflow/.local/lib/python3.7/site-packages/airflow/example_dags/example_local_kubernetes_executor.py
[2023-05-17T13:23:31.342+0000] {processor.py:809} INFO - DAG(s) dict_keys(['example_local_kubernetes_executor']) retrieved from /home/airflow/.local/lib/python3.7/site-packages/airflow/example_dags/example_local_kubernetes_executor.py
[2023-05-17T13:23:31.490+0000] {logging_mixin.py:149} INFO - [2023-05-17T13:23:31.489+0000] {dag.py:2726} INFO - Sync 1 DAGs
[2023-05-17T13:23:31.644+0000] {logging_mixin.py:149} INFO - [2023-05-17T13:23:31.641+0000] {dag.py:3490} INFO - Setting next_dagrun for example_local_kubernetes_executor to None, run_after=None
[2023-05-17T13:23:31.931+0000] {processor.py:178} INFO - Processing /home/airflow/.local/lib/python3.7/site-packages/airflow/example_dags/example_local_kubernetes_executor.py took 1.636 seconds
[2023-05-17T13:24:02.583+0000] {processor.py:156} INFO - Started process (PID=1615) to work on /home/airflow/.local/lib/python3.7/site-packages/airflow/example_dags/example_local_kubernetes_executor.py
[2023-05-17T13:24:02.586+0000] {processor.py:799} INFO - Processing file /home/airflow/.local/lib/python3.7/site-packages/airflow/example_dags/example_local_kubernetes_executor.py for tasks to queue
[2023-05-17T13:24:02.590+0000] {logging_mixin.py:149} INFO - [2023-05-17T13:24:02.589+0000] {dagbag.py:541} INFO - Filling up the DagBag from /home/airflow/.local/lib/python3.7/site-packages/airflow/example_dags/example_local_kubernetes_executor.py
[2023-05-17T13:24:03.430+0000] {processor.py:809} INFO - DAG(s) dict_keys(['example_local_kubernetes_executor']) retrieved from /home/airflow/.local/lib/python3.7/site-packages/airflow/example_dags/example_local_kubernetes_executor.py
[2023-05-17T13:24:03.658+0000] {logging_mixin.py:149} INFO - [2023-05-17T13:24:03.655+0000] {dag.py:2726} INFO - Sync 1 DAGs
[2023-05-17T13:24:03.946+0000] {logging_mixin.py:149} INFO - [2023-05-17T13:24:03.944+0000] {dag.py:3490} INFO - Setting next_dagrun for example_local_kubernetes_executor to None, run_after=None
[2023-05-17T13:24:04.594+0000] {processor.py:178} INFO - Processing /home/airflow/.local/lib/python3.7/site-packages/airflow/example_dags/example_local_kubernetes_executor.py took 2.020 seconds
[2023-05-17T13:24:34.957+0000] {processor.py:156} INFO - Started process (PID=1675) to work on /home/airflow/.local/lib/python3.7/site-packages/airflow/example_dags/example_local_kubernetes_executor.py
[2023-05-17T13:24:34.961+0000] {processor.py:799} INFO - Processing file /home/airflow/.local/lib/python3.7/site-packages/airflow/example_dags/example_local_kubernetes_executor.py for tasks to queue
[2023-05-17T13:24:34.967+0000] {logging_mixin.py:149} INFO - [2023-05-17T13:24:34.964+0000] {dagbag.py:541} INFO - Filling up the DagBag from /home/airflow/.local/lib/python3.7/site-packages/airflow/example_dags/example_local_kubernetes_executor.py
[2023-05-17T13:24:36.942+0000] {processor.py:809} INFO - DAG(s) dict_keys(['example_local_kubernetes_executor']) retrieved from /home/airflow/.local/lib/python3.7/site-packages/airflow/example_dags/example_local_kubernetes_executor.py
[2023-05-17T13:24:37.125+0000] {logging_mixin.py:149} INFO - [2023-05-17T13:24:37.125+0000] {dag.py:2726} INFO - Sync 1 DAGs
[2023-05-17T13:24:37.386+0000] {logging_mixin.py:149} INFO - [2023-05-17T13:24:37.386+0000] {dag.py:3490} INFO - Setting next_dagrun for example_local_kubernetes_executor to None, run_after=None
[2023-05-17T13:24:39.334+0000] {processor.py:178} INFO - Processing /home/airflow/.local/lib/python3.7/site-packages/airflow/example_dags/example_local_kubernetes_executor.py took 4.397 seconds
[2023-05-17T13:25:09.822+0000] {processor.py:156} INFO - Started process (PID=1734) to work on /home/airflow/.local/lib/python3.7/site-packages/airflow/example_dags/example_local_kubernetes_executor.py
[2023-05-17T13:25:09.824+0000] {processor.py:799} INFO - Processing file /home/airflow/.local/lib/python3.7/site-packages/airflow/example_dags/example_local_kubernetes_executor.py for tasks to queue
[2023-05-17T13:25:09.826+0000] {logging_mixin.py:149} INFO - [2023-05-17T13:25:09.826+0000] {dagbag.py:541} INFO - Filling up the DagBag from /home/airflow/.local/lib/python3.7/site-packages/airflow/example_dags/example_local_kubernetes_executor.py
[2023-05-17T13:25:10.503+0000] {processor.py:809} INFO - DAG(s) dict_keys(['example_local_kubernetes_executor']) retrieved from /home/airflow/.local/lib/python3.7/site-packages/airflow/example_dags/example_local_kubernetes_executor.py
[2023-05-17T13:25:10.590+0000] {logging_mixin.py:149} INFO - [2023-05-17T13:25:10.589+0000] {dag.py:2726} INFO - Sync 1 DAGs
[2023-05-17T13:25:10.651+0000] {logging_mixin.py:149} INFO - [2023-05-17T13:25:10.651+0000] {dag.py:3490} INFO - Setting next_dagrun for example_local_kubernetes_executor to None, run_after=None
[2023-05-17T13:25:10.811+0000] {processor.py:178} INFO - Processing /home/airflow/.local/lib/python3.7/site-packages/airflow/example_dags/example_local_kubernetes_executor.py took 1.002 seconds
[2023-05-17T13:25:40.982+0000] {processor.py:156} INFO - Started process (PID=1792) to work on /home/airflow/.local/lib/python3.7/site-packages/airflow/example_dags/example_local_kubernetes_executor.py
[2023-05-17T13:25:40.987+0000] {processor.py:799} INFO - Processing file /home/airflow/.local/lib/python3.7/site-packages/airflow/example_dags/example_local_kubernetes_executor.py for tasks to queue
[2023-05-17T13:25:40.990+0000] {logging_mixin.py:149} INFO - [2023-05-17T13:25:40.990+0000] {dagbag.py:541} INFO - Filling up the DagBag from /home/airflow/.local/lib/python3.7/site-packages/airflow/example_dags/example_local_kubernetes_executor.py
[2023-05-17T13:25:41.980+0000] {processor.py:809} INFO - DAG(s) dict_keys(['example_local_kubernetes_executor']) retrieved from /home/airflow/.local/lib/python3.7/site-packages/airflow/example_dags/example_local_kubernetes_executor.py
[2023-05-17T13:25:42.370+0000] {logging_mixin.py:149} INFO - [2023-05-17T13:25:42.370+0000] {dag.py:2726} INFO - Sync 1 DAGs
[2023-05-17T13:25:42.657+0000] {logging_mixin.py:149} INFO - [2023-05-17T13:25:42.657+0000] {dag.py:3490} INFO - Setting next_dagrun for example_local_kubernetes_executor to None, run_after=None
[2023-05-17T13:25:43.185+0000] {processor.py:178} INFO - Processing /home/airflow/.local/lib/python3.7/site-packages/airflow/example_dags/example_local_kubernetes_executor.py took 2.225 seconds
[2023-05-17T13:26:13.457+0000] {processor.py:156} INFO - Started process (PID=1849) to work on /home/airflow/.local/lib/python3.7/site-packages/airflow/example_dags/example_local_kubernetes_executor.py
[2023-05-17T13:26:13.459+0000] {processor.py:799} INFO - Processing file /home/airflow/.local/lib/python3.7/site-packages/airflow/example_dags/example_local_kubernetes_executor.py for tasks to queue
[2023-05-17T13:26:13.462+0000] {logging_mixin.py:149} INFO - [2023-05-17T13:26:13.462+0000] {dagbag.py:541} INFO - Filling up the DagBag from /home/airflow/.local/lib/python3.7/site-packages/airflow/example_dags/example_local_kubernetes_executor.py
[2023-05-17T13:26:14.421+0000] {processor.py:809} INFO - DAG(s) dict_keys(['example_local_kubernetes_executor']) retrieved from /home/airflow/.local/lib/python3.7/site-packages/airflow/example_dags/example_local_kubernetes_executor.py
[2023-05-17T13:26:14.551+0000] {logging_mixin.py:149} INFO - [2023-05-17T13:26:14.550+0000] {dag.py:2726} INFO - Sync 1 DAGs
[2023-05-17T13:26:14.624+0000] {logging_mixin.py:149} INFO - [2023-05-17T13:26:14.623+0000] {dag.py:3490} INFO - Setting next_dagrun for example_local_kubernetes_executor to None, run_after=None
[2023-05-17T13:26:14.969+0000] {processor.py:178} INFO - Processing /home/airflow/.local/lib/python3.7/site-packages/airflow/example_dags/example_local_kubernetes_executor.py took 1.523 seconds
[2023-05-17T13:26:45.622+0000] {processor.py:156} INFO - Started process (PID=1903) to work on /home/airflow/.local/lib/python3.7/site-packages/airflow/example_dags/example_local_kubernetes_executor.py
[2023-05-17T13:26:45.624+0000] {processor.py:799} INFO - Processing file /home/airflow/.local/lib/python3.7/site-packages/airflow/example_dags/example_local_kubernetes_executor.py for tasks to queue
[2023-05-17T13:26:45.628+0000] {logging_mixin.py:149} INFO - [2023-05-17T13:26:45.628+0000] {dagbag.py:541} INFO - Filling up the DagBag from /home/airflow/.local/lib/python3.7/site-packages/airflow/example_dags/example_local_kubernetes_executor.py
[2023-05-17T13:26:46.678+0000] {processor.py:809} INFO - DAG(s) dict_keys(['example_local_kubernetes_executor']) retrieved from /home/airflow/.local/lib/python3.7/site-packages/airflow/example_dags/example_local_kubernetes_executor.py
[2023-05-17T13:26:46.762+0000] {logging_mixin.py:149} INFO - [2023-05-17T13:26:46.762+0000] {dag.py:2726} INFO - Sync 1 DAGs
[2023-05-17T13:26:46.846+0000] {logging_mixin.py:149} INFO - [2023-05-17T13:26:46.846+0000] {dag.py:3490} INFO - Setting next_dagrun for example_local_kubernetes_executor to None, run_after=None
[2023-05-17T13:26:47.204+0000] {processor.py:178} INFO - Processing /home/airflow/.local/lib/python3.7/site-packages/airflow/example_dags/example_local_kubernetes_executor.py took 1.589 seconds
[2023-05-17T13:32:12.272+0000] {processor.py:156} INFO - Started process (PID=71) to work on /home/airflow/.local/lib/python3.7/site-packages/airflow/example_dags/example_local_kubernetes_executor.py
[2023-05-17T13:32:12.279+0000] {processor.py:799} INFO - Processing file /home/airflow/.local/lib/python3.7/site-packages/airflow/example_dags/example_local_kubernetes_executor.py for tasks to queue
[2023-05-17T13:32:12.293+0000] {logging_mixin.py:149} INFO - [2023-05-17T13:32:12.293+0000] {dagbag.py:541} INFO - Filling up the DagBag from /home/airflow/.local/lib/python3.7/site-packages/airflow/example_dags/example_local_kubernetes_executor.py
[2023-05-17T13:32:13.799+0000] {processor.py:809} INFO - DAG(s) dict_keys(['example_local_kubernetes_executor']) retrieved from /home/airflow/.local/lib/python3.7/site-packages/airflow/example_dags/example_local_kubernetes_executor.py
[2023-05-17T13:32:13.955+0000] {logging_mixin.py:149} INFO - [2023-05-17T13:32:13.954+0000] {dag.py:2726} INFO - Sync 1 DAGs
[2023-05-17T13:32:14.060+0000] {logging_mixin.py:149} INFO - [2023-05-17T13:32:14.059+0000] {dag.py:3490} INFO - Setting next_dagrun for example_local_kubernetes_executor to None, run_after=None
[2023-05-17T13:32:14.241+0000] {processor.py:178} INFO - Processing /home/airflow/.local/lib/python3.7/site-packages/airflow/example_dags/example_local_kubernetes_executor.py took 1.985 seconds
[2023-05-17T13:33:49.653+0000] {processor.py:156} INFO - Started process (PID=134) to work on /home/airflow/.local/lib/python3.7/site-packages/airflow/example_dags/example_local_kubernetes_executor.py
[2023-05-17T13:33:49.657+0000] {processor.py:799} INFO - Processing file /home/airflow/.local/lib/python3.7/site-packages/airflow/example_dags/example_local_kubernetes_executor.py for tasks to queue
[2023-05-17T13:33:49.659+0000] {logging_mixin.py:149} INFO - [2023-05-17T13:33:49.658+0000] {dagbag.py:541} INFO - Filling up the DagBag from /home/airflow/.local/lib/python3.7/site-packages/airflow/example_dags/example_local_kubernetes_executor.py
[2023-05-17T13:34:19.799+0000] {logging_mixin.py:149} INFO - [2023-05-17T13:34:19.799+0000] {timeout.py:68} ERROR - Process timed out, PID: 134
[2023-05-17T13:34:21.808+0000] {logging_mixin.py:149} INFO - [2023-05-17T13:34:19.804+0000] {dagbag.py:350} ERROR - Failed to import: /home/airflow/.local/lib/python3.7/site-packages/airflow/example_dags/example_local_kubernetes_executor.py
Traceback (most recent call last):
  File "/home/airflow/.local/lib/python3.7/site-packages/airflow/models/dagbag.py", line 346, in parse
    loader.exec_module(new_module)
  File "<frozen importlib._bootstrap_external>", line 728, in exec_module
  File "<frozen importlib._bootstrap>", line 219, in _call_with_frames_removed
  File "/home/airflow/.local/lib/python3.7/site-packages/airflow/example_dags/example_local_kubernetes_executor.py", line 37, in <module>
    from kubernetes.client import models as k8s
  File "/home/airflow/.local/lib/python3.7/site-packages/kubernetes/__init__.py", line 19, in <module>
    import kubernetes.client
  File "/home/airflow/.local/lib/python3.7/site-packages/kubernetes/client/__init__.py", line 20, in <module>
    from kubernetes.client.api.well_known_api import WellKnownApi
  File "/home/airflow/.local/lib/python3.7/site-packages/kubernetes/client/api/__init__.py", line 6, in <module>
    from kubernetes.client.api.well_known_api import WellKnownApi
  File "/home/airflow/.local/lib/python3.7/site-packages/kubernetes/client/api/well_known_api.py", line 20, in <module>
    from kubernetes.client.api_client import ApiClient
  File "/home/airflow/.local/lib/python3.7/site-packages/kubernetes/client/api_client.py", line 28, in <module>
    import kubernetes.client.models
  File "/home/airflow/.local/lib/python3.7/site-packages/kubernetes/client/models/__init__.py", line 560, in <module>
    from kubernetes.client.models.v2beta2_metric_identifier import V2beta2MetricIdentifier
  File "<frozen importlib._bootstrap>", line 983, in _find_and_load
  File "<frozen importlib._bootstrap>", line 967, in _find_and_load_unlocked
  File "<frozen importlib._bootstrap>", line 677, in _load_unlocked
  File "<frozen importlib._bootstrap_external>", line 724, in exec_module
  File "<frozen importlib._bootstrap_external>", line 818, in get_code
  File "<frozen importlib._bootstrap_external>", line 917, in get_data
  File "/home/airflow/.local/lib/python3.7/site-packages/airflow/utils/timeout.py", line 69, in handle_timeout
    raise AirflowTaskTimeout(self.error_message)
airflow.exceptions.AirflowTaskTimeout: DagBag import timeout for /home/airflow/.local/lib/python3.7/site-packages/airflow/example_dags/example_local_kubernetes_executor.py after 30.0s.
Please take a look at these docs to improve your DAG import time:
* https://airflow.apache.org/docs/apache-airflow/2.6.0/best-practices.html#top-level-python-code
* https://airflow.apache.org/docs/apache-airflow/2.6.0/best-practices.html#reducing-dag-complexity, PID: 134
[2023-05-17T13:34:21.809+0000] {processor.py:811} WARNING - No viable dags retrieved from /home/airflow/.local/lib/python3.7/site-packages/airflow/example_dags/example_local_kubernetes_executor.py
[2023-05-17T13:34:23.008+0000] {processor.py:178} INFO - Processing /home/airflow/.local/lib/python3.7/site-packages/airflow/example_dags/example_local_kubernetes_executor.py took 33.364 seconds
[2023-05-17T13:36:41.693+0000] {processor.py:156} INFO - Started process (PID=236) to work on /home/airflow/.local/lib/python3.7/site-packages/airflow/example_dags/example_local_kubernetes_executor.py
[2023-05-17T13:36:41.695+0000] {processor.py:799} INFO - Processing file /home/airflow/.local/lib/python3.7/site-packages/airflow/example_dags/example_local_kubernetes_executor.py for tasks to queue
[2023-05-17T13:36:41.699+0000] {logging_mixin.py:149} INFO - [2023-05-17T13:36:41.699+0000] {dagbag.py:541} INFO - Filling up the DagBag from /home/airflow/.local/lib/python3.7/site-packages/airflow/example_dags/example_local_kubernetes_executor.py
[2023-05-17T13:36:53.016+0000] {processor.py:809} INFO - DAG(s) dict_keys(['example_local_kubernetes_executor']) retrieved from /home/airflow/.local/lib/python3.7/site-packages/airflow/example_dags/example_local_kubernetes_executor.py
[2023-05-17T13:36:53.250+0000] {logging_mixin.py:149} INFO - [2023-05-17T13:36:53.250+0000] {dag.py:2726} INFO - Sync 1 DAGs
[2023-05-17T13:36:53.306+0000] {logging_mixin.py:149} INFO - [2023-05-17T13:36:53.306+0000] {dag.py:3490} INFO - Setting next_dagrun for example_local_kubernetes_executor to None, run_after=None
[2023-05-17T13:36:53.659+0000] {processor.py:178} INFO - Processing /home/airflow/.local/lib/python3.7/site-packages/airflow/example_dags/example_local_kubernetes_executor.py took 11.988 seconds
[2023-05-17T13:37:25.606+0000] {processor.py:156} INFO - Started process (PID=307) to work on /home/airflow/.local/lib/python3.7/site-packages/airflow/example_dags/example_local_kubernetes_executor.py
[2023-05-17T13:37:25.609+0000] {processor.py:799} INFO - Processing file /home/airflow/.local/lib/python3.7/site-packages/airflow/example_dags/example_local_kubernetes_executor.py for tasks to queue
[2023-05-17T13:37:25.611+0000] {logging_mixin.py:149} INFO - [2023-05-17T13:37:25.611+0000] {dagbag.py:541} INFO - Filling up the DagBag from /home/airflow/.local/lib/python3.7/site-packages/airflow/example_dags/example_local_kubernetes_executor.py
[2023-05-17T13:37:26.302+0000] {processor.py:809} INFO - DAG(s) dict_keys(['example_local_kubernetes_executor']) retrieved from /home/airflow/.local/lib/python3.7/site-packages/airflow/example_dags/example_local_kubernetes_executor.py
[2023-05-17T13:37:26.372+0000] {logging_mixin.py:149} INFO - [2023-05-17T13:37:26.371+0000] {dag.py:2726} INFO - Sync 1 DAGs
[2023-05-17T13:37:26.438+0000] {logging_mixin.py:149} INFO - [2023-05-17T13:37:26.437+0000] {dag.py:3490} INFO - Setting next_dagrun for example_local_kubernetes_executor to None, run_after=None
[2023-05-17T13:37:26.543+0000] {processor.py:178} INFO - Processing /home/airflow/.local/lib/python3.7/site-packages/airflow/example_dags/example_local_kubernetes_executor.py took 0.947 seconds
[2023-05-17T13:37:57.119+0000] {processor.py:156} INFO - Started process (PID=361) to work on /home/airflow/.local/lib/python3.7/site-packages/airflow/example_dags/example_local_kubernetes_executor.py
[2023-05-17T13:37:57.123+0000] {processor.py:799} INFO - Processing file /home/airflow/.local/lib/python3.7/site-packages/airflow/example_dags/example_local_kubernetes_executor.py for tasks to queue
[2023-05-17T13:37:57.127+0000] {logging_mixin.py:149} INFO - [2023-05-17T13:37:57.126+0000] {dagbag.py:541} INFO - Filling up the DagBag from /home/airflow/.local/lib/python3.7/site-packages/airflow/example_dags/example_local_kubernetes_executor.py
[2023-05-17T13:37:58.239+0000] {processor.py:809} INFO - DAG(s) dict_keys(['example_local_kubernetes_executor']) retrieved from /home/airflow/.local/lib/python3.7/site-packages/airflow/example_dags/example_local_kubernetes_executor.py
[2023-05-17T13:37:58.392+0000] {logging_mixin.py:149} INFO - [2023-05-17T13:37:58.392+0000] {dag.py:2726} INFO - Sync 1 DAGs
[2023-05-17T13:37:58.606+0000] {logging_mixin.py:149} INFO - [2023-05-17T13:37:58.605+0000] {dag.py:3490} INFO - Setting next_dagrun for example_local_kubernetes_executor to None, run_after=None
[2023-05-17T13:37:58.835+0000] {processor.py:178} INFO - Processing /home/airflow/.local/lib/python3.7/site-packages/airflow/example_dags/example_local_kubernetes_executor.py took 1.724 seconds
[2023-05-17T13:38:29.017+0000] {processor.py:156} INFO - Started process (PID=418) to work on /home/airflow/.local/lib/python3.7/site-packages/airflow/example_dags/example_local_kubernetes_executor.py
[2023-05-17T13:38:29.019+0000] {processor.py:799} INFO - Processing file /home/airflow/.local/lib/python3.7/site-packages/airflow/example_dags/example_local_kubernetes_executor.py for tasks to queue
[2023-05-17T13:38:29.021+0000] {logging_mixin.py:149} INFO - [2023-05-17T13:38:29.021+0000] {dagbag.py:541} INFO - Filling up the DagBag from /home/airflow/.local/lib/python3.7/site-packages/airflow/example_dags/example_local_kubernetes_executor.py
[2023-05-17T13:38:29.575+0000] {processor.py:809} INFO - DAG(s) dict_keys(['example_local_kubernetes_executor']) retrieved from /home/airflow/.local/lib/python3.7/site-packages/airflow/example_dags/example_local_kubernetes_executor.py
[2023-05-17T13:38:29.661+0000] {logging_mixin.py:149} INFO - [2023-05-17T13:38:29.660+0000] {dag.py:2726} INFO - Sync 1 DAGs
[2023-05-17T13:38:29.727+0000] {logging_mixin.py:149} INFO - [2023-05-17T13:38:29.727+0000] {dag.py:3490} INFO - Setting next_dagrun for example_local_kubernetes_executor to None, run_after=None
[2023-05-17T13:38:30.299+0000] {processor.py:178} INFO - Processing /home/airflow/.local/lib/python3.7/site-packages/airflow/example_dags/example_local_kubernetes_executor.py took 1.290 seconds
[2023-05-17T13:39:00.563+0000] {processor.py:156} INFO - Started process (PID=477) to work on /home/airflow/.local/lib/python3.7/site-packages/airflow/example_dags/example_local_kubernetes_executor.py
[2023-05-17T13:39:00.565+0000] {processor.py:799} INFO - Processing file /home/airflow/.local/lib/python3.7/site-packages/airflow/example_dags/example_local_kubernetes_executor.py for tasks to queue
[2023-05-17T13:39:00.567+0000] {logging_mixin.py:149} INFO - [2023-05-17T13:39:00.567+0000] {dagbag.py:541} INFO - Filling up the DagBag from /home/airflow/.local/lib/python3.7/site-packages/airflow/example_dags/example_local_kubernetes_executor.py
[2023-05-17T13:39:01.123+0000] {processor.py:809} INFO - DAG(s) dict_keys(['example_local_kubernetes_executor']) retrieved from /home/airflow/.local/lib/python3.7/site-packages/airflow/example_dags/example_local_kubernetes_executor.py
[2023-05-17T13:39:01.229+0000] {logging_mixin.py:149} INFO - [2023-05-17T13:39:01.229+0000] {dag.py:2726} INFO - Sync 1 DAGs
[2023-05-17T13:39:01.329+0000] {logging_mixin.py:149} INFO - [2023-05-17T13:39:01.329+0000] {dag.py:3490} INFO - Setting next_dagrun for example_local_kubernetes_executor to None, run_after=None
[2023-05-17T13:39:01.689+0000] {processor.py:178} INFO - Processing /home/airflow/.local/lib/python3.7/site-packages/airflow/example_dags/example_local_kubernetes_executor.py took 1.135 seconds
[2023-05-17T13:39:31.932+0000] {processor.py:156} INFO - Started process (PID=536) to work on /home/airflow/.local/lib/python3.7/site-packages/airflow/example_dags/example_local_kubernetes_executor.py
[2023-05-17T13:39:31.935+0000] {processor.py:799} INFO - Processing file /home/airflow/.local/lib/python3.7/site-packages/airflow/example_dags/example_local_kubernetes_executor.py for tasks to queue
[2023-05-17T13:39:31.937+0000] {logging_mixin.py:149} INFO - [2023-05-17T13:39:31.937+0000] {dagbag.py:541} INFO - Filling up the DagBag from /home/airflow/.local/lib/python3.7/site-packages/airflow/example_dags/example_local_kubernetes_executor.py
[2023-05-17T13:39:32.570+0000] {processor.py:809} INFO - DAG(s) dict_keys(['example_local_kubernetes_executor']) retrieved from /home/airflow/.local/lib/python3.7/site-packages/airflow/example_dags/example_local_kubernetes_executor.py
[2023-05-17T13:39:32.684+0000] {logging_mixin.py:149} INFO - [2023-05-17T13:39:32.684+0000] {dag.py:2726} INFO - Sync 1 DAGs
[2023-05-17T13:39:32.855+0000] {logging_mixin.py:149} INFO - [2023-05-17T13:39:32.854+0000] {dag.py:3490} INFO - Setting next_dagrun for example_local_kubernetes_executor to None, run_after=None
[2023-05-17T13:39:32.997+0000] {processor.py:178} INFO - Processing /home/airflow/.local/lib/python3.7/site-packages/airflow/example_dags/example_local_kubernetes_executor.py took 1.071 seconds
[2023-05-17T13:40:03.386+0000] {processor.py:156} INFO - Started process (PID=595) to work on /home/airflow/.local/lib/python3.7/site-packages/airflow/example_dags/example_local_kubernetes_executor.py
[2023-05-17T13:40:03.388+0000] {processor.py:799} INFO - Processing file /home/airflow/.local/lib/python3.7/site-packages/airflow/example_dags/example_local_kubernetes_executor.py for tasks to queue
[2023-05-17T13:40:03.400+0000] {logging_mixin.py:149} INFO - [2023-05-17T13:40:03.399+0000] {dagbag.py:541} INFO - Filling up the DagBag from /home/airflow/.local/lib/python3.7/site-packages/airflow/example_dags/example_local_kubernetes_executor.py
[2023-05-17T13:40:04.155+0000] {processor.py:809} INFO - DAG(s) dict_keys(['example_local_kubernetes_executor']) retrieved from /home/airflow/.local/lib/python3.7/site-packages/airflow/example_dags/example_local_kubernetes_executor.py
[2023-05-17T13:40:04.257+0000] {logging_mixin.py:149} INFO - [2023-05-17T13:40:04.257+0000] {dag.py:2726} INFO - Sync 1 DAGs
[2023-05-17T13:40:04.371+0000] {logging_mixin.py:149} INFO - [2023-05-17T13:40:04.370+0000] {dag.py:3490} INFO - Setting next_dagrun for example_local_kubernetes_executor to None, run_after=None
[2023-05-17T13:40:04.505+0000] {processor.py:178} INFO - Processing /home/airflow/.local/lib/python3.7/site-packages/airflow/example_dags/example_local_kubernetes_executor.py took 1.136 seconds
