[2023-05-17T13:04:32.657+0000] {processor.py:156} INFO - Started process (PID=118) to work on /home/airflow/.local/lib/python3.7/site-packages/airflow/example_dags/example_short_circuit_decorator.py
[2023-05-17T13:04:32.673+0000] {processor.py:799} INFO - Processing file /home/airflow/.local/lib/python3.7/site-packages/airflow/example_dags/example_short_circuit_decorator.py for tasks to queue
[2023-05-17T13:04:32.676+0000] {logging_mixin.py:149} INFO - [2023-05-17T13:04:32.676+0000] {dagbag.py:541} INFO - Filling up the DagBag from /home/airflow/.local/lib/python3.7/site-packages/airflow/example_dags/example_short_circuit_decorator.py
[2023-05-17T13:04:32.752+0000] {processor.py:809} INFO - DAG(s) dict_keys(['example_short_circuit_decorator']) retrieved from /home/airflow/.local/lib/python3.7/site-packages/airflow/example_dags/example_short_circuit_decorator.py
[2023-05-17T13:04:34.715+0000] {logging_mixin.py:149} INFO - [2023-05-17T13:04:34.710+0000] {manager.py:504} INFO - Created Permission View: can read on DAG:example_short_circuit_decorator
[2023-05-17T13:04:35.625+0000] {logging_mixin.py:149} INFO - [2023-05-17T13:04:35.624+0000] {manager.py:504} INFO - Created Permission View: can edit on DAG:example_short_circuit_decorator
[2023-05-17T13:04:36.186+0000] {logging_mixin.py:149} INFO - [2023-05-17T13:04:36.185+0000] {manager.py:504} INFO - Created Permission View: can delete on DAG:example_short_circuit_decorator
[2023-05-17T13:04:36.581+0000] {logging_mixin.py:149} INFO - [2023-05-17T13:04:36.580+0000] {dag.py:2726} INFO - Sync 1 DAGs
[2023-05-17T13:04:36.655+0000] {logging_mixin.py:149} INFO - [2023-05-17T13:04:36.655+0000] {dag.py:2747} INFO - Creating ORM DAG for example_short_circuit_decorator
[2023-05-17T13:04:36.860+0000] {logging_mixin.py:149} INFO - [2023-05-17T13:04:36.860+0000] {dag.py:3490} INFO - Setting next_dagrun for example_short_circuit_decorator to 2023-05-16T13:04:36.859436+00:00, run_after=2023-05-17T13:04:36.859436+00:00
[2023-05-17T13:04:38.197+0000] {processor.py:178} INFO - Processing /home/airflow/.local/lib/python3.7/site-packages/airflow/example_dags/example_short_circuit_decorator.py took 5.556 seconds
[2023-05-17T13:09:00.122+0000] {processor.py:156} INFO - Started process (PID=210) to work on /home/airflow/.local/lib/python3.7/site-packages/airflow/example_dags/example_short_circuit_decorator.py
[2023-05-17T13:09:00.133+0000] {processor.py:799} INFO - Processing file /home/airflow/.local/lib/python3.7/site-packages/airflow/example_dags/example_short_circuit_decorator.py for tasks to queue
[2023-05-17T13:09:00.137+0000] {logging_mixin.py:149} INFO - [2023-05-17T13:09:00.136+0000] {dagbag.py:541} INFO - Filling up the DagBag from /home/airflow/.local/lib/python3.7/site-packages/airflow/example_dags/example_short_circuit_decorator.py
[2023-05-17T13:09:00.219+0000] {processor.py:809} INFO - DAG(s) dict_keys(['example_short_circuit_decorator']) retrieved from /home/airflow/.local/lib/python3.7/site-packages/airflow/example_dags/example_short_circuit_decorator.py
[2023-05-17T13:09:00.378+0000] {logging_mixin.py:149} INFO - [2023-05-17T13:09:00.378+0000] {dag.py:2726} INFO - Sync 1 DAGs
[2023-05-17T13:09:00.778+0000] {logging_mixin.py:149} INFO - [2023-05-17T13:09:00.778+0000] {dag.py:3490} INFO - Setting next_dagrun for example_short_circuit_decorator to 2023-05-16T13:09:00.777078+00:00, run_after=2023-05-17T13:09:00.777078+00:00
[2023-05-17T13:09:01.536+0000] {processor.py:178} INFO - Processing /home/airflow/.local/lib/python3.7/site-packages/airflow/example_dags/example_short_circuit_decorator.py took 1.429 seconds
[2023-05-17T13:09:31.781+0000] {processor.py:156} INFO - Started process (PID=263) to work on /home/airflow/.local/lib/python3.7/site-packages/airflow/example_dags/example_short_circuit_decorator.py
[2023-05-17T13:09:31.786+0000] {processor.py:799} INFO - Processing file /home/airflow/.local/lib/python3.7/site-packages/airflow/example_dags/example_short_circuit_decorator.py for tasks to queue
[2023-05-17T13:09:31.790+0000] {logging_mixin.py:149} INFO - [2023-05-17T13:09:31.789+0000] {dagbag.py:541} INFO - Filling up the DagBag from /home/airflow/.local/lib/python3.7/site-packages/airflow/example_dags/example_short_circuit_decorator.py
[2023-05-17T13:09:31.832+0000] {processor.py:809} INFO - DAG(s) dict_keys(['example_short_circuit_decorator']) retrieved from /home/airflow/.local/lib/python3.7/site-packages/airflow/example_dags/example_short_circuit_decorator.py
[2023-05-17T13:09:31.923+0000] {logging_mixin.py:149} INFO - [2023-05-17T13:09:31.922+0000] {dag.py:2726} INFO - Sync 1 DAGs
[2023-05-17T13:09:31.985+0000] {logging_mixin.py:149} INFO - [2023-05-17T13:09:31.985+0000] {dag.py:3490} INFO - Setting next_dagrun for example_short_circuit_decorator to 2023-05-16T13:09:31.985000+00:00, run_after=2023-05-17T13:09:31.985000+00:00
[2023-05-17T13:09:32.159+0000] {processor.py:178} INFO - Processing /home/airflow/.local/lib/python3.7/site-packages/airflow/example_dags/example_short_circuit_decorator.py took 0.394 seconds
[2023-05-17T13:10:03.941+0000] {processor.py:156} INFO - Started process (PID=322) to work on /home/airflow/.local/lib/python3.7/site-packages/airflow/example_dags/example_short_circuit_decorator.py
[2023-05-17T13:10:03.944+0000] {processor.py:799} INFO - Processing file /home/airflow/.local/lib/python3.7/site-packages/airflow/example_dags/example_short_circuit_decorator.py for tasks to queue
[2023-05-17T13:10:03.947+0000] {logging_mixin.py:149} INFO - [2023-05-17T13:10:03.946+0000] {dagbag.py:541} INFO - Filling up the DagBag from /home/airflow/.local/lib/python3.7/site-packages/airflow/example_dags/example_short_circuit_decorator.py
[2023-05-17T13:10:04.089+0000] {processor.py:809} INFO - DAG(s) dict_keys(['example_short_circuit_decorator']) retrieved from /home/airflow/.local/lib/python3.7/site-packages/airflow/example_dags/example_short_circuit_decorator.py
[2023-05-17T13:10:04.443+0000] {logging_mixin.py:149} INFO - [2023-05-17T13:10:04.443+0000] {dag.py:2726} INFO - Sync 1 DAGs
[2023-05-17T13:10:05.138+0000] {logging_mixin.py:149} INFO - [2023-05-17T13:10:05.138+0000] {dag.py:3490} INFO - Setting next_dagrun for example_short_circuit_decorator to 2023-05-16T13:10:04.963768+00:00, run_after=2023-05-17T13:10:04.963768+00:00
[2023-05-17T13:10:08.727+0000] {processor.py:178} INFO - Processing /home/airflow/.local/lib/python3.7/site-packages/airflow/example_dags/example_short_circuit_decorator.py took 4.805 seconds
[2023-05-17T13:10:39.187+0000] {processor.py:156} INFO - Started process (PID=375) to work on /home/airflow/.local/lib/python3.7/site-packages/airflow/example_dags/example_short_circuit_decorator.py
[2023-05-17T13:10:39.189+0000] {processor.py:799} INFO - Processing file /home/airflow/.local/lib/python3.7/site-packages/airflow/example_dags/example_short_circuit_decorator.py for tasks to queue
[2023-05-17T13:10:39.194+0000] {logging_mixin.py:149} INFO - [2023-05-17T13:10:39.193+0000] {dagbag.py:541} INFO - Filling up the DagBag from /home/airflow/.local/lib/python3.7/site-packages/airflow/example_dags/example_short_circuit_decorator.py
[2023-05-17T13:10:39.216+0000] {processor.py:809} INFO - DAG(s) dict_keys(['example_short_circuit_decorator']) retrieved from /home/airflow/.local/lib/python3.7/site-packages/airflow/example_dags/example_short_circuit_decorator.py
[2023-05-17T13:10:39.287+0000] {logging_mixin.py:149} INFO - [2023-05-17T13:10:39.286+0000] {dag.py:2726} INFO - Sync 1 DAGs
[2023-05-17T13:10:39.369+0000] {logging_mixin.py:149} INFO - [2023-05-17T13:10:39.369+0000] {dag.py:3490} INFO - Setting next_dagrun for example_short_circuit_decorator to 2023-05-16T13:10:39.368850+00:00, run_after=2023-05-17T13:10:39.368850+00:00
[2023-05-17T13:10:39.618+0000] {processor.py:178} INFO - Processing /home/airflow/.local/lib/python3.7/site-packages/airflow/example_dags/example_short_circuit_decorator.py took 0.443 seconds
[2023-05-17T13:11:14.342+0000] {processor.py:156} INFO - Started process (PID=432) to work on /home/airflow/.local/lib/python3.7/site-packages/airflow/example_dags/example_short_circuit_decorator.py
[2023-05-17T13:11:14.350+0000] {processor.py:799} INFO - Processing file /home/airflow/.local/lib/python3.7/site-packages/airflow/example_dags/example_short_circuit_decorator.py for tasks to queue
[2023-05-17T13:11:14.362+0000] {logging_mixin.py:149} INFO - [2023-05-17T13:11:14.361+0000] {dagbag.py:541} INFO - Filling up the DagBag from /home/airflow/.local/lib/python3.7/site-packages/airflow/example_dags/example_short_circuit_decorator.py
[2023-05-17T13:11:14.412+0000] {processor.py:809} INFO - DAG(s) dict_keys(['example_short_circuit_decorator']) retrieved from /home/airflow/.local/lib/python3.7/site-packages/airflow/example_dags/example_short_circuit_decorator.py
[2023-05-17T13:11:14.527+0000] {logging_mixin.py:149} INFO - [2023-05-17T13:11:14.527+0000] {dag.py:2726} INFO - Sync 1 DAGs
[2023-05-17T13:11:14.655+0000] {logging_mixin.py:149} INFO - [2023-05-17T13:11:14.653+0000] {dag.py:3490} INFO - Setting next_dagrun for example_short_circuit_decorator to 2023-05-16T13:11:14.652767+00:00, run_after=2023-05-17T13:11:14.652767+00:00
[2023-05-17T13:11:14.811+0000] {processor.py:178} INFO - Processing /home/airflow/.local/lib/python3.7/site-packages/airflow/example_dags/example_short_circuit_decorator.py took 0.486 seconds
[2023-05-17T13:11:46.945+0000] {processor.py:156} INFO - Started process (PID=484) to work on /home/airflow/.local/lib/python3.7/site-packages/airflow/example_dags/example_short_circuit_decorator.py
[2023-05-17T13:11:46.950+0000] {processor.py:799} INFO - Processing file /home/airflow/.local/lib/python3.7/site-packages/airflow/example_dags/example_short_circuit_decorator.py for tasks to queue
[2023-05-17T13:11:46.954+0000] {logging_mixin.py:149} INFO - [2023-05-17T13:11:46.954+0000] {dagbag.py:541} INFO - Filling up the DagBag from /home/airflow/.local/lib/python3.7/site-packages/airflow/example_dags/example_short_circuit_decorator.py
[2023-05-17T13:11:47.004+0000] {processor.py:809} INFO - DAG(s) dict_keys(['example_short_circuit_decorator']) retrieved from /home/airflow/.local/lib/python3.7/site-packages/airflow/example_dags/example_short_circuit_decorator.py
[2023-05-17T13:11:47.108+0000] {logging_mixin.py:149} INFO - [2023-05-17T13:11:47.108+0000] {dag.py:2726} INFO - Sync 1 DAGs
[2023-05-17T13:11:47.199+0000] {logging_mixin.py:149} INFO - [2023-05-17T13:11:47.199+0000] {dag.py:3490} INFO - Setting next_dagrun for example_short_circuit_decorator to 2023-05-16T13:11:47.199141+00:00, run_after=2023-05-17T13:11:47.199141+00:00
[2023-05-17T13:11:47.658+0000] {processor.py:178} INFO - Processing /home/airflow/.local/lib/python3.7/site-packages/airflow/example_dags/example_short_circuit_decorator.py took 0.721 seconds
[2023-05-17T13:12:17.902+0000] {processor.py:156} INFO - Started process (PID=541) to work on /home/airflow/.local/lib/python3.7/site-packages/airflow/example_dags/example_short_circuit_decorator.py
[2023-05-17T13:12:17.905+0000] {processor.py:799} INFO - Processing file /home/airflow/.local/lib/python3.7/site-packages/airflow/example_dags/example_short_circuit_decorator.py for tasks to queue
[2023-05-17T13:12:17.909+0000] {logging_mixin.py:149} INFO - [2023-05-17T13:12:17.908+0000] {dagbag.py:541} INFO - Filling up the DagBag from /home/airflow/.local/lib/python3.7/site-packages/airflow/example_dags/example_short_circuit_decorator.py
[2023-05-17T13:12:17.957+0000] {processor.py:809} INFO - DAG(s) dict_keys(['example_short_circuit_decorator']) retrieved from /home/airflow/.local/lib/python3.7/site-packages/airflow/example_dags/example_short_circuit_decorator.py
[2023-05-17T13:12:18.065+0000] {logging_mixin.py:149} INFO - [2023-05-17T13:12:18.065+0000] {dag.py:2726} INFO - Sync 1 DAGs
[2023-05-17T13:12:18.178+0000] {logging_mixin.py:149} INFO - [2023-05-17T13:12:18.178+0000] {dag.py:3490} INFO - Setting next_dagrun for example_short_circuit_decorator to 2023-05-16T13:12:18.177973+00:00, run_after=2023-05-17T13:12:18.177973+00:00
[2023-05-17T13:12:18.459+0000] {processor.py:178} INFO - Processing /home/airflow/.local/lib/python3.7/site-packages/airflow/example_dags/example_short_circuit_decorator.py took 0.574 seconds
[2023-05-17T13:13:03.471+0000] {processor.py:156} INFO - Started process (PID=599) to work on /home/airflow/.local/lib/python3.7/site-packages/airflow/example_dags/example_short_circuit_decorator.py
[2023-05-17T13:13:03.488+0000] {processor.py:799} INFO - Processing file /home/airflow/.local/lib/python3.7/site-packages/airflow/example_dags/example_short_circuit_decorator.py for tasks to queue
[2023-05-17T13:13:03.490+0000] {logging_mixin.py:149} INFO - [2023-05-17T13:13:03.490+0000] {dagbag.py:541} INFO - Filling up the DagBag from /home/airflow/.local/lib/python3.7/site-packages/airflow/example_dags/example_short_circuit_decorator.py
[2023-05-17T13:13:03.513+0000] {processor.py:809} INFO - DAG(s) dict_keys(['example_short_circuit_decorator']) retrieved from /home/airflow/.local/lib/python3.7/site-packages/airflow/example_dags/example_short_circuit_decorator.py
[2023-05-17T13:13:04.119+0000] {logging_mixin.py:149} INFO - [2023-05-17T13:13:04.118+0000] {dag.py:2726} INFO - Sync 1 DAGs
[2023-05-17T13:13:04.880+0000] {logging_mixin.py:149} INFO - [2023-05-17T13:13:04.880+0000] {dag.py:3490} INFO - Setting next_dagrun for example_short_circuit_decorator to 2023-05-16T13:13:04.879813+00:00, run_after=2023-05-17T13:13:04.879813+00:00
[2023-05-17T13:13:06.419+0000] {processor.py:178} INFO - Processing /home/airflow/.local/lib/python3.7/site-packages/airflow/example_dags/example_short_circuit_decorator.py took 2.958 seconds
[2023-05-17T13:13:36.954+0000] {processor.py:156} INFO - Started process (PID=650) to work on /home/airflow/.local/lib/python3.7/site-packages/airflow/example_dags/example_short_circuit_decorator.py
[2023-05-17T13:13:36.956+0000] {processor.py:799} INFO - Processing file /home/airflow/.local/lib/python3.7/site-packages/airflow/example_dags/example_short_circuit_decorator.py for tasks to queue
[2023-05-17T13:13:36.958+0000] {logging_mixin.py:149} INFO - [2023-05-17T13:13:36.957+0000] {dagbag.py:541} INFO - Filling up the DagBag from /home/airflow/.local/lib/python3.7/site-packages/airflow/example_dags/example_short_circuit_decorator.py
[2023-05-17T13:13:37.005+0000] {processor.py:809} INFO - DAG(s) dict_keys(['example_short_circuit_decorator']) retrieved from /home/airflow/.local/lib/python3.7/site-packages/airflow/example_dags/example_short_circuit_decorator.py
[2023-05-17T13:13:37.072+0000] {logging_mixin.py:149} INFO - [2023-05-17T13:13:37.072+0000] {dag.py:2726} INFO - Sync 1 DAGs
[2023-05-17T13:13:37.152+0000] {logging_mixin.py:149} INFO - [2023-05-17T13:13:37.152+0000] {dag.py:3490} INFO - Setting next_dagrun for example_short_circuit_decorator to 2023-05-16T13:13:37.151267+00:00, run_after=2023-05-17T13:13:37.151267+00:00
[2023-05-17T13:13:37.755+0000] {processor.py:178} INFO - Processing /home/airflow/.local/lib/python3.7/site-packages/airflow/example_dags/example_short_circuit_decorator.py took 0.807 seconds
[2023-05-17T13:14:07.901+0000] {processor.py:156} INFO - Started process (PID=708) to work on /home/airflow/.local/lib/python3.7/site-packages/airflow/example_dags/example_short_circuit_decorator.py
[2023-05-17T13:14:07.909+0000] {processor.py:799} INFO - Processing file /home/airflow/.local/lib/python3.7/site-packages/airflow/example_dags/example_short_circuit_decorator.py for tasks to queue
[2023-05-17T13:14:07.912+0000] {logging_mixin.py:149} INFO - [2023-05-17T13:14:07.911+0000] {dagbag.py:541} INFO - Filling up the DagBag from /home/airflow/.local/lib/python3.7/site-packages/airflow/example_dags/example_short_circuit_decorator.py
[2023-05-17T13:14:07.944+0000] {processor.py:809} INFO - DAG(s) dict_keys(['example_short_circuit_decorator']) retrieved from /home/airflow/.local/lib/python3.7/site-packages/airflow/example_dags/example_short_circuit_decorator.py
[2023-05-17T13:14:08.040+0000] {logging_mixin.py:149} INFO - [2023-05-17T13:14:08.039+0000] {dag.py:2726} INFO - Sync 1 DAGs
[2023-05-17T13:14:08.095+0000] {logging_mixin.py:149} INFO - [2023-05-17T13:14:08.094+0000] {dag.py:3490} INFO - Setting next_dagrun for example_short_circuit_decorator to 2023-05-16T13:14:08.094247+00:00, run_after=2023-05-17T13:14:08.094247+00:00
[2023-05-17T13:14:08.266+0000] {processor.py:178} INFO - Processing /home/airflow/.local/lib/python3.7/site-packages/airflow/example_dags/example_short_circuit_decorator.py took 0.379 seconds
[2023-05-17T13:15:03.885+0000] {processor.py:156} INFO - Started process (PID=745) to work on /home/airflow/.local/lib/python3.7/site-packages/airflow/example_dags/example_short_circuit_decorator.py
[2023-05-17T13:15:03.888+0000] {processor.py:799} INFO - Processing file /home/airflow/.local/lib/python3.7/site-packages/airflow/example_dags/example_short_circuit_decorator.py for tasks to queue
[2023-05-17T13:15:03.890+0000] {logging_mixin.py:149} INFO - [2023-05-17T13:15:03.890+0000] {dagbag.py:541} INFO - Filling up the DagBag from /home/airflow/.local/lib/python3.7/site-packages/airflow/example_dags/example_short_circuit_decorator.py
[2023-05-17T13:15:04.324+0000] {processor.py:809} INFO - DAG(s) dict_keys(['example_short_circuit_decorator']) retrieved from /home/airflow/.local/lib/python3.7/site-packages/airflow/example_dags/example_short_circuit_decorator.py
[2023-05-17T13:15:04.399+0000] {logging_mixin.py:149} INFO - [2023-05-17T13:15:04.398+0000] {dag.py:2726} INFO - Sync 1 DAGs
[2023-05-17T13:15:04.464+0000] {logging_mixin.py:149} INFO - [2023-05-17T13:15:04.464+0000] {dag.py:3490} INFO - Setting next_dagrun for example_short_circuit_decorator to 2023-05-16T13:15:04.463713+00:00, run_after=2023-05-17T13:15:04.463713+00:00
[2023-05-17T13:15:05.099+0000] {processor.py:178} INFO - Processing /home/airflow/.local/lib/python3.7/site-packages/airflow/example_dags/example_short_circuit_decorator.py took 1.222 seconds
[2023-05-17T13:15:35.244+0000] {processor.py:156} INFO - Started process (PID=803) to work on /home/airflow/.local/lib/python3.7/site-packages/airflow/example_dags/example_short_circuit_decorator.py
[2023-05-17T13:15:35.251+0000] {processor.py:799} INFO - Processing file /home/airflow/.local/lib/python3.7/site-packages/airflow/example_dags/example_short_circuit_decorator.py for tasks to queue
[2023-05-17T13:15:35.254+0000] {logging_mixin.py:149} INFO - [2023-05-17T13:15:35.254+0000] {dagbag.py:541} INFO - Filling up the DagBag from /home/airflow/.local/lib/python3.7/site-packages/airflow/example_dags/example_short_circuit_decorator.py
[2023-05-17T13:15:35.291+0000] {processor.py:809} INFO - DAG(s) dict_keys(['example_short_circuit_decorator']) retrieved from /home/airflow/.local/lib/python3.7/site-packages/airflow/example_dags/example_short_circuit_decorator.py
[2023-05-17T13:15:35.369+0000] {logging_mixin.py:149} INFO - [2023-05-17T13:15:35.368+0000] {dag.py:2726} INFO - Sync 1 DAGs
[2023-05-17T13:15:35.438+0000] {logging_mixin.py:149} INFO - [2023-05-17T13:15:35.438+0000] {dag.py:3490} INFO - Setting next_dagrun for example_short_circuit_decorator to 2023-05-16T13:15:35.437633+00:00, run_after=2023-05-17T13:15:35.437633+00:00
[2023-05-17T13:15:35.559+0000] {processor.py:178} INFO - Processing /home/airflow/.local/lib/python3.7/site-packages/airflow/example_dags/example_short_circuit_decorator.py took 0.323 seconds
[2023-05-17T13:16:05.823+0000] {processor.py:156} INFO - Started process (PID=860) to work on /home/airflow/.local/lib/python3.7/site-packages/airflow/example_dags/example_short_circuit_decorator.py
[2023-05-17T13:16:05.825+0000] {processor.py:799} INFO - Processing file /home/airflow/.local/lib/python3.7/site-packages/airflow/example_dags/example_short_circuit_decorator.py for tasks to queue
[2023-05-17T13:16:05.827+0000] {logging_mixin.py:149} INFO - [2023-05-17T13:16:05.827+0000] {dagbag.py:541} INFO - Filling up the DagBag from /home/airflow/.local/lib/python3.7/site-packages/airflow/example_dags/example_short_circuit_decorator.py
[2023-05-17T13:16:05.861+0000] {processor.py:809} INFO - DAG(s) dict_keys(['example_short_circuit_decorator']) retrieved from /home/airflow/.local/lib/python3.7/site-packages/airflow/example_dags/example_short_circuit_decorator.py
[2023-05-17T13:16:05.946+0000] {logging_mixin.py:149} INFO - [2023-05-17T13:16:05.945+0000] {dag.py:2726} INFO - Sync 1 DAGs
[2023-05-17T13:16:06.018+0000] {logging_mixin.py:149} INFO - [2023-05-17T13:16:06.018+0000] {dag.py:3490} INFO - Setting next_dagrun for example_short_circuit_decorator to 2023-05-16T13:16:06.018163+00:00, run_after=2023-05-17T13:16:06.018163+00:00
[2023-05-17T13:16:06.148+0000] {processor.py:178} INFO - Processing /home/airflow/.local/lib/python3.7/site-packages/airflow/example_dags/example_short_circuit_decorator.py took 0.333 seconds
[2023-05-17T13:16:40.553+0000] {processor.py:156} INFO - Started process (PID=918) to work on /home/airflow/.local/lib/python3.7/site-packages/airflow/example_dags/example_short_circuit_decorator.py
[2023-05-17T13:16:40.557+0000] {processor.py:799} INFO - Processing file /home/airflow/.local/lib/python3.7/site-packages/airflow/example_dags/example_short_circuit_decorator.py for tasks to queue
[2023-05-17T13:16:40.559+0000] {logging_mixin.py:149} INFO - [2023-05-17T13:16:40.559+0000] {dagbag.py:541} INFO - Filling up the DagBag from /home/airflow/.local/lib/python3.7/site-packages/airflow/example_dags/example_short_circuit_decorator.py
[2023-05-17T13:16:40.628+0000] {processor.py:809} INFO - DAG(s) dict_keys(['example_short_circuit_decorator']) retrieved from /home/airflow/.local/lib/python3.7/site-packages/airflow/example_dags/example_short_circuit_decorator.py
[2023-05-17T13:16:40.701+0000] {logging_mixin.py:149} INFO - [2023-05-17T13:16:40.701+0000] {dag.py:2726} INFO - Sync 1 DAGs
[2023-05-17T13:16:40.770+0000] {logging_mixin.py:149} INFO - [2023-05-17T13:16:40.770+0000] {dag.py:3490} INFO - Setting next_dagrun for example_short_circuit_decorator to 2023-05-16T13:16:40.769948+00:00, run_after=2023-05-17T13:16:40.769948+00:00
[2023-05-17T13:16:41.017+0000] {processor.py:178} INFO - Processing /home/airflow/.local/lib/python3.7/site-packages/airflow/example_dags/example_short_circuit_decorator.py took 0.478 seconds
[2023-05-17T13:17:15.626+0000] {processor.py:156} INFO - Started process (PID=971) to work on /home/airflow/.local/lib/python3.7/site-packages/airflow/example_dags/example_short_circuit_decorator.py
[2023-05-17T13:17:15.628+0000] {processor.py:799} INFO - Processing file /home/airflow/.local/lib/python3.7/site-packages/airflow/example_dags/example_short_circuit_decorator.py for tasks to queue
[2023-05-17T13:17:15.632+0000] {logging_mixin.py:149} INFO - [2023-05-17T13:17:15.631+0000] {dagbag.py:541} INFO - Filling up the DagBag from /home/airflow/.local/lib/python3.7/site-packages/airflow/example_dags/example_short_circuit_decorator.py
[2023-05-17T13:17:15.691+0000] {processor.py:809} INFO - DAG(s) dict_keys(['example_short_circuit_decorator']) retrieved from /home/airflow/.local/lib/python3.7/site-packages/airflow/example_dags/example_short_circuit_decorator.py
[2023-05-17T13:17:15.744+0000] {logging_mixin.py:149} INFO - [2023-05-17T13:17:15.743+0000] {dag.py:2726} INFO - Sync 1 DAGs
[2023-05-17T13:17:15.831+0000] {logging_mixin.py:149} INFO - [2023-05-17T13:17:15.830+0000] {dag.py:3490} INFO - Setting next_dagrun for example_short_circuit_decorator to 2023-05-16T13:17:15.829859+00:00, run_after=2023-05-17T13:17:15.829859+00:00
[2023-05-17T13:17:16.026+0000] {processor.py:178} INFO - Processing /home/airflow/.local/lib/python3.7/site-packages/airflow/example_dags/example_short_circuit_decorator.py took 0.556 seconds
[2023-05-17T13:17:55.141+0000] {processor.py:156} INFO - Started process (PID=1029) to work on /home/airflow/.local/lib/python3.7/site-packages/airflow/example_dags/example_short_circuit_decorator.py
[2023-05-17T13:17:55.144+0000] {processor.py:799} INFO - Processing file /home/airflow/.local/lib/python3.7/site-packages/airflow/example_dags/example_short_circuit_decorator.py for tasks to queue
[2023-05-17T13:17:55.146+0000] {logging_mixin.py:149} INFO - [2023-05-17T13:17:55.146+0000] {dagbag.py:541} INFO - Filling up the DagBag from /home/airflow/.local/lib/python3.7/site-packages/airflow/example_dags/example_short_circuit_decorator.py
[2023-05-17T13:17:55.181+0000] {processor.py:809} INFO - DAG(s) dict_keys(['example_short_circuit_decorator']) retrieved from /home/airflow/.local/lib/python3.7/site-packages/airflow/example_dags/example_short_circuit_decorator.py
[2023-05-17T13:17:55.274+0000] {logging_mixin.py:149} INFO - [2023-05-17T13:17:55.274+0000] {dag.py:2726} INFO - Sync 1 DAGs
[2023-05-17T13:17:55.339+0000] {logging_mixin.py:149} INFO - [2023-05-17T13:17:55.339+0000] {dag.py:3490} INFO - Setting next_dagrun for example_short_circuit_decorator to 2023-05-16T13:17:55.339049+00:00, run_after=2023-05-17T13:17:55.339049+00:00
[2023-05-17T13:17:56.649+0000] {processor.py:178} INFO - Processing /home/airflow/.local/lib/python3.7/site-packages/airflow/example_dags/example_short_circuit_decorator.py took 1.522 seconds
[2023-05-17T13:18:42.110+0000] {processor.py:156} INFO - Started process (PID=1092) to work on /home/airflow/.local/lib/python3.7/site-packages/airflow/example_dags/example_short_circuit_decorator.py
[2023-05-17T13:18:42.116+0000] {processor.py:799} INFO - Processing file /home/airflow/.local/lib/python3.7/site-packages/airflow/example_dags/example_short_circuit_decorator.py for tasks to queue
[2023-05-17T13:18:42.118+0000] {logging_mixin.py:149} INFO - [2023-05-17T13:18:42.118+0000] {dagbag.py:541} INFO - Filling up the DagBag from /home/airflow/.local/lib/python3.7/site-packages/airflow/example_dags/example_short_circuit_decorator.py
[2023-05-17T13:18:42.154+0000] {processor.py:809} INFO - DAG(s) dict_keys(['example_short_circuit_decorator']) retrieved from /home/airflow/.local/lib/python3.7/site-packages/airflow/example_dags/example_short_circuit_decorator.py
[2023-05-17T13:18:42.238+0000] {logging_mixin.py:149} INFO - [2023-05-17T13:18:42.238+0000] {dag.py:2726} INFO - Sync 1 DAGs
[2023-05-17T13:18:42.332+0000] {logging_mixin.py:149} INFO - [2023-05-17T13:18:42.332+0000] {dag.py:3490} INFO - Setting next_dagrun for example_short_circuit_decorator to 2023-05-16T13:18:42.331630+00:00, run_after=2023-05-17T13:18:42.331630+00:00
[2023-05-17T13:18:42.815+0000] {processor.py:178} INFO - Processing /home/airflow/.local/lib/python3.7/site-packages/airflow/example_dags/example_short_circuit_decorator.py took 0.713 seconds
[2023-05-17T13:19:13.057+0000] {processor.py:156} INFO - Started process (PID=1139) to work on /home/airflow/.local/lib/python3.7/site-packages/airflow/example_dags/example_short_circuit_decorator.py
[2023-05-17T13:19:13.059+0000] {processor.py:799} INFO - Processing file /home/airflow/.local/lib/python3.7/site-packages/airflow/example_dags/example_short_circuit_decorator.py for tasks to queue
[2023-05-17T13:19:13.061+0000] {logging_mixin.py:149} INFO - [2023-05-17T13:19:13.061+0000] {dagbag.py:541} INFO - Filling up the DagBag from /home/airflow/.local/lib/python3.7/site-packages/airflow/example_dags/example_short_circuit_decorator.py
[2023-05-17T13:19:13.081+0000] {processor.py:809} INFO - DAG(s) dict_keys(['example_short_circuit_decorator']) retrieved from /home/airflow/.local/lib/python3.7/site-packages/airflow/example_dags/example_short_circuit_decorator.py
[2023-05-17T13:19:13.135+0000] {logging_mixin.py:149} INFO - [2023-05-17T13:19:13.135+0000] {dag.py:2726} INFO - Sync 1 DAGs
[2023-05-17T13:19:13.185+0000] {logging_mixin.py:149} INFO - [2023-05-17T13:19:13.185+0000] {dag.py:3490} INFO - Setting next_dagrun for example_short_circuit_decorator to 2023-05-16T13:19:13.185104+00:00, run_after=2023-05-17T13:19:13.185104+00:00
[2023-05-17T13:19:13.510+0000] {processor.py:178} INFO - Processing /home/airflow/.local/lib/python3.7/site-packages/airflow/example_dags/example_short_circuit_decorator.py took 0.461 seconds
[2023-05-17T13:19:44.551+0000] {processor.py:156} INFO - Started process (PID=1198) to work on /home/airflow/.local/lib/python3.7/site-packages/airflow/example_dags/example_short_circuit_decorator.py
[2023-05-17T13:19:44.558+0000] {processor.py:799} INFO - Processing file /home/airflow/.local/lib/python3.7/site-packages/airflow/example_dags/example_short_circuit_decorator.py for tasks to queue
[2023-05-17T13:19:44.563+0000] {logging_mixin.py:149} INFO - [2023-05-17T13:19:44.563+0000] {dagbag.py:541} INFO - Filling up the DagBag from /home/airflow/.local/lib/python3.7/site-packages/airflow/example_dags/example_short_circuit_decorator.py
[2023-05-17T13:19:44.601+0000] {processor.py:809} INFO - DAG(s) dict_keys(['example_short_circuit_decorator']) retrieved from /home/airflow/.local/lib/python3.7/site-packages/airflow/example_dags/example_short_circuit_decorator.py
[2023-05-17T13:19:44.712+0000] {logging_mixin.py:149} INFO - [2023-05-17T13:19:44.711+0000] {dag.py:2726} INFO - Sync 1 DAGs
[2023-05-17T13:19:44.797+0000] {logging_mixin.py:149} INFO - [2023-05-17T13:19:44.797+0000] {dag.py:3490} INFO - Setting next_dagrun for example_short_circuit_decorator to 2023-05-16T13:19:44.796689+00:00, run_after=2023-05-17T13:19:44.796689+00:00
[2023-05-17T13:19:45.238+0000] {processor.py:178} INFO - Processing /home/airflow/.local/lib/python3.7/site-packages/airflow/example_dags/example_short_circuit_decorator.py took 0.710 seconds
[2023-05-17T13:20:15.871+0000] {processor.py:156} INFO - Started process (PID=1256) to work on /home/airflow/.local/lib/python3.7/site-packages/airflow/example_dags/example_short_circuit_decorator.py
[2023-05-17T13:20:15.874+0000] {processor.py:799} INFO - Processing file /home/airflow/.local/lib/python3.7/site-packages/airflow/example_dags/example_short_circuit_decorator.py for tasks to queue
[2023-05-17T13:20:15.877+0000] {logging_mixin.py:149} INFO - [2023-05-17T13:20:15.876+0000] {dagbag.py:541} INFO - Filling up the DagBag from /home/airflow/.local/lib/python3.7/site-packages/airflow/example_dags/example_short_circuit_decorator.py
[2023-05-17T13:20:15.919+0000] {processor.py:809} INFO - DAG(s) dict_keys(['example_short_circuit_decorator']) retrieved from /home/airflow/.local/lib/python3.7/site-packages/airflow/example_dags/example_short_circuit_decorator.py
[2023-05-17T13:20:16.137+0000] {logging_mixin.py:149} INFO - [2023-05-17T13:20:16.137+0000] {dag.py:2726} INFO - Sync 1 DAGs
[2023-05-17T13:20:16.244+0000] {logging_mixin.py:149} INFO - [2023-05-17T13:20:16.243+0000] {dag.py:3490} INFO - Setting next_dagrun for example_short_circuit_decorator to 2023-05-16T13:20:16.242523+00:00, run_after=2023-05-17T13:20:16.242523+00:00
[2023-05-17T13:20:16.551+0000] {processor.py:178} INFO - Processing /home/airflow/.local/lib/python3.7/site-packages/airflow/example_dags/example_short_circuit_decorator.py took 0.688 seconds
[2023-05-17T13:20:49.385+0000] {processor.py:156} INFO - Started process (PID=1321) to work on /home/airflow/.local/lib/python3.7/site-packages/airflow/example_dags/example_short_circuit_decorator.py
[2023-05-17T13:20:49.395+0000] {processor.py:799} INFO - Processing file /home/airflow/.local/lib/python3.7/site-packages/airflow/example_dags/example_short_circuit_decorator.py for tasks to queue
[2023-05-17T13:20:49.397+0000] {logging_mixin.py:149} INFO - [2023-05-17T13:20:49.397+0000] {dagbag.py:541} INFO - Filling up the DagBag from /home/airflow/.local/lib/python3.7/site-packages/airflow/example_dags/example_short_circuit_decorator.py
[2023-05-17T13:20:49.437+0000] {processor.py:809} INFO - DAG(s) dict_keys(['example_short_circuit_decorator']) retrieved from /home/airflow/.local/lib/python3.7/site-packages/airflow/example_dags/example_short_circuit_decorator.py
[2023-05-17T13:20:49.664+0000] {logging_mixin.py:149} INFO - [2023-05-17T13:20:49.664+0000] {dag.py:2726} INFO - Sync 1 DAGs
[2023-05-17T13:20:49.830+0000] {logging_mixin.py:149} INFO - [2023-05-17T13:20:49.829+0000] {dag.py:3490} INFO - Setting next_dagrun for example_short_circuit_decorator to 2023-05-16T13:20:49.829033+00:00, run_after=2023-05-17T13:20:49.829033+00:00
[2023-05-17T13:20:50.080+0000] {processor.py:178} INFO - Processing /home/airflow/.local/lib/python3.7/site-packages/airflow/example_dags/example_short_circuit_decorator.py took 0.713 seconds
[2023-05-17T13:21:20.702+0000] {processor.py:156} INFO - Started process (PID=1379) to work on /home/airflow/.local/lib/python3.7/site-packages/airflow/example_dags/example_short_circuit_decorator.py
[2023-05-17T13:21:20.706+0000] {processor.py:799} INFO - Processing file /home/airflow/.local/lib/python3.7/site-packages/airflow/example_dags/example_short_circuit_decorator.py for tasks to queue
[2023-05-17T13:21:20.709+0000] {logging_mixin.py:149} INFO - [2023-05-17T13:21:20.708+0000] {dagbag.py:541} INFO - Filling up the DagBag from /home/airflow/.local/lib/python3.7/site-packages/airflow/example_dags/example_short_circuit_decorator.py
[2023-05-17T13:21:20.746+0000] {processor.py:809} INFO - DAG(s) dict_keys(['example_short_circuit_decorator']) retrieved from /home/airflow/.local/lib/python3.7/site-packages/airflow/example_dags/example_short_circuit_decorator.py
[2023-05-17T13:21:20.864+0000] {logging_mixin.py:149} INFO - [2023-05-17T13:21:20.863+0000] {dag.py:2726} INFO - Sync 1 DAGs
[2023-05-17T13:21:20.947+0000] {logging_mixin.py:149} INFO - [2023-05-17T13:21:20.947+0000] {dag.py:3490} INFO - Setting next_dagrun for example_short_circuit_decorator to 2023-05-16T13:21:20.947175+00:00, run_after=2023-05-17T13:21:20.947175+00:00
[2023-05-17T13:21:21.299+0000] {processor.py:178} INFO - Processing /home/airflow/.local/lib/python3.7/site-packages/airflow/example_dags/example_short_circuit_decorator.py took 0.607 seconds
[2023-05-17T13:21:51.788+0000] {processor.py:156} INFO - Started process (PID=1437) to work on /home/airflow/.local/lib/python3.7/site-packages/airflow/example_dags/example_short_circuit_decorator.py
[2023-05-17T13:21:51.790+0000] {processor.py:799} INFO - Processing file /home/airflow/.local/lib/python3.7/site-packages/airflow/example_dags/example_short_circuit_decorator.py for tasks to queue
[2023-05-17T13:21:51.792+0000] {logging_mixin.py:149} INFO - [2023-05-17T13:21:51.792+0000] {dagbag.py:541} INFO - Filling up the DagBag from /home/airflow/.local/lib/python3.7/site-packages/airflow/example_dags/example_short_circuit_decorator.py
[2023-05-17T13:21:51.825+0000] {processor.py:809} INFO - DAG(s) dict_keys(['example_short_circuit_decorator']) retrieved from /home/airflow/.local/lib/python3.7/site-packages/airflow/example_dags/example_short_circuit_decorator.py
[2023-05-17T13:21:51.908+0000] {logging_mixin.py:149} INFO - [2023-05-17T13:21:51.908+0000] {dag.py:2726} INFO - Sync 1 DAGs
[2023-05-17T13:21:52.082+0000] {logging_mixin.py:149} INFO - [2023-05-17T13:21:52.081+0000] {dag.py:3490} INFO - Setting next_dagrun for example_short_circuit_decorator to 2023-05-16T13:21:52.080787+00:00, run_after=2023-05-17T13:21:52.080787+00:00
[2023-05-17T13:21:52.290+0000] {processor.py:178} INFO - Processing /home/airflow/.local/lib/python3.7/site-packages/airflow/example_dags/example_short_circuit_decorator.py took 0.517 seconds
[2023-05-17T13:22:52.133+0000] {processor.py:156} INFO - Started process (PID=1493) to work on /home/airflow/.local/lib/python3.7/site-packages/airflow/example_dags/example_short_circuit_decorator.py
[2023-05-17T13:22:52.135+0000] {processor.py:799} INFO - Processing file /home/airflow/.local/lib/python3.7/site-packages/airflow/example_dags/example_short_circuit_decorator.py for tasks to queue
[2023-05-17T13:22:52.137+0000] {logging_mixin.py:149} INFO - [2023-05-17T13:22:52.137+0000] {dagbag.py:541} INFO - Filling up the DagBag from /home/airflow/.local/lib/python3.7/site-packages/airflow/example_dags/example_short_circuit_decorator.py
[2023-05-17T13:22:52.160+0000] {processor.py:809} INFO - DAG(s) dict_keys(['example_short_circuit_decorator']) retrieved from /home/airflow/.local/lib/python3.7/site-packages/airflow/example_dags/example_short_circuit_decorator.py
[2023-05-17T13:22:52.254+0000] {logging_mixin.py:149} INFO - [2023-05-17T13:22:52.253+0000] {dag.py:2726} INFO - Sync 1 DAGs
[2023-05-17T13:22:52.368+0000] {logging_mixin.py:149} INFO - [2023-05-17T13:22:52.368+0000] {dag.py:3490} INFO - Setting next_dagrun for example_short_circuit_decorator to 2023-05-16T13:22:52.367730+00:00, run_after=2023-05-17T13:22:52.367730+00:00
[2023-05-17T13:22:52.582+0000] {processor.py:178} INFO - Processing /home/airflow/.local/lib/python3.7/site-packages/airflow/example_dags/example_short_circuit_decorator.py took 0.455 seconds
[2023-05-17T13:23:23.986+0000] {processor.py:156} INFO - Started process (PID=1550) to work on /home/airflow/.local/lib/python3.7/site-packages/airflow/example_dags/example_short_circuit_decorator.py
[2023-05-17T13:23:24.005+0000] {processor.py:799} INFO - Processing file /home/airflow/.local/lib/python3.7/site-packages/airflow/example_dags/example_short_circuit_decorator.py for tasks to queue
[2023-05-17T13:23:24.029+0000] {logging_mixin.py:149} INFO - [2023-05-17T13:23:24.027+0000] {dagbag.py:541} INFO - Filling up the DagBag from /home/airflow/.local/lib/python3.7/site-packages/airflow/example_dags/example_short_circuit_decorator.py
[2023-05-17T13:23:24.098+0000] {processor.py:809} INFO - DAG(s) dict_keys(['example_short_circuit_decorator']) retrieved from /home/airflow/.local/lib/python3.7/site-packages/airflow/example_dags/example_short_circuit_decorator.py
[2023-05-17T13:23:24.240+0000] {logging_mixin.py:149} INFO - [2023-05-17T13:23:24.240+0000] {dag.py:2726} INFO - Sync 1 DAGs
[2023-05-17T13:23:24.360+0000] {logging_mixin.py:149} INFO - [2023-05-17T13:23:24.360+0000] {dag.py:3490} INFO - Setting next_dagrun for example_short_circuit_decorator to 2023-05-16T13:23:24.359862+00:00, run_after=2023-05-17T13:23:24.359862+00:00
[2023-05-17T13:23:24.601+0000] {processor.py:178} INFO - Processing /home/airflow/.local/lib/python3.7/site-packages/airflow/example_dags/example_short_circuit_decorator.py took 0.633 seconds
[2023-05-17T13:23:55.225+0000] {processor.py:156} INFO - Started process (PID=1607) to work on /home/airflow/.local/lib/python3.7/site-packages/airflow/example_dags/example_short_circuit_decorator.py
[2023-05-17T13:23:55.227+0000] {processor.py:799} INFO - Processing file /home/airflow/.local/lib/python3.7/site-packages/airflow/example_dags/example_short_circuit_decorator.py for tasks to queue
[2023-05-17T13:23:55.229+0000] {logging_mixin.py:149} INFO - [2023-05-17T13:23:55.229+0000] {dagbag.py:541} INFO - Filling up the DagBag from /home/airflow/.local/lib/python3.7/site-packages/airflow/example_dags/example_short_circuit_decorator.py
[2023-05-17T13:23:55.259+0000] {processor.py:809} INFO - DAG(s) dict_keys(['example_short_circuit_decorator']) retrieved from /home/airflow/.local/lib/python3.7/site-packages/airflow/example_dags/example_short_circuit_decorator.py
[2023-05-17T13:23:55.339+0000] {logging_mixin.py:149} INFO - [2023-05-17T13:23:55.338+0000] {dag.py:2726} INFO - Sync 1 DAGs
[2023-05-17T13:23:55.405+0000] {logging_mixin.py:149} INFO - [2023-05-17T13:23:55.404+0000] {dag.py:3490} INFO - Setting next_dagrun for example_short_circuit_decorator to 2023-05-16T13:23:55.404413+00:00, run_after=2023-05-17T13:23:55.404413+00:00
[2023-05-17T13:23:56.056+0000] {processor.py:178} INFO - Processing /home/airflow/.local/lib/python3.7/site-packages/airflow/example_dags/example_short_circuit_decorator.py took 0.842 seconds
[2023-05-17T13:24:26.491+0000] {processor.py:156} INFO - Started process (PID=1666) to work on /home/airflow/.local/lib/python3.7/site-packages/airflow/example_dags/example_short_circuit_decorator.py
[2023-05-17T13:24:26.498+0000] {processor.py:799} INFO - Processing file /home/airflow/.local/lib/python3.7/site-packages/airflow/example_dags/example_short_circuit_decorator.py for tasks to queue
[2023-05-17T13:24:26.517+0000] {logging_mixin.py:149} INFO - [2023-05-17T13:24:26.516+0000] {dagbag.py:541} INFO - Filling up the DagBag from /home/airflow/.local/lib/python3.7/site-packages/airflow/example_dags/example_short_circuit_decorator.py
[2023-05-17T13:24:26.568+0000] {processor.py:809} INFO - DAG(s) dict_keys(['example_short_circuit_decorator']) retrieved from /home/airflow/.local/lib/python3.7/site-packages/airflow/example_dags/example_short_circuit_decorator.py
[2023-05-17T13:24:26.654+0000] {logging_mixin.py:149} INFO - [2023-05-17T13:24:26.654+0000] {dag.py:2726} INFO - Sync 1 DAGs
[2023-05-17T13:24:26.741+0000] {logging_mixin.py:149} INFO - [2023-05-17T13:24:26.741+0000] {dag.py:3490} INFO - Setting next_dagrun for example_short_circuit_decorator to 2023-05-16T13:24:26.740980+00:00, run_after=2023-05-17T13:24:26.740980+00:00
[2023-05-17T13:24:26.955+0000] {processor.py:178} INFO - Processing /home/airflow/.local/lib/python3.7/site-packages/airflow/example_dags/example_short_circuit_decorator.py took 0.481 seconds
[2023-05-17T13:24:58.613+0000] {processor.py:156} INFO - Started process (PID=1724) to work on /home/airflow/.local/lib/python3.7/site-packages/airflow/example_dags/example_short_circuit_decorator.py
[2023-05-17T13:24:58.615+0000] {processor.py:799} INFO - Processing file /home/airflow/.local/lib/python3.7/site-packages/airflow/example_dags/example_short_circuit_decorator.py for tasks to queue
[2023-05-17T13:24:58.619+0000] {logging_mixin.py:149} INFO - [2023-05-17T13:24:58.618+0000] {dagbag.py:541} INFO - Filling up the DagBag from /home/airflow/.local/lib/python3.7/site-packages/airflow/example_dags/example_short_circuit_decorator.py
[2023-05-17T13:24:58.654+0000] {processor.py:809} INFO - DAG(s) dict_keys(['example_short_circuit_decorator']) retrieved from /home/airflow/.local/lib/python3.7/site-packages/airflow/example_dags/example_short_circuit_decorator.py
[2023-05-17T13:24:58.761+0000] {logging_mixin.py:149} INFO - [2023-05-17T13:24:58.760+0000] {dag.py:2726} INFO - Sync 1 DAGs
[2023-05-17T13:24:58.872+0000] {logging_mixin.py:149} INFO - [2023-05-17T13:24:58.871+0000] {dag.py:3490} INFO - Setting next_dagrun for example_short_circuit_decorator to 2023-05-16T13:24:58.871499+00:00, run_after=2023-05-17T13:24:58.871499+00:00
[2023-05-17T13:24:59.011+0000] {processor.py:178} INFO - Processing /home/airflow/.local/lib/python3.7/site-packages/airflow/example_dags/example_short_circuit_decorator.py took 0.407 seconds
[2023-05-17T13:25:30.561+0000] {processor.py:156} INFO - Started process (PID=1782) to work on /home/airflow/.local/lib/python3.7/site-packages/airflow/example_dags/example_short_circuit_decorator.py
[2023-05-17T13:25:30.566+0000] {processor.py:799} INFO - Processing file /home/airflow/.local/lib/python3.7/site-packages/airflow/example_dags/example_short_circuit_decorator.py for tasks to queue
[2023-05-17T13:25:30.569+0000] {logging_mixin.py:149} INFO - [2023-05-17T13:25:30.568+0000] {dagbag.py:541} INFO - Filling up the DagBag from /home/airflow/.local/lib/python3.7/site-packages/airflow/example_dags/example_short_circuit_decorator.py
[2023-05-17T13:25:30.596+0000] {processor.py:809} INFO - DAG(s) dict_keys(['example_short_circuit_decorator']) retrieved from /home/airflow/.local/lib/python3.7/site-packages/airflow/example_dags/example_short_circuit_decorator.py
[2023-05-17T13:25:30.820+0000] {logging_mixin.py:149} INFO - [2023-05-17T13:25:30.820+0000] {dag.py:2726} INFO - Sync 1 DAGs
[2023-05-17T13:25:30.886+0000] {logging_mixin.py:149} INFO - [2023-05-17T13:25:30.885+0000] {dag.py:3490} INFO - Setting next_dagrun for example_short_circuit_decorator to 2023-05-16T13:25:30.885249+00:00, run_after=2023-05-17T13:25:30.885249+00:00
[2023-05-17T13:25:31.041+0000] {processor.py:178} INFO - Processing /home/airflow/.local/lib/python3.7/site-packages/airflow/example_dags/example_short_circuit_decorator.py took 0.489 seconds
[2023-05-17T13:26:01.197+0000] {processor.py:156} INFO - Started process (PID=1838) to work on /home/airflow/.local/lib/python3.7/site-packages/airflow/example_dags/example_short_circuit_decorator.py
[2023-05-17T13:26:01.199+0000] {processor.py:799} INFO - Processing file /home/airflow/.local/lib/python3.7/site-packages/airflow/example_dags/example_short_circuit_decorator.py for tasks to queue
[2023-05-17T13:26:01.201+0000] {logging_mixin.py:149} INFO - [2023-05-17T13:26:01.201+0000] {dagbag.py:541} INFO - Filling up the DagBag from /home/airflow/.local/lib/python3.7/site-packages/airflow/example_dags/example_short_circuit_decorator.py
[2023-05-17T13:26:01.235+0000] {processor.py:809} INFO - DAG(s) dict_keys(['example_short_circuit_decorator']) retrieved from /home/airflow/.local/lib/python3.7/site-packages/airflow/example_dags/example_short_circuit_decorator.py
[2023-05-17T13:26:01.296+0000] {logging_mixin.py:149} INFO - [2023-05-17T13:26:01.296+0000] {dag.py:2726} INFO - Sync 1 DAGs
[2023-05-17T13:26:01.357+0000] {logging_mixin.py:149} INFO - [2023-05-17T13:26:01.357+0000] {dag.py:3490} INFO - Setting next_dagrun for example_short_circuit_decorator to 2023-05-16T13:26:01.357035+00:00, run_after=2023-05-17T13:26:01.357035+00:00
[2023-05-17T13:26:01.592+0000] {processor.py:178} INFO - Processing /home/airflow/.local/lib/python3.7/site-packages/airflow/example_dags/example_short_circuit_decorator.py took 0.408 seconds
[2023-05-17T13:26:39.325+0000] {processor.py:156} INFO - Started process (PID=1893) to work on /home/airflow/.local/lib/python3.7/site-packages/airflow/example_dags/example_short_circuit_decorator.py
[2023-05-17T13:26:39.327+0000] {processor.py:799} INFO - Processing file /home/airflow/.local/lib/python3.7/site-packages/airflow/example_dags/example_short_circuit_decorator.py for tasks to queue
[2023-05-17T13:26:39.329+0000] {logging_mixin.py:149} INFO - [2023-05-17T13:26:39.329+0000] {dagbag.py:541} INFO - Filling up the DagBag from /home/airflow/.local/lib/python3.7/site-packages/airflow/example_dags/example_short_circuit_decorator.py
[2023-05-17T13:26:39.360+0000] {processor.py:809} INFO - DAG(s) dict_keys(['example_short_circuit_decorator']) retrieved from /home/airflow/.local/lib/python3.7/site-packages/airflow/example_dags/example_short_circuit_decorator.py
[2023-05-17T13:26:39.496+0000] {logging_mixin.py:149} INFO - [2023-05-17T13:26:39.495+0000] {dag.py:2726} INFO - Sync 1 DAGs
[2023-05-17T13:26:39.614+0000] {logging_mixin.py:149} INFO - [2023-05-17T13:26:39.614+0000] {dag.py:3490} INFO - Setting next_dagrun for example_short_circuit_decorator to 2023-05-16T13:26:39.613740+00:00, run_after=2023-05-17T13:26:39.613740+00:00
[2023-05-17T13:26:39.860+0000] {processor.py:178} INFO - Processing /home/airflow/.local/lib/python3.7/site-packages/airflow/example_dags/example_short_circuit_decorator.py took 0.545 seconds
[2023-05-17T13:32:08.822+0000] {processor.py:156} INFO - Started process (PID=63) to work on /home/airflow/.local/lib/python3.7/site-packages/airflow/example_dags/example_short_circuit_decorator.py
[2023-05-17T13:32:08.835+0000] {processor.py:799} INFO - Processing file /home/airflow/.local/lib/python3.7/site-packages/airflow/example_dags/example_short_circuit_decorator.py for tasks to queue
[2023-05-17T13:32:08.843+0000] {logging_mixin.py:149} INFO - [2023-05-17T13:32:08.843+0000] {dagbag.py:541} INFO - Filling up the DagBag from /home/airflow/.local/lib/python3.7/site-packages/airflow/example_dags/example_short_circuit_decorator.py
[2023-05-17T13:32:08.903+0000] {processor.py:809} INFO - DAG(s) dict_keys(['example_short_circuit_decorator']) retrieved from /home/airflow/.local/lib/python3.7/site-packages/airflow/example_dags/example_short_circuit_decorator.py
[2023-05-17T13:32:09.052+0000] {logging_mixin.py:149} INFO - [2023-05-17T13:32:09.051+0000] {dag.py:2726} INFO - Sync 1 DAGs
[2023-05-17T13:32:09.173+0000] {logging_mixin.py:149} INFO - [2023-05-17T13:32:09.172+0000] {dag.py:3490} INFO - Setting next_dagrun for example_short_circuit_decorator to 2023-05-16T13:32:09.170424+00:00, run_after=2023-05-17T13:32:09.170424+00:00
[2023-05-17T13:32:09.365+0000] {processor.py:178} INFO - Processing /home/airflow/.local/lib/python3.7/site-packages/airflow/example_dags/example_short_circuit_decorator.py took 0.552 seconds
[2023-05-17T13:33:38.921+0000] {processor.py:156} INFO - Started process (PID=126) to work on /home/airflow/.local/lib/python3.7/site-packages/airflow/example_dags/example_short_circuit_decorator.py
[2023-05-17T13:33:38.923+0000] {processor.py:799} INFO - Processing file /home/airflow/.local/lib/python3.7/site-packages/airflow/example_dags/example_short_circuit_decorator.py for tasks to queue
[2023-05-17T13:33:38.929+0000] {logging_mixin.py:149} INFO - [2023-05-17T13:33:38.925+0000] {dagbag.py:541} INFO - Filling up the DagBag from /home/airflow/.local/lib/python3.7/site-packages/airflow/example_dags/example_short_circuit_decorator.py
[2023-05-17T13:33:38.956+0000] {processor.py:809} INFO - DAG(s) dict_keys(['example_short_circuit_decorator']) retrieved from /home/airflow/.local/lib/python3.7/site-packages/airflow/example_dags/example_short_circuit_decorator.py
[2023-05-17T13:33:39.037+0000] {logging_mixin.py:149} INFO - [2023-05-17T13:33:39.037+0000] {dag.py:2726} INFO - Sync 1 DAGs
[2023-05-17T13:33:39.154+0000] {logging_mixin.py:149} INFO - [2023-05-17T13:33:39.153+0000] {dag.py:3490} INFO - Setting next_dagrun for example_short_circuit_decorator to 2023-05-16T13:33:39.153491+00:00, run_after=2023-05-17T13:33:39.153491+00:00
[2023-05-17T13:33:39.619+0000] {processor.py:178} INFO - Processing /home/airflow/.local/lib/python3.7/site-packages/airflow/example_dags/example_short_circuit_decorator.py took 0.706 seconds
[2023-05-17T13:34:27.238+0000] {processor.py:156} INFO - Started process (PID=171) to work on /home/airflow/.local/lib/python3.7/site-packages/airflow/example_dags/example_short_circuit_decorator.py
[2023-05-17T13:34:27.249+0000] {processor.py:799} INFO - Processing file /home/airflow/.local/lib/python3.7/site-packages/airflow/example_dags/example_short_circuit_decorator.py for tasks to queue
[2023-05-17T13:34:27.255+0000] {logging_mixin.py:149} INFO - [2023-05-17T13:34:27.254+0000] {dagbag.py:541} INFO - Filling up the DagBag from /home/airflow/.local/lib/python3.7/site-packages/airflow/example_dags/example_short_circuit_decorator.py
[2023-05-17T13:34:27.290+0000] {processor.py:809} INFO - DAG(s) dict_keys(['example_short_circuit_decorator']) retrieved from /home/airflow/.local/lib/python3.7/site-packages/airflow/example_dags/example_short_circuit_decorator.py
[2023-05-17T13:34:27.379+0000] {logging_mixin.py:149} INFO - [2023-05-17T13:34:27.378+0000] {dag.py:2726} INFO - Sync 1 DAGs
[2023-05-17T13:34:27.453+0000] {logging_mixin.py:149} INFO - [2023-05-17T13:34:27.453+0000] {dag.py:3490} INFO - Setting next_dagrun for example_short_circuit_decorator to 2023-05-16T13:34:27.453100+00:00, run_after=2023-05-17T13:34:27.453100+00:00
[2023-05-17T13:34:28.243+0000] {processor.py:178} INFO - Processing /home/airflow/.local/lib/python3.7/site-packages/airflow/example_dags/example_short_circuit_decorator.py took 1.028 seconds
[2023-05-17T13:36:39.559+0000] {processor.py:156} INFO - Started process (PID=229) to work on /home/airflow/.local/lib/python3.7/site-packages/airflow/example_dags/example_short_circuit_decorator.py
[2023-05-17T13:36:39.562+0000] {processor.py:799} INFO - Processing file /home/airflow/.local/lib/python3.7/site-packages/airflow/example_dags/example_short_circuit_decorator.py for tasks to queue
[2023-05-17T13:36:39.564+0000] {logging_mixin.py:149} INFO - [2023-05-17T13:36:39.564+0000] {dagbag.py:541} INFO - Filling up the DagBag from /home/airflow/.local/lib/python3.7/site-packages/airflow/example_dags/example_short_circuit_decorator.py
[2023-05-17T13:36:39.596+0000] {processor.py:809} INFO - DAG(s) dict_keys(['example_short_circuit_decorator']) retrieved from /home/airflow/.local/lib/python3.7/site-packages/airflow/example_dags/example_short_circuit_decorator.py
[2023-05-17T13:36:39.709+0000] {logging_mixin.py:149} INFO - [2023-05-17T13:36:39.709+0000] {dag.py:2726} INFO - Sync 1 DAGs
[2023-05-17T13:36:39.864+0000] {logging_mixin.py:149} INFO - [2023-05-17T13:36:39.864+0000] {dag.py:3490} INFO - Setting next_dagrun for example_short_circuit_decorator to 2023-05-16T13:36:39.863717+00:00, run_after=2023-05-17T13:36:39.863717+00:00
[2023-05-17T13:36:40.104+0000] {processor.py:178} INFO - Processing /home/airflow/.local/lib/python3.7/site-packages/airflow/example_dags/example_short_circuit_decorator.py took 0.555 seconds
[2023-05-17T13:37:20.463+0000] {processor.py:156} INFO - Started process (PID=286) to work on /home/airflow/.local/lib/python3.7/site-packages/airflow/example_dags/example_short_circuit_decorator.py
[2023-05-17T13:37:20.465+0000] {processor.py:799} INFO - Processing file /home/airflow/.local/lib/python3.7/site-packages/airflow/example_dags/example_short_circuit_decorator.py for tasks to queue
[2023-05-17T13:37:20.467+0000] {logging_mixin.py:149} INFO - [2023-05-17T13:37:20.467+0000] {dagbag.py:541} INFO - Filling up the DagBag from /home/airflow/.local/lib/python3.7/site-packages/airflow/example_dags/example_short_circuit_decorator.py
[2023-05-17T13:37:20.489+0000] {processor.py:809} INFO - DAG(s) dict_keys(['example_short_circuit_decorator']) retrieved from /home/airflow/.local/lib/python3.7/site-packages/airflow/example_dags/example_short_circuit_decorator.py
[2023-05-17T13:37:20.554+0000] {logging_mixin.py:149} INFO - [2023-05-17T13:37:20.553+0000] {dag.py:2726} INFO - Sync 1 DAGs
[2023-05-17T13:37:20.612+0000] {logging_mixin.py:149} INFO - [2023-05-17T13:37:20.612+0000] {dag.py:3490} INFO - Setting next_dagrun for example_short_circuit_decorator to 2023-05-16T13:37:20.611755+00:00, run_after=2023-05-17T13:37:20.611755+00:00
[2023-05-17T13:37:20.826+0000] {processor.py:178} INFO - Processing /home/airflow/.local/lib/python3.7/site-packages/airflow/example_dags/example_short_circuit_decorator.py took 0.370 seconds
[2023-05-17T13:37:51.154+0000] {processor.py:156} INFO - Started process (PID=340) to work on /home/airflow/.local/lib/python3.7/site-packages/airflow/example_dags/example_short_circuit_decorator.py
[2023-05-17T13:37:51.161+0000] {processor.py:799} INFO - Processing file /home/airflow/.local/lib/python3.7/site-packages/airflow/example_dags/example_short_circuit_decorator.py for tasks to queue
[2023-05-17T13:37:51.165+0000] {logging_mixin.py:149} INFO - [2023-05-17T13:37:51.164+0000] {dagbag.py:541} INFO - Filling up the DagBag from /home/airflow/.local/lib/python3.7/site-packages/airflow/example_dags/example_short_circuit_decorator.py
[2023-05-17T13:37:51.238+0000] {processor.py:809} INFO - DAG(s) dict_keys(['example_short_circuit_decorator']) retrieved from /home/airflow/.local/lib/python3.7/site-packages/airflow/example_dags/example_short_circuit_decorator.py
[2023-05-17T13:37:51.387+0000] {logging_mixin.py:149} INFO - [2023-05-17T13:37:51.385+0000] {dag.py:2726} INFO - Sync 1 DAGs
[2023-05-17T13:37:51.611+0000] {logging_mixin.py:149} INFO - [2023-05-17T13:37:51.594+0000] {dag.py:3490} INFO - Setting next_dagrun for example_short_circuit_decorator to 2023-05-16T13:37:51.593274+00:00, run_after=2023-05-17T13:37:51.593274+00:00
[2023-05-17T13:37:51.845+0000] {processor.py:178} INFO - Processing /home/airflow/.local/lib/python3.7/site-packages/airflow/example_dags/example_short_circuit_decorator.py took 0.700 seconds
[2023-05-17T13:38:21.961+0000] {processor.py:156} INFO - Started process (PID=398) to work on /home/airflow/.local/lib/python3.7/site-packages/airflow/example_dags/example_short_circuit_decorator.py
[2023-05-17T13:38:21.963+0000] {processor.py:799} INFO - Processing file /home/airflow/.local/lib/python3.7/site-packages/airflow/example_dags/example_short_circuit_decorator.py for tasks to queue
[2023-05-17T13:38:21.965+0000] {logging_mixin.py:149} INFO - [2023-05-17T13:38:21.965+0000] {dagbag.py:541} INFO - Filling up the DagBag from /home/airflow/.local/lib/python3.7/site-packages/airflow/example_dags/example_short_circuit_decorator.py
[2023-05-17T13:38:21.984+0000] {processor.py:809} INFO - DAG(s) dict_keys(['example_short_circuit_decorator']) retrieved from /home/airflow/.local/lib/python3.7/site-packages/airflow/example_dags/example_short_circuit_decorator.py
[2023-05-17T13:38:22.051+0000] {logging_mixin.py:149} INFO - [2023-05-17T13:38:22.051+0000] {dag.py:2726} INFO - Sync 1 DAGs
[2023-05-17T13:38:22.113+0000] {logging_mixin.py:149} INFO - [2023-05-17T13:38:22.113+0000] {dag.py:3490} INFO - Setting next_dagrun for example_short_circuit_decorator to 2023-05-16T13:38:22.112946+00:00, run_after=2023-05-17T13:38:22.112946+00:00
[2023-05-17T13:38:22.264+0000] {processor.py:178} INFO - Processing /home/airflow/.local/lib/python3.7/site-packages/airflow/example_dags/example_short_circuit_decorator.py took 0.310 seconds
[2023-05-17T13:38:53.057+0000] {processor.py:156} INFO - Started process (PID=456) to work on /home/airflow/.local/lib/python3.7/site-packages/airflow/example_dags/example_short_circuit_decorator.py
[2023-05-17T13:38:53.060+0000] {processor.py:799} INFO - Processing file /home/airflow/.local/lib/python3.7/site-packages/airflow/example_dags/example_short_circuit_decorator.py for tasks to queue
[2023-05-17T13:38:53.068+0000] {logging_mixin.py:149} INFO - [2023-05-17T13:38:53.067+0000] {dagbag.py:541} INFO - Filling up the DagBag from /home/airflow/.local/lib/python3.7/site-packages/airflow/example_dags/example_short_circuit_decorator.py
[2023-05-17T13:38:53.111+0000] {processor.py:809} INFO - DAG(s) dict_keys(['example_short_circuit_decorator']) retrieved from /home/airflow/.local/lib/python3.7/site-packages/airflow/example_dags/example_short_circuit_decorator.py
[2023-05-17T13:38:53.215+0000] {logging_mixin.py:149} INFO - [2023-05-17T13:38:53.213+0000] {dag.py:2726} INFO - Sync 1 DAGs
[2023-05-17T13:38:53.291+0000] {logging_mixin.py:149} INFO - [2023-05-17T13:38:53.291+0000] {dag.py:3490} INFO - Setting next_dagrun for example_short_circuit_decorator to 2023-05-16T13:38:53.290424+00:00, run_after=2023-05-17T13:38:53.290424+00:00
[2023-05-17T13:38:53.443+0000] {processor.py:178} INFO - Processing /home/airflow/.local/lib/python3.7/site-packages/airflow/example_dags/example_short_circuit_decorator.py took 0.394 seconds
[2023-05-17T13:39:23.540+0000] {processor.py:156} INFO - Started process (PID=514) to work on /home/airflow/.local/lib/python3.7/site-packages/airflow/example_dags/example_short_circuit_decorator.py
[2023-05-17T13:39:23.542+0000] {processor.py:799} INFO - Processing file /home/airflow/.local/lib/python3.7/site-packages/airflow/example_dags/example_short_circuit_decorator.py for tasks to queue
[2023-05-17T13:39:23.545+0000] {logging_mixin.py:149} INFO - [2023-05-17T13:39:23.544+0000] {dagbag.py:541} INFO - Filling up the DagBag from /home/airflow/.local/lib/python3.7/site-packages/airflow/example_dags/example_short_circuit_decorator.py
[2023-05-17T13:39:23.568+0000] {processor.py:809} INFO - DAG(s) dict_keys(['example_short_circuit_decorator']) retrieved from /home/airflow/.local/lib/python3.7/site-packages/airflow/example_dags/example_short_circuit_decorator.py
[2023-05-17T13:39:23.651+0000] {logging_mixin.py:149} INFO - [2023-05-17T13:39:23.649+0000] {dag.py:2726} INFO - Sync 1 DAGs
[2023-05-17T13:39:23.780+0000] {logging_mixin.py:149} INFO - [2023-05-17T13:39:23.780+0000] {dag.py:3490} INFO - Setting next_dagrun for example_short_circuit_decorator to 2023-05-16T13:39:23.779759+00:00, run_after=2023-05-17T13:39:23.779759+00:00
[2023-05-17T13:39:24.810+0000] {processor.py:178} INFO - Processing /home/airflow/.local/lib/python3.7/site-packages/airflow/example_dags/example_short_circuit_decorator.py took 1.280 seconds
[2023-05-17T13:39:55.261+0000] {processor.py:156} INFO - Started process (PID=573) to work on /home/airflow/.local/lib/python3.7/site-packages/airflow/example_dags/example_short_circuit_decorator.py
[2023-05-17T13:39:55.267+0000] {processor.py:799} INFO - Processing file /home/airflow/.local/lib/python3.7/site-packages/airflow/example_dags/example_short_circuit_decorator.py for tasks to queue
[2023-05-17T13:39:55.270+0000] {logging_mixin.py:149} INFO - [2023-05-17T13:39:55.269+0000] {dagbag.py:541} INFO - Filling up the DagBag from /home/airflow/.local/lib/python3.7/site-packages/airflow/example_dags/example_short_circuit_decorator.py
[2023-05-17T13:39:55.302+0000] {processor.py:809} INFO - DAG(s) dict_keys(['example_short_circuit_decorator']) retrieved from /home/airflow/.local/lib/python3.7/site-packages/airflow/example_dags/example_short_circuit_decorator.py
[2023-05-17T13:39:55.388+0000] {logging_mixin.py:149} INFO - [2023-05-17T13:39:55.388+0000] {dag.py:2726} INFO - Sync 1 DAGs
[2023-05-17T13:39:55.458+0000] {logging_mixin.py:149} INFO - [2023-05-17T13:39:55.457+0000] {dag.py:3490} INFO - Setting next_dagrun for example_short_circuit_decorator to 2023-05-16T13:39:55.457567+00:00, run_after=2023-05-17T13:39:55.457567+00:00
[2023-05-17T13:39:55.675+0000] {processor.py:178} INFO - Processing /home/airflow/.local/lib/python3.7/site-packages/airflow/example_dags/example_short_circuit_decorator.py took 0.425 seconds
