[2023-05-17T13:05:35.344+0000] {processor.py:156} INFO - Started process (PID=141) to work on /home/airflow/.local/lib/python3.7/site-packages/airflow/example_dags/example_external_task_marker_dag.py
[2023-05-17T13:05:35.972+0000] {processor.py:799} INFO - Processing file /home/airflow/.local/lib/python3.7/site-packages/airflow/example_dags/example_external_task_marker_dag.py for tasks to queue
[2023-05-17T13:05:35.978+0000] {logging_mixin.py:149} INFO - [2023-05-17T13:05:35.977+0000] {dagbag.py:541} INFO - Filling up the DagBag from /home/airflow/.local/lib/python3.7/site-packages/airflow/example_dags/example_external_task_marker_dag.py
[2023-05-17T13:05:44.363+0000] {processor.py:809} INFO - DAG(s) dict_keys(['example_external_task_marker_parent', 'example_external_task_marker_child']) retrieved from /home/airflow/.local/lib/python3.7/site-packages/airflow/example_dags/example_external_task_marker_dag.py
[2023-05-17T13:05:49.902+0000] {logging_mixin.py:149} INFO - [2023-05-17T13:05:49.901+0000] {manager.py:504} INFO - Created Permission View: can read on DAG:example_external_task_marker_parent
[2023-05-17T13:05:51.345+0000] {logging_mixin.py:149} INFO - [2023-05-17T13:05:51.344+0000] {manager.py:504} INFO - Created Permission View: can edit on DAG:example_external_task_marker_parent
[2023-05-17T13:05:52.123+0000] {logging_mixin.py:149} INFO - [2023-05-17T13:05:52.115+0000] {manager.py:504} INFO - Created Permission View: can delete on DAG:example_external_task_marker_parent
[2023-05-17T13:05:54.294+0000] {logging_mixin.py:149} INFO - [2023-05-17T13:05:54.293+0000] {manager.py:504} INFO - Created Permission View: can read on DAG:example_external_task_marker_child
[2023-05-17T13:05:55.081+0000] {logging_mixin.py:149} INFO - [2023-05-17T13:05:55.081+0000] {manager.py:504} INFO - Created Permission View: can edit on DAG:example_external_task_marker_child
[2023-05-17T13:05:55.604+0000] {logging_mixin.py:149} INFO - [2023-05-17T13:05:55.604+0000] {manager.py:504} INFO - Created Permission View: can delete on DAG:example_external_task_marker_child
[2023-05-17T13:05:55.609+0000] {logging_mixin.py:149} INFO - [2023-05-17T13:05:55.608+0000] {dag.py:2726} INFO - Sync 2 DAGs
[2023-05-17T13:05:56.547+0000] {logging_mixin.py:149} INFO - [2023-05-17T13:05:56.547+0000] {dag.py:2747} INFO - Creating ORM DAG for example_external_task_marker_parent
[2023-05-17T13:05:56.557+0000] {logging_mixin.py:149} INFO - [2023-05-17T13:05:56.557+0000] {dag.py:2747} INFO - Creating ORM DAG for example_external_task_marker_child
[2023-05-17T13:06:00.360+0000] {logging_mixin.py:149} INFO - [2023-05-17T13:06:00.360+0000] {dag.py:3490} INFO - Setting next_dagrun for example_external_task_marker_child to None, run_after=None
[2023-05-17T13:06:00.365+0000] {logging_mixin.py:149} INFO - [2023-05-17T13:06:00.364+0000] {dag.py:3490} INFO - Setting next_dagrun for example_external_task_marker_parent to None, run_after=None
[2023-05-17T13:06:07.969+0000] {processor.py:178} INFO - Processing /home/airflow/.local/lib/python3.7/site-packages/airflow/example_dags/example_external_task_marker_dag.py took 32.604 seconds
[2023-05-17T13:09:11.465+0000] {processor.py:156} INFO - Started process (PID=233) to work on /home/airflow/.local/lib/python3.7/site-packages/airflow/example_dags/example_external_task_marker_dag.py
[2023-05-17T13:09:11.467+0000] {processor.py:799} INFO - Processing file /home/airflow/.local/lib/python3.7/site-packages/airflow/example_dags/example_external_task_marker_dag.py for tasks to queue
[2023-05-17T13:09:11.470+0000] {logging_mixin.py:149} INFO - [2023-05-17T13:09:11.469+0000] {dagbag.py:541} INFO - Filling up the DagBag from /home/airflow/.local/lib/python3.7/site-packages/airflow/example_dags/example_external_task_marker_dag.py
[2023-05-17T13:09:11.504+0000] {processor.py:809} INFO - DAG(s) dict_keys(['example_external_task_marker_child', 'example_external_task_marker_parent']) retrieved from /home/airflow/.local/lib/python3.7/site-packages/airflow/example_dags/example_external_task_marker_dag.py
[2023-05-17T13:09:11.579+0000] {logging_mixin.py:149} INFO - [2023-05-17T13:09:11.578+0000] {dag.py:2726} INFO - Sync 2 DAGs
[2023-05-17T13:09:11.650+0000] {logging_mixin.py:149} INFO - [2023-05-17T13:09:11.649+0000] {dag.py:3490} INFO - Setting next_dagrun for example_external_task_marker_child to None, run_after=None
[2023-05-17T13:09:11.658+0000] {logging_mixin.py:149} INFO - [2023-05-17T13:09:11.658+0000] {dag.py:3490} INFO - Setting next_dagrun for example_external_task_marker_parent to None, run_after=None
[2023-05-17T13:09:11.818+0000] {processor.py:178} INFO - Processing /home/airflow/.local/lib/python3.7/site-packages/airflow/example_dags/example_external_task_marker_dag.py took 0.364 seconds
[2023-05-17T13:09:42.466+0000] {processor.py:156} INFO - Started process (PID=290) to work on /home/airflow/.local/lib/python3.7/site-packages/airflow/example_dags/example_external_task_marker_dag.py
[2023-05-17T13:09:42.468+0000] {processor.py:799} INFO - Processing file /home/airflow/.local/lib/python3.7/site-packages/airflow/example_dags/example_external_task_marker_dag.py for tasks to queue
[2023-05-17T13:09:42.471+0000] {logging_mixin.py:149} INFO - [2023-05-17T13:09:42.470+0000] {dagbag.py:541} INFO - Filling up the DagBag from /home/airflow/.local/lib/python3.7/site-packages/airflow/example_dags/example_external_task_marker_dag.py
[2023-05-17T13:09:42.484+0000] {processor.py:809} INFO - DAG(s) dict_keys(['example_external_task_marker_parent', 'example_external_task_marker_child']) retrieved from /home/airflow/.local/lib/python3.7/site-packages/airflow/example_dags/example_external_task_marker_dag.py
[2023-05-17T13:09:42.545+0000] {logging_mixin.py:149} INFO - [2023-05-17T13:09:42.544+0000] {dag.py:2726} INFO - Sync 2 DAGs
[2023-05-17T13:09:42.624+0000] {logging_mixin.py:149} INFO - [2023-05-17T13:09:42.624+0000] {dag.py:3490} INFO - Setting next_dagrun for example_external_task_marker_child to None, run_after=None
[2023-05-17T13:09:42.640+0000] {logging_mixin.py:149} INFO - [2023-05-17T13:09:42.640+0000] {dag.py:3490} INFO - Setting next_dagrun for example_external_task_marker_parent to None, run_after=None
[2023-05-17T13:09:42.890+0000] {processor.py:178} INFO - Processing /home/airflow/.local/lib/python3.7/site-packages/airflow/example_dags/example_external_task_marker_dag.py took 0.431 seconds
[2023-05-17T13:10:20.407+0000] {processor.py:156} INFO - Started process (PID=344) to work on /home/airflow/.local/lib/python3.7/site-packages/airflow/example_dags/example_external_task_marker_dag.py
[2023-05-17T13:10:20.409+0000] {processor.py:799} INFO - Processing file /home/airflow/.local/lib/python3.7/site-packages/airflow/example_dags/example_external_task_marker_dag.py for tasks to queue
[2023-05-17T13:10:20.411+0000] {logging_mixin.py:149} INFO - [2023-05-17T13:10:20.411+0000] {dagbag.py:541} INFO - Filling up the DagBag from /home/airflow/.local/lib/python3.7/site-packages/airflow/example_dags/example_external_task_marker_dag.py
[2023-05-17T13:10:20.425+0000] {processor.py:809} INFO - DAG(s) dict_keys(['example_external_task_marker_parent', 'example_external_task_marker_child']) retrieved from /home/airflow/.local/lib/python3.7/site-packages/airflow/example_dags/example_external_task_marker_dag.py
[2023-05-17T13:10:20.522+0000] {logging_mixin.py:149} INFO - [2023-05-17T13:10:20.521+0000] {dag.py:2726} INFO - Sync 2 DAGs
[2023-05-17T13:10:20.615+0000] {logging_mixin.py:149} INFO - [2023-05-17T13:10:20.615+0000] {dag.py:3490} INFO - Setting next_dagrun for example_external_task_marker_child to None, run_after=None
[2023-05-17T13:10:20.629+0000] {logging_mixin.py:149} INFO - [2023-05-17T13:10:20.629+0000] {dag.py:3490} INFO - Setting next_dagrun for example_external_task_marker_parent to None, run_after=None
[2023-05-17T13:10:20.890+0000] {processor.py:178} INFO - Processing /home/airflow/.local/lib/python3.7/site-packages/airflow/example_dags/example_external_task_marker_dag.py took 0.494 seconds
[2023-05-17T13:11:01.079+0000] {processor.py:156} INFO - Started process (PID=408) to work on /home/airflow/.local/lib/python3.7/site-packages/airflow/example_dags/example_external_task_marker_dag.py
[2023-05-17T13:11:01.088+0000] {processor.py:799} INFO - Processing file /home/airflow/.local/lib/python3.7/site-packages/airflow/example_dags/example_external_task_marker_dag.py for tasks to queue
[2023-05-17T13:11:01.092+0000] {logging_mixin.py:149} INFO - [2023-05-17T13:11:01.092+0000] {dagbag.py:541} INFO - Filling up the DagBag from /home/airflow/.local/lib/python3.7/site-packages/airflow/example_dags/example_external_task_marker_dag.py
[2023-05-17T13:11:01.111+0000] {processor.py:809} INFO - DAG(s) dict_keys(['example_external_task_marker_child', 'example_external_task_marker_parent']) retrieved from /home/airflow/.local/lib/python3.7/site-packages/airflow/example_dags/example_external_task_marker_dag.py
[2023-05-17T13:11:01.229+0000] {logging_mixin.py:149} INFO - [2023-05-17T13:11:01.228+0000] {dag.py:2726} INFO - Sync 2 DAGs
[2023-05-17T13:11:01.323+0000] {logging_mixin.py:149} INFO - [2023-05-17T13:11:01.323+0000] {dag.py:3490} INFO - Setting next_dagrun for example_external_task_marker_child to None, run_after=None
[2023-05-17T13:11:01.344+0000] {logging_mixin.py:149} INFO - [2023-05-17T13:11:01.344+0000] {dag.py:3490} INFO - Setting next_dagrun for example_external_task_marker_parent to None, run_after=None
[2023-05-17T13:11:02.412+0000] {processor.py:178} INFO - Processing /home/airflow/.local/lib/python3.7/site-packages/airflow/example_dags/example_external_task_marker_dag.py took 1.351 seconds
[2023-05-17T13:11:33.505+0000] {processor.py:156} INFO - Started process (PID=461) to work on /home/airflow/.local/lib/python3.7/site-packages/airflow/example_dags/example_external_task_marker_dag.py
[2023-05-17T13:11:33.507+0000] {processor.py:799} INFO - Processing file /home/airflow/.local/lib/python3.7/site-packages/airflow/example_dags/example_external_task_marker_dag.py for tasks to queue
[2023-05-17T13:11:33.520+0000] {logging_mixin.py:149} INFO - [2023-05-17T13:11:33.519+0000] {dagbag.py:541} INFO - Filling up the DagBag from /home/airflow/.local/lib/python3.7/site-packages/airflow/example_dags/example_external_task_marker_dag.py
[2023-05-17T13:11:33.559+0000] {processor.py:809} INFO - DAG(s) dict_keys(['example_external_task_marker_child', 'example_external_task_marker_parent']) retrieved from /home/airflow/.local/lib/python3.7/site-packages/airflow/example_dags/example_external_task_marker_dag.py
[2023-05-17T13:11:33.697+0000] {logging_mixin.py:149} INFO - [2023-05-17T13:11:33.696+0000] {dag.py:2726} INFO - Sync 2 DAGs
[2023-05-17T13:11:33.803+0000] {logging_mixin.py:149} INFO - [2023-05-17T13:11:33.803+0000] {dag.py:3490} INFO - Setting next_dagrun for example_external_task_marker_child to None, run_after=None
[2023-05-17T13:11:33.828+0000] {logging_mixin.py:149} INFO - [2023-05-17T13:11:33.824+0000] {dag.py:3490} INFO - Setting next_dagrun for example_external_task_marker_parent to None, run_after=None
[2023-05-17T13:11:34.704+0000] {processor.py:178} INFO - Processing /home/airflow/.local/lib/python3.7/site-packages/airflow/example_dags/example_external_task_marker_dag.py took 1.218 seconds
[2023-05-17T13:12:04.884+0000] {processor.py:156} INFO - Started process (PID=519) to work on /home/airflow/.local/lib/python3.7/site-packages/airflow/example_dags/example_external_task_marker_dag.py
[2023-05-17T13:12:04.886+0000] {processor.py:799} INFO - Processing file /home/airflow/.local/lib/python3.7/site-packages/airflow/example_dags/example_external_task_marker_dag.py for tasks to queue
[2023-05-17T13:12:04.889+0000] {logging_mixin.py:149} INFO - [2023-05-17T13:12:04.889+0000] {dagbag.py:541} INFO - Filling up the DagBag from /home/airflow/.local/lib/python3.7/site-packages/airflow/example_dags/example_external_task_marker_dag.py
[2023-05-17T13:12:04.909+0000] {processor.py:809} INFO - DAG(s) dict_keys(['example_external_task_marker_parent', 'example_external_task_marker_child']) retrieved from /home/airflow/.local/lib/python3.7/site-packages/airflow/example_dags/example_external_task_marker_dag.py
[2023-05-17T13:12:05.027+0000] {logging_mixin.py:149} INFO - [2023-05-17T13:12:05.027+0000] {dag.py:2726} INFO - Sync 2 DAGs
[2023-05-17T13:12:05.173+0000] {logging_mixin.py:149} INFO - [2023-05-17T13:12:05.161+0000] {dag.py:3490} INFO - Setting next_dagrun for example_external_task_marker_child to None, run_after=None
[2023-05-17T13:12:05.216+0000] {logging_mixin.py:149} INFO - [2023-05-17T13:12:05.215+0000] {dag.py:3490} INFO - Setting next_dagrun for example_external_task_marker_parent to None, run_after=None
[2023-05-17T13:12:06.278+0000] {processor.py:178} INFO - Processing /home/airflow/.local/lib/python3.7/site-packages/airflow/example_dags/example_external_task_marker_dag.py took 1.396 seconds
[2023-05-17T13:12:37.818+0000] {processor.py:156} INFO - Started process (PID=577) to work on /home/airflow/.local/lib/python3.7/site-packages/airflow/example_dags/example_external_task_marker_dag.py
[2023-05-17T13:12:37.848+0000] {processor.py:799} INFO - Processing file /home/airflow/.local/lib/python3.7/site-packages/airflow/example_dags/example_external_task_marker_dag.py for tasks to queue
[2023-05-17T13:12:37.851+0000] {logging_mixin.py:149} INFO - [2023-05-17T13:12:37.851+0000] {dagbag.py:541} INFO - Filling up the DagBag from /home/airflow/.local/lib/python3.7/site-packages/airflow/example_dags/example_external_task_marker_dag.py
[2023-05-17T13:12:37.989+0000] {processor.py:809} INFO - DAG(s) dict_keys(['example_external_task_marker_child', 'example_external_task_marker_parent']) retrieved from /home/airflow/.local/lib/python3.7/site-packages/airflow/example_dags/example_external_task_marker_dag.py
[2023-05-17T13:12:39.196+0000] {logging_mixin.py:149} INFO - [2023-05-17T13:12:39.195+0000] {dag.py:2726} INFO - Sync 2 DAGs
[2023-05-17T13:12:39.767+0000] {logging_mixin.py:149} INFO - [2023-05-17T13:12:39.766+0000] {dag.py:3490} INFO - Setting next_dagrun for example_external_task_marker_child to None, run_after=None
[2023-05-17T13:12:39.801+0000] {logging_mixin.py:149} INFO - [2023-05-17T13:12:39.800+0000] {dag.py:3490} INFO - Setting next_dagrun for example_external_task_marker_parent to None, run_after=None
[2023-05-17T13:12:41.339+0000] {processor.py:178} INFO - Processing /home/airflow/.local/lib/python3.7/site-packages/airflow/example_dags/example_external_task_marker_dag.py took 3.777 seconds
[2023-05-17T13:13:28.458+0000] {processor.py:156} INFO - Started process (PID=638) to work on /home/airflow/.local/lib/python3.7/site-packages/airflow/example_dags/example_external_task_marker_dag.py
[2023-05-17T13:13:28.464+0000] {processor.py:799} INFO - Processing file /home/airflow/.local/lib/python3.7/site-packages/airflow/example_dags/example_external_task_marker_dag.py for tasks to queue
[2023-05-17T13:13:28.466+0000] {logging_mixin.py:149} INFO - [2023-05-17T13:13:28.466+0000] {dagbag.py:541} INFO - Filling up the DagBag from /home/airflow/.local/lib/python3.7/site-packages/airflow/example_dags/example_external_task_marker_dag.py
[2023-05-17T13:13:28.485+0000] {processor.py:809} INFO - DAG(s) dict_keys(['example_external_task_marker_child', 'example_external_task_marker_parent']) retrieved from /home/airflow/.local/lib/python3.7/site-packages/airflow/example_dags/example_external_task_marker_dag.py
[2023-05-17T13:13:28.600+0000] {logging_mixin.py:149} INFO - [2023-05-17T13:13:28.600+0000] {dag.py:2726} INFO - Sync 2 DAGs
[2023-05-17T13:13:28.716+0000] {logging_mixin.py:149} INFO - [2023-05-17T13:13:28.715+0000] {dag.py:3490} INFO - Setting next_dagrun for example_external_task_marker_child to None, run_after=None
[2023-05-17T13:13:28.729+0000] {logging_mixin.py:149} INFO - [2023-05-17T13:13:28.728+0000] {dag.py:3490} INFO - Setting next_dagrun for example_external_task_marker_parent to None, run_after=None
[2023-05-17T13:13:28.868+0000] {processor.py:178} INFO - Processing /home/airflow/.local/lib/python3.7/site-packages/airflow/example_dags/example_external_task_marker_dag.py took 0.419 seconds
[2023-05-17T13:13:59.963+0000] {processor.py:156} INFO - Started process (PID=698) to work on /home/airflow/.local/lib/python3.7/site-packages/airflow/example_dags/example_external_task_marker_dag.py
[2023-05-17T13:13:59.966+0000] {processor.py:799} INFO - Processing file /home/airflow/.local/lib/python3.7/site-packages/airflow/example_dags/example_external_task_marker_dag.py for tasks to queue
[2023-05-17T13:13:59.969+0000] {logging_mixin.py:149} INFO - [2023-05-17T13:13:59.969+0000] {dagbag.py:541} INFO - Filling up the DagBag from /home/airflow/.local/lib/python3.7/site-packages/airflow/example_dags/example_external_task_marker_dag.py
[2023-05-17T13:13:59.982+0000] {processor.py:809} INFO - DAG(s) dict_keys(['example_external_task_marker_child', 'example_external_task_marker_parent']) retrieved from /home/airflow/.local/lib/python3.7/site-packages/airflow/example_dags/example_external_task_marker_dag.py
[2023-05-17T13:14:00.075+0000] {logging_mixin.py:149} INFO - [2023-05-17T13:14:00.075+0000] {dag.py:2726} INFO - Sync 2 DAGs
[2023-05-17T13:14:00.152+0000] {logging_mixin.py:149} INFO - [2023-05-17T13:14:00.152+0000] {dag.py:3490} INFO - Setting next_dagrun for example_external_task_marker_child to None, run_after=None
[2023-05-17T13:14:00.162+0000] {logging_mixin.py:149} INFO - [2023-05-17T13:14:00.162+0000] {dag.py:3490} INFO - Setting next_dagrun for example_external_task_marker_parent to None, run_after=None
[2023-05-17T13:14:00.323+0000] {processor.py:178} INFO - Processing /home/airflow/.local/lib/python3.7/site-packages/airflow/example_dags/example_external_task_marker_dag.py took 0.367 seconds
[2023-05-17T13:15:13.425+0000] {processor.py:156} INFO - Started process (PID=760) to work on /home/airflow/.local/lib/python3.7/site-packages/airflow/example_dags/example_external_task_marker_dag.py
[2023-05-17T13:15:13.428+0000] {processor.py:799} INFO - Processing file /home/airflow/.local/lib/python3.7/site-packages/airflow/example_dags/example_external_task_marker_dag.py for tasks to queue
[2023-05-17T13:15:13.431+0000] {logging_mixin.py:149} INFO - [2023-05-17T13:15:13.430+0000] {dagbag.py:541} INFO - Filling up the DagBag from /home/airflow/.local/lib/python3.7/site-packages/airflow/example_dags/example_external_task_marker_dag.py
[2023-05-17T13:15:13.457+0000] {processor.py:809} INFO - DAG(s) dict_keys(['example_external_task_marker_child', 'example_external_task_marker_parent']) retrieved from /home/airflow/.local/lib/python3.7/site-packages/airflow/example_dags/example_external_task_marker_dag.py
[2023-05-17T13:15:13.568+0000] {logging_mixin.py:149} INFO - [2023-05-17T13:15:13.568+0000] {dag.py:2726} INFO - Sync 2 DAGs
[2023-05-17T13:15:13.651+0000] {logging_mixin.py:149} INFO - [2023-05-17T13:15:13.651+0000] {dag.py:3490} INFO - Setting next_dagrun for example_external_task_marker_child to None, run_after=None
[2023-05-17T13:15:13.662+0000] {logging_mixin.py:149} INFO - [2023-05-17T13:15:13.662+0000] {dag.py:3490} INFO - Setting next_dagrun for example_external_task_marker_parent to None, run_after=None
[2023-05-17T13:15:13.947+0000] {processor.py:178} INFO - Processing /home/airflow/.local/lib/python3.7/site-packages/airflow/example_dags/example_external_task_marker_dag.py took 0.538 seconds
[2023-05-17T13:15:44.083+0000] {processor.py:156} INFO - Started process (PID=818) to work on /home/airflow/.local/lib/python3.7/site-packages/airflow/example_dags/example_external_task_marker_dag.py
[2023-05-17T13:15:44.085+0000] {processor.py:799} INFO - Processing file /home/airflow/.local/lib/python3.7/site-packages/airflow/example_dags/example_external_task_marker_dag.py for tasks to queue
[2023-05-17T13:15:44.087+0000] {logging_mixin.py:149} INFO - [2023-05-17T13:15:44.087+0000] {dagbag.py:541} INFO - Filling up the DagBag from /home/airflow/.local/lib/python3.7/site-packages/airflow/example_dags/example_external_task_marker_dag.py
[2023-05-17T13:15:44.103+0000] {processor.py:809} INFO - DAG(s) dict_keys(['example_external_task_marker_child', 'example_external_task_marker_parent']) retrieved from /home/airflow/.local/lib/python3.7/site-packages/airflow/example_dags/example_external_task_marker_dag.py
[2023-05-17T13:15:44.167+0000] {logging_mixin.py:149} INFO - [2023-05-17T13:15:44.167+0000] {dag.py:2726} INFO - Sync 2 DAGs
[2023-05-17T13:15:44.255+0000] {logging_mixin.py:149} INFO - [2023-05-17T13:15:44.255+0000] {dag.py:3490} INFO - Setting next_dagrun for example_external_task_marker_child to None, run_after=None
[2023-05-17T13:15:44.279+0000] {logging_mixin.py:149} INFO - [2023-05-17T13:15:44.279+0000] {dag.py:3490} INFO - Setting next_dagrun for example_external_task_marker_parent to None, run_after=None
[2023-05-17T13:15:44.541+0000] {processor.py:178} INFO - Processing /home/airflow/.local/lib/python3.7/site-packages/airflow/example_dags/example_external_task_marker_dag.py took 0.469 seconds
[2023-05-17T13:16:15.984+0000] {processor.py:156} INFO - Started process (PID=876) to work on /home/airflow/.local/lib/python3.7/site-packages/airflow/example_dags/example_external_task_marker_dag.py
[2023-05-17T13:16:15.989+0000] {processor.py:799} INFO - Processing file /home/airflow/.local/lib/python3.7/site-packages/airflow/example_dags/example_external_task_marker_dag.py for tasks to queue
[2023-05-17T13:16:15.991+0000] {logging_mixin.py:149} INFO - [2023-05-17T13:16:15.991+0000] {dagbag.py:541} INFO - Filling up the DagBag from /home/airflow/.local/lib/python3.7/site-packages/airflow/example_dags/example_external_task_marker_dag.py
[2023-05-17T13:16:16.005+0000] {processor.py:809} INFO - DAG(s) dict_keys(['example_external_task_marker_parent', 'example_external_task_marker_child']) retrieved from /home/airflow/.local/lib/python3.7/site-packages/airflow/example_dags/example_external_task_marker_dag.py
[2023-05-17T13:16:16.082+0000] {logging_mixin.py:149} INFO - [2023-05-17T13:16:16.082+0000] {dag.py:2726} INFO - Sync 2 DAGs
[2023-05-17T13:16:16.161+0000] {logging_mixin.py:149} INFO - [2023-05-17T13:16:16.161+0000] {dag.py:3490} INFO - Setting next_dagrun for example_external_task_marker_child to None, run_after=None
[2023-05-17T13:16:16.183+0000] {logging_mixin.py:149} INFO - [2023-05-17T13:16:16.183+0000] {dag.py:3490} INFO - Setting next_dagrun for example_external_task_marker_parent to None, run_after=None
[2023-05-17T13:16:16.631+0000] {processor.py:178} INFO - Processing /home/airflow/.local/lib/python3.7/site-packages/airflow/example_dags/example_external_task_marker_dag.py took 0.663 seconds
[2023-05-17T13:16:47.211+0000] {processor.py:156} INFO - Started process (PID=934) to work on /home/airflow/.local/lib/python3.7/site-packages/airflow/example_dags/example_external_task_marker_dag.py
[2023-05-17T13:16:47.214+0000] {processor.py:799} INFO - Processing file /home/airflow/.local/lib/python3.7/site-packages/airflow/example_dags/example_external_task_marker_dag.py for tasks to queue
[2023-05-17T13:16:47.216+0000] {logging_mixin.py:149} INFO - [2023-05-17T13:16:47.216+0000] {dagbag.py:541} INFO - Filling up the DagBag from /home/airflow/.local/lib/python3.7/site-packages/airflow/example_dags/example_external_task_marker_dag.py
[2023-05-17T13:16:47.231+0000] {processor.py:809} INFO - DAG(s) dict_keys(['example_external_task_marker_child', 'example_external_task_marker_parent']) retrieved from /home/airflow/.local/lib/python3.7/site-packages/airflow/example_dags/example_external_task_marker_dag.py
[2023-05-17T13:16:47.321+0000] {logging_mixin.py:149} INFO - [2023-05-17T13:16:47.321+0000] {dag.py:2726} INFO - Sync 2 DAGs
[2023-05-17T13:16:47.408+0000] {logging_mixin.py:149} INFO - [2023-05-17T13:16:47.407+0000] {dag.py:3490} INFO - Setting next_dagrun for example_external_task_marker_child to None, run_after=None
[2023-05-17T13:16:47.424+0000] {logging_mixin.py:149} INFO - [2023-05-17T13:16:47.423+0000] {dag.py:3490} INFO - Setting next_dagrun for example_external_task_marker_parent to None, run_after=None
[2023-05-17T13:16:47.619+0000] {processor.py:178} INFO - Processing /home/airflow/.local/lib/python3.7/site-packages/airflow/example_dags/example_external_task_marker_dag.py took 0.413 seconds
[2023-05-17T13:17:22.607+0000] {processor.py:156} INFO - Started process (PID=992) to work on /home/airflow/.local/lib/python3.7/site-packages/airflow/example_dags/example_external_task_marker_dag.py
[2023-05-17T13:17:22.610+0000] {processor.py:799} INFO - Processing file /home/airflow/.local/lib/python3.7/site-packages/airflow/example_dags/example_external_task_marker_dag.py for tasks to queue
[2023-05-17T13:17:22.612+0000] {logging_mixin.py:149} INFO - [2023-05-17T13:17:22.612+0000] {dagbag.py:541} INFO - Filling up the DagBag from /home/airflow/.local/lib/python3.7/site-packages/airflow/example_dags/example_external_task_marker_dag.py
[2023-05-17T13:17:22.628+0000] {processor.py:809} INFO - DAG(s) dict_keys(['example_external_task_marker_child', 'example_external_task_marker_parent']) retrieved from /home/airflow/.local/lib/python3.7/site-packages/airflow/example_dags/example_external_task_marker_dag.py
[2023-05-17T13:17:22.751+0000] {logging_mixin.py:149} INFO - [2023-05-17T13:17:22.751+0000] {dag.py:2726} INFO - Sync 2 DAGs
[2023-05-17T13:17:22.875+0000] {logging_mixin.py:149} INFO - [2023-05-17T13:17:22.874+0000] {dag.py:3490} INFO - Setting next_dagrun for example_external_task_marker_child to None, run_after=None
[2023-05-17T13:17:22.885+0000] {logging_mixin.py:149} INFO - [2023-05-17T13:17:22.885+0000] {dag.py:3490} INFO - Setting next_dagrun for example_external_task_marker_parent to None, run_after=None
[2023-05-17T13:17:23.025+0000] {processor.py:178} INFO - Processing /home/airflow/.local/lib/python3.7/site-packages/airflow/example_dags/example_external_task_marker_dag.py took 0.431 seconds
[2023-05-17T13:18:08.662+0000] {processor.py:156} INFO - Started process (PID=1050) to work on /home/airflow/.local/lib/python3.7/site-packages/airflow/example_dags/example_external_task_marker_dag.py
[2023-05-17T13:18:08.665+0000] {processor.py:799} INFO - Processing file /home/airflow/.local/lib/python3.7/site-packages/airflow/example_dags/example_external_task_marker_dag.py for tasks to queue
[2023-05-17T13:18:08.668+0000] {logging_mixin.py:149} INFO - [2023-05-17T13:18:08.668+0000] {dagbag.py:541} INFO - Filling up the DagBag from /home/airflow/.local/lib/python3.7/site-packages/airflow/example_dags/example_external_task_marker_dag.py
[2023-05-17T13:18:08.680+0000] {processor.py:809} INFO - DAG(s) dict_keys(['example_external_task_marker_parent', 'example_external_task_marker_child']) retrieved from /home/airflow/.local/lib/python3.7/site-packages/airflow/example_dags/example_external_task_marker_dag.py
[2023-05-17T13:18:08.752+0000] {logging_mixin.py:149} INFO - [2023-05-17T13:18:08.751+0000] {dag.py:2726} INFO - Sync 2 DAGs
[2023-05-17T13:18:08.814+0000] {logging_mixin.py:149} INFO - [2023-05-17T13:18:08.813+0000] {dag.py:3490} INFO - Setting next_dagrun for example_external_task_marker_child to None, run_after=None
[2023-05-17T13:18:08.823+0000] {logging_mixin.py:149} INFO - [2023-05-17T13:18:08.823+0000] {dag.py:3490} INFO - Setting next_dagrun for example_external_task_marker_parent to None, run_after=None
[2023-05-17T13:18:09.392+0000] {processor.py:178} INFO - Processing /home/airflow/.local/lib/python3.7/site-packages/airflow/example_dags/example_external_task_marker_dag.py took 0.736 seconds
[2023-05-17T13:18:50.517+0000] {processor.py:156} INFO - Started process (PID=1107) to work on /home/airflow/.local/lib/python3.7/site-packages/airflow/example_dags/example_external_task_marker_dag.py
[2023-05-17T13:18:50.522+0000] {processor.py:799} INFO - Processing file /home/airflow/.local/lib/python3.7/site-packages/airflow/example_dags/example_external_task_marker_dag.py for tasks to queue
[2023-05-17T13:18:50.526+0000] {logging_mixin.py:149} INFO - [2023-05-17T13:18:50.525+0000] {dagbag.py:541} INFO - Filling up the DagBag from /home/airflow/.local/lib/python3.7/site-packages/airflow/example_dags/example_external_task_marker_dag.py
[2023-05-17T13:18:50.551+0000] {processor.py:809} INFO - DAG(s) dict_keys(['example_external_task_marker_parent', 'example_external_task_marker_child']) retrieved from /home/airflow/.local/lib/python3.7/site-packages/airflow/example_dags/example_external_task_marker_dag.py
[2023-05-17T13:18:50.650+0000] {logging_mixin.py:149} INFO - [2023-05-17T13:18:50.650+0000] {dag.py:2726} INFO - Sync 2 DAGs
[2023-05-17T13:18:50.819+0000] {logging_mixin.py:149} INFO - [2023-05-17T13:18:50.818+0000] {dag.py:3490} INFO - Setting next_dagrun for example_external_task_marker_child to None, run_after=None
[2023-05-17T13:18:50.846+0000] {logging_mixin.py:149} INFO - [2023-05-17T13:18:50.846+0000] {dag.py:3490} INFO - Setting next_dagrun for example_external_task_marker_parent to None, run_after=None
[2023-05-17T13:18:51.141+0000] {processor.py:178} INFO - Processing /home/airflow/.local/lib/python3.7/site-packages/airflow/example_dags/example_external_task_marker_dag.py took 0.635 seconds
[2023-05-17T13:19:23.357+0000] {processor.py:156} INFO - Started process (PID=1169) to work on /home/airflow/.local/lib/python3.7/site-packages/airflow/example_dags/example_external_task_marker_dag.py
[2023-05-17T13:19:23.360+0000] {processor.py:799} INFO - Processing file /home/airflow/.local/lib/python3.7/site-packages/airflow/example_dags/example_external_task_marker_dag.py for tasks to queue
[2023-05-17T13:19:23.363+0000] {logging_mixin.py:149} INFO - [2023-05-17T13:19:23.363+0000] {dagbag.py:541} INFO - Filling up the DagBag from /home/airflow/.local/lib/python3.7/site-packages/airflow/example_dags/example_external_task_marker_dag.py
[2023-05-17T13:19:23.379+0000] {processor.py:809} INFO - DAG(s) dict_keys(['example_external_task_marker_child', 'example_external_task_marker_parent']) retrieved from /home/airflow/.local/lib/python3.7/site-packages/airflow/example_dags/example_external_task_marker_dag.py
[2023-05-17T13:19:23.465+0000] {logging_mixin.py:149} INFO - [2023-05-17T13:19:23.465+0000] {dag.py:2726} INFO - Sync 2 DAGs
[2023-05-17T13:19:23.532+0000] {logging_mixin.py:149} INFO - [2023-05-17T13:19:23.531+0000] {dag.py:3490} INFO - Setting next_dagrun for example_external_task_marker_child to None, run_after=None
[2023-05-17T13:19:23.543+0000] {logging_mixin.py:149} INFO - [2023-05-17T13:19:23.542+0000] {dag.py:3490} INFO - Setting next_dagrun for example_external_task_marker_parent to None, run_after=None
[2023-05-17T13:19:25.073+0000] {processor.py:178} INFO - Processing /home/airflow/.local/lib/python3.7/site-packages/airflow/example_dags/example_external_task_marker_dag.py took 1.725 seconds
[2023-05-17T13:19:56.158+0000] {processor.py:156} INFO - Started process (PID=1227) to work on /home/airflow/.local/lib/python3.7/site-packages/airflow/example_dags/example_external_task_marker_dag.py
[2023-05-17T13:19:56.161+0000] {processor.py:799} INFO - Processing file /home/airflow/.local/lib/python3.7/site-packages/airflow/example_dags/example_external_task_marker_dag.py for tasks to queue
[2023-05-17T13:19:56.164+0000] {logging_mixin.py:149} INFO - [2023-05-17T13:19:56.163+0000] {dagbag.py:541} INFO - Filling up the DagBag from /home/airflow/.local/lib/python3.7/site-packages/airflow/example_dags/example_external_task_marker_dag.py
[2023-05-17T13:19:56.182+0000] {processor.py:809} INFO - DAG(s) dict_keys(['example_external_task_marker_parent', 'example_external_task_marker_child']) retrieved from /home/airflow/.local/lib/python3.7/site-packages/airflow/example_dags/example_external_task_marker_dag.py
[2023-05-17T13:19:56.256+0000] {logging_mixin.py:149} INFO - [2023-05-17T13:19:56.255+0000] {dag.py:2726} INFO - Sync 2 DAGs
[2023-05-17T13:19:56.339+0000] {logging_mixin.py:149} INFO - [2023-05-17T13:19:56.339+0000] {dag.py:3490} INFO - Setting next_dagrun for example_external_task_marker_child to None, run_after=None
[2023-05-17T13:19:56.357+0000] {logging_mixin.py:149} INFO - [2023-05-17T13:19:56.356+0000] {dag.py:3490} INFO - Setting next_dagrun for example_external_task_marker_parent to None, run_after=None
[2023-05-17T13:19:56.968+0000] {processor.py:178} INFO - Processing /home/airflow/.local/lib/python3.7/site-packages/airflow/example_dags/example_external_task_marker_dag.py took 0.821 seconds
[2023-05-17T13:20:28.194+0000] {processor.py:156} INFO - Started process (PID=1286) to work on /home/airflow/.local/lib/python3.7/site-packages/airflow/example_dags/example_external_task_marker_dag.py
[2023-05-17T13:20:28.196+0000] {processor.py:799} INFO - Processing file /home/airflow/.local/lib/python3.7/site-packages/airflow/example_dags/example_external_task_marker_dag.py for tasks to queue
[2023-05-17T13:20:28.198+0000] {logging_mixin.py:149} INFO - [2023-05-17T13:20:28.197+0000] {dagbag.py:541} INFO - Filling up the DagBag from /home/airflow/.local/lib/python3.7/site-packages/airflow/example_dags/example_external_task_marker_dag.py
[2023-05-17T13:20:28.218+0000] {processor.py:809} INFO - DAG(s) dict_keys(['example_external_task_marker_parent', 'example_external_task_marker_child']) retrieved from /home/airflow/.local/lib/python3.7/site-packages/airflow/example_dags/example_external_task_marker_dag.py
[2023-05-17T13:20:28.309+0000] {logging_mixin.py:149} INFO - [2023-05-17T13:20:28.308+0000] {dag.py:2726} INFO - Sync 2 DAGs
[2023-05-17T13:20:28.402+0000] {logging_mixin.py:149} INFO - [2023-05-17T13:20:28.402+0000] {dag.py:3490} INFO - Setting next_dagrun for example_external_task_marker_child to None, run_after=None
[2023-05-17T13:20:28.417+0000] {logging_mixin.py:149} INFO - [2023-05-17T13:20:28.417+0000] {dag.py:3490} INFO - Setting next_dagrun for example_external_task_marker_parent to None, run_after=None
[2023-05-17T13:20:29.346+0000] {processor.py:178} INFO - Processing /home/airflow/.local/lib/python3.7/site-packages/airflow/example_dags/example_external_task_marker_dag.py took 1.164 seconds
[2023-05-17T13:21:00.084+0000] {processor.py:156} INFO - Started process (PID=1344) to work on /home/airflow/.local/lib/python3.7/site-packages/airflow/example_dags/example_external_task_marker_dag.py
[2023-05-17T13:21:00.087+0000] {processor.py:799} INFO - Processing file /home/airflow/.local/lib/python3.7/site-packages/airflow/example_dags/example_external_task_marker_dag.py for tasks to queue
[2023-05-17T13:21:00.097+0000] {logging_mixin.py:149} INFO - [2023-05-17T13:21:00.097+0000] {dagbag.py:541} INFO - Filling up the DagBag from /home/airflow/.local/lib/python3.7/site-packages/airflow/example_dags/example_external_task_marker_dag.py
[2023-05-17T13:21:00.137+0000] {processor.py:809} INFO - DAG(s) dict_keys(['example_external_task_marker_child', 'example_external_task_marker_parent']) retrieved from /home/airflow/.local/lib/python3.7/site-packages/airflow/example_dags/example_external_task_marker_dag.py
[2023-05-17T13:21:00.279+0000] {logging_mixin.py:149} INFO - [2023-05-17T13:21:00.278+0000] {dag.py:2726} INFO - Sync 2 DAGs
[2023-05-17T13:21:00.399+0000] {logging_mixin.py:149} INFO - [2023-05-17T13:21:00.398+0000] {dag.py:3490} INFO - Setting next_dagrun for example_external_task_marker_child to None, run_after=None
[2023-05-17T13:21:00.412+0000] {logging_mixin.py:149} INFO - [2023-05-17T13:21:00.411+0000] {dag.py:3490} INFO - Setting next_dagrun for example_external_task_marker_parent to None, run_after=None
[2023-05-17T13:21:00.579+0000] {processor.py:178} INFO - Processing /home/airflow/.local/lib/python3.7/site-packages/airflow/example_dags/example_external_task_marker_dag.py took 0.511 seconds
[2023-05-17T13:21:32.628+0000] {processor.py:156} INFO - Started process (PID=1402) to work on /home/airflow/.local/lib/python3.7/site-packages/airflow/example_dags/example_external_task_marker_dag.py
[2023-05-17T13:21:32.631+0000] {processor.py:799} INFO - Processing file /home/airflow/.local/lib/python3.7/site-packages/airflow/example_dags/example_external_task_marker_dag.py for tasks to queue
[2023-05-17T13:21:32.633+0000] {logging_mixin.py:149} INFO - [2023-05-17T13:21:32.633+0000] {dagbag.py:541} INFO - Filling up the DagBag from /home/airflow/.local/lib/python3.7/site-packages/airflow/example_dags/example_external_task_marker_dag.py
[2023-05-17T13:21:32.650+0000] {processor.py:809} INFO - DAG(s) dict_keys(['example_external_task_marker_child', 'example_external_task_marker_parent']) retrieved from /home/airflow/.local/lib/python3.7/site-packages/airflow/example_dags/example_external_task_marker_dag.py
[2023-05-17T13:21:32.757+0000] {logging_mixin.py:149} INFO - [2023-05-17T13:21:32.757+0000] {dag.py:2726} INFO - Sync 2 DAGs
[2023-05-17T13:21:32.836+0000] {logging_mixin.py:149} INFO - [2023-05-17T13:21:32.835+0000] {dag.py:3490} INFO - Setting next_dagrun for example_external_task_marker_child to None, run_after=None
[2023-05-17T13:21:32.847+0000] {logging_mixin.py:149} INFO - [2023-05-17T13:21:32.847+0000] {dag.py:3490} INFO - Setting next_dagrun for example_external_task_marker_parent to None, run_after=None
[2023-05-17T13:21:33.152+0000] {processor.py:178} INFO - Processing /home/airflow/.local/lib/python3.7/site-packages/airflow/example_dags/example_external_task_marker_dag.py took 0.536 seconds
[2023-05-17T13:22:06.541+0000] {processor.py:156} INFO - Started process (PID=1457) to work on /home/airflow/.local/lib/python3.7/site-packages/airflow/example_dags/example_external_task_marker_dag.py
[2023-05-17T13:22:06.544+0000] {processor.py:799} INFO - Processing file /home/airflow/.local/lib/python3.7/site-packages/airflow/example_dags/example_external_task_marker_dag.py for tasks to queue
[2023-05-17T13:22:06.552+0000] {logging_mixin.py:149} INFO - [2023-05-17T13:22:06.552+0000] {dagbag.py:541} INFO - Filling up the DagBag from /home/airflow/.local/lib/python3.7/site-packages/airflow/example_dags/example_external_task_marker_dag.py
[2023-05-17T13:22:06.743+0000] {processor.py:809} INFO - DAG(s) dict_keys(['example_external_task_marker_child', 'example_external_task_marker_parent']) retrieved from /home/airflow/.local/lib/python3.7/site-packages/airflow/example_dags/example_external_task_marker_dag.py
[2023-05-17T13:22:06.870+0000] {logging_mixin.py:149} INFO - [2023-05-17T13:22:06.870+0000] {dag.py:2726} INFO - Sync 2 DAGs
[2023-05-17T13:22:06.948+0000] {logging_mixin.py:149} INFO - [2023-05-17T13:22:06.947+0000] {dag.py:3490} INFO - Setting next_dagrun for example_external_task_marker_child to None, run_after=None
[2023-05-17T13:22:06.958+0000] {logging_mixin.py:149} INFO - [2023-05-17T13:22:06.958+0000] {dag.py:3490} INFO - Setting next_dagrun for example_external_task_marker_parent to None, run_after=None
[2023-05-17T13:22:07.122+0000] {processor.py:178} INFO - Processing /home/airflow/.local/lib/python3.7/site-packages/airflow/example_dags/example_external_task_marker_dag.py took 0.616 seconds
[2023-05-17T13:23:05.269+0000] {processor.py:156} INFO - Started process (PID=1515) to work on /home/airflow/.local/lib/python3.7/site-packages/airflow/example_dags/example_external_task_marker_dag.py
[2023-05-17T13:23:05.271+0000] {processor.py:799} INFO - Processing file /home/airflow/.local/lib/python3.7/site-packages/airflow/example_dags/example_external_task_marker_dag.py for tasks to queue
[2023-05-17T13:23:05.274+0000] {logging_mixin.py:149} INFO - [2023-05-17T13:23:05.274+0000] {dagbag.py:541} INFO - Filling up the DagBag from /home/airflow/.local/lib/python3.7/site-packages/airflow/example_dags/example_external_task_marker_dag.py
[2023-05-17T13:23:05.303+0000] {processor.py:809} INFO - DAG(s) dict_keys(['example_external_task_marker_child', 'example_external_task_marker_parent']) retrieved from /home/airflow/.local/lib/python3.7/site-packages/airflow/example_dags/example_external_task_marker_dag.py
[2023-05-17T13:23:05.400+0000] {logging_mixin.py:149} INFO - [2023-05-17T13:23:05.400+0000] {dag.py:2726} INFO - Sync 2 DAGs
[2023-05-17T13:23:05.502+0000] {logging_mixin.py:149} INFO - [2023-05-17T13:23:05.491+0000] {dag.py:3490} INFO - Setting next_dagrun for example_external_task_marker_child to None, run_after=None
[2023-05-17T13:23:05.527+0000] {logging_mixin.py:149} INFO - [2023-05-17T13:23:05.527+0000] {dag.py:3490} INFO - Setting next_dagrun for example_external_task_marker_parent to None, run_after=None
[2023-05-17T13:23:06.622+0000] {processor.py:178} INFO - Processing /home/airflow/.local/lib/python3.7/site-packages/airflow/example_dags/example_external_task_marker_dag.py took 1.364 seconds
[2023-05-17T13:23:37.368+0000] {processor.py:156} INFO - Started process (PID=1573) to work on /home/airflow/.local/lib/python3.7/site-packages/airflow/example_dags/example_external_task_marker_dag.py
[2023-05-17T13:23:37.372+0000] {processor.py:799} INFO - Processing file /home/airflow/.local/lib/python3.7/site-packages/airflow/example_dags/example_external_task_marker_dag.py for tasks to queue
[2023-05-17T13:23:37.375+0000] {logging_mixin.py:149} INFO - [2023-05-17T13:23:37.374+0000] {dagbag.py:541} INFO - Filling up the DagBag from /home/airflow/.local/lib/python3.7/site-packages/airflow/example_dags/example_external_task_marker_dag.py
[2023-05-17T13:23:37.390+0000] {processor.py:809} INFO - DAG(s) dict_keys(['example_external_task_marker_parent', 'example_external_task_marker_child']) retrieved from /home/airflow/.local/lib/python3.7/site-packages/airflow/example_dags/example_external_task_marker_dag.py
[2023-05-17T13:23:37.689+0000] {logging_mixin.py:149} INFO - [2023-05-17T13:23:37.688+0000] {dag.py:2726} INFO - Sync 2 DAGs
[2023-05-17T13:23:37.790+0000] {logging_mixin.py:149} INFO - [2023-05-17T13:23:37.789+0000] {dag.py:3490} INFO - Setting next_dagrun for example_external_task_marker_child to None, run_after=None
[2023-05-17T13:23:37.801+0000] {logging_mixin.py:149} INFO - [2023-05-17T13:23:37.801+0000] {dag.py:3490} INFO - Setting next_dagrun for example_external_task_marker_parent to None, run_after=None
[2023-05-17T13:23:38.036+0000] {processor.py:178} INFO - Processing /home/airflow/.local/lib/python3.7/site-packages/airflow/example_dags/example_external_task_marker_dag.py took 0.681 seconds
[2023-05-17T13:24:08.877+0000] {processor.py:156} INFO - Started process (PID=1632) to work on /home/airflow/.local/lib/python3.7/site-packages/airflow/example_dags/example_external_task_marker_dag.py
[2023-05-17T13:24:08.882+0000] {processor.py:799} INFO - Processing file /home/airflow/.local/lib/python3.7/site-packages/airflow/example_dags/example_external_task_marker_dag.py for tasks to queue
[2023-05-17T13:24:08.889+0000] {logging_mixin.py:149} INFO - [2023-05-17T13:24:08.888+0000] {dagbag.py:541} INFO - Filling up the DagBag from /home/airflow/.local/lib/python3.7/site-packages/airflow/example_dags/example_external_task_marker_dag.py
[2023-05-17T13:24:08.911+0000] {processor.py:809} INFO - DAG(s) dict_keys(['example_external_task_marker_parent', 'example_external_task_marker_child']) retrieved from /home/airflow/.local/lib/python3.7/site-packages/airflow/example_dags/example_external_task_marker_dag.py
[2023-05-17T13:24:09.189+0000] {logging_mixin.py:149} INFO - [2023-05-17T13:24:09.189+0000] {dag.py:2726} INFO - Sync 2 DAGs
[2023-05-17T13:24:09.324+0000] {logging_mixin.py:149} INFO - [2023-05-17T13:24:09.324+0000] {dag.py:3490} INFO - Setting next_dagrun for example_external_task_marker_child to None, run_after=None
[2023-05-17T13:24:09.337+0000] {logging_mixin.py:149} INFO - [2023-05-17T13:24:09.335+0000] {dag.py:3490} INFO - Setting next_dagrun for example_external_task_marker_parent to None, run_after=None
[2023-05-17T13:24:09.526+0000] {processor.py:178} INFO - Processing /home/airflow/.local/lib/python3.7/site-packages/airflow/example_dags/example_external_task_marker_dag.py took 0.666 seconds
[2023-05-17T13:24:45.064+0000] {processor.py:156} INFO - Started process (PID=1694) to work on /home/airflow/.local/lib/python3.7/site-packages/airflow/example_dags/example_external_task_marker_dag.py
[2023-05-17T13:24:45.066+0000] {processor.py:799} INFO - Processing file /home/airflow/.local/lib/python3.7/site-packages/airflow/example_dags/example_external_task_marker_dag.py for tasks to queue
[2023-05-17T13:24:45.068+0000] {logging_mixin.py:149} INFO - [2023-05-17T13:24:45.068+0000] {dagbag.py:541} INFO - Filling up the DagBag from /home/airflow/.local/lib/python3.7/site-packages/airflow/example_dags/example_external_task_marker_dag.py
[2023-05-17T13:24:45.085+0000] {processor.py:809} INFO - DAG(s) dict_keys(['example_external_task_marker_parent', 'example_external_task_marker_child']) retrieved from /home/airflow/.local/lib/python3.7/site-packages/airflow/example_dags/example_external_task_marker_dag.py
[2023-05-17T13:24:45.163+0000] {logging_mixin.py:149} INFO - [2023-05-17T13:24:45.163+0000] {dag.py:2726} INFO - Sync 2 DAGs
[2023-05-17T13:24:45.225+0000] {logging_mixin.py:149} INFO - [2023-05-17T13:24:45.225+0000] {dag.py:3490} INFO - Setting next_dagrun for example_external_task_marker_child to None, run_after=None
[2023-05-17T13:24:45.232+0000] {logging_mixin.py:149} INFO - [2023-05-17T13:24:45.232+0000] {dag.py:3490} INFO - Setting next_dagrun for example_external_task_marker_parent to None, run_after=None
[2023-05-17T13:24:46.491+0000] {processor.py:178} INFO - Processing /home/airflow/.local/lib/python3.7/site-packages/airflow/example_dags/example_external_task_marker_dag.py took 1.433 seconds
[2023-05-17T13:25:16.920+0000] {processor.py:156} INFO - Started process (PID=1752) to work on /home/airflow/.local/lib/python3.7/site-packages/airflow/example_dags/example_external_task_marker_dag.py
[2023-05-17T13:25:16.922+0000] {processor.py:799} INFO - Processing file /home/airflow/.local/lib/python3.7/site-packages/airflow/example_dags/example_external_task_marker_dag.py for tasks to queue
[2023-05-17T13:25:16.924+0000] {logging_mixin.py:149} INFO - [2023-05-17T13:25:16.923+0000] {dagbag.py:541} INFO - Filling up the DagBag from /home/airflow/.local/lib/python3.7/site-packages/airflow/example_dags/example_external_task_marker_dag.py
[2023-05-17T13:25:16.934+0000] {processor.py:809} INFO - DAG(s) dict_keys(['example_external_task_marker_child', 'example_external_task_marker_parent']) retrieved from /home/airflow/.local/lib/python3.7/site-packages/airflow/example_dags/example_external_task_marker_dag.py
[2023-05-17T13:25:17.001+0000] {logging_mixin.py:149} INFO - [2023-05-17T13:25:17.001+0000] {dag.py:2726} INFO - Sync 2 DAGs
[2023-05-17T13:25:17.068+0000] {logging_mixin.py:149} INFO - [2023-05-17T13:25:17.068+0000] {dag.py:3490} INFO - Setting next_dagrun for example_external_task_marker_child to None, run_after=None
[2023-05-17T13:25:17.082+0000] {logging_mixin.py:149} INFO - [2023-05-17T13:25:17.081+0000] {dag.py:3490} INFO - Setting next_dagrun for example_external_task_marker_parent to None, run_after=None
[2023-05-17T13:25:17.479+0000] {processor.py:178} INFO - Processing /home/airflow/.local/lib/python3.7/site-packages/airflow/example_dags/example_external_task_marker_dag.py took 0.566 seconds
[2023-05-17T13:25:49.680+0000] {processor.py:156} INFO - Started process (PID=1810) to work on /home/airflow/.local/lib/python3.7/site-packages/airflow/example_dags/example_external_task_marker_dag.py
[2023-05-17T13:25:49.683+0000] {processor.py:799} INFO - Processing file /home/airflow/.local/lib/python3.7/site-packages/airflow/example_dags/example_external_task_marker_dag.py for tasks to queue
[2023-05-17T13:25:49.685+0000] {logging_mixin.py:149} INFO - [2023-05-17T13:25:49.685+0000] {dagbag.py:541} INFO - Filling up the DagBag from /home/airflow/.local/lib/python3.7/site-packages/airflow/example_dags/example_external_task_marker_dag.py
[2023-05-17T13:25:49.700+0000] {processor.py:809} INFO - DAG(s) dict_keys(['example_external_task_marker_parent', 'example_external_task_marker_child']) retrieved from /home/airflow/.local/lib/python3.7/site-packages/airflow/example_dags/example_external_task_marker_dag.py
[2023-05-17T13:25:49.768+0000] {logging_mixin.py:149} INFO - [2023-05-17T13:25:49.768+0000] {dag.py:2726} INFO - Sync 2 DAGs
[2023-05-17T13:25:49.845+0000] {logging_mixin.py:149} INFO - [2023-05-17T13:25:49.844+0000] {dag.py:3490} INFO - Setting next_dagrun for example_external_task_marker_child to None, run_after=None
[2023-05-17T13:25:49.858+0000] {logging_mixin.py:149} INFO - [2023-05-17T13:25:49.858+0000] {dag.py:3490} INFO - Setting next_dagrun for example_external_task_marker_parent to None, run_after=None
[2023-05-17T13:25:51.257+0000] {processor.py:178} INFO - Processing /home/airflow/.local/lib/python3.7/site-packages/airflow/example_dags/example_external_task_marker_dag.py took 1.586 seconds
[2023-05-17T13:26:24.441+0000] {processor.py:156} INFO - Started process (PID=1861) to work on /home/airflow/.local/lib/python3.7/site-packages/airflow/example_dags/example_external_task_marker_dag.py
[2023-05-17T13:26:24.445+0000] {processor.py:799} INFO - Processing file /home/airflow/.local/lib/python3.7/site-packages/airflow/example_dags/example_external_task_marker_dag.py for tasks to queue
[2023-05-17T13:26:24.447+0000] {logging_mixin.py:149} INFO - [2023-05-17T13:26:24.447+0000] {dagbag.py:541} INFO - Filling up the DagBag from /home/airflow/.local/lib/python3.7/site-packages/airflow/example_dags/example_external_task_marker_dag.py
[2023-05-17T13:26:24.463+0000] {processor.py:809} INFO - DAG(s) dict_keys(['example_external_task_marker_child', 'example_external_task_marker_parent']) retrieved from /home/airflow/.local/lib/python3.7/site-packages/airflow/example_dags/example_external_task_marker_dag.py
[2023-05-17T13:26:24.629+0000] {logging_mixin.py:149} INFO - [2023-05-17T13:26:24.629+0000] {dag.py:2726} INFO - Sync 2 DAGs
[2023-05-17T13:26:24.727+0000] {logging_mixin.py:149} INFO - [2023-05-17T13:26:24.727+0000] {dag.py:3490} INFO - Setting next_dagrun for example_external_task_marker_child to None, run_after=None
[2023-05-17T13:26:24.745+0000] {logging_mixin.py:149} INFO - [2023-05-17T13:26:24.744+0000] {dag.py:3490} INFO - Setting next_dagrun for example_external_task_marker_parent to None, run_after=None
[2023-05-17T13:26:26.611+0000] {processor.py:178} INFO - Processing /home/airflow/.local/lib/python3.7/site-packages/airflow/example_dags/example_external_task_marker_dag.py took 2.185 seconds
[2023-05-17T13:26:57.237+0000] {processor.py:156} INFO - Started process (PID=1914) to work on /home/airflow/.local/lib/python3.7/site-packages/airflow/example_dags/example_external_task_marker_dag.py
[2023-05-17T13:26:57.243+0000] {processor.py:799} INFO - Processing file /home/airflow/.local/lib/python3.7/site-packages/airflow/example_dags/example_external_task_marker_dag.py for tasks to queue
[2023-05-17T13:26:57.249+0000] {logging_mixin.py:149} INFO - [2023-05-17T13:26:57.248+0000] {dagbag.py:541} INFO - Filling up the DagBag from /home/airflow/.local/lib/python3.7/site-packages/airflow/example_dags/example_external_task_marker_dag.py
[2023-05-17T13:26:57.281+0000] {processor.py:809} INFO - DAG(s) dict_keys(['example_external_task_marker_child', 'example_external_task_marker_parent']) retrieved from /home/airflow/.local/lib/python3.7/site-packages/airflow/example_dags/example_external_task_marker_dag.py
[2023-05-17T13:26:57.374+0000] {logging_mixin.py:149} INFO - [2023-05-17T13:26:57.374+0000] {dag.py:2726} INFO - Sync 2 DAGs
[2023-05-17T13:26:57.503+0000] {logging_mixin.py:149} INFO - [2023-05-17T13:26:57.503+0000] {dag.py:3490} INFO - Setting next_dagrun for example_external_task_marker_child to None, run_after=None
[2023-05-17T13:26:57.512+0000] {logging_mixin.py:149} INFO - [2023-05-17T13:26:57.511+0000] {dag.py:3490} INFO - Setting next_dagrun for example_external_task_marker_parent to None, run_after=None
[2023-05-17T13:26:57.738+0000] {processor.py:178} INFO - Processing /home/airflow/.local/lib/python3.7/site-packages/airflow/example_dags/example_external_task_marker_dag.py took 0.518 seconds
[2023-05-17T13:32:15.611+0000] {processor.py:156} INFO - Started process (PID=79) to work on /home/airflow/.local/lib/python3.7/site-packages/airflow/example_dags/example_external_task_marker_dag.py
[2023-05-17T13:32:15.613+0000] {processor.py:799} INFO - Processing file /home/airflow/.local/lib/python3.7/site-packages/airflow/example_dags/example_external_task_marker_dag.py for tasks to queue
[2023-05-17T13:32:15.615+0000] {logging_mixin.py:149} INFO - [2023-05-17T13:32:15.615+0000] {dagbag.py:541} INFO - Filling up the DagBag from /home/airflow/.local/lib/python3.7/site-packages/airflow/example_dags/example_external_task_marker_dag.py
[2023-05-17T13:32:15.629+0000] {processor.py:809} INFO - DAG(s) dict_keys(['example_external_task_marker_child', 'example_external_task_marker_parent']) retrieved from /home/airflow/.local/lib/python3.7/site-packages/airflow/example_dags/example_external_task_marker_dag.py
[2023-05-17T13:32:15.783+0000] {logging_mixin.py:149} INFO - [2023-05-17T13:32:15.783+0000] {dag.py:2726} INFO - Sync 2 DAGs
[2023-05-17T13:32:15.944+0000] {logging_mixin.py:149} INFO - [2023-05-17T13:32:15.943+0000] {dag.py:3490} INFO - Setting next_dagrun for example_external_task_marker_child to None, run_after=None
[2023-05-17T13:32:15.957+0000] {logging_mixin.py:149} INFO - [2023-05-17T13:32:15.957+0000] {dag.py:3490} INFO - Setting next_dagrun for example_external_task_marker_parent to None, run_after=None
[2023-05-17T13:32:16.400+0000] {processor.py:178} INFO - Processing /home/airflow/.local/lib/python3.7/site-packages/airflow/example_dags/example_external_task_marker_dag.py took 0.796 seconds
[2023-05-17T13:34:08.347+0000] {processor.py:156} INFO - Started process (PID=142) to work on /home/airflow/.local/lib/python3.7/site-packages/airflow/example_dags/example_external_task_marker_dag.py
[2023-05-17T13:34:08.349+0000] {processor.py:799} INFO - Processing file /home/airflow/.local/lib/python3.7/site-packages/airflow/example_dags/example_external_task_marker_dag.py for tasks to queue
[2023-05-17T13:34:08.351+0000] {logging_mixin.py:149} INFO - [2023-05-17T13:34:08.351+0000] {dagbag.py:541} INFO - Filling up the DagBag from /home/airflow/.local/lib/python3.7/site-packages/airflow/example_dags/example_external_task_marker_dag.py
[2023-05-17T13:34:08.690+0000] {processor.py:809} INFO - DAG(s) dict_keys(['example_external_task_marker_child', 'example_external_task_marker_parent']) retrieved from /home/airflow/.local/lib/python3.7/site-packages/airflow/example_dags/example_external_task_marker_dag.py
[2023-05-17T13:34:08.741+0000] {logging_mixin.py:149} INFO - [2023-05-17T13:34:08.741+0000] {dag.py:2726} INFO - Sync 2 DAGs
[2023-05-17T13:34:08.791+0000] {logging_mixin.py:149} INFO - [2023-05-17T13:34:08.791+0000] {dag.py:3490} INFO - Setting next_dagrun for example_external_task_marker_child to None, run_after=None
[2023-05-17T13:34:08.802+0000] {logging_mixin.py:149} INFO - [2023-05-17T13:34:08.802+0000] {dag.py:3490} INFO - Setting next_dagrun for example_external_task_marker_parent to None, run_after=None
[2023-05-17T13:34:10.209+0000] {processor.py:178} INFO - Processing /home/airflow/.local/lib/python3.7/site-packages/airflow/example_dags/example_external_task_marker_dag.py took 1.870 seconds
[2023-05-17T13:36:42.151+0000] {processor.py:156} INFO - Started process (PID=238) to work on /home/airflow/.local/lib/python3.7/site-packages/airflow/example_dags/example_external_task_marker_dag.py
[2023-05-17T13:36:42.154+0000] {processor.py:799} INFO - Processing file /home/airflow/.local/lib/python3.7/site-packages/airflow/example_dags/example_external_task_marker_dag.py for tasks to queue
[2023-05-17T13:36:42.156+0000] {logging_mixin.py:149} INFO - [2023-05-17T13:36:42.156+0000] {dagbag.py:541} INFO - Filling up the DagBag from /home/airflow/.local/lib/python3.7/site-packages/airflow/example_dags/example_external_task_marker_dag.py
[2023-05-17T13:36:42.170+0000] {processor.py:809} INFO - DAG(s) dict_keys(['example_external_task_marker_child', 'example_external_task_marker_parent']) retrieved from /home/airflow/.local/lib/python3.7/site-packages/airflow/example_dags/example_external_task_marker_dag.py
[2023-05-17T13:36:42.248+0000] {logging_mixin.py:149} INFO - [2023-05-17T13:36:42.248+0000] {dag.py:2726} INFO - Sync 2 DAGs
[2023-05-17T13:36:42.357+0000] {logging_mixin.py:149} INFO - [2023-05-17T13:36:42.357+0000] {dag.py:3490} INFO - Setting next_dagrun for example_external_task_marker_child to None, run_after=None
[2023-05-17T13:36:42.367+0000] {logging_mixin.py:149} INFO - [2023-05-17T13:36:42.367+0000] {dag.py:3490} INFO - Setting next_dagrun for example_external_task_marker_parent to None, run_after=None
[2023-05-17T13:36:42.648+0000] {processor.py:178} INFO - Processing /home/airflow/.local/lib/python3.7/site-packages/airflow/example_dags/example_external_task_marker_dag.py took 0.506 seconds
[2023-05-17T13:37:24.470+0000] {processor.py:156} INFO - Started process (PID=302) to work on /home/airflow/.local/lib/python3.7/site-packages/airflow/example_dags/example_external_task_marker_dag.py
[2023-05-17T13:37:24.472+0000] {processor.py:799} INFO - Processing file /home/airflow/.local/lib/python3.7/site-packages/airflow/example_dags/example_external_task_marker_dag.py for tasks to queue
[2023-05-17T13:37:24.474+0000] {logging_mixin.py:149} INFO - [2023-05-17T13:37:24.474+0000] {dagbag.py:541} INFO - Filling up the DagBag from /home/airflow/.local/lib/python3.7/site-packages/airflow/example_dags/example_external_task_marker_dag.py
[2023-05-17T13:37:24.484+0000] {processor.py:809} INFO - DAG(s) dict_keys(['example_external_task_marker_parent', 'example_external_task_marker_child']) retrieved from /home/airflow/.local/lib/python3.7/site-packages/airflow/example_dags/example_external_task_marker_dag.py
[2023-05-17T13:37:24.546+0000] {logging_mixin.py:149} INFO - [2023-05-17T13:37:24.546+0000] {dag.py:2726} INFO - Sync 2 DAGs
[2023-05-17T13:37:24.605+0000] {logging_mixin.py:149} INFO - [2023-05-17T13:37:24.605+0000] {dag.py:3490} INFO - Setting next_dagrun for example_external_task_marker_child to None, run_after=None
[2023-05-17T13:37:24.615+0000] {logging_mixin.py:149} INFO - [2023-05-17T13:37:24.614+0000] {dag.py:3490} INFO - Setting next_dagrun for example_external_task_marker_parent to None, run_after=None
[2023-05-17T13:37:24.730+0000] {processor.py:178} INFO - Processing /home/airflow/.local/lib/python3.7/site-packages/airflow/example_dags/example_external_task_marker_dag.py took 0.266 seconds
[2023-05-17T13:37:55.094+0000] {processor.py:156} INFO - Started process (PID=355) to work on /home/airflow/.local/lib/python3.7/site-packages/airflow/example_dags/example_external_task_marker_dag.py
[2023-05-17T13:37:55.099+0000] {processor.py:799} INFO - Processing file /home/airflow/.local/lib/python3.7/site-packages/airflow/example_dags/example_external_task_marker_dag.py for tasks to queue
[2023-05-17T13:37:55.103+0000] {logging_mixin.py:149} INFO - [2023-05-17T13:37:55.103+0000] {dagbag.py:541} INFO - Filling up the DagBag from /home/airflow/.local/lib/python3.7/site-packages/airflow/example_dags/example_external_task_marker_dag.py
[2023-05-17T13:37:55.126+0000] {processor.py:809} INFO - DAG(s) dict_keys(['example_external_task_marker_parent', 'example_external_task_marker_child']) retrieved from /home/airflow/.local/lib/python3.7/site-packages/airflow/example_dags/example_external_task_marker_dag.py
[2023-05-17T13:37:55.252+0000] {logging_mixin.py:149} INFO - [2023-05-17T13:37:55.251+0000] {dag.py:2726} INFO - Sync 2 DAGs
[2023-05-17T13:37:55.372+0000] {logging_mixin.py:149} INFO - [2023-05-17T13:37:55.371+0000] {dag.py:3490} INFO - Setting next_dagrun for example_external_task_marker_child to None, run_after=None
[2023-05-17T13:37:55.392+0000] {logging_mixin.py:149} INFO - [2023-05-17T13:37:55.391+0000] {dag.py:3490} INFO - Setting next_dagrun for example_external_task_marker_parent to None, run_after=None
[2023-05-17T13:37:55.560+0000] {processor.py:178} INFO - Processing /home/airflow/.local/lib/python3.7/site-packages/airflow/example_dags/example_external_task_marker_dag.py took 0.477 seconds
[2023-05-17T13:38:25.935+0000] {processor.py:156} INFO - Started process (PID=414) to work on /home/airflow/.local/lib/python3.7/site-packages/airflow/example_dags/example_external_task_marker_dag.py
[2023-05-17T13:38:25.948+0000] {processor.py:799} INFO - Processing file /home/airflow/.local/lib/python3.7/site-packages/airflow/example_dags/example_external_task_marker_dag.py for tasks to queue
[2023-05-17T13:38:25.954+0000] {logging_mixin.py:149} INFO - [2023-05-17T13:38:25.953+0000] {dagbag.py:541} INFO - Filling up the DagBag from /home/airflow/.local/lib/python3.7/site-packages/airflow/example_dags/example_external_task_marker_dag.py
[2023-05-17T13:38:26.010+0000] {processor.py:809} INFO - DAG(s) dict_keys(['example_external_task_marker_parent', 'example_external_task_marker_child']) retrieved from /home/airflow/.local/lib/python3.7/site-packages/airflow/example_dags/example_external_task_marker_dag.py
[2023-05-17T13:38:26.188+0000] {logging_mixin.py:149} INFO - [2023-05-17T13:38:26.188+0000] {dag.py:2726} INFO - Sync 2 DAGs
[2023-05-17T13:38:26.306+0000] {logging_mixin.py:149} INFO - [2023-05-17T13:38:26.305+0000] {dag.py:3490} INFO - Setting next_dagrun for example_external_task_marker_child to None, run_after=None
[2023-05-17T13:38:26.326+0000] {logging_mixin.py:149} INFO - [2023-05-17T13:38:26.325+0000] {dag.py:3490} INFO - Setting next_dagrun for example_external_task_marker_parent to None, run_after=None
[2023-05-17T13:38:26.536+0000] {processor.py:178} INFO - Processing /home/airflow/.local/lib/python3.7/site-packages/airflow/example_dags/example_external_task_marker_dag.py took 0.633 seconds
[2023-05-17T13:38:57.358+0000] {processor.py:156} INFO - Started process (PID=473) to work on /home/airflow/.local/lib/python3.7/site-packages/airflow/example_dags/example_external_task_marker_dag.py
[2023-05-17T13:38:57.362+0000] {processor.py:799} INFO - Processing file /home/airflow/.local/lib/python3.7/site-packages/airflow/example_dags/example_external_task_marker_dag.py for tasks to queue
[2023-05-17T13:38:57.364+0000] {logging_mixin.py:149} INFO - [2023-05-17T13:38:57.364+0000] {dagbag.py:541} INFO - Filling up the DagBag from /home/airflow/.local/lib/python3.7/site-packages/airflow/example_dags/example_external_task_marker_dag.py
[2023-05-17T13:38:57.376+0000] {processor.py:809} INFO - DAG(s) dict_keys(['example_external_task_marker_child', 'example_external_task_marker_parent']) retrieved from /home/airflow/.local/lib/python3.7/site-packages/airflow/example_dags/example_external_task_marker_dag.py
[2023-05-17T13:38:57.451+0000] {logging_mixin.py:149} INFO - [2023-05-17T13:38:57.451+0000] {dag.py:2726} INFO - Sync 2 DAGs
[2023-05-17T13:38:57.521+0000] {logging_mixin.py:149} INFO - [2023-05-17T13:38:57.520+0000] {dag.py:3490} INFO - Setting next_dagrun for example_external_task_marker_child to None, run_after=None
[2023-05-17T13:38:57.529+0000] {logging_mixin.py:149} INFO - [2023-05-17T13:38:57.529+0000] {dag.py:3490} INFO - Setting next_dagrun for example_external_task_marker_parent to None, run_after=None
[2023-05-17T13:38:57.804+0000] {processor.py:178} INFO - Processing /home/airflow/.local/lib/python3.7/site-packages/airflow/example_dags/example_external_task_marker_dag.py took 0.454 seconds
[2023-05-17T13:39:28.261+0000] {processor.py:156} INFO - Started process (PID=532) to work on /home/airflow/.local/lib/python3.7/site-packages/airflow/example_dags/example_external_task_marker_dag.py
[2023-05-17T13:39:28.263+0000] {processor.py:799} INFO - Processing file /home/airflow/.local/lib/python3.7/site-packages/airflow/example_dags/example_external_task_marker_dag.py for tasks to queue
[2023-05-17T13:39:28.265+0000] {logging_mixin.py:149} INFO - [2023-05-17T13:39:28.265+0000] {dagbag.py:541} INFO - Filling up the DagBag from /home/airflow/.local/lib/python3.7/site-packages/airflow/example_dags/example_external_task_marker_dag.py
[2023-05-17T13:39:28.280+0000] {processor.py:809} INFO - DAG(s) dict_keys(['example_external_task_marker_parent', 'example_external_task_marker_child']) retrieved from /home/airflow/.local/lib/python3.7/site-packages/airflow/example_dags/example_external_task_marker_dag.py
[2023-05-17T13:39:28.345+0000] {logging_mixin.py:149} INFO - [2023-05-17T13:39:28.344+0000] {dag.py:2726} INFO - Sync 2 DAGs
[2023-05-17T13:39:28.412+0000] {logging_mixin.py:149} INFO - [2023-05-17T13:39:28.412+0000] {dag.py:3490} INFO - Setting next_dagrun for example_external_task_marker_child to None, run_after=None
[2023-05-17T13:39:28.422+0000] {logging_mixin.py:149} INFO - [2023-05-17T13:39:28.421+0000] {dag.py:3490} INFO - Setting next_dagrun for example_external_task_marker_parent to None, run_after=None
[2023-05-17T13:39:28.744+0000] {processor.py:178} INFO - Processing /home/airflow/.local/lib/python3.7/site-packages/airflow/example_dags/example_external_task_marker_dag.py took 0.493 seconds
[2023-05-17T13:39:59.712+0000] {processor.py:156} INFO - Started process (PID=590) to work on /home/airflow/.local/lib/python3.7/site-packages/airflow/example_dags/example_external_task_marker_dag.py
[2023-05-17T13:39:59.714+0000] {processor.py:799} INFO - Processing file /home/airflow/.local/lib/python3.7/site-packages/airflow/example_dags/example_external_task_marker_dag.py for tasks to queue
[2023-05-17T13:39:59.719+0000] {logging_mixin.py:149} INFO - [2023-05-17T13:39:59.719+0000] {dagbag.py:541} INFO - Filling up the DagBag from /home/airflow/.local/lib/python3.7/site-packages/airflow/example_dags/example_external_task_marker_dag.py
[2023-05-17T13:39:59.738+0000] {processor.py:809} INFO - DAG(s) dict_keys(['example_external_task_marker_parent', 'example_external_task_marker_child']) retrieved from /home/airflow/.local/lib/python3.7/site-packages/airflow/example_dags/example_external_task_marker_dag.py
[2023-05-17T13:39:59.845+0000] {logging_mixin.py:149} INFO - [2023-05-17T13:39:59.845+0000] {dag.py:2726} INFO - Sync 2 DAGs
[2023-05-17T13:39:59.995+0000] {logging_mixin.py:149} INFO - [2023-05-17T13:39:59.995+0000] {dag.py:3490} INFO - Setting next_dagrun for example_external_task_marker_child to None, run_after=None
[2023-05-17T13:40:00.013+0000] {logging_mixin.py:149} INFO - [2023-05-17T13:40:00.012+0000] {dag.py:3490} INFO - Setting next_dagrun for example_external_task_marker_parent to None, run_after=None
[2023-05-17T13:40:00.239+0000] {processor.py:178} INFO - Processing /home/airflow/.local/lib/python3.7/site-packages/airflow/example_dags/example_external_task_marker_dag.py took 0.540 seconds
