[2023-05-17T13:06:25.829+0000] {processor.py:156} INFO - Started process (PID=161) to work on /home/airflow/.local/lib/python3.7/site-packages/airflow/example_dags/example_branch_labels.py
[2023-05-17T13:06:25.853+0000] {processor.py:799} INFO - Processing file /home/airflow/.local/lib/python3.7/site-packages/airflow/example_dags/example_branch_labels.py for tasks to queue
[2023-05-17T13:06:25.856+0000] {logging_mixin.py:149} INFO - [2023-05-17T13:06:25.855+0000] {dagbag.py:541} INFO - Filling up the DagBag from /home/airflow/.local/lib/python3.7/site-packages/airflow/example_dags/example_branch_labels.py
[2023-05-17T13:06:26.483+0000] {processor.py:809} INFO - DAG(s) dict_keys(['example_branch_labels']) retrieved from /home/airflow/.local/lib/python3.7/site-packages/airflow/example_dags/example_branch_labels.py
[2023-05-17T13:06:36.513+0000] {logging_mixin.py:149} INFO - [2023-05-17T13:06:36.512+0000] {manager.py:504} INFO - Created Permission View: can read on DAG:example_branch_labels
[2023-05-17T13:06:41.410+0000] {logging_mixin.py:149} INFO - [2023-05-17T13:06:41.409+0000] {manager.py:504} INFO - Created Permission View: can edit on DAG:example_branch_labels
[2023-05-17T13:06:42.145+0000] {logging_mixin.py:149} INFO - [2023-05-17T13:06:42.144+0000] {manager.py:504} INFO - Created Permission View: can delete on DAG:example_branch_labels
[2023-05-17T13:06:42.323+0000] {logging_mixin.py:149} INFO - [2023-05-17T13:06:42.323+0000] {dag.py:2726} INFO - Sync 1 DAGs
[2023-05-17T13:06:43.356+0000] {logging_mixin.py:149} INFO - [2023-05-17T13:06:43.337+0000] {dag.py:2747} INFO - Creating ORM DAG for example_branch_labels
[2023-05-17T13:06:44.766+0000] {logging_mixin.py:149} INFO - [2023-05-17T13:06:44.765+0000] {dag.py:3490} INFO - Setting next_dagrun for example_branch_labels to 2023-05-16T00:00:00+00:00, run_after=2023-05-17T00:00:00+00:00
[2023-05-17T13:06:47.810+0000] {processor.py:178} INFO - Processing /home/airflow/.local/lib/python3.7/site-packages/airflow/example_dags/example_branch_labels.py took 21.990 seconds
[2023-05-17T13:09:13.367+0000] {processor.py:156} INFO - Started process (PID=238) to work on /home/airflow/.local/lib/python3.7/site-packages/airflow/example_dags/example_branch_labels.py
[2023-05-17T13:09:13.369+0000] {processor.py:799} INFO - Processing file /home/airflow/.local/lib/python3.7/site-packages/airflow/example_dags/example_branch_labels.py for tasks to queue
[2023-05-17T13:09:13.371+0000] {logging_mixin.py:149} INFO - [2023-05-17T13:09:13.371+0000] {dagbag.py:541} INFO - Filling up the DagBag from /home/airflow/.local/lib/python3.7/site-packages/airflow/example_dags/example_branch_labels.py
[2023-05-17T13:09:13.400+0000] {processor.py:809} INFO - DAG(s) dict_keys(['example_branch_labels']) retrieved from /home/airflow/.local/lib/python3.7/site-packages/airflow/example_dags/example_branch_labels.py
[2023-05-17T13:09:13.465+0000] {logging_mixin.py:149} INFO - [2023-05-17T13:09:13.461+0000] {dag.py:2726} INFO - Sync 1 DAGs
[2023-05-17T13:09:13.547+0000] {logging_mixin.py:149} INFO - [2023-05-17T13:09:13.547+0000] {dag.py:3490} INFO - Setting next_dagrun for example_branch_labels to 2023-05-16T00:00:00+00:00, run_after=2023-05-17T00:00:00+00:00
[2023-05-17T13:09:13.726+0000] {processor.py:178} INFO - Processing /home/airflow/.local/lib/python3.7/site-packages/airflow/example_dags/example_branch_labels.py took 0.370 seconds
[2023-05-17T13:09:45.534+0000] {processor.py:156} INFO - Started process (PID=295) to work on /home/airflow/.local/lib/python3.7/site-packages/airflow/example_dags/example_branch_labels.py
[2023-05-17T13:09:45.536+0000] {processor.py:799} INFO - Processing file /home/airflow/.local/lib/python3.7/site-packages/airflow/example_dags/example_branch_labels.py for tasks to queue
[2023-05-17T13:09:45.538+0000] {logging_mixin.py:149} INFO - [2023-05-17T13:09:45.538+0000] {dagbag.py:541} INFO - Filling up the DagBag from /home/airflow/.local/lib/python3.7/site-packages/airflow/example_dags/example_branch_labels.py
[2023-05-17T13:09:45.562+0000] {processor.py:809} INFO - DAG(s) dict_keys(['example_branch_labels']) retrieved from /home/airflow/.local/lib/python3.7/site-packages/airflow/example_dags/example_branch_labels.py
[2023-05-17T13:09:45.633+0000] {logging_mixin.py:149} INFO - [2023-05-17T13:09:45.633+0000] {dag.py:2726} INFO - Sync 1 DAGs
[2023-05-17T13:09:45.714+0000] {logging_mixin.py:149} INFO - [2023-05-17T13:09:45.713+0000] {dag.py:3490} INFO - Setting next_dagrun for example_branch_labels to 2023-05-16T00:00:00+00:00, run_after=2023-05-17T00:00:00+00:00
[2023-05-17T13:09:46.053+0000] {processor.py:178} INFO - Processing /home/airflow/.local/lib/python3.7/site-packages/airflow/example_dags/example_branch_labels.py took 0.530 seconds
[2023-05-17T13:10:21.590+0000] {processor.py:156} INFO - Started process (PID=349) to work on /home/airflow/.local/lib/python3.7/site-packages/airflow/example_dags/example_branch_labels.py
[2023-05-17T13:10:21.592+0000] {processor.py:799} INFO - Processing file /home/airflow/.local/lib/python3.7/site-packages/airflow/example_dags/example_branch_labels.py for tasks to queue
[2023-05-17T13:10:21.596+0000] {logging_mixin.py:149} INFO - [2023-05-17T13:10:21.595+0000] {dagbag.py:541} INFO - Filling up the DagBag from /home/airflow/.local/lib/python3.7/site-packages/airflow/example_dags/example_branch_labels.py
[2023-05-17T13:10:21.621+0000] {processor.py:809} INFO - DAG(s) dict_keys(['example_branch_labels']) retrieved from /home/airflow/.local/lib/python3.7/site-packages/airflow/example_dags/example_branch_labels.py
[2023-05-17T13:10:21.713+0000] {logging_mixin.py:149} INFO - [2023-05-17T13:10:21.713+0000] {dag.py:2726} INFO - Sync 1 DAGs
[2023-05-17T13:10:21.872+0000] {logging_mixin.py:149} INFO - [2023-05-17T13:10:21.871+0000] {dag.py:3490} INFO - Setting next_dagrun for example_branch_labels to 2023-05-16T00:00:00+00:00, run_after=2023-05-17T00:00:00+00:00
[2023-05-17T13:10:22.420+0000] {processor.py:178} INFO - Processing /home/airflow/.local/lib/python3.7/site-packages/airflow/example_dags/example_branch_labels.py took 0.842 seconds
[2023-05-17T13:11:04.214+0000] {processor.py:156} INFO - Started process (PID=412) to work on /home/airflow/.local/lib/python3.7/site-packages/airflow/example_dags/example_branch_labels.py
[2023-05-17T13:11:04.219+0000] {processor.py:799} INFO - Processing file /home/airflow/.local/lib/python3.7/site-packages/airflow/example_dags/example_branch_labels.py for tasks to queue
[2023-05-17T13:11:04.223+0000] {logging_mixin.py:149} INFO - [2023-05-17T13:11:04.222+0000] {dagbag.py:541} INFO - Filling up the DagBag from /home/airflow/.local/lib/python3.7/site-packages/airflow/example_dags/example_branch_labels.py
[2023-05-17T13:11:04.277+0000] {processor.py:809} INFO - DAG(s) dict_keys(['example_branch_labels']) retrieved from /home/airflow/.local/lib/python3.7/site-packages/airflow/example_dags/example_branch_labels.py
[2023-05-17T13:11:04.486+0000] {logging_mixin.py:149} INFO - [2023-05-17T13:11:04.485+0000] {dag.py:2726} INFO - Sync 1 DAGs
[2023-05-17T13:11:04.591+0000] {logging_mixin.py:149} INFO - [2023-05-17T13:11:04.591+0000] {dag.py:3490} INFO - Setting next_dagrun for example_branch_labels to 2023-05-16T00:00:00+00:00, run_after=2023-05-17T00:00:00+00:00
[2023-05-17T13:11:04.858+0000] {processor.py:178} INFO - Processing /home/airflow/.local/lib/python3.7/site-packages/airflow/example_dags/example_branch_labels.py took 0.653 seconds
[2023-05-17T13:11:35.930+0000] {processor.py:156} INFO - Started process (PID=465) to work on /home/airflow/.local/lib/python3.7/site-packages/airflow/example_dags/example_branch_labels.py
[2023-05-17T13:11:35.933+0000] {processor.py:799} INFO - Processing file /home/airflow/.local/lib/python3.7/site-packages/airflow/example_dags/example_branch_labels.py for tasks to queue
[2023-05-17T13:11:35.936+0000] {logging_mixin.py:149} INFO - [2023-05-17T13:11:35.936+0000] {dagbag.py:541} INFO - Filling up the DagBag from /home/airflow/.local/lib/python3.7/site-packages/airflow/example_dags/example_branch_labels.py
[2023-05-17T13:11:35.975+0000] {processor.py:809} INFO - DAG(s) dict_keys(['example_branch_labels']) retrieved from /home/airflow/.local/lib/python3.7/site-packages/airflow/example_dags/example_branch_labels.py
[2023-05-17T13:11:36.035+0000] {logging_mixin.py:149} INFO - [2023-05-17T13:11:36.035+0000] {dag.py:2726} INFO - Sync 1 DAGs
[2023-05-17T13:11:36.160+0000] {logging_mixin.py:149} INFO - [2023-05-17T13:11:36.158+0000] {dag.py:3490} INFO - Setting next_dagrun for example_branch_labels to 2023-05-16T00:00:00+00:00, run_after=2023-05-17T00:00:00+00:00
[2023-05-17T13:11:36.995+0000] {processor.py:178} INFO - Processing /home/airflow/.local/lib/python3.7/site-packages/airflow/example_dags/example_branch_labels.py took 1.072 seconds
[2023-05-17T13:12:07.328+0000] {processor.py:156} INFO - Started process (PID=523) to work on /home/airflow/.local/lib/python3.7/site-packages/airflow/example_dags/example_branch_labels.py
[2023-05-17T13:12:07.335+0000] {processor.py:799} INFO - Processing file /home/airflow/.local/lib/python3.7/site-packages/airflow/example_dags/example_branch_labels.py for tasks to queue
[2023-05-17T13:12:07.342+0000] {logging_mixin.py:149} INFO - [2023-05-17T13:12:07.341+0000] {dagbag.py:541} INFO - Filling up the DagBag from /home/airflow/.local/lib/python3.7/site-packages/airflow/example_dags/example_branch_labels.py
[2023-05-17T13:12:07.374+0000] {processor.py:809} INFO - DAG(s) dict_keys(['example_branch_labels']) retrieved from /home/airflow/.local/lib/python3.7/site-packages/airflow/example_dags/example_branch_labels.py
[2023-05-17T13:12:07.483+0000] {logging_mixin.py:149} INFO - [2023-05-17T13:12:07.483+0000] {dag.py:2726} INFO - Sync 1 DAGs
[2023-05-17T13:12:07.580+0000] {logging_mixin.py:149} INFO - [2023-05-17T13:12:07.580+0000] {dag.py:3490} INFO - Setting next_dagrun for example_branch_labels to 2023-05-16T00:00:00+00:00, run_after=2023-05-17T00:00:00+00:00
[2023-05-17T13:12:07.772+0000] {processor.py:178} INFO - Processing /home/airflow/.local/lib/python3.7/site-packages/airflow/example_dags/example_branch_labels.py took 0.456 seconds
[2023-05-17T13:12:48.874+0000] {processor.py:156} INFO - Started process (PID=585) to work on /home/airflow/.local/lib/python3.7/site-packages/airflow/example_dags/example_branch_labels.py
[2023-05-17T13:12:48.882+0000] {processor.py:799} INFO - Processing file /home/airflow/.local/lib/python3.7/site-packages/airflow/example_dags/example_branch_labels.py for tasks to queue
[2023-05-17T13:12:48.885+0000] {logging_mixin.py:149} INFO - [2023-05-17T13:12:48.884+0000] {dagbag.py:541} INFO - Filling up the DagBag from /home/airflow/.local/lib/python3.7/site-packages/airflow/example_dags/example_branch_labels.py
[2023-05-17T13:12:48.962+0000] {processor.py:809} INFO - DAG(s) dict_keys(['example_branch_labels']) retrieved from /home/airflow/.local/lib/python3.7/site-packages/airflow/example_dags/example_branch_labels.py
[2023-05-17T13:12:49.521+0000] {logging_mixin.py:149} INFO - [2023-05-17T13:12:49.520+0000] {dag.py:2726} INFO - Sync 1 DAGs
[2023-05-17T13:12:50.148+0000] {logging_mixin.py:149} INFO - [2023-05-17T13:12:50.147+0000] {dag.py:3490} INFO - Setting next_dagrun for example_branch_labels to 2023-05-16T00:00:00+00:00, run_after=2023-05-17T00:00:00+00:00
[2023-05-17T13:12:50.970+0000] {processor.py:178} INFO - Processing /home/airflow/.local/lib/python3.7/site-packages/airflow/example_dags/example_branch_labels.py took 2.106 seconds
[2023-05-17T13:13:29.976+0000] {processor.py:156} INFO - Started process (PID=643) to work on /home/airflow/.local/lib/python3.7/site-packages/airflow/example_dags/example_branch_labels.py
[2023-05-17T13:13:29.978+0000] {processor.py:799} INFO - Processing file /home/airflow/.local/lib/python3.7/site-packages/airflow/example_dags/example_branch_labels.py for tasks to queue
[2023-05-17T13:13:29.980+0000] {logging_mixin.py:149} INFO - [2023-05-17T13:13:29.979+0000] {dagbag.py:541} INFO - Filling up the DagBag from /home/airflow/.local/lib/python3.7/site-packages/airflow/example_dags/example_branch_labels.py
[2023-05-17T13:13:29.996+0000] {processor.py:809} INFO - DAG(s) dict_keys(['example_branch_labels']) retrieved from /home/airflow/.local/lib/python3.7/site-packages/airflow/example_dags/example_branch_labels.py
[2023-05-17T13:13:30.087+0000] {logging_mixin.py:149} INFO - [2023-05-17T13:13:30.087+0000] {dag.py:2726} INFO - Sync 1 DAGs
[2023-05-17T13:13:30.147+0000] {logging_mixin.py:149} INFO - [2023-05-17T13:13:30.147+0000] {dag.py:3490} INFO - Setting next_dagrun for example_branch_labels to 2023-05-16T00:00:00+00:00, run_after=2023-05-17T00:00:00+00:00
[2023-05-17T13:13:30.603+0000] {processor.py:178} INFO - Processing /home/airflow/.local/lib/python3.7/site-packages/airflow/example_dags/example_branch_labels.py took 0.635 seconds
[2023-05-17T13:14:00.852+0000] {processor.py:156} INFO - Started process (PID=702) to work on /home/airflow/.local/lib/python3.7/site-packages/airflow/example_dags/example_branch_labels.py
[2023-05-17T13:14:00.855+0000] {processor.py:799} INFO - Processing file /home/airflow/.local/lib/python3.7/site-packages/airflow/example_dags/example_branch_labels.py for tasks to queue
[2023-05-17T13:14:00.858+0000] {logging_mixin.py:149} INFO - [2023-05-17T13:14:00.857+0000] {dagbag.py:541} INFO - Filling up the DagBag from /home/airflow/.local/lib/python3.7/site-packages/airflow/example_dags/example_branch_labels.py
[2023-05-17T13:14:00.888+0000] {processor.py:809} INFO - DAG(s) dict_keys(['example_branch_labels']) retrieved from /home/airflow/.local/lib/python3.7/site-packages/airflow/example_dags/example_branch_labels.py
[2023-05-17T13:14:00.967+0000] {logging_mixin.py:149} INFO - [2023-05-17T13:14:00.967+0000] {dag.py:2726} INFO - Sync 1 DAGs
[2023-05-17T13:14:01.067+0000] {logging_mixin.py:149} INFO - [2023-05-17T13:14:01.067+0000] {dag.py:3490} INFO - Setting next_dagrun for example_branch_labels to 2023-05-16T00:00:00+00:00, run_after=2023-05-17T00:00:00+00:00
[2023-05-17T13:14:01.187+0000] {processor.py:178} INFO - Processing /home/airflow/.local/lib/python3.7/site-packages/airflow/example_dags/example_branch_labels.py took 0.344 seconds
[2023-05-17T13:15:15.477+0000] {processor.py:156} INFO - Started process (PID=765) to work on /home/airflow/.local/lib/python3.7/site-packages/airflow/example_dags/example_branch_labels.py
[2023-05-17T13:15:15.479+0000] {processor.py:799} INFO - Processing file /home/airflow/.local/lib/python3.7/site-packages/airflow/example_dags/example_branch_labels.py for tasks to queue
[2023-05-17T13:15:15.482+0000] {logging_mixin.py:149} INFO - [2023-05-17T13:15:15.481+0000] {dagbag.py:541} INFO - Filling up the DagBag from /home/airflow/.local/lib/python3.7/site-packages/airflow/example_dags/example_branch_labels.py
[2023-05-17T13:15:15.506+0000] {processor.py:809} INFO - DAG(s) dict_keys(['example_branch_labels']) retrieved from /home/airflow/.local/lib/python3.7/site-packages/airflow/example_dags/example_branch_labels.py
[2023-05-17T13:15:15.596+0000] {logging_mixin.py:149} INFO - [2023-05-17T13:15:15.596+0000] {dag.py:2726} INFO - Sync 1 DAGs
[2023-05-17T13:15:15.712+0000] {logging_mixin.py:149} INFO - [2023-05-17T13:15:15.711+0000] {dag.py:3490} INFO - Setting next_dagrun for example_branch_labels to 2023-05-16T00:00:00+00:00, run_after=2023-05-17T00:00:00+00:00
[2023-05-17T13:15:16.558+0000] {processor.py:178} INFO - Processing /home/airflow/.local/lib/python3.7/site-packages/airflow/example_dags/example_branch_labels.py took 1.092 seconds
[2023-05-17T13:15:47.282+0000] {processor.py:156} INFO - Started process (PID=823) to work on /home/airflow/.local/lib/python3.7/site-packages/airflow/example_dags/example_branch_labels.py
[2023-05-17T13:15:47.285+0000] {processor.py:799} INFO - Processing file /home/airflow/.local/lib/python3.7/site-packages/airflow/example_dags/example_branch_labels.py for tasks to queue
[2023-05-17T13:15:47.288+0000] {logging_mixin.py:149} INFO - [2023-05-17T13:15:47.287+0000] {dagbag.py:541} INFO - Filling up the DagBag from /home/airflow/.local/lib/python3.7/site-packages/airflow/example_dags/example_branch_labels.py
[2023-05-17T13:15:47.366+0000] {processor.py:809} INFO - DAG(s) dict_keys(['example_branch_labels']) retrieved from /home/airflow/.local/lib/python3.7/site-packages/airflow/example_dags/example_branch_labels.py
[2023-05-17T13:15:47.572+0000] {logging_mixin.py:149} INFO - [2023-05-17T13:15:47.571+0000] {dag.py:2726} INFO - Sync 1 DAGs
[2023-05-17T13:15:47.820+0000] {logging_mixin.py:149} INFO - [2023-05-17T13:15:47.820+0000] {dag.py:3490} INFO - Setting next_dagrun for example_branch_labels to 2023-05-16T00:00:00+00:00, run_after=2023-05-17T00:00:00+00:00
[2023-05-17T13:15:48.133+0000] {processor.py:178} INFO - Processing /home/airflow/.local/lib/python3.7/site-packages/airflow/example_dags/example_branch_labels.py took 0.875 seconds
[2023-05-17T13:16:18.397+0000] {processor.py:156} INFO - Started process (PID=881) to work on /home/airflow/.local/lib/python3.7/site-packages/airflow/example_dags/example_branch_labels.py
[2023-05-17T13:16:18.400+0000] {processor.py:799} INFO - Processing file /home/airflow/.local/lib/python3.7/site-packages/airflow/example_dags/example_branch_labels.py for tasks to queue
[2023-05-17T13:16:18.403+0000] {logging_mixin.py:149} INFO - [2023-05-17T13:16:18.402+0000] {dagbag.py:541} INFO - Filling up the DagBag from /home/airflow/.local/lib/python3.7/site-packages/airflow/example_dags/example_branch_labels.py
[2023-05-17T13:16:18.425+0000] {processor.py:809} INFO - DAG(s) dict_keys(['example_branch_labels']) retrieved from /home/airflow/.local/lib/python3.7/site-packages/airflow/example_dags/example_branch_labels.py
[2023-05-17T13:16:18.499+0000] {logging_mixin.py:149} INFO - [2023-05-17T13:16:18.499+0000] {dag.py:2726} INFO - Sync 1 DAGs
[2023-05-17T13:16:18.648+0000] {logging_mixin.py:149} INFO - [2023-05-17T13:16:18.648+0000] {dag.py:3490} INFO - Setting next_dagrun for example_branch_labels to 2023-05-16T00:00:00+00:00, run_after=2023-05-17T00:00:00+00:00
[2023-05-17T13:16:18.768+0000] {processor.py:178} INFO - Processing /home/airflow/.local/lib/python3.7/site-packages/airflow/example_dags/example_branch_labels.py took 0.377 seconds
[2023-05-17T13:16:49.155+0000] {processor.py:156} INFO - Started process (PID=939) to work on /home/airflow/.local/lib/python3.7/site-packages/airflow/example_dags/example_branch_labels.py
[2023-05-17T13:16:49.157+0000] {processor.py:799} INFO - Processing file /home/airflow/.local/lib/python3.7/site-packages/airflow/example_dags/example_branch_labels.py for tasks to queue
[2023-05-17T13:16:49.161+0000] {logging_mixin.py:149} INFO - [2023-05-17T13:16:49.160+0000] {dagbag.py:541} INFO - Filling up the DagBag from /home/airflow/.local/lib/python3.7/site-packages/airflow/example_dags/example_branch_labels.py
[2023-05-17T13:16:49.182+0000] {processor.py:809} INFO - DAG(s) dict_keys(['example_branch_labels']) retrieved from /home/airflow/.local/lib/python3.7/site-packages/airflow/example_dags/example_branch_labels.py
[2023-05-17T13:16:49.267+0000] {logging_mixin.py:149} INFO - [2023-05-17T13:16:49.266+0000] {dag.py:2726} INFO - Sync 1 DAGs
[2023-05-17T13:16:49.347+0000] {logging_mixin.py:149} INFO - [2023-05-17T13:16:49.347+0000] {dag.py:3490} INFO - Setting next_dagrun for example_branch_labels to 2023-05-16T00:00:00+00:00, run_after=2023-05-17T00:00:00+00:00
[2023-05-17T13:16:49.553+0000] {processor.py:178} INFO - Processing /home/airflow/.local/lib/python3.7/site-packages/airflow/example_dags/example_branch_labels.py took 0.406 seconds
[2023-05-17T13:17:24.649+0000] {processor.py:156} INFO - Started process (PID=1000) to work on /home/airflow/.local/lib/python3.7/site-packages/airflow/example_dags/example_branch_labels.py
[2023-05-17T13:17:24.654+0000] {processor.py:799} INFO - Processing file /home/airflow/.local/lib/python3.7/site-packages/airflow/example_dags/example_branch_labels.py for tasks to queue
[2023-05-17T13:17:24.657+0000] {logging_mixin.py:149} INFO - [2023-05-17T13:17:24.656+0000] {dagbag.py:541} INFO - Filling up the DagBag from /home/airflow/.local/lib/python3.7/site-packages/airflow/example_dags/example_branch_labels.py
[2023-05-17T13:17:24.684+0000] {processor.py:809} INFO - DAG(s) dict_keys(['example_branch_labels']) retrieved from /home/airflow/.local/lib/python3.7/site-packages/airflow/example_dags/example_branch_labels.py
[2023-05-17T13:17:24.787+0000] {logging_mixin.py:149} INFO - [2023-05-17T13:17:24.787+0000] {dag.py:2726} INFO - Sync 1 DAGs
[2023-05-17T13:17:24.927+0000] {logging_mixin.py:149} INFO - [2023-05-17T13:17:24.927+0000] {dag.py:3490} INFO - Setting next_dagrun for example_branch_labels to 2023-05-16T00:00:00+00:00, run_after=2023-05-17T00:00:00+00:00
[2023-05-17T13:17:25.267+0000] {processor.py:178} INFO - Processing /home/airflow/.local/lib/python3.7/site-packages/airflow/example_dags/example_branch_labels.py took 0.627 seconds
[2023-05-17T13:18:16.117+0000] {processor.py:156} INFO - Started process (PID=1059) to work on /home/airflow/.local/lib/python3.7/site-packages/airflow/example_dags/example_branch_labels.py
[2023-05-17T13:18:16.142+0000] {processor.py:799} INFO - Processing file /home/airflow/.local/lib/python3.7/site-packages/airflow/example_dags/example_branch_labels.py for tasks to queue
[2023-05-17T13:18:16.147+0000] {logging_mixin.py:149} INFO - [2023-05-17T13:18:16.146+0000] {dagbag.py:541} INFO - Filling up the DagBag from /home/airflow/.local/lib/python3.7/site-packages/airflow/example_dags/example_branch_labels.py
[2023-05-17T13:18:16.194+0000] {processor.py:809} INFO - DAG(s) dict_keys(['example_branch_labels']) retrieved from /home/airflow/.local/lib/python3.7/site-packages/airflow/example_dags/example_branch_labels.py
[2023-05-17T13:18:16.256+0000] {logging_mixin.py:149} INFO - [2023-05-17T13:18:16.256+0000] {dag.py:2726} INFO - Sync 1 DAGs
[2023-05-17T13:18:16.336+0000] {logging_mixin.py:149} INFO - [2023-05-17T13:18:16.335+0000] {dag.py:3490} INFO - Setting next_dagrun for example_branch_labels to 2023-05-16T00:00:00+00:00, run_after=2023-05-17T00:00:00+00:00
[2023-05-17T13:18:18.845+0000] {processor.py:178} INFO - Processing /home/airflow/.local/lib/python3.7/site-packages/airflow/example_dags/example_branch_labels.py took 2.735 seconds
[2023-05-17T13:18:52.603+0000] {processor.py:156} INFO - Started process (PID=1115) to work on /home/airflow/.local/lib/python3.7/site-packages/airflow/example_dags/example_branch_labels.py
[2023-05-17T13:18:52.606+0000] {processor.py:799} INFO - Processing file /home/airflow/.local/lib/python3.7/site-packages/airflow/example_dags/example_branch_labels.py for tasks to queue
[2023-05-17T13:18:52.608+0000] {logging_mixin.py:149} INFO - [2023-05-17T13:18:52.608+0000] {dagbag.py:541} INFO - Filling up the DagBag from /home/airflow/.local/lib/python3.7/site-packages/airflow/example_dags/example_branch_labels.py
[2023-05-17T13:18:52.636+0000] {processor.py:809} INFO - DAG(s) dict_keys(['example_branch_labels']) retrieved from /home/airflow/.local/lib/python3.7/site-packages/airflow/example_dags/example_branch_labels.py
[2023-05-17T13:18:52.718+0000] {logging_mixin.py:149} INFO - [2023-05-17T13:18:52.716+0000] {dag.py:2726} INFO - Sync 1 DAGs
[2023-05-17T13:18:52.821+0000] {logging_mixin.py:149} INFO - [2023-05-17T13:18:52.820+0000] {dag.py:3490} INFO - Setting next_dagrun for example_branch_labels to 2023-05-16T00:00:00+00:00, run_after=2023-05-17T00:00:00+00:00
[2023-05-17T13:18:52.974+0000] {processor.py:178} INFO - Processing /home/airflow/.local/lib/python3.7/site-packages/airflow/example_dags/example_branch_labels.py took 0.380 seconds
[2023-05-17T13:19:26.619+0000] {processor.py:156} INFO - Started process (PID=1174) to work on /home/airflow/.local/lib/python3.7/site-packages/airflow/example_dags/example_branch_labels.py
[2023-05-17T13:19:26.622+0000] {processor.py:799} INFO - Processing file /home/airflow/.local/lib/python3.7/site-packages/airflow/example_dags/example_branch_labels.py for tasks to queue
[2023-05-17T13:19:26.624+0000] {logging_mixin.py:149} INFO - [2023-05-17T13:19:26.623+0000] {dagbag.py:541} INFO - Filling up the DagBag from /home/airflow/.local/lib/python3.7/site-packages/airflow/example_dags/example_branch_labels.py
[2023-05-17T13:19:26.651+0000] {processor.py:809} INFO - DAG(s) dict_keys(['example_branch_labels']) retrieved from /home/airflow/.local/lib/python3.7/site-packages/airflow/example_dags/example_branch_labels.py
[2023-05-17T13:19:26.719+0000] {logging_mixin.py:149} INFO - [2023-05-17T13:19:26.719+0000] {dag.py:2726} INFO - Sync 1 DAGs
[2023-05-17T13:19:26.812+0000] {logging_mixin.py:149} INFO - [2023-05-17T13:19:26.811+0000] {dag.py:3490} INFO - Setting next_dagrun for example_branch_labels to 2023-05-16T00:00:00+00:00, run_after=2023-05-17T00:00:00+00:00
[2023-05-17T13:19:27.051+0000] {processor.py:178} INFO - Processing /home/airflow/.local/lib/python3.7/site-packages/airflow/example_dags/example_branch_labels.py took 0.437 seconds
[2023-05-17T13:19:59.354+0000] {processor.py:156} INFO - Started process (PID=1232) to work on /home/airflow/.local/lib/python3.7/site-packages/airflow/example_dags/example_branch_labels.py
[2023-05-17T13:19:59.359+0000] {processor.py:799} INFO - Processing file /home/airflow/.local/lib/python3.7/site-packages/airflow/example_dags/example_branch_labels.py for tasks to queue
[2023-05-17T13:19:59.371+0000] {logging_mixin.py:149} INFO - [2023-05-17T13:19:59.371+0000] {dagbag.py:541} INFO - Filling up the DagBag from /home/airflow/.local/lib/python3.7/site-packages/airflow/example_dags/example_branch_labels.py
[2023-05-17T13:19:59.419+0000] {processor.py:809} INFO - DAG(s) dict_keys(['example_branch_labels']) retrieved from /home/airflow/.local/lib/python3.7/site-packages/airflow/example_dags/example_branch_labels.py
[2023-05-17T13:19:59.566+0000] {logging_mixin.py:149} INFO - [2023-05-17T13:19:59.565+0000] {dag.py:2726} INFO - Sync 1 DAGs
[2023-05-17T13:19:59.665+0000] {logging_mixin.py:149} INFO - [2023-05-17T13:19:59.665+0000] {dag.py:3490} INFO - Setting next_dagrun for example_branch_labels to 2023-05-16T00:00:00+00:00, run_after=2023-05-17T00:00:00+00:00
[2023-05-17T13:20:00.359+0000] {processor.py:178} INFO - Processing /home/airflow/.local/lib/python3.7/site-packages/airflow/example_dags/example_branch_labels.py took 1.034 seconds
[2023-05-17T13:20:30.580+0000] {processor.py:156} INFO - Started process (PID=1291) to work on /home/airflow/.local/lib/python3.7/site-packages/airflow/example_dags/example_branch_labels.py
[2023-05-17T13:20:30.593+0000] {processor.py:799} INFO - Processing file /home/airflow/.local/lib/python3.7/site-packages/airflow/example_dags/example_branch_labels.py for tasks to queue
[2023-05-17T13:20:30.618+0000] {logging_mixin.py:149} INFO - [2023-05-17T13:20:30.604+0000] {dagbag.py:541} INFO - Filling up the DagBag from /home/airflow/.local/lib/python3.7/site-packages/airflow/example_dags/example_branch_labels.py
[2023-05-17T13:20:30.680+0000] {processor.py:809} INFO - DAG(s) dict_keys(['example_branch_labels']) retrieved from /home/airflow/.local/lib/python3.7/site-packages/airflow/example_dags/example_branch_labels.py
[2023-05-17T13:20:30.842+0000] {logging_mixin.py:149} INFO - [2023-05-17T13:20:30.842+0000] {dag.py:2726} INFO - Sync 1 DAGs
[2023-05-17T13:20:30.956+0000] {logging_mixin.py:149} INFO - [2023-05-17T13:20:30.955+0000] {dag.py:3490} INFO - Setting next_dagrun for example_branch_labels to 2023-05-16T00:00:00+00:00, run_after=2023-05-17T00:00:00+00:00
[2023-05-17T13:20:31.268+0000] {processor.py:178} INFO - Processing /home/airflow/.local/lib/python3.7/site-packages/airflow/example_dags/example_branch_labels.py took 0.697 seconds
[2023-05-17T13:21:02.367+0000] {processor.py:156} INFO - Started process (PID=1349) to work on /home/airflow/.local/lib/python3.7/site-packages/airflow/example_dags/example_branch_labels.py
[2023-05-17T13:21:02.369+0000] {processor.py:799} INFO - Processing file /home/airflow/.local/lib/python3.7/site-packages/airflow/example_dags/example_branch_labels.py for tasks to queue
[2023-05-17T13:21:02.376+0000] {logging_mixin.py:149} INFO - [2023-05-17T13:21:02.373+0000] {dagbag.py:541} INFO - Filling up the DagBag from /home/airflow/.local/lib/python3.7/site-packages/airflow/example_dags/example_branch_labels.py
[2023-05-17T13:21:02.395+0000] {processor.py:809} INFO - DAG(s) dict_keys(['example_branch_labels']) retrieved from /home/airflow/.local/lib/python3.7/site-packages/airflow/example_dags/example_branch_labels.py
[2023-05-17T13:21:02.467+0000] {logging_mixin.py:149} INFO - [2023-05-17T13:21:02.467+0000] {dag.py:2726} INFO - Sync 1 DAGs
[2023-05-17T13:21:02.577+0000] {logging_mixin.py:149} INFO - [2023-05-17T13:21:02.577+0000] {dag.py:3490} INFO - Setting next_dagrun for example_branch_labels to 2023-05-16T00:00:00+00:00, run_after=2023-05-17T00:00:00+00:00
[2023-05-17T13:21:02.846+0000] {processor.py:178} INFO - Processing /home/airflow/.local/lib/python3.7/site-packages/airflow/example_dags/example_branch_labels.py took 0.487 seconds
[2023-05-17T13:21:35.010+0000] {processor.py:156} INFO - Started process (PID=1406) to work on /home/airflow/.local/lib/python3.7/site-packages/airflow/example_dags/example_branch_labels.py
[2023-05-17T13:21:35.015+0000] {processor.py:799} INFO - Processing file /home/airflow/.local/lib/python3.7/site-packages/airflow/example_dags/example_branch_labels.py for tasks to queue
[2023-05-17T13:21:35.028+0000] {logging_mixin.py:149} INFO - [2023-05-17T13:21:35.028+0000] {dagbag.py:541} INFO - Filling up the DagBag from /home/airflow/.local/lib/python3.7/site-packages/airflow/example_dags/example_branch_labels.py
[2023-05-17T13:21:35.084+0000] {processor.py:809} INFO - DAG(s) dict_keys(['example_branch_labels']) retrieved from /home/airflow/.local/lib/python3.7/site-packages/airflow/example_dags/example_branch_labels.py
[2023-05-17T13:21:35.145+0000] {logging_mixin.py:149} INFO - [2023-05-17T13:21:35.145+0000] {dag.py:2726} INFO - Sync 1 DAGs
[2023-05-17T13:21:35.223+0000] {logging_mixin.py:149} INFO - [2023-05-17T13:21:35.223+0000] {dag.py:3490} INFO - Setting next_dagrun for example_branch_labels to 2023-05-16T00:00:00+00:00, run_after=2023-05-17T00:00:00+00:00
[2023-05-17T13:21:35.615+0000] {processor.py:178} INFO - Processing /home/airflow/.local/lib/python3.7/site-packages/airflow/example_dags/example_branch_labels.py took 0.641 seconds
[2023-05-17T13:22:09.864+0000] {processor.py:156} INFO - Started process (PID=1461) to work on /home/airflow/.local/lib/python3.7/site-packages/airflow/example_dags/example_branch_labels.py
[2023-05-17T13:22:09.867+0000] {processor.py:799} INFO - Processing file /home/airflow/.local/lib/python3.7/site-packages/airflow/example_dags/example_branch_labels.py for tasks to queue
[2023-05-17T13:22:09.869+0000] {logging_mixin.py:149} INFO - [2023-05-17T13:22:09.869+0000] {dagbag.py:541} INFO - Filling up the DagBag from /home/airflow/.local/lib/python3.7/site-packages/airflow/example_dags/example_branch_labels.py
[2023-05-17T13:22:09.992+0000] {processor.py:809} INFO - DAG(s) dict_keys(['example_branch_labels']) retrieved from /home/airflow/.local/lib/python3.7/site-packages/airflow/example_dags/example_branch_labels.py
[2023-05-17T13:22:10.067+0000] {logging_mixin.py:149} INFO - [2023-05-17T13:22:10.067+0000] {dag.py:2726} INFO - Sync 1 DAGs
[2023-05-17T13:22:10.152+0000] {logging_mixin.py:149} INFO - [2023-05-17T13:22:10.152+0000] {dag.py:3490} INFO - Setting next_dagrun for example_branch_labels to 2023-05-16T00:00:00+00:00, run_after=2023-05-17T00:00:00+00:00
[2023-05-17T13:22:10.391+0000] {processor.py:178} INFO - Processing /home/airflow/.local/lib/python3.7/site-packages/airflow/example_dags/example_branch_labels.py took 0.539 seconds
[2023-05-17T13:23:11.576+0000] {processor.py:156} INFO - Started process (PID=1529) to work on /home/airflow/.local/lib/python3.7/site-packages/airflow/example_dags/example_branch_labels.py
[2023-05-17T13:23:11.578+0000] {processor.py:799} INFO - Processing file /home/airflow/.local/lib/python3.7/site-packages/airflow/example_dags/example_branch_labels.py for tasks to queue
[2023-05-17T13:23:11.582+0000] {logging_mixin.py:149} INFO - [2023-05-17T13:23:11.581+0000] {dagbag.py:541} INFO - Filling up the DagBag from /home/airflow/.local/lib/python3.7/site-packages/airflow/example_dags/example_branch_labels.py
[2023-05-17T13:23:11.624+0000] {processor.py:809} INFO - DAG(s) dict_keys(['example_branch_labels']) retrieved from /home/airflow/.local/lib/python3.7/site-packages/airflow/example_dags/example_branch_labels.py
[2023-05-17T13:23:11.721+0000] {logging_mixin.py:149} INFO - [2023-05-17T13:23:11.721+0000] {dag.py:2726} INFO - Sync 1 DAGs
[2023-05-17T13:23:11.818+0000] {logging_mixin.py:149} INFO - [2023-05-17T13:23:11.818+0000] {dag.py:3490} INFO - Setting next_dagrun for example_branch_labels to 2023-05-16T00:00:00+00:00, run_after=2023-05-17T00:00:00+00:00
[2023-05-17T13:23:12.548+0000] {processor.py:178} INFO - Processing /home/airflow/.local/lib/python3.7/site-packages/airflow/example_dags/example_branch_labels.py took 0.984 seconds
[2023-05-17T13:23:42.932+0000] {processor.py:156} INFO - Started process (PID=1586) to work on /home/airflow/.local/lib/python3.7/site-packages/airflow/example_dags/example_branch_labels.py
[2023-05-17T13:23:42.935+0000] {processor.py:799} INFO - Processing file /home/airflow/.local/lib/python3.7/site-packages/airflow/example_dags/example_branch_labels.py for tasks to queue
[2023-05-17T13:23:42.937+0000] {logging_mixin.py:149} INFO - [2023-05-17T13:23:42.937+0000] {dagbag.py:541} INFO - Filling up the DagBag from /home/airflow/.local/lib/python3.7/site-packages/airflow/example_dags/example_branch_labels.py
[2023-05-17T13:23:42.957+0000] {processor.py:809} INFO - DAG(s) dict_keys(['example_branch_labels']) retrieved from /home/airflow/.local/lib/python3.7/site-packages/airflow/example_dags/example_branch_labels.py
[2023-05-17T13:23:43.073+0000] {logging_mixin.py:149} INFO - [2023-05-17T13:23:43.072+0000] {dag.py:2726} INFO - Sync 1 DAGs
[2023-05-17T13:23:43.176+0000] {logging_mixin.py:149} INFO - [2023-05-17T13:23:43.175+0000] {dag.py:3490} INFO - Setting next_dagrun for example_branch_labels to 2023-05-16T00:00:00+00:00, run_after=2023-05-17T00:00:00+00:00
[2023-05-17T13:23:43.339+0000] {processor.py:178} INFO - Processing /home/airflow/.local/lib/python3.7/site-packages/airflow/example_dags/example_branch_labels.py took 0.416 seconds
[2023-05-17T13:24:13.617+0000] {processor.py:156} INFO - Started process (PID=1645) to work on /home/airflow/.local/lib/python3.7/site-packages/airflow/example_dags/example_branch_labels.py
[2023-05-17T13:24:13.620+0000] {processor.py:799} INFO - Processing file /home/airflow/.local/lib/python3.7/site-packages/airflow/example_dags/example_branch_labels.py for tasks to queue
[2023-05-17T13:24:13.622+0000] {logging_mixin.py:149} INFO - [2023-05-17T13:24:13.622+0000] {dagbag.py:541} INFO - Filling up the DagBag from /home/airflow/.local/lib/python3.7/site-packages/airflow/example_dags/example_branch_labels.py
[2023-05-17T13:24:13.649+0000] {processor.py:809} INFO - DAG(s) dict_keys(['example_branch_labels']) retrieved from /home/airflow/.local/lib/python3.7/site-packages/airflow/example_dags/example_branch_labels.py
[2023-05-17T13:24:13.741+0000] {logging_mixin.py:149} INFO - [2023-05-17T13:24:13.741+0000] {dag.py:2726} INFO - Sync 1 DAGs
[2023-05-17T13:24:13.882+0000] {logging_mixin.py:149} INFO - [2023-05-17T13:24:13.882+0000] {dag.py:3490} INFO - Setting next_dagrun for example_branch_labels to 2023-05-16T00:00:00+00:00, run_after=2023-05-17T00:00:00+00:00
[2023-05-17T13:24:14.058+0000] {processor.py:178} INFO - Processing /home/airflow/.local/lib/python3.7/site-packages/airflow/example_dags/example_branch_labels.py took 0.472 seconds
[2023-05-17T13:24:48.533+0000] {processor.py:156} INFO - Started process (PID=1704) to work on /home/airflow/.local/lib/python3.7/site-packages/airflow/example_dags/example_branch_labels.py
[2023-05-17T13:24:48.540+0000] {processor.py:799} INFO - Processing file /home/airflow/.local/lib/python3.7/site-packages/airflow/example_dags/example_branch_labels.py for tasks to queue
[2023-05-17T13:24:48.542+0000] {logging_mixin.py:149} INFO - [2023-05-17T13:24:48.542+0000] {dagbag.py:541} INFO - Filling up the DagBag from /home/airflow/.local/lib/python3.7/site-packages/airflow/example_dags/example_branch_labels.py
[2023-05-17T13:24:48.571+0000] {processor.py:809} INFO - DAG(s) dict_keys(['example_branch_labels']) retrieved from /home/airflow/.local/lib/python3.7/site-packages/airflow/example_dags/example_branch_labels.py
[2023-05-17T13:24:48.691+0000] {logging_mixin.py:149} INFO - [2023-05-17T13:24:48.690+0000] {dag.py:2726} INFO - Sync 1 DAGs
[2023-05-17T13:24:48.824+0000] {logging_mixin.py:149} INFO - [2023-05-17T13:24:48.823+0000] {dag.py:3490} INFO - Setting next_dagrun for example_branch_labels to 2023-05-16T00:00:00+00:00, run_after=2023-05-17T00:00:00+00:00
[2023-05-17T13:24:49.074+0000] {processor.py:178} INFO - Processing /home/airflow/.local/lib/python3.7/site-packages/airflow/example_dags/example_branch_labels.py took 0.552 seconds
[2023-05-17T13:25:19.513+0000] {processor.py:156} INFO - Started process (PID=1762) to work on /home/airflow/.local/lib/python3.7/site-packages/airflow/example_dags/example_branch_labels.py
[2023-05-17T13:25:19.516+0000] {processor.py:799} INFO - Processing file /home/airflow/.local/lib/python3.7/site-packages/airflow/example_dags/example_branch_labels.py for tasks to queue
[2023-05-17T13:25:19.520+0000] {logging_mixin.py:149} INFO - [2023-05-17T13:25:19.520+0000] {dagbag.py:541} INFO - Filling up the DagBag from /home/airflow/.local/lib/python3.7/site-packages/airflow/example_dags/example_branch_labels.py
[2023-05-17T13:25:19.538+0000] {processor.py:809} INFO - DAG(s) dict_keys(['example_branch_labels']) retrieved from /home/airflow/.local/lib/python3.7/site-packages/airflow/example_dags/example_branch_labels.py
[2023-05-17T13:25:19.624+0000] {logging_mixin.py:149} INFO - [2023-05-17T13:25:19.623+0000] {dag.py:2726} INFO - Sync 1 DAGs
[2023-05-17T13:25:19.734+0000] {logging_mixin.py:149} INFO - [2023-05-17T13:25:19.733+0000] {dag.py:3490} INFO - Setting next_dagrun for example_branch_labels to 2023-05-16T00:00:00+00:00, run_after=2023-05-17T00:00:00+00:00
[2023-05-17T13:25:19.930+0000] {processor.py:178} INFO - Processing /home/airflow/.local/lib/python3.7/site-packages/airflow/example_dags/example_branch_labels.py took 0.425 seconds
[2023-05-17T13:25:55.269+0000] {processor.py:156} INFO - Started process (PID=1822) to work on /home/airflow/.local/lib/python3.7/site-packages/airflow/example_dags/example_branch_labels.py
[2023-05-17T13:25:55.274+0000] {processor.py:799} INFO - Processing file /home/airflow/.local/lib/python3.7/site-packages/airflow/example_dags/example_branch_labels.py for tasks to queue
[2023-05-17T13:25:55.277+0000] {logging_mixin.py:149} INFO - [2023-05-17T13:25:55.277+0000] {dagbag.py:541} INFO - Filling up the DagBag from /home/airflow/.local/lib/python3.7/site-packages/airflow/example_dags/example_branch_labels.py
[2023-05-17T13:25:55.296+0000] {processor.py:809} INFO - DAG(s) dict_keys(['example_branch_labels']) retrieved from /home/airflow/.local/lib/python3.7/site-packages/airflow/example_dags/example_branch_labels.py
[2023-05-17T13:25:55.359+0000] {logging_mixin.py:149} INFO - [2023-05-17T13:25:55.358+0000] {dag.py:2726} INFO - Sync 1 DAGs
[2023-05-17T13:25:55.463+0000] {logging_mixin.py:149} INFO - [2023-05-17T13:25:55.463+0000] {dag.py:3490} INFO - Setting next_dagrun for example_branch_labels to 2023-05-16T00:00:00+00:00, run_after=2023-05-17T00:00:00+00:00
[2023-05-17T13:25:55.764+0000] {processor.py:178} INFO - Processing /home/airflow/.local/lib/python3.7/site-packages/airflow/example_dags/example_branch_labels.py took 0.503 seconds
[2023-05-17T13:26:35.394+0000] {processor.py:156} INFO - Started process (PID=1881) to work on /home/airflow/.local/lib/python3.7/site-packages/airflow/example_dags/example_branch_labels.py
[2023-05-17T13:26:35.396+0000] {processor.py:799} INFO - Processing file /home/airflow/.local/lib/python3.7/site-packages/airflow/example_dags/example_branch_labels.py for tasks to queue
[2023-05-17T13:26:35.398+0000] {logging_mixin.py:149} INFO - [2023-05-17T13:26:35.398+0000] {dagbag.py:541} INFO - Filling up the DagBag from /home/airflow/.local/lib/python3.7/site-packages/airflow/example_dags/example_branch_labels.py
[2023-05-17T13:26:35.416+0000] {processor.py:809} INFO - DAG(s) dict_keys(['example_branch_labels']) retrieved from /home/airflow/.local/lib/python3.7/site-packages/airflow/example_dags/example_branch_labels.py
[2023-05-17T13:26:35.481+0000] {logging_mixin.py:149} INFO - [2023-05-17T13:26:35.480+0000] {dag.py:2726} INFO - Sync 1 DAGs
[2023-05-17T13:26:35.550+0000] {logging_mixin.py:149} INFO - [2023-05-17T13:26:35.550+0000] {dag.py:3490} INFO - Setting next_dagrun for example_branch_labels to 2023-05-16T00:00:00+00:00, run_after=2023-05-17T00:00:00+00:00
[2023-05-17T13:26:36.147+0000] {processor.py:178} INFO - Processing /home/airflow/.local/lib/python3.7/site-packages/airflow/example_dags/example_branch_labels.py took 0.761 seconds
[2023-05-17T13:27:08.877+0000] {processor.py:156} INFO - Started process (PID=1939) to work on /home/airflow/.local/lib/python3.7/site-packages/airflow/example_dags/example_branch_labels.py
[2023-05-17T13:27:08.887+0000] {processor.py:799} INFO - Processing file /home/airflow/.local/lib/python3.7/site-packages/airflow/example_dags/example_branch_labels.py for tasks to queue
[2023-05-17T13:27:08.889+0000] {logging_mixin.py:149} INFO - [2023-05-17T13:27:08.889+0000] {dagbag.py:541} INFO - Filling up the DagBag from /home/airflow/.local/lib/python3.7/site-packages/airflow/example_dags/example_branch_labels.py
[2023-05-17T13:27:08.936+0000] {processor.py:809} INFO - DAG(s) dict_keys(['example_branch_labels']) retrieved from /home/airflow/.local/lib/python3.7/site-packages/airflow/example_dags/example_branch_labels.py
[2023-05-17T13:27:09.102+0000] {logging_mixin.py:149} INFO - [2023-05-17T13:27:09.101+0000] {dag.py:2726} INFO - Sync 1 DAGs
[2023-05-17T13:27:09.195+0000] {logging_mixin.py:149} INFO - [2023-05-17T13:27:09.195+0000] {dag.py:3490} INFO - Setting next_dagrun for example_branch_labels to 2023-05-16T00:00:00+00:00, run_after=2023-05-17T00:00:00+00:00
[2023-05-17T13:32:18.012+0000] {processor.py:156} INFO - Started process (PID=84) to work on /home/airflow/.local/lib/python3.7/site-packages/airflow/example_dags/example_branch_labels.py
[2023-05-17T13:32:18.238+0000] {processor.py:799} INFO - Processing file /home/airflow/.local/lib/python3.7/site-packages/airflow/example_dags/example_branch_labels.py for tasks to queue
[2023-05-17T13:32:18.241+0000] {logging_mixin.py:149} INFO - [2023-05-17T13:32:18.241+0000] {dagbag.py:541} INFO - Filling up the DagBag from /home/airflow/.local/lib/python3.7/site-packages/airflow/example_dags/example_branch_labels.py
[2023-05-17T13:32:18.257+0000] {processor.py:809} INFO - DAG(s) dict_keys(['example_branch_labels']) retrieved from /home/airflow/.local/lib/python3.7/site-packages/airflow/example_dags/example_branch_labels.py
[2023-05-17T13:32:18.375+0000] {logging_mixin.py:149} INFO - [2023-05-17T13:32:18.375+0000] {dag.py:2726} INFO - Sync 1 DAGs
[2023-05-17T13:32:18.470+0000] {logging_mixin.py:149} INFO - [2023-05-17T13:32:18.469+0000] {dag.py:3490} INFO - Setting next_dagrun for example_branch_labels to 2023-05-16T00:00:00+00:00, run_after=2023-05-17T00:00:00+00:00
[2023-05-17T13:32:18.868+0000] {processor.py:178} INFO - Processing /home/airflow/.local/lib/python3.7/site-packages/airflow/example_dags/example_branch_labels.py took 0.867 seconds
[2023-05-17T13:34:14.683+0000] {processor.py:156} INFO - Started process (PID=147) to work on /home/airflow/.local/lib/python3.7/site-packages/airflow/example_dags/example_branch_labels.py
[2023-05-17T13:34:14.689+0000] {processor.py:799} INFO - Processing file /home/airflow/.local/lib/python3.7/site-packages/airflow/example_dags/example_branch_labels.py for tasks to queue
[2023-05-17T13:34:14.691+0000] {logging_mixin.py:149} INFO - [2023-05-17T13:34:14.691+0000] {dagbag.py:541} INFO - Filling up the DagBag from /home/airflow/.local/lib/python3.7/site-packages/airflow/example_dags/example_branch_labels.py
[2023-05-17T13:34:14.709+0000] {processor.py:809} INFO - DAG(s) dict_keys(['example_branch_labels']) retrieved from /home/airflow/.local/lib/python3.7/site-packages/airflow/example_dags/example_branch_labels.py
[2023-05-17T13:34:14.759+0000] {logging_mixin.py:149} INFO - [2023-05-17T13:34:14.759+0000] {dag.py:2726} INFO - Sync 1 DAGs
[2023-05-17T13:34:14.841+0000] {logging_mixin.py:149} INFO - [2023-05-17T13:34:14.841+0000] {dag.py:3490} INFO - Setting next_dagrun for example_branch_labels to 2023-05-16T00:00:00+00:00, run_after=2023-05-17T00:00:00+00:00
[2023-05-17T13:34:15.715+0000] {processor.py:178} INFO - Processing /home/airflow/.local/lib/python3.7/site-packages/airflow/example_dags/example_branch_labels.py took 1.043 seconds
[2023-05-17T13:36:44.596+0000] {processor.py:156} INFO - Started process (PID=243) to work on /home/airflow/.local/lib/python3.7/site-packages/airflow/example_dags/example_branch_labels.py
[2023-05-17T13:36:44.599+0000] {processor.py:799} INFO - Processing file /home/airflow/.local/lib/python3.7/site-packages/airflow/example_dags/example_branch_labels.py for tasks to queue
[2023-05-17T13:36:44.602+0000] {logging_mixin.py:149} INFO - [2023-05-17T13:36:44.601+0000] {dagbag.py:541} INFO - Filling up the DagBag from /home/airflow/.local/lib/python3.7/site-packages/airflow/example_dags/example_branch_labels.py
[2023-05-17T13:36:44.650+0000] {processor.py:809} INFO - DAG(s) dict_keys(['example_branch_labels']) retrieved from /home/airflow/.local/lib/python3.7/site-packages/airflow/example_dags/example_branch_labels.py
[2023-05-17T13:36:44.724+0000] {logging_mixin.py:149} INFO - [2023-05-17T13:36:44.724+0000] {dag.py:2726} INFO - Sync 1 DAGs
[2023-05-17T13:36:44.805+0000] {logging_mixin.py:149} INFO - [2023-05-17T13:36:44.804+0000] {dag.py:3490} INFO - Setting next_dagrun for example_branch_labels to 2023-05-16T00:00:00+00:00, run_after=2023-05-17T00:00:00+00:00
[2023-05-17T13:36:45.007+0000] {processor.py:178} INFO - Processing /home/airflow/.local/lib/python3.7/site-packages/airflow/example_dags/example_branch_labels.py took 0.419 seconds
[2023-05-17T13:37:26.118+0000] {processor.py:156} INFO - Started process (PID=308) to work on /home/airflow/.local/lib/python3.7/site-packages/airflow/example_dags/example_branch_labels.py
[2023-05-17T13:37:26.121+0000] {processor.py:799} INFO - Processing file /home/airflow/.local/lib/python3.7/site-packages/airflow/example_dags/example_branch_labels.py for tasks to queue
[2023-05-17T13:37:26.122+0000] {logging_mixin.py:149} INFO - [2023-05-17T13:37:26.122+0000] {dagbag.py:541} INFO - Filling up the DagBag from /home/airflow/.local/lib/python3.7/site-packages/airflow/example_dags/example_branch_labels.py
[2023-05-17T13:37:26.138+0000] {processor.py:809} INFO - DAG(s) dict_keys(['example_branch_labels']) retrieved from /home/airflow/.local/lib/python3.7/site-packages/airflow/example_dags/example_branch_labels.py
[2023-05-17T13:37:26.200+0000] {logging_mixin.py:149} INFO - [2023-05-17T13:37:26.200+0000] {dag.py:2726} INFO - Sync 1 DAGs
[2023-05-17T13:37:26.280+0000] {logging_mixin.py:149} INFO - [2023-05-17T13:37:26.280+0000] {dag.py:3490} INFO - Setting next_dagrun for example_branch_labels to 2023-05-16T00:00:00+00:00, run_after=2023-05-17T00:00:00+00:00
[2023-05-17T13:37:26.398+0000] {processor.py:178} INFO - Processing /home/airflow/.local/lib/python3.7/site-packages/airflow/example_dags/example_branch_labels.py took 0.286 seconds
[2023-05-17T13:37:58.933+0000] {processor.py:156} INFO - Started process (PID=366) to work on /home/airflow/.local/lib/python3.7/site-packages/airflow/example_dags/example_branch_labels.py
[2023-05-17T13:37:58.937+0000] {processor.py:799} INFO - Processing file /home/airflow/.local/lib/python3.7/site-packages/airflow/example_dags/example_branch_labels.py for tasks to queue
[2023-05-17T13:37:58.940+0000] {logging_mixin.py:149} INFO - [2023-05-17T13:37:58.939+0000] {dagbag.py:541} INFO - Filling up the DagBag from /home/airflow/.local/lib/python3.7/site-packages/airflow/example_dags/example_branch_labels.py
[2023-05-17T13:37:58.973+0000] {processor.py:809} INFO - DAG(s) dict_keys(['example_branch_labels']) retrieved from /home/airflow/.local/lib/python3.7/site-packages/airflow/example_dags/example_branch_labels.py
[2023-05-17T13:37:59.073+0000] {logging_mixin.py:149} INFO - [2023-05-17T13:37:59.072+0000] {dag.py:2726} INFO - Sync 1 DAGs
[2023-05-17T13:37:59.197+0000] {logging_mixin.py:149} INFO - [2023-05-17T13:37:59.197+0000] {dag.py:3490} INFO - Setting next_dagrun for example_branch_labels to 2023-05-16T00:00:00+00:00, run_after=2023-05-17T00:00:00+00:00
[2023-05-17T13:37:59.376+0000] {processor.py:178} INFO - Processing /home/airflow/.local/lib/python3.7/site-packages/airflow/example_dags/example_branch_labels.py took 0.454 seconds
[2023-05-17T13:38:30.014+0000] {processor.py:156} INFO - Started process (PID=419) to work on /home/airflow/.local/lib/python3.7/site-packages/airflow/example_dags/example_branch_labels.py
[2023-05-17T13:38:30.016+0000] {processor.py:799} INFO - Processing file /home/airflow/.local/lib/python3.7/site-packages/airflow/example_dags/example_branch_labels.py for tasks to queue
[2023-05-17T13:38:30.019+0000] {logging_mixin.py:149} INFO - [2023-05-17T13:38:30.018+0000] {dagbag.py:541} INFO - Filling up the DagBag from /home/airflow/.local/lib/python3.7/site-packages/airflow/example_dags/example_branch_labels.py
[2023-05-17T13:38:30.039+0000] {processor.py:809} INFO - DAG(s) dict_keys(['example_branch_labels']) retrieved from /home/airflow/.local/lib/python3.7/site-packages/airflow/example_dags/example_branch_labels.py
[2023-05-17T13:38:30.095+0000] {logging_mixin.py:149} INFO - [2023-05-17T13:38:30.095+0000] {dag.py:2726} INFO - Sync 1 DAGs
[2023-05-17T13:38:30.173+0000] {logging_mixin.py:149} INFO - [2023-05-17T13:38:30.172+0000] {dag.py:3490} INFO - Setting next_dagrun for example_branch_labels to 2023-05-16T00:00:00+00:00, run_after=2023-05-17T00:00:00+00:00
[2023-05-17T13:38:30.414+0000] {processor.py:178} INFO - Processing /home/airflow/.local/lib/python3.7/site-packages/airflow/example_dags/example_branch_labels.py took 0.405 seconds
[2023-05-17T13:39:00.563+0000] {processor.py:156} INFO - Started process (PID=478) to work on /home/airflow/.local/lib/python3.7/site-packages/airflow/example_dags/example_branch_labels.py
[2023-05-17T13:39:00.566+0000] {processor.py:799} INFO - Processing file /home/airflow/.local/lib/python3.7/site-packages/airflow/example_dags/example_branch_labels.py for tasks to queue
[2023-05-17T13:39:00.568+0000] {logging_mixin.py:149} INFO - [2023-05-17T13:39:00.568+0000] {dagbag.py:541} INFO - Filling up the DagBag from /home/airflow/.local/lib/python3.7/site-packages/airflow/example_dags/example_branch_labels.py
[2023-05-17T13:39:00.590+0000] {processor.py:809} INFO - DAG(s) dict_keys(['example_branch_labels']) retrieved from /home/airflow/.local/lib/python3.7/site-packages/airflow/example_dags/example_branch_labels.py
[2023-05-17T13:39:00.658+0000] {logging_mixin.py:149} INFO - [2023-05-17T13:39:00.658+0000] {dag.py:2726} INFO - Sync 1 DAGs
[2023-05-17T13:39:00.729+0000] {logging_mixin.py:149} INFO - [2023-05-17T13:39:00.729+0000] {dag.py:3490} INFO - Setting next_dagrun for example_branch_labels to 2023-05-16T00:00:00+00:00, run_after=2023-05-17T00:00:00+00:00
[2023-05-17T13:39:00.895+0000] {processor.py:178} INFO - Processing /home/airflow/.local/lib/python3.7/site-packages/airflow/example_dags/example_branch_labels.py took 0.341 seconds
[2023-05-17T13:39:31.932+0000] {processor.py:156} INFO - Started process (PID=537) to work on /home/airflow/.local/lib/python3.7/site-packages/airflow/example_dags/example_branch_labels.py
[2023-05-17T13:39:31.935+0000] {processor.py:799} INFO - Processing file /home/airflow/.local/lib/python3.7/site-packages/airflow/example_dags/example_branch_labels.py for tasks to queue
[2023-05-17T13:39:31.937+0000] {logging_mixin.py:149} INFO - [2023-05-17T13:39:31.937+0000] {dagbag.py:541} INFO - Filling up the DagBag from /home/airflow/.local/lib/python3.7/site-packages/airflow/example_dags/example_branch_labels.py
[2023-05-17T13:39:31.956+0000] {processor.py:809} INFO - DAG(s) dict_keys(['example_branch_labels']) retrieved from /home/airflow/.local/lib/python3.7/site-packages/airflow/example_dags/example_branch_labels.py
[2023-05-17T13:39:32.019+0000] {logging_mixin.py:149} INFO - [2023-05-17T13:39:32.018+0000] {dag.py:2726} INFO - Sync 1 DAGs
[2023-05-17T13:39:32.093+0000] {logging_mixin.py:149} INFO - [2023-05-17T13:39:32.093+0000] {dag.py:3490} INFO - Setting next_dagrun for example_branch_labels to 2023-05-16T00:00:00+00:00, run_after=2023-05-17T00:00:00+00:00
[2023-05-17T13:39:32.421+0000] {processor.py:178} INFO - Processing /home/airflow/.local/lib/python3.7/site-packages/airflow/example_dags/example_branch_labels.py took 0.494 seconds
[2023-05-17T13:40:02.897+0000] {processor.py:156} INFO - Started process (PID=594) to work on /home/airflow/.local/lib/python3.7/site-packages/airflow/example_dags/example_branch_labels.py
[2023-05-17T13:40:02.903+0000] {processor.py:799} INFO - Processing file /home/airflow/.local/lib/python3.7/site-packages/airflow/example_dags/example_branch_labels.py for tasks to queue
[2023-05-17T13:40:02.908+0000] {logging_mixin.py:149} INFO - [2023-05-17T13:40:02.907+0000] {dagbag.py:541} INFO - Filling up the DagBag from /home/airflow/.local/lib/python3.7/site-packages/airflow/example_dags/example_branch_labels.py
[2023-05-17T13:40:02.937+0000] {processor.py:809} INFO - DAG(s) dict_keys(['example_branch_labels']) retrieved from /home/airflow/.local/lib/python3.7/site-packages/airflow/example_dags/example_branch_labels.py
[2023-05-17T13:40:03.003+0000] {logging_mixin.py:149} INFO - [2023-05-17T13:40:03.003+0000] {dag.py:2726} INFO - Sync 1 DAGs
[2023-05-17T13:40:03.094+0000] {logging_mixin.py:149} INFO - [2023-05-17T13:40:03.093+0000] {dag.py:3490} INFO - Setting next_dagrun for example_branch_labels to 2023-05-16T00:00:00+00:00, run_after=2023-05-17T00:00:00+00:00
[2023-05-17T13:40:03.305+0000] {processor.py:178} INFO - Processing /home/airflow/.local/lib/python3.7/site-packages/airflow/example_dags/example_branch_labels.py took 0.428 seconds
