[2023-05-17T13:05:14.044+0000] {processor.py:156} INFO - Started process (PID=140) to work on /home/airflow/.local/lib/python3.7/site-packages/airflow/example_dags/example_skip_dag.py
[2023-05-17T13:05:14.824+0000] {processor.py:799} INFO - Processing file /home/airflow/.local/lib/python3.7/site-packages/airflow/example_dags/example_skip_dag.py for tasks to queue
[2023-05-17T13:05:14.921+0000] {logging_mixin.py:149} INFO - [2023-05-17T13:05:14.920+0000] {dagbag.py:541} INFO - Filling up the DagBag from /home/airflow/.local/lib/python3.7/site-packages/airflow/example_dags/example_skip_dag.py
[2023-05-17T13:05:15.458+0000] {processor.py:809} INFO - DAG(s) dict_keys(['example_skip_dag']) retrieved from /home/airflow/.local/lib/python3.7/site-packages/airflow/example_dags/example_skip_dag.py
[2023-05-17T13:05:22.766+0000] {logging_mixin.py:149} INFO - [2023-05-17T13:05:22.765+0000] {manager.py:504} INFO - Created Permission View: can read on DAG:example_skip_dag
[2023-05-17T13:05:23.547+0000] {logging_mixin.py:149} INFO - [2023-05-17T13:05:23.228+0000] {manager.py:504} INFO - Created Permission View: can edit on DAG:example_skip_dag
[2023-05-17T13:05:24.874+0000] {logging_mixin.py:149} INFO - [2023-05-17T13:05:24.874+0000] {manager.py:504} INFO - Created Permission View: can delete on DAG:example_skip_dag
[2023-05-17T13:05:26.282+0000] {logging_mixin.py:149} INFO - [2023-05-17T13:05:25.297+0000] {dag.py:2726} INFO - Sync 1 DAGs
[2023-05-17T13:05:28.299+0000] {logging_mixin.py:149} INFO - [2023-05-17T13:05:28.298+0000] {dag.py:2747} INFO - Creating ORM DAG for example_skip_dag
[2023-05-17T13:05:28.343+0000] {logging_mixin.py:149} INFO - [2023-05-17T13:05:28.343+0000] {dag.py:3490} INFO - Setting next_dagrun for example_skip_dag to 2023-05-16T13:05:28.342556+00:00, run_after=2023-05-17T13:05:28.342556+00:00
[2023-05-17T13:05:30.184+0000] {processor.py:178} INFO - Processing /home/airflow/.local/lib/python3.7/site-packages/airflow/example_dags/example_skip_dag.py took 16.195 seconds
[2023-05-17T13:09:10.953+0000] {processor.py:156} INFO - Started process (PID=232) to work on /home/airflow/.local/lib/python3.7/site-packages/airflow/example_dags/example_skip_dag.py
[2023-05-17T13:09:10.955+0000] {processor.py:799} INFO - Processing file /home/airflow/.local/lib/python3.7/site-packages/airflow/example_dags/example_skip_dag.py for tasks to queue
[2023-05-17T13:09:10.963+0000] {logging_mixin.py:149} INFO - [2023-05-17T13:09:10.962+0000] {dagbag.py:541} INFO - Filling up the DagBag from /home/airflow/.local/lib/python3.7/site-packages/airflow/example_dags/example_skip_dag.py
[2023-05-17T13:09:11.058+0000] {processor.py:809} INFO - DAG(s) dict_keys(['example_skip_dag']) retrieved from /home/airflow/.local/lib/python3.7/site-packages/airflow/example_dags/example_skip_dag.py
[2023-05-17T13:09:11.118+0000] {logging_mixin.py:149} INFO - [2023-05-17T13:09:11.117+0000] {dag.py:2726} INFO - Sync 1 DAGs
[2023-05-17T13:09:11.185+0000] {logging_mixin.py:149} INFO - [2023-05-17T13:09:11.185+0000] {dag.py:3490} INFO - Setting next_dagrun for example_skip_dag to 2023-05-16T13:09:11.184714+00:00, run_after=2023-05-17T13:09:11.184714+00:00
[2023-05-17T13:09:11.401+0000] {processor.py:178} INFO - Processing /home/airflow/.local/lib/python3.7/site-packages/airflow/example_dags/example_skip_dag.py took 0.453 seconds
[2023-05-17T13:09:42.090+0000] {processor.py:156} INFO - Started process (PID=289) to work on /home/airflow/.local/lib/python3.7/site-packages/airflow/example_dags/example_skip_dag.py
[2023-05-17T13:09:42.092+0000] {processor.py:799} INFO - Processing file /home/airflow/.local/lib/python3.7/site-packages/airflow/example_dags/example_skip_dag.py for tasks to queue
[2023-05-17T13:09:42.098+0000] {logging_mixin.py:149} INFO - [2023-05-17T13:09:42.097+0000] {dagbag.py:541} INFO - Filling up the DagBag from /home/airflow/.local/lib/python3.7/site-packages/airflow/example_dags/example_skip_dag.py
[2023-05-17T13:09:42.123+0000] {processor.py:809} INFO - DAG(s) dict_keys(['example_skip_dag']) retrieved from /home/airflow/.local/lib/python3.7/site-packages/airflow/example_dags/example_skip_dag.py
[2023-05-17T13:09:42.183+0000] {logging_mixin.py:149} INFO - [2023-05-17T13:09:42.182+0000] {dag.py:2726} INFO - Sync 1 DAGs
[2023-05-17T13:09:42.246+0000] {logging_mixin.py:149} INFO - [2023-05-17T13:09:42.246+0000] {dag.py:3490} INFO - Setting next_dagrun for example_skip_dag to 2023-05-16T13:09:42.245381+00:00, run_after=2023-05-17T13:09:42.245381+00:00
[2023-05-17T13:09:42.406+0000] {processor.py:178} INFO - Processing /home/airflow/.local/lib/python3.7/site-packages/airflow/example_dags/example_skip_dag.py took 0.325 seconds
[2023-05-17T13:10:20.209+0000] {processor.py:156} INFO - Started process (PID=343) to work on /home/airflow/.local/lib/python3.7/site-packages/airflow/example_dags/example_skip_dag.py
[2023-05-17T13:10:20.214+0000] {processor.py:799} INFO - Processing file /home/airflow/.local/lib/python3.7/site-packages/airflow/example_dags/example_skip_dag.py for tasks to queue
[2023-05-17T13:10:20.221+0000] {logging_mixin.py:149} INFO - [2023-05-17T13:10:20.219+0000] {dagbag.py:541} INFO - Filling up the DagBag from /home/airflow/.local/lib/python3.7/site-packages/airflow/example_dags/example_skip_dag.py
[2023-05-17T13:10:20.253+0000] {processor.py:809} INFO - DAG(s) dict_keys(['example_skip_dag']) retrieved from /home/airflow/.local/lib/python3.7/site-packages/airflow/example_dags/example_skip_dag.py
[2023-05-17T13:10:20.342+0000] {logging_mixin.py:149} INFO - [2023-05-17T13:10:20.341+0000] {dag.py:2726} INFO - Sync 1 DAGs
[2023-05-17T13:10:20.439+0000] {logging_mixin.py:149} INFO - [2023-05-17T13:10:20.439+0000] {dag.py:3490} INFO - Setting next_dagrun for example_skip_dag to 2023-05-16T13:10:20.438324+00:00, run_after=2023-05-17T13:10:20.438324+00:00
[2023-05-17T13:10:20.663+0000] {processor.py:178} INFO - Processing /home/airflow/.local/lib/python3.7/site-packages/airflow/example_dags/example_skip_dag.py took 0.468 seconds
[2023-05-17T13:10:55.715+0000] {processor.py:156} INFO - Started process (PID=400) to work on /home/airflow/.local/lib/python3.7/site-packages/airflow/example_dags/example_skip_dag.py
[2023-05-17T13:10:55.721+0000] {processor.py:799} INFO - Processing file /home/airflow/.local/lib/python3.7/site-packages/airflow/example_dags/example_skip_dag.py for tasks to queue
[2023-05-17T13:10:55.727+0000] {logging_mixin.py:149} INFO - [2023-05-17T13:10:55.727+0000] {dagbag.py:541} INFO - Filling up the DagBag from /home/airflow/.local/lib/python3.7/site-packages/airflow/example_dags/example_skip_dag.py
[2023-05-17T13:10:55.754+0000] {processor.py:809} INFO - DAG(s) dict_keys(['example_skip_dag']) retrieved from /home/airflow/.local/lib/python3.7/site-packages/airflow/example_dags/example_skip_dag.py
[2023-05-17T13:10:55.861+0000] {logging_mixin.py:149} INFO - [2023-05-17T13:10:55.861+0000] {dag.py:2726} INFO - Sync 1 DAGs
[2023-05-17T13:10:55.961+0000] {logging_mixin.py:149} INFO - [2023-05-17T13:10:55.960+0000] {dag.py:3490} INFO - Setting next_dagrun for example_skip_dag to 2023-05-16T13:10:55.952353+00:00, run_after=2023-05-17T13:10:55.952353+00:00
[2023-05-17T13:10:56.145+0000] {processor.py:178} INFO - Processing /home/airflow/.local/lib/python3.7/site-packages/airflow/example_dags/example_skip_dag.py took 0.446 seconds
[2023-05-17T13:11:26.361+0000] {processor.py:156} INFO - Started process (PID=453) to work on /home/airflow/.local/lib/python3.7/site-packages/airflow/example_dags/example_skip_dag.py
[2023-05-17T13:11:26.364+0000] {processor.py:799} INFO - Processing file /home/airflow/.local/lib/python3.7/site-packages/airflow/example_dags/example_skip_dag.py for tasks to queue
[2023-05-17T13:11:26.369+0000] {logging_mixin.py:149} INFO - [2023-05-17T13:11:26.368+0000] {dagbag.py:541} INFO - Filling up the DagBag from /home/airflow/.local/lib/python3.7/site-packages/airflow/example_dags/example_skip_dag.py
[2023-05-17T13:11:26.398+0000] {processor.py:809} INFO - DAG(s) dict_keys(['example_skip_dag']) retrieved from /home/airflow/.local/lib/python3.7/site-packages/airflow/example_dags/example_skip_dag.py
[2023-05-17T13:11:26.548+0000] {logging_mixin.py:149} INFO - [2023-05-17T13:11:26.548+0000] {dag.py:2726} INFO - Sync 1 DAGs
[2023-05-17T13:11:26.709+0000] {logging_mixin.py:149} INFO - [2023-05-17T13:11:26.709+0000] {dag.py:3490} INFO - Setting next_dagrun for example_skip_dag to 2023-05-16T13:11:26.708530+00:00, run_after=2023-05-17T13:11:26.708530+00:00
[2023-05-17T13:11:27.115+0000] {processor.py:178} INFO - Processing /home/airflow/.local/lib/python3.7/site-packages/airflow/example_dags/example_skip_dag.py took 0.769 seconds
[2023-05-17T13:11:57.722+0000] {processor.py:156} INFO - Started process (PID=511) to work on /home/airflow/.local/lib/python3.7/site-packages/airflow/example_dags/example_skip_dag.py
[2023-05-17T13:11:57.725+0000] {processor.py:799} INFO - Processing file /home/airflow/.local/lib/python3.7/site-packages/airflow/example_dags/example_skip_dag.py for tasks to queue
[2023-05-17T13:11:57.728+0000] {logging_mixin.py:149} INFO - [2023-05-17T13:11:57.727+0000] {dagbag.py:541} INFO - Filling up the DagBag from /home/airflow/.local/lib/python3.7/site-packages/airflow/example_dags/example_skip_dag.py
[2023-05-17T13:11:57.759+0000] {processor.py:809} INFO - DAG(s) dict_keys(['example_skip_dag']) retrieved from /home/airflow/.local/lib/python3.7/site-packages/airflow/example_dags/example_skip_dag.py
[2023-05-17T13:11:57.934+0000] {logging_mixin.py:149} INFO - [2023-05-17T13:11:57.933+0000] {dag.py:2726} INFO - Sync 1 DAGs
[2023-05-17T13:11:58.129+0000] {logging_mixin.py:149} INFO - [2023-05-17T13:11:58.125+0000] {dag.py:3490} INFO - Setting next_dagrun for example_skip_dag to 2023-05-16T13:11:58.124900+00:00, run_after=2023-05-17T13:11:58.124900+00:00
[2023-05-17T13:11:58.447+0000] {processor.py:178} INFO - Processing /home/airflow/.local/lib/python3.7/site-packages/airflow/example_dags/example_skip_dag.py took 0.736 seconds
[2023-05-17T13:12:29.103+0000] {processor.py:156} INFO - Started process (PID=569) to work on /home/airflow/.local/lib/python3.7/site-packages/airflow/example_dags/example_skip_dag.py
[2023-05-17T13:12:29.119+0000] {processor.py:799} INFO - Processing file /home/airflow/.local/lib/python3.7/site-packages/airflow/example_dags/example_skip_dag.py for tasks to queue
[2023-05-17T13:12:29.123+0000] {logging_mixin.py:149} INFO - [2023-05-17T13:12:29.122+0000] {dagbag.py:541} INFO - Filling up the DagBag from /home/airflow/.local/lib/python3.7/site-packages/airflow/example_dags/example_skip_dag.py
[2023-05-17T13:12:29.147+0000] {processor.py:809} INFO - DAG(s) dict_keys(['example_skip_dag']) retrieved from /home/airflow/.local/lib/python3.7/site-packages/airflow/example_dags/example_skip_dag.py
[2023-05-17T13:12:29.250+0000] {logging_mixin.py:149} INFO - [2023-05-17T13:12:29.250+0000] {dag.py:2726} INFO - Sync 1 DAGs
[2023-05-17T13:12:29.347+0000] {logging_mixin.py:149} INFO - [2023-05-17T13:12:29.346+0000] {dag.py:3490} INFO - Setting next_dagrun for example_skip_dag to 2023-05-16T13:12:29.346282+00:00, run_after=2023-05-17T13:12:29.346282+00:00
[2023-05-17T13:12:29.558+0000] {processor.py:178} INFO - Processing /home/airflow/.local/lib/python3.7/site-packages/airflow/example_dags/example_skip_dag.py took 0.471 seconds
[2023-05-17T13:13:28.004+0000] {processor.py:156} INFO - Started process (PID=637) to work on /home/airflow/.local/lib/python3.7/site-packages/airflow/example_dags/example_skip_dag.py
[2023-05-17T13:13:28.007+0000] {processor.py:799} INFO - Processing file /home/airflow/.local/lib/python3.7/site-packages/airflow/example_dags/example_skip_dag.py for tasks to queue
[2023-05-17T13:13:28.011+0000] {logging_mixin.py:149} INFO - [2023-05-17T13:13:28.011+0000] {dagbag.py:541} INFO - Filling up the DagBag from /home/airflow/.local/lib/python3.7/site-packages/airflow/example_dags/example_skip_dag.py
[2023-05-17T13:13:28.035+0000] {processor.py:809} INFO - DAG(s) dict_keys(['example_skip_dag']) retrieved from /home/airflow/.local/lib/python3.7/site-packages/airflow/example_dags/example_skip_dag.py
[2023-05-17T13:13:28.104+0000] {logging_mixin.py:149} INFO - [2023-05-17T13:13:28.104+0000] {dag.py:2726} INFO - Sync 1 DAGs
[2023-05-17T13:13:28.192+0000] {logging_mixin.py:149} INFO - [2023-05-17T13:13:28.191+0000] {dag.py:3490} INFO - Setting next_dagrun for example_skip_dag to 2023-05-16T13:13:28.191414+00:00, run_after=2023-05-17T13:13:28.191414+00:00
[2023-05-17T13:13:28.389+0000] {processor.py:178} INFO - Processing /home/airflow/.local/lib/python3.7/site-packages/airflow/example_dags/example_skip_dag.py took 0.394 seconds
[2023-05-17T13:13:59.475+0000] {processor.py:156} INFO - Started process (PID=696) to work on /home/airflow/.local/lib/python3.7/site-packages/airflow/example_dags/example_skip_dag.py
[2023-05-17T13:13:59.478+0000] {processor.py:799} INFO - Processing file /home/airflow/.local/lib/python3.7/site-packages/airflow/example_dags/example_skip_dag.py for tasks to queue
[2023-05-17T13:13:59.480+0000] {logging_mixin.py:149} INFO - [2023-05-17T13:13:59.480+0000] {dagbag.py:541} INFO - Filling up the DagBag from /home/airflow/.local/lib/python3.7/site-packages/airflow/example_dags/example_skip_dag.py
[2023-05-17T13:13:59.503+0000] {processor.py:809} INFO - DAG(s) dict_keys(['example_skip_dag']) retrieved from /home/airflow/.local/lib/python3.7/site-packages/airflow/example_dags/example_skip_dag.py
[2023-05-17T13:13:59.587+0000] {logging_mixin.py:149} INFO - [2023-05-17T13:13:59.587+0000] {dag.py:2726} INFO - Sync 1 DAGs
[2023-05-17T13:13:59.663+0000] {logging_mixin.py:149} INFO - [2023-05-17T13:13:59.662+0000] {dag.py:3490} INFO - Setting next_dagrun for example_skip_dag to 2023-05-16T13:13:59.662244+00:00, run_after=2023-05-17T13:13:59.662244+00:00
[2023-05-17T13:13:59.851+0000] {processor.py:178} INFO - Processing /home/airflow/.local/lib/python3.7/site-packages/airflow/example_dags/example_skip_dag.py took 0.384 seconds
[2023-05-17T13:15:12.863+0000] {processor.py:156} INFO - Started process (PID=759) to work on /home/airflow/.local/lib/python3.7/site-packages/airflow/example_dags/example_skip_dag.py
[2023-05-17T13:15:12.866+0000] {processor.py:799} INFO - Processing file /home/airflow/.local/lib/python3.7/site-packages/airflow/example_dags/example_skip_dag.py for tasks to queue
[2023-05-17T13:15:12.868+0000] {logging_mixin.py:149} INFO - [2023-05-17T13:15:12.868+0000] {dagbag.py:541} INFO - Filling up the DagBag from /home/airflow/.local/lib/python3.7/site-packages/airflow/example_dags/example_skip_dag.py
[2023-05-17T13:15:12.896+0000] {processor.py:809} INFO - DAG(s) dict_keys(['example_skip_dag']) retrieved from /home/airflow/.local/lib/python3.7/site-packages/airflow/example_dags/example_skip_dag.py
[2023-05-17T13:15:13.437+0000] {logging_mixin.py:149} INFO - [2023-05-17T13:15:13.437+0000] {dag.py:2726} INFO - Sync 1 DAGs
[2023-05-17T13:15:13.577+0000] {logging_mixin.py:149} INFO - [2023-05-17T13:15:13.577+0000] {dag.py:3490} INFO - Setting next_dagrun for example_skip_dag to 2023-05-16T13:15:13.576471+00:00, run_after=2023-05-17T13:15:13.576471+00:00
[2023-05-17T13:15:13.724+0000] {processor.py:178} INFO - Processing /home/airflow/.local/lib/python3.7/site-packages/airflow/example_dags/example_skip_dag.py took 0.874 seconds
[2023-05-17T13:15:44.082+0000] {processor.py:156} INFO - Started process (PID=817) to work on /home/airflow/.local/lib/python3.7/site-packages/airflow/example_dags/example_skip_dag.py
[2023-05-17T13:15:44.085+0000] {processor.py:799} INFO - Processing file /home/airflow/.local/lib/python3.7/site-packages/airflow/example_dags/example_skip_dag.py for tasks to queue
[2023-05-17T13:15:44.087+0000] {logging_mixin.py:149} INFO - [2023-05-17T13:15:44.087+0000] {dagbag.py:541} INFO - Filling up the DagBag from /home/airflow/.local/lib/python3.7/site-packages/airflow/example_dags/example_skip_dag.py
[2023-05-17T13:15:44.106+0000] {processor.py:809} INFO - DAG(s) dict_keys(['example_skip_dag']) retrieved from /home/airflow/.local/lib/python3.7/site-packages/airflow/example_dags/example_skip_dag.py
[2023-05-17T13:15:44.164+0000] {logging_mixin.py:149} INFO - [2023-05-17T13:15:44.163+0000] {dag.py:2726} INFO - Sync 1 DAGs
[2023-05-17T13:15:44.262+0000] {logging_mixin.py:149} INFO - [2023-05-17T13:15:44.261+0000] {dag.py:3490} INFO - Setting next_dagrun for example_skip_dag to 2023-05-16T13:15:44.261134+00:00, run_after=2023-05-17T13:15:44.261134+00:00
[2023-05-17T13:15:44.477+0000] {processor.py:178} INFO - Processing /home/airflow/.local/lib/python3.7/site-packages/airflow/example_dags/example_skip_dag.py took 0.405 seconds
[2023-05-17T13:16:15.587+0000] {processor.py:156} INFO - Started process (PID=875) to work on /home/airflow/.local/lib/python3.7/site-packages/airflow/example_dags/example_skip_dag.py
[2023-05-17T13:16:15.598+0000] {processor.py:799} INFO - Processing file /home/airflow/.local/lib/python3.7/site-packages/airflow/example_dags/example_skip_dag.py for tasks to queue
[2023-05-17T13:16:15.600+0000] {logging_mixin.py:149} INFO - [2023-05-17T13:16:15.599+0000] {dagbag.py:541} INFO - Filling up the DagBag from /home/airflow/.local/lib/python3.7/site-packages/airflow/example_dags/example_skip_dag.py
[2023-05-17T13:16:15.624+0000] {processor.py:809} INFO - DAG(s) dict_keys(['example_skip_dag']) retrieved from /home/airflow/.local/lib/python3.7/site-packages/airflow/example_dags/example_skip_dag.py
[2023-05-17T13:16:15.758+0000] {logging_mixin.py:149} INFO - [2023-05-17T13:16:15.758+0000] {dag.py:2726} INFO - Sync 1 DAGs
[2023-05-17T13:16:15.975+0000] {logging_mixin.py:149} INFO - [2023-05-17T13:16:15.975+0000] {dag.py:3490} INFO - Setting next_dagrun for example_skip_dag to 2023-05-16T13:16:15.974655+00:00, run_after=2023-05-17T13:16:15.974655+00:00
[2023-05-17T13:16:16.160+0000] {processor.py:178} INFO - Processing /home/airflow/.local/lib/python3.7/site-packages/airflow/example_dags/example_skip_dag.py took 0.583 seconds
[2023-05-17T13:16:46.859+0000] {processor.py:156} INFO - Started process (PID=933) to work on /home/airflow/.local/lib/python3.7/site-packages/airflow/example_dags/example_skip_dag.py
[2023-05-17T13:16:46.861+0000] {processor.py:799} INFO - Processing file /home/airflow/.local/lib/python3.7/site-packages/airflow/example_dags/example_skip_dag.py for tasks to queue
[2023-05-17T13:16:46.864+0000] {logging_mixin.py:149} INFO - [2023-05-17T13:16:46.864+0000] {dagbag.py:541} INFO - Filling up the DagBag from /home/airflow/.local/lib/python3.7/site-packages/airflow/example_dags/example_skip_dag.py
[2023-05-17T13:16:46.878+0000] {processor.py:809} INFO - DAG(s) dict_keys(['example_skip_dag']) retrieved from /home/airflow/.local/lib/python3.7/site-packages/airflow/example_dags/example_skip_dag.py
[2023-05-17T13:16:46.938+0000] {logging_mixin.py:149} INFO - [2023-05-17T13:16:46.938+0000] {dag.py:2726} INFO - Sync 1 DAGs
[2023-05-17T13:16:47.001+0000] {logging_mixin.py:149} INFO - [2023-05-17T13:16:47.001+0000] {dag.py:3490} INFO - Setting next_dagrun for example_skip_dag to 2023-05-16T13:16:47.000736+00:00, run_after=2023-05-17T13:16:47.000736+00:00
[2023-05-17T13:16:47.148+0000] {processor.py:178} INFO - Processing /home/airflow/.local/lib/python3.7/site-packages/airflow/example_dags/example_skip_dag.py took 0.295 seconds
[2023-05-17T13:17:22.128+0000] {processor.py:156} INFO - Started process (PID=991) to work on /home/airflow/.local/lib/python3.7/site-packages/airflow/example_dags/example_skip_dag.py
[2023-05-17T13:17:22.130+0000] {processor.py:799} INFO - Processing file /home/airflow/.local/lib/python3.7/site-packages/airflow/example_dags/example_skip_dag.py for tasks to queue
[2023-05-17T13:17:22.132+0000] {logging_mixin.py:149} INFO - [2023-05-17T13:17:22.132+0000] {dagbag.py:541} INFO - Filling up the DagBag from /home/airflow/.local/lib/python3.7/site-packages/airflow/example_dags/example_skip_dag.py
[2023-05-17T13:17:22.154+0000] {processor.py:809} INFO - DAG(s) dict_keys(['example_skip_dag']) retrieved from /home/airflow/.local/lib/python3.7/site-packages/airflow/example_dags/example_skip_dag.py
[2023-05-17T13:17:22.224+0000] {logging_mixin.py:149} INFO - [2023-05-17T13:17:22.224+0000] {dag.py:2726} INFO - Sync 1 DAGs
[2023-05-17T13:17:22.290+0000] {logging_mixin.py:149} INFO - [2023-05-17T13:17:22.287+0000] {dag.py:3490} INFO - Setting next_dagrun for example_skip_dag to 2023-05-16T13:17:22.286494+00:00, run_after=2023-05-17T13:17:22.286494+00:00
[2023-05-17T13:17:22.526+0000] {processor.py:178} INFO - Processing /home/airflow/.local/lib/python3.7/site-packages/airflow/example_dags/example_skip_dag.py took 0.406 seconds
[2023-05-17T13:18:07.913+0000] {processor.py:156} INFO - Started process (PID=1049) to work on /home/airflow/.local/lib/python3.7/site-packages/airflow/example_dags/example_skip_dag.py
[2023-05-17T13:18:07.917+0000] {processor.py:799} INFO - Processing file /home/airflow/.local/lib/python3.7/site-packages/airflow/example_dags/example_skip_dag.py for tasks to queue
[2023-05-17T13:18:07.919+0000] {logging_mixin.py:149} INFO - [2023-05-17T13:18:07.919+0000] {dagbag.py:541} INFO - Filling up the DagBag from /home/airflow/.local/lib/python3.7/site-packages/airflow/example_dags/example_skip_dag.py
[2023-05-17T13:18:07.936+0000] {processor.py:809} INFO - DAG(s) dict_keys(['example_skip_dag']) retrieved from /home/airflow/.local/lib/python3.7/site-packages/airflow/example_dags/example_skip_dag.py
[2023-05-17T13:18:07.989+0000] {logging_mixin.py:149} INFO - [2023-05-17T13:18:07.988+0000] {dag.py:2726} INFO - Sync 1 DAGs
[2023-05-17T13:18:08.045+0000] {logging_mixin.py:149} INFO - [2023-05-17T13:18:08.045+0000] {dag.py:3490} INFO - Setting next_dagrun for example_skip_dag to 2023-05-16T13:18:08.044798+00:00, run_after=2023-05-17T13:18:08.044798+00:00
[2023-05-17T13:18:08.611+0000] {processor.py:178} INFO - Processing /home/airflow/.local/lib/python3.7/site-packages/airflow/example_dags/example_skip_dag.py took 0.705 seconds
[2023-05-17T13:18:50.261+0000] {processor.py:156} INFO - Started process (PID=1106) to work on /home/airflow/.local/lib/python3.7/site-packages/airflow/example_dags/example_skip_dag.py
[2023-05-17T13:18:50.264+0000] {processor.py:799} INFO - Processing file /home/airflow/.local/lib/python3.7/site-packages/airflow/example_dags/example_skip_dag.py for tasks to queue
[2023-05-17T13:18:50.269+0000] {logging_mixin.py:149} INFO - [2023-05-17T13:18:50.268+0000] {dagbag.py:541} INFO - Filling up the DagBag from /home/airflow/.local/lib/python3.7/site-packages/airflow/example_dags/example_skip_dag.py
[2023-05-17T13:18:50.289+0000] {processor.py:809} INFO - DAG(s) dict_keys(['example_skip_dag']) retrieved from /home/airflow/.local/lib/python3.7/site-packages/airflow/example_dags/example_skip_dag.py
[2023-05-17T13:18:50.377+0000] {logging_mixin.py:149} INFO - [2023-05-17T13:18:50.376+0000] {dag.py:2726} INFO - Sync 1 DAGs
[2023-05-17T13:18:50.474+0000] {logging_mixin.py:149} INFO - [2023-05-17T13:18:50.473+0000] {dag.py:3490} INFO - Setting next_dagrun for example_skip_dag to 2023-05-16T13:18:50.472211+00:00, run_after=2023-05-17T13:18:50.472211+00:00
[2023-05-17T13:18:50.825+0000] {processor.py:178} INFO - Processing /home/airflow/.local/lib/python3.7/site-packages/airflow/example_dags/example_skip_dag.py took 0.575 seconds
[2023-05-17T13:19:21.695+0000] {processor.py:156} INFO - Started process (PID=1165) to work on /home/airflow/.local/lib/python3.7/site-packages/airflow/example_dags/example_skip_dag.py
[2023-05-17T13:19:21.699+0000] {processor.py:799} INFO - Processing file /home/airflow/.local/lib/python3.7/site-packages/airflow/example_dags/example_skip_dag.py for tasks to queue
[2023-05-17T13:19:21.702+0000] {logging_mixin.py:149} INFO - [2023-05-17T13:19:21.701+0000] {dagbag.py:541} INFO - Filling up the DagBag from /home/airflow/.local/lib/python3.7/site-packages/airflow/example_dags/example_skip_dag.py
[2023-05-17T13:19:21.724+0000] {processor.py:809} INFO - DAG(s) dict_keys(['example_skip_dag']) retrieved from /home/airflow/.local/lib/python3.7/site-packages/airflow/example_dags/example_skip_dag.py
[2023-05-17T13:19:21.825+0000] {logging_mixin.py:149} INFO - [2023-05-17T13:19:21.825+0000] {dag.py:2726} INFO - Sync 1 DAGs
[2023-05-17T13:19:21.912+0000] {logging_mixin.py:149} INFO - [2023-05-17T13:19:21.911+0000] {dag.py:3490} INFO - Setting next_dagrun for example_skip_dag to 2023-05-16T13:19:21.910775+00:00, run_after=2023-05-17T13:19:21.910775+00:00
[2023-05-17T13:19:22.095+0000] {processor.py:178} INFO - Processing /home/airflow/.local/lib/python3.7/site-packages/airflow/example_dags/example_skip_dag.py took 0.412 seconds
[2023-05-17T13:19:54.968+0000] {processor.py:156} INFO - Started process (PID=1223) to work on /home/airflow/.local/lib/python3.7/site-packages/airflow/example_dags/example_skip_dag.py
[2023-05-17T13:19:54.971+0000] {processor.py:799} INFO - Processing file /home/airflow/.local/lib/python3.7/site-packages/airflow/example_dags/example_skip_dag.py for tasks to queue
[2023-05-17T13:19:54.972+0000] {logging_mixin.py:149} INFO - [2023-05-17T13:19:54.972+0000] {dagbag.py:541} INFO - Filling up the DagBag from /home/airflow/.local/lib/python3.7/site-packages/airflow/example_dags/example_skip_dag.py
[2023-05-17T13:19:54.989+0000] {processor.py:809} INFO - DAG(s) dict_keys(['example_skip_dag']) retrieved from /home/airflow/.local/lib/python3.7/site-packages/airflow/example_dags/example_skip_dag.py
[2023-05-17T13:19:55.045+0000] {logging_mixin.py:149} INFO - [2023-05-17T13:19:55.045+0000] {dag.py:2726} INFO - Sync 1 DAGs
[2023-05-17T13:19:55.100+0000] {logging_mixin.py:149} INFO - [2023-05-17T13:19:55.100+0000] {dag.py:3490} INFO - Setting next_dagrun for example_skip_dag to 2023-05-16T13:19:55.099491+00:00, run_after=2023-05-17T13:19:55.099491+00:00
[2023-05-17T13:19:56.047+0000] {processor.py:178} INFO - Processing /home/airflow/.local/lib/python3.7/site-packages/airflow/example_dags/example_skip_dag.py took 1.086 seconds
[2023-05-17T13:20:26.947+0000] {processor.py:156} INFO - Started process (PID=1284) to work on /home/airflow/.local/lib/python3.7/site-packages/airflow/example_dags/example_skip_dag.py
[2023-05-17T13:20:26.952+0000] {processor.py:799} INFO - Processing file /home/airflow/.local/lib/python3.7/site-packages/airflow/example_dags/example_skip_dag.py for tasks to queue
[2023-05-17T13:20:26.955+0000] {logging_mixin.py:149} INFO - [2023-05-17T13:20:26.954+0000] {dagbag.py:541} INFO - Filling up the DagBag from /home/airflow/.local/lib/python3.7/site-packages/airflow/example_dags/example_skip_dag.py
[2023-05-17T13:20:26.998+0000] {processor.py:809} INFO - DAG(s) dict_keys(['example_skip_dag']) retrieved from /home/airflow/.local/lib/python3.7/site-packages/airflow/example_dags/example_skip_dag.py
[2023-05-17T13:20:27.161+0000] {logging_mixin.py:149} INFO - [2023-05-17T13:20:27.161+0000] {dag.py:2726} INFO - Sync 1 DAGs
[2023-05-17T13:20:27.251+0000] {logging_mixin.py:149} INFO - [2023-05-17T13:20:27.251+0000] {dag.py:3490} INFO - Setting next_dagrun for example_skip_dag to 2023-05-16T13:20:27.250988+00:00, run_after=2023-05-17T13:20:27.250988+00:00
[2023-05-17T13:20:27.439+0000] {processor.py:178} INFO - Processing /home/airflow/.local/lib/python3.7/site-packages/airflow/example_dags/example_skip_dag.py took 0.513 seconds
[2023-05-17T13:20:58.568+0000] {processor.py:156} INFO - Started process (PID=1342) to work on /home/airflow/.local/lib/python3.7/site-packages/airflow/example_dags/example_skip_dag.py
[2023-05-17T13:20:58.572+0000] {processor.py:799} INFO - Processing file /home/airflow/.local/lib/python3.7/site-packages/airflow/example_dags/example_skip_dag.py for tasks to queue
[2023-05-17T13:20:58.575+0000] {logging_mixin.py:149} INFO - [2023-05-17T13:20:58.574+0000] {dagbag.py:541} INFO - Filling up the DagBag from /home/airflow/.local/lib/python3.7/site-packages/airflow/example_dags/example_skip_dag.py
[2023-05-17T13:20:58.605+0000] {processor.py:809} INFO - DAG(s) dict_keys(['example_skip_dag']) retrieved from /home/airflow/.local/lib/python3.7/site-packages/airflow/example_dags/example_skip_dag.py
[2023-05-17T13:20:58.872+0000] {logging_mixin.py:149} INFO - [2023-05-17T13:20:58.872+0000] {dag.py:2726} INFO - Sync 1 DAGs
[2023-05-17T13:20:59.084+0000] {logging_mixin.py:149} INFO - [2023-05-17T13:20:59.084+0000] {dag.py:3490} INFO - Setting next_dagrun for example_skip_dag to 2023-05-16T13:20:59.083700+00:00, run_after=2023-05-17T13:20:59.083700+00:00
[2023-05-17T13:20:59.922+0000] {processor.py:178} INFO - Processing /home/airflow/.local/lib/python3.7/site-packages/airflow/example_dags/example_skip_dag.py took 1.368 seconds
[2023-05-17T13:21:30.315+0000] {processor.py:156} INFO - Started process (PID=1396) to work on /home/airflow/.local/lib/python3.7/site-packages/airflow/example_dags/example_skip_dag.py
[2023-05-17T13:21:30.317+0000] {processor.py:799} INFO - Processing file /home/airflow/.local/lib/python3.7/site-packages/airflow/example_dags/example_skip_dag.py for tasks to queue
[2023-05-17T13:21:30.319+0000] {logging_mixin.py:149} INFO - [2023-05-17T13:21:30.319+0000] {dagbag.py:541} INFO - Filling up the DagBag from /home/airflow/.local/lib/python3.7/site-packages/airflow/example_dags/example_skip_dag.py
[2023-05-17T13:21:30.341+0000] {processor.py:809} INFO - DAG(s) dict_keys(['example_skip_dag']) retrieved from /home/airflow/.local/lib/python3.7/site-packages/airflow/example_dags/example_skip_dag.py
[2023-05-17T13:21:30.399+0000] {logging_mixin.py:149} INFO - [2023-05-17T13:21:30.399+0000] {dag.py:2726} INFO - Sync 1 DAGs
[2023-05-17T13:21:30.469+0000] {logging_mixin.py:149} INFO - [2023-05-17T13:21:30.468+0000] {dag.py:3490} INFO - Setting next_dagrun for example_skip_dag to 2023-05-16T13:21:30.468430+00:00, run_after=2023-05-17T13:21:30.468430+00:00
[2023-05-17T13:21:31.633+0000] {processor.py:178} INFO - Processing /home/airflow/.local/lib/python3.7/site-packages/airflow/example_dags/example_skip_dag.py took 1.324 seconds
[2023-05-17T13:22:05.542+0000] {processor.py:156} INFO - Started process (PID=1456) to work on /home/airflow/.local/lib/python3.7/site-packages/airflow/example_dags/example_skip_dag.py
[2023-05-17T13:22:05.552+0000] {processor.py:799} INFO - Processing file /home/airflow/.local/lib/python3.7/site-packages/airflow/example_dags/example_skip_dag.py for tasks to queue
[2023-05-17T13:22:05.555+0000] {logging_mixin.py:149} INFO - [2023-05-17T13:22:05.554+0000] {dagbag.py:541} INFO - Filling up the DagBag from /home/airflow/.local/lib/python3.7/site-packages/airflow/example_dags/example_skip_dag.py
[2023-05-17T13:22:05.883+0000] {processor.py:809} INFO - DAG(s) dict_keys(['example_skip_dag']) retrieved from /home/airflow/.local/lib/python3.7/site-packages/airflow/example_dags/example_skip_dag.py
[2023-05-17T13:22:06.107+0000] {logging_mixin.py:149} INFO - [2023-05-17T13:22:06.107+0000] {dag.py:2726} INFO - Sync 1 DAGs
[2023-05-17T13:22:06.228+0000] {logging_mixin.py:149} INFO - [2023-05-17T13:22:06.228+0000] {dag.py:3490} INFO - Setting next_dagrun for example_skip_dag to 2023-05-16T13:22:06.227594+00:00, run_after=2023-05-17T13:22:06.227594+00:00
[2023-05-17T13:22:06.419+0000] {processor.py:178} INFO - Processing /home/airflow/.local/lib/python3.7/site-packages/airflow/example_dags/example_skip_dag.py took 0.893 seconds
[2023-05-17T13:23:03.767+0000] {processor.py:156} INFO - Started process (PID=1514) to work on /home/airflow/.local/lib/python3.7/site-packages/airflow/example_dags/example_skip_dag.py
[2023-05-17T13:23:03.769+0000] {processor.py:799} INFO - Processing file /home/airflow/.local/lib/python3.7/site-packages/airflow/example_dags/example_skip_dag.py for tasks to queue
[2023-05-17T13:23:03.772+0000] {logging_mixin.py:149} INFO - [2023-05-17T13:23:03.771+0000] {dagbag.py:541} INFO - Filling up the DagBag from /home/airflow/.local/lib/python3.7/site-packages/airflow/example_dags/example_skip_dag.py
[2023-05-17T13:23:03.795+0000] {processor.py:809} INFO - DAG(s) dict_keys(['example_skip_dag']) retrieved from /home/airflow/.local/lib/python3.7/site-packages/airflow/example_dags/example_skip_dag.py
[2023-05-17T13:23:03.898+0000] {logging_mixin.py:149} INFO - [2023-05-17T13:23:03.898+0000] {dag.py:2726} INFO - Sync 1 DAGs
[2023-05-17T13:23:03.993+0000] {logging_mixin.py:149} INFO - [2023-05-17T13:23:03.993+0000] {dag.py:3490} INFO - Setting next_dagrun for example_skip_dag to 2023-05-16T13:23:03.992207+00:00, run_after=2023-05-17T13:23:03.992207+00:00
[2023-05-17T13:23:04.950+0000] {processor.py:178} INFO - Processing /home/airflow/.local/lib/python3.7/site-packages/airflow/example_dags/example_skip_dag.py took 1.192 seconds
[2023-05-17T13:23:35.583+0000] {processor.py:156} INFO - Started process (PID=1571) to work on /home/airflow/.local/lib/python3.7/site-packages/airflow/example_dags/example_skip_dag.py
[2023-05-17T13:23:35.590+0000] {processor.py:799} INFO - Processing file /home/airflow/.local/lib/python3.7/site-packages/airflow/example_dags/example_skip_dag.py for tasks to queue
[2023-05-17T13:23:35.594+0000] {logging_mixin.py:149} INFO - [2023-05-17T13:23:35.593+0000] {dagbag.py:541} INFO - Filling up the DagBag from /home/airflow/.local/lib/python3.7/site-packages/airflow/example_dags/example_skip_dag.py
[2023-05-17T13:23:35.628+0000] {processor.py:809} INFO - DAG(s) dict_keys(['example_skip_dag']) retrieved from /home/airflow/.local/lib/python3.7/site-packages/airflow/example_dags/example_skip_dag.py
[2023-05-17T13:23:35.716+0000] {logging_mixin.py:149} INFO - [2023-05-17T13:23:35.715+0000] {dag.py:2726} INFO - Sync 1 DAGs
[2023-05-17T13:23:35.857+0000] {logging_mixin.py:149} INFO - [2023-05-17T13:23:35.857+0000] {dag.py:3490} INFO - Setting next_dagrun for example_skip_dag to 2023-05-16T13:23:35.852784+00:00, run_after=2023-05-17T13:23:35.852784+00:00
[2023-05-17T13:23:36.100+0000] {processor.py:178} INFO - Processing /home/airflow/.local/lib/python3.7/site-packages/airflow/example_dags/example_skip_dag.py took 0.529 seconds
[2023-05-17T13:24:06.709+0000] {processor.py:156} INFO - Started process (PID=1630) to work on /home/airflow/.local/lib/python3.7/site-packages/airflow/example_dags/example_skip_dag.py
[2023-05-17T13:24:06.768+0000] {processor.py:799} INFO - Processing file /home/airflow/.local/lib/python3.7/site-packages/airflow/example_dags/example_skip_dag.py for tasks to queue
[2023-05-17T13:24:06.770+0000] {logging_mixin.py:149} INFO - [2023-05-17T13:24:06.770+0000] {dagbag.py:541} INFO - Filling up the DagBag from /home/airflow/.local/lib/python3.7/site-packages/airflow/example_dags/example_skip_dag.py
[2023-05-17T13:24:06.821+0000] {processor.py:809} INFO - DAG(s) dict_keys(['example_skip_dag']) retrieved from /home/airflow/.local/lib/python3.7/site-packages/airflow/example_dags/example_skip_dag.py
[2023-05-17T13:24:07.059+0000] {logging_mixin.py:149} INFO - [2023-05-17T13:24:07.059+0000] {dag.py:2726} INFO - Sync 1 DAGs
[2023-05-17T13:24:07.257+0000] {logging_mixin.py:149} INFO - [2023-05-17T13:24:07.257+0000] {dag.py:3490} INFO - Setting next_dagrun for example_skip_dag to 2023-05-16T13:24:07.249843+00:00, run_after=2023-05-17T13:24:07.249843+00:00
[2023-05-17T13:24:07.483+0000] {processor.py:178} INFO - Processing /home/airflow/.local/lib/python3.7/site-packages/airflow/example_dags/example_skip_dag.py took 0.787 seconds
[2023-05-17T13:24:42.305+0000] {processor.py:156} INFO - Started process (PID=1689) to work on /home/airflow/.local/lib/python3.7/site-packages/airflow/example_dags/example_skip_dag.py
[2023-05-17T13:24:42.309+0000] {processor.py:799} INFO - Processing file /home/airflow/.local/lib/python3.7/site-packages/airflow/example_dags/example_skip_dag.py for tasks to queue
[2023-05-17T13:24:42.312+0000] {logging_mixin.py:149} INFO - [2023-05-17T13:24:42.312+0000] {dagbag.py:541} INFO - Filling up the DagBag from /home/airflow/.local/lib/python3.7/site-packages/airflow/example_dags/example_skip_dag.py
[2023-05-17T13:24:42.332+0000] {processor.py:809} INFO - DAG(s) dict_keys(['example_skip_dag']) retrieved from /home/airflow/.local/lib/python3.7/site-packages/airflow/example_dags/example_skip_dag.py
[2023-05-17T13:24:42.387+0000] {logging_mixin.py:149} INFO - [2023-05-17T13:24:42.387+0000] {dag.py:2726} INFO - Sync 1 DAGs
[2023-05-17T13:24:42.453+0000] {logging_mixin.py:149} INFO - [2023-05-17T13:24:42.453+0000] {dag.py:3490} INFO - Setting next_dagrun for example_skip_dag to 2023-05-16T13:24:42.452597+00:00, run_after=2023-05-17T13:24:42.452597+00:00
[2023-05-17T13:24:43.353+0000] {processor.py:178} INFO - Processing /home/airflow/.local/lib/python3.7/site-packages/airflow/example_dags/example_skip_dag.py took 1.054 seconds
[2023-05-17T13:25:13.772+0000] {processor.py:156} INFO - Started process (PID=1747) to work on /home/airflow/.local/lib/python3.7/site-packages/airflow/example_dags/example_skip_dag.py
[2023-05-17T13:25:13.776+0000] {processor.py:799} INFO - Processing file /home/airflow/.local/lib/python3.7/site-packages/airflow/example_dags/example_skip_dag.py for tasks to queue
[2023-05-17T13:25:13.781+0000] {logging_mixin.py:149} INFO - [2023-05-17T13:25:13.780+0000] {dagbag.py:541} INFO - Filling up the DagBag from /home/airflow/.local/lib/python3.7/site-packages/airflow/example_dags/example_skip_dag.py
[2023-05-17T13:25:13.806+0000] {processor.py:809} INFO - DAG(s) dict_keys(['example_skip_dag']) retrieved from /home/airflow/.local/lib/python3.7/site-packages/airflow/example_dags/example_skip_dag.py
[2023-05-17T13:25:13.910+0000] {logging_mixin.py:149} INFO - [2023-05-17T13:25:13.905+0000] {dag.py:2726} INFO - Sync 1 DAGs
[2023-05-17T13:25:14.011+0000] {logging_mixin.py:149} INFO - [2023-05-17T13:25:14.011+0000] {dag.py:3490} INFO - Setting next_dagrun for example_skip_dag to 2023-05-16T13:25:14.010520+00:00, run_after=2023-05-17T13:25:14.010520+00:00
[2023-05-17T13:25:14.171+0000] {processor.py:178} INFO - Processing /home/airflow/.local/lib/python3.7/site-packages/airflow/example_dags/example_skip_dag.py took 0.408 seconds
[2023-05-17T13:25:44.622+0000] {processor.py:156} INFO - Started process (PID=1805) to work on /home/airflow/.local/lib/python3.7/site-packages/airflow/example_dags/example_skip_dag.py
[2023-05-17T13:25:44.624+0000] {processor.py:799} INFO - Processing file /home/airflow/.local/lib/python3.7/site-packages/airflow/example_dags/example_skip_dag.py for tasks to queue
[2023-05-17T13:25:44.627+0000] {logging_mixin.py:149} INFO - [2023-05-17T13:25:44.626+0000] {dagbag.py:541} INFO - Filling up the DagBag from /home/airflow/.local/lib/python3.7/site-packages/airflow/example_dags/example_skip_dag.py
[2023-05-17T13:25:44.645+0000] {processor.py:809} INFO - DAG(s) dict_keys(['example_skip_dag']) retrieved from /home/airflow/.local/lib/python3.7/site-packages/airflow/example_dags/example_skip_dag.py
[2023-05-17T13:25:44.700+0000] {logging_mixin.py:149} INFO - [2023-05-17T13:25:44.699+0000] {dag.py:2726} INFO - Sync 1 DAGs
[2023-05-17T13:25:44.768+0000] {logging_mixin.py:149} INFO - [2023-05-17T13:25:44.768+0000] {dag.py:3490} INFO - Setting next_dagrun for example_skip_dag to 2023-05-16T13:25:44.767806+00:00, run_after=2023-05-17T13:25:44.767806+00:00
[2023-05-17T13:25:45.928+0000] {processor.py:178} INFO - Processing /home/airflow/.local/lib/python3.7/site-packages/airflow/example_dags/example_skip_dag.py took 1.312 seconds
[2023-05-17T13:26:21.545+0000] {processor.py:156} INFO - Started process (PID=1858) to work on /home/airflow/.local/lib/python3.7/site-packages/airflow/example_dags/example_skip_dag.py
[2023-05-17T13:26:21.548+0000] {processor.py:799} INFO - Processing file /home/airflow/.local/lib/python3.7/site-packages/airflow/example_dags/example_skip_dag.py for tasks to queue
[2023-05-17T13:26:21.550+0000] {logging_mixin.py:149} INFO - [2023-05-17T13:26:21.550+0000] {dagbag.py:541} INFO - Filling up the DagBag from /home/airflow/.local/lib/python3.7/site-packages/airflow/example_dags/example_skip_dag.py
[2023-05-17T13:26:21.573+0000] {processor.py:809} INFO - DAG(s) dict_keys(['example_skip_dag']) retrieved from /home/airflow/.local/lib/python3.7/site-packages/airflow/example_dags/example_skip_dag.py
[2023-05-17T13:26:21.644+0000] {logging_mixin.py:149} INFO - [2023-05-17T13:26:21.643+0000] {dag.py:2726} INFO - Sync 1 DAGs
[2023-05-17T13:26:21.733+0000] {logging_mixin.py:149} INFO - [2023-05-17T13:26:21.733+0000] {dag.py:3490} INFO - Setting next_dagrun for example_skip_dag to 2023-05-16T13:26:21.732561+00:00, run_after=2023-05-17T13:26:21.732561+00:00
[2023-05-17T13:26:22.951+0000] {processor.py:178} INFO - Processing /home/airflow/.local/lib/python3.7/site-packages/airflow/example_dags/example_skip_dag.py took 1.418 seconds
[2023-05-17T13:26:53.366+0000] {processor.py:156} INFO - Started process (PID=1911) to work on /home/airflow/.local/lib/python3.7/site-packages/airflow/example_dags/example_skip_dag.py
[2023-05-17T13:26:53.373+0000] {processor.py:799} INFO - Processing file /home/airflow/.local/lib/python3.7/site-packages/airflow/example_dags/example_skip_dag.py for tasks to queue
[2023-05-17T13:26:53.382+0000] {logging_mixin.py:149} INFO - [2023-05-17T13:26:53.382+0000] {dagbag.py:541} INFO - Filling up the DagBag from /home/airflow/.local/lib/python3.7/site-packages/airflow/example_dags/example_skip_dag.py
[2023-05-17T13:26:53.435+0000] {processor.py:809} INFO - DAG(s) dict_keys(['example_skip_dag']) retrieved from /home/airflow/.local/lib/python3.7/site-packages/airflow/example_dags/example_skip_dag.py
[2023-05-17T13:26:53.811+0000] {logging_mixin.py:149} INFO - [2023-05-17T13:26:53.811+0000] {dag.py:2726} INFO - Sync 1 DAGs
[2023-05-17T13:26:54.179+0000] {logging_mixin.py:149} INFO - [2023-05-17T13:26:54.179+0000] {dag.py:3490} INFO - Setting next_dagrun for example_skip_dag to 2023-05-16T13:26:54.177780+00:00, run_after=2023-05-17T13:26:54.177780+00:00
[2023-05-17T13:26:54.506+0000] {processor.py:178} INFO - Processing /home/airflow/.local/lib/python3.7/site-packages/airflow/example_dags/example_skip_dag.py took 1.159 seconds
[2023-05-17T13:32:15.056+0000] {processor.py:156} INFO - Started process (PID=78) to work on /home/airflow/.local/lib/python3.7/site-packages/airflow/example_dags/example_skip_dag.py
[2023-05-17T13:32:15.063+0000] {processor.py:799} INFO - Processing file /home/airflow/.local/lib/python3.7/site-packages/airflow/example_dags/example_skip_dag.py for tasks to queue
[2023-05-17T13:32:15.066+0000] {logging_mixin.py:149} INFO - [2023-05-17T13:32:15.066+0000] {dagbag.py:541} INFO - Filling up the DagBag from /home/airflow/.local/lib/python3.7/site-packages/airflow/example_dags/example_skip_dag.py
[2023-05-17T13:32:15.105+0000] {processor.py:809} INFO - DAG(s) dict_keys(['example_skip_dag']) retrieved from /home/airflow/.local/lib/python3.7/site-packages/airflow/example_dags/example_skip_dag.py
[2023-05-17T13:32:15.187+0000] {logging_mixin.py:149} INFO - [2023-05-17T13:32:15.187+0000] {dag.py:2726} INFO - Sync 1 DAGs
[2023-05-17T13:32:15.297+0000] {logging_mixin.py:149} INFO - [2023-05-17T13:32:15.292+0000] {dag.py:3490} INFO - Setting next_dagrun for example_skip_dag to 2023-05-16T13:32:15.292427+00:00, run_after=2023-05-17T13:32:15.292427+00:00
[2023-05-17T13:32:15.553+0000] {processor.py:178} INFO - Processing /home/airflow/.local/lib/python3.7/site-packages/airflow/example_dags/example_skip_dag.py took 0.512 seconds
[2023-05-17T13:34:06.311+0000] {processor.py:156} INFO - Started process (PID=141) to work on /home/airflow/.local/lib/python3.7/site-packages/airflow/example_dags/example_skip_dag.py
[2023-05-17T13:34:06.313+0000] {processor.py:799} INFO - Processing file /home/airflow/.local/lib/python3.7/site-packages/airflow/example_dags/example_skip_dag.py for tasks to queue
[2023-05-17T13:34:06.316+0000] {logging_mixin.py:149} INFO - [2023-05-17T13:34:06.316+0000] {dagbag.py:541} INFO - Filling up the DagBag from /home/airflow/.local/lib/python3.7/site-packages/airflow/example_dags/example_skip_dag.py
[2023-05-17T13:34:06.341+0000] {processor.py:809} INFO - DAG(s) dict_keys(['example_skip_dag']) retrieved from /home/airflow/.local/lib/python3.7/site-packages/airflow/example_dags/example_skip_dag.py
[2023-05-17T13:34:06.401+0000] {logging_mixin.py:149} INFO - [2023-05-17T13:34:06.401+0000] {dag.py:2726} INFO - Sync 1 DAGs
[2023-05-17T13:34:06.495+0000] {logging_mixin.py:149} INFO - [2023-05-17T13:34:06.493+0000] {dag.py:3490} INFO - Setting next_dagrun for example_skip_dag to 2023-05-16T13:34:06.492870+00:00, run_after=2023-05-17T13:34:06.492870+00:00
[2023-05-17T13:34:07.229+0000] {processor.py:178} INFO - Processing /home/airflow/.local/lib/python3.7/site-packages/airflow/example_dags/example_skip_dag.py took 0.925 seconds
[2023-05-17T13:36:41.739+0000] {processor.py:156} INFO - Started process (PID=237) to work on /home/airflow/.local/lib/python3.7/site-packages/airflow/example_dags/example_skip_dag.py
[2023-05-17T13:36:41.741+0000] {processor.py:799} INFO - Processing file /home/airflow/.local/lib/python3.7/site-packages/airflow/example_dags/example_skip_dag.py for tasks to queue
[2023-05-17T13:36:41.744+0000] {logging_mixin.py:149} INFO - [2023-05-17T13:36:41.744+0000] {dagbag.py:541} INFO - Filling up the DagBag from /home/airflow/.local/lib/python3.7/site-packages/airflow/example_dags/example_skip_dag.py
[2023-05-17T13:36:41.762+0000] {processor.py:809} INFO - DAG(s) dict_keys(['example_skip_dag']) retrieved from /home/airflow/.local/lib/python3.7/site-packages/airflow/example_dags/example_skip_dag.py
[2023-05-17T13:36:41.833+0000] {logging_mixin.py:149} INFO - [2023-05-17T13:36:41.833+0000] {dag.py:2726} INFO - Sync 1 DAGs
[2023-05-17T13:36:41.911+0000] {logging_mixin.py:149} INFO - [2023-05-17T13:36:41.911+0000] {dag.py:3490} INFO - Setting next_dagrun for example_skip_dag to 2023-05-16T13:36:41.910912+00:00, run_after=2023-05-17T13:36:41.910912+00:00
[2023-05-17T13:36:42.082+0000] {processor.py:178} INFO - Processing /home/airflow/.local/lib/python3.7/site-packages/airflow/example_dags/example_skip_dag.py took 0.352 seconds
[2023-05-17T13:37:24.093+0000] {processor.py:156} INFO - Started process (PID=301) to work on /home/airflow/.local/lib/python3.7/site-packages/airflow/example_dags/example_skip_dag.py
[2023-05-17T13:37:24.095+0000] {processor.py:799} INFO - Processing file /home/airflow/.local/lib/python3.7/site-packages/airflow/example_dags/example_skip_dag.py for tasks to queue
[2023-05-17T13:37:24.097+0000] {logging_mixin.py:149} INFO - [2023-05-17T13:37:24.096+0000] {dagbag.py:541} INFO - Filling up the DagBag from /home/airflow/.local/lib/python3.7/site-packages/airflow/example_dags/example_skip_dag.py
[2023-05-17T13:37:24.112+0000] {processor.py:809} INFO - DAG(s) dict_keys(['example_skip_dag']) retrieved from /home/airflow/.local/lib/python3.7/site-packages/airflow/example_dags/example_skip_dag.py
[2023-05-17T13:37:24.160+0000] {logging_mixin.py:149} INFO - [2023-05-17T13:37:24.159+0000] {dag.py:2726} INFO - Sync 1 DAGs
[2023-05-17T13:37:24.213+0000] {logging_mixin.py:149} INFO - [2023-05-17T13:37:24.213+0000] {dag.py:3490} INFO - Setting next_dagrun for example_skip_dag to 2023-05-16T13:37:24.212445+00:00, run_after=2023-05-17T13:37:24.212445+00:00
[2023-05-17T13:37:24.414+0000] {processor.py:178} INFO - Processing /home/airflow/.local/lib/python3.7/site-packages/airflow/example_dags/example_skip_dag.py took 0.328 seconds
[2023-05-17T13:37:54.888+0000] {processor.py:156} INFO - Started process (PID=354) to work on /home/airflow/.local/lib/python3.7/site-packages/airflow/example_dags/example_skip_dag.py
[2023-05-17T13:37:54.898+0000] {processor.py:799} INFO - Processing file /home/airflow/.local/lib/python3.7/site-packages/airflow/example_dags/example_skip_dag.py for tasks to queue
[2023-05-17T13:37:54.902+0000] {logging_mixin.py:149} INFO - [2023-05-17T13:37:54.901+0000] {dagbag.py:541} INFO - Filling up the DagBag from /home/airflow/.local/lib/python3.7/site-packages/airflow/example_dags/example_skip_dag.py
[2023-05-17T13:37:54.954+0000] {processor.py:809} INFO - DAG(s) dict_keys(['example_skip_dag']) retrieved from /home/airflow/.local/lib/python3.7/site-packages/airflow/example_dags/example_skip_dag.py
[2023-05-17T13:37:55.054+0000] {logging_mixin.py:149} INFO - [2023-05-17T13:37:55.053+0000] {dag.py:2726} INFO - Sync 1 DAGs
[2023-05-17T13:37:55.190+0000] {logging_mixin.py:149} INFO - [2023-05-17T13:37:55.189+0000] {dag.py:3490} INFO - Setting next_dagrun for example_skip_dag to 2023-05-16T13:37:55.189131+00:00, run_after=2023-05-17T13:37:55.189131+00:00
[2023-05-17T13:37:55.331+0000] {processor.py:178} INFO - Processing /home/airflow/.local/lib/python3.7/site-packages/airflow/example_dags/example_skip_dag.py took 0.456 seconds
[2023-05-17T13:38:25.695+0000] {processor.py:156} INFO - Started process (PID=412) to work on /home/airflow/.local/lib/python3.7/site-packages/airflow/example_dags/example_skip_dag.py
[2023-05-17T13:38:25.701+0000] {processor.py:799} INFO - Processing file /home/airflow/.local/lib/python3.7/site-packages/airflow/example_dags/example_skip_dag.py for tasks to queue
[2023-05-17T13:38:25.712+0000] {logging_mixin.py:149} INFO - [2023-05-17T13:38:25.712+0000] {dagbag.py:541} INFO - Filling up the DagBag from /home/airflow/.local/lib/python3.7/site-packages/airflow/example_dags/example_skip_dag.py
[2023-05-17T13:38:25.765+0000] {processor.py:809} INFO - DAG(s) dict_keys(['example_skip_dag']) retrieved from /home/airflow/.local/lib/python3.7/site-packages/airflow/example_dags/example_skip_dag.py
[2023-05-17T13:38:25.911+0000] {logging_mixin.py:149} INFO - [2023-05-17T13:38:25.910+0000] {dag.py:2726} INFO - Sync 1 DAGs
[2023-05-17T13:38:26.118+0000] {logging_mixin.py:149} INFO - [2023-05-17T13:38:26.116+0000] {dag.py:3490} INFO - Setting next_dagrun for example_skip_dag to 2023-05-16T13:38:26.112625+00:00, run_after=2023-05-17T13:38:26.112625+00:00
[2023-05-17T13:38:26.399+0000] {processor.py:178} INFO - Processing /home/airflow/.local/lib/python3.7/site-packages/airflow/example_dags/example_skip_dag.py took 0.713 seconds
[2023-05-17T13:38:57.357+0000] {processor.py:156} INFO - Started process (PID=472) to work on /home/airflow/.local/lib/python3.7/site-packages/airflow/example_dags/example_skip_dag.py
[2023-05-17T13:38:57.362+0000] {processor.py:799} INFO - Processing file /home/airflow/.local/lib/python3.7/site-packages/airflow/example_dags/example_skip_dag.py for tasks to queue
[2023-05-17T13:38:57.364+0000] {logging_mixin.py:149} INFO - [2023-05-17T13:38:57.364+0000] {dagbag.py:541} INFO - Filling up the DagBag from /home/airflow/.local/lib/python3.7/site-packages/airflow/example_dags/example_skip_dag.py
[2023-05-17T13:38:57.379+0000] {processor.py:809} INFO - DAG(s) dict_keys(['example_skip_dag']) retrieved from /home/airflow/.local/lib/python3.7/site-packages/airflow/example_dags/example_skip_dag.py
[2023-05-17T13:38:57.446+0000] {logging_mixin.py:149} INFO - [2023-05-17T13:38:57.445+0000] {dag.py:2726} INFO - Sync 1 DAGs
[2023-05-17T13:38:57.521+0000] {logging_mixin.py:149} INFO - [2023-05-17T13:38:57.521+0000] {dag.py:3490} INFO - Setting next_dagrun for example_skip_dag to 2023-05-16T13:38:57.520751+00:00, run_after=2023-05-17T13:38:57.520751+00:00
[2023-05-17T13:38:57.718+0000] {processor.py:178} INFO - Processing /home/airflow/.local/lib/python3.7/site-packages/airflow/example_dags/example_skip_dag.py took 0.369 seconds
[2023-05-17T13:39:28.260+0000] {processor.py:156} INFO - Started process (PID=531) to work on /home/airflow/.local/lib/python3.7/site-packages/airflow/example_dags/example_skip_dag.py
[2023-05-17T13:39:28.262+0000] {processor.py:799} INFO - Processing file /home/airflow/.local/lib/python3.7/site-packages/airflow/example_dags/example_skip_dag.py for tasks to queue
[2023-05-17T13:39:28.264+0000] {logging_mixin.py:149} INFO - [2023-05-17T13:39:28.264+0000] {dagbag.py:541} INFO - Filling up the DagBag from /home/airflow/.local/lib/python3.7/site-packages/airflow/example_dags/example_skip_dag.py
[2023-05-17T13:39:28.281+0000] {processor.py:809} INFO - DAG(s) dict_keys(['example_skip_dag']) retrieved from /home/airflow/.local/lib/python3.7/site-packages/airflow/example_dags/example_skip_dag.py
[2023-05-17T13:39:28.337+0000] {logging_mixin.py:149} INFO - [2023-05-17T13:39:28.337+0000] {dag.py:2726} INFO - Sync 1 DAGs
[2023-05-17T13:39:28.405+0000] {logging_mixin.py:149} INFO - [2023-05-17T13:39:28.405+0000] {dag.py:3490} INFO - Setting next_dagrun for example_skip_dag to 2023-05-16T13:39:28.404099+00:00, run_after=2023-05-17T13:39:28.404099+00:00
[2023-05-17T13:39:28.746+0000] {processor.py:178} INFO - Processing /home/airflow/.local/lib/python3.7/site-packages/airflow/example_dags/example_skip_dag.py took 0.496 seconds
[2023-05-17T13:39:59.190+0000] {processor.py:156} INFO - Started process (PID=589) to work on /home/airflow/.local/lib/python3.7/site-packages/airflow/example_dags/example_skip_dag.py
[2023-05-17T13:39:59.193+0000] {processor.py:799} INFO - Processing file /home/airflow/.local/lib/python3.7/site-packages/airflow/example_dags/example_skip_dag.py for tasks to queue
[2023-05-17T13:39:59.195+0000] {logging_mixin.py:149} INFO - [2023-05-17T13:39:59.195+0000] {dagbag.py:541} INFO - Filling up the DagBag from /home/airflow/.local/lib/python3.7/site-packages/airflow/example_dags/example_skip_dag.py
[2023-05-17T13:39:59.218+0000] {processor.py:809} INFO - DAG(s) dict_keys(['example_skip_dag']) retrieved from /home/airflow/.local/lib/python3.7/site-packages/airflow/example_dags/example_skip_dag.py
[2023-05-17T13:39:59.301+0000] {logging_mixin.py:149} INFO - [2023-05-17T13:39:59.300+0000] {dag.py:2726} INFO - Sync 1 DAGs
[2023-05-17T13:39:59.415+0000] {logging_mixin.py:149} INFO - [2023-05-17T13:39:59.414+0000] {dag.py:3490} INFO - Setting next_dagrun for example_skip_dag to 2023-05-16T13:39:59.414212+00:00, run_after=2023-05-17T13:39:59.414212+00:00
[2023-05-17T13:39:59.596+0000] {processor.py:178} INFO - Processing /home/airflow/.local/lib/python3.7/site-packages/airflow/example_dags/example_skip_dag.py took 0.415 seconds
