[2023-05-17T13:04:52.396+0000] {processor.py:156} INFO - Started process (PID=124) to work on /home/airflow/.local/lib/python3.7/site-packages/airflow/example_dags/example_sla_dag.py
[2023-05-17T13:04:52.398+0000] {processor.py:799} INFO - Processing file /home/airflow/.local/lib/python3.7/site-packages/airflow/example_dags/example_sla_dag.py for tasks to queue
[2023-05-17T13:04:52.400+0000] {logging_mixin.py:149} INFO - [2023-05-17T13:04:52.400+0000] {dagbag.py:541} INFO - Filling up the DagBag from /home/airflow/.local/lib/python3.7/site-packages/airflow/example_dags/example_sla_dag.py
[2023-05-17T13:04:52.521+0000] {processor.py:809} INFO - DAG(s) dict_keys(['example_sla_dag']) retrieved from /home/airflow/.local/lib/python3.7/site-packages/airflow/example_dags/example_sla_dag.py
[2023-05-17T13:04:56.670+0000] {logging_mixin.py:149} INFO - [2023-05-17T13:04:56.669+0000] {manager.py:504} INFO - Created Permission View: can read on DAG:example_sla_dag
[2023-05-17T13:04:57.841+0000] {logging_mixin.py:149} INFO - [2023-05-17T13:04:57.839+0000] {manager.py:504} INFO - Created Permission View: can edit on DAG:example_sla_dag
[2023-05-17T13:04:58.546+0000] {logging_mixin.py:149} INFO - [2023-05-17T13:04:58.545+0000] {manager.py:504} INFO - Created Permission View: can delete on DAG:example_sla_dag
[2023-05-17T13:04:58.547+0000] {logging_mixin.py:149} INFO - [2023-05-17T13:04:58.547+0000] {dag.py:2726} INFO - Sync 1 DAGs
[2023-05-17T13:04:58.611+0000] {logging_mixin.py:149} INFO - [2023-05-17T13:04:58.610+0000] {dag.py:2747} INFO - Creating ORM DAG for example_sla_dag
[2023-05-17T13:04:58.674+0000] {logging_mixin.py:149} INFO - [2023-05-17T13:04:58.673+0000] {dag.py:3490} INFO - Setting next_dagrun for example_sla_dag to 2023-05-17T13:02:00+00:00, run_after=2023-05-17T13:04:00+00:00
[2023-05-17T13:05:00.065+0000] {processor.py:178} INFO - Processing /home/airflow/.local/lib/python3.7/site-packages/airflow/example_dags/example_sla_dag.py took 7.675 seconds
[2023-05-17T13:09:06.116+0000] {processor.py:156} INFO - Started process (PID=223) to work on /home/airflow/.local/lib/python3.7/site-packages/airflow/example_dags/example_sla_dag.py
[2023-05-17T13:09:06.119+0000] {processor.py:799} INFO - Processing file /home/airflow/.local/lib/python3.7/site-packages/airflow/example_dags/example_sla_dag.py for tasks to queue
[2023-05-17T13:09:06.122+0000] {logging_mixin.py:149} INFO - [2023-05-17T13:09:06.122+0000] {dagbag.py:541} INFO - Filling up the DagBag from /home/airflow/.local/lib/python3.7/site-packages/airflow/example_dags/example_sla_dag.py
[2023-05-17T13:09:06.141+0000] {processor.py:809} INFO - DAG(s) dict_keys(['example_sla_dag']) retrieved from /home/airflow/.local/lib/python3.7/site-packages/airflow/example_dags/example_sla_dag.py
[2023-05-17T13:09:06.212+0000] {logging_mixin.py:149} INFO - [2023-05-17T13:09:06.211+0000] {dag.py:2726} INFO - Sync 1 DAGs
[2023-05-17T13:09:06.312+0000] {logging_mixin.py:149} INFO - [2023-05-17T13:09:06.311+0000] {dag.py:3490} INFO - Setting next_dagrun for example_sla_dag to 2023-05-17T13:06:00+00:00, run_after=2023-05-17T13:08:00+00:00
[2023-05-17T13:09:06.809+0000] {processor.py:178} INFO - Processing /home/airflow/.local/lib/python3.7/site-packages/airflow/example_dags/example_sla_dag.py took 0.700 seconds
[2023-05-17T13:09:36.980+0000] {processor.py:156} INFO - Started process (PID=277) to work on /home/airflow/.local/lib/python3.7/site-packages/airflow/example_dags/example_sla_dag.py
[2023-05-17T13:09:36.983+0000] {processor.py:799} INFO - Processing file /home/airflow/.local/lib/python3.7/site-packages/airflow/example_dags/example_sla_dag.py for tasks to queue
[2023-05-17T13:09:36.986+0000] {logging_mixin.py:149} INFO - [2023-05-17T13:09:36.985+0000] {dagbag.py:541} INFO - Filling up the DagBag from /home/airflow/.local/lib/python3.7/site-packages/airflow/example_dags/example_sla_dag.py
[2023-05-17T13:09:37.005+0000] {processor.py:809} INFO - DAG(s) dict_keys(['example_sla_dag']) retrieved from /home/airflow/.local/lib/python3.7/site-packages/airflow/example_dags/example_sla_dag.py
[2023-05-17T13:09:37.060+0000] {logging_mixin.py:149} INFO - [2023-05-17T13:09:37.060+0000] {dag.py:2726} INFO - Sync 1 DAGs
[2023-05-17T13:09:37.165+0000] {logging_mixin.py:149} INFO - [2023-05-17T13:09:37.165+0000] {dag.py:3490} INFO - Setting next_dagrun for example_sla_dag to 2023-05-17T13:06:00+00:00, run_after=2023-05-17T13:08:00+00:00
[2023-05-17T13:09:37.338+0000] {processor.py:178} INFO - Processing /home/airflow/.local/lib/python3.7/site-packages/airflow/example_dags/example_sla_dag.py took 0.364 seconds
[2023-05-17T13:10:15.217+0000] {processor.py:156} INFO - Started process (PID=335) to work on /home/airflow/.local/lib/python3.7/site-packages/airflow/example_dags/example_sla_dag.py
[2023-05-17T13:10:15.228+0000] {processor.py:799} INFO - Processing file /home/airflow/.local/lib/python3.7/site-packages/airflow/example_dags/example_sla_dag.py for tasks to queue
[2023-05-17T13:10:15.235+0000] {logging_mixin.py:149} INFO - [2023-05-17T13:10:15.234+0000] {dagbag.py:541} INFO - Filling up the DagBag from /home/airflow/.local/lib/python3.7/site-packages/airflow/example_dags/example_sla_dag.py
[2023-05-17T13:10:15.281+0000] {processor.py:809} INFO - DAG(s) dict_keys(['example_sla_dag']) retrieved from /home/airflow/.local/lib/python3.7/site-packages/airflow/example_dags/example_sla_dag.py
[2023-05-17T13:10:15.382+0000] {logging_mixin.py:149} INFO - [2023-05-17T13:10:15.382+0000] {dag.py:2726} INFO - Sync 1 DAGs
[2023-05-17T13:10:15.566+0000] {logging_mixin.py:149} INFO - [2023-05-17T13:10:15.566+0000] {dag.py:3490} INFO - Setting next_dagrun for example_sla_dag to 2023-05-17T13:08:00+00:00, run_after=2023-05-17T13:10:00+00:00
[2023-05-17T13:10:15.929+0000] {processor.py:178} INFO - Processing /home/airflow/.local/lib/python3.7/site-packages/airflow/example_dags/example_sla_dag.py took 0.729 seconds
[2023-05-17T13:10:47.006+0000] {processor.py:156} INFO - Started process (PID=392) to work on /home/airflow/.local/lib/python3.7/site-packages/airflow/example_dags/example_sla_dag.py
[2023-05-17T13:10:47.008+0000] {processor.py:799} INFO - Processing file /home/airflow/.local/lib/python3.7/site-packages/airflow/example_dags/example_sla_dag.py for tasks to queue
[2023-05-17T13:10:47.011+0000] {logging_mixin.py:149} INFO - [2023-05-17T13:10:47.010+0000] {dagbag.py:541} INFO - Filling up the DagBag from /home/airflow/.local/lib/python3.7/site-packages/airflow/example_dags/example_sla_dag.py
[2023-05-17T13:10:47.034+0000] {processor.py:809} INFO - DAG(s) dict_keys(['example_sla_dag']) retrieved from /home/airflow/.local/lib/python3.7/site-packages/airflow/example_dags/example_sla_dag.py
[2023-05-17T13:10:47.108+0000] {logging_mixin.py:149} INFO - [2023-05-17T13:10:47.107+0000] {dag.py:2726} INFO - Sync 1 DAGs
[2023-05-17T13:10:47.227+0000] {logging_mixin.py:149} INFO - [2023-05-17T13:10:47.227+0000] {dag.py:3490} INFO - Setting next_dagrun for example_sla_dag to 2023-05-17T13:08:00+00:00, run_after=2023-05-17T13:10:00+00:00
[2023-05-17T13:10:47.441+0000] {processor.py:178} INFO - Processing /home/airflow/.local/lib/python3.7/site-packages/airflow/example_dags/example_sla_dag.py took 0.446 seconds
[2023-05-17T13:11:18.385+0000] {processor.py:156} INFO - Started process (PID=445) to work on /home/airflow/.local/lib/python3.7/site-packages/airflow/example_dags/example_sla_dag.py
[2023-05-17T13:11:18.387+0000] {processor.py:799} INFO - Processing file /home/airflow/.local/lib/python3.7/site-packages/airflow/example_dags/example_sla_dag.py for tasks to queue
[2023-05-17T13:11:18.389+0000] {logging_mixin.py:149} INFO - [2023-05-17T13:11:18.388+0000] {dagbag.py:541} INFO - Filling up the DagBag from /home/airflow/.local/lib/python3.7/site-packages/airflow/example_dags/example_sla_dag.py
[2023-05-17T13:11:18.408+0000] {processor.py:809} INFO - DAG(s) dict_keys(['example_sla_dag']) retrieved from /home/airflow/.local/lib/python3.7/site-packages/airflow/example_dags/example_sla_dag.py
[2023-05-17T13:11:18.467+0000] {logging_mixin.py:149} INFO - [2023-05-17T13:11:18.466+0000] {dag.py:2726} INFO - Sync 1 DAGs
[2023-05-17T13:11:18.540+0000] {logging_mixin.py:149} INFO - [2023-05-17T13:11:18.540+0000] {dag.py:3490} INFO - Setting next_dagrun for example_sla_dag to 2023-05-17T13:08:00+00:00, run_after=2023-05-17T13:10:00+00:00
[2023-05-17T13:11:19.284+0000] {processor.py:178} INFO - Processing /home/airflow/.local/lib/python3.7/site-packages/airflow/example_dags/example_sla_dag.py took 0.906 seconds
[2023-05-17T13:11:51.374+0000] {processor.py:156} INFO - Started process (PID=503) to work on /home/airflow/.local/lib/python3.7/site-packages/airflow/example_dags/example_sla_dag.py
[2023-05-17T13:11:51.378+0000] {processor.py:799} INFO - Processing file /home/airflow/.local/lib/python3.7/site-packages/airflow/example_dags/example_sla_dag.py for tasks to queue
[2023-05-17T13:11:51.380+0000] {logging_mixin.py:149} INFO - [2023-05-17T13:11:51.380+0000] {dagbag.py:541} INFO - Filling up the DagBag from /home/airflow/.local/lib/python3.7/site-packages/airflow/example_dags/example_sla_dag.py
[2023-05-17T13:11:51.399+0000] {processor.py:809} INFO - DAG(s) dict_keys(['example_sla_dag']) retrieved from /home/airflow/.local/lib/python3.7/site-packages/airflow/example_dags/example_sla_dag.py
[2023-05-17T13:11:51.465+0000] {logging_mixin.py:149} INFO - [2023-05-17T13:11:51.465+0000] {dag.py:2726} INFO - Sync 1 DAGs
[2023-05-17T13:11:51.584+0000] {logging_mixin.py:149} INFO - [2023-05-17T13:11:51.583+0000] {dag.py:3490} INFO - Setting next_dagrun for example_sla_dag to 2023-05-17T13:08:00+00:00, run_after=2023-05-17T13:10:00+00:00
[2023-05-17T13:11:51.886+0000] {processor.py:178} INFO - Processing /home/airflow/.local/lib/python3.7/site-packages/airflow/example_dags/example_sla_dag.py took 0.520 seconds
[2023-05-17T13:12:22.055+0000] {processor.py:156} INFO - Started process (PID=561) to work on /home/airflow/.local/lib/python3.7/site-packages/airflow/example_dags/example_sla_dag.py
[2023-05-17T13:12:22.058+0000] {processor.py:799} INFO - Processing file /home/airflow/.local/lib/python3.7/site-packages/airflow/example_dags/example_sla_dag.py for tasks to queue
[2023-05-17T13:12:22.060+0000] {logging_mixin.py:149} INFO - [2023-05-17T13:12:22.060+0000] {dagbag.py:541} INFO - Filling up the DagBag from /home/airflow/.local/lib/python3.7/site-packages/airflow/example_dags/example_sla_dag.py
[2023-05-17T13:12:22.094+0000] {processor.py:809} INFO - DAG(s) dict_keys(['example_sla_dag']) retrieved from /home/airflow/.local/lib/python3.7/site-packages/airflow/example_dags/example_sla_dag.py
[2023-05-17T13:12:22.156+0000] {logging_mixin.py:149} INFO - [2023-05-17T13:12:22.155+0000] {dag.py:2726} INFO - Sync 1 DAGs
[2023-05-17T13:12:22.296+0000] {logging_mixin.py:149} INFO - [2023-05-17T13:12:22.296+0000] {dag.py:3490} INFO - Setting next_dagrun for example_sla_dag to 2023-05-17T13:10:00+00:00, run_after=2023-05-17T13:12:00+00:00
[2023-05-17T13:12:22.410+0000] {processor.py:178} INFO - Processing /home/airflow/.local/lib/python3.7/site-packages/airflow/example_dags/example_sla_dag.py took 0.369 seconds
[2023-05-17T13:13:11.656+0000] {processor.py:156} INFO - Started process (PID=605) to work on /home/airflow/.local/lib/python3.7/site-packages/airflow/example_dags/example_sla_dag.py
[2023-05-17T13:13:11.658+0000] {processor.py:799} INFO - Processing file /home/airflow/.local/lib/python3.7/site-packages/airflow/example_dags/example_sla_dag.py for tasks to queue
[2023-05-17T13:13:11.661+0000] {logging_mixin.py:149} INFO - [2023-05-17T13:13:11.660+0000] {dagbag.py:541} INFO - Filling up the DagBag from /home/airflow/.local/lib/python3.7/site-packages/airflow/example_dags/example_sla_dag.py
[2023-05-17T13:13:11.677+0000] {processor.py:809} INFO - DAG(s) dict_keys(['example_sla_dag']) retrieved from /home/airflow/.local/lib/python3.7/site-packages/airflow/example_dags/example_sla_dag.py
[2023-05-17T13:13:11.726+0000] {logging_mixin.py:149} INFO - [2023-05-17T13:13:11.725+0000] {dag.py:2726} INFO - Sync 1 DAGs
[2023-05-17T13:13:11.784+0000] {logging_mixin.py:149} INFO - [2023-05-17T13:13:11.784+0000] {dag.py:3490} INFO - Setting next_dagrun for example_sla_dag to 2023-05-17T13:10:00+00:00, run_after=2023-05-17T13:12:00+00:00
[2023-05-17T13:13:11.976+0000] {processor.py:178} INFO - Processing /home/airflow/.local/lib/python3.7/site-packages/airflow/example_dags/example_sla_dag.py took 0.327 seconds
[2023-05-17T13:13:43.677+0000] {processor.py:156} INFO - Started process (PID=664) to work on /home/airflow/.local/lib/python3.7/site-packages/airflow/example_dags/example_sla_dag.py
[2023-05-17T13:13:43.681+0000] {processor.py:799} INFO - Processing file /home/airflow/.local/lib/python3.7/site-packages/airflow/example_dags/example_sla_dag.py for tasks to queue
[2023-05-17T13:13:43.699+0000] {logging_mixin.py:149} INFO - [2023-05-17T13:13:43.698+0000] {dagbag.py:541} INFO - Filling up the DagBag from /home/airflow/.local/lib/python3.7/site-packages/airflow/example_dags/example_sla_dag.py
[2023-05-17T13:13:44.018+0000] {processor.py:809} INFO - DAG(s) dict_keys(['example_sla_dag']) retrieved from /home/airflow/.local/lib/python3.7/site-packages/airflow/example_dags/example_sla_dag.py
[2023-05-17T13:13:44.165+0000] {logging_mixin.py:149} INFO - [2023-05-17T13:13:44.165+0000] {dag.py:2726} INFO - Sync 1 DAGs
[2023-05-17T13:13:44.298+0000] {logging_mixin.py:149} INFO - [2023-05-17T13:13:44.298+0000] {dag.py:3490} INFO - Setting next_dagrun for example_sla_dag to 2023-05-17T13:10:00+00:00, run_after=2023-05-17T13:12:00+00:00
[2023-05-17T13:13:44.932+0000] {processor.py:178} INFO - Processing /home/airflow/.local/lib/python3.7/site-packages/airflow/example_dags/example_sla_dag.py took 1.268 seconds
[2023-05-17T13:14:15.126+0000] {processor.py:156} INFO - Started process (PID=721) to work on /home/airflow/.local/lib/python3.7/site-packages/airflow/example_dags/example_sla_dag.py
[2023-05-17T13:14:15.130+0000] {processor.py:799} INFO - Processing file /home/airflow/.local/lib/python3.7/site-packages/airflow/example_dags/example_sla_dag.py for tasks to queue
[2023-05-17T13:14:15.134+0000] {logging_mixin.py:149} INFO - [2023-05-17T13:14:15.134+0000] {dagbag.py:541} INFO - Filling up the DagBag from /home/airflow/.local/lib/python3.7/site-packages/airflow/example_dags/example_sla_dag.py
[2023-05-17T13:14:15.212+0000] {processor.py:809} INFO - DAG(s) dict_keys(['example_sla_dag']) retrieved from /home/airflow/.local/lib/python3.7/site-packages/airflow/example_dags/example_sla_dag.py
[2023-05-17T13:14:15.502+0000] {logging_mixin.py:149} INFO - [2023-05-17T13:14:15.502+0000] {dag.py:2726} INFO - Sync 1 DAGs
[2023-05-17T13:14:16.044+0000] {logging_mixin.py:149} INFO - [2023-05-17T13:14:16.044+0000] {dag.py:3490} INFO - Setting next_dagrun for example_sla_dag to 2023-05-17T13:12:00+00:00, run_after=2023-05-17T13:14:00+00:00
[2023-05-17T13:14:16.177+0000] {processor.py:178} INFO - Processing /home/airflow/.local/lib/python3.7/site-packages/airflow/example_dags/example_sla_dag.py took 1.062 seconds
[2023-05-17T13:15:09.831+0000] {processor.py:156} INFO - Started process (PID=751) to work on /home/airflow/.local/lib/python3.7/site-packages/airflow/example_dags/example_sla_dag.py
[2023-05-17T13:15:09.834+0000] {processor.py:799} INFO - Processing file /home/airflow/.local/lib/python3.7/site-packages/airflow/example_dags/example_sla_dag.py for tasks to queue
[2023-05-17T13:15:09.837+0000] {logging_mixin.py:149} INFO - [2023-05-17T13:15:09.836+0000] {dagbag.py:541} INFO - Filling up the DagBag from /home/airflow/.local/lib/python3.7/site-packages/airflow/example_dags/example_sla_dag.py
[2023-05-17T13:15:09.861+0000] {processor.py:809} INFO - DAG(s) dict_keys(['example_sla_dag']) retrieved from /home/airflow/.local/lib/python3.7/site-packages/airflow/example_dags/example_sla_dag.py
[2023-05-17T13:15:09.920+0000] {logging_mixin.py:149} INFO - [2023-05-17T13:15:09.920+0000] {dag.py:2726} INFO - Sync 1 DAGs
[2023-05-17T13:15:09.991+0000] {logging_mixin.py:149} INFO - [2023-05-17T13:15:09.990+0000] {dag.py:3490} INFO - Setting next_dagrun for example_sla_dag to 2023-05-17T13:12:00+00:00, run_after=2023-05-17T13:14:00+00:00
[2023-05-17T13:15:10.386+0000] {processor.py:178} INFO - Processing /home/airflow/.local/lib/python3.7/site-packages/airflow/example_dags/example_sla_dag.py took 0.564 seconds
[2023-05-17T13:15:41.327+0000] {processor.py:156} INFO - Started process (PID=810) to work on /home/airflow/.local/lib/python3.7/site-packages/airflow/example_dags/example_sla_dag.py
[2023-05-17T13:15:41.329+0000] {processor.py:799} INFO - Processing file /home/airflow/.local/lib/python3.7/site-packages/airflow/example_dags/example_sla_dag.py for tasks to queue
[2023-05-17T13:15:41.331+0000] {logging_mixin.py:149} INFO - [2023-05-17T13:15:41.331+0000] {dagbag.py:541} INFO - Filling up the DagBag from /home/airflow/.local/lib/python3.7/site-packages/airflow/example_dags/example_sla_dag.py
[2023-05-17T13:15:41.359+0000] {processor.py:809} INFO - DAG(s) dict_keys(['example_sla_dag']) retrieved from /home/airflow/.local/lib/python3.7/site-packages/airflow/example_dags/example_sla_dag.py
[2023-05-17T13:15:41.444+0000] {logging_mixin.py:149} INFO - [2023-05-17T13:15:41.442+0000] {dag.py:2726} INFO - Sync 1 DAGs
[2023-05-17T13:15:41.583+0000] {logging_mixin.py:149} INFO - [2023-05-17T13:15:41.582+0000] {dag.py:3490} INFO - Setting next_dagrun for example_sla_dag to 2023-05-17T13:12:00+00:00, run_after=2023-05-17T13:14:00+00:00
[2023-05-17T13:15:41.736+0000] {processor.py:178} INFO - Processing /home/airflow/.local/lib/python3.7/site-packages/airflow/example_dags/example_sla_dag.py took 0.419 seconds
[2023-05-17T13:16:12.555+0000] {processor.py:156} INFO - Started process (PID=868) to work on /home/airflow/.local/lib/python3.7/site-packages/airflow/example_dags/example_sla_dag.py
[2023-05-17T13:16:12.558+0000] {processor.py:799} INFO - Processing file /home/airflow/.local/lib/python3.7/site-packages/airflow/example_dags/example_sla_dag.py for tasks to queue
[2023-05-17T13:16:12.562+0000] {logging_mixin.py:149} INFO - [2023-05-17T13:16:12.561+0000] {dagbag.py:541} INFO - Filling up the DagBag from /home/airflow/.local/lib/python3.7/site-packages/airflow/example_dags/example_sla_dag.py
[2023-05-17T13:16:12.978+0000] {processor.py:809} INFO - DAG(s) dict_keys(['example_sla_dag']) retrieved from /home/airflow/.local/lib/python3.7/site-packages/airflow/example_dags/example_sla_dag.py
[2023-05-17T13:16:13.196+0000] {logging_mixin.py:149} INFO - [2023-05-17T13:16:13.195+0000] {dag.py:2726} INFO - Sync 1 DAGs
[2023-05-17T13:16:13.323+0000] {logging_mixin.py:149} INFO - [2023-05-17T13:16:13.321+0000] {dag.py:3490} INFO - Setting next_dagrun for example_sla_dag to 2023-05-17T13:14:00+00:00, run_after=2023-05-17T13:16:00+00:00
[2023-05-17T13:16:13.620+0000] {processor.py:178} INFO - Processing /home/airflow/.local/lib/python3.7/site-packages/airflow/example_dags/example_sla_dag.py took 1.073 seconds
[2023-05-17T13:16:44.114+0000] {processor.py:156} INFO - Started process (PID=925) to work on /home/airflow/.local/lib/python3.7/site-packages/airflow/example_dags/example_sla_dag.py
[2023-05-17T13:16:44.117+0000] {processor.py:799} INFO - Processing file /home/airflow/.local/lib/python3.7/site-packages/airflow/example_dags/example_sla_dag.py for tasks to queue
[2023-05-17T13:16:44.120+0000] {logging_mixin.py:149} INFO - [2023-05-17T13:16:44.119+0000] {dagbag.py:541} INFO - Filling up the DagBag from /home/airflow/.local/lib/python3.7/site-packages/airflow/example_dags/example_sla_dag.py
[2023-05-17T13:16:44.139+0000] {processor.py:809} INFO - DAG(s) dict_keys(['example_sla_dag']) retrieved from /home/airflow/.local/lib/python3.7/site-packages/airflow/example_dags/example_sla_dag.py
[2023-05-17T13:16:44.190+0000] {logging_mixin.py:149} INFO - [2023-05-17T13:16:44.189+0000] {dag.py:2726} INFO - Sync 1 DAGs
[2023-05-17T13:16:44.256+0000] {logging_mixin.py:149} INFO - [2023-05-17T13:16:44.256+0000] {dag.py:3490} INFO - Setting next_dagrun for example_sla_dag to 2023-05-17T13:14:00+00:00, run_after=2023-05-17T13:16:00+00:00
[2023-05-17T13:16:44.389+0000] {processor.py:178} INFO - Processing /home/airflow/.local/lib/python3.7/site-packages/airflow/example_dags/example_sla_dag.py took 0.282 seconds
[2023-05-17T13:17:19.011+0000] {processor.py:156} INFO - Started process (PID=979) to work on /home/airflow/.local/lib/python3.7/site-packages/airflow/example_dags/example_sla_dag.py
[2023-05-17T13:17:19.014+0000] {processor.py:799} INFO - Processing file /home/airflow/.local/lib/python3.7/site-packages/airflow/example_dags/example_sla_dag.py for tasks to queue
[2023-05-17T13:17:19.019+0000] {logging_mixin.py:149} INFO - [2023-05-17T13:17:19.018+0000] {dagbag.py:541} INFO - Filling up the DagBag from /home/airflow/.local/lib/python3.7/site-packages/airflow/example_dags/example_sla_dag.py
[2023-05-17T13:17:19.048+0000] {processor.py:809} INFO - DAG(s) dict_keys(['example_sla_dag']) retrieved from /home/airflow/.local/lib/python3.7/site-packages/airflow/example_dags/example_sla_dag.py
[2023-05-17T13:17:19.142+0000] {logging_mixin.py:149} INFO - [2023-05-17T13:17:19.141+0000] {dag.py:2726} INFO - Sync 1 DAGs
[2023-05-17T13:17:19.252+0000] {logging_mixin.py:149} INFO - [2023-05-17T13:17:19.251+0000] {dag.py:3490} INFO - Setting next_dagrun for example_sla_dag to 2023-05-17T13:14:00+00:00, run_after=2023-05-17T13:16:00+00:00
[2023-05-17T13:17:19.570+0000] {processor.py:178} INFO - Processing /home/airflow/.local/lib/python3.7/site-packages/airflow/example_dags/example_sla_dag.py took 0.569 seconds
[2023-05-17T13:17:59.862+0000] {processor.py:156} INFO - Started process (PID=1040) to work on /home/airflow/.local/lib/python3.7/site-packages/airflow/example_dags/example_sla_dag.py
[2023-05-17T13:17:59.864+0000] {processor.py:799} INFO - Processing file /home/airflow/.local/lib/python3.7/site-packages/airflow/example_dags/example_sla_dag.py for tasks to queue
[2023-05-17T13:17:59.866+0000] {logging_mixin.py:149} INFO - [2023-05-17T13:17:59.866+0000] {dagbag.py:541} INFO - Filling up the DagBag from /home/airflow/.local/lib/python3.7/site-packages/airflow/example_dags/example_sla_dag.py
[2023-05-17T13:17:59.885+0000] {processor.py:809} INFO - DAG(s) dict_keys(['example_sla_dag']) retrieved from /home/airflow/.local/lib/python3.7/site-packages/airflow/example_dags/example_sla_dag.py
[2023-05-17T13:17:59.946+0000] {logging_mixin.py:149} INFO - [2023-05-17T13:17:59.945+0000] {dag.py:2726} INFO - Sync 1 DAGs
[2023-05-17T13:18:00.061+0000] {logging_mixin.py:149} INFO - [2023-05-17T13:18:00.061+0000] {dag.py:3490} INFO - Setting next_dagrun for example_sla_dag to 2023-05-17T13:16:00+00:00, run_after=2023-05-17T13:18:00+00:00
[2023-05-17T13:18:01.078+0000] {processor.py:178} INFO - Processing /home/airflow/.local/lib/python3.7/site-packages/airflow/example_dags/example_sla_dag.py took 1.223 seconds
[2023-05-17T13:18:45.957+0000] {processor.py:156} INFO - Started process (PID=1097) to work on /home/airflow/.local/lib/python3.7/site-packages/airflow/example_dags/example_sla_dag.py
[2023-05-17T13:18:45.960+0000] {processor.py:799} INFO - Processing file /home/airflow/.local/lib/python3.7/site-packages/airflow/example_dags/example_sla_dag.py for tasks to queue
[2023-05-17T13:18:45.962+0000] {logging_mixin.py:149} INFO - [2023-05-17T13:18:45.962+0000] {dagbag.py:541} INFO - Filling up the DagBag from /home/airflow/.local/lib/python3.7/site-packages/airflow/example_dags/example_sla_dag.py
[2023-05-17T13:18:45.979+0000] {processor.py:809} INFO - DAG(s) dict_keys(['example_sla_dag']) retrieved from /home/airflow/.local/lib/python3.7/site-packages/airflow/example_dags/example_sla_dag.py
[2023-05-17T13:18:46.030+0000] {logging_mixin.py:149} INFO - [2023-05-17T13:18:46.030+0000] {dag.py:2726} INFO - Sync 1 DAGs
[2023-05-17T13:18:46.121+0000] {logging_mixin.py:149} INFO - [2023-05-17T13:18:46.118+0000] {dag.py:3490} INFO - Setting next_dagrun for example_sla_dag to 2023-05-17T13:16:00+00:00, run_after=2023-05-17T13:18:00+00:00
[2023-05-17T13:18:46.565+0000] {processor.py:178} INFO - Processing /home/airflow/.local/lib/python3.7/site-packages/airflow/example_dags/example_sla_dag.py took 0.615 seconds
[2023-05-17T13:19:16.802+0000] {processor.py:156} INFO - Started process (PID=1152) to work on /home/airflow/.local/lib/python3.7/site-packages/airflow/example_dags/example_sla_dag.py
[2023-05-17T13:19:16.804+0000] {processor.py:799} INFO - Processing file /home/airflow/.local/lib/python3.7/site-packages/airflow/example_dags/example_sla_dag.py for tasks to queue
[2023-05-17T13:19:16.807+0000] {logging_mixin.py:149} INFO - [2023-05-17T13:19:16.807+0000] {dagbag.py:541} INFO - Filling up the DagBag from /home/airflow/.local/lib/python3.7/site-packages/airflow/example_dags/example_sla_dag.py
[2023-05-17T13:19:16.830+0000] {processor.py:809} INFO - DAG(s) dict_keys(['example_sla_dag']) retrieved from /home/airflow/.local/lib/python3.7/site-packages/airflow/example_dags/example_sla_dag.py
[2023-05-17T13:19:16.905+0000] {logging_mixin.py:149} INFO - [2023-05-17T13:19:16.905+0000] {dag.py:2726} INFO - Sync 1 DAGs
[2023-05-17T13:19:16.988+0000] {logging_mixin.py:149} INFO - [2023-05-17T13:19:16.988+0000] {dag.py:3490} INFO - Setting next_dagrun for example_sla_dag to 2023-05-17T13:16:00+00:00, run_after=2023-05-17T13:18:00+00:00
[2023-05-17T13:19:17.218+0000] {processor.py:178} INFO - Processing /home/airflow/.local/lib/python3.7/site-packages/airflow/example_dags/example_sla_dag.py took 0.430 seconds
[2023-05-17T13:19:47.686+0000] {processor.py:156} INFO - Started process (PID=1210) to work on /home/airflow/.local/lib/python3.7/site-packages/airflow/example_dags/example_sla_dag.py
[2023-05-17T13:19:47.689+0000] {processor.py:799} INFO - Processing file /home/airflow/.local/lib/python3.7/site-packages/airflow/example_dags/example_sla_dag.py for tasks to queue
[2023-05-17T13:19:47.692+0000] {logging_mixin.py:149} INFO - [2023-05-17T13:19:47.691+0000] {dagbag.py:541} INFO - Filling up the DagBag from /home/airflow/.local/lib/python3.7/site-packages/airflow/example_dags/example_sla_dag.py
[2023-05-17T13:19:47.721+0000] {processor.py:809} INFO - DAG(s) dict_keys(['example_sla_dag']) retrieved from /home/airflow/.local/lib/python3.7/site-packages/airflow/example_dags/example_sla_dag.py
[2023-05-17T13:19:47.805+0000] {logging_mixin.py:149} INFO - [2023-05-17T13:19:47.804+0000] {dag.py:2726} INFO - Sync 1 DAGs
[2023-05-17T13:19:47.887+0000] {logging_mixin.py:149} INFO - [2023-05-17T13:19:47.887+0000] {dag.py:3490} INFO - Setting next_dagrun for example_sla_dag to 2023-05-17T13:16:00+00:00, run_after=2023-05-17T13:18:00+00:00
[2023-05-17T13:19:48.043+0000] {processor.py:178} INFO - Processing /home/airflow/.local/lib/python3.7/site-packages/airflow/example_dags/example_sla_dag.py took 0.366 seconds
[2023-05-17T13:20:18.778+0000] {processor.py:156} INFO - Started process (PID=1269) to work on /home/airflow/.local/lib/python3.7/site-packages/airflow/example_dags/example_sla_dag.py
[2023-05-17T13:20:18.782+0000] {processor.py:799} INFO - Processing file /home/airflow/.local/lib/python3.7/site-packages/airflow/example_dags/example_sla_dag.py for tasks to queue
[2023-05-17T13:20:18.788+0000] {logging_mixin.py:149} INFO - [2023-05-17T13:20:18.788+0000] {dagbag.py:541} INFO - Filling up the DagBag from /home/airflow/.local/lib/python3.7/site-packages/airflow/example_dags/example_sla_dag.py
[2023-05-17T13:20:18.858+0000] {processor.py:809} INFO - DAG(s) dict_keys(['example_sla_dag']) retrieved from /home/airflow/.local/lib/python3.7/site-packages/airflow/example_dags/example_sla_dag.py
[2023-05-17T13:20:19.004+0000] {logging_mixin.py:149} INFO - [2023-05-17T13:20:19.002+0000] {dag.py:2726} INFO - Sync 1 DAGs
[2023-05-17T13:20:19.220+0000] {logging_mixin.py:149} INFO - [2023-05-17T13:20:19.219+0000] {dag.py:3490} INFO - Setting next_dagrun for example_sla_dag to 2023-05-17T13:18:00+00:00, run_after=2023-05-17T13:20:00+00:00
[2023-05-17T13:20:19.408+0000] {processor.py:178} INFO - Processing /home/airflow/.local/lib/python3.7/site-packages/airflow/example_dags/example_sla_dag.py took 0.653 seconds
[2023-05-17T13:20:53.179+0000] {processor.py:156} INFO - Started process (PID=1327) to work on /home/airflow/.local/lib/python3.7/site-packages/airflow/example_dags/example_sla_dag.py
[2023-05-17T13:20:53.193+0000] {processor.py:799} INFO - Processing file /home/airflow/.local/lib/python3.7/site-packages/airflow/example_dags/example_sla_dag.py for tasks to queue
[2023-05-17T13:20:53.195+0000] {logging_mixin.py:149} INFO - [2023-05-17T13:20:53.195+0000] {dagbag.py:541} INFO - Filling up the DagBag from /home/airflow/.local/lib/python3.7/site-packages/airflow/example_dags/example_sla_dag.py
[2023-05-17T13:20:53.251+0000] {processor.py:809} INFO - DAG(s) dict_keys(['example_sla_dag']) retrieved from /home/airflow/.local/lib/python3.7/site-packages/airflow/example_dags/example_sla_dag.py
[2023-05-17T13:20:53.406+0000] {logging_mixin.py:149} INFO - [2023-05-17T13:20:53.406+0000] {dag.py:2726} INFO - Sync 1 DAGs
[2023-05-17T13:20:53.643+0000] {logging_mixin.py:149} INFO - [2023-05-17T13:20:53.643+0000] {dag.py:3490} INFO - Setting next_dagrun for example_sla_dag to 2023-05-17T13:18:00+00:00, run_after=2023-05-17T13:20:00+00:00
[2023-05-17T13:20:53.930+0000] {processor.py:178} INFO - Processing /home/airflow/.local/lib/python3.7/site-packages/airflow/example_dags/example_sla_dag.py took 0.792 seconds
[2023-05-17T13:21:25.077+0000] {processor.py:156} INFO - Started process (PID=1385) to work on /home/airflow/.local/lib/python3.7/site-packages/airflow/example_dags/example_sla_dag.py
[2023-05-17T13:21:25.081+0000] {processor.py:799} INFO - Processing file /home/airflow/.local/lib/python3.7/site-packages/airflow/example_dags/example_sla_dag.py for tasks to queue
[2023-05-17T13:21:25.084+0000] {logging_mixin.py:149} INFO - [2023-05-17T13:21:25.083+0000] {dagbag.py:541} INFO - Filling up the DagBag from /home/airflow/.local/lib/python3.7/site-packages/airflow/example_dags/example_sla_dag.py
[2023-05-17T13:21:25.106+0000] {processor.py:809} INFO - DAG(s) dict_keys(['example_sla_dag']) retrieved from /home/airflow/.local/lib/python3.7/site-packages/airflow/example_dags/example_sla_dag.py
[2023-05-17T13:21:25.201+0000] {logging_mixin.py:149} INFO - [2023-05-17T13:21:25.200+0000] {dag.py:2726} INFO - Sync 1 DAGs
[2023-05-17T13:21:25.395+0000] {logging_mixin.py:149} INFO - [2023-05-17T13:21:25.395+0000] {dag.py:3490} INFO - Setting next_dagrun for example_sla_dag to 2023-05-17T13:18:00+00:00, run_after=2023-05-17T13:20:00+00:00
[2023-05-17T13:21:25.772+0000] {processor.py:178} INFO - Processing /home/airflow/.local/lib/python3.7/site-packages/airflow/example_dags/example_sla_dag.py took 0.709 seconds
[2023-05-17T13:21:56.066+0000] {processor.py:156} INFO - Started process (PID=1443) to work on /home/airflow/.local/lib/python3.7/site-packages/airflow/example_dags/example_sla_dag.py
[2023-05-17T13:21:56.068+0000] {processor.py:799} INFO - Processing file /home/airflow/.local/lib/python3.7/site-packages/airflow/example_dags/example_sla_dag.py for tasks to queue
[2023-05-17T13:21:56.071+0000] {logging_mixin.py:149} INFO - [2023-05-17T13:21:56.070+0000] {dagbag.py:541} INFO - Filling up the DagBag from /home/airflow/.local/lib/python3.7/site-packages/airflow/example_dags/example_sla_dag.py
[2023-05-17T13:21:56.098+0000] {processor.py:809} INFO - DAG(s) dict_keys(['example_sla_dag']) retrieved from /home/airflow/.local/lib/python3.7/site-packages/airflow/example_dags/example_sla_dag.py
[2023-05-17T13:21:56.166+0000] {logging_mixin.py:149} INFO - [2023-05-17T13:21:56.165+0000] {dag.py:2726} INFO - Sync 1 DAGs
[2023-05-17T13:21:56.252+0000] {logging_mixin.py:149} INFO - [2023-05-17T13:21:56.252+0000] {dag.py:3490} INFO - Setting next_dagrun for example_sla_dag to 2023-05-17T13:18:00+00:00, run_after=2023-05-17T13:20:00+00:00
[2023-05-17T13:21:56.523+0000] {processor.py:178} INFO - Processing /home/airflow/.local/lib/python3.7/site-packages/airflow/example_dags/example_sla_dag.py took 0.471 seconds
[2023-05-17T13:22:57.699+0000] {processor.py:156} INFO - Started process (PID=1498) to work on /home/airflow/.local/lib/python3.7/site-packages/airflow/example_dags/example_sla_dag.py
[2023-05-17T13:22:57.703+0000] {processor.py:799} INFO - Processing file /home/airflow/.local/lib/python3.7/site-packages/airflow/example_dags/example_sla_dag.py for tasks to queue
[2023-05-17T13:22:57.707+0000] {logging_mixin.py:149} INFO - [2023-05-17T13:22:57.706+0000] {dagbag.py:541} INFO - Filling up the DagBag from /home/airflow/.local/lib/python3.7/site-packages/airflow/example_dags/example_sla_dag.py
[2023-05-17T13:22:57.728+0000] {processor.py:809} INFO - DAG(s) dict_keys(['example_sla_dag']) retrieved from /home/airflow/.local/lib/python3.7/site-packages/airflow/example_dags/example_sla_dag.py
[2023-05-17T13:22:57.797+0000] {logging_mixin.py:149} INFO - [2023-05-17T13:22:57.797+0000] {dag.py:2726} INFO - Sync 1 DAGs
[2023-05-17T13:22:59.604+0000] {logging_mixin.py:149} INFO - [2023-05-17T13:22:59.603+0000] {dag.py:3490} INFO - Setting next_dagrun for example_sla_dag to 2023-05-17T13:20:00+00:00, run_after=2023-05-17T13:22:00+00:00
[2023-05-17T13:23:00.659+0000] {processor.py:178} INFO - Processing /home/airflow/.local/lib/python3.7/site-packages/airflow/example_dags/example_sla_dag.py took 2.967 seconds
[2023-05-17T13:23:31.327+0000] {processor.py:156} INFO - Started process (PID=1558) to work on /home/airflow/.local/lib/python3.7/site-packages/airflow/example_dags/example_sla_dag.py
[2023-05-17T13:23:31.331+0000] {processor.py:799} INFO - Processing file /home/airflow/.local/lib/python3.7/site-packages/airflow/example_dags/example_sla_dag.py for tasks to queue
[2023-05-17T13:23:31.335+0000] {logging_mixin.py:149} INFO - [2023-05-17T13:23:31.335+0000] {dagbag.py:541} INFO - Filling up the DagBag from /home/airflow/.local/lib/python3.7/site-packages/airflow/example_dags/example_sla_dag.py
[2023-05-17T13:23:31.382+0000] {processor.py:809} INFO - DAG(s) dict_keys(['example_sla_dag']) retrieved from /home/airflow/.local/lib/python3.7/site-packages/airflow/example_dags/example_sla_dag.py
[2023-05-17T13:23:31.467+0000] {logging_mixin.py:149} INFO - [2023-05-17T13:23:31.466+0000] {dag.py:2726} INFO - Sync 1 DAGs
[2023-05-17T13:23:31.650+0000] {logging_mixin.py:149} INFO - [2023-05-17T13:23:31.650+0000] {dag.py:3490} INFO - Setting next_dagrun for example_sla_dag to 2023-05-17T13:20:00+00:00, run_after=2023-05-17T13:22:00+00:00
[2023-05-17T13:23:31.820+0000] {processor.py:178} INFO - Processing /home/airflow/.local/lib/python3.7/site-packages/airflow/example_dags/example_sla_dag.py took 0.504 seconds
[2023-05-17T13:24:01.990+0000] {processor.py:156} INFO - Started process (PID=1614) to work on /home/airflow/.local/lib/python3.7/site-packages/airflow/example_dags/example_sla_dag.py
[2023-05-17T13:24:02.002+0000] {processor.py:799} INFO - Processing file /home/airflow/.local/lib/python3.7/site-packages/airflow/example_dags/example_sla_dag.py for tasks to queue
[2023-05-17T13:24:02.006+0000] {logging_mixin.py:149} INFO - [2023-05-17T13:24:02.005+0000] {dagbag.py:541} INFO - Filling up the DagBag from /home/airflow/.local/lib/python3.7/site-packages/airflow/example_dags/example_sla_dag.py
[2023-05-17T13:24:02.048+0000] {processor.py:809} INFO - DAG(s) dict_keys(['example_sla_dag']) retrieved from /home/airflow/.local/lib/python3.7/site-packages/airflow/example_dags/example_sla_dag.py
[2023-05-17T13:24:02.131+0000] {logging_mixin.py:149} INFO - [2023-05-17T13:24:02.131+0000] {dag.py:2726} INFO - Sync 1 DAGs
[2023-05-17T13:24:02.232+0000] {logging_mixin.py:149} INFO - [2023-05-17T13:24:02.231+0000] {dag.py:3490} INFO - Setting next_dagrun for example_sla_dag to 2023-05-17T13:22:00+00:00, run_after=2023-05-17T13:24:00+00:00
[2023-05-17T13:24:02.374+0000] {processor.py:178} INFO - Processing /home/airflow/.local/lib/python3.7/site-packages/airflow/example_dags/example_sla_dag.py took 0.405 seconds
[2023-05-17T13:24:32.929+0000] {processor.py:156} INFO - Started process (PID=1673) to work on /home/airflow/.local/lib/python3.7/site-packages/airflow/example_dags/example_sla_dag.py
[2023-05-17T13:24:32.931+0000] {processor.py:799} INFO - Processing file /home/airflow/.local/lib/python3.7/site-packages/airflow/example_dags/example_sla_dag.py for tasks to queue
[2023-05-17T13:24:32.933+0000] {logging_mixin.py:149} INFO - [2023-05-17T13:24:32.932+0000] {dagbag.py:541} INFO - Filling up the DagBag from /home/airflow/.local/lib/python3.7/site-packages/airflow/example_dags/example_sla_dag.py
[2023-05-17T13:24:32.959+0000] {processor.py:809} INFO - DAG(s) dict_keys(['example_sla_dag']) retrieved from /home/airflow/.local/lib/python3.7/site-packages/airflow/example_dags/example_sla_dag.py
[2023-05-17T13:24:33.031+0000] {logging_mixin.py:149} INFO - [2023-05-17T13:24:33.031+0000] {dag.py:2726} INFO - Sync 1 DAGs
[2023-05-17T13:24:33.111+0000] {logging_mixin.py:149} INFO - [2023-05-17T13:24:33.111+0000] {dag.py:3490} INFO - Setting next_dagrun for example_sla_dag to 2023-05-17T13:22:00+00:00, run_after=2023-05-17T13:24:00+00:00
[2023-05-17T13:24:33.446+0000] {processor.py:178} INFO - Processing /home/airflow/.local/lib/python3.7/site-packages/airflow/example_dags/example_sla_dag.py took 0.525 seconds
[2023-05-17T13:25:04.147+0000] {processor.py:156} INFO - Started process (PID=1732) to work on /home/airflow/.local/lib/python3.7/site-packages/airflow/example_dags/example_sla_dag.py
[2023-05-17T13:25:04.151+0000] {processor.py:799} INFO - Processing file /home/airflow/.local/lib/python3.7/site-packages/airflow/example_dags/example_sla_dag.py for tasks to queue
[2023-05-17T13:25:04.157+0000] {logging_mixin.py:149} INFO - [2023-05-17T13:25:04.157+0000] {dagbag.py:541} INFO - Filling up the DagBag from /home/airflow/.local/lib/python3.7/site-packages/airflow/example_dags/example_sla_dag.py
[2023-05-17T13:25:04.192+0000] {processor.py:809} INFO - DAG(s) dict_keys(['example_sla_dag']) retrieved from /home/airflow/.local/lib/python3.7/site-packages/airflow/example_dags/example_sla_dag.py
[2023-05-17T13:25:04.275+0000] {logging_mixin.py:149} INFO - [2023-05-17T13:25:04.275+0000] {dag.py:2726} INFO - Sync 1 DAGs
[2023-05-17T13:25:04.400+0000] {logging_mixin.py:149} INFO - [2023-05-17T13:25:04.399+0000] {dag.py:3490} INFO - Setting next_dagrun for example_sla_dag to 2023-05-17T13:22:00+00:00, run_after=2023-05-17T13:24:00+00:00
[2023-05-17T13:25:04.576+0000] {processor.py:178} INFO - Processing /home/airflow/.local/lib/python3.7/site-packages/airflow/example_dags/example_sla_dag.py took 0.438 seconds
[2023-05-17T13:25:34.837+0000] {processor.py:156} INFO - Started process (PID=1790) to work on /home/airflow/.local/lib/python3.7/site-packages/airflow/example_dags/example_sla_dag.py
[2023-05-17T13:25:34.840+0000] {processor.py:799} INFO - Processing file /home/airflow/.local/lib/python3.7/site-packages/airflow/example_dags/example_sla_dag.py for tasks to queue
[2023-05-17T13:25:34.847+0000] {logging_mixin.py:149} INFO - [2023-05-17T13:25:34.846+0000] {dagbag.py:541} INFO - Filling up the DagBag from /home/airflow/.local/lib/python3.7/site-packages/airflow/example_dags/example_sla_dag.py
[2023-05-17T13:25:34.872+0000] {processor.py:809} INFO - DAG(s) dict_keys(['example_sla_dag']) retrieved from /home/airflow/.local/lib/python3.7/site-packages/airflow/example_dags/example_sla_dag.py
[2023-05-17T13:25:34.936+0000] {logging_mixin.py:149} INFO - [2023-05-17T13:25:34.935+0000] {dag.py:2726} INFO - Sync 1 DAGs
[2023-05-17T13:25:35.022+0000] {logging_mixin.py:149} INFO - [2023-05-17T13:25:35.022+0000] {dag.py:3490} INFO - Setting next_dagrun for example_sla_dag to 2023-05-17T13:22:00+00:00, run_after=2023-05-17T13:24:00+00:00
[2023-05-17T13:25:35.270+0000] {processor.py:178} INFO - Processing /home/airflow/.local/lib/python3.7/site-packages/airflow/example_dags/example_sla_dag.py took 0.442 seconds
[2023-05-17T13:26:11.444+0000] {processor.py:156} INFO - Started process (PID=1846) to work on /home/airflow/.local/lib/python3.7/site-packages/airflow/example_dags/example_sla_dag.py
[2023-05-17T13:26:11.446+0000] {processor.py:799} INFO - Processing file /home/airflow/.local/lib/python3.7/site-packages/airflow/example_dags/example_sla_dag.py for tasks to queue
[2023-05-17T13:26:11.448+0000] {logging_mixin.py:149} INFO - [2023-05-17T13:26:11.448+0000] {dagbag.py:541} INFO - Filling up the DagBag from /home/airflow/.local/lib/python3.7/site-packages/airflow/example_dags/example_sla_dag.py
[2023-05-17T13:26:11.563+0000] {processor.py:809} INFO - DAG(s) dict_keys(['example_sla_dag']) retrieved from /home/airflow/.local/lib/python3.7/site-packages/airflow/example_dags/example_sla_dag.py
[2023-05-17T13:26:11.615+0000] {logging_mixin.py:149} INFO - [2023-05-17T13:26:11.615+0000] {dag.py:2726} INFO - Sync 1 DAGs
[2023-05-17T13:26:12.409+0000] {logging_mixin.py:149} INFO - [2023-05-17T13:26:12.409+0000] {dag.py:3490} INFO - Setting next_dagrun for example_sla_dag to 2023-05-17T13:24:00+00:00, run_after=2023-05-17T13:26:00+00:00
[2023-05-17T13:26:12.691+0000] {processor.py:178} INFO - Processing /home/airflow/.local/lib/python3.7/site-packages/airflow/example_dags/example_sla_dag.py took 1.255 seconds
[2023-05-17T13:26:43.111+0000] {processor.py:156} INFO - Started process (PID=1900) to work on /home/airflow/.local/lib/python3.7/site-packages/airflow/example_dags/example_sla_dag.py
[2023-05-17T13:26:43.119+0000] {processor.py:799} INFO - Processing file /home/airflow/.local/lib/python3.7/site-packages/airflow/example_dags/example_sla_dag.py for tasks to queue
[2023-05-17T13:26:43.124+0000] {logging_mixin.py:149} INFO - [2023-05-17T13:26:43.123+0000] {dagbag.py:541} INFO - Filling up the DagBag from /home/airflow/.local/lib/python3.7/site-packages/airflow/example_dags/example_sla_dag.py
[2023-05-17T13:26:43.154+0000] {processor.py:809} INFO - DAG(s) dict_keys(['example_sla_dag']) retrieved from /home/airflow/.local/lib/python3.7/site-packages/airflow/example_dags/example_sla_dag.py
[2023-05-17T13:26:43.231+0000] {logging_mixin.py:149} INFO - [2023-05-17T13:26:43.230+0000] {dag.py:2726} INFO - Sync 1 DAGs
[2023-05-17T13:26:43.351+0000] {logging_mixin.py:149} INFO - [2023-05-17T13:26:43.350+0000] {dag.py:3490} INFO - Setting next_dagrun for example_sla_dag to 2023-05-17T13:24:00+00:00, run_after=2023-05-17T13:26:00+00:00
[2023-05-17T13:26:43.557+0000] {processor.py:178} INFO - Processing /home/airflow/.local/lib/python3.7/site-packages/airflow/example_dags/example_sla_dag.py took 0.457 seconds
[2023-05-17T13:32:11.338+0000] {processor.py:156} INFO - Started process (PID=69) to work on /home/airflow/.local/lib/python3.7/site-packages/airflow/example_dags/example_sla_dag.py
[2023-05-17T13:32:11.341+0000] {processor.py:799} INFO - Processing file /home/airflow/.local/lib/python3.7/site-packages/airflow/example_dags/example_sla_dag.py for tasks to queue
[2023-05-17T13:32:11.343+0000] {logging_mixin.py:149} INFO - [2023-05-17T13:32:11.343+0000] {dagbag.py:541} INFO - Filling up the DagBag from /home/airflow/.local/lib/python3.7/site-packages/airflow/example_dags/example_sla_dag.py
[2023-05-17T13:32:11.377+0000] {processor.py:809} INFO - DAG(s) dict_keys(['example_sla_dag']) retrieved from /home/airflow/.local/lib/python3.7/site-packages/airflow/example_dags/example_sla_dag.py
[2023-05-17T13:32:11.565+0000] {logging_mixin.py:149} INFO - [2023-05-17T13:32:11.561+0000] {dag.py:2726} INFO - Sync 1 DAGs
[2023-05-17T13:32:11.725+0000] {logging_mixin.py:149} INFO - [2023-05-17T13:32:11.725+0000] {dag.py:3490} INFO - Setting next_dagrun for example_sla_dag to 2023-05-17T13:30:00+00:00, run_after=2023-05-17T13:32:00+00:00
[2023-05-17T13:32:12.140+0000] {processor.py:178} INFO - Processing /home/airflow/.local/lib/python3.7/site-packages/airflow/example_dags/example_sla_dag.py took 0.817 seconds
[2023-05-17T13:33:48.611+0000] {processor.py:156} INFO - Started process (PID=132) to work on /home/airflow/.local/lib/python3.7/site-packages/airflow/example_dags/example_sla_dag.py
[2023-05-17T13:33:48.613+0000] {processor.py:799} INFO - Processing file /home/airflow/.local/lib/python3.7/site-packages/airflow/example_dags/example_sla_dag.py for tasks to queue
[2023-05-17T13:33:48.617+0000] {logging_mixin.py:149} INFO - [2023-05-17T13:33:48.616+0000] {dagbag.py:541} INFO - Filling up the DagBag from /home/airflow/.local/lib/python3.7/site-packages/airflow/example_dags/example_sla_dag.py
[2023-05-17T13:33:48.950+0000] {processor.py:809} INFO - DAG(s) dict_keys(['example_sla_dag']) retrieved from /home/airflow/.local/lib/python3.7/site-packages/airflow/example_dags/example_sla_dag.py
[2023-05-17T13:33:49.000+0000] {logging_mixin.py:149} INFO - [2023-05-17T13:33:48.999+0000] {dag.py:2726} INFO - Sync 1 DAGs
[2023-05-17T13:33:49.070+0000] {logging_mixin.py:149} INFO - [2023-05-17T13:33:49.070+0000] {dag.py:3490} INFO - Setting next_dagrun for example_sla_dag to 2023-05-17T13:30:00+00:00, run_after=2023-05-17T13:32:00+00:00
[2023-05-17T13:33:49.884+0000] {processor.py:178} INFO - Processing /home/airflow/.local/lib/python3.7/site-packages/airflow/example_dags/example_sla_dag.py took 1.279 seconds
[2023-05-17T13:35:05.720+0000] {processor.py:156} INFO - Started process (PID=198) to work on /home/airflow/.local/lib/python3.7/site-packages/airflow/example_dags/example_sla_dag.py
[2023-05-17T13:35:05.725+0000] {processor.py:799} INFO - Processing file /home/airflow/.local/lib/python3.7/site-packages/airflow/example_dags/example_sla_dag.py for tasks to queue
[2023-05-17T13:35:05.728+0000] {logging_mixin.py:149} INFO - [2023-05-17T13:35:05.727+0000] {dagbag.py:541} INFO - Filling up the DagBag from /home/airflow/.local/lib/python3.7/site-packages/airflow/example_dags/example_sla_dag.py
[2023-05-17T13:35:05.756+0000] {processor.py:809} INFO - DAG(s) dict_keys(['example_sla_dag']) retrieved from /home/airflow/.local/lib/python3.7/site-packages/airflow/example_dags/example_sla_dag.py
[2023-05-17T13:37:04.058+0000] {processor.py:156} INFO - Started process (PID=268) to work on /home/airflow/.local/lib/python3.7/site-packages/airflow/example_dags/example_sla_dag.py
[2023-05-17T13:37:04.060+0000] {processor.py:799} INFO - Processing file /home/airflow/.local/lib/python3.7/site-packages/airflow/example_dags/example_sla_dag.py for tasks to queue
[2023-05-17T13:37:04.063+0000] {logging_mixin.py:149} INFO - [2023-05-17T13:37:04.062+0000] {dagbag.py:541} INFO - Filling up the DagBag from /home/airflow/.local/lib/python3.7/site-packages/airflow/example_dags/example_sla_dag.py
[2023-05-17T13:37:04.080+0000] {processor.py:809} INFO - DAG(s) dict_keys(['example_sla_dag']) retrieved from /home/airflow/.local/lib/python3.7/site-packages/airflow/example_dags/example_sla_dag.py
[2023-05-17T13:37:04.216+0000] {logging_mixin.py:149} INFO - [2023-05-17T13:37:04.215+0000] {dag.py:2726} INFO - Sync 1 DAGs
[2023-05-17T13:37:04.275+0000] {logging_mixin.py:149} INFO - [2023-05-17T13:37:04.275+0000] {dag.py:3490} INFO - Setting next_dagrun for example_sla_dag to 2023-05-17T13:34:00+00:00, run_after=2023-05-17T13:36:00+00:00
[2023-05-17T13:37:05.021+0000] {processor.py:178} INFO - Processing /home/airflow/.local/lib/python3.7/site-packages/airflow/example_dags/example_sla_dag.py took 0.970 seconds
[2023-05-17T13:37:35.440+0000] {processor.py:156} INFO - Started process (PID=322) to work on /home/airflow/.local/lib/python3.7/site-packages/airflow/example_dags/example_sla_dag.py
[2023-05-17T13:37:35.442+0000] {processor.py:799} INFO - Processing file /home/airflow/.local/lib/python3.7/site-packages/airflow/example_dags/example_sla_dag.py for tasks to queue
[2023-05-17T13:37:35.445+0000] {logging_mixin.py:149} INFO - [2023-05-17T13:37:35.444+0000] {dagbag.py:541} INFO - Filling up the DagBag from /home/airflow/.local/lib/python3.7/site-packages/airflow/example_dags/example_sla_dag.py
[2023-05-17T13:37:35.464+0000] {processor.py:809} INFO - DAG(s) dict_keys(['example_sla_dag']) retrieved from /home/airflow/.local/lib/python3.7/site-packages/airflow/example_dags/example_sla_dag.py
[2023-05-17T13:37:35.518+0000] {logging_mixin.py:149} INFO - [2023-05-17T13:37:35.518+0000] {dag.py:2726} INFO - Sync 1 DAGs
[2023-05-17T13:37:35.582+0000] {logging_mixin.py:149} INFO - [2023-05-17T13:37:35.582+0000] {dag.py:3490} INFO - Setting next_dagrun for example_sla_dag to 2023-05-17T13:34:00+00:00, run_after=2023-05-17T13:36:00+00:00
[2023-05-17T13:37:35.752+0000] {processor.py:178} INFO - Processing /home/airflow/.local/lib/python3.7/site-packages/airflow/example_dags/example_sla_dag.py took 0.317 seconds
[2023-05-17T13:38:06.710+0000] {processor.py:156} INFO - Started process (PID=380) to work on /home/airflow/.local/lib/python3.7/site-packages/airflow/example_dags/example_sla_dag.py
[2023-05-17T13:38:06.712+0000] {processor.py:799} INFO - Processing file /home/airflow/.local/lib/python3.7/site-packages/airflow/example_dags/example_sla_dag.py for tasks to queue
[2023-05-17T13:38:06.714+0000] {logging_mixin.py:149} INFO - [2023-05-17T13:38:06.714+0000] {dagbag.py:541} INFO - Filling up the DagBag from /home/airflow/.local/lib/python3.7/site-packages/airflow/example_dags/example_sla_dag.py
[2023-05-17T13:38:06.730+0000] {processor.py:809} INFO - DAG(s) dict_keys(['example_sla_dag']) retrieved from /home/airflow/.local/lib/python3.7/site-packages/airflow/example_dags/example_sla_dag.py
[2023-05-17T13:38:06.782+0000] {logging_mixin.py:149} INFO - [2023-05-17T13:38:06.782+0000] {dag.py:2726} INFO - Sync 1 DAGs
[2023-05-17T13:38:06.851+0000] {logging_mixin.py:149} INFO - [2023-05-17T13:38:06.851+0000] {dag.py:3490} INFO - Setting next_dagrun for example_sla_dag to 2023-05-17T13:36:00+00:00, run_after=2023-05-17T13:38:00+00:00
[2023-05-17T13:38:06.970+0000] {processor.py:178} INFO - Processing /home/airflow/.local/lib/python3.7/site-packages/airflow/example_dags/example_sla_dag.py took 0.266 seconds
[2023-05-17T13:38:37.397+0000] {processor.py:156} INFO - Started process (PID=433) to work on /home/airflow/.local/lib/python3.7/site-packages/airflow/example_dags/example_sla_dag.py
[2023-05-17T13:38:37.400+0000] {processor.py:799} INFO - Processing file /home/airflow/.local/lib/python3.7/site-packages/airflow/example_dags/example_sla_dag.py for tasks to queue
[2023-05-17T13:38:37.403+0000] {logging_mixin.py:149} INFO - [2023-05-17T13:38:37.402+0000] {dagbag.py:541} INFO - Filling up the DagBag from /home/airflow/.local/lib/python3.7/site-packages/airflow/example_dags/example_sla_dag.py
[2023-05-17T13:38:37.422+0000] {processor.py:809} INFO - DAG(s) dict_keys(['example_sla_dag']) retrieved from /home/airflow/.local/lib/python3.7/site-packages/airflow/example_dags/example_sla_dag.py
[2023-05-17T13:38:37.487+0000] {logging_mixin.py:149} INFO - [2023-05-17T13:38:37.486+0000] {dag.py:2726} INFO - Sync 1 DAGs
[2023-05-17T13:38:37.550+0000] {logging_mixin.py:149} INFO - [2023-05-17T13:38:37.550+0000] {dag.py:3490} INFO - Setting next_dagrun for example_sla_dag to 2023-05-17T13:36:00+00:00, run_after=2023-05-17T13:38:00+00:00
[2023-05-17T13:38:37.728+0000] {processor.py:178} INFO - Processing /home/airflow/.local/lib/python3.7/site-packages/airflow/example_dags/example_sla_dag.py took 0.338 seconds
[2023-05-17T13:39:08.705+0000] {processor.py:156} INFO - Started process (PID=492) to work on /home/airflow/.local/lib/python3.7/site-packages/airflow/example_dags/example_sla_dag.py
[2023-05-17T13:39:08.708+0000] {processor.py:799} INFO - Processing file /home/airflow/.local/lib/python3.7/site-packages/airflow/example_dags/example_sla_dag.py for tasks to queue
[2023-05-17T13:39:08.717+0000] {logging_mixin.py:149} INFO - [2023-05-17T13:39:08.710+0000] {dagbag.py:541} INFO - Filling up the DagBag from /home/airflow/.local/lib/python3.7/site-packages/airflow/example_dags/example_sla_dag.py
[2023-05-17T13:39:08.751+0000] {processor.py:809} INFO - DAG(s) dict_keys(['example_sla_dag']) retrieved from /home/airflow/.local/lib/python3.7/site-packages/airflow/example_dags/example_sla_dag.py
[2023-05-17T13:39:08.852+0000] {logging_mixin.py:149} INFO - [2023-05-17T13:39:08.852+0000] {dag.py:2726} INFO - Sync 1 DAGs
[2023-05-17T13:39:08.944+0000] {logging_mixin.py:149} INFO - [2023-05-17T13:39:08.943+0000] {dag.py:3490} INFO - Setting next_dagrun for example_sla_dag to 2023-05-17T13:36:00+00:00, run_after=2023-05-17T13:38:00+00:00
[2023-05-17T13:39:09.217+0000] {processor.py:178} INFO - Processing /home/airflow/.local/lib/python3.7/site-packages/airflow/example_dags/example_sla_dag.py took 0.523 seconds
[2023-05-17T13:39:39.953+0000] {processor.py:156} INFO - Started process (PID=551) to work on /home/airflow/.local/lib/python3.7/site-packages/airflow/example_dags/example_sla_dag.py
[2023-05-17T13:39:39.960+0000] {processor.py:799} INFO - Processing file /home/airflow/.local/lib/python3.7/site-packages/airflow/example_dags/example_sla_dag.py for tasks to queue
[2023-05-17T13:39:39.964+0000] {logging_mixin.py:149} INFO - [2023-05-17T13:39:39.963+0000] {dagbag.py:541} INFO - Filling up the DagBag from /home/airflow/.local/lib/python3.7/site-packages/airflow/example_dags/example_sla_dag.py
[2023-05-17T13:39:41.919+0000] {processor.py:809} INFO - DAG(s) dict_keys(['example_sla_dag']) retrieved from /home/airflow/.local/lib/python3.7/site-packages/airflow/example_dags/example_sla_dag.py
[2023-05-17T13:39:41.971+0000] {logging_mixin.py:149} INFO - [2023-05-17T13:39:41.971+0000] {dag.py:2726} INFO - Sync 1 DAGs
[2023-05-17T13:39:42.051+0000] {logging_mixin.py:149} INFO - [2023-05-17T13:39:42.051+0000] {dag.py:3490} INFO - Setting next_dagrun for example_sla_dag to 2023-05-17T13:36:00+00:00, run_after=2023-05-17T13:38:00+00:00
[2023-05-17T13:39:42.458+0000] {processor.py:178} INFO - Processing /home/airflow/.local/lib/python3.7/site-packages/airflow/example_dags/example_sla_dag.py took 2.515 seconds
[2023-05-17T13:40:12.959+0000] {processor.py:156} INFO - Started process (PID=611) to work on /home/airflow/.local/lib/python3.7/site-packages/airflow/example_dags/example_sla_dag.py
[2023-05-17T13:40:12.962+0000] {processor.py:799} INFO - Processing file /home/airflow/.local/lib/python3.7/site-packages/airflow/example_dags/example_sla_dag.py for tasks to queue
[2023-05-17T13:40:12.965+0000] {logging_mixin.py:149} INFO - [2023-05-17T13:40:12.964+0000] {dagbag.py:541} INFO - Filling up the DagBag from /home/airflow/.local/lib/python3.7/site-packages/airflow/example_dags/example_sla_dag.py
[2023-05-17T13:40:13.005+0000] {processor.py:809} INFO - DAG(s) dict_keys(['example_sla_dag']) retrieved from /home/airflow/.local/lib/python3.7/site-packages/airflow/example_dags/example_sla_dag.py
[2023-05-17T13:40:13.123+0000] {logging_mixin.py:149} INFO - [2023-05-17T13:40:13.123+0000] {dag.py:2726} INFO - Sync 1 DAGs
[2023-05-17T13:40:13.245+0000] {logging_mixin.py:149} INFO - [2023-05-17T13:40:13.244+0000] {dag.py:3490} INFO - Setting next_dagrun for example_sla_dag to 2023-05-17T13:38:00+00:00, run_after=2023-05-17T13:40:00+00:00
[2023-05-17T13:40:13.480+0000] {processor.py:178} INFO - Processing /home/airflow/.local/lib/python3.7/site-packages/airflow/example_dags/example_sla_dag.py took 0.531 seconds
