[2023-05-17T13:05:00.175+0000] {processor.py:156} INFO - Started process (PID=134) to work on /home/airflow/.local/lib/python3.7/site-packages/airflow/example_dags/example_trigger_target_dag.py
[2023-05-17T13:05:00.178+0000] {processor.py:799} INFO - Processing file /home/airflow/.local/lib/python3.7/site-packages/airflow/example_dags/example_trigger_target_dag.py for tasks to queue
[2023-05-17T13:05:00.180+0000] {logging_mixin.py:149} INFO - [2023-05-17T13:05:00.180+0000] {dagbag.py:541} INFO - Filling up the DagBag from /home/airflow/.local/lib/python3.7/site-packages/airflow/example_dags/example_trigger_target_dag.py
[2023-05-17T13:05:00.726+0000] {processor.py:809} INFO - DAG(s) dict_keys(['example_trigger_target_dag']) retrieved from /home/airflow/.local/lib/python3.7/site-packages/airflow/example_dags/example_trigger_target_dag.py
[2023-05-17T13:05:02.295+0000] {logging_mixin.py:149} INFO - [2023-05-17T13:05:02.294+0000] {manager.py:504} INFO - Created Permission View: can read on DAG:example_trigger_target_dag
[2023-05-17T13:05:02.518+0000] {logging_mixin.py:149} INFO - [2023-05-17T13:05:02.517+0000] {manager.py:504} INFO - Created Permission View: can edit on DAG:example_trigger_target_dag
[2023-05-17T13:05:02.703+0000] {logging_mixin.py:149} INFO - [2023-05-17T13:05:02.702+0000] {manager.py:504} INFO - Created Permission View: can delete on DAG:example_trigger_target_dag
[2023-05-17T13:05:02.706+0000] {logging_mixin.py:149} INFO - [2023-05-17T13:05:02.705+0000] {dag.py:2726} INFO - Sync 1 DAGs
[2023-05-17T13:05:02.744+0000] {logging_mixin.py:149} INFO - [2023-05-17T13:05:02.744+0000] {dag.py:2747} INFO - Creating ORM DAG for example_trigger_target_dag
[2023-05-17T13:05:02.779+0000] {logging_mixin.py:149} INFO - [2023-05-17T13:05:02.779+0000] {dag.py:3490} INFO - Setting next_dagrun for example_trigger_target_dag to None, run_after=None
[2023-05-17T13:05:03.056+0000] {processor.py:178} INFO - Processing /home/airflow/.local/lib/python3.7/site-packages/airflow/example_dags/example_trigger_target_dag.py took 2.891 seconds
[2023-05-17T13:09:07.494+0000] {processor.py:156} INFO - Started process (PID=226) to work on /home/airflow/.local/lib/python3.7/site-packages/airflow/example_dags/example_trigger_target_dag.py
[2023-05-17T13:09:07.498+0000] {processor.py:799} INFO - Processing file /home/airflow/.local/lib/python3.7/site-packages/airflow/example_dags/example_trigger_target_dag.py for tasks to queue
[2023-05-17T13:09:07.501+0000] {logging_mixin.py:149} INFO - [2023-05-17T13:09:07.501+0000] {dagbag.py:541} INFO - Filling up the DagBag from /home/airflow/.local/lib/python3.7/site-packages/airflow/example_dags/example_trigger_target_dag.py
[2023-05-17T13:09:07.516+0000] {processor.py:809} INFO - DAG(s) dict_keys(['example_trigger_target_dag']) retrieved from /home/airflow/.local/lib/python3.7/site-packages/airflow/example_dags/example_trigger_target_dag.py
[2023-05-17T13:09:07.582+0000] {logging_mixin.py:149} INFO - [2023-05-17T13:09:07.581+0000] {dag.py:2726} INFO - Sync 1 DAGs
[2023-05-17T13:09:07.667+0000] {logging_mixin.py:149} INFO - [2023-05-17T13:09:07.667+0000] {dag.py:3490} INFO - Setting next_dagrun for example_trigger_target_dag to None, run_after=None
[2023-05-17T13:09:07.856+0000] {processor.py:178} INFO - Processing /home/airflow/.local/lib/python3.7/site-packages/airflow/example_dags/example_trigger_target_dag.py took 0.368 seconds
[2023-05-17T13:09:38.448+0000] {processor.py:156} INFO - Started process (PID=283) to work on /home/airflow/.local/lib/python3.7/site-packages/airflow/example_dags/example_trigger_target_dag.py
[2023-05-17T13:09:38.451+0000] {processor.py:799} INFO - Processing file /home/airflow/.local/lib/python3.7/site-packages/airflow/example_dags/example_trigger_target_dag.py for tasks to queue
[2023-05-17T13:09:38.453+0000] {logging_mixin.py:149} INFO - [2023-05-17T13:09:38.453+0000] {dagbag.py:541} INFO - Filling up the DagBag from /home/airflow/.local/lib/python3.7/site-packages/airflow/example_dags/example_trigger_target_dag.py
[2023-05-17T13:09:38.467+0000] {processor.py:809} INFO - DAG(s) dict_keys(['example_trigger_target_dag']) retrieved from /home/airflow/.local/lib/python3.7/site-packages/airflow/example_dags/example_trigger_target_dag.py
[2023-05-17T13:09:38.540+0000] {logging_mixin.py:149} INFO - [2023-05-17T13:09:38.540+0000] {dag.py:2726} INFO - Sync 1 DAGs
[2023-05-17T13:09:38.609+0000] {logging_mixin.py:149} INFO - [2023-05-17T13:09:38.609+0000] {dag.py:3490} INFO - Setting next_dagrun for example_trigger_target_dag to None, run_after=None
[2023-05-17T13:09:38.819+0000] {processor.py:178} INFO - Processing /home/airflow/.local/lib/python3.7/site-packages/airflow/example_dags/example_trigger_target_dag.py took 0.378 seconds
[2023-05-17T13:10:16.092+0000] {processor.py:156} INFO - Started process (PID=337) to work on /home/airflow/.local/lib/python3.7/site-packages/airflow/example_dags/example_trigger_target_dag.py
[2023-05-17T13:10:16.221+0000] {processor.py:799} INFO - Processing file /home/airflow/.local/lib/python3.7/site-packages/airflow/example_dags/example_trigger_target_dag.py for tasks to queue
[2023-05-17T13:10:16.317+0000] {logging_mixin.py:149} INFO - [2023-05-17T13:10:16.317+0000] {dagbag.py:541} INFO - Filling up the DagBag from /home/airflow/.local/lib/python3.7/site-packages/airflow/example_dags/example_trigger_target_dag.py
[2023-05-17T13:10:16.392+0000] {processor.py:809} INFO - DAG(s) dict_keys(['example_trigger_target_dag']) retrieved from /home/airflow/.local/lib/python3.7/site-packages/airflow/example_dags/example_trigger_target_dag.py
[2023-05-17T13:10:16.506+0000] {logging_mixin.py:149} INFO - [2023-05-17T13:10:16.505+0000] {dag.py:2726} INFO - Sync 1 DAGs
[2023-05-17T13:10:16.706+0000] {logging_mixin.py:149} INFO - [2023-05-17T13:10:16.706+0000] {dag.py:3490} INFO - Setting next_dagrun for example_trigger_target_dag to None, run_after=None
[2023-05-17T13:10:16.901+0000] {processor.py:178} INFO - Processing /home/airflow/.local/lib/python3.7/site-packages/airflow/example_dags/example_trigger_target_dag.py took 0.843 seconds
[2023-05-17T13:10:47.775+0000] {processor.py:156} INFO - Started process (PID=394) to work on /home/airflow/.local/lib/python3.7/site-packages/airflow/example_dags/example_trigger_target_dag.py
[2023-05-17T13:10:47.777+0000] {processor.py:799} INFO - Processing file /home/airflow/.local/lib/python3.7/site-packages/airflow/example_dags/example_trigger_target_dag.py for tasks to queue
[2023-05-17T13:10:47.780+0000] {logging_mixin.py:149} INFO - [2023-05-17T13:10:47.779+0000] {dagbag.py:541} INFO - Filling up the DagBag from /home/airflow/.local/lib/python3.7/site-packages/airflow/example_dags/example_trigger_target_dag.py
[2023-05-17T13:10:47.924+0000] {processor.py:809} INFO - DAG(s) dict_keys(['example_trigger_target_dag']) retrieved from /home/airflow/.local/lib/python3.7/site-packages/airflow/example_dags/example_trigger_target_dag.py
[2023-05-17T13:10:48.220+0000] {logging_mixin.py:149} INFO - [2023-05-17T13:10:48.219+0000] {dag.py:2726} INFO - Sync 1 DAGs
[2023-05-17T13:10:48.295+0000] {logging_mixin.py:149} INFO - [2023-05-17T13:10:48.294+0000] {dag.py:3490} INFO - Setting next_dagrun for example_trigger_target_dag to None, run_after=None
[2023-05-17T13:10:48.482+0000] {processor.py:178} INFO - Processing /home/airflow/.local/lib/python3.7/site-packages/airflow/example_dags/example_trigger_target_dag.py took 0.719 seconds
[2023-05-17T13:11:19.099+0000] {processor.py:156} INFO - Started process (PID=447) to work on /home/airflow/.local/lib/python3.7/site-packages/airflow/example_dags/example_trigger_target_dag.py
[2023-05-17T13:11:19.102+0000] {processor.py:799} INFO - Processing file /home/airflow/.local/lib/python3.7/site-packages/airflow/example_dags/example_trigger_target_dag.py for tasks to queue
[2023-05-17T13:11:19.104+0000] {logging_mixin.py:149} INFO - [2023-05-17T13:11:19.104+0000] {dagbag.py:541} INFO - Filling up the DagBag from /home/airflow/.local/lib/python3.7/site-packages/airflow/example_dags/example_trigger_target_dag.py
[2023-05-17T13:11:19.120+0000] {processor.py:809} INFO - DAG(s) dict_keys(['example_trigger_target_dag']) retrieved from /home/airflow/.local/lib/python3.7/site-packages/airflow/example_dags/example_trigger_target_dag.py
[2023-05-17T13:11:19.174+0000] {logging_mixin.py:149} INFO - [2023-05-17T13:11:19.173+0000] {dag.py:2726} INFO - Sync 1 DAGs
[2023-05-17T13:11:19.240+0000] {logging_mixin.py:149} INFO - [2023-05-17T13:11:19.240+0000] {dag.py:3490} INFO - Setting next_dagrun for example_trigger_target_dag to None, run_after=None
[2023-05-17T13:11:19.794+0000] {processor.py:178} INFO - Processing /home/airflow/.local/lib/python3.7/site-packages/airflow/example_dags/example_trigger_target_dag.py took 0.704 seconds
[2023-05-17T13:11:51.938+0000] {processor.py:156} INFO - Started process (PID=505) to work on /home/airflow/.local/lib/python3.7/site-packages/airflow/example_dags/example_trigger_target_dag.py
[2023-05-17T13:11:51.944+0000] {processor.py:799} INFO - Processing file /home/airflow/.local/lib/python3.7/site-packages/airflow/example_dags/example_trigger_target_dag.py for tasks to queue
[2023-05-17T13:11:51.947+0000] {logging_mixin.py:149} INFO - [2023-05-17T13:11:51.947+0000] {dagbag.py:541} INFO - Filling up the DagBag from /home/airflow/.local/lib/python3.7/site-packages/airflow/example_dags/example_trigger_target_dag.py
[2023-05-17T13:11:51.978+0000] {processor.py:809} INFO - DAG(s) dict_keys(['example_trigger_target_dag']) retrieved from /home/airflow/.local/lib/python3.7/site-packages/airflow/example_dags/example_trigger_target_dag.py
[2023-05-17T13:11:52.060+0000] {logging_mixin.py:149} INFO - [2023-05-17T13:11:52.059+0000] {dag.py:2726} INFO - Sync 1 DAGs
[2023-05-17T13:11:52.156+0000] {logging_mixin.py:149} INFO - [2023-05-17T13:11:52.156+0000] {dag.py:3490} INFO - Setting next_dagrun for example_trigger_target_dag to None, run_after=None
[2023-05-17T13:11:52.413+0000] {processor.py:178} INFO - Processing /home/airflow/.local/lib/python3.7/site-packages/airflow/example_dags/example_trigger_target_dag.py took 0.482 seconds
[2023-05-17T13:12:22.643+0000] {processor.py:156} INFO - Started process (PID=563) to work on /home/airflow/.local/lib/python3.7/site-packages/airflow/example_dags/example_trigger_target_dag.py
[2023-05-17T13:12:22.646+0000] {processor.py:799} INFO - Processing file /home/airflow/.local/lib/python3.7/site-packages/airflow/example_dags/example_trigger_target_dag.py for tasks to queue
[2023-05-17T13:12:22.648+0000] {logging_mixin.py:149} INFO - [2023-05-17T13:12:22.648+0000] {dagbag.py:541} INFO - Filling up the DagBag from /home/airflow/.local/lib/python3.7/site-packages/airflow/example_dags/example_trigger_target_dag.py
[2023-05-17T13:12:22.662+0000] {processor.py:809} INFO - DAG(s) dict_keys(['example_trigger_target_dag']) retrieved from /home/airflow/.local/lib/python3.7/site-packages/airflow/example_dags/example_trigger_target_dag.py
[2023-05-17T13:12:22.732+0000] {logging_mixin.py:149} INFO - [2023-05-17T13:12:22.731+0000] {dag.py:2726} INFO - Sync 1 DAGs
[2023-05-17T13:12:22.843+0000] {logging_mixin.py:149} INFO - [2023-05-17T13:12:22.843+0000] {dag.py:3490} INFO - Setting next_dagrun for example_trigger_target_dag to None, run_after=None
[2023-05-17T13:12:22.924+0000] {processor.py:178} INFO - Processing /home/airflow/.local/lib/python3.7/site-packages/airflow/example_dags/example_trigger_target_dag.py took 0.291 seconds
[2023-05-17T13:13:12.052+0000] {processor.py:156} INFO - Started process (PID=608) to work on /home/airflow/.local/lib/python3.7/site-packages/airflow/example_dags/example_trigger_target_dag.py
[2023-05-17T13:13:12.054+0000] {processor.py:799} INFO - Processing file /home/airflow/.local/lib/python3.7/site-packages/airflow/example_dags/example_trigger_target_dag.py for tasks to queue
[2023-05-17T13:13:12.056+0000] {logging_mixin.py:149} INFO - [2023-05-17T13:13:12.056+0000] {dagbag.py:541} INFO - Filling up the DagBag from /home/airflow/.local/lib/python3.7/site-packages/airflow/example_dags/example_trigger_target_dag.py
[2023-05-17T13:13:12.066+0000] {processor.py:809} INFO - DAG(s) dict_keys(['example_trigger_target_dag']) retrieved from /home/airflow/.local/lib/python3.7/site-packages/airflow/example_dags/example_trigger_target_dag.py
[2023-05-17T13:13:12.111+0000] {logging_mixin.py:149} INFO - [2023-05-17T13:13:12.111+0000] {dag.py:2726} INFO - Sync 1 DAGs
[2023-05-17T13:13:12.165+0000] {logging_mixin.py:149} INFO - [2023-05-17T13:13:12.164+0000] {dag.py:3490} INFO - Setting next_dagrun for example_trigger_target_dag to None, run_after=None
[2023-05-17T13:13:12.653+0000] {processor.py:178} INFO - Processing /home/airflow/.local/lib/python3.7/site-packages/airflow/example_dags/example_trigger_target_dag.py took 0.607 seconds
[2023-05-17T13:13:44.518+0000] {processor.py:156} INFO - Started process (PID=666) to work on /home/airflow/.local/lib/python3.7/site-packages/airflow/example_dags/example_trigger_target_dag.py
[2023-05-17T13:13:44.524+0000] {processor.py:799} INFO - Processing file /home/airflow/.local/lib/python3.7/site-packages/airflow/example_dags/example_trigger_target_dag.py for tasks to queue
[2023-05-17T13:13:44.527+0000] {logging_mixin.py:149} INFO - [2023-05-17T13:13:44.527+0000] {dagbag.py:541} INFO - Filling up the DagBag from /home/airflow/.local/lib/python3.7/site-packages/airflow/example_dags/example_trigger_target_dag.py
[2023-05-17T13:13:44.547+0000] {processor.py:809} INFO - DAG(s) dict_keys(['example_trigger_target_dag']) retrieved from /home/airflow/.local/lib/python3.7/site-packages/airflow/example_dags/example_trigger_target_dag.py
[2023-05-17T13:13:45.086+0000] {logging_mixin.py:149} INFO - [2023-05-17T13:13:45.085+0000] {dag.py:2726} INFO - Sync 1 DAGs
[2023-05-17T13:13:45.216+0000] {logging_mixin.py:149} INFO - [2023-05-17T13:13:45.216+0000] {dag.py:3490} INFO - Setting next_dagrun for example_trigger_target_dag to None, run_after=None
[2023-05-17T13:13:45.537+0000] {processor.py:178} INFO - Processing /home/airflow/.local/lib/python3.7/site-packages/airflow/example_dags/example_trigger_target_dag.py took 1.030 seconds
[2023-05-17T13:14:16.371+0000] {processor.py:156} INFO - Started process (PID=723) to work on /home/airflow/.local/lib/python3.7/site-packages/airflow/example_dags/example_trigger_target_dag.py
[2023-05-17T13:14:16.373+0000] {processor.py:799} INFO - Processing file /home/airflow/.local/lib/python3.7/site-packages/airflow/example_dags/example_trigger_target_dag.py for tasks to queue
[2023-05-17T13:14:16.375+0000] {logging_mixin.py:149} INFO - [2023-05-17T13:14:16.375+0000] {dagbag.py:541} INFO - Filling up the DagBag from /home/airflow/.local/lib/python3.7/site-packages/airflow/example_dags/example_trigger_target_dag.py
[2023-05-17T13:14:16.482+0000] {processor.py:809} INFO - DAG(s) dict_keys(['example_trigger_target_dag']) retrieved from /home/airflow/.local/lib/python3.7/site-packages/airflow/example_dags/example_trigger_target_dag.py
[2023-05-17T13:14:16.570+0000] {logging_mixin.py:149} INFO - [2023-05-17T13:14:16.570+0000] {dag.py:2726} INFO - Sync 1 DAGs
[2023-05-17T13:14:16.804+0000] {logging_mixin.py:149} INFO - [2023-05-17T13:14:16.802+0000] {dag.py:3490} INFO - Setting next_dagrun for example_trigger_target_dag to None, run_after=None
[2023-05-17T13:14:17.193+0000] {processor.py:178} INFO - Processing /home/airflow/.local/lib/python3.7/site-packages/airflow/example_dags/example_trigger_target_dag.py took 0.828 seconds
[2023-05-17T13:15:10.348+0000] {processor.py:156} INFO - Started process (PID=753) to work on /home/airflow/.local/lib/python3.7/site-packages/airflow/example_dags/example_trigger_target_dag.py
[2023-05-17T13:15:10.354+0000] {processor.py:799} INFO - Processing file /home/airflow/.local/lib/python3.7/site-packages/airflow/example_dags/example_trigger_target_dag.py for tasks to queue
[2023-05-17T13:15:10.359+0000] {logging_mixin.py:149} INFO - [2023-05-17T13:15:10.358+0000] {dagbag.py:541} INFO - Filling up the DagBag from /home/airflow/.local/lib/python3.7/site-packages/airflow/example_dags/example_trigger_target_dag.py
[2023-05-17T13:15:10.377+0000] {processor.py:809} INFO - DAG(s) dict_keys(['example_trigger_target_dag']) retrieved from /home/airflow/.local/lib/python3.7/site-packages/airflow/example_dags/example_trigger_target_dag.py
[2023-05-17T13:15:10.473+0000] {logging_mixin.py:149} INFO - [2023-05-17T13:15:10.472+0000] {dag.py:2726} INFO - Sync 1 DAGs
[2023-05-17T13:15:10.697+0000] {logging_mixin.py:149} INFO - [2023-05-17T13:15:10.696+0000] {dag.py:3490} INFO - Setting next_dagrun for example_trigger_target_dag to None, run_after=None
[2023-05-17T13:15:10.975+0000] {processor.py:178} INFO - Processing /home/airflow/.local/lib/python3.7/site-packages/airflow/example_dags/example_trigger_target_dag.py took 0.635 seconds
[2023-05-17T13:15:41.514+0000] {processor.py:156} INFO - Started process (PID=811) to work on /home/airflow/.local/lib/python3.7/site-packages/airflow/example_dags/example_trigger_target_dag.py
[2023-05-17T13:15:41.517+0000] {processor.py:799} INFO - Processing file /home/airflow/.local/lib/python3.7/site-packages/airflow/example_dags/example_trigger_target_dag.py for tasks to queue
[2023-05-17T13:15:41.526+0000] {logging_mixin.py:149} INFO - [2023-05-17T13:15:41.526+0000] {dagbag.py:541} INFO - Filling up the DagBag from /home/airflow/.local/lib/python3.7/site-packages/airflow/example_dags/example_trigger_target_dag.py
[2023-05-17T13:15:41.552+0000] {processor.py:809} INFO - DAG(s) dict_keys(['example_trigger_target_dag']) retrieved from /home/airflow/.local/lib/python3.7/site-packages/airflow/example_dags/example_trigger_target_dag.py
[2023-05-17T13:15:41.638+0000] {logging_mixin.py:149} INFO - [2023-05-17T13:15:41.637+0000] {dag.py:2726} INFO - Sync 1 DAGs
[2023-05-17T13:15:41.729+0000] {logging_mixin.py:149} INFO - [2023-05-17T13:15:41.728+0000] {dag.py:3490} INFO - Setting next_dagrun for example_trigger_target_dag to None, run_after=None
[2023-05-17T13:15:41.981+0000] {processor.py:178} INFO - Processing /home/airflow/.local/lib/python3.7/site-packages/airflow/example_dags/example_trigger_target_dag.py took 0.483 seconds
[2023-05-17T13:16:12.752+0000] {processor.py:156} INFO - Started process (PID=869) to work on /home/airflow/.local/lib/python3.7/site-packages/airflow/example_dags/example_trigger_target_dag.py
[2023-05-17T13:16:12.755+0000] {processor.py:799} INFO - Processing file /home/airflow/.local/lib/python3.7/site-packages/airflow/example_dags/example_trigger_target_dag.py for tasks to queue
[2023-05-17T13:16:12.758+0000] {logging_mixin.py:149} INFO - [2023-05-17T13:16:12.758+0000] {dagbag.py:541} INFO - Filling up the DagBag from /home/airflow/.local/lib/python3.7/site-packages/airflow/example_dags/example_trigger_target_dag.py
[2023-05-17T13:16:12.977+0000] {processor.py:809} INFO - DAG(s) dict_keys(['example_trigger_target_dag']) retrieved from /home/airflow/.local/lib/python3.7/site-packages/airflow/example_dags/example_trigger_target_dag.py
[2023-05-17T13:16:13.199+0000] {logging_mixin.py:149} INFO - [2023-05-17T13:16:13.198+0000] {dag.py:2726} INFO - Sync 1 DAGs
[2023-05-17T13:16:13.311+0000] {logging_mixin.py:149} INFO - [2023-05-17T13:16:13.311+0000] {dag.py:3490} INFO - Setting next_dagrun for example_trigger_target_dag to None, run_after=None
[2023-05-17T13:16:13.503+0000] {processor.py:178} INFO - Processing /home/airflow/.local/lib/python3.7/site-packages/airflow/example_dags/example_trigger_target_dag.py took 0.758 seconds
[2023-05-17T13:16:44.541+0000] {processor.py:156} INFO - Started process (PID=927) to work on /home/airflow/.local/lib/python3.7/site-packages/airflow/example_dags/example_trigger_target_dag.py
[2023-05-17T13:16:44.544+0000] {processor.py:799} INFO - Processing file /home/airflow/.local/lib/python3.7/site-packages/airflow/example_dags/example_trigger_target_dag.py for tasks to queue
[2023-05-17T13:16:44.551+0000] {logging_mixin.py:149} INFO - [2023-05-17T13:16:44.548+0000] {dagbag.py:541} INFO - Filling up the DagBag from /home/airflow/.local/lib/python3.7/site-packages/airflow/example_dags/example_trigger_target_dag.py
[2023-05-17T13:16:44.571+0000] {processor.py:809} INFO - DAG(s) dict_keys(['example_trigger_target_dag']) retrieved from /home/airflow/.local/lib/python3.7/site-packages/airflow/example_dags/example_trigger_target_dag.py
[2023-05-17T13:16:44.631+0000] {logging_mixin.py:149} INFO - [2023-05-17T13:16:44.630+0000] {dag.py:2726} INFO - Sync 1 DAGs
[2023-05-17T13:16:44.711+0000] {logging_mixin.py:149} INFO - [2023-05-17T13:16:44.711+0000] {dag.py:3490} INFO - Setting next_dagrun for example_trigger_target_dag to None, run_after=None
[2023-05-17T13:16:44.861+0000] {processor.py:178} INFO - Processing /home/airflow/.local/lib/python3.7/site-packages/airflow/example_dags/example_trigger_target_dag.py took 0.334 seconds
[2023-05-17T13:17:19.681+0000] {processor.py:156} INFO - Started process (PID=981) to work on /home/airflow/.local/lib/python3.7/site-packages/airflow/example_dags/example_trigger_target_dag.py
[2023-05-17T13:17:19.684+0000] {processor.py:799} INFO - Processing file /home/airflow/.local/lib/python3.7/site-packages/airflow/example_dags/example_trigger_target_dag.py for tasks to queue
[2023-05-17T13:17:19.687+0000] {logging_mixin.py:149} INFO - [2023-05-17T13:17:19.686+0000] {dagbag.py:541} INFO - Filling up the DagBag from /home/airflow/.local/lib/python3.7/site-packages/airflow/example_dags/example_trigger_target_dag.py
[2023-05-17T13:17:19.705+0000] {processor.py:809} INFO - DAG(s) dict_keys(['example_trigger_target_dag']) retrieved from /home/airflow/.local/lib/python3.7/site-packages/airflow/example_dags/example_trigger_target_dag.py
[2023-05-17T13:17:19.826+0000] {logging_mixin.py:149} INFO - [2023-05-17T13:17:19.826+0000] {dag.py:2726} INFO - Sync 1 DAGs
[2023-05-17T13:17:19.939+0000] {logging_mixin.py:149} INFO - [2023-05-17T13:17:19.938+0000] {dag.py:3490} INFO - Setting next_dagrun for example_trigger_target_dag to None, run_after=None
[2023-05-17T13:17:20.082+0000] {processor.py:178} INFO - Processing /home/airflow/.local/lib/python3.7/site-packages/airflow/example_dags/example_trigger_target_dag.py took 0.417 seconds
[2023-05-17T13:18:01.836+0000] {processor.py:156} INFO - Started process (PID=1042) to work on /home/airflow/.local/lib/python3.7/site-packages/airflow/example_dags/example_trigger_target_dag.py
[2023-05-17T13:18:01.841+0000] {processor.py:799} INFO - Processing file /home/airflow/.local/lib/python3.7/site-packages/airflow/example_dags/example_trigger_target_dag.py for tasks to queue
[2023-05-17T13:18:01.844+0000] {logging_mixin.py:149} INFO - [2023-05-17T13:18:01.844+0000] {dagbag.py:541} INFO - Filling up the DagBag from /home/airflow/.local/lib/python3.7/site-packages/airflow/example_dags/example_trigger_target_dag.py
[2023-05-17T13:18:01.860+0000] {processor.py:809} INFO - DAG(s) dict_keys(['example_trigger_target_dag']) retrieved from /home/airflow/.local/lib/python3.7/site-packages/airflow/example_dags/example_trigger_target_dag.py
[2023-05-17T13:18:01.945+0000] {logging_mixin.py:149} INFO - [2023-05-17T13:18:01.945+0000] {dag.py:2726} INFO - Sync 1 DAGs
[2023-05-17T13:18:02.035+0000] {logging_mixin.py:149} INFO - [2023-05-17T13:18:02.035+0000] {dag.py:3490} INFO - Setting next_dagrun for example_trigger_target_dag to None, run_after=None
[2023-05-17T13:18:03.283+0000] {processor.py:178} INFO - Processing /home/airflow/.local/lib/python3.7/site-packages/airflow/example_dags/example_trigger_target_dag.py took 1.456 seconds
[2023-05-17T13:18:47.378+0000] {processor.py:156} INFO - Started process (PID=1099) to work on /home/airflow/.local/lib/python3.7/site-packages/airflow/example_dags/example_trigger_target_dag.py
[2023-05-17T13:18:47.380+0000] {processor.py:799} INFO - Processing file /home/airflow/.local/lib/python3.7/site-packages/airflow/example_dags/example_trigger_target_dag.py for tasks to queue
[2023-05-17T13:18:47.382+0000] {logging_mixin.py:149} INFO - [2023-05-17T13:18:47.382+0000] {dagbag.py:541} INFO - Filling up the DagBag from /home/airflow/.local/lib/python3.7/site-packages/airflow/example_dags/example_trigger_target_dag.py
[2023-05-17T13:18:47.402+0000] {processor.py:809} INFO - DAG(s) dict_keys(['example_trigger_target_dag']) retrieved from /home/airflow/.local/lib/python3.7/site-packages/airflow/example_dags/example_trigger_target_dag.py
[2023-05-17T13:18:47.472+0000] {logging_mixin.py:149} INFO - [2023-05-17T13:18:47.471+0000] {dag.py:2726} INFO - Sync 1 DAGs
[2023-05-17T13:18:47.549+0000] {logging_mixin.py:149} INFO - [2023-05-17T13:18:47.548+0000] {dag.py:3490} INFO - Setting next_dagrun for example_trigger_target_dag to None, run_after=None
[2023-05-17T13:18:47.905+0000] {processor.py:178} INFO - Processing /home/airflow/.local/lib/python3.7/site-packages/airflow/example_dags/example_trigger_target_dag.py took 0.542 seconds
[2023-05-17T13:19:18.369+0000] {processor.py:156} INFO - Started process (PID=1154) to work on /home/airflow/.local/lib/python3.7/site-packages/airflow/example_dags/example_trigger_target_dag.py
[2023-05-17T13:19:18.371+0000] {processor.py:799} INFO - Processing file /home/airflow/.local/lib/python3.7/site-packages/airflow/example_dags/example_trigger_target_dag.py for tasks to queue
[2023-05-17T13:19:18.374+0000] {logging_mixin.py:149} INFO - [2023-05-17T13:19:18.374+0000] {dagbag.py:541} INFO - Filling up the DagBag from /home/airflow/.local/lib/python3.7/site-packages/airflow/example_dags/example_trigger_target_dag.py
[2023-05-17T13:19:18.388+0000] {processor.py:809} INFO - DAG(s) dict_keys(['example_trigger_target_dag']) retrieved from /home/airflow/.local/lib/python3.7/site-packages/airflow/example_dags/example_trigger_target_dag.py
[2023-05-17T13:19:18.465+0000] {logging_mixin.py:149} INFO - [2023-05-17T13:19:18.465+0000] {dag.py:2726} INFO - Sync 1 DAGs
[2023-05-17T13:19:18.669+0000] {logging_mixin.py:149} INFO - [2023-05-17T13:19:18.669+0000] {dag.py:3490} INFO - Setting next_dagrun for example_trigger_target_dag to None, run_after=None
[2023-05-17T13:19:18.842+0000] {processor.py:178} INFO - Processing /home/airflow/.local/lib/python3.7/site-packages/airflow/example_dags/example_trigger_target_dag.py took 0.483 seconds
[2023-05-17T13:19:49.206+0000] {processor.py:156} INFO - Started process (PID=1212) to work on /home/airflow/.local/lib/python3.7/site-packages/airflow/example_dags/example_trigger_target_dag.py
[2023-05-17T13:19:49.208+0000] {processor.py:799} INFO - Processing file /home/airflow/.local/lib/python3.7/site-packages/airflow/example_dags/example_trigger_target_dag.py for tasks to queue
[2023-05-17T13:19:49.211+0000] {logging_mixin.py:149} INFO - [2023-05-17T13:19:49.210+0000] {dagbag.py:541} INFO - Filling up the DagBag from /home/airflow/.local/lib/python3.7/site-packages/airflow/example_dags/example_trigger_target_dag.py
[2023-05-17T13:19:49.222+0000] {processor.py:809} INFO - DAG(s) dict_keys(['example_trigger_target_dag']) retrieved from /home/airflow/.local/lib/python3.7/site-packages/airflow/example_dags/example_trigger_target_dag.py
[2023-05-17T13:19:49.267+0000] {logging_mixin.py:149} INFO - [2023-05-17T13:19:49.267+0000] {dag.py:2726} INFO - Sync 1 DAGs
[2023-05-17T13:19:49.324+0000] {logging_mixin.py:149} INFO - [2023-05-17T13:19:49.324+0000] {dag.py:3490} INFO - Setting next_dagrun for example_trigger_target_dag to None, run_after=None
[2023-05-17T13:19:49.594+0000] {processor.py:178} INFO - Processing /home/airflow/.local/lib/python3.7/site-packages/airflow/example_dags/example_trigger_target_dag.py took 0.397 seconds
[2023-05-17T13:20:20.521+0000] {processor.py:156} INFO - Started process (PID=1271) to work on /home/airflow/.local/lib/python3.7/site-packages/airflow/example_dags/example_trigger_target_dag.py
[2023-05-17T13:20:20.539+0000] {processor.py:799} INFO - Processing file /home/airflow/.local/lib/python3.7/site-packages/airflow/example_dags/example_trigger_target_dag.py for tasks to queue
[2023-05-17T13:20:20.563+0000] {logging_mixin.py:149} INFO - [2023-05-17T13:20:20.562+0000] {dagbag.py:541} INFO - Filling up the DagBag from /home/airflow/.local/lib/python3.7/site-packages/airflow/example_dags/example_trigger_target_dag.py
[2023-05-17T13:20:20.613+0000] {processor.py:809} INFO - DAG(s) dict_keys(['example_trigger_target_dag']) retrieved from /home/airflow/.local/lib/python3.7/site-packages/airflow/example_dags/example_trigger_target_dag.py
[2023-05-17T13:20:20.722+0000] {logging_mixin.py:149} INFO - [2023-05-17T13:20:20.722+0000] {dag.py:2726} INFO - Sync 1 DAGs
[2023-05-17T13:20:20.851+0000] {logging_mixin.py:149} INFO - [2023-05-17T13:20:20.850+0000] {dag.py:3490} INFO - Setting next_dagrun for example_trigger_target_dag to None, run_after=None
[2023-05-17T13:20:21.021+0000] {processor.py:178} INFO - Processing /home/airflow/.local/lib/python3.7/site-packages/airflow/example_dags/example_trigger_target_dag.py took 0.527 seconds
[2023-05-17T13:20:54.220+0000] {processor.py:156} INFO - Started process (PID=1329) to work on /home/airflow/.local/lib/python3.7/site-packages/airflow/example_dags/example_trigger_target_dag.py
[2023-05-17T13:20:54.223+0000] {processor.py:799} INFO - Processing file /home/airflow/.local/lib/python3.7/site-packages/airflow/example_dags/example_trigger_target_dag.py for tasks to queue
[2023-05-17T13:20:54.226+0000] {logging_mixin.py:149} INFO - [2023-05-17T13:20:54.225+0000] {dagbag.py:541} INFO - Filling up the DagBag from /home/airflow/.local/lib/python3.7/site-packages/airflow/example_dags/example_trigger_target_dag.py
[2023-05-17T13:20:54.251+0000] {processor.py:809} INFO - DAG(s) dict_keys(['example_trigger_target_dag']) retrieved from /home/airflow/.local/lib/python3.7/site-packages/airflow/example_dags/example_trigger_target_dag.py
[2023-05-17T13:20:54.408+0000] {logging_mixin.py:149} INFO - [2023-05-17T13:20:54.407+0000] {dag.py:2726} INFO - Sync 1 DAGs
[2023-05-17T13:20:54.632+0000] {logging_mixin.py:149} INFO - [2023-05-17T13:20:54.631+0000] {dag.py:3490} INFO - Setting next_dagrun for example_trigger_target_dag to None, run_after=None
[2023-05-17T13:20:54.980+0000] {processor.py:178} INFO - Processing /home/airflow/.local/lib/python3.7/site-packages/airflow/example_dags/example_trigger_target_dag.py took 0.771 seconds
[2023-05-17T13:21:26.391+0000] {processor.py:156} INFO - Started process (PID=1387) to work on /home/airflow/.local/lib/python3.7/site-packages/airflow/example_dags/example_trigger_target_dag.py
[2023-05-17T13:21:26.399+0000] {processor.py:799} INFO - Processing file /home/airflow/.local/lib/python3.7/site-packages/airflow/example_dags/example_trigger_target_dag.py for tasks to queue
[2023-05-17T13:21:26.402+0000] {logging_mixin.py:149} INFO - [2023-05-17T13:21:26.402+0000] {dagbag.py:541} INFO - Filling up the DagBag from /home/airflow/.local/lib/python3.7/site-packages/airflow/example_dags/example_trigger_target_dag.py
[2023-05-17T13:21:26.535+0000] {processor.py:809} INFO - DAG(s) dict_keys(['example_trigger_target_dag']) retrieved from /home/airflow/.local/lib/python3.7/site-packages/airflow/example_dags/example_trigger_target_dag.py
[2023-05-17T13:21:26.642+0000] {logging_mixin.py:149} INFO - [2023-05-17T13:21:26.641+0000] {dag.py:2726} INFO - Sync 1 DAGs
[2023-05-17T13:21:26.712+0000] {logging_mixin.py:149} INFO - [2023-05-17T13:21:26.712+0000] {dag.py:3490} INFO - Setting next_dagrun for example_trigger_target_dag to None, run_after=None
[2023-05-17T13:21:27.069+0000] {processor.py:178} INFO - Processing /home/airflow/.local/lib/python3.7/site-packages/airflow/example_dags/example_trigger_target_dag.py took 0.686 seconds
[2023-05-17T13:21:57.870+0000] {processor.py:156} INFO - Started process (PID=1446) to work on /home/airflow/.local/lib/python3.7/site-packages/airflow/example_dags/example_trigger_target_dag.py
[2023-05-17T13:21:57.891+0000] {processor.py:799} INFO - Processing file /home/airflow/.local/lib/python3.7/site-packages/airflow/example_dags/example_trigger_target_dag.py for tasks to queue
[2023-05-17T13:21:57.896+0000] {logging_mixin.py:149} INFO - [2023-05-17T13:21:57.895+0000] {dagbag.py:541} INFO - Filling up the DagBag from /home/airflow/.local/lib/python3.7/site-packages/airflow/example_dags/example_trigger_target_dag.py
[2023-05-17T13:21:57.959+0000] {processor.py:809} INFO - DAG(s) dict_keys(['example_trigger_target_dag']) retrieved from /home/airflow/.local/lib/python3.7/site-packages/airflow/example_dags/example_trigger_target_dag.py
[2023-05-17T13:21:58.576+0000] {logging_mixin.py:149} INFO - [2023-05-17T13:21:58.576+0000] {dag.py:2726} INFO - Sync 1 DAGs
[2023-05-17T13:21:58.832+0000] {logging_mixin.py:149} INFO - [2023-05-17T13:21:58.832+0000] {dag.py:3490} INFO - Setting next_dagrun for example_trigger_target_dag to None, run_after=None
[2023-05-17T13:21:59.220+0000] {processor.py:178} INFO - Processing /home/airflow/.local/lib/python3.7/site-packages/airflow/example_dags/example_trigger_target_dag.py took 1.420 seconds
[2023-05-17T13:23:00.231+0000] {processor.py:156} INFO - Started process (PID=1508) to work on /home/airflow/.local/lib/python3.7/site-packages/airflow/example_dags/example_trigger_target_dag.py
[2023-05-17T13:23:00.237+0000] {processor.py:799} INFO - Processing file /home/airflow/.local/lib/python3.7/site-packages/airflow/example_dags/example_trigger_target_dag.py for tasks to queue
[2023-05-17T13:23:00.239+0000] {logging_mixin.py:149} INFO - [2023-05-17T13:23:00.239+0000] {dagbag.py:541} INFO - Filling up the DagBag from /home/airflow/.local/lib/python3.7/site-packages/airflow/example_dags/example_trigger_target_dag.py
[2023-05-17T13:23:00.260+0000] {processor.py:809} INFO - DAG(s) dict_keys(['example_trigger_target_dag']) retrieved from /home/airflow/.local/lib/python3.7/site-packages/airflow/example_dags/example_trigger_target_dag.py
[2023-05-17T13:23:00.429+0000] {logging_mixin.py:149} INFO - [2023-05-17T13:23:00.429+0000] {dag.py:2726} INFO - Sync 1 DAGs
[2023-05-17T13:23:00.623+0000] {logging_mixin.py:149} INFO - [2023-05-17T13:23:00.622+0000] {dag.py:3490} INFO - Setting next_dagrun for example_trigger_target_dag to None, run_after=None
[2023-05-17T13:23:01.559+0000] {processor.py:178} INFO - Processing /home/airflow/.local/lib/python3.7/site-packages/airflow/example_dags/example_trigger_target_dag.py took 1.338 seconds
[2023-05-17T13:23:31.888+0000] {processor.py:156} INFO - Started process (PID=1559) to work on /home/airflow/.local/lib/python3.7/site-packages/airflow/example_dags/example_trigger_target_dag.py
[2023-05-17T13:23:31.893+0000] {processor.py:799} INFO - Processing file /home/airflow/.local/lib/python3.7/site-packages/airflow/example_dags/example_trigger_target_dag.py for tasks to queue
[2023-05-17T13:23:31.898+0000] {logging_mixin.py:149} INFO - [2023-05-17T13:23:31.897+0000] {dagbag.py:541} INFO - Filling up the DagBag from /home/airflow/.local/lib/python3.7/site-packages/airflow/example_dags/example_trigger_target_dag.py
[2023-05-17T13:23:31.923+0000] {processor.py:809} INFO - DAG(s) dict_keys(['example_trigger_target_dag']) retrieved from /home/airflow/.local/lib/python3.7/site-packages/airflow/example_dags/example_trigger_target_dag.py
[2023-05-17T13:23:32.067+0000] {logging_mixin.py:149} INFO - [2023-05-17T13:23:32.067+0000] {dag.py:2726} INFO - Sync 1 DAGs
[2023-05-17T13:23:32.197+0000] {logging_mixin.py:149} INFO - [2023-05-17T13:23:32.196+0000] {dag.py:3490} INFO - Setting next_dagrun for example_trigger_target_dag to None, run_after=None
[2023-05-17T13:23:32.557+0000] {processor.py:178} INFO - Processing /home/airflow/.local/lib/python3.7/site-packages/airflow/example_dags/example_trigger_target_dag.py took 0.682 seconds
[2023-05-17T13:24:03.038+0000] {processor.py:156} INFO - Started process (PID=1616) to work on /home/airflow/.local/lib/python3.7/site-packages/airflow/example_dags/example_trigger_target_dag.py
[2023-05-17T13:24:03.050+0000] {processor.py:799} INFO - Processing file /home/airflow/.local/lib/python3.7/site-packages/airflow/example_dags/example_trigger_target_dag.py for tasks to queue
[2023-05-17T13:24:03.053+0000] {logging_mixin.py:149} INFO - [2023-05-17T13:24:03.053+0000] {dagbag.py:541} INFO - Filling up the DagBag from /home/airflow/.local/lib/python3.7/site-packages/airflow/example_dags/example_trigger_target_dag.py
[2023-05-17T13:24:03.081+0000] {processor.py:809} INFO - DAG(s) dict_keys(['example_trigger_target_dag']) retrieved from /home/airflow/.local/lib/python3.7/site-packages/airflow/example_dags/example_trigger_target_dag.py
[2023-05-17T13:24:03.159+0000] {logging_mixin.py:149} INFO - [2023-05-17T13:24:03.158+0000] {dag.py:2726} INFO - Sync 1 DAGs
[2023-05-17T13:24:03.268+0000] {logging_mixin.py:149} INFO - [2023-05-17T13:24:03.267+0000] {dag.py:3490} INFO - Setting next_dagrun for example_trigger_target_dag to None, run_after=None
[2023-05-17T13:24:03.601+0000] {processor.py:178} INFO - Processing /home/airflow/.local/lib/python3.7/site-packages/airflow/example_dags/example_trigger_target_dag.py took 0.617 seconds
[2023-05-17T13:24:34.412+0000] {processor.py:156} INFO - Started process (PID=1674) to work on /home/airflow/.local/lib/python3.7/site-packages/airflow/example_dags/example_trigger_target_dag.py
[2023-05-17T13:24:34.417+0000] {processor.py:799} INFO - Processing file /home/airflow/.local/lib/python3.7/site-packages/airflow/example_dags/example_trigger_target_dag.py for tasks to queue
[2023-05-17T13:24:34.419+0000] {logging_mixin.py:149} INFO - [2023-05-17T13:24:34.419+0000] {dagbag.py:541} INFO - Filling up the DagBag from /home/airflow/.local/lib/python3.7/site-packages/airflow/example_dags/example_trigger_target_dag.py
[2023-05-17T13:24:34.438+0000] {processor.py:809} INFO - DAG(s) dict_keys(['example_trigger_target_dag']) retrieved from /home/airflow/.local/lib/python3.7/site-packages/airflow/example_dags/example_trigger_target_dag.py
[2023-05-17T13:24:34.523+0000] {logging_mixin.py:149} INFO - [2023-05-17T13:24:34.523+0000] {dag.py:2726} INFO - Sync 1 DAGs
[2023-05-17T13:24:34.612+0000] {logging_mixin.py:149} INFO - [2023-05-17T13:24:34.612+0000] {dag.py:3490} INFO - Setting next_dagrun for example_trigger_target_dag to None, run_after=None
[2023-05-17T13:24:34.818+0000] {processor.py:178} INFO - Processing /home/airflow/.local/lib/python3.7/site-packages/airflow/example_dags/example_trigger_target_dag.py took 0.415 seconds
[2023-05-17T13:25:05.348+0000] {processor.py:156} INFO - Started process (PID=1733) to work on /home/airflow/.local/lib/python3.7/site-packages/airflow/example_dags/example_trigger_target_dag.py
[2023-05-17T13:25:05.351+0000] {processor.py:799} INFO - Processing file /home/airflow/.local/lib/python3.7/site-packages/airflow/example_dags/example_trigger_target_dag.py for tasks to queue
[2023-05-17T13:25:05.355+0000] {logging_mixin.py:149} INFO - [2023-05-17T13:25:05.355+0000] {dagbag.py:541} INFO - Filling up the DagBag from /home/airflow/.local/lib/python3.7/site-packages/airflow/example_dags/example_trigger_target_dag.py
[2023-05-17T13:25:05.368+0000] {processor.py:809} INFO - DAG(s) dict_keys(['example_trigger_target_dag']) retrieved from /home/airflow/.local/lib/python3.7/site-packages/airflow/example_dags/example_trigger_target_dag.py
[2023-05-17T13:25:05.426+0000] {logging_mixin.py:149} INFO - [2023-05-17T13:25:05.426+0000] {dag.py:2726} INFO - Sync 1 DAGs
[2023-05-17T13:25:05.500+0000] {logging_mixin.py:149} INFO - [2023-05-17T13:25:05.499+0000] {dag.py:3490} INFO - Setting next_dagrun for example_trigger_target_dag to None, run_after=None
[2023-05-17T13:25:05.699+0000] {processor.py:178} INFO - Processing /home/airflow/.local/lib/python3.7/site-packages/airflow/example_dags/example_trigger_target_dag.py took 0.357 seconds
[2023-05-17T13:25:36.491+0000] {processor.py:156} INFO - Started process (PID=1791) to work on /home/airflow/.local/lib/python3.7/site-packages/airflow/example_dags/example_trigger_target_dag.py
[2023-05-17T13:25:36.495+0000] {processor.py:799} INFO - Processing file /home/airflow/.local/lib/python3.7/site-packages/airflow/example_dags/example_trigger_target_dag.py for tasks to queue
[2023-05-17T13:25:36.497+0000] {logging_mixin.py:149} INFO - [2023-05-17T13:25:36.497+0000] {dagbag.py:541} INFO - Filling up the DagBag from /home/airflow/.local/lib/python3.7/site-packages/airflow/example_dags/example_trigger_target_dag.py
[2023-05-17T13:25:36.553+0000] {processor.py:809} INFO - DAG(s) dict_keys(['example_trigger_target_dag']) retrieved from /home/airflow/.local/lib/python3.7/site-packages/airflow/example_dags/example_trigger_target_dag.py
[2023-05-17T13:25:36.631+0000] {logging_mixin.py:149} INFO - [2023-05-17T13:25:36.631+0000] {dag.py:2726} INFO - Sync 1 DAGs
[2023-05-17T13:25:36.693+0000] {logging_mixin.py:149} INFO - [2023-05-17T13:25:36.692+0000] {dag.py:3490} INFO - Setting next_dagrun for example_trigger_target_dag to None, run_after=None
[2023-05-17T13:25:37.048+0000] {processor.py:178} INFO - Processing /home/airflow/.local/lib/python3.7/site-packages/airflow/example_dags/example_trigger_target_dag.py took 0.564 seconds
[2023-05-17T13:26:12.913+0000] {processor.py:156} INFO - Started process (PID=1848) to work on /home/airflow/.local/lib/python3.7/site-packages/airflow/example_dags/example_trigger_target_dag.py
[2023-05-17T13:26:12.917+0000] {processor.py:799} INFO - Processing file /home/airflow/.local/lib/python3.7/site-packages/airflow/example_dags/example_trigger_target_dag.py for tasks to queue
[2023-05-17T13:26:12.922+0000] {logging_mixin.py:149} INFO - [2023-05-17T13:26:12.921+0000] {dagbag.py:541} INFO - Filling up the DagBag from /home/airflow/.local/lib/python3.7/site-packages/airflow/example_dags/example_trigger_target_dag.py
[2023-05-17T13:26:12.937+0000] {processor.py:809} INFO - DAG(s) dict_keys(['example_trigger_target_dag']) retrieved from /home/airflow/.local/lib/python3.7/site-packages/airflow/example_dags/example_trigger_target_dag.py
[2023-05-17T13:26:13.043+0000] {logging_mixin.py:149} INFO - [2023-05-17T13:26:13.032+0000] {dag.py:2726} INFO - Sync 1 DAGs
[2023-05-17T13:26:13.201+0000] {logging_mixin.py:149} INFO - [2023-05-17T13:26:13.200+0000] {dag.py:3490} INFO - Setting next_dagrun for example_trigger_target_dag to None, run_after=None
[2023-05-17T13:26:13.377+0000] {processor.py:178} INFO - Processing /home/airflow/.local/lib/python3.7/site-packages/airflow/example_dags/example_trigger_target_dag.py took 0.471 seconds
[2023-05-17T13:26:43.744+0000] {processor.py:156} INFO - Started process (PID=1902) to work on /home/airflow/.local/lib/python3.7/site-packages/airflow/example_dags/example_trigger_target_dag.py
[2023-05-17T13:26:43.751+0000] {processor.py:799} INFO - Processing file /home/airflow/.local/lib/python3.7/site-packages/airflow/example_dags/example_trigger_target_dag.py for tasks to queue
[2023-05-17T13:26:43.754+0000] {logging_mixin.py:149} INFO - [2023-05-17T13:26:43.754+0000] {dagbag.py:541} INFO - Filling up the DagBag from /home/airflow/.local/lib/python3.7/site-packages/airflow/example_dags/example_trigger_target_dag.py
[2023-05-17T13:26:43.823+0000] {processor.py:809} INFO - DAG(s) dict_keys(['example_trigger_target_dag']) retrieved from /home/airflow/.local/lib/python3.7/site-packages/airflow/example_dags/example_trigger_target_dag.py
[2023-05-17T13:26:44.004+0000] {logging_mixin.py:149} INFO - [2023-05-17T13:26:44.003+0000] {dag.py:2726} INFO - Sync 1 DAGs
[2023-05-17T13:26:44.132+0000] {logging_mixin.py:149} INFO - [2023-05-17T13:26:44.131+0000] {dag.py:3490} INFO - Setting next_dagrun for example_trigger_target_dag to None, run_after=None
[2023-05-17T13:26:44.438+0000] {processor.py:178} INFO - Processing /home/airflow/.local/lib/python3.7/site-packages/airflow/example_dags/example_trigger_target_dag.py took 0.712 seconds
[2023-05-17T13:32:12.378+0000] {processor.py:156} INFO - Started process (PID=72) to work on /home/airflow/.local/lib/python3.7/site-packages/airflow/example_dags/example_trigger_target_dag.py
[2023-05-17T13:32:12.389+0000] {processor.py:799} INFO - Processing file /home/airflow/.local/lib/python3.7/site-packages/airflow/example_dags/example_trigger_target_dag.py for tasks to queue
[2023-05-17T13:32:12.392+0000] {logging_mixin.py:149} INFO - [2023-05-17T13:32:12.391+0000] {dagbag.py:541} INFO - Filling up the DagBag from /home/airflow/.local/lib/python3.7/site-packages/airflow/example_dags/example_trigger_target_dag.py
[2023-05-17T13:32:12.425+0000] {processor.py:809} INFO - DAG(s) dict_keys(['example_trigger_target_dag']) retrieved from /home/airflow/.local/lib/python3.7/site-packages/airflow/example_dags/example_trigger_target_dag.py
[2023-05-17T13:32:12.562+0000] {logging_mixin.py:149} INFO - [2023-05-17T13:32:12.562+0000] {dag.py:2726} INFO - Sync 1 DAGs
[2023-05-17T13:32:12.690+0000] {logging_mixin.py:149} INFO - [2023-05-17T13:32:12.690+0000] {dag.py:3490} INFO - Setting next_dagrun for example_trigger_target_dag to None, run_after=None
[2023-05-17T13:32:13.051+0000] {processor.py:178} INFO - Processing /home/airflow/.local/lib/python3.7/site-packages/airflow/example_dags/example_trigger_target_dag.py took 0.690 seconds
[2023-05-17T13:33:50.260+0000] {processor.py:156} INFO - Started process (PID=135) to work on /home/airflow/.local/lib/python3.7/site-packages/airflow/example_dags/example_trigger_target_dag.py
[2023-05-17T13:33:50.266+0000] {processor.py:799} INFO - Processing file /home/airflow/.local/lib/python3.7/site-packages/airflow/example_dags/example_trigger_target_dag.py for tasks to queue
[2023-05-17T13:33:50.270+0000] {logging_mixin.py:149} INFO - [2023-05-17T13:33:50.269+0000] {dagbag.py:541} INFO - Filling up the DagBag from /home/airflow/.local/lib/python3.7/site-packages/airflow/example_dags/example_trigger_target_dag.py
[2023-05-17T13:33:50.600+0000] {processor.py:809} INFO - DAG(s) dict_keys(['example_trigger_target_dag']) retrieved from /home/airflow/.local/lib/python3.7/site-packages/airflow/example_dags/example_trigger_target_dag.py
[2023-05-17T13:33:50.692+0000] {logging_mixin.py:149} INFO - [2023-05-17T13:33:50.692+0000] {dag.py:2726} INFO - Sync 1 DAGs
[2023-05-17T13:33:50.784+0000] {logging_mixin.py:149} INFO - [2023-05-17T13:33:50.784+0000] {dag.py:3490} INFO - Setting next_dagrun for example_trigger_target_dag to None, run_after=None
[2023-05-17T13:33:52.142+0000] {processor.py:178} INFO - Processing /home/airflow/.local/lib/python3.7/site-packages/airflow/example_dags/example_trigger_target_dag.py took 1.896 seconds
[2023-05-17T13:35:06.200+0000] {processor.py:156} INFO - Started process (PID=199) to work on /home/airflow/.local/lib/python3.7/site-packages/airflow/example_dags/example_trigger_target_dag.py
[2023-05-17T13:35:06.202+0000] {processor.py:799} INFO - Processing file /home/airflow/.local/lib/python3.7/site-packages/airflow/example_dags/example_trigger_target_dag.py for tasks to queue
[2023-05-17T13:35:06.205+0000] {logging_mixin.py:149} INFO - [2023-05-17T13:35:06.204+0000] {dagbag.py:541} INFO - Filling up the DagBag from /home/airflow/.local/lib/python3.7/site-packages/airflow/example_dags/example_trigger_target_dag.py
[2023-05-17T13:35:06.219+0000] {processor.py:809} INFO - DAG(s) dict_keys(['example_trigger_target_dag']) retrieved from /home/airflow/.local/lib/python3.7/site-packages/airflow/example_dags/example_trigger_target_dag.py
[2023-05-17T13:36:33.010+0000] {logging_mixin.py:149} INFO - [2023-05-17T13:36:33.010+0000] {dag.py:2726} INFO - Sync 1 DAGs
[2023-05-17T13:37:05.092+0000] {processor.py:156} INFO - Started process (PID=269) to work on /home/airflow/.local/lib/python3.7/site-packages/airflow/example_dags/example_trigger_target_dag.py
[2023-05-17T13:37:05.095+0000] {processor.py:799} INFO - Processing file /home/airflow/.local/lib/python3.7/site-packages/airflow/example_dags/example_trigger_target_dag.py for tasks to queue
[2023-05-17T13:37:05.097+0000] {logging_mixin.py:149} INFO - [2023-05-17T13:37:05.097+0000] {dagbag.py:541} INFO - Filling up the DagBag from /home/airflow/.local/lib/python3.7/site-packages/airflow/example_dags/example_trigger_target_dag.py
[2023-05-17T13:37:05.108+0000] {processor.py:809} INFO - DAG(s) dict_keys(['example_trigger_target_dag']) retrieved from /home/airflow/.local/lib/python3.7/site-packages/airflow/example_dags/example_trigger_target_dag.py
[2023-05-17T13:37:05.422+0000] {logging_mixin.py:149} INFO - [2023-05-17T13:37:05.422+0000] {dag.py:2726} INFO - Sync 1 DAGs
[2023-05-17T13:37:05.491+0000] {logging_mixin.py:149} INFO - [2023-05-17T13:37:05.491+0000] {dag.py:3490} INFO - Setting next_dagrun for example_trigger_target_dag to None, run_after=None
[2023-05-17T13:37:06.420+0000] {processor.py:178} INFO - Processing /home/airflow/.local/lib/python3.7/site-packages/airflow/example_dags/example_trigger_target_dag.py took 1.333 seconds
[2023-05-17T13:37:36.898+0000] {processor.py:156} INFO - Started process (PID=323) to work on /home/airflow/.local/lib/python3.7/site-packages/airflow/example_dags/example_trigger_target_dag.py
[2023-05-17T13:37:36.901+0000] {processor.py:799} INFO - Processing file /home/airflow/.local/lib/python3.7/site-packages/airflow/example_dags/example_trigger_target_dag.py for tasks to queue
[2023-05-17T13:37:36.903+0000] {logging_mixin.py:149} INFO - [2023-05-17T13:37:36.902+0000] {dagbag.py:541} INFO - Filling up the DagBag from /home/airflow/.local/lib/python3.7/site-packages/airflow/example_dags/example_trigger_target_dag.py
[2023-05-17T13:37:36.914+0000] {processor.py:809} INFO - DAG(s) dict_keys(['example_trigger_target_dag']) retrieved from /home/airflow/.local/lib/python3.7/site-packages/airflow/example_dags/example_trigger_target_dag.py
[2023-05-17T13:37:36.969+0000] {logging_mixin.py:149} INFO - [2023-05-17T13:37:36.969+0000] {dag.py:2726} INFO - Sync 1 DAGs
[2023-05-17T13:37:37.033+0000] {logging_mixin.py:149} INFO - [2023-05-17T13:37:37.032+0000] {dag.py:3490} INFO - Setting next_dagrun for example_trigger_target_dag to None, run_after=None
[2023-05-17T13:37:37.171+0000] {processor.py:178} INFO - Processing /home/airflow/.local/lib/python3.7/site-packages/airflow/example_dags/example_trigger_target_dag.py took 0.280 seconds
[2023-05-17T13:38:07.817+0000] {processor.py:156} INFO - Started process (PID=381) to work on /home/airflow/.local/lib/python3.7/site-packages/airflow/example_dags/example_trigger_target_dag.py
[2023-05-17T13:38:07.819+0000] {processor.py:799} INFO - Processing file /home/airflow/.local/lib/python3.7/site-packages/airflow/example_dags/example_trigger_target_dag.py for tasks to queue
[2023-05-17T13:38:07.822+0000] {logging_mixin.py:149} INFO - [2023-05-17T13:38:07.821+0000] {dagbag.py:541} INFO - Filling up the DagBag from /home/airflow/.local/lib/python3.7/site-packages/airflow/example_dags/example_trigger_target_dag.py
[2023-05-17T13:38:07.832+0000] {processor.py:809} INFO - DAG(s) dict_keys(['example_trigger_target_dag']) retrieved from /home/airflow/.local/lib/python3.7/site-packages/airflow/example_dags/example_trigger_target_dag.py
[2023-05-17T13:38:07.885+0000] {logging_mixin.py:149} INFO - [2023-05-17T13:38:07.885+0000] {dag.py:2726} INFO - Sync 1 DAGs
[2023-05-17T13:38:07.965+0000] {logging_mixin.py:149} INFO - [2023-05-17T13:38:07.965+0000] {dag.py:3490} INFO - Setting next_dagrun for example_trigger_target_dag to None, run_after=None
[2023-05-17T13:38:08.202+0000] {processor.py:178} INFO - Processing /home/airflow/.local/lib/python3.7/site-packages/airflow/example_dags/example_trigger_target_dag.py took 0.394 seconds
[2023-05-17T13:38:38.412+0000] {processor.py:156} INFO - Started process (PID=434) to work on /home/airflow/.local/lib/python3.7/site-packages/airflow/example_dags/example_trigger_target_dag.py
[2023-05-17T13:38:38.414+0000] {processor.py:799} INFO - Processing file /home/airflow/.local/lib/python3.7/site-packages/airflow/example_dags/example_trigger_target_dag.py for tasks to queue
[2023-05-17T13:38:38.416+0000] {logging_mixin.py:149} INFO - [2023-05-17T13:38:38.416+0000] {dagbag.py:541} INFO - Filling up the DagBag from /home/airflow/.local/lib/python3.7/site-packages/airflow/example_dags/example_trigger_target_dag.py
[2023-05-17T13:38:38.426+0000] {processor.py:809} INFO - DAG(s) dict_keys(['example_trigger_target_dag']) retrieved from /home/airflow/.local/lib/python3.7/site-packages/airflow/example_dags/example_trigger_target_dag.py
[2023-05-17T13:38:38.472+0000] {logging_mixin.py:149} INFO - [2023-05-17T13:38:38.472+0000] {dag.py:2726} INFO - Sync 1 DAGs
[2023-05-17T13:38:38.522+0000] {logging_mixin.py:149} INFO - [2023-05-17T13:38:38.521+0000] {dag.py:3490} INFO - Setting next_dagrun for example_trigger_target_dag to None, run_after=None
[2023-05-17T13:38:38.612+0000] {processor.py:178} INFO - Processing /home/airflow/.local/lib/python3.7/site-packages/airflow/example_dags/example_trigger_target_dag.py took 0.206 seconds
[2023-05-17T13:39:08.850+0000] {processor.py:156} INFO - Started process (PID=493) to work on /home/airflow/.local/lib/python3.7/site-packages/airflow/example_dags/example_trigger_target_dag.py
[2023-05-17T13:39:08.853+0000] {processor.py:799} INFO - Processing file /home/airflow/.local/lib/python3.7/site-packages/airflow/example_dags/example_trigger_target_dag.py for tasks to queue
[2023-05-17T13:39:08.856+0000] {logging_mixin.py:149} INFO - [2023-05-17T13:39:08.856+0000] {dagbag.py:541} INFO - Filling up the DagBag from /home/airflow/.local/lib/python3.7/site-packages/airflow/example_dags/example_trigger_target_dag.py
[2023-05-17T13:39:08.872+0000] {processor.py:809} INFO - DAG(s) dict_keys(['example_trigger_target_dag']) retrieved from /home/airflow/.local/lib/python3.7/site-packages/airflow/example_dags/example_trigger_target_dag.py
[2023-05-17T13:39:08.941+0000] {logging_mixin.py:149} INFO - [2023-05-17T13:39:08.940+0000] {dag.py:2726} INFO - Sync 1 DAGs
[2023-05-17T13:39:09.036+0000] {logging_mixin.py:149} INFO - [2023-05-17T13:39:09.035+0000] {dag.py:3490} INFO - Setting next_dagrun for example_trigger_target_dag to None, run_after=None
[2023-05-17T13:39:09.506+0000] {processor.py:178} INFO - Processing /home/airflow/.local/lib/python3.7/site-packages/airflow/example_dags/example_trigger_target_dag.py took 0.668 seconds
[2023-05-17T13:39:39.954+0000] {processor.py:156} INFO - Started process (PID=552) to work on /home/airflow/.local/lib/python3.7/site-packages/airflow/example_dags/example_trigger_target_dag.py
[2023-05-17T13:39:39.958+0000] {processor.py:799} INFO - Processing file /home/airflow/.local/lib/python3.7/site-packages/airflow/example_dags/example_trigger_target_dag.py for tasks to queue
[2023-05-17T13:39:39.961+0000] {logging_mixin.py:149} INFO - [2023-05-17T13:39:39.961+0000] {dagbag.py:541} INFO - Filling up the DagBag from /home/airflow/.local/lib/python3.7/site-packages/airflow/example_dags/example_trigger_target_dag.py
[2023-05-17T13:39:39.980+0000] {processor.py:809} INFO - DAG(s) dict_keys(['example_trigger_target_dag']) retrieved from /home/airflow/.local/lib/python3.7/site-packages/airflow/example_dags/example_trigger_target_dag.py
[2023-05-17T13:39:40.053+0000] {logging_mixin.py:149} INFO - [2023-05-17T13:39:40.052+0000] {dag.py:2726} INFO - Sync 1 DAGs
[2023-05-17T13:39:40.128+0000] {logging_mixin.py:149} INFO - [2023-05-17T13:39:40.128+0000] {dag.py:3490} INFO - Setting next_dagrun for example_trigger_target_dag to None, run_after=None
[2023-05-17T13:39:40.680+0000] {processor.py:178} INFO - Processing /home/airflow/.local/lib/python3.7/site-packages/airflow/example_dags/example_trigger_target_dag.py took 0.737 seconds
[2023-05-17T13:40:11.404+0000] {processor.py:156} INFO - Started process (PID=609) to work on /home/airflow/.local/lib/python3.7/site-packages/airflow/example_dags/example_trigger_target_dag.py
[2023-05-17T13:40:11.413+0000] {processor.py:799} INFO - Processing file /home/airflow/.local/lib/python3.7/site-packages/airflow/example_dags/example_trigger_target_dag.py for tasks to queue
[2023-05-17T13:40:11.416+0000] {logging_mixin.py:149} INFO - [2023-05-17T13:40:11.416+0000] {dagbag.py:541} INFO - Filling up the DagBag from /home/airflow/.local/lib/python3.7/site-packages/airflow/example_dags/example_trigger_target_dag.py
[2023-05-17T13:40:11.437+0000] {processor.py:809} INFO - DAG(s) dict_keys(['example_trigger_target_dag']) retrieved from /home/airflow/.local/lib/python3.7/site-packages/airflow/example_dags/example_trigger_target_dag.py
[2023-05-17T13:40:11.590+0000] {logging_mixin.py:149} INFO - [2023-05-17T13:40:11.589+0000] {dag.py:2726} INFO - Sync 1 DAGs
[2023-05-17T13:40:11.704+0000] {logging_mixin.py:149} INFO - [2023-05-17T13:40:11.703+0000] {dag.py:3490} INFO - Setting next_dagrun for example_trigger_target_dag to None, run_after=None
[2023-05-17T13:40:11.847+0000] {processor.py:178} INFO - Processing /home/airflow/.local/lib/python3.7/site-packages/airflow/example_dags/example_trigger_target_dag.py took 0.450 seconds
