[2023-05-17T13:04:38.390+0000] {processor.py:156} INFO - Started process (PID=119) to work on /home/airflow/.local/lib/python3.7/site-packages/airflow/example_dags/example_nested_branch_dag.py
[2023-05-17T13:04:38.405+0000] {processor.py:799} INFO - Processing file /home/airflow/.local/lib/python3.7/site-packages/airflow/example_dags/example_nested_branch_dag.py for tasks to queue
[2023-05-17T13:04:38.406+0000] {logging_mixin.py:149} INFO - [2023-05-17T13:04:38.406+0000] {dagbag.py:541} INFO - Filling up the DagBag from /home/airflow/.local/lib/python3.7/site-packages/airflow/example_dags/example_nested_branch_dag.py
[2023-05-17T13:04:38.547+0000] {processor.py:809} INFO - DAG(s) dict_keys(['example_nested_branch_dag']) retrieved from /home/airflow/.local/lib/python3.7/site-packages/airflow/example_dags/example_nested_branch_dag.py
[2023-05-17T13:04:39.500+0000] {logging_mixin.py:149} INFO - [2023-05-17T13:04:39.499+0000] {manager.py:504} INFO - Created Permission View: can read on DAG:example_nested_branch_dag
[2023-05-17T13:04:39.971+0000] {logging_mixin.py:149} INFO - [2023-05-17T13:04:39.971+0000] {manager.py:504} INFO - Created Permission View: can edit on DAG:example_nested_branch_dag
[2023-05-17T13:04:40.640+0000] {logging_mixin.py:149} INFO - [2023-05-17T13:04:40.639+0000] {manager.py:504} INFO - Created Permission View: can delete on DAG:example_nested_branch_dag
[2023-05-17T13:04:40.665+0000] {logging_mixin.py:149} INFO - [2023-05-17T13:04:40.665+0000] {dag.py:2726} INFO - Sync 1 DAGs
[2023-05-17T13:04:40.767+0000] {logging_mixin.py:149} INFO - [2023-05-17T13:04:40.766+0000] {dag.py:2747} INFO - Creating ORM DAG for example_nested_branch_dag
[2023-05-17T13:04:40.848+0000] {logging_mixin.py:149} INFO - [2023-05-17T13:04:40.848+0000] {dag.py:3490} INFO - Setting next_dagrun for example_nested_branch_dag to 2023-05-16T00:00:00+00:00, run_after=2023-05-17T00:00:00+00:00
[2023-05-17T13:04:42.851+0000] {processor.py:178} INFO - Processing /home/airflow/.local/lib/python3.7/site-packages/airflow/example_dags/example_nested_branch_dag.py took 4.468 seconds
[2023-05-17T13:09:01.676+0000] {processor.py:156} INFO - Started process (PID=217) to work on /home/airflow/.local/lib/python3.7/site-packages/airflow/example_dags/example_nested_branch_dag.py
[2023-05-17T13:09:01.679+0000] {processor.py:799} INFO - Processing file /home/airflow/.local/lib/python3.7/site-packages/airflow/example_dags/example_nested_branch_dag.py for tasks to queue
[2023-05-17T13:09:01.683+0000] {logging_mixin.py:149} INFO - [2023-05-17T13:09:01.682+0000] {dagbag.py:541} INFO - Filling up the DagBag from /home/airflow/.local/lib/python3.7/site-packages/airflow/example_dags/example_nested_branch_dag.py
[2023-05-17T13:09:01.731+0000] {processor.py:809} INFO - DAG(s) dict_keys(['example_nested_branch_dag']) retrieved from /home/airflow/.local/lib/python3.7/site-packages/airflow/example_dags/example_nested_branch_dag.py
[2023-05-17T13:09:01.809+0000] {logging_mixin.py:149} INFO - [2023-05-17T13:09:01.808+0000] {dag.py:2726} INFO - Sync 1 DAGs
[2023-05-17T13:09:01.943+0000] {logging_mixin.py:149} INFO - [2023-05-17T13:09:01.943+0000] {dag.py:3490} INFO - Setting next_dagrun for example_nested_branch_dag to 2023-05-16T00:00:00+00:00, run_after=2023-05-17T00:00:00+00:00
[2023-05-17T13:09:02.198+0000] {processor.py:178} INFO - Processing /home/airflow/.local/lib/python3.7/site-packages/airflow/example_dags/example_nested_branch_dag.py took 0.535 seconds
[2023-05-17T13:09:32.895+0000] {processor.py:156} INFO - Started process (PID=264) to work on /home/airflow/.local/lib/python3.7/site-packages/airflow/example_dags/example_nested_branch_dag.py
[2023-05-17T13:09:32.899+0000] {processor.py:799} INFO - Processing file /home/airflow/.local/lib/python3.7/site-packages/airflow/example_dags/example_nested_branch_dag.py for tasks to queue
[2023-05-17T13:09:32.902+0000] {logging_mixin.py:149} INFO - [2023-05-17T13:09:32.901+0000] {dagbag.py:541} INFO - Filling up the DagBag from /home/airflow/.local/lib/python3.7/site-packages/airflow/example_dags/example_nested_branch_dag.py
[2023-05-17T13:09:32.952+0000] {processor.py:809} INFO - DAG(s) dict_keys(['example_nested_branch_dag']) retrieved from /home/airflow/.local/lib/python3.7/site-packages/airflow/example_dags/example_nested_branch_dag.py
[2023-05-17T13:09:33.053+0000] {logging_mixin.py:149} INFO - [2023-05-17T13:09:33.051+0000] {dag.py:2726} INFO - Sync 1 DAGs
[2023-05-17T13:09:33.127+0000] {logging_mixin.py:149} INFO - [2023-05-17T13:09:33.127+0000] {dag.py:3490} INFO - Setting next_dagrun for example_nested_branch_dag to 2023-05-16T00:00:00+00:00, run_after=2023-05-17T00:00:00+00:00
[2023-05-17T13:09:33.371+0000] {processor.py:178} INFO - Processing /home/airflow/.local/lib/python3.7/site-packages/airflow/example_dags/example_nested_branch_dag.py took 0.495 seconds
[2023-05-17T13:10:09.016+0000] {processor.py:156} INFO - Started process (PID=323) to work on /home/airflow/.local/lib/python3.7/site-packages/airflow/example_dags/example_nested_branch_dag.py
[2023-05-17T13:10:09.024+0000] {processor.py:799} INFO - Processing file /home/airflow/.local/lib/python3.7/site-packages/airflow/example_dags/example_nested_branch_dag.py for tasks to queue
[2023-05-17T13:10:09.035+0000] {logging_mixin.py:149} INFO - [2023-05-17T13:10:09.035+0000] {dagbag.py:541} INFO - Filling up the DagBag from /home/airflow/.local/lib/python3.7/site-packages/airflow/example_dags/example_nested_branch_dag.py
[2023-05-17T13:10:09.227+0000] {processor.py:809} INFO - DAG(s) dict_keys(['example_nested_branch_dag']) retrieved from /home/airflow/.local/lib/python3.7/site-packages/airflow/example_dags/example_nested_branch_dag.py
[2023-05-17T13:10:10.701+0000] {logging_mixin.py:149} INFO - [2023-05-17T13:10:10.701+0000] {dag.py:2726} INFO - Sync 1 DAGs
[2023-05-17T13:10:10.810+0000] {logging_mixin.py:149} INFO - [2023-05-17T13:10:10.810+0000] {dag.py:3490} INFO - Setting next_dagrun for example_nested_branch_dag to 2023-05-16T00:00:00+00:00, run_after=2023-05-17T00:00:00+00:00
[2023-05-17T13:10:11.220+0000] {processor.py:178} INFO - Processing /home/airflow/.local/lib/python3.7/site-packages/airflow/example_dags/example_nested_branch_dag.py took 2.266 seconds
[2023-05-17T13:10:41.747+0000] {processor.py:156} INFO - Started process (PID=380) to work on /home/airflow/.local/lib/python3.7/site-packages/airflow/example_dags/example_nested_branch_dag.py
[2023-05-17T13:10:41.749+0000] {processor.py:799} INFO - Processing file /home/airflow/.local/lib/python3.7/site-packages/airflow/example_dags/example_nested_branch_dag.py for tasks to queue
[2023-05-17T13:10:41.751+0000] {logging_mixin.py:149} INFO - [2023-05-17T13:10:41.750+0000] {dagbag.py:541} INFO - Filling up the DagBag from /home/airflow/.local/lib/python3.7/site-packages/airflow/example_dags/example_nested_branch_dag.py
[2023-05-17T13:10:41.781+0000] {processor.py:809} INFO - DAG(s) dict_keys(['example_nested_branch_dag']) retrieved from /home/airflow/.local/lib/python3.7/site-packages/airflow/example_dags/example_nested_branch_dag.py
[2023-05-17T13:10:41.862+0000] {logging_mixin.py:149} INFO - [2023-05-17T13:10:41.860+0000] {dag.py:2726} INFO - Sync 1 DAGs
[2023-05-17T13:10:41.952+0000] {logging_mixin.py:149} INFO - [2023-05-17T13:10:41.952+0000] {dag.py:3490} INFO - Setting next_dagrun for example_nested_branch_dag to 2023-05-16T00:00:00+00:00, run_after=2023-05-17T00:00:00+00:00
[2023-05-17T13:10:42.183+0000] {processor.py:178} INFO - Processing /home/airflow/.local/lib/python3.7/site-packages/airflow/example_dags/example_nested_branch_dag.py took 0.447 seconds
[2023-05-17T13:11:14.406+0000] {processor.py:156} INFO - Started process (PID=433) to work on /home/airflow/.local/lib/python3.7/site-packages/airflow/example_dags/example_nested_branch_dag.py
[2023-05-17T13:11:14.409+0000] {processor.py:799} INFO - Processing file /home/airflow/.local/lib/python3.7/site-packages/airflow/example_dags/example_nested_branch_dag.py for tasks to queue
[2023-05-17T13:11:14.411+0000] {logging_mixin.py:149} INFO - [2023-05-17T13:11:14.410+0000] {dagbag.py:541} INFO - Filling up the DagBag from /home/airflow/.local/lib/python3.7/site-packages/airflow/example_dags/example_nested_branch_dag.py
[2023-05-17T13:11:14.442+0000] {processor.py:809} INFO - DAG(s) dict_keys(['example_nested_branch_dag']) retrieved from /home/airflow/.local/lib/python3.7/site-packages/airflow/example_dags/example_nested_branch_dag.py
[2023-05-17T13:11:14.543+0000] {logging_mixin.py:149} INFO - [2023-05-17T13:11:14.543+0000] {dag.py:2726} INFO - Sync 1 DAGs
[2023-05-17T13:11:14.680+0000] {logging_mixin.py:149} INFO - [2023-05-17T13:11:14.680+0000] {dag.py:3490} INFO - Setting next_dagrun for example_nested_branch_dag to 2023-05-16T00:00:00+00:00, run_after=2023-05-17T00:00:00+00:00
[2023-05-17T13:11:14.893+0000] {processor.py:178} INFO - Processing /home/airflow/.local/lib/python3.7/site-packages/airflow/example_dags/example_nested_branch_dag.py took 0.495 seconds
[2023-05-17T13:11:47.485+0000] {processor.py:156} INFO - Started process (PID=485) to work on /home/airflow/.local/lib/python3.7/site-packages/airflow/example_dags/example_nested_branch_dag.py
[2023-05-17T13:11:47.487+0000] {processor.py:799} INFO - Processing file /home/airflow/.local/lib/python3.7/site-packages/airflow/example_dags/example_nested_branch_dag.py for tasks to queue
[2023-05-17T13:11:47.489+0000] {logging_mixin.py:149} INFO - [2023-05-17T13:11:47.489+0000] {dagbag.py:541} INFO - Filling up the DagBag from /home/airflow/.local/lib/python3.7/site-packages/airflow/example_dags/example_nested_branch_dag.py
[2023-05-17T13:11:47.514+0000] {processor.py:809} INFO - DAG(s) dict_keys(['example_nested_branch_dag']) retrieved from /home/airflow/.local/lib/python3.7/site-packages/airflow/example_dags/example_nested_branch_dag.py
[2023-05-17T13:11:47.583+0000] {logging_mixin.py:149} INFO - [2023-05-17T13:11:47.583+0000] {dag.py:2726} INFO - Sync 1 DAGs
[2023-05-17T13:11:47.682+0000] {logging_mixin.py:149} INFO - [2023-05-17T13:11:47.681+0000] {dag.py:3490} INFO - Setting next_dagrun for example_nested_branch_dag to 2023-05-16T00:00:00+00:00, run_after=2023-05-17T00:00:00+00:00
[2023-05-17T13:11:48.029+0000] {processor.py:178} INFO - Processing /home/airflow/.local/lib/python3.7/site-packages/airflow/example_dags/example_nested_branch_dag.py took 0.551 seconds
[2023-05-17T13:12:18.924+0000] {processor.py:156} INFO - Started process (PID=543) to work on /home/airflow/.local/lib/python3.7/site-packages/airflow/example_dags/example_nested_branch_dag.py
[2023-05-17T13:12:18.931+0000] {processor.py:799} INFO - Processing file /home/airflow/.local/lib/python3.7/site-packages/airflow/example_dags/example_nested_branch_dag.py for tasks to queue
[2023-05-17T13:12:18.944+0000] {logging_mixin.py:149} INFO - [2023-05-17T13:12:18.943+0000] {dagbag.py:541} INFO - Filling up the DagBag from /home/airflow/.local/lib/python3.7/site-packages/airflow/example_dags/example_nested_branch_dag.py
[2023-05-17T13:12:18.998+0000] {processor.py:809} INFO - DAG(s) dict_keys(['example_nested_branch_dag']) retrieved from /home/airflow/.local/lib/python3.7/site-packages/airflow/example_dags/example_nested_branch_dag.py
[2023-05-17T13:12:19.163+0000] {logging_mixin.py:149} INFO - [2023-05-17T13:12:19.162+0000] {dag.py:2726} INFO - Sync 1 DAGs
[2023-05-17T13:12:19.399+0000] {logging_mixin.py:149} INFO - [2023-05-17T13:12:19.398+0000] {dag.py:3490} INFO - Setting next_dagrun for example_nested_branch_dag to 2023-05-16T00:00:00+00:00, run_after=2023-05-17T00:00:00+00:00
[2023-05-17T13:12:19.568+0000] {processor.py:178} INFO - Processing /home/airflow/.local/lib/python3.7/site-packages/airflow/example_dags/example_nested_branch_dag.py took 0.658 seconds
[2023-05-17T13:13:06.419+0000] {processor.py:156} INFO - Started process (PID=600) to work on /home/airflow/.local/lib/python3.7/site-packages/airflow/example_dags/example_nested_branch_dag.py
[2023-05-17T13:13:06.471+0000] {processor.py:799} INFO - Processing file /home/airflow/.local/lib/python3.7/site-packages/airflow/example_dags/example_nested_branch_dag.py for tasks to queue
[2023-05-17T13:13:06.475+0000] {logging_mixin.py:149} INFO - [2023-05-17T13:13:06.475+0000] {dagbag.py:541} INFO - Filling up the DagBag from /home/airflow/.local/lib/python3.7/site-packages/airflow/example_dags/example_nested_branch_dag.py
[2023-05-17T13:13:07.715+0000] {processor.py:809} INFO - DAG(s) dict_keys(['example_nested_branch_dag']) retrieved from /home/airflow/.local/lib/python3.7/site-packages/airflow/example_dags/example_nested_branch_dag.py
[2023-05-17T13:13:08.034+0000] {logging_mixin.py:149} INFO - [2023-05-17T13:13:08.034+0000] {dag.py:2726} INFO - Sync 1 DAGs
[2023-05-17T13:13:08.274+0000] {logging_mixin.py:149} INFO - [2023-05-17T13:13:08.273+0000] {dag.py:3490} INFO - Setting next_dagrun for example_nested_branch_dag to 2023-05-16T00:00:00+00:00, run_after=2023-05-17T00:00:00+00:00
[2023-05-17T13:13:08.909+0000] {processor.py:178} INFO - Processing /home/airflow/.local/lib/python3.7/site-packages/airflow/example_dags/example_nested_branch_dag.py took 2.500 seconds
[2023-05-17T13:13:39.243+0000] {processor.py:156} INFO - Started process (PID=659) to work on /home/airflow/.local/lib/python3.7/site-packages/airflow/example_dags/example_nested_branch_dag.py
[2023-05-17T13:13:39.246+0000] {processor.py:799} INFO - Processing file /home/airflow/.local/lib/python3.7/site-packages/airflow/example_dags/example_nested_branch_dag.py for tasks to queue
[2023-05-17T13:13:39.249+0000] {logging_mixin.py:149} INFO - [2023-05-17T13:13:39.249+0000] {dagbag.py:541} INFO - Filling up the DagBag from /home/airflow/.local/lib/python3.7/site-packages/airflow/example_dags/example_nested_branch_dag.py
[2023-05-17T13:13:39.282+0000] {processor.py:809} INFO - DAG(s) dict_keys(['example_nested_branch_dag']) retrieved from /home/airflow/.local/lib/python3.7/site-packages/airflow/example_dags/example_nested_branch_dag.py
[2023-05-17T13:13:39.396+0000] {logging_mixin.py:149} INFO - [2023-05-17T13:13:39.395+0000] {dag.py:2726} INFO - Sync 1 DAGs
[2023-05-17T13:13:39.487+0000] {logging_mixin.py:149} INFO - [2023-05-17T13:13:39.487+0000] {dag.py:3490} INFO - Setting next_dagrun for example_nested_branch_dag to 2023-05-16T00:00:00+00:00, run_after=2023-05-17T00:00:00+00:00
[2023-05-17T13:13:39.785+0000] {processor.py:178} INFO - Processing /home/airflow/.local/lib/python3.7/site-packages/airflow/example_dags/example_nested_branch_dag.py took 0.552 seconds
[2023-05-17T13:14:10.650+0000] {processor.py:156} INFO - Started process (PID=716) to work on /home/airflow/.local/lib/python3.7/site-packages/airflow/example_dags/example_nested_branch_dag.py
[2023-05-17T13:14:10.655+0000] {processor.py:799} INFO - Processing file /home/airflow/.local/lib/python3.7/site-packages/airflow/example_dags/example_nested_branch_dag.py for tasks to queue
[2023-05-17T13:14:10.658+0000] {logging_mixin.py:149} INFO - [2023-05-17T13:14:10.658+0000] {dagbag.py:541} INFO - Filling up the DagBag from /home/airflow/.local/lib/python3.7/site-packages/airflow/example_dags/example_nested_branch_dag.py
[2023-05-17T13:14:10.718+0000] {processor.py:809} INFO - DAG(s) dict_keys(['example_nested_branch_dag']) retrieved from /home/airflow/.local/lib/python3.7/site-packages/airflow/example_dags/example_nested_branch_dag.py
[2023-05-17T13:14:10.825+0000] {logging_mixin.py:149} INFO - [2023-05-17T13:14:10.825+0000] {dag.py:2726} INFO - Sync 1 DAGs
[2023-05-17T13:14:11.066+0000] {logging_mixin.py:149} INFO - [2023-05-17T13:14:11.065+0000] {dag.py:3490} INFO - Setting next_dagrun for example_nested_branch_dag to 2023-05-16T00:00:00+00:00, run_after=2023-05-17T00:00:00+00:00
[2023-05-17T13:14:11.285+0000] {processor.py:178} INFO - Processing /home/airflow/.local/lib/python3.7/site-packages/airflow/example_dags/example_nested_branch_dag.py took 0.889 seconds
[2023-05-17T13:15:05.236+0000] {processor.py:156} INFO - Started process (PID=746) to work on /home/airflow/.local/lib/python3.7/site-packages/airflow/example_dags/example_nested_branch_dag.py
[2023-05-17T13:15:05.238+0000] {processor.py:799} INFO - Processing file /home/airflow/.local/lib/python3.7/site-packages/airflow/example_dags/example_nested_branch_dag.py for tasks to queue
[2023-05-17T13:15:05.240+0000] {logging_mixin.py:149} INFO - [2023-05-17T13:15:05.240+0000] {dagbag.py:541} INFO - Filling up the DagBag from /home/airflow/.local/lib/python3.7/site-packages/airflow/example_dags/example_nested_branch_dag.py
[2023-05-17T13:15:05.272+0000] {processor.py:809} INFO - DAG(s) dict_keys(['example_nested_branch_dag']) retrieved from /home/airflow/.local/lib/python3.7/site-packages/airflow/example_dags/example_nested_branch_dag.py
[2023-05-17T13:15:05.345+0000] {logging_mixin.py:149} INFO - [2023-05-17T13:15:05.345+0000] {dag.py:2726} INFO - Sync 1 DAGs
[2023-05-17T13:15:05.410+0000] {logging_mixin.py:149} INFO - [2023-05-17T13:15:05.410+0000] {dag.py:3490} INFO - Setting next_dagrun for example_nested_branch_dag to 2023-05-16T00:00:00+00:00, run_after=2023-05-17T00:00:00+00:00
[2023-05-17T13:15:06.176+0000] {processor.py:178} INFO - Processing /home/airflow/.local/lib/python3.7/site-packages/airflow/example_dags/example_nested_branch_dag.py took 0.952 seconds
[2023-05-17T13:15:36.679+0000] {processor.py:156} INFO - Started process (PID=804) to work on /home/airflow/.local/lib/python3.7/site-packages/airflow/example_dags/example_nested_branch_dag.py
[2023-05-17T13:15:36.682+0000] {processor.py:799} INFO - Processing file /home/airflow/.local/lib/python3.7/site-packages/airflow/example_dags/example_nested_branch_dag.py for tasks to queue
[2023-05-17T13:15:36.683+0000] {logging_mixin.py:149} INFO - [2023-05-17T13:15:36.683+0000] {dagbag.py:541} INFO - Filling up the DagBag from /home/airflow/.local/lib/python3.7/site-packages/airflow/example_dags/example_nested_branch_dag.py
[2023-05-17T13:15:36.706+0000] {processor.py:809} INFO - DAG(s) dict_keys(['example_nested_branch_dag']) retrieved from /home/airflow/.local/lib/python3.7/site-packages/airflow/example_dags/example_nested_branch_dag.py
[2023-05-17T13:15:36.775+0000] {logging_mixin.py:149} INFO - [2023-05-17T13:15:36.774+0000] {dag.py:2726} INFO - Sync 1 DAGs
[2023-05-17T13:15:36.857+0000] {logging_mixin.py:149} INFO - [2023-05-17T13:15:36.857+0000] {dag.py:3490} INFO - Setting next_dagrun for example_nested_branch_dag to 2023-05-16T00:00:00+00:00, run_after=2023-05-17T00:00:00+00:00
[2023-05-17T13:15:36.959+0000] {processor.py:178} INFO - Processing /home/airflow/.local/lib/python3.7/site-packages/airflow/example_dags/example_nested_branch_dag.py took 0.288 seconds
[2023-05-17T13:16:07.069+0000] {processor.py:156} INFO - Started process (PID=862) to work on /home/airflow/.local/lib/python3.7/site-packages/airflow/example_dags/example_nested_branch_dag.py
[2023-05-17T13:16:07.071+0000] {processor.py:799} INFO - Processing file /home/airflow/.local/lib/python3.7/site-packages/airflow/example_dags/example_nested_branch_dag.py for tasks to queue
[2023-05-17T13:16:07.074+0000] {logging_mixin.py:149} INFO - [2023-05-17T13:16:07.073+0000] {dagbag.py:541} INFO - Filling up the DagBag from /home/airflow/.local/lib/python3.7/site-packages/airflow/example_dags/example_nested_branch_dag.py
[2023-05-17T13:16:07.104+0000] {processor.py:809} INFO - DAG(s) dict_keys(['example_nested_branch_dag']) retrieved from /home/airflow/.local/lib/python3.7/site-packages/airflow/example_dags/example_nested_branch_dag.py
[2023-05-17T13:16:07.180+0000] {logging_mixin.py:149} INFO - [2023-05-17T13:16:07.178+0000] {dag.py:2726} INFO - Sync 1 DAGs
[2023-05-17T13:16:07.271+0000] {logging_mixin.py:149} INFO - [2023-05-17T13:16:07.270+0000] {dag.py:3490} INFO - Setting next_dagrun for example_nested_branch_dag to 2023-05-16T00:00:00+00:00, run_after=2023-05-17T00:00:00+00:00
[2023-05-17T13:16:07.399+0000] {processor.py:178} INFO - Processing /home/airflow/.local/lib/python3.7/site-packages/airflow/example_dags/example_nested_branch_dag.py took 0.340 seconds
[2023-05-17T13:16:41.077+0000] {processor.py:156} INFO - Started process (PID=919) to work on /home/airflow/.local/lib/python3.7/site-packages/airflow/example_dags/example_nested_branch_dag.py
[2023-05-17T13:16:41.079+0000] {processor.py:799} INFO - Processing file /home/airflow/.local/lib/python3.7/site-packages/airflow/example_dags/example_nested_branch_dag.py for tasks to queue
[2023-05-17T13:16:41.081+0000] {logging_mixin.py:149} INFO - [2023-05-17T13:16:41.081+0000] {dagbag.py:541} INFO - Filling up the DagBag from /home/airflow/.local/lib/python3.7/site-packages/airflow/example_dags/example_nested_branch_dag.py
[2023-05-17T13:16:41.109+0000] {processor.py:809} INFO - DAG(s) dict_keys(['example_nested_branch_dag']) retrieved from /home/airflow/.local/lib/python3.7/site-packages/airflow/example_dags/example_nested_branch_dag.py
[2023-05-17T13:16:41.182+0000] {logging_mixin.py:149} INFO - [2023-05-17T13:16:41.181+0000] {dag.py:2726} INFO - Sync 1 DAGs
[2023-05-17T13:16:41.258+0000] {logging_mixin.py:149} INFO - [2023-05-17T13:16:41.258+0000] {dag.py:3490} INFO - Setting next_dagrun for example_nested_branch_dag to 2023-05-16T00:00:00+00:00, run_after=2023-05-17T00:00:00+00:00
[2023-05-17T13:16:41.430+0000] {processor.py:178} INFO - Processing /home/airflow/.local/lib/python3.7/site-packages/airflow/example_dags/example_nested_branch_dag.py took 0.361 seconds
[2023-05-17T13:17:16.625+0000] {processor.py:156} INFO - Started process (PID=974) to work on /home/airflow/.local/lib/python3.7/site-packages/airflow/example_dags/example_nested_branch_dag.py
[2023-05-17T13:17:16.627+0000] {processor.py:799} INFO - Processing file /home/airflow/.local/lib/python3.7/site-packages/airflow/example_dags/example_nested_branch_dag.py for tasks to queue
[2023-05-17T13:17:16.631+0000] {logging_mixin.py:149} INFO - [2023-05-17T13:17:16.630+0000] {dagbag.py:541} INFO - Filling up the DagBag from /home/airflow/.local/lib/python3.7/site-packages/airflow/example_dags/example_nested_branch_dag.py
[2023-05-17T13:17:16.662+0000] {processor.py:809} INFO - DAG(s) dict_keys(['example_nested_branch_dag']) retrieved from /home/airflow/.local/lib/python3.7/site-packages/airflow/example_dags/example_nested_branch_dag.py
[2023-05-17T13:17:16.771+0000] {logging_mixin.py:149} INFO - [2023-05-17T13:17:16.770+0000] {dag.py:2726} INFO - Sync 1 DAGs
[2023-05-17T13:17:17.080+0000] {logging_mixin.py:149} INFO - [2023-05-17T13:17:17.079+0000] {dag.py:3490} INFO - Setting next_dagrun for example_nested_branch_dag to 2023-05-16T00:00:00+00:00, run_after=2023-05-17T00:00:00+00:00
[2023-05-17T13:17:17.357+0000] {processor.py:178} INFO - Processing /home/airflow/.local/lib/python3.7/site-packages/airflow/example_dags/example_nested_branch_dag.py took 0.740 seconds
[2023-05-17T13:17:55.138+0000] {processor.py:156} INFO - Started process (PID=1030) to work on /home/airflow/.local/lib/python3.7/site-packages/airflow/example_dags/example_nested_branch_dag.py
[2023-05-17T13:17:55.141+0000] {processor.py:799} INFO - Processing file /home/airflow/.local/lib/python3.7/site-packages/airflow/example_dags/example_nested_branch_dag.py for tasks to queue
[2023-05-17T13:17:55.143+0000] {logging_mixin.py:149} INFO - [2023-05-17T13:17:55.143+0000] {dagbag.py:541} INFO - Filling up the DagBag from /home/airflow/.local/lib/python3.7/site-packages/airflow/example_dags/example_nested_branch_dag.py
[2023-05-17T13:17:55.175+0000] {processor.py:809} INFO - DAG(s) dict_keys(['example_nested_branch_dag']) retrieved from /home/airflow/.local/lib/python3.7/site-packages/airflow/example_dags/example_nested_branch_dag.py
[2023-05-17T13:17:55.266+0000] {logging_mixin.py:149} INFO - [2023-05-17T13:17:55.265+0000] {dag.py:2726} INFO - Sync 1 DAGs
[2023-05-17T13:17:55.747+0000] {logging_mixin.py:149} INFO - [2023-05-17T13:17:55.746+0000] {dag.py:3490} INFO - Setting next_dagrun for example_nested_branch_dag to 2023-05-16T00:00:00+00:00, run_after=2023-05-17T00:00:00+00:00
[2023-05-17T13:17:56.648+0000] {processor.py:178} INFO - Processing /home/airflow/.local/lib/python3.7/site-packages/airflow/example_dags/example_nested_branch_dag.py took 1.520 seconds
[2023-05-17T13:18:42.870+0000] {processor.py:156} INFO - Started process (PID=1093) to work on /home/airflow/.local/lib/python3.7/site-packages/airflow/example_dags/example_nested_branch_dag.py
[2023-05-17T13:18:42.872+0000] {processor.py:799} INFO - Processing file /home/airflow/.local/lib/python3.7/site-packages/airflow/example_dags/example_nested_branch_dag.py for tasks to queue
[2023-05-17T13:18:42.874+0000] {logging_mixin.py:149} INFO - [2023-05-17T13:18:42.874+0000] {dagbag.py:541} INFO - Filling up the DagBag from /home/airflow/.local/lib/python3.7/site-packages/airflow/example_dags/example_nested_branch_dag.py
[2023-05-17T13:18:42.907+0000] {processor.py:809} INFO - DAG(s) dict_keys(['example_nested_branch_dag']) retrieved from /home/airflow/.local/lib/python3.7/site-packages/airflow/example_dags/example_nested_branch_dag.py
[2023-05-17T13:18:42.982+0000] {logging_mixin.py:149} INFO - [2023-05-17T13:18:42.981+0000] {dag.py:2726} INFO - Sync 1 DAGs
[2023-05-17T13:18:43.062+0000] {logging_mixin.py:149} INFO - [2023-05-17T13:18:43.062+0000] {dag.py:3490} INFO - Setting next_dagrun for example_nested_branch_dag to 2023-05-16T00:00:00+00:00, run_after=2023-05-17T00:00:00+00:00
[2023-05-17T13:18:43.575+0000] {processor.py:178} INFO - Processing /home/airflow/.local/lib/python3.7/site-packages/airflow/example_dags/example_nested_branch_dag.py took 0.712 seconds
[2023-05-17T13:19:14.490+0000] {processor.py:156} INFO - Started process (PID=1148) to work on /home/airflow/.local/lib/python3.7/site-packages/airflow/example_dags/example_nested_branch_dag.py
[2023-05-17T13:19:14.492+0000] {processor.py:799} INFO - Processing file /home/airflow/.local/lib/python3.7/site-packages/airflow/example_dags/example_nested_branch_dag.py for tasks to queue
[2023-05-17T13:19:14.494+0000] {logging_mixin.py:149} INFO - [2023-05-17T13:19:14.494+0000] {dagbag.py:541} INFO - Filling up the DagBag from /home/airflow/.local/lib/python3.7/site-packages/airflow/example_dags/example_nested_branch_dag.py
[2023-05-17T13:19:14.517+0000] {processor.py:809} INFO - DAG(s) dict_keys(['example_nested_branch_dag']) retrieved from /home/airflow/.local/lib/python3.7/site-packages/airflow/example_dags/example_nested_branch_dag.py
[2023-05-17T13:19:14.589+0000] {logging_mixin.py:149} INFO - [2023-05-17T13:19:14.589+0000] {dag.py:2726} INFO - Sync 1 DAGs
[2023-05-17T13:19:14.661+0000] {logging_mixin.py:149} INFO - [2023-05-17T13:19:14.660+0000] {dag.py:3490} INFO - Setting next_dagrun for example_nested_branch_dag to 2023-05-16T00:00:00+00:00, run_after=2023-05-17T00:00:00+00:00
[2023-05-17T13:19:15.212+0000] {processor.py:178} INFO - Processing /home/airflow/.local/lib/python3.7/site-packages/airflow/example_dags/example_nested_branch_dag.py took 0.728 seconds
[2023-05-17T13:19:45.326+0000] {processor.py:156} INFO - Started process (PID=1199) to work on /home/airflow/.local/lib/python3.7/site-packages/airflow/example_dags/example_nested_branch_dag.py
[2023-05-17T13:19:45.328+0000] {processor.py:799} INFO - Processing file /home/airflow/.local/lib/python3.7/site-packages/airflow/example_dags/example_nested_branch_dag.py for tasks to queue
[2023-05-17T13:19:45.331+0000] {logging_mixin.py:149} INFO - [2023-05-17T13:19:45.330+0000] {dagbag.py:541} INFO - Filling up the DagBag from /home/airflow/.local/lib/python3.7/site-packages/airflow/example_dags/example_nested_branch_dag.py
[2023-05-17T13:19:45.367+0000] {processor.py:809} INFO - DAG(s) dict_keys(['example_nested_branch_dag']) retrieved from /home/airflow/.local/lib/python3.7/site-packages/airflow/example_dags/example_nested_branch_dag.py
[2023-05-17T13:19:45.433+0000] {logging_mixin.py:149} INFO - [2023-05-17T13:19:45.433+0000] {dag.py:2726} INFO - Sync 1 DAGs
[2023-05-17T13:19:45.498+0000] {logging_mixin.py:149} INFO - [2023-05-17T13:19:45.497+0000] {dag.py:3490} INFO - Setting next_dagrun for example_nested_branch_dag to 2023-05-16T00:00:00+00:00, run_after=2023-05-17T00:00:00+00:00
[2023-05-17T13:19:46.239+0000] {processor.py:178} INFO - Processing /home/airflow/.local/lib/python3.7/site-packages/airflow/example_dags/example_nested_branch_dag.py took 0.919 seconds
[2023-05-17T13:20:16.613+0000] {processor.py:156} INFO - Started process (PID=1257) to work on /home/airflow/.local/lib/python3.7/site-packages/airflow/example_dags/example_nested_branch_dag.py
[2023-05-17T13:20:16.616+0000] {processor.py:799} INFO - Processing file /home/airflow/.local/lib/python3.7/site-packages/airflow/example_dags/example_nested_branch_dag.py for tasks to queue
[2023-05-17T13:20:16.618+0000] {logging_mixin.py:149} INFO - [2023-05-17T13:20:16.617+0000] {dagbag.py:541} INFO - Filling up the DagBag from /home/airflow/.local/lib/python3.7/site-packages/airflow/example_dags/example_nested_branch_dag.py
[2023-05-17T13:20:16.665+0000] {processor.py:809} INFO - DAG(s) dict_keys(['example_nested_branch_dag']) retrieved from /home/airflow/.local/lib/python3.7/site-packages/airflow/example_dags/example_nested_branch_dag.py
[2023-05-17T13:20:16.736+0000] {logging_mixin.py:149} INFO - [2023-05-17T13:20:16.736+0000] {dag.py:2726} INFO - Sync 1 DAGs
[2023-05-17T13:20:16.849+0000] {logging_mixin.py:149} INFO - [2023-05-17T13:20:16.849+0000] {dag.py:3490} INFO - Setting next_dagrun for example_nested_branch_dag to 2023-05-16T00:00:00+00:00, run_after=2023-05-17T00:00:00+00:00
[2023-05-17T13:20:17.249+0000] {processor.py:178} INFO - Processing /home/airflow/.local/lib/python3.7/site-packages/airflow/example_dags/example_nested_branch_dag.py took 0.645 seconds
[2023-05-17T13:20:49.651+0000] {processor.py:156} INFO - Started process (PID=1322) to work on /home/airflow/.local/lib/python3.7/site-packages/airflow/example_dags/example_nested_branch_dag.py
[2023-05-17T13:20:49.662+0000] {processor.py:799} INFO - Processing file /home/airflow/.local/lib/python3.7/site-packages/airflow/example_dags/example_nested_branch_dag.py for tasks to queue
[2023-05-17T13:20:49.666+0000] {logging_mixin.py:149} INFO - [2023-05-17T13:20:49.666+0000] {dagbag.py:541} INFO - Filling up the DagBag from /home/airflow/.local/lib/python3.7/site-packages/airflow/example_dags/example_nested_branch_dag.py
[2023-05-17T13:20:49.721+0000] {processor.py:809} INFO - DAG(s) dict_keys(['example_nested_branch_dag']) retrieved from /home/airflow/.local/lib/python3.7/site-packages/airflow/example_dags/example_nested_branch_dag.py
[2023-05-17T13:20:49.898+0000] {logging_mixin.py:149} INFO - [2023-05-17T13:20:49.898+0000] {dag.py:2726} INFO - Sync 1 DAGs
[2023-05-17T13:20:50.011+0000] {logging_mixin.py:149} INFO - [2023-05-17T13:20:50.011+0000] {dag.py:3490} INFO - Setting next_dagrun for example_nested_branch_dag to 2023-05-16T00:00:00+00:00, run_after=2023-05-17T00:00:00+00:00
[2023-05-17T13:20:50.216+0000] {processor.py:178} INFO - Processing /home/airflow/.local/lib/python3.7/site-packages/airflow/example_dags/example_nested_branch_dag.py took 0.578 seconds
[2023-05-17T13:21:21.184+0000] {processor.py:156} INFO - Started process (PID=1380) to work on /home/airflow/.local/lib/python3.7/site-packages/airflow/example_dags/example_nested_branch_dag.py
[2023-05-17T13:21:21.188+0000] {processor.py:799} INFO - Processing file /home/airflow/.local/lib/python3.7/site-packages/airflow/example_dags/example_nested_branch_dag.py for tasks to queue
[2023-05-17T13:21:21.191+0000] {logging_mixin.py:149} INFO - [2023-05-17T13:21:21.190+0000] {dagbag.py:541} INFO - Filling up the DagBag from /home/airflow/.local/lib/python3.7/site-packages/airflow/example_dags/example_nested_branch_dag.py
[2023-05-17T13:21:21.215+0000] {processor.py:809} INFO - DAG(s) dict_keys(['example_nested_branch_dag']) retrieved from /home/airflow/.local/lib/python3.7/site-packages/airflow/example_dags/example_nested_branch_dag.py
[2023-05-17T13:21:21.287+0000] {logging_mixin.py:149} INFO - [2023-05-17T13:21:21.287+0000] {dag.py:2726} INFO - Sync 1 DAGs
[2023-05-17T13:21:21.412+0000] {logging_mixin.py:149} INFO - [2023-05-17T13:21:21.411+0000] {dag.py:3490} INFO - Setting next_dagrun for example_nested_branch_dag to 2023-05-16T00:00:00+00:00, run_after=2023-05-17T00:00:00+00:00
[2023-05-17T13:21:21.629+0000] {processor.py:178} INFO - Processing /home/airflow/.local/lib/python3.7/site-packages/airflow/example_dags/example_nested_branch_dag.py took 0.453 seconds
[2023-05-17T13:21:52.373+0000] {processor.py:156} INFO - Started process (PID=1439) to work on /home/airflow/.local/lib/python3.7/site-packages/airflow/example_dags/example_nested_branch_dag.py
[2023-05-17T13:21:52.376+0000] {processor.py:799} INFO - Processing file /home/airflow/.local/lib/python3.7/site-packages/airflow/example_dags/example_nested_branch_dag.py for tasks to queue
[2023-05-17T13:21:52.380+0000] {logging_mixin.py:149} INFO - [2023-05-17T13:21:52.378+0000] {dagbag.py:541} INFO - Filling up the DagBag from /home/airflow/.local/lib/python3.7/site-packages/airflow/example_dags/example_nested_branch_dag.py
[2023-05-17T13:21:52.482+0000] {processor.py:809} INFO - DAG(s) dict_keys(['example_nested_branch_dag']) retrieved from /home/airflow/.local/lib/python3.7/site-packages/airflow/example_dags/example_nested_branch_dag.py
[2023-05-17T13:21:52.729+0000] {logging_mixin.py:149} INFO - [2023-05-17T13:21:52.727+0000] {dag.py:2726} INFO - Sync 1 DAGs
[2023-05-17T13:21:52.852+0000] {logging_mixin.py:149} INFO - [2023-05-17T13:21:52.851+0000] {dag.py:3490} INFO - Setting next_dagrun for example_nested_branch_dag to 2023-05-16T00:00:00+00:00, run_after=2023-05-17T00:00:00+00:00
[2023-05-17T13:21:53.124+0000] {processor.py:178} INFO - Processing /home/airflow/.local/lib/python3.7/site-packages/airflow/example_dags/example_nested_branch_dag.py took 0.757 seconds
[2023-05-17T13:22:52.668+0000] {processor.py:156} INFO - Started process (PID=1494) to work on /home/airflow/.local/lib/python3.7/site-packages/airflow/example_dags/example_nested_branch_dag.py
[2023-05-17T13:22:52.671+0000] {processor.py:799} INFO - Processing file /home/airflow/.local/lib/python3.7/site-packages/airflow/example_dags/example_nested_branch_dag.py for tasks to queue
[2023-05-17T13:22:52.688+0000] {logging_mixin.py:149} INFO - [2023-05-17T13:22:52.688+0000] {dagbag.py:541} INFO - Filling up the DagBag from /home/airflow/.local/lib/python3.7/site-packages/airflow/example_dags/example_nested_branch_dag.py
[2023-05-17T13:22:52.748+0000] {processor.py:809} INFO - DAG(s) dict_keys(['example_nested_branch_dag']) retrieved from /home/airflow/.local/lib/python3.7/site-packages/airflow/example_dags/example_nested_branch_dag.py
[2023-05-17T13:22:52.912+0000] {logging_mixin.py:149} INFO - [2023-05-17T13:22:52.912+0000] {dag.py:2726} INFO - Sync 1 DAGs
[2023-05-17T13:22:53.150+0000] {logging_mixin.py:149} INFO - [2023-05-17T13:22:53.150+0000] {dag.py:3490} INFO - Setting next_dagrun for example_nested_branch_dag to 2023-05-16T00:00:00+00:00, run_after=2023-05-17T00:00:00+00:00
[2023-05-17T13:22:53.519+0000] {processor.py:178} INFO - Processing /home/airflow/.local/lib/python3.7/site-packages/airflow/example_dags/example_nested_branch_dag.py took 0.869 seconds
[2023-05-17T13:23:24.566+0000] {processor.py:156} INFO - Started process (PID=1551) to work on /home/airflow/.local/lib/python3.7/site-packages/airflow/example_dags/example_nested_branch_dag.py
[2023-05-17T13:23:24.577+0000] {processor.py:799} INFO - Processing file /home/airflow/.local/lib/python3.7/site-packages/airflow/example_dags/example_nested_branch_dag.py for tasks to queue
[2023-05-17T13:23:24.589+0000] {logging_mixin.py:149} INFO - [2023-05-17T13:23:24.588+0000] {dagbag.py:541} INFO - Filling up the DagBag from /home/airflow/.local/lib/python3.7/site-packages/airflow/example_dags/example_nested_branch_dag.py
[2023-05-17T13:23:24.649+0000] {processor.py:809} INFO - DAG(s) dict_keys(['example_nested_branch_dag']) retrieved from /home/airflow/.local/lib/python3.7/site-packages/airflow/example_dags/example_nested_branch_dag.py
[2023-05-17T13:23:24.764+0000] {logging_mixin.py:149} INFO - [2023-05-17T13:23:24.763+0000] {dag.py:2726} INFO - Sync 1 DAGs
[2023-05-17T13:23:24.899+0000] {logging_mixin.py:149} INFO - [2023-05-17T13:23:24.899+0000] {dag.py:3490} INFO - Setting next_dagrun for example_nested_branch_dag to 2023-05-16T00:00:00+00:00, run_after=2023-05-17T00:00:00+00:00
[2023-05-17T13:23:25.088+0000] {processor.py:178} INFO - Processing /home/airflow/.local/lib/python3.7/site-packages/airflow/example_dags/example_nested_branch_dag.py took 0.553 seconds
[2023-05-17T13:23:55.808+0000] {processor.py:156} INFO - Started process (PID=1608) to work on /home/airflow/.local/lib/python3.7/site-packages/airflow/example_dags/example_nested_branch_dag.py
[2023-05-17T13:23:55.810+0000] {processor.py:799} INFO - Processing file /home/airflow/.local/lib/python3.7/site-packages/airflow/example_dags/example_nested_branch_dag.py for tasks to queue
[2023-05-17T13:23:55.813+0000] {logging_mixin.py:149} INFO - [2023-05-17T13:23:55.812+0000] {dagbag.py:541} INFO - Filling up the DagBag from /home/airflow/.local/lib/python3.7/site-packages/airflow/example_dags/example_nested_branch_dag.py
[2023-05-17T13:23:55.837+0000] {processor.py:809} INFO - DAG(s) dict_keys(['example_nested_branch_dag']) retrieved from /home/airflow/.local/lib/python3.7/site-packages/airflow/example_dags/example_nested_branch_dag.py
[2023-05-17T13:23:55.903+0000] {logging_mixin.py:149} INFO - [2023-05-17T13:23:55.903+0000] {dag.py:2726} INFO - Sync 1 DAGs
[2023-05-17T13:23:55.977+0000] {logging_mixin.py:149} INFO - [2023-05-17T13:23:55.976+0000] {dag.py:3490} INFO - Setting next_dagrun for example_nested_branch_dag to 2023-05-16T00:00:00+00:00, run_after=2023-05-17T00:00:00+00:00
[2023-05-17T13:23:56.269+0000] {processor.py:178} INFO - Processing /home/airflow/.local/lib/python3.7/site-packages/airflow/example_dags/example_nested_branch_dag.py took 0.472 seconds
[2023-05-17T13:24:27.022+0000] {processor.py:156} INFO - Started process (PID=1667) to work on /home/airflow/.local/lib/python3.7/site-packages/airflow/example_dags/example_nested_branch_dag.py
[2023-05-17T13:24:27.024+0000] {processor.py:799} INFO - Processing file /home/airflow/.local/lib/python3.7/site-packages/airflow/example_dags/example_nested_branch_dag.py for tasks to queue
[2023-05-17T13:24:27.031+0000] {logging_mixin.py:149} INFO - [2023-05-17T13:24:27.030+0000] {dagbag.py:541} INFO - Filling up the DagBag from /home/airflow/.local/lib/python3.7/site-packages/airflow/example_dags/example_nested_branch_dag.py
[2023-05-17T13:24:27.052+0000] {processor.py:809} INFO - DAG(s) dict_keys(['example_nested_branch_dag']) retrieved from /home/airflow/.local/lib/python3.7/site-packages/airflow/example_dags/example_nested_branch_dag.py
[2023-05-17T13:24:27.118+0000] {logging_mixin.py:149} INFO - [2023-05-17T13:24:27.118+0000] {dag.py:2726} INFO - Sync 1 DAGs
[2023-05-17T13:24:27.199+0000] {logging_mixin.py:149} INFO - [2023-05-17T13:24:27.199+0000] {dag.py:3490} INFO - Setting next_dagrun for example_nested_branch_dag to 2023-05-16T00:00:00+00:00, run_after=2023-05-17T00:00:00+00:00
[2023-05-17T13:24:27.390+0000] {processor.py:178} INFO - Processing /home/airflow/.local/lib/python3.7/site-packages/airflow/example_dags/example_nested_branch_dag.py took 0.374 seconds
[2023-05-17T13:24:59.083+0000] {processor.py:156} INFO - Started process (PID=1726) to work on /home/airflow/.local/lib/python3.7/site-packages/airflow/example_dags/example_nested_branch_dag.py
[2023-05-17T13:24:59.086+0000] {processor.py:799} INFO - Processing file /home/airflow/.local/lib/python3.7/site-packages/airflow/example_dags/example_nested_branch_dag.py for tasks to queue
[2023-05-17T13:24:59.088+0000] {logging_mixin.py:149} INFO - [2023-05-17T13:24:59.088+0000] {dagbag.py:541} INFO - Filling up the DagBag from /home/airflow/.local/lib/python3.7/site-packages/airflow/example_dags/example_nested_branch_dag.py
[2023-05-17T13:24:59.121+0000] {processor.py:809} INFO - DAG(s) dict_keys(['example_nested_branch_dag']) retrieved from /home/airflow/.local/lib/python3.7/site-packages/airflow/example_dags/example_nested_branch_dag.py
[2023-05-17T13:24:59.243+0000] {logging_mixin.py:149} INFO - [2023-05-17T13:24:59.243+0000] {dag.py:2726} INFO - Sync 1 DAGs
[2023-05-17T13:24:59.355+0000] {logging_mixin.py:149} INFO - [2023-05-17T13:24:59.355+0000] {dag.py:3490} INFO - Setting next_dagrun for example_nested_branch_dag to 2023-05-16T00:00:00+00:00, run_after=2023-05-17T00:00:00+00:00
[2023-05-17T13:24:59.578+0000] {processor.py:178} INFO - Processing /home/airflow/.local/lib/python3.7/site-packages/airflow/example_dags/example_nested_branch_dag.py took 0.505 seconds
[2023-05-17T13:25:31.171+0000] {processor.py:156} INFO - Started process (PID=1784) to work on /home/airflow/.local/lib/python3.7/site-packages/airflow/example_dags/example_nested_branch_dag.py
[2023-05-17T13:25:31.175+0000] {processor.py:799} INFO - Processing file /home/airflow/.local/lib/python3.7/site-packages/airflow/example_dags/example_nested_branch_dag.py for tasks to queue
[2023-05-17T13:25:31.177+0000] {logging_mixin.py:149} INFO - [2023-05-17T13:25:31.177+0000] {dagbag.py:541} INFO - Filling up the DagBag from /home/airflow/.local/lib/python3.7/site-packages/airflow/example_dags/example_nested_branch_dag.py
[2023-05-17T13:25:31.237+0000] {processor.py:809} INFO - DAG(s) dict_keys(['example_nested_branch_dag']) retrieved from /home/airflow/.local/lib/python3.7/site-packages/airflow/example_dags/example_nested_branch_dag.py
[2023-05-17T13:25:31.332+0000] {logging_mixin.py:149} INFO - [2023-05-17T13:25:31.332+0000] {dag.py:2726} INFO - Sync 1 DAGs
[2023-05-17T13:25:31.461+0000] {logging_mixin.py:149} INFO - [2023-05-17T13:25:31.461+0000] {dag.py:3490} INFO - Setting next_dagrun for example_nested_branch_dag to 2023-05-16T00:00:00+00:00, run_after=2023-05-17T00:00:00+00:00
[2023-05-17T13:25:31.639+0000] {processor.py:178} INFO - Processing /home/airflow/.local/lib/python3.7/site-packages/airflow/example_dags/example_nested_branch_dag.py took 0.483 seconds
[2023-05-17T13:26:06.893+0000] {processor.py:156} INFO - Started process (PID=1841) to work on /home/airflow/.local/lib/python3.7/site-packages/airflow/example_dags/example_nested_branch_dag.py
[2023-05-17T13:26:06.895+0000] {processor.py:799} INFO - Processing file /home/airflow/.local/lib/python3.7/site-packages/airflow/example_dags/example_nested_branch_dag.py for tasks to queue
[2023-05-17T13:26:06.897+0000] {logging_mixin.py:149} INFO - [2023-05-17T13:26:06.897+0000] {dagbag.py:541} INFO - Filling up the DagBag from /home/airflow/.local/lib/python3.7/site-packages/airflow/example_dags/example_nested_branch_dag.py
[2023-05-17T13:26:07.047+0000] {processor.py:809} INFO - DAG(s) dict_keys(['example_nested_branch_dag']) retrieved from /home/airflow/.local/lib/python3.7/site-packages/airflow/example_dags/example_nested_branch_dag.py
[2023-05-17T13:26:07.110+0000] {logging_mixin.py:149} INFO - [2023-05-17T13:26:07.110+0000] {dag.py:2726} INFO - Sync 1 DAGs
[2023-05-17T13:26:07.178+0000] {logging_mixin.py:149} INFO - [2023-05-17T13:26:07.178+0000] {dag.py:3490} INFO - Setting next_dagrun for example_nested_branch_dag to 2023-05-16T00:00:00+00:00, run_after=2023-05-17T00:00:00+00:00
[2023-05-17T13:26:07.375+0000] {processor.py:178} INFO - Processing /home/airflow/.local/lib/python3.7/site-packages/airflow/example_dags/example_nested_branch_dag.py took 0.491 seconds
[2023-05-17T13:26:39.593+0000] {processor.py:156} INFO - Started process (PID=1894) to work on /home/airflow/.local/lib/python3.7/site-packages/airflow/example_dags/example_nested_branch_dag.py
[2023-05-17T13:26:39.595+0000] {processor.py:799} INFO - Processing file /home/airflow/.local/lib/python3.7/site-packages/airflow/example_dags/example_nested_branch_dag.py for tasks to queue
[2023-05-17T13:26:39.597+0000] {logging_mixin.py:149} INFO - [2023-05-17T13:26:39.597+0000] {dagbag.py:541} INFO - Filling up the DagBag from /home/airflow/.local/lib/python3.7/site-packages/airflow/example_dags/example_nested_branch_dag.py
[2023-05-17T13:26:39.647+0000] {processor.py:809} INFO - DAG(s) dict_keys(['example_nested_branch_dag']) retrieved from /home/airflow/.local/lib/python3.7/site-packages/airflow/example_dags/example_nested_branch_dag.py
[2023-05-17T13:26:39.730+0000] {logging_mixin.py:149} INFO - [2023-05-17T13:26:39.730+0000] {dag.py:2726} INFO - Sync 1 DAGs
[2023-05-17T13:26:39.836+0000] {logging_mixin.py:149} INFO - [2023-05-17T13:26:39.835+0000] {dag.py:3490} INFO - Setting next_dagrun for example_nested_branch_dag to 2023-05-16T00:00:00+00:00, run_after=2023-05-17T00:00:00+00:00
[2023-05-17T13:26:40.157+0000] {processor.py:178} INFO - Processing /home/airflow/.local/lib/python3.7/site-packages/airflow/example_dags/example_nested_branch_dag.py took 0.571 seconds
[2023-05-17T13:32:09.243+0000] {processor.py:156} INFO - Started process (PID=64) to work on /home/airflow/.local/lib/python3.7/site-packages/airflow/example_dags/example_nested_branch_dag.py
[2023-05-17T13:32:09.248+0000] {processor.py:799} INFO - Processing file /home/airflow/.local/lib/python3.7/site-packages/airflow/example_dags/example_nested_branch_dag.py for tasks to queue
[2023-05-17T13:32:09.257+0000] {logging_mixin.py:149} INFO - [2023-05-17T13:32:09.256+0000] {dagbag.py:541} INFO - Filling up the DagBag from /home/airflow/.local/lib/python3.7/site-packages/airflow/example_dags/example_nested_branch_dag.py
[2023-05-17T13:32:09.291+0000] {processor.py:809} INFO - DAG(s) dict_keys(['example_nested_branch_dag']) retrieved from /home/airflow/.local/lib/python3.7/site-packages/airflow/example_dags/example_nested_branch_dag.py
[2023-05-17T13:32:09.476+0000] {logging_mixin.py:149} INFO - [2023-05-17T13:32:09.476+0000] {dag.py:2726} INFO - Sync 1 DAGs
[2023-05-17T13:32:09.616+0000] {logging_mixin.py:149} INFO - [2023-05-17T13:32:09.616+0000] {dag.py:3490} INFO - Setting next_dagrun for example_nested_branch_dag to 2023-05-16T00:00:00+00:00, run_after=2023-05-17T00:00:00+00:00
[2023-05-17T13:32:09.828+0000] {processor.py:178} INFO - Processing /home/airflow/.local/lib/python3.7/site-packages/airflow/example_dags/example_nested_branch_dag.py took 0.605 seconds
[2023-05-17T13:33:39.807+0000] {processor.py:156} INFO - Started process (PID=127) to work on /home/airflow/.local/lib/python3.7/site-packages/airflow/example_dags/example_nested_branch_dag.py
[2023-05-17T13:33:39.812+0000] {processor.py:799} INFO - Processing file /home/airflow/.local/lib/python3.7/site-packages/airflow/example_dags/example_nested_branch_dag.py for tasks to queue
[2023-05-17T13:33:39.819+0000] {logging_mixin.py:149} INFO - [2023-05-17T13:33:39.818+0000] {dagbag.py:541} INFO - Filling up the DagBag from /home/airflow/.local/lib/python3.7/site-packages/airflow/example_dags/example_nested_branch_dag.py
[2023-05-17T13:33:40.761+0000] {processor.py:809} INFO - DAG(s) dict_keys(['example_nested_branch_dag']) retrieved from /home/airflow/.local/lib/python3.7/site-packages/airflow/example_dags/example_nested_branch_dag.py
[2023-05-17T13:33:40.877+0000] {logging_mixin.py:149} INFO - [2023-05-17T13:33:40.877+0000] {dag.py:2726} INFO - Sync 1 DAGs
[2023-05-17T13:33:41.001+0000] {logging_mixin.py:149} INFO - [2023-05-17T13:33:41.000+0000] {dag.py:3490} INFO - Setting next_dagrun for example_nested_branch_dag to 2023-05-16T00:00:00+00:00, run_after=2023-05-17T00:00:00+00:00
[2023-05-17T13:33:42.121+0000] {processor.py:178} INFO - Processing /home/airflow/.local/lib/python3.7/site-packages/airflow/example_dags/example_nested_branch_dag.py took 2.331 seconds
[2023-05-17T13:34:28.010+0000] {processor.py:156} INFO - Started process (PID=172) to work on /home/airflow/.local/lib/python3.7/site-packages/airflow/example_dags/example_nested_branch_dag.py
[2023-05-17T13:34:28.012+0000] {processor.py:799} INFO - Processing file /home/airflow/.local/lib/python3.7/site-packages/airflow/example_dags/example_nested_branch_dag.py for tasks to queue
[2023-05-17T13:34:28.014+0000] {logging_mixin.py:149} INFO - [2023-05-17T13:34:28.014+0000] {dagbag.py:541} INFO - Filling up the DagBag from /home/airflow/.local/lib/python3.7/site-packages/airflow/example_dags/example_nested_branch_dag.py
[2023-05-17T13:34:28.036+0000] {processor.py:809} INFO - DAG(s) dict_keys(['example_nested_branch_dag']) retrieved from /home/airflow/.local/lib/python3.7/site-packages/airflow/example_dags/example_nested_branch_dag.py
[2023-05-17T13:34:28.090+0000] {logging_mixin.py:149} INFO - [2023-05-17T13:34:28.090+0000] {dag.py:2726} INFO - Sync 1 DAGs
[2023-05-17T13:34:28.160+0000] {logging_mixin.py:149} INFO - [2023-05-17T13:34:28.159+0000] {dag.py:3490} INFO - Setting next_dagrun for example_nested_branch_dag to 2023-05-16T00:00:00+00:00, run_after=2023-05-17T00:00:00+00:00
[2023-05-17T13:34:28.837+0000] {processor.py:178} INFO - Processing /home/airflow/.local/lib/python3.7/site-packages/airflow/example_dags/example_nested_branch_dag.py took 0.833 seconds
[2023-05-17T13:36:39.700+0000] {processor.py:156} INFO - Started process (PID=230) to work on /home/airflow/.local/lib/python3.7/site-packages/airflow/example_dags/example_nested_branch_dag.py
[2023-05-17T13:36:39.705+0000] {processor.py:799} INFO - Processing file /home/airflow/.local/lib/python3.7/site-packages/airflow/example_dags/example_nested_branch_dag.py for tasks to queue
[2023-05-17T13:36:39.711+0000] {logging_mixin.py:149} INFO - [2023-05-17T13:36:39.711+0000] {dagbag.py:541} INFO - Filling up the DagBag from /home/airflow/.local/lib/python3.7/site-packages/airflow/example_dags/example_nested_branch_dag.py
[2023-05-17T13:36:39.775+0000] {processor.py:809} INFO - DAG(s) dict_keys(['example_nested_branch_dag']) retrieved from /home/airflow/.local/lib/python3.7/site-packages/airflow/example_dags/example_nested_branch_dag.py
[2023-05-17T13:36:39.859+0000] {logging_mixin.py:149} INFO - [2023-05-17T13:36:39.859+0000] {dag.py:2726} INFO - Sync 1 DAGs
[2023-05-17T13:36:39.949+0000] {logging_mixin.py:149} INFO - [2023-05-17T13:36:39.949+0000] {dag.py:3490} INFO - Setting next_dagrun for example_nested_branch_dag to 2023-05-16T00:00:00+00:00, run_after=2023-05-17T00:00:00+00:00
[2023-05-17T13:36:40.225+0000] {processor.py:178} INFO - Processing /home/airflow/.local/lib/python3.7/site-packages/airflow/example_dags/example_nested_branch_dag.py took 0.533 seconds
[2023-05-17T13:37:20.881+0000] {processor.py:156} INFO - Started process (PID=287) to work on /home/airflow/.local/lib/python3.7/site-packages/airflow/example_dags/example_nested_branch_dag.py
[2023-05-17T13:37:20.883+0000] {processor.py:799} INFO - Processing file /home/airflow/.local/lib/python3.7/site-packages/airflow/example_dags/example_nested_branch_dag.py for tasks to queue
[2023-05-17T13:37:20.885+0000] {logging_mixin.py:149} INFO - [2023-05-17T13:37:20.885+0000] {dagbag.py:541} INFO - Filling up the DagBag from /home/airflow/.local/lib/python3.7/site-packages/airflow/example_dags/example_nested_branch_dag.py
[2023-05-17T13:37:20.912+0000] {processor.py:809} INFO - DAG(s) dict_keys(['example_nested_branch_dag']) retrieved from /home/airflow/.local/lib/python3.7/site-packages/airflow/example_dags/example_nested_branch_dag.py
[2023-05-17T13:37:20.982+0000] {logging_mixin.py:149} INFO - [2023-05-17T13:37:20.982+0000] {dag.py:2726} INFO - Sync 1 DAGs
[2023-05-17T13:37:21.121+0000] {logging_mixin.py:149} INFO - [2023-05-17T13:37:21.121+0000] {dag.py:3490} INFO - Setting next_dagrun for example_nested_branch_dag to 2023-05-16T00:00:00+00:00, run_after=2023-05-17T00:00:00+00:00
[2023-05-17T13:37:21.320+0000] {processor.py:178} INFO - Processing /home/airflow/.local/lib/python3.7/site-packages/airflow/example_dags/example_nested_branch_dag.py took 0.448 seconds
[2023-05-17T13:37:51.749+0000] {processor.py:156} INFO - Started process (PID=341) to work on /home/airflow/.local/lib/python3.7/site-packages/airflow/example_dags/example_nested_branch_dag.py
[2023-05-17T13:37:51.751+0000] {processor.py:799} INFO - Processing file /home/airflow/.local/lib/python3.7/site-packages/airflow/example_dags/example_nested_branch_dag.py for tasks to queue
[2023-05-17T13:37:51.754+0000] {logging_mixin.py:149} INFO - [2023-05-17T13:37:51.754+0000] {dagbag.py:541} INFO - Filling up the DagBag from /home/airflow/.local/lib/python3.7/site-packages/airflow/example_dags/example_nested_branch_dag.py
[2023-05-17T13:37:51.793+0000] {processor.py:809} INFO - DAG(s) dict_keys(['example_nested_branch_dag']) retrieved from /home/airflow/.local/lib/python3.7/site-packages/airflow/example_dags/example_nested_branch_dag.py
[2023-05-17T13:37:51.968+0000] {logging_mixin.py:149} INFO - [2023-05-17T13:37:51.968+0000] {dag.py:2726} INFO - Sync 1 DAGs
[2023-05-17T13:37:52.127+0000] {logging_mixin.py:149} INFO - [2023-05-17T13:37:52.127+0000] {dag.py:3490} INFO - Setting next_dagrun for example_nested_branch_dag to 2023-05-16T00:00:00+00:00, run_after=2023-05-17T00:00:00+00:00
[2023-05-17T13:37:52.283+0000] {processor.py:178} INFO - Processing /home/airflow/.local/lib/python3.7/site-packages/airflow/example_dags/example_nested_branch_dag.py took 0.551 seconds
[2023-05-17T13:38:22.408+0000] {processor.py:156} INFO - Started process (PID=399) to work on /home/airflow/.local/lib/python3.7/site-packages/airflow/example_dags/example_nested_branch_dag.py
[2023-05-17T13:38:22.410+0000] {processor.py:799} INFO - Processing file /home/airflow/.local/lib/python3.7/site-packages/airflow/example_dags/example_nested_branch_dag.py for tasks to queue
[2023-05-17T13:38:22.412+0000] {logging_mixin.py:149} INFO - [2023-05-17T13:38:22.412+0000] {dagbag.py:541} INFO - Filling up the DagBag from /home/airflow/.local/lib/python3.7/site-packages/airflow/example_dags/example_nested_branch_dag.py
[2023-05-17T13:38:22.431+0000] {processor.py:809} INFO - DAG(s) dict_keys(['example_nested_branch_dag']) retrieved from /home/airflow/.local/lib/python3.7/site-packages/airflow/example_dags/example_nested_branch_dag.py
[2023-05-17T13:38:22.510+0000] {logging_mixin.py:149} INFO - [2023-05-17T13:38:22.510+0000] {dag.py:2726} INFO - Sync 1 DAGs
[2023-05-17T13:38:22.597+0000] {logging_mixin.py:149} INFO - [2023-05-17T13:38:22.597+0000] {dag.py:3490} INFO - Setting next_dagrun for example_nested_branch_dag to 2023-05-16T00:00:00+00:00, run_after=2023-05-17T00:00:00+00:00
[2023-05-17T13:38:22.957+0000] {processor.py:178} INFO - Processing /home/airflow/.local/lib/python3.7/site-packages/airflow/example_dags/example_nested_branch_dag.py took 0.555 seconds
[2023-05-17T13:38:53.493+0000] {processor.py:156} INFO - Started process (PID=457) to work on /home/airflow/.local/lib/python3.7/site-packages/airflow/example_dags/example_nested_branch_dag.py
[2023-05-17T13:38:53.495+0000] {processor.py:799} INFO - Processing file /home/airflow/.local/lib/python3.7/site-packages/airflow/example_dags/example_nested_branch_dag.py for tasks to queue
[2023-05-17T13:38:53.499+0000] {logging_mixin.py:149} INFO - [2023-05-17T13:38:53.498+0000] {dagbag.py:541} INFO - Filling up the DagBag from /home/airflow/.local/lib/python3.7/site-packages/airflow/example_dags/example_nested_branch_dag.py
[2023-05-17T13:38:53.531+0000] {processor.py:809} INFO - DAG(s) dict_keys(['example_nested_branch_dag']) retrieved from /home/airflow/.local/lib/python3.7/site-packages/airflow/example_dags/example_nested_branch_dag.py
[2023-05-17T13:38:53.585+0000] {logging_mixin.py:149} INFO - [2023-05-17T13:38:53.584+0000] {dag.py:2726} INFO - Sync 1 DAGs
[2023-05-17T13:38:53.638+0000] {logging_mixin.py:149} INFO - [2023-05-17T13:38:53.638+0000] {dag.py:3490} INFO - Setting next_dagrun for example_nested_branch_dag to 2023-05-16T00:00:00+00:00, run_after=2023-05-17T00:00:00+00:00
[2023-05-17T13:38:53.765+0000] {processor.py:178} INFO - Processing /home/airflow/.local/lib/python3.7/site-packages/airflow/example_dags/example_nested_branch_dag.py took 0.278 seconds
[2023-05-17T13:39:24.900+0000] {processor.py:156} INFO - Started process (PID=524) to work on /home/airflow/.local/lib/python3.7/site-packages/airflow/example_dags/example_nested_branch_dag.py
[2023-05-17T13:39:24.903+0000] {processor.py:799} INFO - Processing file /home/airflow/.local/lib/python3.7/site-packages/airflow/example_dags/example_nested_branch_dag.py for tasks to queue
[2023-05-17T13:39:24.905+0000] {logging_mixin.py:149} INFO - [2023-05-17T13:39:24.904+0000] {dagbag.py:541} INFO - Filling up the DagBag from /home/airflow/.local/lib/python3.7/site-packages/airflow/example_dags/example_nested_branch_dag.py
[2023-05-17T13:39:24.947+0000] {processor.py:809} INFO - DAG(s) dict_keys(['example_nested_branch_dag']) retrieved from /home/airflow/.local/lib/python3.7/site-packages/airflow/example_dags/example_nested_branch_dag.py
[2023-05-17T13:39:25.016+0000] {logging_mixin.py:149} INFO - [2023-05-17T13:39:25.015+0000] {dag.py:2726} INFO - Sync 1 DAGs
[2023-05-17T13:39:25.091+0000] {logging_mixin.py:149} INFO - [2023-05-17T13:39:25.090+0000] {dag.py:3490} INFO - Setting next_dagrun for example_nested_branch_dag to 2023-05-16T00:00:00+00:00, run_after=2023-05-17T00:00:00+00:00
[2023-05-17T13:39:26.095+0000] {processor.py:178} INFO - Processing /home/airflow/.local/lib/python3.7/site-packages/airflow/example_dags/example_nested_branch_dag.py took 1.206 seconds
[2023-05-17T13:39:56.353+0000] {processor.py:156} INFO - Started process (PID=575) to work on /home/airflow/.local/lib/python3.7/site-packages/airflow/example_dags/example_nested_branch_dag.py
[2023-05-17T13:39:56.357+0000] {processor.py:799} INFO - Processing file /home/airflow/.local/lib/python3.7/site-packages/airflow/example_dags/example_nested_branch_dag.py for tasks to queue
[2023-05-17T13:39:56.360+0000] {logging_mixin.py:149} INFO - [2023-05-17T13:39:56.360+0000] {dagbag.py:541} INFO - Filling up the DagBag from /home/airflow/.local/lib/python3.7/site-packages/airflow/example_dags/example_nested_branch_dag.py
[2023-05-17T13:39:56.421+0000] {processor.py:809} INFO - DAG(s) dict_keys(['example_nested_branch_dag']) retrieved from /home/airflow/.local/lib/python3.7/site-packages/airflow/example_dags/example_nested_branch_dag.py
[2023-05-17T13:39:56.495+0000] {logging_mixin.py:149} INFO - [2023-05-17T13:39:56.494+0000] {dag.py:2726} INFO - Sync 1 DAGs
[2023-05-17T13:39:56.586+0000] {logging_mixin.py:149} INFO - [2023-05-17T13:39:56.585+0000] {dag.py:3490} INFO - Setting next_dagrun for example_nested_branch_dag to 2023-05-16T00:00:00+00:00, run_after=2023-05-17T00:00:00+00:00
[2023-05-17T13:39:57.072+0000] {processor.py:178} INFO - Processing /home/airflow/.local/lib/python3.7/site-packages/airflow/example_dags/example_nested_branch_dag.py took 0.727 seconds
