[2023-05-17T13:07:50.258+0000] {processor.py:156} INFO - Started process (PID=179) to work on /home/airflow/.local/lib/python3.7/site-packages/airflow/example_dags/example_kubernetes_executor.py
[2023-05-17T13:07:50.502+0000] {processor.py:799} INFO - Processing file /home/airflow/.local/lib/python3.7/site-packages/airflow/example_dags/example_kubernetes_executor.py for tasks to queue
[2023-05-17T13:07:51.410+0000] {logging_mixin.py:149} INFO - [2023-05-17T13:07:51.409+0000] {dagbag.py:541} INFO - Filling up the DagBag from /home/airflow/.local/lib/python3.7/site-packages/airflow/example_dags/example_kubernetes_executor.py
[2023-05-17T13:08:23.010+0000] {logging_mixin.py:149} INFO - [2023-05-17T13:08:23.008+0000] {timeout.py:68} ERROR - Process timed out, PID: 179
[2023-05-17T13:08:28.219+0000] {logging_mixin.py:149} INFO - [2023-05-17T13:08:23.014+0000] {dagbag.py:350} ERROR - Failed to import: /home/airflow/.local/lib/python3.7/site-packages/airflow/example_dags/example_kubernetes_executor.py
Traceback (most recent call last):
  File "/home/airflow/.local/lib/python3.7/site-packages/airflow/models/dagbag.py", line 346, in parse
    loader.exec_module(new_module)
  File "<frozen importlib._bootstrap_external>", line 728, in exec_module
  File "<frozen importlib._bootstrap>", line 219, in _call_with_frames_removed
  File "/home/airflow/.local/lib/python3.7/site-packages/airflow/example_dags/example_kubernetes_executor.py", line 39, in <module>
    from kubernetes.client import models as k8s
  File "/home/airflow/.local/lib/python3.7/site-packages/kubernetes/__init__.py", line 19, in <module>
    import kubernetes.client
  File "/home/airflow/.local/lib/python3.7/site-packages/kubernetes/client/__init__.py", line 20, in <module>
    from kubernetes.client.api.well_known_api import WellKnownApi
  File "/home/airflow/.local/lib/python3.7/site-packages/kubernetes/client/api/__init__.py", line 6, in <module>
    from kubernetes.client.api.well_known_api import WellKnownApi
  File "/home/airflow/.local/lib/python3.7/site-packages/kubernetes/client/api/well_known_api.py", line 20, in <module>
    from kubernetes.client.api_client import ApiClient
  File "/home/airflow/.local/lib/python3.7/site-packages/kubernetes/client/api_client.py", line 28, in <module>
    import kubernetes.client.models
  File "/home/airflow/.local/lib/python3.7/site-packages/kubernetes/client/models/__init__.py", line 220, in <module>
    from kubernetes.client.models.v1_network_policy import V1NetworkPolicy
  File "<frozen importlib._bootstrap>", line 983, in _find_and_load
  File "<frozen importlib._bootstrap>", line 967, in _find_and_load_unlocked
  File "<frozen importlib._bootstrap>", line 677, in _load_unlocked
  File "<frozen importlib._bootstrap_external>", line 724, in exec_module
  File "<frozen importlib._bootstrap_external>", line 818, in get_code
  File "<frozen importlib._bootstrap_external>", line 917, in get_data
  File "/home/airflow/.local/lib/python3.7/site-packages/airflow/utils/timeout.py", line 69, in handle_timeout
    raise AirflowTaskTimeout(self.error_message)
airflow.exceptions.AirflowTaskTimeout: DagBag import timeout for /home/airflow/.local/lib/python3.7/site-packages/airflow/example_dags/example_kubernetes_executor.py after 30.0s.
Please take a look at these docs to improve your DAG import time:
* https://airflow.apache.org/docs/apache-airflow/2.6.0/best-practices.html#top-level-python-code
* https://airflow.apache.org/docs/apache-airflow/2.6.0/best-practices.html#reducing-dag-complexity, PID: 179
[2023-05-17T13:08:28.223+0000] {processor.py:811} WARNING - No viable dags retrieved from /home/airflow/.local/lib/python3.7/site-packages/airflow/example_dags/example_kubernetes_executor.py
[2023-05-17T13:09:20.209+0000] {processor.py:156} INFO - Started process (PID=252) to work on /home/airflow/.local/lib/python3.7/site-packages/airflow/example_dags/example_kubernetes_executor.py
[2023-05-17T13:09:20.212+0000] {processor.py:799} INFO - Processing file /home/airflow/.local/lib/python3.7/site-packages/airflow/example_dags/example_kubernetes_executor.py for tasks to queue
[2023-05-17T13:09:20.214+0000] {logging_mixin.py:149} INFO - [2023-05-17T13:09:20.213+0000] {dagbag.py:541} INFO - Filling up the DagBag from /home/airflow/.local/lib/python3.7/site-packages/airflow/example_dags/example_kubernetes_executor.py
[2023-05-17T13:09:21.540+0000] {processor.py:809} INFO - DAG(s) dict_keys(['example_kubernetes_executor']) retrieved from /home/airflow/.local/lib/python3.7/site-packages/airflow/example_dags/example_kubernetes_executor.py
[2023-05-17T13:09:22.720+0000] {logging_mixin.py:149} INFO - [2023-05-17T13:09:22.719+0000] {manager.py:504} INFO - Created Permission View: can read on DAG:example_kubernetes_executor
[2023-05-17T13:09:22.919+0000] {logging_mixin.py:149} INFO - [2023-05-17T13:09:22.918+0000] {manager.py:504} INFO - Created Permission View: can edit on DAG:example_kubernetes_executor
[2023-05-17T13:09:23.028+0000] {logging_mixin.py:149} INFO - [2023-05-17T13:09:23.028+0000] {manager.py:504} INFO - Created Permission View: can delete on DAG:example_kubernetes_executor
[2023-05-17T13:09:23.031+0000] {logging_mixin.py:149} INFO - [2023-05-17T13:09:23.030+0000] {dag.py:2726} INFO - Sync 1 DAGs
[2023-05-17T13:09:23.085+0000] {logging_mixin.py:149} INFO - [2023-05-17T13:09:23.085+0000] {dag.py:2747} INFO - Creating ORM DAG for example_kubernetes_executor
[2023-05-17T13:09:23.140+0000] {logging_mixin.py:149} INFO - [2023-05-17T13:09:23.140+0000] {dag.py:3490} INFO - Setting next_dagrun for example_kubernetes_executor to None, run_after=None
[2023-05-17T13:09:23.289+0000] {processor.py:178} INFO - Processing /home/airflow/.local/lib/python3.7/site-packages/airflow/example_dags/example_kubernetes_executor.py took 3.092 seconds
[2023-05-17T13:09:58.057+0000] {processor.py:156} INFO - Started process (PID=312) to work on /home/airflow/.local/lib/python3.7/site-packages/airflow/example_dags/example_kubernetes_executor.py
[2023-05-17T13:09:58.061+0000] {processor.py:799} INFO - Processing file /home/airflow/.local/lib/python3.7/site-packages/airflow/example_dags/example_kubernetes_executor.py for tasks to queue
[2023-05-17T13:09:58.065+0000] {logging_mixin.py:149} INFO - [2023-05-17T13:09:58.065+0000] {dagbag.py:541} INFO - Filling up the DagBag from /home/airflow/.local/lib/python3.7/site-packages/airflow/example_dags/example_kubernetes_executor.py
[2023-05-17T13:09:58.677+0000] {processor.py:809} INFO - DAG(s) dict_keys(['example_kubernetes_executor']) retrieved from /home/airflow/.local/lib/python3.7/site-packages/airflow/example_dags/example_kubernetes_executor.py
[2023-05-17T13:09:58.830+0000] {logging_mixin.py:149} INFO - [2023-05-17T13:09:58.827+0000] {dag.py:2726} INFO - Sync 1 DAGs
[2023-05-17T13:09:58.917+0000] {logging_mixin.py:149} INFO - [2023-05-17T13:09:58.917+0000] {dag.py:3490} INFO - Setting next_dagrun for example_kubernetes_executor to None, run_after=None
[2023-05-17T13:09:59.102+0000] {processor.py:178} INFO - Processing /home/airflow/.local/lib/python3.7/site-packages/airflow/example_dags/example_kubernetes_executor.py took 1.056 seconds
[2023-05-17T13:10:29.793+0000] {processor.py:156} INFO - Started process (PID=365) to work on /home/airflow/.local/lib/python3.7/site-packages/airflow/example_dags/example_kubernetes_executor.py
[2023-05-17T13:10:29.795+0000] {processor.py:799} INFO - Processing file /home/airflow/.local/lib/python3.7/site-packages/airflow/example_dags/example_kubernetes_executor.py for tasks to queue
[2023-05-17T13:10:29.797+0000] {logging_mixin.py:149} INFO - [2023-05-17T13:10:29.797+0000] {dagbag.py:541} INFO - Filling up the DagBag from /home/airflow/.local/lib/python3.7/site-packages/airflow/example_dags/example_kubernetes_executor.py
[2023-05-17T13:10:30.613+0000] {processor.py:809} INFO - DAG(s) dict_keys(['example_kubernetes_executor']) retrieved from /home/airflow/.local/lib/python3.7/site-packages/airflow/example_dags/example_kubernetes_executor.py
[2023-05-17T13:10:30.717+0000] {logging_mixin.py:149} INFO - [2023-05-17T13:10:30.716+0000] {dag.py:2726} INFO - Sync 1 DAGs
[2023-05-17T13:10:30.798+0000] {logging_mixin.py:149} INFO - [2023-05-17T13:10:30.798+0000] {dag.py:3490} INFO - Setting next_dagrun for example_kubernetes_executor to None, run_after=None
[2023-05-17T13:10:31.042+0000] {processor.py:178} INFO - Processing /home/airflow/.local/lib/python3.7/site-packages/airflow/example_dags/example_kubernetes_executor.py took 1.259 seconds
[2023-05-17T13:11:11.573+0000] {processor.py:156} INFO - Started process (PID=424) to work on /home/airflow/.local/lib/python3.7/site-packages/airflow/example_dags/example_kubernetes_executor.py
[2023-05-17T13:11:11.575+0000] {processor.py:799} INFO - Processing file /home/airflow/.local/lib/python3.7/site-packages/airflow/example_dags/example_kubernetes_executor.py for tasks to queue
[2023-05-17T13:11:11.577+0000] {logging_mixin.py:149} INFO - [2023-05-17T13:11:11.577+0000] {dagbag.py:541} INFO - Filling up the DagBag from /home/airflow/.local/lib/python3.7/site-packages/airflow/example_dags/example_kubernetes_executor.py
[2023-05-17T13:11:12.451+0000] {processor.py:809} INFO - DAG(s) dict_keys(['example_kubernetes_executor']) retrieved from /home/airflow/.local/lib/python3.7/site-packages/airflow/example_dags/example_kubernetes_executor.py
[2023-05-17T13:11:12.582+0000] {logging_mixin.py:149} INFO - [2023-05-17T13:11:12.581+0000] {dag.py:2726} INFO - Sync 1 DAGs
[2023-05-17T13:11:12.689+0000] {logging_mixin.py:149} INFO - [2023-05-17T13:11:12.688+0000] {dag.py:3490} INFO - Setting next_dagrun for example_kubernetes_executor to None, run_after=None
[2023-05-17T13:11:12.960+0000] {processor.py:178} INFO - Processing /home/airflow/.local/lib/python3.7/site-packages/airflow/example_dags/example_kubernetes_executor.py took 1.397 seconds
[2023-05-17T13:11:44.452+0000] {processor.py:156} INFO - Started process (PID=482) to work on /home/airflow/.local/lib/python3.7/site-packages/airflow/example_dags/example_kubernetes_executor.py
[2023-05-17T13:11:44.455+0000] {processor.py:799} INFO - Processing file /home/airflow/.local/lib/python3.7/site-packages/airflow/example_dags/example_kubernetes_executor.py for tasks to queue
[2023-05-17T13:11:44.457+0000] {logging_mixin.py:149} INFO - [2023-05-17T13:11:44.457+0000] {dagbag.py:541} INFO - Filling up the DagBag from /home/airflow/.local/lib/python3.7/site-packages/airflow/example_dags/example_kubernetes_executor.py
[2023-05-17T13:11:45.104+0000] {processor.py:809} INFO - DAG(s) dict_keys(['example_kubernetes_executor']) retrieved from /home/airflow/.local/lib/python3.7/site-packages/airflow/example_dags/example_kubernetes_executor.py
[2023-05-17T13:11:45.225+0000] {logging_mixin.py:149} INFO - [2023-05-17T13:11:45.224+0000] {dag.py:2726} INFO - Sync 1 DAGs
[2023-05-17T13:11:45.286+0000] {logging_mixin.py:149} INFO - [2023-05-17T13:11:45.285+0000] {dag.py:3490} INFO - Setting next_dagrun for example_kubernetes_executor to None, run_after=None
[2023-05-17T13:11:45.912+0000] {processor.py:178} INFO - Processing /home/airflow/.local/lib/python3.7/site-packages/airflow/example_dags/example_kubernetes_executor.py took 1.471 seconds
[2023-05-17T13:12:16.164+0000] {processor.py:156} INFO - Started process (PID=535) to work on /home/airflow/.local/lib/python3.7/site-packages/airflow/example_dags/example_kubernetes_executor.py
[2023-05-17T13:12:16.169+0000] {processor.py:799} INFO - Processing file /home/airflow/.local/lib/python3.7/site-packages/airflow/example_dags/example_kubernetes_executor.py for tasks to queue
[2023-05-17T13:12:16.172+0000] {logging_mixin.py:149} INFO - [2023-05-17T13:12:16.172+0000] {dagbag.py:541} INFO - Filling up the DagBag from /home/airflow/.local/lib/python3.7/site-packages/airflow/example_dags/example_kubernetes_executor.py
[2023-05-17T13:12:16.908+0000] {processor.py:809} INFO - DAG(s) dict_keys(['example_kubernetes_executor']) retrieved from /home/airflow/.local/lib/python3.7/site-packages/airflow/example_dags/example_kubernetes_executor.py
[2023-05-17T13:12:17.068+0000] {logging_mixin.py:149} INFO - [2023-05-17T13:12:17.067+0000] {dag.py:2726} INFO - Sync 1 DAGs
[2023-05-17T13:12:17.163+0000] {logging_mixin.py:149} INFO - [2023-05-17T13:12:17.162+0000] {dag.py:3490} INFO - Setting next_dagrun for example_kubernetes_executor to None, run_after=None
[2023-05-17T13:12:17.401+0000] {processor.py:178} INFO - Processing /home/airflow/.local/lib/python3.7/site-packages/airflow/example_dags/example_kubernetes_executor.py took 1.247 seconds
[2023-05-17T13:13:12.706+0000] {processor.py:156} INFO - Started process (PID=609) to work on /home/airflow/.local/lib/python3.7/site-packages/airflow/example_dags/example_kubernetes_executor.py
[2023-05-17T13:13:12.708+0000] {processor.py:799} INFO - Processing file /home/airflow/.local/lib/python3.7/site-packages/airflow/example_dags/example_kubernetes_executor.py for tasks to queue
[2023-05-17T13:13:12.710+0000] {logging_mixin.py:149} INFO - [2023-05-17T13:13:12.709+0000] {dagbag.py:541} INFO - Filling up the DagBag from /home/airflow/.local/lib/python3.7/site-packages/airflow/example_dags/example_kubernetes_executor.py
[2023-05-17T13:13:16.120+0000] {processor.py:809} INFO - DAG(s) dict_keys(['example_kubernetes_executor']) retrieved from /home/airflow/.local/lib/python3.7/site-packages/airflow/example_dags/example_kubernetes_executor.py
[2023-05-17T13:13:16.860+0000] {logging_mixin.py:149} INFO - [2023-05-17T13:13:16.860+0000] {dag.py:2726} INFO - Sync 1 DAGs
[2023-05-17T13:13:16.925+0000] {logging_mixin.py:149} INFO - [2023-05-17T13:13:16.925+0000] {dag.py:3490} INFO - Setting next_dagrun for example_kubernetes_executor to None, run_after=None
[2023-05-17T13:13:18.010+0000] {processor.py:178} INFO - Processing /home/airflow/.local/lib/python3.7/site-packages/airflow/example_dags/example_kubernetes_executor.py took 5.311 seconds
[2023-05-17T13:13:48.674+0000] {processor.py:156} INFO - Started process (PID=668) to work on /home/airflow/.local/lib/python3.7/site-packages/airflow/example_dags/example_kubernetes_executor.py
[2023-05-17T13:13:48.767+0000] {processor.py:799} INFO - Processing file /home/airflow/.local/lib/python3.7/site-packages/airflow/example_dags/example_kubernetes_executor.py for tasks to queue
[2023-05-17T13:13:48.771+0000] {logging_mixin.py:149} INFO - [2023-05-17T13:13:48.770+0000] {dagbag.py:541} INFO - Filling up the DagBag from /home/airflow/.local/lib/python3.7/site-packages/airflow/example_dags/example_kubernetes_executor.py
[2023-05-17T13:13:49.441+0000] {processor.py:809} INFO - DAG(s) dict_keys(['example_kubernetes_executor']) retrieved from /home/airflow/.local/lib/python3.7/site-packages/airflow/example_dags/example_kubernetes_executor.py
[2023-05-17T13:13:49.766+0000] {logging_mixin.py:149} INFO - [2023-05-17T13:13:49.766+0000] {dag.py:2726} INFO - Sync 1 DAGs
[2023-05-17T13:13:49.829+0000] {logging_mixin.py:149} INFO - [2023-05-17T13:13:49.828+0000] {dag.py:3490} INFO - Setting next_dagrun for example_kubernetes_executor to None, run_after=None
[2023-05-17T13:13:50.116+0000] {processor.py:178} INFO - Processing /home/airflow/.local/lib/python3.7/site-packages/airflow/example_dags/example_kubernetes_executor.py took 1.459 seconds
[2023-05-17T13:14:20.824+0000] {processor.py:156} INFO - Started process (PID=725) to work on /home/airflow/.local/lib/python3.7/site-packages/airflow/example_dags/example_kubernetes_executor.py
[2023-05-17T13:14:20.841+0000] {processor.py:799} INFO - Processing file /home/airflow/.local/lib/python3.7/site-packages/airflow/example_dags/example_kubernetes_executor.py for tasks to queue
[2023-05-17T13:14:20.855+0000] {logging_mixin.py:149} INFO - [2023-05-17T13:14:20.855+0000] {dagbag.py:541} INFO - Filling up the DagBag from /home/airflow/.local/lib/python3.7/site-packages/airflow/example_dags/example_kubernetes_executor.py
[2023-05-17T13:14:39.678+0000] {processor.py:809} INFO - DAG(s) dict_keys(['example_kubernetes_executor']) retrieved from /home/airflow/.local/lib/python3.7/site-packages/airflow/example_dags/example_kubernetes_executor.py
[2023-05-17T13:14:44.575+0000] {logging_mixin.py:149} INFO - [2023-05-17T13:14:44.574+0000] {dag.py:2726} INFO - Sync 1 DAGs
[2023-05-17T13:14:46.481+0000] {logging_mixin.py:149} INFO - [2023-05-17T13:14:46.481+0000] {dag.py:3490} INFO - Setting next_dagrun for example_kubernetes_executor to None, run_after=None
[2023-05-17T13:14:48.153+0000] {processor.py:178} INFO - Processing /home/airflow/.local/lib/python3.7/site-packages/airflow/example_dags/example_kubernetes_executor.py took 27.337 seconds
[2023-05-17T13:15:22.566+0000] {processor.py:156} INFO - Started process (PID=789) to work on /home/airflow/.local/lib/python3.7/site-packages/airflow/example_dags/example_kubernetes_executor.py
[2023-05-17T13:15:22.571+0000] {processor.py:799} INFO - Processing file /home/airflow/.local/lib/python3.7/site-packages/airflow/example_dags/example_kubernetes_executor.py for tasks to queue
[2023-05-17T13:15:22.576+0000] {logging_mixin.py:149} INFO - [2023-05-17T13:15:22.576+0000] {dagbag.py:541} INFO - Filling up the DagBag from /home/airflow/.local/lib/python3.7/site-packages/airflow/example_dags/example_kubernetes_executor.py
[2023-05-17T13:15:23.082+0000] {processor.py:809} INFO - DAG(s) dict_keys(['example_kubernetes_executor']) retrieved from /home/airflow/.local/lib/python3.7/site-packages/airflow/example_dags/example_kubernetes_executor.py
[2023-05-17T13:15:23.168+0000] {logging_mixin.py:149} INFO - [2023-05-17T13:15:23.168+0000] {dag.py:2726} INFO - Sync 1 DAGs
[2023-05-17T13:15:23.225+0000] {logging_mixin.py:149} INFO - [2023-05-17T13:15:23.225+0000] {dag.py:3490} INFO - Setting next_dagrun for example_kubernetes_executor to None, run_after=None
[2023-05-17T13:15:24.075+0000] {processor.py:178} INFO - Processing /home/airflow/.local/lib/python3.7/site-packages/airflow/example_dags/example_kubernetes_executor.py took 1.526 seconds
[2023-05-17T13:15:54.650+0000] {processor.py:156} INFO - Started process (PID=843) to work on /home/airflow/.local/lib/python3.7/site-packages/airflow/example_dags/example_kubernetes_executor.py
[2023-05-17T13:15:54.666+0000] {processor.py:799} INFO - Processing file /home/airflow/.local/lib/python3.7/site-packages/airflow/example_dags/example_kubernetes_executor.py for tasks to queue
[2023-05-17T13:15:54.689+0000] {logging_mixin.py:149} INFO - [2023-05-17T13:15:54.689+0000] {dagbag.py:541} INFO - Filling up the DagBag from /home/airflow/.local/lib/python3.7/site-packages/airflow/example_dags/example_kubernetes_executor.py
[2023-05-17T13:15:56.445+0000] {processor.py:809} INFO - DAG(s) dict_keys(['example_kubernetes_executor']) retrieved from /home/airflow/.local/lib/python3.7/site-packages/airflow/example_dags/example_kubernetes_executor.py
[2023-05-17T13:15:56.727+0000] {logging_mixin.py:149} INFO - [2023-05-17T13:15:56.727+0000] {dag.py:2726} INFO - Sync 1 DAGs
[2023-05-17T13:15:56.943+0000] {logging_mixin.py:149} INFO - [2023-05-17T13:15:56.932+0000] {dag.py:3490} INFO - Setting next_dagrun for example_kubernetes_executor to None, run_after=None
[2023-05-17T13:15:57.221+0000] {processor.py:178} INFO - Processing /home/airflow/.local/lib/python3.7/site-packages/airflow/example_dags/example_kubernetes_executor.py took 2.525 seconds
[2023-05-17T13:16:34.994+0000] {processor.py:156} INFO - Started process (PID=904) to work on /home/airflow/.local/lib/python3.7/site-packages/airflow/example_dags/example_kubernetes_executor.py
[2023-05-17T13:16:34.998+0000] {processor.py:799} INFO - Processing file /home/airflow/.local/lib/python3.7/site-packages/airflow/example_dags/example_kubernetes_executor.py for tasks to queue
[2023-05-17T13:16:35.001+0000] {logging_mixin.py:149} INFO - [2023-05-17T13:16:35.001+0000] {dagbag.py:541} INFO - Filling up the DagBag from /home/airflow/.local/lib/python3.7/site-packages/airflow/example_dags/example_kubernetes_executor.py
[2023-05-17T13:16:38.325+0000] {processor.py:809} INFO - DAG(s) dict_keys(['example_kubernetes_executor']) retrieved from /home/airflow/.local/lib/python3.7/site-packages/airflow/example_dags/example_kubernetes_executor.py
[2023-05-17T13:16:38.531+0000] {logging_mixin.py:149} INFO - [2023-05-17T13:16:38.530+0000] {dag.py:2726} INFO - Sync 1 DAGs
[2023-05-17T13:16:38.619+0000] {logging_mixin.py:149} INFO - [2023-05-17T13:16:38.619+0000] {dag.py:3490} INFO - Setting next_dagrun for example_kubernetes_executor to None, run_after=None
[2023-05-17T13:16:38.791+0000] {processor.py:178} INFO - Processing /home/airflow/.local/lib/python3.7/site-packages/airflow/example_dags/example_kubernetes_executor.py took 3.805 seconds
[2023-05-17T13:17:15.626+0000] {processor.py:156} INFO - Started process (PID=972) to work on /home/airflow/.local/lib/python3.7/site-packages/airflow/example_dags/example_kubernetes_executor.py
[2023-05-17T13:17:15.628+0000] {processor.py:799} INFO - Processing file /home/airflow/.local/lib/python3.7/site-packages/airflow/example_dags/example_kubernetes_executor.py for tasks to queue
[2023-05-17T13:17:15.632+0000] {logging_mixin.py:149} INFO - [2023-05-17T13:17:15.631+0000] {dagbag.py:541} INFO - Filling up the DagBag from /home/airflow/.local/lib/python3.7/site-packages/airflow/example_dags/example_kubernetes_executor.py
[2023-05-17T13:17:17.188+0000] {processor.py:809} INFO - DAG(s) dict_keys(['example_kubernetes_executor']) retrieved from /home/airflow/.local/lib/python3.7/site-packages/airflow/example_dags/example_kubernetes_executor.py
[2023-05-17T13:17:17.289+0000] {logging_mixin.py:149} INFO - [2023-05-17T13:17:17.289+0000] {dag.py:2726} INFO - Sync 1 DAGs
[2023-05-17T13:17:17.404+0000] {logging_mixin.py:149} INFO - [2023-05-17T13:17:17.403+0000] {dag.py:3490} INFO - Setting next_dagrun for example_kubernetes_executor to None, run_after=None
[2023-05-17T13:17:17.619+0000] {processor.py:178} INFO - Processing /home/airflow/.local/lib/python3.7/site-packages/airflow/example_dags/example_kubernetes_executor.py took 2.049 seconds
[2023-05-17T13:18:11.023+0000] {processor.py:156} INFO - Started process (PID=1054) to work on /home/airflow/.local/lib/python3.7/site-packages/airflow/example_dags/example_kubernetes_executor.py
[2023-05-17T13:18:11.025+0000] {processor.py:799} INFO - Processing file /home/airflow/.local/lib/python3.7/site-packages/airflow/example_dags/example_kubernetes_executor.py for tasks to queue
[2023-05-17T13:18:11.028+0000] {logging_mixin.py:149} INFO - [2023-05-17T13:18:11.028+0000] {dagbag.py:541} INFO - Filling up the DagBag from /home/airflow/.local/lib/python3.7/site-packages/airflow/example_dags/example_kubernetes_executor.py
[2023-05-17T13:18:12.628+0000] {processor.py:809} INFO - DAG(s) dict_keys(['example_kubernetes_executor']) retrieved from /home/airflow/.local/lib/python3.7/site-packages/airflow/example_dags/example_kubernetes_executor.py
[2023-05-17T13:18:12.750+0000] {logging_mixin.py:149} INFO - [2023-05-17T13:18:12.750+0000] {dag.py:2726} INFO - Sync 1 DAGs
[2023-05-17T13:18:12.813+0000] {logging_mixin.py:149} INFO - [2023-05-17T13:18:12.811+0000] {dag.py:3490} INFO - Setting next_dagrun for example_kubernetes_executor to None, run_after=None
[2023-05-17T13:18:13.850+0000] {processor.py:178} INFO - Processing /home/airflow/.local/lib/python3.7/site-packages/airflow/example_dags/example_kubernetes_executor.py took 2.834 seconds
[2023-05-17T13:18:53.723+0000] {processor.py:156} INFO - Started process (PID=1119) to work on /home/airflow/.local/lib/python3.7/site-packages/airflow/example_dags/example_kubernetes_executor.py
[2023-05-17T13:18:53.725+0000] {processor.py:799} INFO - Processing file /home/airflow/.local/lib/python3.7/site-packages/airflow/example_dags/example_kubernetes_executor.py for tasks to queue
[2023-05-17T13:18:53.727+0000] {logging_mixin.py:149} INFO - [2023-05-17T13:18:53.727+0000] {dagbag.py:541} INFO - Filling up the DagBag from /home/airflow/.local/lib/python3.7/site-packages/airflow/example_dags/example_kubernetes_executor.py
[2023-05-17T13:18:54.265+0000] {processor.py:809} INFO - DAG(s) dict_keys(['example_kubernetes_executor']) retrieved from /home/airflow/.local/lib/python3.7/site-packages/airflow/example_dags/example_kubernetes_executor.py
[2023-05-17T13:18:54.351+0000] {logging_mixin.py:149} INFO - [2023-05-17T13:18:54.350+0000] {dag.py:2726} INFO - Sync 1 DAGs
[2023-05-17T13:18:54.406+0000] {logging_mixin.py:149} INFO - [2023-05-17T13:18:54.405+0000] {dag.py:3490} INFO - Setting next_dagrun for example_kubernetes_executor to None, run_after=None
[2023-05-17T13:18:54.742+0000] {processor.py:178} INFO - Processing /home/airflow/.local/lib/python3.7/site-packages/airflow/example_dags/example_kubernetes_executor.py took 1.025 seconds
[2023-05-17T13:19:28.005+0000] {processor.py:156} INFO - Started process (PID=1180) to work on /home/airflow/.local/lib/python3.7/site-packages/airflow/example_dags/example_kubernetes_executor.py
[2023-05-17T13:19:28.007+0000] {processor.py:799} INFO - Processing file /home/airflow/.local/lib/python3.7/site-packages/airflow/example_dags/example_kubernetes_executor.py for tasks to queue
[2023-05-17T13:19:28.010+0000] {logging_mixin.py:149} INFO - [2023-05-17T13:19:28.010+0000] {dagbag.py:541} INFO - Filling up the DagBag from /home/airflow/.local/lib/python3.7/site-packages/airflow/example_dags/example_kubernetes_executor.py
[2023-05-17T13:19:28.620+0000] {processor.py:809} INFO - DAG(s) dict_keys(['example_kubernetes_executor']) retrieved from /home/airflow/.local/lib/python3.7/site-packages/airflow/example_dags/example_kubernetes_executor.py
[2023-05-17T13:19:28.819+0000] {logging_mixin.py:149} INFO - [2023-05-17T13:19:28.819+0000] {dag.py:2726} INFO - Sync 1 DAGs
[2023-05-17T13:19:28.894+0000] {logging_mixin.py:149} INFO - [2023-05-17T13:19:28.894+0000] {dag.py:3490} INFO - Setting next_dagrun for example_kubernetes_executor to None, run_after=None
[2023-05-17T13:19:29.032+0000] {processor.py:178} INFO - Processing /home/airflow/.local/lib/python3.7/site-packages/airflow/example_dags/example_kubernetes_executor.py took 1.034 seconds
[2023-05-17T13:20:03.614+0000] {processor.py:156} INFO - Started process (PID=1238) to work on /home/airflow/.local/lib/python3.7/site-packages/airflow/example_dags/example_kubernetes_executor.py
[2023-05-17T13:20:03.616+0000] {processor.py:799} INFO - Processing file /home/airflow/.local/lib/python3.7/site-packages/airflow/example_dags/example_kubernetes_executor.py for tasks to queue
[2023-05-17T13:20:03.618+0000] {logging_mixin.py:149} INFO - [2023-05-17T13:20:03.618+0000] {dagbag.py:541} INFO - Filling up the DagBag from /home/airflow/.local/lib/python3.7/site-packages/airflow/example_dags/example_kubernetes_executor.py
[2023-05-17T13:20:04.283+0000] {processor.py:809} INFO - DAG(s) dict_keys(['example_kubernetes_executor']) retrieved from /home/airflow/.local/lib/python3.7/site-packages/airflow/example_dags/example_kubernetes_executor.py
[2023-05-17T13:20:04.420+0000] {logging_mixin.py:149} INFO - [2023-05-17T13:20:04.420+0000] {dag.py:2726} INFO - Sync 1 DAGs
[2023-05-17T13:20:04.483+0000] {logging_mixin.py:149} INFO - [2023-05-17T13:20:04.482+0000] {dag.py:3490} INFO - Setting next_dagrun for example_kubernetes_executor to None, run_after=None
[2023-05-17T13:20:04.959+0000] {processor.py:178} INFO - Processing /home/airflow/.local/lib/python3.7/site-packages/airflow/example_dags/example_kubernetes_executor.py took 1.354 seconds
[2023-05-17T13:20:35.289+0000] {processor.py:156} INFO - Started process (PID=1297) to work on /home/airflow/.local/lib/python3.7/site-packages/airflow/example_dags/example_kubernetes_executor.py
[2023-05-17T13:20:35.305+0000] {processor.py:799} INFO - Processing file /home/airflow/.local/lib/python3.7/site-packages/airflow/example_dags/example_kubernetes_executor.py for tasks to queue
[2023-05-17T13:20:35.314+0000] {logging_mixin.py:149} INFO - [2023-05-17T13:20:35.314+0000] {dagbag.py:541} INFO - Filling up the DagBag from /home/airflow/.local/lib/python3.7/site-packages/airflow/example_dags/example_kubernetes_executor.py
[2023-05-17T13:20:37.930+0000] {processor.py:809} INFO - DAG(s) dict_keys(['example_kubernetes_executor']) retrieved from /home/airflow/.local/lib/python3.7/site-packages/airflow/example_dags/example_kubernetes_executor.py
[2023-05-17T13:20:38.563+0000] {logging_mixin.py:149} INFO - [2023-05-17T13:20:38.563+0000] {dag.py:2726} INFO - Sync 1 DAGs
[2023-05-17T13:20:39.035+0000] {logging_mixin.py:149} INFO - [2023-05-17T13:20:39.035+0000] {dag.py:3490} INFO - Setting next_dagrun for example_kubernetes_executor to None, run_after=None
[2023-05-17T13:20:39.349+0000] {processor.py:178} INFO - Processing /home/airflow/.local/lib/python3.7/site-packages/airflow/example_dags/example_kubernetes_executor.py took 4.088 seconds
[2023-05-17T13:21:09.731+0000] {processor.py:156} INFO - Started process (PID=1357) to work on /home/airflow/.local/lib/python3.7/site-packages/airflow/example_dags/example_kubernetes_executor.py
[2023-05-17T13:21:09.734+0000] {processor.py:799} INFO - Processing file /home/airflow/.local/lib/python3.7/site-packages/airflow/example_dags/example_kubernetes_executor.py for tasks to queue
[2023-05-17T13:21:09.736+0000] {logging_mixin.py:149} INFO - [2023-05-17T13:21:09.736+0000] {dagbag.py:541} INFO - Filling up the DagBag from /home/airflow/.local/lib/python3.7/site-packages/airflow/example_dags/example_kubernetes_executor.py
[2023-05-17T13:21:10.804+0000] {processor.py:809} INFO - DAG(s) dict_keys(['example_kubernetes_executor']) retrieved from /home/airflow/.local/lib/python3.7/site-packages/airflow/example_dags/example_kubernetes_executor.py
[2023-05-17T13:21:10.991+0000] {logging_mixin.py:149} INFO - [2023-05-17T13:21:10.990+0000] {dag.py:2726} INFO - Sync 1 DAGs
[2023-05-17T13:21:11.093+0000] {logging_mixin.py:149} INFO - [2023-05-17T13:21:11.093+0000] {dag.py:3490} INFO - Setting next_dagrun for example_kubernetes_executor to None, run_after=None
[2023-05-17T13:21:11.265+0000] {processor.py:178} INFO - Processing /home/airflow/.local/lib/python3.7/site-packages/airflow/example_dags/example_kubernetes_executor.py took 1.544 seconds
[2023-05-17T13:21:42.449+0000] {processor.py:156} INFO - Started process (PID=1415) to work on /home/airflow/.local/lib/python3.7/site-packages/airflow/example_dags/example_kubernetes_executor.py
[2023-05-17T13:21:42.452+0000] {processor.py:799} INFO - Processing file /home/airflow/.local/lib/python3.7/site-packages/airflow/example_dags/example_kubernetes_executor.py for tasks to queue
[2023-05-17T13:21:42.454+0000] {logging_mixin.py:149} INFO - [2023-05-17T13:21:42.453+0000] {dagbag.py:541} INFO - Filling up the DagBag from /home/airflow/.local/lib/python3.7/site-packages/airflow/example_dags/example_kubernetes_executor.py
[2023-05-17T13:21:43.403+0000] {processor.py:809} INFO - DAG(s) dict_keys(['example_kubernetes_executor']) retrieved from /home/airflow/.local/lib/python3.7/site-packages/airflow/example_dags/example_kubernetes_executor.py
[2023-05-17T13:21:43.555+0000] {logging_mixin.py:149} INFO - [2023-05-17T13:21:43.555+0000] {dag.py:2726} INFO - Sync 1 DAGs
[2023-05-17T13:21:43.667+0000] {logging_mixin.py:149} INFO - [2023-05-17T13:21:43.666+0000] {dag.py:3490} INFO - Setting next_dagrun for example_kubernetes_executor to None, run_after=None
[2023-05-17T13:21:43.910+0000] {processor.py:178} INFO - Processing /home/airflow/.local/lib/python3.7/site-packages/airflow/example_dags/example_kubernetes_executor.py took 1.476 seconds
[2023-05-17T13:22:35.316+0000] {processor.py:156} INFO - Started process (PID=1484) to work on /home/airflow/.local/lib/python3.7/site-packages/airflow/example_dags/example_kubernetes_executor.py
[2023-05-17T13:22:35.319+0000] {processor.py:799} INFO - Processing file /home/airflow/.local/lib/python3.7/site-packages/airflow/example_dags/example_kubernetes_executor.py for tasks to queue
[2023-05-17T13:22:35.322+0000] {logging_mixin.py:149} INFO - [2023-05-17T13:22:35.322+0000] {dagbag.py:541} INFO - Filling up the DagBag from /home/airflow/.local/lib/python3.7/site-packages/airflow/example_dags/example_kubernetes_executor.py
[2023-05-17T13:22:38.169+0000] {processor.py:809} INFO - DAG(s) dict_keys(['example_kubernetes_executor']) retrieved from /home/airflow/.local/lib/python3.7/site-packages/airflow/example_dags/example_kubernetes_executor.py
[2023-05-17T13:22:38.362+0000] {logging_mixin.py:149} INFO - [2023-05-17T13:22:38.361+0000] {dag.py:2726} INFO - Sync 1 DAGs
[2023-05-17T13:22:38.421+0000] {logging_mixin.py:149} INFO - [2023-05-17T13:22:38.421+0000] {dag.py:3490} INFO - Setting next_dagrun for example_kubernetes_executor to None, run_after=None
[2023-05-17T13:22:39.020+0000] {processor.py:178} INFO - Processing /home/airflow/.local/lib/python3.7/site-packages/airflow/example_dags/example_kubernetes_executor.py took 3.707 seconds
[2023-05-17T13:23:18.325+0000] {processor.py:156} INFO - Started process (PID=1543) to work on /home/airflow/.local/lib/python3.7/site-packages/airflow/example_dags/example_kubernetes_executor.py
[2023-05-17T13:23:18.330+0000] {processor.py:799} INFO - Processing file /home/airflow/.local/lib/python3.7/site-packages/airflow/example_dags/example_kubernetes_executor.py for tasks to queue
[2023-05-17T13:23:18.334+0000] {logging_mixin.py:149} INFO - [2023-05-17T13:23:18.334+0000] {dagbag.py:541} INFO - Filling up the DagBag from /home/airflow/.local/lib/python3.7/site-packages/airflow/example_dags/example_kubernetes_executor.py
[2023-05-17T13:23:19.385+0000] {processor.py:809} INFO - DAG(s) dict_keys(['example_kubernetes_executor']) retrieved from /home/airflow/.local/lib/python3.7/site-packages/airflow/example_dags/example_kubernetes_executor.py
[2023-05-17T13:23:19.499+0000] {logging_mixin.py:149} INFO - [2023-05-17T13:23:19.499+0000] {dag.py:2726} INFO - Sync 1 DAGs
[2023-05-17T13:23:19.703+0000] {logging_mixin.py:149} INFO - [2023-05-17T13:23:19.703+0000] {dag.py:3490} INFO - Setting next_dagrun for example_kubernetes_executor to None, run_after=None
[2023-05-17T13:23:20.349+0000] {processor.py:178} INFO - Processing /home/airflow/.local/lib/python3.7/site-packages/airflow/example_dags/example_kubernetes_executor.py took 2.035 seconds
[2023-05-17T13:23:51.294+0000] {processor.py:156} INFO - Started process (PID=1601) to work on /home/airflow/.local/lib/python3.7/site-packages/airflow/example_dags/example_kubernetes_executor.py
[2023-05-17T13:23:51.296+0000] {processor.py:799} INFO - Processing file /home/airflow/.local/lib/python3.7/site-packages/airflow/example_dags/example_kubernetes_executor.py for tasks to queue
[2023-05-17T13:23:51.298+0000] {logging_mixin.py:149} INFO - [2023-05-17T13:23:51.298+0000] {dagbag.py:541} INFO - Filling up the DagBag from /home/airflow/.local/lib/python3.7/site-packages/airflow/example_dags/example_kubernetes_executor.py
[2023-05-17T13:23:52.064+0000] {processor.py:809} INFO - DAG(s) dict_keys(['example_kubernetes_executor']) retrieved from /home/airflow/.local/lib/python3.7/site-packages/airflow/example_dags/example_kubernetes_executor.py
[2023-05-17T13:23:52.210+0000] {logging_mixin.py:149} INFO - [2023-05-17T13:23:52.210+0000] {dag.py:2726} INFO - Sync 1 DAGs
[2023-05-17T13:23:52.365+0000] {logging_mixin.py:149} INFO - [2023-05-17T13:23:52.365+0000] {dag.py:3490} INFO - Setting next_dagrun for example_kubernetes_executor to None, run_after=None
[2023-05-17T13:23:53.112+0000] {processor.py:178} INFO - Processing /home/airflow/.local/lib/python3.7/site-packages/airflow/example_dags/example_kubernetes_executor.py took 1.827 seconds
[2023-05-17T13:24:24.454+0000] {processor.py:156} INFO - Started process (PID=1663) to work on /home/airflow/.local/lib/python3.7/site-packages/airflow/example_dags/example_kubernetes_executor.py
[2023-05-17T13:24:24.458+0000] {processor.py:799} INFO - Processing file /home/airflow/.local/lib/python3.7/site-packages/airflow/example_dags/example_kubernetes_executor.py for tasks to queue
[2023-05-17T13:24:24.461+0000] {logging_mixin.py:149} INFO - [2023-05-17T13:24:24.460+0000] {dagbag.py:541} INFO - Filling up the DagBag from /home/airflow/.local/lib/python3.7/site-packages/airflow/example_dags/example_kubernetes_executor.py
[2023-05-17T13:24:25.070+0000] {processor.py:809} INFO - DAG(s) dict_keys(['example_kubernetes_executor']) retrieved from /home/airflow/.local/lib/python3.7/site-packages/airflow/example_dags/example_kubernetes_executor.py
[2023-05-17T13:24:25.167+0000] {logging_mixin.py:149} INFO - [2023-05-17T13:24:25.167+0000] {dag.py:2726} INFO - Sync 1 DAGs
[2023-05-17T13:24:25.237+0000] {logging_mixin.py:149} INFO - [2023-05-17T13:24:25.236+0000] {dag.py:3490} INFO - Setting next_dagrun for example_kubernetes_executor to None, run_after=None
[2023-05-17T13:24:25.455+0000] {processor.py:178} INFO - Processing /home/airflow/.local/lib/python3.7/site-packages/airflow/example_dags/example_kubernetes_executor.py took 1.012 seconds
[2023-05-17T13:24:56.584+0000] {processor.py:156} INFO - Started process (PID=1721) to work on /home/airflow/.local/lib/python3.7/site-packages/airflow/example_dags/example_kubernetes_executor.py
[2023-05-17T13:24:56.586+0000] {processor.py:799} INFO - Processing file /home/airflow/.local/lib/python3.7/site-packages/airflow/example_dags/example_kubernetes_executor.py for tasks to queue
[2023-05-17T13:24:56.588+0000] {logging_mixin.py:149} INFO - [2023-05-17T13:24:56.588+0000] {dagbag.py:541} INFO - Filling up the DagBag from /home/airflow/.local/lib/python3.7/site-packages/airflow/example_dags/example_kubernetes_executor.py
[2023-05-17T13:24:57.449+0000] {processor.py:809} INFO - DAG(s) dict_keys(['example_kubernetes_executor']) retrieved from /home/airflow/.local/lib/python3.7/site-packages/airflow/example_dags/example_kubernetes_executor.py
[2023-05-17T13:24:57.697+0000] {logging_mixin.py:149} INFO - [2023-05-17T13:24:57.696+0000] {dag.py:2726} INFO - Sync 1 DAGs
[2023-05-17T13:24:57.878+0000] {logging_mixin.py:149} INFO - [2023-05-17T13:24:57.877+0000] {dag.py:3490} INFO - Setting next_dagrun for example_kubernetes_executor to None, run_after=None
[2023-05-17T13:24:58.114+0000] {processor.py:178} INFO - Processing /home/airflow/.local/lib/python3.7/site-packages/airflow/example_dags/example_kubernetes_executor.py took 1.533 seconds
[2023-05-17T13:25:28.299+0000] {processor.py:156} INFO - Started process (PID=1775) to work on /home/airflow/.local/lib/python3.7/site-packages/airflow/example_dags/example_kubernetes_executor.py
[2023-05-17T13:25:28.302+0000] {processor.py:799} INFO - Processing file /home/airflow/.local/lib/python3.7/site-packages/airflow/example_dags/example_kubernetes_executor.py for tasks to queue
[2023-05-17T13:25:28.305+0000] {logging_mixin.py:149} INFO - [2023-05-17T13:25:28.304+0000] {dagbag.py:541} INFO - Filling up the DagBag from /home/airflow/.local/lib/python3.7/site-packages/airflow/example_dags/example_kubernetes_executor.py
[2023-05-17T13:25:30.475+0000] {processor.py:809} INFO - DAG(s) dict_keys(['example_kubernetes_executor']) retrieved from /home/airflow/.local/lib/python3.7/site-packages/airflow/example_dags/example_kubernetes_executor.py
[2023-05-17T13:25:30.657+0000] {logging_mixin.py:149} INFO - [2023-05-17T13:25:30.656+0000] {dag.py:2726} INFO - Sync 1 DAGs
[2023-05-17T13:25:30.755+0000] {logging_mixin.py:149} INFO - [2023-05-17T13:25:30.755+0000] {dag.py:3490} INFO - Setting next_dagrun for example_kubernetes_executor to None, run_after=None
[2023-05-17T13:25:30.925+0000] {processor.py:178} INFO - Processing /home/airflow/.local/lib/python3.7/site-packages/airflow/example_dags/example_kubernetes_executor.py took 2.636 seconds
[2023-05-17T13:26:01.673+0000] {processor.py:156} INFO - Started process (PID=1839) to work on /home/airflow/.local/lib/python3.7/site-packages/airflow/example_dags/example_kubernetes_executor.py
[2023-05-17T13:26:01.676+0000] {processor.py:799} INFO - Processing file /home/airflow/.local/lib/python3.7/site-packages/airflow/example_dags/example_kubernetes_executor.py for tasks to queue
[2023-05-17T13:26:01.682+0000] {logging_mixin.py:149} INFO - [2023-05-17T13:26:01.681+0000] {dagbag.py:541} INFO - Filling up the DagBag from /home/airflow/.local/lib/python3.7/site-packages/airflow/example_dags/example_kubernetes_executor.py
[2023-05-17T13:26:03.591+0000] {processor.py:809} INFO - DAG(s) dict_keys(['example_kubernetes_executor']) retrieved from /home/airflow/.local/lib/python3.7/site-packages/airflow/example_dags/example_kubernetes_executor.py
[2023-05-17T13:26:03.947+0000] {logging_mixin.py:149} INFO - [2023-05-17T13:26:03.947+0000] {dag.py:2726} INFO - Sync 1 DAGs
[2023-05-17T13:26:04.009+0000] {logging_mixin.py:149} INFO - [2023-05-17T13:26:04.009+0000] {dag.py:3490} INFO - Setting next_dagrun for example_kubernetes_executor to None, run_after=None
[2023-05-17T13:26:05.839+0000] {processor.py:178} INFO - Processing /home/airflow/.local/lib/python3.7/site-packages/airflow/example_dags/example_kubernetes_executor.py took 4.171 seconds
[2023-05-17T13:26:39.943+0000] {processor.py:156} INFO - Started process (PID=1895) to work on /home/airflow/.local/lib/python3.7/site-packages/airflow/example_dags/example_kubernetes_executor.py
[2023-05-17T13:26:39.945+0000] {processor.py:799} INFO - Processing file /home/airflow/.local/lib/python3.7/site-packages/airflow/example_dags/example_kubernetes_executor.py for tasks to queue
[2023-05-17T13:26:39.947+0000] {logging_mixin.py:149} INFO - [2023-05-17T13:26:39.947+0000] {dagbag.py:541} INFO - Filling up the DagBag from /home/airflow/.local/lib/python3.7/site-packages/airflow/example_dags/example_kubernetes_executor.py
[2023-05-17T13:26:41.206+0000] {processor.py:809} INFO - DAG(s) dict_keys(['example_kubernetes_executor']) retrieved from /home/airflow/.local/lib/python3.7/site-packages/airflow/example_dags/example_kubernetes_executor.py
[2023-05-17T13:26:41.359+0000] {logging_mixin.py:149} INFO - [2023-05-17T13:26:41.359+0000] {dag.py:2726} INFO - Sync 1 DAGs
[2023-05-17T13:26:41.476+0000] {logging_mixin.py:149} INFO - [2023-05-17T13:26:41.475+0000] {dag.py:3490} INFO - Setting next_dagrun for example_kubernetes_executor to None, run_after=None
[2023-05-17T13:26:41.742+0000] {processor.py:178} INFO - Processing /home/airflow/.local/lib/python3.7/site-packages/airflow/example_dags/example_kubernetes_executor.py took 1.808 seconds
[2023-05-17T13:32:27.737+0000] {processor.py:156} INFO - Started process (PID=90) to work on /home/airflow/.local/lib/python3.7/site-packages/airflow/example_dags/example_kubernetes_executor.py
[2023-05-17T13:32:28.543+0000] {processor.py:799} INFO - Processing file /home/airflow/.local/lib/python3.7/site-packages/airflow/example_dags/example_kubernetes_executor.py for tasks to queue
[2023-05-17T13:32:28.546+0000] {logging_mixin.py:149} INFO - [2023-05-17T13:32:28.545+0000] {dagbag.py:541} INFO - Filling up the DagBag from /home/airflow/.local/lib/python3.7/site-packages/airflow/example_dags/example_kubernetes_executor.py
[2023-05-17T13:33:02.478+0000] {logging_mixin.py:149} INFO - [2023-05-17T13:33:02.478+0000] {timeout.py:68} ERROR - Process timed out, PID: 90
[2023-05-17T13:33:02.479+0000] {logging_mixin.py:149} WARNING - Exception ignored in: <function _collection_gced at 0x7f498e1185f0>
[2023-05-17T13:33:02.480+0000] {logging_mixin.py:149} WARNING - Traceback (most recent call last):
[2023-05-17T13:33:02.481+0000] {logging_mixin.py:149} WARNING -   File "/home/airflow/.local/lib/python3.7/site-packages/sqlalchemy/event/registry.py", line 53, in _collection_gced
[2023-05-17T13:33:02.511+0000] {logging_mixin.py:149} WARNING -     def _collection_gced(ref):
[2023-05-17T13:33:02.512+0000] {logging_mixin.py:149} WARNING -   File "/home/airflow/.local/lib/python3.7/site-packages/airflow/utils/timeout.py", line 69, in handle_timeout
[2023-05-17T13:33:02.586+0000] {logging_mixin.py:149} WARNING -     raise AirflowTaskTimeout(self.error_message)
[2023-05-17T13:33:02.588+0000] {logging_mixin.py:149} WARNING - airflow.exceptions.AirflowTaskTimeout: DagBag import timeout for /home/airflow/.local/lib/python3.7/site-packages/airflow/example_dags/example_kubernetes_executor.py after 30.0s.
Please take a look at these docs to improve your DAG import time:
* https://airflow.apache.org/docs/apache-airflow/2.6.0/best-practices.html#top-level-python-code
* https://airflow.apache.org/docs/apache-airflow/2.6.0/best-practices.html#reducing-dag-complexity, PID: 90
[2023-05-17T13:34:30.961+0000] {processor.py:156} INFO - Started process (PID=178) to work on /home/airflow/.local/lib/python3.7/site-packages/airflow/example_dags/example_kubernetes_executor.py
[2023-05-17T13:34:30.963+0000] {processor.py:799} INFO - Processing file /home/airflow/.local/lib/python3.7/site-packages/airflow/example_dags/example_kubernetes_executor.py for tasks to queue
[2023-05-17T13:34:30.966+0000] {logging_mixin.py:149} INFO - [2023-05-17T13:34:30.965+0000] {dagbag.py:541} INFO - Filling up the DagBag from /home/airflow/.local/lib/python3.7/site-packages/airflow/example_dags/example_kubernetes_executor.py
[2023-05-17T13:34:58.097+0000] {processor.py:809} INFO - DAG(s) dict_keys(['example_kubernetes_executor']) retrieved from /home/airflow/.local/lib/python3.7/site-packages/airflow/example_dags/example_kubernetes_executor.py
[2023-05-17T13:35:04.344+0000] {logging_mixin.py:149} INFO - [2023-05-17T13:35:04.343+0000] {dag.py:2726} INFO - Sync 1 DAGs
[2023-05-17T13:35:04.566+0000] {logging_mixin.py:149} INFO - [2023-05-17T13:35:04.565+0000] {dag.py:3490} INFO - Setting next_dagrun for example_kubernetes_executor to None, run_after=None
[2023-05-17T13:35:05.352+0000] {processor.py:178} INFO - Processing /home/airflow/.local/lib/python3.7/site-packages/airflow/example_dags/example_kubernetes_executor.py took 34.398 seconds
[2023-05-17T13:36:48.111+0000] {processor.py:156} INFO - Started process (PID=249) to work on /home/airflow/.local/lib/python3.7/site-packages/airflow/example_dags/example_kubernetes_executor.py
[2023-05-17T13:36:48.113+0000] {processor.py:799} INFO - Processing file /home/airflow/.local/lib/python3.7/site-packages/airflow/example_dags/example_kubernetes_executor.py for tasks to queue
[2023-05-17T13:36:48.115+0000] {logging_mixin.py:149} INFO - [2023-05-17T13:36:48.115+0000] {dagbag.py:541} INFO - Filling up the DagBag from /home/airflow/.local/lib/python3.7/site-packages/airflow/example_dags/example_kubernetes_executor.py
[2023-05-17T13:36:53.031+0000] {processor.py:809} INFO - DAG(s) dict_keys(['example_kubernetes_executor']) retrieved from /home/airflow/.local/lib/python3.7/site-packages/airflow/example_dags/example_kubernetes_executor.py
[2023-05-17T13:36:53.159+0000] {logging_mixin.py:149} INFO - [2023-05-17T13:36:53.158+0000] {dag.py:2726} INFO - Sync 1 DAGs
[2023-05-17T13:36:53.225+0000] {logging_mixin.py:149} INFO - [2023-05-17T13:36:53.225+0000] {dag.py:3490} INFO - Setting next_dagrun for example_kubernetes_executor to None, run_after=None
[2023-05-17T13:36:53.324+0000] {processor.py:178} INFO - Processing /home/airflow/.local/lib/python3.7/site-packages/airflow/example_dags/example_kubernetes_executor.py took 5.219 seconds
[2023-05-17T13:37:27.372+0000] {processor.py:156} INFO - Started process (PID=314) to work on /home/airflow/.local/lib/python3.7/site-packages/airflow/example_dags/example_kubernetes_executor.py
[2023-05-17T13:37:27.375+0000] {processor.py:799} INFO - Processing file /home/airflow/.local/lib/python3.7/site-packages/airflow/example_dags/example_kubernetes_executor.py for tasks to queue
[2023-05-17T13:37:27.378+0000] {logging_mixin.py:149} INFO - [2023-05-17T13:37:27.378+0000] {dagbag.py:541} INFO - Filling up the DagBag from /home/airflow/.local/lib/python3.7/site-packages/airflow/example_dags/example_kubernetes_executor.py
[2023-05-17T13:37:28.037+0000] {processor.py:809} INFO - DAG(s) dict_keys(['example_kubernetes_executor']) retrieved from /home/airflow/.local/lib/python3.7/site-packages/airflow/example_dags/example_kubernetes_executor.py
[2023-05-17T13:37:28.122+0000] {logging_mixin.py:149} INFO - [2023-05-17T13:37:28.122+0000] {dag.py:2726} INFO - Sync 1 DAGs
[2023-05-17T13:37:28.188+0000] {logging_mixin.py:149} INFO - [2023-05-17T13:37:28.187+0000] {dag.py:3490} INFO - Setting next_dagrun for example_kubernetes_executor to None, run_after=None
[2023-05-17T13:37:28.509+0000] {processor.py:178} INFO - Processing /home/airflow/.local/lib/python3.7/site-packages/airflow/example_dags/example_kubernetes_executor.py took 1.147 seconds
[2023-05-17T13:38:02.569+0000] {processor.py:156} INFO - Started process (PID=372) to work on /home/airflow/.local/lib/python3.7/site-packages/airflow/example_dags/example_kubernetes_executor.py
[2023-05-17T13:38:02.571+0000] {processor.py:799} INFO - Processing file /home/airflow/.local/lib/python3.7/site-packages/airflow/example_dags/example_kubernetes_executor.py for tasks to queue
[2023-05-17T13:38:02.573+0000] {logging_mixin.py:149} INFO - [2023-05-17T13:38:02.573+0000] {dagbag.py:541} INFO - Filling up the DagBag from /home/airflow/.local/lib/python3.7/site-packages/airflow/example_dags/example_kubernetes_executor.py
[2023-05-17T13:38:03.058+0000] {processor.py:809} INFO - DAG(s) dict_keys(['example_kubernetes_executor']) retrieved from /home/airflow/.local/lib/python3.7/site-packages/airflow/example_dags/example_kubernetes_executor.py
[2023-05-17T13:38:03.139+0000] {logging_mixin.py:149} INFO - [2023-05-17T13:38:03.139+0000] {dag.py:2726} INFO - Sync 1 DAGs
[2023-05-17T13:38:03.197+0000] {logging_mixin.py:149} INFO - [2023-05-17T13:38:03.197+0000] {dag.py:3490} INFO - Setting next_dagrun for example_kubernetes_executor to None, run_after=None
[2023-05-17T13:38:03.385+0000] {processor.py:178} INFO - Processing /home/airflow/.local/lib/python3.7/site-packages/airflow/example_dags/example_kubernetes_executor.py took 0.824 seconds
[2023-05-17T13:38:33.937+0000] {processor.py:156} INFO - Started process (PID=425) to work on /home/airflow/.local/lib/python3.7/site-packages/airflow/example_dags/example_kubernetes_executor.py
[2023-05-17T13:38:33.940+0000] {processor.py:799} INFO - Processing file /home/airflow/.local/lib/python3.7/site-packages/airflow/example_dags/example_kubernetes_executor.py for tasks to queue
[2023-05-17T13:38:33.944+0000] {logging_mixin.py:149} INFO - [2023-05-17T13:38:33.943+0000] {dagbag.py:541} INFO - Filling up the DagBag from /home/airflow/.local/lib/python3.7/site-packages/airflow/example_dags/example_kubernetes_executor.py
[2023-05-17T13:38:35.266+0000] {processor.py:809} INFO - DAG(s) dict_keys(['example_kubernetes_executor']) retrieved from /home/airflow/.local/lib/python3.7/site-packages/airflow/example_dags/example_kubernetes_executor.py
[2023-05-17T13:38:35.377+0000] {logging_mixin.py:149} INFO - [2023-05-17T13:38:35.377+0000] {dag.py:2726} INFO - Sync 1 DAGs
[2023-05-17T13:38:35.480+0000] {logging_mixin.py:149} INFO - [2023-05-17T13:38:35.479+0000] {dag.py:3490} INFO - Setting next_dagrun for example_kubernetes_executor to None, run_after=None
[2023-05-17T13:38:35.613+0000] {processor.py:178} INFO - Processing /home/airflow/.local/lib/python3.7/site-packages/airflow/example_dags/example_kubernetes_executor.py took 1.694 seconds
[2023-05-17T13:39:05.711+0000] {processor.py:156} INFO - Started process (PID=485) to work on /home/airflow/.local/lib/python3.7/site-packages/airflow/example_dags/example_kubernetes_executor.py
[2023-05-17T13:39:05.714+0000] {processor.py:799} INFO - Processing file /home/airflow/.local/lib/python3.7/site-packages/airflow/example_dags/example_kubernetes_executor.py for tasks to queue
[2023-05-17T13:39:05.718+0000] {logging_mixin.py:149} INFO - [2023-05-17T13:39:05.718+0000] {dagbag.py:541} INFO - Filling up the DagBag from /home/airflow/.local/lib/python3.7/site-packages/airflow/example_dags/example_kubernetes_executor.py
[2023-05-17T13:39:06.622+0000] {processor.py:809} INFO - DAG(s) dict_keys(['example_kubernetes_executor']) retrieved from /home/airflow/.local/lib/python3.7/site-packages/airflow/example_dags/example_kubernetes_executor.py
[2023-05-17T13:39:06.776+0000] {logging_mixin.py:149} INFO - [2023-05-17T13:39:06.776+0000] {dag.py:2726} INFO - Sync 1 DAGs
[2023-05-17T13:39:06.849+0000] {logging_mixin.py:149} INFO - [2023-05-17T13:39:06.848+0000] {dag.py:3490} INFO - Setting next_dagrun for example_kubernetes_executor to None, run_after=None
[2023-05-17T13:39:07.119+0000] {processor.py:178} INFO - Processing /home/airflow/.local/lib/python3.7/site-packages/airflow/example_dags/example_kubernetes_executor.py took 1.416 seconds
[2023-05-17T13:39:37.355+0000] {processor.py:156} INFO - Started process (PID=545) to work on /home/airflow/.local/lib/python3.7/site-packages/airflow/example_dags/example_kubernetes_executor.py
[2023-05-17T13:39:37.358+0000] {processor.py:799} INFO - Processing file /home/airflow/.local/lib/python3.7/site-packages/airflow/example_dags/example_kubernetes_executor.py for tasks to queue
[2023-05-17T13:39:37.367+0000] {logging_mixin.py:149} INFO - [2023-05-17T13:39:37.364+0000] {dagbag.py:541} INFO - Filling up the DagBag from /home/airflow/.local/lib/python3.7/site-packages/airflow/example_dags/example_kubernetes_executor.py
[2023-05-17T13:39:38.240+0000] {processor.py:809} INFO - DAG(s) dict_keys(['example_kubernetes_executor']) retrieved from /home/airflow/.local/lib/python3.7/site-packages/airflow/example_dags/example_kubernetes_executor.py
[2023-05-17T13:39:38.471+0000] {logging_mixin.py:149} INFO - [2023-05-17T13:39:38.469+0000] {dag.py:2726} INFO - Sync 1 DAGs
[2023-05-17T13:39:38.566+0000] {logging_mixin.py:149} INFO - [2023-05-17T13:39:38.566+0000] {dag.py:3490} INFO - Setting next_dagrun for example_kubernetes_executor to None, run_after=None
[2023-05-17T13:39:38.942+0000] {processor.py:178} INFO - Processing /home/airflow/.local/lib/python3.7/site-packages/airflow/example_dags/example_kubernetes_executor.py took 1.596 seconds
[2023-05-17T13:40:09.073+0000] {processor.py:156} INFO - Started process (PID=607) to work on /home/airflow/.local/lib/python3.7/site-packages/airflow/example_dags/example_kubernetes_executor.py
[2023-05-17T13:40:09.078+0000] {processor.py:799} INFO - Processing file /home/airflow/.local/lib/python3.7/site-packages/airflow/example_dags/example_kubernetes_executor.py for tasks to queue
[2023-05-17T13:40:09.081+0000] {logging_mixin.py:149} INFO - [2023-05-17T13:40:09.080+0000] {dagbag.py:541} INFO - Filling up the DagBag from /home/airflow/.local/lib/python3.7/site-packages/airflow/example_dags/example_kubernetes_executor.py
[2023-05-17T13:40:09.808+0000] {processor.py:809} INFO - DAG(s) dict_keys(['example_kubernetes_executor']) retrieved from /home/airflow/.local/lib/python3.7/site-packages/airflow/example_dags/example_kubernetes_executor.py
[2023-05-17T13:40:09.984+0000] {logging_mixin.py:149} INFO - [2023-05-17T13:40:09.984+0000] {dag.py:2726} INFO - Sync 1 DAGs
[2023-05-17T13:40:10.067+0000] {logging_mixin.py:149} INFO - [2023-05-17T13:40:10.066+0000] {dag.py:3490} INFO - Setting next_dagrun for example_kubernetes_executor to None, run_after=None
[2023-05-17T13:40:10.253+0000] {processor.py:178} INFO - Processing /home/airflow/.local/lib/python3.7/site-packages/airflow/example_dags/example_kubernetes_executor.py took 1.187 seconds
