[2023-05-17T13:05:51.028+0000] {processor.py:156} INFO - Started process (PID=150) to work on /home/airflow/.local/lib/python3.7/site-packages/airflow/example_dags/example_sensors.py
[2023-05-17T13:05:51.795+0000] {processor.py:799} INFO - Processing file /home/airflow/.local/lib/python3.7/site-packages/airflow/example_dags/example_sensors.py for tasks to queue
[2023-05-17T13:05:52.041+0000] {logging_mixin.py:149} INFO - [2023-05-17T13:05:52.041+0000] {dagbag.py:541} INFO - Filling up the DagBag from /home/airflow/.local/lib/python3.7/site-packages/airflow/example_dags/example_sensors.py
[2023-05-17T13:05:54.459+0000] {processor.py:809} INFO - DAG(s) dict_keys(['example_sensors']) retrieved from /home/airflow/.local/lib/python3.7/site-packages/airflow/example_dags/example_sensors.py
[2023-05-17T13:06:14.874+0000] {logging_mixin.py:149} INFO - [2023-05-17T13:06:14.874+0000] {manager.py:504} INFO - Created Permission View: can read on DAG:example_sensors
[2023-05-17T13:06:15.525+0000] {logging_mixin.py:149} INFO - [2023-05-17T13:06:15.525+0000] {manager.py:504} INFO - Created Permission View: can edit on DAG:example_sensors
[2023-05-17T13:06:15.880+0000] {logging_mixin.py:149} INFO - [2023-05-17T13:06:15.880+0000] {manager.py:504} INFO - Created Permission View: can delete on DAG:example_sensors
[2023-05-17T13:06:15.910+0000] {logging_mixin.py:149} INFO - [2023-05-17T13:06:15.909+0000] {dag.py:2726} INFO - Sync 1 DAGs
[2023-05-17T13:06:16.771+0000] {logging_mixin.py:149} INFO - [2023-05-17T13:06:16.771+0000] {dag.py:2747} INFO - Creating ORM DAG for example_sensors
[2023-05-17T13:06:18.203+0000] {logging_mixin.py:149} INFO - [2023-05-17T13:06:18.203+0000] {dag.py:3490} INFO - Setting next_dagrun for example_sensors to None, run_after=None
[2023-05-17T13:06:20.377+0000] {processor.py:178} INFO - Processing /home/airflow/.local/lib/python3.7/site-packages/airflow/example_dags/example_sensors.py took 30.726 seconds
[2023-05-17T13:09:12.008+0000] {processor.py:156} INFO - Started process (PID=235) to work on /home/airflow/.local/lib/python3.7/site-packages/airflow/example_dags/example_sensors.py
[2023-05-17T13:09:12.011+0000] {processor.py:799} INFO - Processing file /home/airflow/.local/lib/python3.7/site-packages/airflow/example_dags/example_sensors.py for tasks to queue
[2023-05-17T13:09:12.013+0000] {logging_mixin.py:149} INFO - [2023-05-17T13:09:12.012+0000] {dagbag.py:541} INFO - Filling up the DagBag from /home/airflow/.local/lib/python3.7/site-packages/airflow/example_dags/example_sensors.py
[2023-05-17T13:09:12.040+0000] {processor.py:809} INFO - DAG(s) dict_keys(['example_sensors']) retrieved from /home/airflow/.local/lib/python3.7/site-packages/airflow/example_dags/example_sensors.py
[2023-05-17T13:09:12.118+0000] {logging_mixin.py:149} INFO - [2023-05-17T13:09:12.117+0000] {dag.py:2726} INFO - Sync 1 DAGs
[2023-05-17T13:09:12.202+0000] {logging_mixin.py:149} INFO - [2023-05-17T13:09:12.201+0000] {dag.py:3490} INFO - Setting next_dagrun for example_sensors to None, run_after=None
[2023-05-17T13:09:12.384+0000] {processor.py:178} INFO - Processing /home/airflow/.local/lib/python3.7/site-packages/airflow/example_dags/example_sensors.py took 0.383 seconds
[2023-05-17T13:09:43.469+0000] {processor.py:156} INFO - Started process (PID=292) to work on /home/airflow/.local/lib/python3.7/site-packages/airflow/example_dags/example_sensors.py
[2023-05-17T13:09:43.472+0000] {processor.py:799} INFO - Processing file /home/airflow/.local/lib/python3.7/site-packages/airflow/example_dags/example_sensors.py for tasks to queue
[2023-05-17T13:09:43.475+0000] {logging_mixin.py:149} INFO - [2023-05-17T13:09:43.474+0000] {dagbag.py:541} INFO - Filling up the DagBag from /home/airflow/.local/lib/python3.7/site-packages/airflow/example_dags/example_sensors.py
[2023-05-17T13:09:43.507+0000] {processor.py:809} INFO - DAG(s) dict_keys(['example_sensors']) retrieved from /home/airflow/.local/lib/python3.7/site-packages/airflow/example_dags/example_sensors.py
[2023-05-17T13:09:43.603+0000] {logging_mixin.py:149} INFO - [2023-05-17T13:09:43.592+0000] {dag.py:2726} INFO - Sync 1 DAGs
[2023-05-17T13:09:43.688+0000] {logging_mixin.py:149} INFO - [2023-05-17T13:09:43.688+0000] {dag.py:3490} INFO - Setting next_dagrun for example_sensors to None, run_after=None
[2023-05-17T13:09:44.035+0000] {processor.py:178} INFO - Processing /home/airflow/.local/lib/python3.7/site-packages/airflow/example_dags/example_sensors.py took 0.578 seconds
[2023-05-17T13:10:20.885+0000] {processor.py:156} INFO - Started process (PID=346) to work on /home/airflow/.local/lib/python3.7/site-packages/airflow/example_dags/example_sensors.py
[2023-05-17T13:10:20.888+0000] {processor.py:799} INFO - Processing file /home/airflow/.local/lib/python3.7/site-packages/airflow/example_dags/example_sensors.py for tasks to queue
[2023-05-17T13:10:20.890+0000] {logging_mixin.py:149} INFO - [2023-05-17T13:10:20.890+0000] {dagbag.py:541} INFO - Filling up the DagBag from /home/airflow/.local/lib/python3.7/site-packages/airflow/example_dags/example_sensors.py
[2023-05-17T13:10:20.939+0000] {processor.py:809} INFO - DAG(s) dict_keys(['example_sensors']) retrieved from /home/airflow/.local/lib/python3.7/site-packages/airflow/example_dags/example_sensors.py
[2023-05-17T13:10:21.058+0000] {logging_mixin.py:149} INFO - [2023-05-17T13:10:21.058+0000] {dag.py:2726} INFO - Sync 1 DAGs
[2023-05-17T13:10:21.195+0000] {logging_mixin.py:149} INFO - [2023-05-17T13:10:21.195+0000] {dag.py:3490} INFO - Setting next_dagrun for example_sensors to None, run_after=None
[2023-05-17T13:10:21.400+0000] {processor.py:178} INFO - Processing /home/airflow/.local/lib/python3.7/site-packages/airflow/example_dags/example_sensors.py took 0.525 seconds
[2023-05-17T13:11:02.476+0000] {processor.py:156} INFO - Started process (PID=409) to work on /home/airflow/.local/lib/python3.7/site-packages/airflow/example_dags/example_sensors.py
[2023-05-17T13:11:02.479+0000] {processor.py:799} INFO - Processing file /home/airflow/.local/lib/python3.7/site-packages/airflow/example_dags/example_sensors.py for tasks to queue
[2023-05-17T13:11:02.483+0000] {logging_mixin.py:149} INFO - [2023-05-17T13:11:02.482+0000] {dagbag.py:541} INFO - Filling up the DagBag from /home/airflow/.local/lib/python3.7/site-packages/airflow/example_dags/example_sensors.py
[2023-05-17T13:11:02.505+0000] {processor.py:809} INFO - DAG(s) dict_keys(['example_sensors']) retrieved from /home/airflow/.local/lib/python3.7/site-packages/airflow/example_dags/example_sensors.py
[2023-05-17T13:11:02.575+0000] {logging_mixin.py:149} INFO - [2023-05-17T13:11:02.574+0000] {dag.py:2726} INFO - Sync 1 DAGs
[2023-05-17T13:11:02.638+0000] {logging_mixin.py:149} INFO - [2023-05-17T13:11:02.637+0000] {dag.py:3490} INFO - Setting next_dagrun for example_sensors to None, run_after=None
[2023-05-17T13:11:03.027+0000] {processor.py:178} INFO - Processing /home/airflow/.local/lib/python3.7/site-packages/airflow/example_dags/example_sensors.py took 0.565 seconds
[2023-05-17T13:11:33.490+0000] {processor.py:156} INFO - Started process (PID=462) to work on /home/airflow/.local/lib/python3.7/site-packages/airflow/example_dags/example_sensors.py
[2023-05-17T13:11:33.503+0000] {processor.py:799} INFO - Processing file /home/airflow/.local/lib/python3.7/site-packages/airflow/example_dags/example_sensors.py for tasks to queue
[2023-05-17T13:11:33.506+0000] {logging_mixin.py:149} INFO - [2023-05-17T13:11:33.506+0000] {dagbag.py:541} INFO - Filling up the DagBag from /home/airflow/.local/lib/python3.7/site-packages/airflow/example_dags/example_sensors.py
[2023-05-17T13:11:33.585+0000] {processor.py:809} INFO - DAG(s) dict_keys(['example_sensors']) retrieved from /home/airflow/.local/lib/python3.7/site-packages/airflow/example_dags/example_sensors.py
[2023-05-17T13:11:33.707+0000] {logging_mixin.py:149} INFO - [2023-05-17T13:11:33.707+0000] {dag.py:2726} INFO - Sync 1 DAGs
[2023-05-17T13:11:33.822+0000] {logging_mixin.py:149} INFO - [2023-05-17T13:11:33.822+0000] {dag.py:3490} INFO - Setting next_dagrun for example_sensors to None, run_after=None
[2023-05-17T13:11:34.704+0000] {processor.py:178} INFO - Processing /home/airflow/.local/lib/python3.7/site-packages/airflow/example_dags/example_sensors.py took 1.235 seconds
[2023-05-17T13:12:04.890+0000] {processor.py:156} INFO - Started process (PID=520) to work on /home/airflow/.local/lib/python3.7/site-packages/airflow/example_dags/example_sensors.py
[2023-05-17T13:12:04.893+0000] {processor.py:799} INFO - Processing file /home/airflow/.local/lib/python3.7/site-packages/airflow/example_dags/example_sensors.py for tasks to queue
[2023-05-17T13:12:04.895+0000] {logging_mixin.py:149} INFO - [2023-05-17T13:12:04.895+0000] {dagbag.py:541} INFO - Filling up the DagBag from /home/airflow/.local/lib/python3.7/site-packages/airflow/example_dags/example_sensors.py
[2023-05-17T13:12:04.939+0000] {processor.py:809} INFO - DAG(s) dict_keys(['example_sensors']) retrieved from /home/airflow/.local/lib/python3.7/site-packages/airflow/example_dags/example_sensors.py
[2023-05-17T13:12:05.065+0000] {logging_mixin.py:149} INFO - [2023-05-17T13:12:05.064+0000] {dag.py:2726} INFO - Sync 1 DAGs
[2023-05-17T13:12:05.311+0000] {logging_mixin.py:149} INFO - [2023-05-17T13:12:05.311+0000] {dag.py:3490} INFO - Setting next_dagrun for example_sensors to None, run_after=None
[2023-05-17T13:12:06.251+0000] {processor.py:178} INFO - Processing /home/airflow/.local/lib/python3.7/site-packages/airflow/example_dags/example_sensors.py took 1.371 seconds
[2023-05-17T13:12:38.696+0000] {processor.py:156} INFO - Started process (PID=578) to work on /home/airflow/.local/lib/python3.7/site-packages/airflow/example_dags/example_sensors.py
[2023-05-17T13:12:38.701+0000] {processor.py:799} INFO - Processing file /home/airflow/.local/lib/python3.7/site-packages/airflow/example_dags/example_sensors.py for tasks to queue
[2023-05-17T13:12:38.704+0000] {logging_mixin.py:149} INFO - [2023-05-17T13:12:38.703+0000] {dagbag.py:541} INFO - Filling up the DagBag from /home/airflow/.local/lib/python3.7/site-packages/airflow/example_dags/example_sensors.py
[2023-05-17T13:12:38.819+0000] {processor.py:809} INFO - DAG(s) dict_keys(['example_sensors']) retrieved from /home/airflow/.local/lib/python3.7/site-packages/airflow/example_dags/example_sensors.py
[2023-05-17T13:12:40.108+0000] {logging_mixin.py:149} INFO - [2023-05-17T13:12:40.107+0000] {dag.py:2726} INFO - Sync 1 DAGs
[2023-05-17T13:12:41.879+0000] {logging_mixin.py:149} INFO - [2023-05-17T13:12:41.878+0000] {dag.py:3490} INFO - Setting next_dagrun for example_sensors to None, run_after=None
[2023-05-17T13:12:42.529+0000] {processor.py:178} INFO - Processing /home/airflow/.local/lib/python3.7/site-packages/airflow/example_dags/example_sensors.py took 4.820 seconds
[2023-05-17T13:13:28.767+0000] {processor.py:156} INFO - Started process (PID=640) to work on /home/airflow/.local/lib/python3.7/site-packages/airflow/example_dags/example_sensors.py
[2023-05-17T13:13:28.771+0000] {processor.py:799} INFO - Processing file /home/airflow/.local/lib/python3.7/site-packages/airflow/example_dags/example_sensors.py for tasks to queue
[2023-05-17T13:13:28.773+0000] {logging_mixin.py:149} INFO - [2023-05-17T13:13:28.773+0000] {dagbag.py:541} INFO - Filling up the DagBag from /home/airflow/.local/lib/python3.7/site-packages/airflow/example_dags/example_sensors.py
[2023-05-17T13:13:28.818+0000] {processor.py:809} INFO - DAG(s) dict_keys(['example_sensors']) retrieved from /home/airflow/.local/lib/python3.7/site-packages/airflow/example_dags/example_sensors.py
[2023-05-17T13:13:28.940+0000] {logging_mixin.py:149} INFO - [2023-05-17T13:13:28.940+0000] {dag.py:2726} INFO - Sync 1 DAGs
[2023-05-17T13:13:29.102+0000] {logging_mixin.py:149} INFO - [2023-05-17T13:13:29.101+0000] {dag.py:3490} INFO - Setting next_dagrun for example_sensors to None, run_after=None
[2023-05-17T13:13:29.270+0000] {processor.py:178} INFO - Processing /home/airflow/.local/lib/python3.7/site-packages/airflow/example_dags/example_sensors.py took 0.513 seconds
[2023-05-17T13:14:00.052+0000] {processor.py:156} INFO - Started process (PID=699) to work on /home/airflow/.local/lib/python3.7/site-packages/airflow/example_dags/example_sensors.py
[2023-05-17T13:14:00.054+0000] {processor.py:799} INFO - Processing file /home/airflow/.local/lib/python3.7/site-packages/airflow/example_dags/example_sensors.py for tasks to queue
[2023-05-17T13:14:00.057+0000] {logging_mixin.py:149} INFO - [2023-05-17T13:14:00.056+0000] {dagbag.py:541} INFO - Filling up the DagBag from /home/airflow/.local/lib/python3.7/site-packages/airflow/example_dags/example_sensors.py
[2023-05-17T13:14:00.084+0000] {processor.py:809} INFO - DAG(s) dict_keys(['example_sensors']) retrieved from /home/airflow/.local/lib/python3.7/site-packages/airflow/example_dags/example_sensors.py
[2023-05-17T13:14:00.165+0000] {logging_mixin.py:149} INFO - [2023-05-17T13:14:00.165+0000] {dag.py:2726} INFO - Sync 1 DAGs
[2023-05-17T13:14:00.228+0000] {logging_mixin.py:149} INFO - [2023-05-17T13:14:00.228+0000] {dag.py:3490} INFO - Setting next_dagrun for example_sensors to None, run_after=None
[2023-05-17T13:14:00.478+0000] {processor.py:178} INFO - Processing /home/airflow/.local/lib/python3.7/site-packages/airflow/example_dags/example_sensors.py took 0.437 seconds
[2023-05-17T13:15:13.940+0000] {processor.py:156} INFO - Started process (PID=762) to work on /home/airflow/.local/lib/python3.7/site-packages/airflow/example_dags/example_sensors.py
[2023-05-17T13:15:13.945+0000] {processor.py:799} INFO - Processing file /home/airflow/.local/lib/python3.7/site-packages/airflow/example_dags/example_sensors.py for tasks to queue
[2023-05-17T13:15:13.948+0000] {logging_mixin.py:149} INFO - [2023-05-17T13:15:13.948+0000] {dagbag.py:541} INFO - Filling up the DagBag from /home/airflow/.local/lib/python3.7/site-packages/airflow/example_dags/example_sensors.py
[2023-05-17T13:15:13.992+0000] {processor.py:809} INFO - DAG(s) dict_keys(['example_sensors']) retrieved from /home/airflow/.local/lib/python3.7/site-packages/airflow/example_dags/example_sensors.py
[2023-05-17T13:15:14.130+0000] {logging_mixin.py:149} INFO - [2023-05-17T13:15:14.130+0000] {dag.py:2726} INFO - Sync 1 DAGs
[2023-05-17T13:15:14.270+0000] {logging_mixin.py:149} INFO - [2023-05-17T13:15:14.269+0000] {dag.py:3490} INFO - Setting next_dagrun for example_sensors to None, run_after=None
[2023-05-17T13:15:14.874+0000] {processor.py:178} INFO - Processing /home/airflow/.local/lib/python3.7/site-packages/airflow/example_dags/example_sensors.py took 0.945 seconds
[2023-05-17T13:15:45.638+0000] {processor.py:156} INFO - Started process (PID=820) to work on /home/airflow/.local/lib/python3.7/site-packages/airflow/example_dags/example_sensors.py
[2023-05-17T13:15:45.640+0000] {processor.py:799} INFO - Processing file /home/airflow/.local/lib/python3.7/site-packages/airflow/example_dags/example_sensors.py for tasks to queue
[2023-05-17T13:15:45.642+0000] {logging_mixin.py:149} INFO - [2023-05-17T13:15:45.642+0000] {dagbag.py:541} INFO - Filling up the DagBag from /home/airflow/.local/lib/python3.7/site-packages/airflow/example_dags/example_sensors.py
[2023-05-17T13:15:45.667+0000] {processor.py:809} INFO - DAG(s) dict_keys(['example_sensors']) retrieved from /home/airflow/.local/lib/python3.7/site-packages/airflow/example_dags/example_sensors.py
[2023-05-17T13:15:45.732+0000] {logging_mixin.py:149} INFO - [2023-05-17T13:15:45.732+0000] {dag.py:2726} INFO - Sync 1 DAGs
[2023-05-17T13:15:45.795+0000] {logging_mixin.py:149} INFO - [2023-05-17T13:15:45.794+0000] {dag.py:3490} INFO - Setting next_dagrun for example_sensors to None, run_after=None
[2023-05-17T13:15:46.125+0000] {processor.py:178} INFO - Processing /home/airflow/.local/lib/python3.7/site-packages/airflow/example_dags/example_sensors.py took 0.492 seconds
[2023-05-17T13:16:16.350+0000] {processor.py:156} INFO - Started process (PID=878) to work on /home/airflow/.local/lib/python3.7/site-packages/airflow/example_dags/example_sensors.py
[2023-05-17T13:16:16.355+0000] {processor.py:799} INFO - Processing file /home/airflow/.local/lib/python3.7/site-packages/airflow/example_dags/example_sensors.py for tasks to queue
[2023-05-17T13:16:16.357+0000] {logging_mixin.py:149} INFO - [2023-05-17T13:16:16.357+0000] {dagbag.py:541} INFO - Filling up the DagBag from /home/airflow/.local/lib/python3.7/site-packages/airflow/example_dags/example_sensors.py
[2023-05-17T13:16:16.380+0000] {processor.py:809} INFO - DAG(s) dict_keys(['example_sensors']) retrieved from /home/airflow/.local/lib/python3.7/site-packages/airflow/example_dags/example_sensors.py
[2023-05-17T13:16:16.459+0000] {logging_mixin.py:149} INFO - [2023-05-17T13:16:16.458+0000] {dag.py:2726} INFO - Sync 1 DAGs
[2023-05-17T13:16:16.534+0000] {logging_mixin.py:149} INFO - [2023-05-17T13:16:16.534+0000] {dag.py:3490} INFO - Setting next_dagrun for example_sensors to None, run_after=None
[2023-05-17T13:16:16.711+0000] {processor.py:178} INFO - Processing /home/airflow/.local/lib/python3.7/site-packages/airflow/example_dags/example_sensors.py took 0.369 seconds
[2023-05-17T13:16:47.426+0000] {processor.py:156} INFO - Started process (PID=936) to work on /home/airflow/.local/lib/python3.7/site-packages/airflow/example_dags/example_sensors.py
[2023-05-17T13:16:47.432+0000] {processor.py:799} INFO - Processing file /home/airflow/.local/lib/python3.7/site-packages/airflow/example_dags/example_sensors.py for tasks to queue
[2023-05-17T13:16:47.434+0000] {logging_mixin.py:149} INFO - [2023-05-17T13:16:47.434+0000] {dagbag.py:541} INFO - Filling up the DagBag from /home/airflow/.local/lib/python3.7/site-packages/airflow/example_dags/example_sensors.py
[2023-05-17T13:16:47.464+0000] {processor.py:809} INFO - DAG(s) dict_keys(['example_sensors']) retrieved from /home/airflow/.local/lib/python3.7/site-packages/airflow/example_dags/example_sensors.py
[2023-05-17T13:16:47.527+0000] {logging_mixin.py:149} INFO - [2023-05-17T13:16:47.527+0000] {dag.py:2726} INFO - Sync 1 DAGs
[2023-05-17T13:16:47.585+0000] {logging_mixin.py:149} INFO - [2023-05-17T13:16:47.584+0000] {dag.py:3490} INFO - Setting next_dagrun for example_sensors to None, run_after=None
[2023-05-17T13:16:47.724+0000] {processor.py:178} INFO - Processing /home/airflow/.local/lib/python3.7/site-packages/airflow/example_dags/example_sensors.py took 0.307 seconds
[2023-05-17T13:17:23.249+0000] {processor.py:156} INFO - Started process (PID=995) to work on /home/airflow/.local/lib/python3.7/site-packages/airflow/example_dags/example_sensors.py
[2023-05-17T13:17:23.252+0000] {processor.py:799} INFO - Processing file /home/airflow/.local/lib/python3.7/site-packages/airflow/example_dags/example_sensors.py for tasks to queue
[2023-05-17T13:17:23.256+0000] {logging_mixin.py:149} INFO - [2023-05-17T13:17:23.256+0000] {dagbag.py:541} INFO - Filling up the DagBag from /home/airflow/.local/lib/python3.7/site-packages/airflow/example_dags/example_sensors.py
[2023-05-17T13:17:23.290+0000] {processor.py:809} INFO - DAG(s) dict_keys(['example_sensors']) retrieved from /home/airflow/.local/lib/python3.7/site-packages/airflow/example_dags/example_sensors.py
[2023-05-17T13:17:23.398+0000] {logging_mixin.py:149} INFO - [2023-05-17T13:17:23.397+0000] {dag.py:2726} INFO - Sync 1 DAGs
[2023-05-17T13:17:23.467+0000] {logging_mixin.py:149} INFO - [2023-05-17T13:17:23.466+0000] {dag.py:3490} INFO - Setting next_dagrun for example_sensors to None, run_after=None
[2023-05-17T13:17:23.825+0000] {processor.py:178} INFO - Processing /home/airflow/.local/lib/python3.7/site-packages/airflow/example_dags/example_sensors.py took 0.589 seconds
[2023-05-17T13:18:09.563+0000] {processor.py:156} INFO - Started process (PID=1052) to work on /home/airflow/.local/lib/python3.7/site-packages/airflow/example_dags/example_sensors.py
[2023-05-17T13:18:09.566+0000] {processor.py:799} INFO - Processing file /home/airflow/.local/lib/python3.7/site-packages/airflow/example_dags/example_sensors.py for tasks to queue
[2023-05-17T13:18:09.568+0000] {logging_mixin.py:149} INFO - [2023-05-17T13:18:09.568+0000] {dagbag.py:541} INFO - Filling up the DagBag from /home/airflow/.local/lib/python3.7/site-packages/airflow/example_dags/example_sensors.py
[2023-05-17T13:18:09.590+0000] {processor.py:809} INFO - DAG(s) dict_keys(['example_sensors']) retrieved from /home/airflow/.local/lib/python3.7/site-packages/airflow/example_dags/example_sensors.py
[2023-05-17T13:18:09.651+0000] {logging_mixin.py:149} INFO - [2023-05-17T13:18:09.651+0000] {dag.py:2726} INFO - Sync 1 DAGs
[2023-05-17T13:18:09.715+0000] {logging_mixin.py:149} INFO - [2023-05-17T13:18:09.715+0000] {dag.py:3490} INFO - Setting next_dagrun for example_sensors to None, run_after=None
[2023-05-17T13:18:10.161+0000] {processor.py:178} INFO - Processing /home/airflow/.local/lib/python3.7/site-packages/airflow/example_dags/example_sensors.py took 0.604 seconds
[2023-05-17T13:18:51.021+0000] {processor.py:156} INFO - Started process (PID=1109) to work on /home/airflow/.local/lib/python3.7/site-packages/airflow/example_dags/example_sensors.py
[2023-05-17T13:18:51.025+0000] {processor.py:799} INFO - Processing file /home/airflow/.local/lib/python3.7/site-packages/airflow/example_dags/example_sensors.py for tasks to queue
[2023-05-17T13:18:51.028+0000] {logging_mixin.py:149} INFO - [2023-05-17T13:18:51.027+0000] {dagbag.py:541} INFO - Filling up the DagBag from /home/airflow/.local/lib/python3.7/site-packages/airflow/example_dags/example_sensors.py
[2023-05-17T13:18:51.052+0000] {processor.py:809} INFO - DAG(s) dict_keys(['example_sensors']) retrieved from /home/airflow/.local/lib/python3.7/site-packages/airflow/example_dags/example_sensors.py
[2023-05-17T13:18:51.132+0000] {logging_mixin.py:149} INFO - [2023-05-17T13:18:51.131+0000] {dag.py:2726} INFO - Sync 1 DAGs
[2023-05-17T13:18:51.223+0000] {logging_mixin.py:149} INFO - [2023-05-17T13:18:51.222+0000] {dag.py:3490} INFO - Setting next_dagrun for example_sensors to None, run_after=None
[2023-05-17T13:18:51.428+0000] {processor.py:178} INFO - Processing /home/airflow/.local/lib/python3.7/site-packages/airflow/example_dags/example_sensors.py took 0.413 seconds
[2023-05-17T13:19:24.089+0000] {processor.py:156} INFO - Started process (PID=1170) to work on /home/airflow/.local/lib/python3.7/site-packages/airflow/example_dags/example_sensors.py
[2023-05-17T13:19:24.092+0000] {processor.py:799} INFO - Processing file /home/airflow/.local/lib/python3.7/site-packages/airflow/example_dags/example_sensors.py for tasks to queue
[2023-05-17T13:19:24.094+0000] {logging_mixin.py:149} INFO - [2023-05-17T13:19:24.093+0000] {dagbag.py:541} INFO - Filling up the DagBag from /home/airflow/.local/lib/python3.7/site-packages/airflow/example_dags/example_sensors.py
[2023-05-17T13:19:24.112+0000] {processor.py:809} INFO - DAG(s) dict_keys(['example_sensors']) retrieved from /home/airflow/.local/lib/python3.7/site-packages/airflow/example_dags/example_sensors.py
[2023-05-17T13:19:24.169+0000] {logging_mixin.py:149} INFO - [2023-05-17T13:19:24.168+0000] {dag.py:2726} INFO - Sync 1 DAGs
[2023-05-17T13:19:24.219+0000] {logging_mixin.py:149} INFO - [2023-05-17T13:19:24.219+0000] {dag.py:3490} INFO - Setting next_dagrun for example_sensors to None, run_after=None
[2023-05-17T13:19:25.747+0000] {processor.py:178} INFO - Processing /home/airflow/.local/lib/python3.7/site-packages/airflow/example_dags/example_sensors.py took 1.664 seconds
[2023-05-17T13:19:57.147+0000] {processor.py:156} INFO - Started process (PID=1229) to work on /home/airflow/.local/lib/python3.7/site-packages/airflow/example_dags/example_sensors.py
[2023-05-17T13:19:57.150+0000] {processor.py:799} INFO - Processing file /home/airflow/.local/lib/python3.7/site-packages/airflow/example_dags/example_sensors.py for tasks to queue
[2023-05-17T13:19:57.154+0000] {logging_mixin.py:149} INFO - [2023-05-17T13:19:57.153+0000] {dagbag.py:541} INFO - Filling up the DagBag from /home/airflow/.local/lib/python3.7/site-packages/airflow/example_dags/example_sensors.py
[2023-05-17T13:19:57.212+0000] {processor.py:809} INFO - DAG(s) dict_keys(['example_sensors']) retrieved from /home/airflow/.local/lib/python3.7/site-packages/airflow/example_dags/example_sensors.py
[2023-05-17T13:19:57.435+0000] {logging_mixin.py:149} INFO - [2023-05-17T13:19:57.435+0000] {dag.py:2726} INFO - Sync 1 DAGs
[2023-05-17T13:19:57.624+0000] {logging_mixin.py:149} INFO - [2023-05-17T13:19:57.624+0000] {dag.py:3490} INFO - Setting next_dagrun for example_sensors to None, run_after=None
[2023-05-17T13:19:58.078+0000] {processor.py:178} INFO - Processing /home/airflow/.local/lib/python3.7/site-packages/airflow/example_dags/example_sensors.py took 1.001 seconds
[2023-05-17T13:20:29.416+0000] {processor.py:156} INFO - Started process (PID=1288) to work on /home/airflow/.local/lib/python3.7/site-packages/airflow/example_dags/example_sensors.py
[2023-05-17T13:20:29.418+0000] {processor.py:799} INFO - Processing file /home/airflow/.local/lib/python3.7/site-packages/airflow/example_dags/example_sensors.py for tasks to queue
[2023-05-17T13:20:29.426+0000] {logging_mixin.py:149} INFO - [2023-05-17T13:20:29.425+0000] {dagbag.py:541} INFO - Filling up the DagBag from /home/airflow/.local/lib/python3.7/site-packages/airflow/example_dags/example_sensors.py
[2023-05-17T13:20:29.456+0000] {processor.py:809} INFO - DAG(s) dict_keys(['example_sensors']) retrieved from /home/airflow/.local/lib/python3.7/site-packages/airflow/example_dags/example_sensors.py
[2023-05-17T13:20:29.588+0000] {logging_mixin.py:149} INFO - [2023-05-17T13:20:29.588+0000] {dag.py:2726} INFO - Sync 1 DAGs
[2023-05-17T13:20:29.663+0000] {logging_mixin.py:149} INFO - [2023-05-17T13:20:29.662+0000] {dag.py:3490} INFO - Setting next_dagrun for example_sensors to None, run_after=None
[2023-05-17T13:20:30.349+0000] {processor.py:178} INFO - Processing /home/airflow/.local/lib/python3.7/site-packages/airflow/example_dags/example_sensors.py took 0.940 seconds
[2023-05-17T13:21:00.739+0000] {processor.py:156} INFO - Started process (PID=1346) to work on /home/airflow/.local/lib/python3.7/site-packages/airflow/example_dags/example_sensors.py
[2023-05-17T13:21:00.748+0000] {processor.py:799} INFO - Processing file /home/airflow/.local/lib/python3.7/site-packages/airflow/example_dags/example_sensors.py for tasks to queue
[2023-05-17T13:21:00.750+0000] {logging_mixin.py:149} INFO - [2023-05-17T13:21:00.750+0000] {dagbag.py:541} INFO - Filling up the DagBag from /home/airflow/.local/lib/python3.7/site-packages/airflow/example_dags/example_sensors.py
[2023-05-17T13:21:00.781+0000] {processor.py:809} INFO - DAG(s) dict_keys(['example_sensors']) retrieved from /home/airflow/.local/lib/python3.7/site-packages/airflow/example_dags/example_sensors.py
[2023-05-17T13:21:00.866+0000] {logging_mixin.py:149} INFO - [2023-05-17T13:21:00.865+0000] {dag.py:2726} INFO - Sync 1 DAGs
[2023-05-17T13:21:00.938+0000] {logging_mixin.py:149} INFO - [2023-05-17T13:21:00.937+0000] {dag.py:3490} INFO - Setting next_dagrun for example_sensors to None, run_after=None
[2023-05-17T13:21:01.135+0000] {processor.py:178} INFO - Processing /home/airflow/.local/lib/python3.7/site-packages/airflow/example_dags/example_sensors.py took 0.404 seconds
[2023-05-17T13:21:33.218+0000] {processor.py:156} INFO - Started process (PID=1403) to work on /home/airflow/.local/lib/python3.7/site-packages/airflow/example_dags/example_sensors.py
[2023-05-17T13:21:33.221+0000] {processor.py:799} INFO - Processing file /home/airflow/.local/lib/python3.7/site-packages/airflow/example_dags/example_sensors.py for tasks to queue
[2023-05-17T13:21:33.223+0000] {logging_mixin.py:149} INFO - [2023-05-17T13:21:33.223+0000] {dagbag.py:541} INFO - Filling up the DagBag from /home/airflow/.local/lib/python3.7/site-packages/airflow/example_dags/example_sensors.py
[2023-05-17T13:21:33.245+0000] {processor.py:809} INFO - DAG(s) dict_keys(['example_sensors']) retrieved from /home/airflow/.local/lib/python3.7/site-packages/airflow/example_dags/example_sensors.py
[2023-05-17T13:21:33.314+0000] {logging_mixin.py:149} INFO - [2023-05-17T13:21:33.313+0000] {dag.py:2726} INFO - Sync 1 DAGs
[2023-05-17T13:21:33.377+0000] {logging_mixin.py:149} INFO - [2023-05-17T13:21:33.377+0000] {dag.py:3490} INFO - Setting next_dagrun for example_sensors to None, run_after=None
[2023-05-17T13:21:33.623+0000] {processor.py:178} INFO - Processing /home/airflow/.local/lib/python3.7/site-packages/airflow/example_dags/example_sensors.py took 0.411 seconds
[2023-05-17T13:22:07.191+0000] {processor.py:156} INFO - Started process (PID=1458) to work on /home/airflow/.local/lib/python3.7/site-packages/airflow/example_dags/example_sensors.py
[2023-05-17T13:22:07.193+0000] {processor.py:799} INFO - Processing file /home/airflow/.local/lib/python3.7/site-packages/airflow/example_dags/example_sensors.py for tasks to queue
[2023-05-17T13:22:07.198+0000] {logging_mixin.py:149} INFO - [2023-05-17T13:22:07.197+0000] {dagbag.py:541} INFO - Filling up the DagBag from /home/airflow/.local/lib/python3.7/site-packages/airflow/example_dags/example_sensors.py
[2023-05-17T13:22:07.292+0000] {processor.py:809} INFO - DAG(s) dict_keys(['example_sensors']) retrieved from /home/airflow/.local/lib/python3.7/site-packages/airflow/example_dags/example_sensors.py
[2023-05-17T13:22:07.393+0000] {logging_mixin.py:149} INFO - [2023-05-17T13:22:07.393+0000] {dag.py:2726} INFO - Sync 1 DAGs
[2023-05-17T13:22:07.687+0000] {logging_mixin.py:149} INFO - [2023-05-17T13:22:07.687+0000] {dag.py:3490} INFO - Setting next_dagrun for example_sensors to None, run_after=None
[2023-05-17T13:22:07.938+0000] {processor.py:178} INFO - Processing /home/airflow/.local/lib/python3.7/site-packages/airflow/example_dags/example_sensors.py took 0.755 seconds
[2023-05-17T13:23:05.428+0000] {processor.py:156} INFO - Started process (PID=1517) to work on /home/airflow/.local/lib/python3.7/site-packages/airflow/example_dags/example_sensors.py
[2023-05-17T13:23:05.431+0000] {processor.py:799} INFO - Processing file /home/airflow/.local/lib/python3.7/site-packages/airflow/example_dags/example_sensors.py for tasks to queue
[2023-05-17T13:23:05.433+0000] {logging_mixin.py:149} INFO - [2023-05-17T13:23:05.432+0000] {dagbag.py:541} INFO - Filling up the DagBag from /home/airflow/.local/lib/python3.7/site-packages/airflow/example_dags/example_sensors.py
[2023-05-17T13:23:05.460+0000] {processor.py:809} INFO - DAG(s) dict_keys(['example_sensors']) retrieved from /home/airflow/.local/lib/python3.7/site-packages/airflow/example_dags/example_sensors.py
[2023-05-17T13:23:05.577+0000] {logging_mixin.py:149} INFO - [2023-05-17T13:23:05.576+0000] {dag.py:2726} INFO - Sync 1 DAGs
[2023-05-17T13:23:05.653+0000] {logging_mixin.py:149} INFO - [2023-05-17T13:23:05.653+0000] {dag.py:3490} INFO - Setting next_dagrun for example_sensors to None, run_after=None
[2023-05-17T13:23:07.159+0000] {processor.py:178} INFO - Processing /home/airflow/.local/lib/python3.7/site-packages/airflow/example_dags/example_sensors.py took 1.744 seconds
[2023-05-17T13:23:37.372+0000] {processor.py:156} INFO - Started process (PID=1574) to work on /home/airflow/.local/lib/python3.7/site-packages/airflow/example_dags/example_sensors.py
[2023-05-17T13:23:37.374+0000] {processor.py:799} INFO - Processing file /home/airflow/.local/lib/python3.7/site-packages/airflow/example_dags/example_sensors.py for tasks to queue
[2023-05-17T13:23:37.377+0000] {logging_mixin.py:149} INFO - [2023-05-17T13:23:37.377+0000] {dagbag.py:541} INFO - Filling up the DagBag from /home/airflow/.local/lib/python3.7/site-packages/airflow/example_dags/example_sensors.py
[2023-05-17T13:23:37.404+0000] {processor.py:809} INFO - DAG(s) dict_keys(['example_sensors']) retrieved from /home/airflow/.local/lib/python3.7/site-packages/airflow/example_dags/example_sensors.py
[2023-05-17T13:23:37.541+0000] {logging_mixin.py:149} INFO - [2023-05-17T13:23:37.541+0000] {dag.py:2726} INFO - Sync 1 DAGs
[2023-05-17T13:23:37.644+0000] {logging_mixin.py:149} INFO - [2023-05-17T13:23:37.643+0000] {dag.py:3490} INFO - Setting next_dagrun for example_sensors to None, run_after=None
[2023-05-17T13:23:37.913+0000] {processor.py:178} INFO - Processing /home/airflow/.local/lib/python3.7/site-packages/airflow/example_dags/example_sensors.py took 0.550 seconds
[2023-05-17T13:24:08.894+0000] {processor.py:156} INFO - Started process (PID=1633) to work on /home/airflow/.local/lib/python3.7/site-packages/airflow/example_dags/example_sensors.py
[2023-05-17T13:24:08.896+0000] {processor.py:799} INFO - Processing file /home/airflow/.local/lib/python3.7/site-packages/airflow/example_dags/example_sensors.py for tasks to queue
[2023-05-17T13:24:08.900+0000] {logging_mixin.py:149} INFO - [2023-05-17T13:24:08.899+0000] {dagbag.py:541} INFO - Filling up the DagBag from /home/airflow/.local/lib/python3.7/site-packages/airflow/example_dags/example_sensors.py
[2023-05-17T13:24:08.938+0000] {processor.py:809} INFO - DAG(s) dict_keys(['example_sensors']) retrieved from /home/airflow/.local/lib/python3.7/site-packages/airflow/example_dags/example_sensors.py
[2023-05-17T13:24:09.112+0000] {logging_mixin.py:149} INFO - [2023-05-17T13:24:09.111+0000] {dag.py:2726} INFO - Sync 1 DAGs
[2023-05-17T13:24:09.260+0000] {logging_mixin.py:149} INFO - [2023-05-17T13:24:09.260+0000] {dag.py:3490} INFO - Setting next_dagrun for example_sensors to None, run_after=None
[2023-05-17T13:24:09.626+0000] {processor.py:178} INFO - Processing /home/airflow/.local/lib/python3.7/site-packages/airflow/example_dags/example_sensors.py took 0.750 seconds
[2023-05-17T13:24:45.599+0000] {processor.py:156} INFO - Started process (PID=1695) to work on /home/airflow/.local/lib/python3.7/site-packages/airflow/example_dags/example_sensors.py
[2023-05-17T13:24:45.601+0000] {processor.py:799} INFO - Processing file /home/airflow/.local/lib/python3.7/site-packages/airflow/example_dags/example_sensors.py for tasks to queue
[2023-05-17T13:24:45.606+0000] {logging_mixin.py:149} INFO - [2023-05-17T13:24:45.606+0000] {dagbag.py:541} INFO - Filling up the DagBag from /home/airflow/.local/lib/python3.7/site-packages/airflow/example_dags/example_sensors.py
[2023-05-17T13:24:45.631+0000] {processor.py:809} INFO - DAG(s) dict_keys(['example_sensors']) retrieved from /home/airflow/.local/lib/python3.7/site-packages/airflow/example_dags/example_sensors.py
[2023-05-17T13:24:45.701+0000] {logging_mixin.py:149} INFO - [2023-05-17T13:24:45.700+0000] {dag.py:2726} INFO - Sync 1 DAGs
[2023-05-17T13:24:45.767+0000] {logging_mixin.py:149} INFO - [2023-05-17T13:24:45.767+0000] {dag.py:3490} INFO - Setting next_dagrun for example_sensors to None, run_after=None
[2023-05-17T13:24:47.025+0000] {processor.py:178} INFO - Processing /home/airflow/.local/lib/python3.7/site-packages/airflow/example_dags/example_sensors.py took 1.435 seconds
[2023-05-17T13:25:17.264+0000] {processor.py:156} INFO - Started process (PID=1753) to work on /home/airflow/.local/lib/python3.7/site-packages/airflow/example_dags/example_sensors.py
[2023-05-17T13:25:17.266+0000] {processor.py:799} INFO - Processing file /home/airflow/.local/lib/python3.7/site-packages/airflow/example_dags/example_sensors.py for tasks to queue
[2023-05-17T13:25:17.270+0000] {logging_mixin.py:149} INFO - [2023-05-17T13:25:17.269+0000] {dagbag.py:541} INFO - Filling up the DagBag from /home/airflow/.local/lib/python3.7/site-packages/airflow/example_dags/example_sensors.py
[2023-05-17T13:25:17.294+0000] {processor.py:809} INFO - DAG(s) dict_keys(['example_sensors']) retrieved from /home/airflow/.local/lib/python3.7/site-packages/airflow/example_dags/example_sensors.py
[2023-05-17T13:25:17.362+0000] {logging_mixin.py:149} INFO - [2023-05-17T13:25:17.362+0000] {dag.py:2726} INFO - Sync 1 DAGs
[2023-05-17T13:25:17.419+0000] {logging_mixin.py:149} INFO - [2023-05-17T13:25:17.418+0000] {dag.py:3490} INFO - Setting next_dagrun for example_sensors to None, run_after=None
[2023-05-17T13:25:17.885+0000] {processor.py:178} INFO - Processing /home/airflow/.local/lib/python3.7/site-packages/airflow/example_dags/example_sensors.py took 0.627 seconds
[2023-05-17T13:25:50.582+0000] {processor.py:156} INFO - Started process (PID=1811) to work on /home/airflow/.local/lib/python3.7/site-packages/airflow/example_dags/example_sensors.py
[2023-05-17T13:25:50.584+0000] {processor.py:799} INFO - Processing file /home/airflow/.local/lib/python3.7/site-packages/airflow/example_dags/example_sensors.py for tasks to queue
[2023-05-17T13:25:50.586+0000] {logging_mixin.py:149} INFO - [2023-05-17T13:25:50.586+0000] {dagbag.py:541} INFO - Filling up the DagBag from /home/airflow/.local/lib/python3.7/site-packages/airflow/example_dags/example_sensors.py
[2023-05-17T13:25:50.614+0000] {processor.py:809} INFO - DAG(s) dict_keys(['example_sensors']) retrieved from /home/airflow/.local/lib/python3.7/site-packages/airflow/example_dags/example_sensors.py
[2023-05-17T13:25:50.702+0000] {logging_mixin.py:149} INFO - [2023-05-17T13:25:50.702+0000] {dag.py:2726} INFO - Sync 1 DAGs
[2023-05-17T13:25:50.767+0000] {logging_mixin.py:149} INFO - [2023-05-17T13:25:50.766+0000] {dag.py:3490} INFO - Setting next_dagrun for example_sensors to None, run_after=None
[2023-05-17T13:25:51.649+0000] {processor.py:178} INFO - Processing /home/airflow/.local/lib/python3.7/site-packages/airflow/example_dags/example_sensors.py took 1.076 seconds
[2023-05-17T13:26:26.684+0000] {processor.py:156} INFO - Started process (PID=1868) to work on /home/airflow/.local/lib/python3.7/site-packages/airflow/example_dags/example_sensors.py
[2023-05-17T13:26:26.688+0000] {processor.py:799} INFO - Processing file /home/airflow/.local/lib/python3.7/site-packages/airflow/example_dags/example_sensors.py for tasks to queue
[2023-05-17T13:26:26.691+0000] {logging_mixin.py:149} INFO - [2023-05-17T13:26:26.690+0000] {dagbag.py:541} INFO - Filling up the DagBag from /home/airflow/.local/lib/python3.7/site-packages/airflow/example_dags/example_sensors.py
[2023-05-17T13:26:26.727+0000] {processor.py:809} INFO - DAG(s) dict_keys(['example_sensors']) retrieved from /home/airflow/.local/lib/python3.7/site-packages/airflow/example_dags/example_sensors.py
[2023-05-17T13:26:26.830+0000] {logging_mixin.py:149} INFO - [2023-05-17T13:26:26.829+0000] {dag.py:2726} INFO - Sync 1 DAGs
[2023-05-17T13:26:26.909+0000] {logging_mixin.py:149} INFO - [2023-05-17T13:26:26.909+0000] {dag.py:3490} INFO - Setting next_dagrun for example_sensors to None, run_after=None
[2023-05-17T13:26:27.442+0000] {processor.py:178} INFO - Processing /home/airflow/.local/lib/python3.7/site-packages/airflow/example_dags/example_sensors.py took 0.765 seconds
[2023-05-17T13:26:57.652+0000] {processor.py:156} INFO - Started process (PID=1915) to work on /home/airflow/.local/lib/python3.7/site-packages/airflow/example_dags/example_sensors.py
[2023-05-17T13:26:57.656+0000] {processor.py:799} INFO - Processing file /home/airflow/.local/lib/python3.7/site-packages/airflow/example_dags/example_sensors.py for tasks to queue
[2023-05-17T13:26:57.662+0000] {logging_mixin.py:149} INFO - [2023-05-17T13:26:57.661+0000] {dagbag.py:541} INFO - Filling up the DagBag from /home/airflow/.local/lib/python3.7/site-packages/airflow/example_dags/example_sensors.py
[2023-05-17T13:26:57.713+0000] {processor.py:809} INFO - DAG(s) dict_keys(['example_sensors']) retrieved from /home/airflow/.local/lib/python3.7/site-packages/airflow/example_dags/example_sensors.py
[2023-05-17T13:26:57.950+0000] {logging_mixin.py:149} INFO - [2023-05-17T13:26:57.949+0000] {dag.py:2726} INFO - Sync 1 DAGs
[2023-05-17T13:26:58.053+0000] {logging_mixin.py:149} INFO - [2023-05-17T13:26:58.052+0000] {dag.py:3490} INFO - Setting next_dagrun for example_sensors to None, run_after=None
[2023-05-17T13:26:58.327+0000] {processor.py:178} INFO - Processing /home/airflow/.local/lib/python3.7/site-packages/airflow/example_dags/example_sensors.py took 0.682 seconds
[2023-05-17T13:32:16.611+0000] {processor.py:156} INFO - Started process (PID=81) to work on /home/airflow/.local/lib/python3.7/site-packages/airflow/example_dags/example_sensors.py
[2023-05-17T13:32:16.613+0000] {processor.py:799} INFO - Processing file /home/airflow/.local/lib/python3.7/site-packages/airflow/example_dags/example_sensors.py for tasks to queue
[2023-05-17T13:32:16.617+0000] {logging_mixin.py:149} INFO - [2023-05-17T13:32:16.616+0000] {dagbag.py:541} INFO - Filling up the DagBag from /home/airflow/.local/lib/python3.7/site-packages/airflow/example_dags/example_sensors.py
[2023-05-17T13:32:16.644+0000] {processor.py:809} INFO - DAG(s) dict_keys(['example_sensors']) retrieved from /home/airflow/.local/lib/python3.7/site-packages/airflow/example_dags/example_sensors.py
[2023-05-17T13:32:16.721+0000] {logging_mixin.py:149} INFO - [2023-05-17T13:32:16.721+0000] {dag.py:2726} INFO - Sync 1 DAGs
[2023-05-17T13:32:16.853+0000] {logging_mixin.py:149} INFO - [2023-05-17T13:32:16.853+0000] {dag.py:3490} INFO - Setting next_dagrun for example_sensors to None, run_after=None
[2023-05-17T13:32:17.275+0000] {processor.py:178} INFO - Processing /home/airflow/.local/lib/python3.7/site-packages/airflow/example_dags/example_sensors.py took 0.671 seconds
[2023-05-17T13:34:10.765+0000] {processor.py:156} INFO - Started process (PID=144) to work on /home/airflow/.local/lib/python3.7/site-packages/airflow/example_dags/example_sensors.py
[2023-05-17T13:34:10.769+0000] {processor.py:799} INFO - Processing file /home/airflow/.local/lib/python3.7/site-packages/airflow/example_dags/example_sensors.py for tasks to queue
[2023-05-17T13:34:10.771+0000] {logging_mixin.py:149} INFO - [2023-05-17T13:34:10.771+0000] {dagbag.py:541} INFO - Filling up the DagBag from /home/airflow/.local/lib/python3.7/site-packages/airflow/example_dags/example_sensors.py
[2023-05-17T13:34:10.924+0000] {processor.py:809} INFO - DAG(s) dict_keys(['example_sensors']) retrieved from /home/airflow/.local/lib/python3.7/site-packages/airflow/example_dags/example_sensors.py
[2023-05-17T13:34:11.042+0000] {logging_mixin.py:149} INFO - [2023-05-17T13:34:11.042+0000] {dag.py:2726} INFO - Sync 1 DAGs
[2023-05-17T13:34:11.108+0000] {logging_mixin.py:149} INFO - [2023-05-17T13:34:11.107+0000] {dag.py:3490} INFO - Setting next_dagrun for example_sensors to None, run_after=None
[2023-05-17T13:34:11.823+0000] {processor.py:178} INFO - Processing /home/airflow/.local/lib/python3.7/site-packages/airflow/example_dags/example_sensors.py took 1.071 seconds
[2023-05-17T13:36:42.871+0000] {processor.py:156} INFO - Started process (PID=240) to work on /home/airflow/.local/lib/python3.7/site-packages/airflow/example_dags/example_sensors.py
[2023-05-17T13:36:42.874+0000] {processor.py:799} INFO - Processing file /home/airflow/.local/lib/python3.7/site-packages/airflow/example_dags/example_sensors.py for tasks to queue
[2023-05-17T13:36:42.877+0000] {logging_mixin.py:149} INFO - [2023-05-17T13:36:42.877+0000] {dagbag.py:541} INFO - Filling up the DagBag from /home/airflow/.local/lib/python3.7/site-packages/airflow/example_dags/example_sensors.py
[2023-05-17T13:36:42.910+0000] {processor.py:809} INFO - DAG(s) dict_keys(['example_sensors']) retrieved from /home/airflow/.local/lib/python3.7/site-packages/airflow/example_dags/example_sensors.py
[2023-05-17T13:36:43.016+0000] {logging_mixin.py:149} INFO - [2023-05-17T13:36:43.015+0000] {dag.py:2726} INFO - Sync 1 DAGs
[2023-05-17T13:36:43.107+0000] {logging_mixin.py:149} INFO - [2023-05-17T13:36:43.107+0000] {dag.py:3490} INFO - Setting next_dagrun for example_sensors to None, run_after=None
[2023-05-17T13:36:43.298+0000] {processor.py:178} INFO - Processing /home/airflow/.local/lib/python3.7/site-packages/airflow/example_dags/example_sensors.py took 0.435 seconds
[2023-05-17T13:37:24.922+0000] {processor.py:156} INFO - Started process (PID=304) to work on /home/airflow/.local/lib/python3.7/site-packages/airflow/example_dags/example_sensors.py
[2023-05-17T13:37:24.928+0000] {processor.py:799} INFO - Processing file /home/airflow/.local/lib/python3.7/site-packages/airflow/example_dags/example_sensors.py for tasks to queue
[2023-05-17T13:37:24.930+0000] {logging_mixin.py:149} INFO - [2023-05-17T13:37:24.930+0000] {dagbag.py:541} INFO - Filling up the DagBag from /home/airflow/.local/lib/python3.7/site-packages/airflow/example_dags/example_sensors.py
[2023-05-17T13:37:24.958+0000] {processor.py:809} INFO - DAG(s) dict_keys(['example_sensors']) retrieved from /home/airflow/.local/lib/python3.7/site-packages/airflow/example_dags/example_sensors.py
[2023-05-17T13:37:25.024+0000] {logging_mixin.py:149} INFO - [2023-05-17T13:37:25.024+0000] {dag.py:2726} INFO - Sync 1 DAGs
[2023-05-17T13:37:25.077+0000] {logging_mixin.py:149} INFO - [2023-05-17T13:37:25.077+0000] {dag.py:3490} INFO - Setting next_dagrun for example_sensors to None, run_after=None
[2023-05-17T13:37:25.182+0000] {processor.py:178} INFO - Processing /home/airflow/.local/lib/python3.7/site-packages/airflow/example_dags/example_sensors.py took 0.268 seconds
[2023-05-17T13:37:55.722+0000] {processor.py:156} INFO - Started process (PID=357) to work on /home/airflow/.local/lib/python3.7/site-packages/airflow/example_dags/example_sensors.py
[2023-05-17T13:37:55.725+0000] {processor.py:799} INFO - Processing file /home/airflow/.local/lib/python3.7/site-packages/airflow/example_dags/example_sensors.py for tasks to queue
[2023-05-17T13:37:55.729+0000] {logging_mixin.py:149} INFO - [2023-05-17T13:37:55.729+0000] {dagbag.py:541} INFO - Filling up the DagBag from /home/airflow/.local/lib/python3.7/site-packages/airflow/example_dags/example_sensors.py
[2023-05-17T13:37:55.775+0000] {processor.py:809} INFO - DAG(s) dict_keys(['example_sensors']) retrieved from /home/airflow/.local/lib/python3.7/site-packages/airflow/example_dags/example_sensors.py
[2023-05-17T13:37:55.894+0000] {logging_mixin.py:149} INFO - [2023-05-17T13:37:55.894+0000] {dag.py:2726} INFO - Sync 1 DAGs
[2023-05-17T13:37:55.996+0000] {logging_mixin.py:149} INFO - [2023-05-17T13:37:55.995+0000] {dag.py:3490} INFO - Setting next_dagrun for example_sensors to None, run_after=None
[2023-05-17T13:37:56.167+0000] {processor.py:178} INFO - Processing /home/airflow/.local/lib/python3.7/site-packages/airflow/example_dags/example_sensors.py took 0.459 seconds
[2023-05-17T13:38:26.821+0000] {processor.py:156} INFO - Started process (PID=415) to work on /home/airflow/.local/lib/python3.7/site-packages/airflow/example_dags/example_sensors.py
[2023-05-17T13:38:26.824+0000] {processor.py:799} INFO - Processing file /home/airflow/.local/lib/python3.7/site-packages/airflow/example_dags/example_sensors.py for tasks to queue
[2023-05-17T13:38:26.828+0000] {logging_mixin.py:149} INFO - [2023-05-17T13:38:26.827+0000] {dagbag.py:541} INFO - Filling up the DagBag from /home/airflow/.local/lib/python3.7/site-packages/airflow/example_dags/example_sensors.py
[2023-05-17T13:38:26.872+0000] {processor.py:809} INFO - DAG(s) dict_keys(['example_sensors']) retrieved from /home/airflow/.local/lib/python3.7/site-packages/airflow/example_dags/example_sensors.py
[2023-05-17T13:38:27.018+0000] {logging_mixin.py:149} INFO - [2023-05-17T13:38:27.017+0000] {dag.py:2726} INFO - Sync 1 DAGs
[2023-05-17T13:38:27.133+0000] {logging_mixin.py:149} INFO - [2023-05-17T13:38:27.133+0000] {dag.py:3490} INFO - Setting next_dagrun for example_sensors to None, run_after=None
[2023-05-17T13:38:27.287+0000] {processor.py:178} INFO - Processing /home/airflow/.local/lib/python3.7/site-packages/airflow/example_dags/example_sensors.py took 0.492 seconds
[2023-05-17T13:38:57.774+0000] {processor.py:156} INFO - Started process (PID=474) to work on /home/airflow/.local/lib/python3.7/site-packages/airflow/example_dags/example_sensors.py
[2023-05-17T13:38:57.778+0000] {processor.py:799} INFO - Processing file /home/airflow/.local/lib/python3.7/site-packages/airflow/example_dags/example_sensors.py for tasks to queue
[2023-05-17T13:38:57.784+0000] {logging_mixin.py:149} INFO - [2023-05-17T13:38:57.782+0000] {dagbag.py:541} INFO - Filling up the DagBag from /home/airflow/.local/lib/python3.7/site-packages/airflow/example_dags/example_sensors.py
[2023-05-17T13:38:57.827+0000] {processor.py:809} INFO - DAG(s) dict_keys(['example_sensors']) retrieved from /home/airflow/.local/lib/python3.7/site-packages/airflow/example_dags/example_sensors.py
[2023-05-17T13:38:57.889+0000] {logging_mixin.py:149} INFO - [2023-05-17T13:38:57.888+0000] {dag.py:2726} INFO - Sync 1 DAGs
[2023-05-17T13:38:57.944+0000] {logging_mixin.py:149} INFO - [2023-05-17T13:38:57.944+0000] {dag.py:3490} INFO - Setting next_dagrun for example_sensors to None, run_after=None
[2023-05-17T13:38:58.106+0000] {processor.py:178} INFO - Processing /home/airflow/.local/lib/python3.7/site-packages/airflow/example_dags/example_sensors.py took 0.339 seconds
[2023-05-17T13:39:28.826+0000] {processor.py:156} INFO - Started process (PID=533) to work on /home/airflow/.local/lib/python3.7/site-packages/airflow/example_dags/example_sensors.py
[2023-05-17T13:39:28.829+0000] {processor.py:799} INFO - Processing file /home/airflow/.local/lib/python3.7/site-packages/airflow/example_dags/example_sensors.py for tasks to queue
[2023-05-17T13:39:28.831+0000] {logging_mixin.py:149} INFO - [2023-05-17T13:39:28.831+0000] {dagbag.py:541} INFO - Filling up the DagBag from /home/airflow/.local/lib/python3.7/site-packages/airflow/example_dags/example_sensors.py
[2023-05-17T13:39:28.856+0000] {processor.py:809} INFO - DAG(s) dict_keys(['example_sensors']) retrieved from /home/airflow/.local/lib/python3.7/site-packages/airflow/example_dags/example_sensors.py
[2023-05-17T13:39:28.926+0000] {logging_mixin.py:149} INFO - [2023-05-17T13:39:28.926+0000] {dag.py:2726} INFO - Sync 1 DAGs
[2023-05-17T13:39:28.984+0000] {logging_mixin.py:149} INFO - [2023-05-17T13:39:28.984+0000] {dag.py:3490} INFO - Setting next_dagrun for example_sensors to None, run_after=None
[2023-05-17T13:39:29.331+0000] {processor.py:178} INFO - Processing /home/airflow/.local/lib/python3.7/site-packages/airflow/example_dags/example_sensors.py took 0.515 seconds
[2023-05-17T13:39:59.826+0000] {processor.py:156} INFO - Started process (PID=591) to work on /home/airflow/.local/lib/python3.7/site-packages/airflow/example_dags/example_sensors.py
[2023-05-17T13:39:59.829+0000] {processor.py:799} INFO - Processing file /home/airflow/.local/lib/python3.7/site-packages/airflow/example_dags/example_sensors.py for tasks to queue
[2023-05-17T13:39:59.831+0000] {logging_mixin.py:149} INFO - [2023-05-17T13:39:59.831+0000] {dagbag.py:541} INFO - Filling up the DagBag from /home/airflow/.local/lib/python3.7/site-packages/airflow/example_dags/example_sensors.py
[2023-05-17T13:39:59.862+0000] {processor.py:809} INFO - DAG(s) dict_keys(['example_sensors']) retrieved from /home/airflow/.local/lib/python3.7/site-packages/airflow/example_dags/example_sensors.py
[2023-05-17T13:40:00.050+0000] {logging_mixin.py:149} INFO - [2023-05-17T13:40:00.049+0000] {dag.py:2726} INFO - Sync 1 DAGs
[2023-05-17T13:40:00.113+0000] {logging_mixin.py:149} INFO - [2023-05-17T13:40:00.112+0000] {dag.py:3490} INFO - Setting next_dagrun for example_sensors to None, run_after=None
[2023-05-17T13:40:00.240+0000] {processor.py:178} INFO - Processing /home/airflow/.local/lib/python3.7/site-packages/airflow/example_dags/example_sensors.py took 0.424 seconds
