[2023-05-17T13:03:06.245+0000] {processor.py:156} INFO - Started process (PID=97) to work on /home/airflow/.local/lib/python3.7/site-packages/airflow/example_dags/example_short_circuit_operator.py
[2023-05-17T13:03:06.584+0000] {processor.py:799} INFO - Processing file /home/airflow/.local/lib/python3.7/site-packages/airflow/example_dags/example_short_circuit_operator.py for tasks to queue
[2023-05-17T13:03:06.587+0000] {logging_mixin.py:149} INFO - [2023-05-17T13:03:06.587+0000] {dagbag.py:541} INFO - Filling up the DagBag from /home/airflow/.local/lib/python3.7/site-packages/airflow/example_dags/example_short_circuit_operator.py
[2023-05-17T13:03:06.782+0000] {processor.py:809} INFO - DAG(s) dict_keys(['example_short_circuit_operator']) retrieved from /home/airflow/.local/lib/python3.7/site-packages/airflow/example_dags/example_short_circuit_operator.py
[2023-05-17T13:03:32.231+0000] {logging_mixin.py:149} INFO - [2023-05-17T13:03:32.231+0000] {manager.py:504} INFO - Created Permission View: can read on DAG:example_short_circuit_operator
[2023-05-17T13:03:32.528+0000] {logging_mixin.py:149} INFO - [2023-05-17T13:03:32.527+0000] {manager.py:504} INFO - Created Permission View: can edit on DAG:example_short_circuit_operator
[2023-05-17T13:03:32.797+0000] {logging_mixin.py:149} INFO - [2023-05-17T13:03:32.796+0000] {manager.py:504} INFO - Created Permission View: can delete on DAG:example_short_circuit_operator
[2023-05-17T13:03:32.800+0000] {logging_mixin.py:149} INFO - [2023-05-17T13:03:32.800+0000] {dag.py:2726} INFO - Sync 1 DAGs
[2023-05-17T13:03:32.867+0000] {logging_mixin.py:149} INFO - [2023-05-17T13:03:32.866+0000] {dag.py:2747} INFO - Creating ORM DAG for example_short_circuit_operator
[2023-05-17T13:03:32.898+0000] {logging_mixin.py:149} INFO - [2023-05-17T13:03:32.897+0000] {dag.py:3490} INFO - Setting next_dagrun for example_short_circuit_operator to 2023-05-16T13:03:32.897371+00:00, run_after=2023-05-17T13:03:32.897371+00:00
[2023-05-17T13:03:33.192+0000] {processor.py:178} INFO - Processing /home/airflow/.local/lib/python3.7/site-packages/airflow/example_dags/example_short_circuit_operator.py took 26.955 seconds
[2023-05-17T13:08:37.989+0000] {processor.py:156} INFO - Started process (PID=199) to work on /home/airflow/.local/lib/python3.7/site-packages/airflow/example_dags/example_short_circuit_operator.py
[2023-05-17T13:08:37.998+0000] {processor.py:799} INFO - Processing file /home/airflow/.local/lib/python3.7/site-packages/airflow/example_dags/example_short_circuit_operator.py for tasks to queue
[2023-05-17T13:08:38.002+0000] {logging_mixin.py:149} INFO - [2023-05-17T13:08:38.001+0000] {dagbag.py:541} INFO - Filling up the DagBag from /home/airflow/.local/lib/python3.7/site-packages/airflow/example_dags/example_short_circuit_operator.py
[2023-05-17T13:08:38.040+0000] {processor.py:809} INFO - DAG(s) dict_keys(['example_short_circuit_operator']) retrieved from /home/airflow/.local/lib/python3.7/site-packages/airflow/example_dags/example_short_circuit_operator.py
[2023-05-17T13:08:38.171+0000] {logging_mixin.py:149} INFO - [2023-05-17T13:08:38.171+0000] {dag.py:2726} INFO - Sync 1 DAGs
[2023-05-17T13:08:38.279+0000] {logging_mixin.py:149} INFO - [2023-05-17T13:08:38.279+0000] {dag.py:3490} INFO - Setting next_dagrun for example_short_circuit_operator to 2023-05-16T13:08:38.278129+00:00, run_after=2023-05-17T13:08:38.278129+00:00
[2023-05-17T13:08:38.882+0000] {processor.py:178} INFO - Processing /home/airflow/.local/lib/python3.7/site-packages/airflow/example_dags/example_short_circuit_operator.py took 0.907 seconds
[2023-05-17T13:09:18.828+0000] {processor.py:156} INFO - Started process (PID=247) to work on /home/airflow/.local/lib/python3.7/site-packages/airflow/example_dags/example_short_circuit_operator.py
[2023-05-17T13:09:18.830+0000] {processor.py:799} INFO - Processing file /home/airflow/.local/lib/python3.7/site-packages/airflow/example_dags/example_short_circuit_operator.py for tasks to queue
[2023-05-17T13:09:18.832+0000] {logging_mixin.py:149} INFO - [2023-05-17T13:09:18.832+0000] {dagbag.py:541} INFO - Filling up the DagBag from /home/airflow/.local/lib/python3.7/site-packages/airflow/example_dags/example_short_circuit_operator.py
[2023-05-17T13:09:18.854+0000] {processor.py:809} INFO - DAG(s) dict_keys(['example_short_circuit_operator']) retrieved from /home/airflow/.local/lib/python3.7/site-packages/airflow/example_dags/example_short_circuit_operator.py
[2023-05-17T13:09:18.934+0000] {logging_mixin.py:149} INFO - [2023-05-17T13:09:18.934+0000] {dag.py:2726} INFO - Sync 1 DAGs
[2023-05-17T13:09:19.018+0000] {logging_mixin.py:149} INFO - [2023-05-17T13:09:19.018+0000] {dag.py:3490} INFO - Setting next_dagrun for example_short_circuit_operator to 2023-05-16T13:09:19.017682+00:00, run_after=2023-05-17T13:09:19.017682+00:00
[2023-05-17T13:09:19.205+0000] {processor.py:178} INFO - Processing /home/airflow/.local/lib/python3.7/site-packages/airflow/example_dags/example_short_circuit_operator.py took 0.387 seconds
[2023-05-17T13:09:50.915+0000] {processor.py:156} INFO - Started process (PID=304) to work on /home/airflow/.local/lib/python3.7/site-packages/airflow/example_dags/example_short_circuit_operator.py
[2023-05-17T13:09:50.917+0000] {processor.py:799} INFO - Processing file /home/airflow/.local/lib/python3.7/site-packages/airflow/example_dags/example_short_circuit_operator.py for tasks to queue
[2023-05-17T13:09:50.919+0000] {logging_mixin.py:149} INFO - [2023-05-17T13:09:50.918+0000] {dagbag.py:541} INFO - Filling up the DagBag from /home/airflow/.local/lib/python3.7/site-packages/airflow/example_dags/example_short_circuit_operator.py
[2023-05-17T13:09:50.938+0000] {processor.py:809} INFO - DAG(s) dict_keys(['example_short_circuit_operator']) retrieved from /home/airflow/.local/lib/python3.7/site-packages/airflow/example_dags/example_short_circuit_operator.py
[2023-05-17T13:09:51.003+0000] {logging_mixin.py:149} INFO - [2023-05-17T13:09:51.003+0000] {dag.py:2726} INFO - Sync 1 DAGs
[2023-05-17T13:09:51.074+0000] {logging_mixin.py:149} INFO - [2023-05-17T13:09:51.074+0000] {dag.py:3490} INFO - Setting next_dagrun for example_short_circuit_operator to 2023-05-16T13:09:51.073332+00:00, run_after=2023-05-17T13:09:51.073332+00:00
[2023-05-17T13:09:51.715+0000] {processor.py:178} INFO - Processing /home/airflow/.local/lib/python3.7/site-packages/airflow/example_dags/example_short_circuit_operator.py took 0.806 seconds
[2023-05-17T13:10:23.608+0000] {processor.py:156} INFO - Started process (PID=355) to work on /home/airflow/.local/lib/python3.7/site-packages/airflow/example_dags/example_short_circuit_operator.py
[2023-05-17T13:10:23.613+0000] {processor.py:799} INFO - Processing file /home/airflow/.local/lib/python3.7/site-packages/airflow/example_dags/example_short_circuit_operator.py for tasks to queue
[2023-05-17T13:10:23.616+0000] {logging_mixin.py:149} INFO - [2023-05-17T13:10:23.616+0000] {dagbag.py:541} INFO - Filling up the DagBag from /home/airflow/.local/lib/python3.7/site-packages/airflow/example_dags/example_short_circuit_operator.py
[2023-05-17T13:10:23.645+0000] {processor.py:809} INFO - DAG(s) dict_keys(['example_short_circuit_operator']) retrieved from /home/airflow/.local/lib/python3.7/site-packages/airflow/example_dags/example_short_circuit_operator.py
[2023-05-17T13:10:23.735+0000] {logging_mixin.py:149} INFO - [2023-05-17T13:10:23.734+0000] {dag.py:2726} INFO - Sync 1 DAGs
[2023-05-17T13:10:23.854+0000] {logging_mixin.py:149} INFO - [2023-05-17T13:10:23.854+0000] {dag.py:3490} INFO - Setting next_dagrun for example_short_circuit_operator to 2023-05-16T13:10:23.853613+00:00, run_after=2023-05-17T13:10:23.853613+00:00
[2023-05-17T13:10:24.056+0000] {processor.py:178} INFO - Processing /home/airflow/.local/lib/python3.7/site-packages/airflow/example_dags/example_short_circuit_operator.py took 0.456 seconds
[2023-05-17T13:10:58.648+0000] {processor.py:156} INFO - Started process (PID=405) to work on /home/airflow/.local/lib/python3.7/site-packages/airflow/example_dags/example_short_circuit_operator.py
[2023-05-17T13:10:58.652+0000] {processor.py:799} INFO - Processing file /home/airflow/.local/lib/python3.7/site-packages/airflow/example_dags/example_short_circuit_operator.py for tasks to queue
[2023-05-17T13:10:58.656+0000] {logging_mixin.py:149} INFO - [2023-05-17T13:10:58.655+0000] {dagbag.py:541} INFO - Filling up the DagBag from /home/airflow/.local/lib/python3.7/site-packages/airflow/example_dags/example_short_circuit_operator.py
[2023-05-17T13:10:58.680+0000] {processor.py:809} INFO - DAG(s) dict_keys(['example_short_circuit_operator']) retrieved from /home/airflow/.local/lib/python3.7/site-packages/airflow/example_dags/example_short_circuit_operator.py
[2023-05-17T13:10:58.846+0000] {logging_mixin.py:149} INFO - [2023-05-17T13:10:58.846+0000] {dag.py:2726} INFO - Sync 1 DAGs
[2023-05-17T13:10:59.007+0000] {logging_mixin.py:149} INFO - [2023-05-17T13:10:59.006+0000] {dag.py:3490} INFO - Setting next_dagrun for example_short_circuit_operator to 2023-05-16T13:10:59.006204+00:00, run_after=2023-05-17T13:10:59.006204+00:00
[2023-05-17T13:10:59.163+0000] {processor.py:178} INFO - Processing /home/airflow/.local/lib/python3.7/site-packages/airflow/example_dags/example_short_circuit_operator.py took 0.522 seconds
[2023-05-17T13:11:29.264+0000] {processor.py:156} INFO - Started process (PID=458) to work on /home/airflow/.local/lib/python3.7/site-packages/airflow/example_dags/example_short_circuit_operator.py
[2023-05-17T13:11:29.267+0000] {processor.py:799} INFO - Processing file /home/airflow/.local/lib/python3.7/site-packages/airflow/example_dags/example_short_circuit_operator.py for tasks to queue
[2023-05-17T13:11:29.269+0000] {logging_mixin.py:149} INFO - [2023-05-17T13:11:29.269+0000] {dagbag.py:541} INFO - Filling up the DagBag from /home/airflow/.local/lib/python3.7/site-packages/airflow/example_dags/example_short_circuit_operator.py
[2023-05-17T13:11:29.292+0000] {processor.py:809} INFO - DAG(s) dict_keys(['example_short_circuit_operator']) retrieved from /home/airflow/.local/lib/python3.7/site-packages/airflow/example_dags/example_short_circuit_operator.py
[2023-05-17T13:11:29.394+0000] {logging_mixin.py:149} INFO - [2023-05-17T13:11:29.394+0000] {dag.py:2726} INFO - Sync 1 DAGs
[2023-05-17T13:11:29.495+0000] {logging_mixin.py:149} INFO - [2023-05-17T13:11:29.495+0000] {dag.py:3490} INFO - Setting next_dagrun for example_short_circuit_operator to 2023-05-16T13:11:29.495027+00:00, run_after=2023-05-17T13:11:29.495027+00:00
[2023-05-17T13:11:30.168+0000] {processor.py:178} INFO - Processing /home/airflow/.local/lib/python3.7/site-packages/airflow/example_dags/example_short_circuit_operator.py took 0.912 seconds
[2023-05-17T13:12:00.376+0000] {processor.py:156} INFO - Started process (PID=516) to work on /home/airflow/.local/lib/python3.7/site-packages/airflow/example_dags/example_short_circuit_operator.py
[2023-05-17T13:12:00.385+0000] {processor.py:799} INFO - Processing file /home/airflow/.local/lib/python3.7/site-packages/airflow/example_dags/example_short_circuit_operator.py for tasks to queue
[2023-05-17T13:12:00.393+0000] {logging_mixin.py:149} INFO - [2023-05-17T13:12:00.392+0000] {dagbag.py:541} INFO - Filling up the DagBag from /home/airflow/.local/lib/python3.7/site-packages/airflow/example_dags/example_short_circuit_operator.py
[2023-05-17T13:12:00.450+0000] {processor.py:809} INFO - DAG(s) dict_keys(['example_short_circuit_operator']) retrieved from /home/airflow/.local/lib/python3.7/site-packages/airflow/example_dags/example_short_circuit_operator.py
[2023-05-17T13:12:00.673+0000] {logging_mixin.py:149} INFO - [2023-05-17T13:12:00.672+0000] {dag.py:2726} INFO - Sync 1 DAGs
[2023-05-17T13:12:00.933+0000] {logging_mixin.py:149} INFO - [2023-05-17T13:12:00.933+0000] {dag.py:3490} INFO - Setting next_dagrun for example_short_circuit_operator to 2023-05-16T13:12:00.932586+00:00, run_after=2023-05-17T13:12:00.932586+00:00
[2023-05-17T13:12:01.212+0000] {processor.py:178} INFO - Processing /home/airflow/.local/lib/python3.7/site-packages/airflow/example_dags/example_short_circuit_operator.py took 0.855 seconds
[2023-05-17T13:12:31.414+0000] {processor.py:156} INFO - Started process (PID=574) to work on /home/airflow/.local/lib/python3.7/site-packages/airflow/example_dags/example_short_circuit_operator.py
[2023-05-17T13:12:31.419+0000] {processor.py:799} INFO - Processing file /home/airflow/.local/lib/python3.7/site-packages/airflow/example_dags/example_short_circuit_operator.py for tasks to queue
[2023-05-17T13:12:31.421+0000] {logging_mixin.py:149} INFO - [2023-05-17T13:12:31.421+0000] {dagbag.py:541} INFO - Filling up the DagBag from /home/airflow/.local/lib/python3.7/site-packages/airflow/example_dags/example_short_circuit_operator.py
[2023-05-17T13:12:31.463+0000] {processor.py:809} INFO - DAG(s) dict_keys(['example_short_circuit_operator']) retrieved from /home/airflow/.local/lib/python3.7/site-packages/airflow/example_dags/example_short_circuit_operator.py
[2023-05-17T13:12:31.542+0000] {logging_mixin.py:149} INFO - [2023-05-17T13:12:31.541+0000] {dag.py:2726} INFO - Sync 1 DAGs
[2023-05-17T13:12:31.655+0000] {logging_mixin.py:149} INFO - [2023-05-17T13:12:31.654+0000] {dag.py:3490} INFO - Setting next_dagrun for example_short_circuit_operator to 2023-05-16T13:12:31.654088+00:00, run_after=2023-05-17T13:12:31.654088+00:00
[2023-05-17T13:12:31.818+0000] {processor.py:178} INFO - Processing /home/airflow/.local/lib/python3.7/site-packages/airflow/example_dags/example_short_circuit_operator.py took 0.416 seconds
[2023-05-17T13:13:22.236+0000] {processor.py:156} INFO - Started process (PID=624) to work on /home/airflow/.local/lib/python3.7/site-packages/airflow/example_dags/example_short_circuit_operator.py
[2023-05-17T13:13:22.238+0000] {processor.py:799} INFO - Processing file /home/airflow/.local/lib/python3.7/site-packages/airflow/example_dags/example_short_circuit_operator.py for tasks to queue
[2023-05-17T13:13:22.241+0000] {logging_mixin.py:149} INFO - [2023-05-17T13:13:22.241+0000] {dagbag.py:541} INFO - Filling up the DagBag from /home/airflow/.local/lib/python3.7/site-packages/airflow/example_dags/example_short_circuit_operator.py
[2023-05-17T13:13:22.266+0000] {processor.py:809} INFO - DAG(s) dict_keys(['example_short_circuit_operator']) retrieved from /home/airflow/.local/lib/python3.7/site-packages/airflow/example_dags/example_short_circuit_operator.py
[2023-05-17T13:13:22.344+0000] {logging_mixin.py:149} INFO - [2023-05-17T13:13:22.343+0000] {dag.py:2726} INFO - Sync 1 DAGs
[2023-05-17T13:13:22.422+0000] {logging_mixin.py:149} INFO - [2023-05-17T13:13:22.422+0000] {dag.py:3490} INFO - Setting next_dagrun for example_short_circuit_operator to 2023-05-16T13:13:22.421788+00:00, run_after=2023-05-17T13:13:22.421788+00:00
[2023-05-17T13:13:22.566+0000] {processor.py:178} INFO - Processing /home/airflow/.local/lib/python3.7/site-packages/airflow/example_dags/example_short_circuit_operator.py took 0.339 seconds
[2023-05-17T13:13:53.275+0000] {processor.py:156} INFO - Started process (PID=679) to work on /home/airflow/.local/lib/python3.7/site-packages/airflow/example_dags/example_short_circuit_operator.py
[2023-05-17T13:13:53.277+0000] {processor.py:799} INFO - Processing file /home/airflow/.local/lib/python3.7/site-packages/airflow/example_dags/example_short_circuit_operator.py for tasks to queue
[2023-05-17T13:13:53.279+0000] {logging_mixin.py:149} INFO - [2023-05-17T13:13:53.279+0000] {dagbag.py:541} INFO - Filling up the DagBag from /home/airflow/.local/lib/python3.7/site-packages/airflow/example_dags/example_short_circuit_operator.py
[2023-05-17T13:13:53.301+0000] {processor.py:809} INFO - DAG(s) dict_keys(['example_short_circuit_operator']) retrieved from /home/airflow/.local/lib/python3.7/site-packages/airflow/example_dags/example_short_circuit_operator.py
[2023-05-17T13:13:53.381+0000] {logging_mixin.py:149} INFO - [2023-05-17T13:13:53.381+0000] {dag.py:2726} INFO - Sync 1 DAGs
[2023-05-17T13:13:53.437+0000] {logging_mixin.py:149} INFO - [2023-05-17T13:13:53.437+0000] {dag.py:3490} INFO - Setting next_dagrun for example_short_circuit_operator to 2023-05-16T13:13:53.436855+00:00, run_after=2023-05-17T13:13:53.436855+00:00
[2023-05-17T13:13:53.577+0000] {processor.py:178} INFO - Processing /home/airflow/.local/lib/python3.7/site-packages/airflow/example_dags/example_short_circuit_operator.py took 0.309 seconds
[2023-05-17T13:14:52.013+0000] {processor.py:156} INFO - Started process (PID=737) to work on /home/airflow/.local/lib/python3.7/site-packages/airflow/example_dags/example_short_circuit_operator.py
[2023-05-17T13:14:52.018+0000] {processor.py:799} INFO - Processing file /home/airflow/.local/lib/python3.7/site-packages/airflow/example_dags/example_short_circuit_operator.py for tasks to queue
[2023-05-17T13:14:52.030+0000] {logging_mixin.py:149} INFO - [2023-05-17T13:14:52.022+0000] {dagbag.py:541} INFO - Filling up the DagBag from /home/airflow/.local/lib/python3.7/site-packages/airflow/example_dags/example_short_circuit_operator.py
[2023-05-17T13:14:52.091+0000] {processor.py:809} INFO - DAG(s) dict_keys(['example_short_circuit_operator']) retrieved from /home/airflow/.local/lib/python3.7/site-packages/airflow/example_dags/example_short_circuit_operator.py
[2023-05-17T13:14:52.173+0000] {logging_mixin.py:149} INFO - [2023-05-17T13:14:52.173+0000] {dag.py:2726} INFO - Sync 1 DAGs
[2023-05-17T13:14:53.897+0000] {logging_mixin.py:149} INFO - [2023-05-17T13:14:53.896+0000] {dag.py:3490} INFO - Setting next_dagrun for example_short_circuit_operator to 2023-05-16T13:14:53.896165+00:00, run_after=2023-05-17T13:14:53.896165+00:00
[2023-05-17T13:14:55.933+0000] {processor.py:178} INFO - Processing /home/airflow/.local/lib/python3.7/site-packages/airflow/example_dags/example_short_circuit_operator.py took 4.335 seconds
[2023-05-17T13:15:27.318+0000] {processor.py:156} INFO - Started process (PID=795) to work on /home/airflow/.local/lib/python3.7/site-packages/airflow/example_dags/example_short_circuit_operator.py
[2023-05-17T13:15:27.321+0000] {processor.py:799} INFO - Processing file /home/airflow/.local/lib/python3.7/site-packages/airflow/example_dags/example_short_circuit_operator.py for tasks to queue
[2023-05-17T13:15:27.323+0000] {logging_mixin.py:149} INFO - [2023-05-17T13:15:27.323+0000] {dagbag.py:541} INFO - Filling up the DagBag from /home/airflow/.local/lib/python3.7/site-packages/airflow/example_dags/example_short_circuit_operator.py
[2023-05-17T13:15:27.345+0000] {processor.py:809} INFO - DAG(s) dict_keys(['example_short_circuit_operator']) retrieved from /home/airflow/.local/lib/python3.7/site-packages/airflow/example_dags/example_short_circuit_operator.py
[2023-05-17T13:15:27.422+0000] {logging_mixin.py:149} INFO - [2023-05-17T13:15:27.422+0000] {dag.py:2726} INFO - Sync 1 DAGs
[2023-05-17T13:15:27.487+0000] {logging_mixin.py:149} INFO - [2023-05-17T13:15:27.487+0000] {dag.py:3490} INFO - Setting next_dagrun for example_short_circuit_operator to 2023-05-16T13:15:27.486681+00:00, run_after=2023-05-17T13:15:27.486681+00:00
[2023-05-17T13:15:28.086+0000] {processor.py:178} INFO - Processing /home/airflow/.local/lib/python3.7/site-packages/airflow/example_dags/example_short_circuit_operator.py took 0.775 seconds
[2023-05-17T13:15:58.376+0000] {processor.py:156} INFO - Started process (PID=848) to work on /home/airflow/.local/lib/python3.7/site-packages/airflow/example_dags/example_short_circuit_operator.py
[2023-05-17T13:15:58.403+0000] {processor.py:799} INFO - Processing file /home/airflow/.local/lib/python3.7/site-packages/airflow/example_dags/example_short_circuit_operator.py for tasks to queue
[2023-05-17T13:15:58.408+0000] {logging_mixin.py:149} INFO - [2023-05-17T13:15:58.407+0000] {dagbag.py:541} INFO - Filling up the DagBag from /home/airflow/.local/lib/python3.7/site-packages/airflow/example_dags/example_short_circuit_operator.py
[2023-05-17T13:15:58.458+0000] {processor.py:809} INFO - DAG(s) dict_keys(['example_short_circuit_operator']) retrieved from /home/airflow/.local/lib/python3.7/site-packages/airflow/example_dags/example_short_circuit_operator.py
[2023-05-17T13:15:58.570+0000] {logging_mixin.py:149} INFO - [2023-05-17T13:15:58.569+0000] {dag.py:2726} INFO - Sync 1 DAGs
[2023-05-17T13:15:58.694+0000] {logging_mixin.py:149} INFO - [2023-05-17T13:15:58.693+0000] {dag.py:3490} INFO - Setting next_dagrun for example_short_circuit_operator to 2023-05-16T13:15:58.684236+00:00, run_after=2023-05-17T13:15:58.684236+00:00
[2023-05-17T13:15:59.007+0000] {processor.py:178} INFO - Processing /home/airflow/.local/lib/python3.7/site-packages/airflow/example_dags/example_short_circuit_operator.py took 0.642 seconds
[2023-05-17T13:16:35.523+0000] {processor.py:156} INFO - Started process (PID=905) to work on /home/airflow/.local/lib/python3.7/site-packages/airflow/example_dags/example_short_circuit_operator.py
[2023-05-17T13:16:35.594+0000] {processor.py:799} INFO - Processing file /home/airflow/.local/lib/python3.7/site-packages/airflow/example_dags/example_short_circuit_operator.py for tasks to queue
[2023-05-17T13:16:35.602+0000] {logging_mixin.py:149} INFO - [2023-05-17T13:16:35.602+0000] {dagbag.py:541} INFO - Filling up the DagBag from /home/airflow/.local/lib/python3.7/site-packages/airflow/example_dags/example_short_circuit_operator.py
[2023-05-17T13:16:35.626+0000] {processor.py:809} INFO - DAG(s) dict_keys(['example_short_circuit_operator']) retrieved from /home/airflow/.local/lib/python3.7/site-packages/airflow/example_dags/example_short_circuit_operator.py
[2023-05-17T13:16:35.858+0000] {logging_mixin.py:149} INFO - [2023-05-17T13:16:35.858+0000] {dag.py:2726} INFO - Sync 1 DAGs
[2023-05-17T13:16:35.920+0000] {logging_mixin.py:149} INFO - [2023-05-17T13:16:35.920+0000] {dag.py:3490} INFO - Setting next_dagrun for example_short_circuit_operator to 2023-05-16T13:16:35.919807+00:00, run_after=2023-05-17T13:16:35.919807+00:00
[2023-05-17T13:16:36.171+0000] {processor.py:178} INFO - Processing /home/airflow/.local/lib/python3.7/site-packages/airflow/example_dags/example_short_circuit_operator.py took 0.654 seconds
[2023-05-17T13:17:12.327+0000] {processor.py:156} INFO - Started process (PID=963) to work on /home/airflow/.local/lib/python3.7/site-packages/airflow/example_dags/example_short_circuit_operator.py
[2023-05-17T13:17:12.329+0000] {processor.py:799} INFO - Processing file /home/airflow/.local/lib/python3.7/site-packages/airflow/example_dags/example_short_circuit_operator.py for tasks to queue
[2023-05-17T13:17:12.343+0000] {logging_mixin.py:149} INFO - [2023-05-17T13:17:12.342+0000] {dagbag.py:541} INFO - Filling up the DagBag from /home/airflow/.local/lib/python3.7/site-packages/airflow/example_dags/example_short_circuit_operator.py
[2023-05-17T13:17:12.394+0000] {processor.py:809} INFO - DAG(s) dict_keys(['example_short_circuit_operator']) retrieved from /home/airflow/.local/lib/python3.7/site-packages/airflow/example_dags/example_short_circuit_operator.py
[2023-05-17T13:17:12.562+0000] {logging_mixin.py:149} INFO - [2023-05-17T13:17:12.561+0000] {dag.py:2726} INFO - Sync 1 DAGs
[2023-05-17T13:17:12.661+0000] {logging_mixin.py:149} INFO - [2023-05-17T13:17:12.660+0000] {dag.py:3490} INFO - Setting next_dagrun for example_short_circuit_operator to 2023-05-16T13:17:12.659245+00:00, run_after=2023-05-17T13:17:12.659245+00:00
[2023-05-17T13:17:12.794+0000] {processor.py:178} INFO - Processing /home/airflow/.local/lib/python3.7/site-packages/airflow/example_dags/example_short_circuit_operator.py took 0.629 seconds
[2023-05-17T13:17:45.825+0000] {processor.py:156} INFO - Started process (PID=1021) to work on /home/airflow/.local/lib/python3.7/site-packages/airflow/example_dags/example_short_circuit_operator.py
[2023-05-17T13:17:45.828+0000] {processor.py:799} INFO - Processing file /home/airflow/.local/lib/python3.7/site-packages/airflow/example_dags/example_short_circuit_operator.py for tasks to queue
[2023-05-17T13:17:45.830+0000] {logging_mixin.py:149} INFO - [2023-05-17T13:17:45.830+0000] {dagbag.py:541} INFO - Filling up the DagBag from /home/airflow/.local/lib/python3.7/site-packages/airflow/example_dags/example_short_circuit_operator.py
[2023-05-17T13:17:45.846+0000] {processor.py:809} INFO - DAG(s) dict_keys(['example_short_circuit_operator']) retrieved from /home/airflow/.local/lib/python3.7/site-packages/airflow/example_dags/example_short_circuit_operator.py
[2023-05-17T13:17:45.902+0000] {logging_mixin.py:149} INFO - [2023-05-17T13:17:45.902+0000] {dag.py:2726} INFO - Sync 1 DAGs
[2023-05-17T13:17:45.955+0000] {logging_mixin.py:149} INFO - [2023-05-17T13:17:45.955+0000] {dag.py:3490} INFO - Setting next_dagrun for example_short_circuit_operator to 2023-05-16T13:17:45.954689+00:00, run_after=2023-05-17T13:17:45.954689+00:00
[2023-05-17T13:17:46.457+0000] {processor.py:178} INFO - Processing /home/airflow/.local/lib/python3.7/site-packages/airflow/example_dags/example_short_circuit_operator.py took 0.639 seconds
[2023-05-17T13:18:29.651+0000] {processor.py:156} INFO - Started process (PID=1076) to work on /home/airflow/.local/lib/python3.7/site-packages/airflow/example_dags/example_short_circuit_operator.py
[2023-05-17T13:18:29.653+0000] {processor.py:799} INFO - Processing file /home/airflow/.local/lib/python3.7/site-packages/airflow/example_dags/example_short_circuit_operator.py for tasks to queue
[2023-05-17T13:18:29.655+0000] {logging_mixin.py:149} INFO - [2023-05-17T13:18:29.655+0000] {dagbag.py:541} INFO - Filling up the DagBag from /home/airflow/.local/lib/python3.7/site-packages/airflow/example_dags/example_short_circuit_operator.py
[2023-05-17T13:18:29.686+0000] {processor.py:809} INFO - DAG(s) dict_keys(['example_short_circuit_operator']) retrieved from /home/airflow/.local/lib/python3.7/site-packages/airflow/example_dags/example_short_circuit_operator.py
[2023-05-17T13:18:29.774+0000] {logging_mixin.py:149} INFO - [2023-05-17T13:18:29.774+0000] {dag.py:2726} INFO - Sync 1 DAGs
[2023-05-17T13:18:29.848+0000] {logging_mixin.py:149} INFO - [2023-05-17T13:18:29.848+0000] {dag.py:3490} INFO - Setting next_dagrun for example_short_circuit_operator to 2023-05-16T13:18:29.847991+00:00, run_after=2023-05-17T13:18:29.847991+00:00
[2023-05-17T13:18:32.311+0000] {processor.py:178} INFO - Processing /home/airflow/.local/lib/python3.7/site-packages/airflow/example_dags/example_short_circuit_operator.py took 2.667 seconds
[2023-05-17T13:19:02.508+0000] {processor.py:156} INFO - Started process (PID=1130) to work on /home/airflow/.local/lib/python3.7/site-packages/airflow/example_dags/example_short_circuit_operator.py
[2023-05-17T13:19:02.511+0000] {processor.py:799} INFO - Processing file /home/airflow/.local/lib/python3.7/site-packages/airflow/example_dags/example_short_circuit_operator.py for tasks to queue
[2023-05-17T13:19:02.513+0000] {logging_mixin.py:149} INFO - [2023-05-17T13:19:02.513+0000] {dagbag.py:541} INFO - Filling up the DagBag from /home/airflow/.local/lib/python3.7/site-packages/airflow/example_dags/example_short_circuit_operator.py
[2023-05-17T13:19:02.534+0000] {processor.py:809} INFO - DAG(s) dict_keys(['example_short_circuit_operator']) retrieved from /home/airflow/.local/lib/python3.7/site-packages/airflow/example_dags/example_short_circuit_operator.py
[2023-05-17T13:19:02.600+0000] {logging_mixin.py:149} INFO - [2023-05-17T13:19:02.599+0000] {dag.py:2726} INFO - Sync 1 DAGs
[2023-05-17T13:19:02.669+0000] {logging_mixin.py:149} INFO - [2023-05-17T13:19:02.668+0000] {dag.py:3490} INFO - Setting next_dagrun for example_short_circuit_operator to 2023-05-16T13:19:02.668455+00:00, run_after=2023-05-17T13:19:02.668455+00:00
[2023-05-17T13:19:02.802+0000] {processor.py:178} INFO - Processing /home/airflow/.local/lib/python3.7/site-packages/airflow/example_dags/example_short_circuit_operator.py took 0.304 seconds
[2023-05-17T13:19:33.361+0000] {processor.py:156} INFO - Started process (PID=1189) to work on /home/airflow/.local/lib/python3.7/site-packages/airflow/example_dags/example_short_circuit_operator.py
[2023-05-17T13:19:33.363+0000] {processor.py:799} INFO - Processing file /home/airflow/.local/lib/python3.7/site-packages/airflow/example_dags/example_short_circuit_operator.py for tasks to queue
[2023-05-17T13:19:33.366+0000] {logging_mixin.py:149} INFO - [2023-05-17T13:19:33.366+0000] {dagbag.py:541} INFO - Filling up the DagBag from /home/airflow/.local/lib/python3.7/site-packages/airflow/example_dags/example_short_circuit_operator.py
[2023-05-17T13:19:33.385+0000] {processor.py:809} INFO - DAG(s) dict_keys(['example_short_circuit_operator']) retrieved from /home/airflow/.local/lib/python3.7/site-packages/airflow/example_dags/example_short_circuit_operator.py
[2023-05-17T13:19:33.451+0000] {logging_mixin.py:149} INFO - [2023-05-17T13:19:33.450+0000] {dag.py:2726} INFO - Sync 1 DAGs
[2023-05-17T13:19:33.507+0000] {logging_mixin.py:149} INFO - [2023-05-17T13:19:33.507+0000] {dag.py:3490} INFO - Setting next_dagrun for example_short_circuit_operator to 2023-05-16T13:19:33.506818+00:00, run_after=2023-05-17T13:19:33.506818+00:00
[2023-05-17T13:19:33.899+0000] {processor.py:178} INFO - Processing /home/airflow/.local/lib/python3.7/site-packages/airflow/example_dags/example_short_circuit_operator.py took 0.547 seconds
[2023-05-17T13:20:05.873+0000] {processor.py:156} INFO - Started process (PID=1242) to work on /home/airflow/.local/lib/python3.7/site-packages/airflow/example_dags/example_short_circuit_operator.py
[2023-05-17T13:20:05.877+0000] {processor.py:799} INFO - Processing file /home/airflow/.local/lib/python3.7/site-packages/airflow/example_dags/example_short_circuit_operator.py for tasks to queue
[2023-05-17T13:20:05.880+0000] {logging_mixin.py:149} INFO - [2023-05-17T13:20:05.879+0000] {dagbag.py:541} INFO - Filling up the DagBag from /home/airflow/.local/lib/python3.7/site-packages/airflow/example_dags/example_short_circuit_operator.py
[2023-05-17T13:20:05.901+0000] {processor.py:809} INFO - DAG(s) dict_keys(['example_short_circuit_operator']) retrieved from /home/airflow/.local/lib/python3.7/site-packages/airflow/example_dags/example_short_circuit_operator.py
[2023-05-17T13:20:05.985+0000] {logging_mixin.py:149} INFO - [2023-05-17T13:20:05.984+0000] {dag.py:2726} INFO - Sync 1 DAGs
[2023-05-17T13:20:06.079+0000] {logging_mixin.py:149} INFO - [2023-05-17T13:20:06.078+0000] {dag.py:3490} INFO - Setting next_dagrun for example_short_circuit_operator to 2023-05-16T13:20:06.077425+00:00, run_after=2023-05-17T13:20:06.077425+00:00
[2023-05-17T13:20:06.362+0000] {processor.py:178} INFO - Processing /home/airflow/.local/lib/python3.7/site-packages/airflow/example_dags/example_short_circuit_operator.py took 0.499 seconds
[2023-05-17T13:20:39.317+0000] {processor.py:156} INFO - Started process (PID=1300) to work on /home/airflow/.local/lib/python3.7/site-packages/airflow/example_dags/example_short_circuit_operator.py
[2023-05-17T13:20:39.319+0000] {processor.py:799} INFO - Processing file /home/airflow/.local/lib/python3.7/site-packages/airflow/example_dags/example_short_circuit_operator.py for tasks to queue
[2023-05-17T13:20:39.322+0000] {logging_mixin.py:149} INFO - [2023-05-17T13:20:39.322+0000] {dagbag.py:541} INFO - Filling up the DagBag from /home/airflow/.local/lib/python3.7/site-packages/airflow/example_dags/example_short_circuit_operator.py
[2023-05-17T13:20:39.374+0000] {processor.py:809} INFO - DAG(s) dict_keys(['example_short_circuit_operator']) retrieved from /home/airflow/.local/lib/python3.7/site-packages/airflow/example_dags/example_short_circuit_operator.py
[2023-05-17T13:20:39.571+0000] {logging_mixin.py:149} INFO - [2023-05-17T13:20:39.571+0000] {dag.py:2726} INFO - Sync 1 DAGs
[2023-05-17T13:20:40.057+0000] {logging_mixin.py:149} INFO - [2023-05-17T13:20:40.055+0000] {dag.py:3490} INFO - Setting next_dagrun for example_short_circuit_operator to 2023-05-16T13:20:40.054369+00:00, run_after=2023-05-17T13:20:40.054369+00:00
[2023-05-17T13:20:40.449+0000] {processor.py:178} INFO - Processing /home/airflow/.local/lib/python3.7/site-packages/airflow/example_dags/example_short_circuit_operator.py took 1.151 seconds
[2023-05-17T13:21:11.221+0000] {processor.py:156} INFO - Started process (PID=1358) to work on /home/airflow/.local/lib/python3.7/site-packages/airflow/example_dags/example_short_circuit_operator.py
[2023-05-17T13:21:11.223+0000] {processor.py:799} INFO - Processing file /home/airflow/.local/lib/python3.7/site-packages/airflow/example_dags/example_short_circuit_operator.py for tasks to queue
[2023-05-17T13:21:11.226+0000] {logging_mixin.py:149} INFO - [2023-05-17T13:21:11.226+0000] {dagbag.py:541} INFO - Filling up the DagBag from /home/airflow/.local/lib/python3.7/site-packages/airflow/example_dags/example_short_circuit_operator.py
[2023-05-17T13:21:11.256+0000] {processor.py:809} INFO - DAG(s) dict_keys(['example_short_circuit_operator']) retrieved from /home/airflow/.local/lib/python3.7/site-packages/airflow/example_dags/example_short_circuit_operator.py
[2023-05-17T13:21:11.374+0000] {logging_mixin.py:149} INFO - [2023-05-17T13:21:11.374+0000] {dag.py:2726} INFO - Sync 1 DAGs
[2023-05-17T13:21:11.500+0000] {logging_mixin.py:149} INFO - [2023-05-17T13:21:11.499+0000] {dag.py:3490} INFO - Setting next_dagrun for example_short_circuit_operator to 2023-05-16T13:21:11.492600+00:00, run_after=2023-05-17T13:21:11.492600+00:00
[2023-05-17T13:21:12.273+0000] {processor.py:178} INFO - Processing /home/airflow/.local/lib/python3.7/site-packages/airflow/example_dags/example_short_circuit_operator.py took 1.060 seconds
[2023-05-17T13:21:43.169+0000] {processor.py:156} INFO - Started process (PID=1416) to work on /home/airflow/.local/lib/python3.7/site-packages/airflow/example_dags/example_short_circuit_operator.py
[2023-05-17T13:21:43.171+0000] {processor.py:799} INFO - Processing file /home/airflow/.local/lib/python3.7/site-packages/airflow/example_dags/example_short_circuit_operator.py for tasks to queue
[2023-05-17T13:21:43.177+0000] {logging_mixin.py:149} INFO - [2023-05-17T13:21:43.175+0000] {dagbag.py:541} INFO - Filling up the DagBag from /home/airflow/.local/lib/python3.7/site-packages/airflow/example_dags/example_short_circuit_operator.py
[2023-05-17T13:21:43.204+0000] {processor.py:809} INFO - DAG(s) dict_keys(['example_short_circuit_operator']) retrieved from /home/airflow/.local/lib/python3.7/site-packages/airflow/example_dags/example_short_circuit_operator.py
[2023-05-17T13:21:43.320+0000] {logging_mixin.py:149} INFO - [2023-05-17T13:21:43.320+0000] {dag.py:2726} INFO - Sync 1 DAGs
[2023-05-17T13:21:43.419+0000] {logging_mixin.py:149} INFO - [2023-05-17T13:21:43.418+0000] {dag.py:3490} INFO - Setting next_dagrun for example_short_circuit_operator to 2023-05-16T13:21:43.418254+00:00, run_after=2023-05-17T13:21:43.418254+00:00
[2023-05-17T13:21:43.620+0000] {processor.py:178} INFO - Processing /home/airflow/.local/lib/python3.7/site-packages/airflow/example_dags/example_short_circuit_operator.py took 0.460 seconds
[2023-05-17T13:22:32.653+0000] {processor.py:156} INFO - Started process (PID=1481) to work on /home/airflow/.local/lib/python3.7/site-packages/airflow/example_dags/example_short_circuit_operator.py
[2023-05-17T13:22:32.655+0000] {processor.py:799} INFO - Processing file /home/airflow/.local/lib/python3.7/site-packages/airflow/example_dags/example_short_circuit_operator.py for tasks to queue
[2023-05-17T13:22:32.658+0000] {logging_mixin.py:149} INFO - [2023-05-17T13:22:32.658+0000] {dagbag.py:541} INFO - Filling up the DagBag from /home/airflow/.local/lib/python3.7/site-packages/airflow/example_dags/example_short_circuit_operator.py
[2023-05-17T13:22:32.676+0000] {processor.py:809} INFO - DAG(s) dict_keys(['example_short_circuit_operator']) retrieved from /home/airflow/.local/lib/python3.7/site-packages/airflow/example_dags/example_short_circuit_operator.py
[2023-05-17T13:22:32.758+0000] {logging_mixin.py:149} INFO - [2023-05-17T13:22:32.757+0000] {dag.py:2726} INFO - Sync 1 DAGs
[2023-05-17T13:22:32.841+0000] {logging_mixin.py:149} INFO - [2023-05-17T13:22:32.841+0000] {dag.py:3490} INFO - Setting next_dagrun for example_short_circuit_operator to 2023-05-16T13:22:32.840834+00:00, run_after=2023-05-17T13:22:32.840834+00:00
[2023-05-17T13:22:32.993+0000] {processor.py:178} INFO - Processing /home/airflow/.local/lib/python3.7/site-packages/airflow/example_dags/example_short_circuit_operator.py took 0.350 seconds
[2023-05-17T13:23:08.931+0000] {processor.py:156} INFO - Started process (PID=1525) to work on /home/airflow/.local/lib/python3.7/site-packages/airflow/example_dags/example_short_circuit_operator.py
[2023-05-17T13:23:08.933+0000] {processor.py:799} INFO - Processing file /home/airflow/.local/lib/python3.7/site-packages/airflow/example_dags/example_short_circuit_operator.py for tasks to queue
[2023-05-17T13:23:08.938+0000] {logging_mixin.py:149} INFO - [2023-05-17T13:23:08.938+0000] {dagbag.py:541} INFO - Filling up the DagBag from /home/airflow/.local/lib/python3.7/site-packages/airflow/example_dags/example_short_circuit_operator.py
[2023-05-17T13:23:08.967+0000] {processor.py:809} INFO - DAG(s) dict_keys(['example_short_circuit_operator']) retrieved from /home/airflow/.local/lib/python3.7/site-packages/airflow/example_dags/example_short_circuit_operator.py
[2023-05-17T13:23:09.097+0000] {logging_mixin.py:149} INFO - [2023-05-17T13:23:09.097+0000] {dag.py:2726} INFO - Sync 1 DAGs
[2023-05-17T13:23:09.170+0000] {logging_mixin.py:149} INFO - [2023-05-17T13:23:09.169+0000] {dag.py:3490} INFO - Setting next_dagrun for example_short_circuit_operator to 2023-05-16T13:23:09.168322+00:00, run_after=2023-05-17T13:23:09.168322+00:00
[2023-05-17T13:23:10.576+0000] {processor.py:178} INFO - Processing /home/airflow/.local/lib/python3.7/site-packages/airflow/example_dags/example_short_circuit_operator.py took 1.652 seconds
[2023-05-17T13:23:40.758+0000] {processor.py:156} INFO - Started process (PID=1582) to work on /home/airflow/.local/lib/python3.7/site-packages/airflow/example_dags/example_short_circuit_operator.py
[2023-05-17T13:23:40.763+0000] {processor.py:799} INFO - Processing file /home/airflow/.local/lib/python3.7/site-packages/airflow/example_dags/example_short_circuit_operator.py for tasks to queue
[2023-05-17T13:23:40.769+0000] {logging_mixin.py:149} INFO - [2023-05-17T13:23:40.769+0000] {dagbag.py:541} INFO - Filling up the DagBag from /home/airflow/.local/lib/python3.7/site-packages/airflow/example_dags/example_short_circuit_operator.py
[2023-05-17T13:23:40.790+0000] {processor.py:809} INFO - DAG(s) dict_keys(['example_short_circuit_operator']) retrieved from /home/airflow/.local/lib/python3.7/site-packages/airflow/example_dags/example_short_circuit_operator.py
[2023-05-17T13:23:40.876+0000] {logging_mixin.py:149} INFO - [2023-05-17T13:23:40.876+0000] {dag.py:2726} INFO - Sync 1 DAGs
[2023-05-17T13:23:40.939+0000] {logging_mixin.py:149} INFO - [2023-05-17T13:23:40.938+0000] {dag.py:3490} INFO - Setting next_dagrun for example_short_circuit_operator to 2023-05-16T13:23:40.938357+00:00, run_after=2023-05-17T13:23:40.938357+00:00
[2023-05-17T13:23:41.262+0000] {processor.py:178} INFO - Processing /home/airflow/.local/lib/python3.7/site-packages/airflow/example_dags/example_short_circuit_operator.py took 0.537 seconds
[2023-05-17T13:24:11.625+0000] {processor.py:156} INFO - Started process (PID=1641) to work on /home/airflow/.local/lib/python3.7/site-packages/airflow/example_dags/example_short_circuit_operator.py
[2023-05-17T13:24:11.631+0000] {processor.py:799} INFO - Processing file /home/airflow/.local/lib/python3.7/site-packages/airflow/example_dags/example_short_circuit_operator.py for tasks to queue
[2023-05-17T13:24:11.636+0000] {logging_mixin.py:149} INFO - [2023-05-17T13:24:11.635+0000] {dagbag.py:541} INFO - Filling up the DagBag from /home/airflow/.local/lib/python3.7/site-packages/airflow/example_dags/example_short_circuit_operator.py
[2023-05-17T13:24:11.673+0000] {processor.py:809} INFO - DAG(s) dict_keys(['example_short_circuit_operator']) retrieved from /home/airflow/.local/lib/python3.7/site-packages/airflow/example_dags/example_short_circuit_operator.py
[2023-05-17T13:24:11.833+0000] {logging_mixin.py:149} INFO - [2023-05-17T13:24:11.832+0000] {dag.py:2726} INFO - Sync 1 DAGs
[2023-05-17T13:24:11.963+0000] {logging_mixin.py:149} INFO - [2023-05-17T13:24:11.963+0000] {dag.py:3490} INFO - Setting next_dagrun for example_short_circuit_operator to 2023-05-16T13:24:11.962156+00:00, run_after=2023-05-17T13:24:11.962156+00:00
[2023-05-17T13:24:12.209+0000] {processor.py:178} INFO - Processing /home/airflow/.local/lib/python3.7/site-packages/airflow/example_dags/example_short_circuit_operator.py took 0.607 seconds
[2023-05-17T13:24:43.443+0000] {processor.py:156} INFO - Started process (PID=1692) to work on /home/airflow/.local/lib/python3.7/site-packages/airflow/example_dags/example_short_circuit_operator.py
[2023-05-17T13:24:43.446+0000] {processor.py:799} INFO - Processing file /home/airflow/.local/lib/python3.7/site-packages/airflow/example_dags/example_short_circuit_operator.py for tasks to queue
[2023-05-17T13:24:43.449+0000] {logging_mixin.py:149} INFO - [2023-05-17T13:24:43.448+0000] {dagbag.py:541} INFO - Filling up the DagBag from /home/airflow/.local/lib/python3.7/site-packages/airflow/example_dags/example_short_circuit_operator.py
[2023-05-17T13:24:43.475+0000] {processor.py:809} INFO - DAG(s) dict_keys(['example_short_circuit_operator']) retrieved from /home/airflow/.local/lib/python3.7/site-packages/airflow/example_dags/example_short_circuit_operator.py
[2023-05-17T13:24:43.614+0000] {logging_mixin.py:149} INFO - [2023-05-17T13:24:43.613+0000] {dag.py:2726} INFO - Sync 1 DAGs
[2023-05-17T13:24:43.720+0000] {logging_mixin.py:149} INFO - [2023-05-17T13:24:43.719+0000] {dag.py:3490} INFO - Setting next_dagrun for example_short_circuit_operator to 2023-05-16T13:24:43.719094+00:00, run_after=2023-05-17T13:24:43.719094+00:00
[2023-05-17T13:24:45.000+0000] {processor.py:178} INFO - Processing /home/airflow/.local/lib/python3.7/site-packages/airflow/example_dags/example_short_circuit_operator.py took 1.571 seconds
[2023-05-17T13:25:15.357+0000] {processor.py:156} INFO - Started process (PID=1750) to work on /home/airflow/.local/lib/python3.7/site-packages/airflow/example_dags/example_short_circuit_operator.py
[2023-05-17T13:25:15.361+0000] {processor.py:799} INFO - Processing file /home/airflow/.local/lib/python3.7/site-packages/airflow/example_dags/example_short_circuit_operator.py for tasks to queue
[2023-05-17T13:25:15.363+0000] {logging_mixin.py:149} INFO - [2023-05-17T13:25:15.363+0000] {dagbag.py:541} INFO - Filling up the DagBag from /home/airflow/.local/lib/python3.7/site-packages/airflow/example_dags/example_short_circuit_operator.py
[2023-05-17T13:25:15.387+0000] {processor.py:809} INFO - DAG(s) dict_keys(['example_short_circuit_operator']) retrieved from /home/airflow/.local/lib/python3.7/site-packages/airflow/example_dags/example_short_circuit_operator.py
[2023-05-17T13:25:15.473+0000] {logging_mixin.py:149} INFO - [2023-05-17T13:25:15.473+0000] {dag.py:2726} INFO - Sync 1 DAGs
[2023-05-17T13:25:15.562+0000] {logging_mixin.py:149} INFO - [2023-05-17T13:25:15.561+0000] {dag.py:3490} INFO - Setting next_dagrun for example_short_circuit_operator to 2023-05-16T13:25:15.561347+00:00, run_after=2023-05-17T13:25:15.561347+00:00
[2023-05-17T13:25:15.745+0000] {processor.py:178} INFO - Processing /home/airflow/.local/lib/python3.7/site-packages/airflow/example_dags/example_short_circuit_operator.py took 0.399 seconds
[2023-05-17T13:25:46.619+0000] {processor.py:156} INFO - Started process (PID=1808) to work on /home/airflow/.local/lib/python3.7/site-packages/airflow/example_dags/example_short_circuit_operator.py
[2023-05-17T13:25:46.621+0000] {processor.py:799} INFO - Processing file /home/airflow/.local/lib/python3.7/site-packages/airflow/example_dags/example_short_circuit_operator.py for tasks to queue
[2023-05-17T13:25:46.623+0000] {logging_mixin.py:149} INFO - [2023-05-17T13:25:46.623+0000] {dagbag.py:541} INFO - Filling up the DagBag from /home/airflow/.local/lib/python3.7/site-packages/airflow/example_dags/example_short_circuit_operator.py
[2023-05-17T13:25:47.305+0000] {processor.py:809} INFO - DAG(s) dict_keys(['example_short_circuit_operator']) retrieved from /home/airflow/.local/lib/python3.7/site-packages/airflow/example_dags/example_short_circuit_operator.py
[2023-05-17T13:25:47.370+0000] {logging_mixin.py:149} INFO - [2023-05-17T13:25:47.369+0000] {dag.py:2726} INFO - Sync 1 DAGs
[2023-05-17T13:25:47.425+0000] {logging_mixin.py:149} INFO - [2023-05-17T13:25:47.425+0000] {dag.py:3490} INFO - Setting next_dagrun for example_short_circuit_operator to 2023-05-16T13:25:47.424392+00:00, run_after=2023-05-17T13:25:47.424392+00:00
[2023-05-17T13:25:48.358+0000] {processor.py:178} INFO - Processing /home/airflow/.local/lib/python3.7/site-packages/airflow/example_dags/example_short_circuit_operator.py took 1.748 seconds
[2023-05-17T13:26:20.498+0000] {processor.py:156} INFO - Started process (PID=1857) to work on /home/airflow/.local/lib/python3.7/site-packages/airflow/example_dags/example_short_circuit_operator.py
[2023-05-17T13:26:20.501+0000] {processor.py:799} INFO - Processing file /home/airflow/.local/lib/python3.7/site-packages/airflow/example_dags/example_short_circuit_operator.py for tasks to queue
[2023-05-17T13:26:20.503+0000] {logging_mixin.py:149} INFO - [2023-05-17T13:26:20.502+0000] {dagbag.py:541} INFO - Filling up the DagBag from /home/airflow/.local/lib/python3.7/site-packages/airflow/example_dags/example_short_circuit_operator.py
[2023-05-17T13:26:20.526+0000] {processor.py:809} INFO - DAG(s) dict_keys(['example_short_circuit_operator']) retrieved from /home/airflow/.local/lib/python3.7/site-packages/airflow/example_dags/example_short_circuit_operator.py
[2023-05-17T13:26:20.597+0000] {logging_mixin.py:149} INFO - [2023-05-17T13:26:20.597+0000] {dag.py:2726} INFO - Sync 1 DAGs
[2023-05-17T13:26:20.670+0000] {logging_mixin.py:149} INFO - [2023-05-17T13:26:20.670+0000] {dag.py:3490} INFO - Setting next_dagrun for example_short_circuit_operator to 2023-05-16T13:26:20.670272+00:00, run_after=2023-05-17T13:26:20.670272+00:00
[2023-05-17T13:26:21.455+0000] {processor.py:178} INFO - Processing /home/airflow/.local/lib/python3.7/site-packages/airflow/example_dags/example_short_circuit_operator.py took 0.967 seconds
[2023-05-17T13:26:52.448+0000] {processor.py:156} INFO - Started process (PID=1910) to work on /home/airflow/.local/lib/python3.7/site-packages/airflow/example_dags/example_short_circuit_operator.py
[2023-05-17T13:26:52.461+0000] {processor.py:799} INFO - Processing file /home/airflow/.local/lib/python3.7/site-packages/airflow/example_dags/example_short_circuit_operator.py for tasks to queue
[2023-05-17T13:26:52.503+0000] {logging_mixin.py:149} INFO - [2023-05-17T13:26:52.503+0000] {dagbag.py:541} INFO - Filling up the DagBag from /home/airflow/.local/lib/python3.7/site-packages/airflow/example_dags/example_short_circuit_operator.py
[2023-05-17T13:26:52.768+0000] {processor.py:809} INFO - DAG(s) dict_keys(['example_short_circuit_operator']) retrieved from /home/airflow/.local/lib/python3.7/site-packages/airflow/example_dags/example_short_circuit_operator.py
[2023-05-17T13:26:53.023+0000] {logging_mixin.py:149} INFO - [2023-05-17T13:26:53.023+0000] {dag.py:2726} INFO - Sync 1 DAGs
[2023-05-17T13:26:53.191+0000] {logging_mixin.py:149} INFO - [2023-05-17T13:26:53.189+0000] {dag.py:3490} INFO - Setting next_dagrun for example_short_circuit_operator to 2023-05-16T13:26:53.188268+00:00, run_after=2023-05-17T13:26:53.188268+00:00
[2023-05-17T13:26:53.491+0000] {processor.py:178} INFO - Processing /home/airflow/.local/lib/python3.7/site-packages/airflow/example_dags/example_short_circuit_operator.py took 1.067 seconds
[2023-05-17T13:32:02.572+0000] {processor.py:156} INFO - Started process (PID=48) to work on /home/airflow/.local/lib/python3.7/site-packages/airflow/example_dags/example_short_circuit_operator.py
[2023-05-17T13:32:02.580+0000] {processor.py:799} INFO - Processing file /home/airflow/.local/lib/python3.7/site-packages/airflow/example_dags/example_short_circuit_operator.py for tasks to queue
[2023-05-17T13:32:02.582+0000] {logging_mixin.py:149} INFO - [2023-05-17T13:32:02.582+0000] {dagbag.py:541} INFO - Filling up the DagBag from /home/airflow/.local/lib/python3.7/site-packages/airflow/example_dags/example_short_circuit_operator.py
[2023-05-17T13:32:02.617+0000] {processor.py:809} INFO - DAG(s) dict_keys(['example_short_circuit_operator']) retrieved from /home/airflow/.local/lib/python3.7/site-packages/airflow/example_dags/example_short_circuit_operator.py
[2023-05-17T13:32:02.823+0000] {logging_mixin.py:149} INFO - [2023-05-17T13:32:02.822+0000] {dag.py:2726} INFO - Sync 1 DAGs
[2023-05-17T13:32:03.005+0000] {logging_mixin.py:149} INFO - [2023-05-17T13:32:03.005+0000] {dag.py:3490} INFO - Setting next_dagrun for example_short_circuit_operator to 2023-05-16T13:32:03.004557+00:00, run_after=2023-05-17T13:32:03.004557+00:00
[2023-05-17T13:32:03.389+0000] {processor.py:178} INFO - Processing /home/airflow/.local/lib/python3.7/site-packages/airflow/example_dags/example_short_circuit_operator.py took 0.823 seconds
[2023-05-17T13:33:21.734+0000] {processor.py:156} INFO - Started process (PID=111) to work on /home/airflow/.local/lib/python3.7/site-packages/airflow/example_dags/example_short_circuit_operator.py
[2023-05-17T13:33:21.737+0000] {processor.py:799} INFO - Processing file /home/airflow/.local/lib/python3.7/site-packages/airflow/example_dags/example_short_circuit_operator.py for tasks to queue
[2023-05-17T13:33:21.739+0000] {logging_mixin.py:149} INFO - [2023-05-17T13:33:21.739+0000] {dagbag.py:541} INFO - Filling up the DagBag from /home/airflow/.local/lib/python3.7/site-packages/airflow/example_dags/example_short_circuit_operator.py
[2023-05-17T13:33:22.422+0000] {processor.py:809} INFO - DAG(s) dict_keys(['example_short_circuit_operator']) retrieved from /home/airflow/.local/lib/python3.7/site-packages/airflow/example_dags/example_short_circuit_operator.py
[2023-05-17T13:33:22.507+0000] {logging_mixin.py:149} INFO - [2023-05-17T13:33:22.506+0000] {dag.py:2726} INFO - Sync 1 DAGs
[2023-05-17T13:33:22.569+0000] {logging_mixin.py:149} INFO - [2023-05-17T13:33:22.568+0000] {dag.py:3490} INFO - Setting next_dagrun for example_short_circuit_operator to 2023-05-16T13:33:22.568473+00:00, run_after=2023-05-17T13:33:22.568473+00:00
[2023-05-17T13:33:23.039+0000] {processor.py:178} INFO - Processing /home/airflow/.local/lib/python3.7/site-packages/airflow/example_dags/example_short_circuit_operator.py took 1.313 seconds
[2023-05-17T13:34:23.687+0000] {processor.py:156} INFO - Started process (PID=163) to work on /home/airflow/.local/lib/python3.7/site-packages/airflow/example_dags/example_short_circuit_operator.py
[2023-05-17T13:34:23.690+0000] {processor.py:799} INFO - Processing file /home/airflow/.local/lib/python3.7/site-packages/airflow/example_dags/example_short_circuit_operator.py for tasks to queue
[2023-05-17T13:34:23.692+0000] {logging_mixin.py:149} INFO - [2023-05-17T13:34:23.692+0000] {dagbag.py:541} INFO - Filling up the DagBag from /home/airflow/.local/lib/python3.7/site-packages/airflow/example_dags/example_short_circuit_operator.py
[2023-05-17T13:34:23.723+0000] {processor.py:809} INFO - DAG(s) dict_keys(['example_short_circuit_operator']) retrieved from /home/airflow/.local/lib/python3.7/site-packages/airflow/example_dags/example_short_circuit_operator.py
[2023-05-17T13:34:23.779+0000] {logging_mixin.py:149} INFO - [2023-05-17T13:34:23.778+0000] {dag.py:2726} INFO - Sync 1 DAGs
[2023-05-17T13:34:23.851+0000] {logging_mixin.py:149} INFO - [2023-05-17T13:34:23.851+0000] {dag.py:3490} INFO - Setting next_dagrun for example_short_circuit_operator to 2023-05-16T13:34:23.850246+00:00, run_after=2023-05-17T13:34:23.850246+00:00
[2023-05-17T13:34:24.157+0000] {processor.py:178} INFO - Processing /home/airflow/.local/lib/python3.7/site-packages/airflow/example_dags/example_short_circuit_operator.py took 0.476 seconds
[2023-05-17T13:36:35.968+0000] {processor.py:156} INFO - Started process (PID=221) to work on /home/airflow/.local/lib/python3.7/site-packages/airflow/example_dags/example_short_circuit_operator.py
[2023-05-17T13:36:35.970+0000] {processor.py:799} INFO - Processing file /home/airflow/.local/lib/python3.7/site-packages/airflow/example_dags/example_short_circuit_operator.py for tasks to queue
[2023-05-17T13:36:35.972+0000] {logging_mixin.py:149} INFO - [2023-05-17T13:36:35.972+0000] {dagbag.py:541} INFO - Filling up the DagBag from /home/airflow/.local/lib/python3.7/site-packages/airflow/example_dags/example_short_circuit_operator.py
[2023-05-17T13:36:36.162+0000] {processor.py:809} INFO - DAG(s) dict_keys(['example_short_circuit_operator']) retrieved from /home/airflow/.local/lib/python3.7/site-packages/airflow/example_dags/example_short_circuit_operator.py
[2023-05-17T13:36:36.260+0000] {logging_mixin.py:149} INFO - [2023-05-17T13:36:36.260+0000] {dag.py:2726} INFO - Sync 1 DAGs
[2023-05-17T13:36:36.364+0000] {logging_mixin.py:149} INFO - [2023-05-17T13:36:36.363+0000] {dag.py:3490} INFO - Setting next_dagrun for example_short_circuit_operator to 2023-05-16T13:36:36.362687+00:00, run_after=2023-05-17T13:36:36.362687+00:00
[2023-05-17T13:36:36.672+0000] {processor.py:178} INFO - Processing /home/airflow/.local/lib/python3.7/site-packages/airflow/example_dags/example_short_circuit_operator.py took 0.712 seconds
[2023-05-17T13:37:10.242+0000] {processor.py:156} INFO - Started process (PID=274) to work on /home/airflow/.local/lib/python3.7/site-packages/airflow/example_dags/example_short_circuit_operator.py
[2023-05-17T13:37:10.245+0000] {processor.py:799} INFO - Processing file /home/airflow/.local/lib/python3.7/site-packages/airflow/example_dags/example_short_circuit_operator.py for tasks to queue
[2023-05-17T13:37:10.247+0000] {logging_mixin.py:149} INFO - [2023-05-17T13:37:10.246+0000] {dagbag.py:541} INFO - Filling up the DagBag from /home/airflow/.local/lib/python3.7/site-packages/airflow/example_dags/example_short_circuit_operator.py
[2023-05-17T13:37:10.264+0000] {processor.py:809} INFO - DAG(s) dict_keys(['example_short_circuit_operator']) retrieved from /home/airflow/.local/lib/python3.7/site-packages/airflow/example_dags/example_short_circuit_operator.py
[2023-05-17T13:37:10.353+0000] {logging_mixin.py:149} INFO - [2023-05-17T13:37:10.352+0000] {dag.py:2726} INFO - Sync 1 DAGs
[2023-05-17T13:37:10.451+0000] {logging_mixin.py:149} INFO - [2023-05-17T13:37:10.450+0000] {dag.py:3490} INFO - Setting next_dagrun for example_short_circuit_operator to 2023-05-16T13:37:10.449985+00:00, run_after=2023-05-17T13:37:10.449985+00:00
[2023-05-17T13:37:11.543+0000] {processor.py:178} INFO - Processing /home/airflow/.local/lib/python3.7/site-packages/airflow/example_dags/example_short_circuit_operator.py took 1.308 seconds
[2023-05-17T13:37:41.865+0000] {processor.py:156} INFO - Started process (PID=328) to work on /home/airflow/.local/lib/python3.7/site-packages/airflow/example_dags/example_short_circuit_operator.py
[2023-05-17T13:37:41.867+0000] {processor.py:799} INFO - Processing file /home/airflow/.local/lib/python3.7/site-packages/airflow/example_dags/example_short_circuit_operator.py for tasks to queue
[2023-05-17T13:37:41.871+0000] {logging_mixin.py:149} INFO - [2023-05-17T13:37:41.870+0000] {dagbag.py:541} INFO - Filling up the DagBag from /home/airflow/.local/lib/python3.7/site-packages/airflow/example_dags/example_short_circuit_operator.py
[2023-05-17T13:37:41.899+0000] {processor.py:809} INFO - DAG(s) dict_keys(['example_short_circuit_operator']) retrieved from /home/airflow/.local/lib/python3.7/site-packages/airflow/example_dags/example_short_circuit_operator.py
[2023-05-17T13:37:41.998+0000] {logging_mixin.py:149} INFO - [2023-05-17T13:37:41.998+0000] {dag.py:2726} INFO - Sync 1 DAGs
[2023-05-17T13:37:42.081+0000] {logging_mixin.py:149} INFO - [2023-05-17T13:37:42.081+0000] {dag.py:3490} INFO - Setting next_dagrun for example_short_circuit_operator to 2023-05-16T13:37:42.080897+00:00, run_after=2023-05-17T13:37:42.080897+00:00
[2023-05-17T13:37:42.238+0000] {processor.py:178} INFO - Processing /home/airflow/.local/lib/python3.7/site-packages/airflow/example_dags/example_short_circuit_operator.py took 0.383 seconds
[2023-05-17T13:38:12.368+0000] {processor.py:156} INFO - Started process (PID=386) to work on /home/airflow/.local/lib/python3.7/site-packages/airflow/example_dags/example_short_circuit_operator.py
[2023-05-17T13:38:12.370+0000] {processor.py:799} INFO - Processing file /home/airflow/.local/lib/python3.7/site-packages/airflow/example_dags/example_short_circuit_operator.py for tasks to queue
[2023-05-17T13:38:12.372+0000] {logging_mixin.py:149} INFO - [2023-05-17T13:38:12.372+0000] {dagbag.py:541} INFO - Filling up the DagBag from /home/airflow/.local/lib/python3.7/site-packages/airflow/example_dags/example_short_circuit_operator.py
[2023-05-17T13:38:12.393+0000] {processor.py:809} INFO - DAG(s) dict_keys(['example_short_circuit_operator']) retrieved from /home/airflow/.local/lib/python3.7/site-packages/airflow/example_dags/example_short_circuit_operator.py
[2023-05-17T13:38:12.473+0000] {logging_mixin.py:149} INFO - [2023-05-17T13:38:12.473+0000] {dag.py:2726} INFO - Sync 1 DAGs
[2023-05-17T13:38:12.527+0000] {logging_mixin.py:149} INFO - [2023-05-17T13:38:12.527+0000] {dag.py:3490} INFO - Setting next_dagrun for example_short_circuit_operator to 2023-05-16T13:38:12.526998+00:00, run_after=2023-05-17T13:38:12.526998+00:00
[2023-05-17T13:38:12.765+0000] {processor.py:178} INFO - Processing /home/airflow/.local/lib/python3.7/site-packages/airflow/example_dags/example_short_circuit_operator.py took 0.404 seconds
[2023-05-17T13:38:43.266+0000] {processor.py:156} INFO - Started process (PID=444) to work on /home/airflow/.local/lib/python3.7/site-packages/airflow/example_dags/example_short_circuit_operator.py
[2023-05-17T13:38:43.268+0000] {processor.py:799} INFO - Processing file /home/airflow/.local/lib/python3.7/site-packages/airflow/example_dags/example_short_circuit_operator.py for tasks to queue
[2023-05-17T13:38:43.271+0000] {logging_mixin.py:149} INFO - [2023-05-17T13:38:43.270+0000] {dagbag.py:541} INFO - Filling up the DagBag from /home/airflow/.local/lib/python3.7/site-packages/airflow/example_dags/example_short_circuit_operator.py
[2023-05-17T13:38:43.292+0000] {processor.py:809} INFO - DAG(s) dict_keys(['example_short_circuit_operator']) retrieved from /home/airflow/.local/lib/python3.7/site-packages/airflow/example_dags/example_short_circuit_operator.py
[2023-05-17T13:38:43.369+0000] {logging_mixin.py:149} INFO - [2023-05-17T13:38:43.368+0000] {dag.py:2726} INFO - Sync 1 DAGs
[2023-05-17T13:38:43.430+0000] {logging_mixin.py:149} INFO - [2023-05-17T13:38:43.429+0000] {dag.py:3490} INFO - Setting next_dagrun for example_short_circuit_operator to 2023-05-16T13:38:43.429300+00:00, run_after=2023-05-17T13:38:43.429300+00:00
[2023-05-17T13:38:43.588+0000] {processor.py:178} INFO - Processing /home/airflow/.local/lib/python3.7/site-packages/airflow/example_dags/example_short_circuit_operator.py took 0.329 seconds
[2023-05-17T13:39:14.019+0000] {processor.py:156} INFO - Started process (PID=503) to work on /home/airflow/.local/lib/python3.7/site-packages/airflow/example_dags/example_short_circuit_operator.py
[2023-05-17T13:39:14.022+0000] {processor.py:799} INFO - Processing file /home/airflow/.local/lib/python3.7/site-packages/airflow/example_dags/example_short_circuit_operator.py for tasks to queue
[2023-05-17T13:39:14.025+0000] {logging_mixin.py:149} INFO - [2023-05-17T13:39:14.025+0000] {dagbag.py:541} INFO - Filling up the DagBag from /home/airflow/.local/lib/python3.7/site-packages/airflow/example_dags/example_short_circuit_operator.py
[2023-05-17T13:39:14.049+0000] {processor.py:809} INFO - DAG(s) dict_keys(['example_short_circuit_operator']) retrieved from /home/airflow/.local/lib/python3.7/site-packages/airflow/example_dags/example_short_circuit_operator.py
[2023-05-17T13:39:14.153+0000] {logging_mixin.py:149} INFO - [2023-05-17T13:39:14.152+0000] {dag.py:2726} INFO - Sync 1 DAGs
[2023-05-17T13:39:14.248+0000] {logging_mixin.py:149} INFO - [2023-05-17T13:39:14.247+0000] {dag.py:3490} INFO - Setting next_dagrun for example_short_circuit_operator to 2023-05-16T13:39:14.246917+00:00, run_after=2023-05-17T13:39:14.246917+00:00
[2023-05-17T13:39:14.533+0000] {processor.py:178} INFO - Processing /home/airflow/.local/lib/python3.7/site-packages/airflow/example_dags/example_short_circuit_operator.py took 0.522 seconds
[2023-05-17T13:39:44.595+0000] {processor.py:156} INFO - Started process (PID=562) to work on /home/airflow/.local/lib/python3.7/site-packages/airflow/example_dags/example_short_circuit_operator.py
[2023-05-17T13:39:44.598+0000] {processor.py:799} INFO - Processing file /home/airflow/.local/lib/python3.7/site-packages/airflow/example_dags/example_short_circuit_operator.py for tasks to queue
[2023-05-17T13:39:44.601+0000] {logging_mixin.py:149} INFO - [2023-05-17T13:39:44.600+0000] {dagbag.py:541} INFO - Filling up the DagBag from /home/airflow/.local/lib/python3.7/site-packages/airflow/example_dags/example_short_circuit_operator.py
[2023-05-17T13:39:44.625+0000] {processor.py:809} INFO - DAG(s) dict_keys(['example_short_circuit_operator']) retrieved from /home/airflow/.local/lib/python3.7/site-packages/airflow/example_dags/example_short_circuit_operator.py
[2023-05-17T13:39:44.719+0000] {logging_mixin.py:149} INFO - [2023-05-17T13:39:44.717+0000] {dag.py:2726} INFO - Sync 1 DAGs
[2023-05-17T13:39:44.861+0000] {logging_mixin.py:149} INFO - [2023-05-17T13:39:44.861+0000] {dag.py:3490} INFO - Setting next_dagrun for example_short_circuit_operator to 2023-05-16T13:39:44.860764+00:00, run_after=2023-05-17T13:39:44.860764+00:00
[2023-05-17T13:39:45.395+0000] {processor.py:178} INFO - Processing /home/airflow/.local/lib/python3.7/site-packages/airflow/example_dags/example_short_circuit_operator.py took 0.809 seconds
[2023-05-17T13:40:15.898+0000] {processor.py:156} INFO - Started process (PID=620) to work on /home/airflow/.local/lib/python3.7/site-packages/airflow/example_dags/example_short_circuit_operator.py
[2023-05-17T13:40:15.920+0000] {processor.py:799} INFO - Processing file /home/airflow/.local/lib/python3.7/site-packages/airflow/example_dags/example_short_circuit_operator.py for tasks to queue
[2023-05-17T13:40:15.959+0000] {logging_mixin.py:149} INFO - [2023-05-17T13:40:15.958+0000] {dagbag.py:541} INFO - Filling up the DagBag from /home/airflow/.local/lib/python3.7/site-packages/airflow/example_dags/example_short_circuit_operator.py
[2023-05-17T13:40:16.027+0000] {processor.py:809} INFO - DAG(s) dict_keys(['example_short_circuit_operator']) retrieved from /home/airflow/.local/lib/python3.7/site-packages/airflow/example_dags/example_short_circuit_operator.py
[2023-05-17T13:40:16.281+0000] {logging_mixin.py:149} INFO - [2023-05-17T13:40:16.280+0000] {dag.py:2726} INFO - Sync 1 DAGs
[2023-05-17T13:40:16.475+0000] {logging_mixin.py:149} INFO - [2023-05-17T13:40:16.475+0000] {dag.py:3490} INFO - Setting next_dagrun for example_short_circuit_operator to 2023-05-16T13:40:16.474544+00:00, run_after=2023-05-17T13:40:16.474544+00:00
