[2023-05-17T13:04:32.614+0000] {processor.py:156} INFO - Started process (PID=117) to work on /home/airflow/.local/lib/python3.7/site-packages/airflow/example_dags/example_branch_datetime_operator.py
[2023-05-17T13:04:32.638+0000] {processor.py:799} INFO - Processing file /home/airflow/.local/lib/python3.7/site-packages/airflow/example_dags/example_branch_datetime_operator.py for tasks to queue
[2023-05-17T13:04:32.673+0000] {logging_mixin.py:149} INFO - [2023-05-17T13:04:32.673+0000] {dagbag.py:541} INFO - Filling up the DagBag from /home/airflow/.local/lib/python3.7/site-packages/airflow/example_dags/example_branch_datetime_operator.py
[2023-05-17T13:04:32.764+0000] {processor.py:809} INFO - DAG(s) dict_keys(['example_branch_datetime_operator_2', 'example_branch_datetime_operator_3', 'example_branch_datetime_operator']) retrieved from /home/airflow/.local/lib/python3.7/site-packages/airflow/example_dags/example_branch_datetime_operator.py
[2023-05-17T13:04:34.733+0000] {logging_mixin.py:149} INFO - [2023-05-17T13:04:34.732+0000] {manager.py:504} INFO - Created Permission View: can read on DAG:example_branch_datetime_operator_2
[2023-05-17T13:04:35.270+0000] {logging_mixin.py:149} INFO - [2023-05-17T13:04:35.269+0000] {manager.py:504} INFO - Created Permission View: can edit on DAG:example_branch_datetime_operator_2
[2023-05-17T13:04:35.778+0000] {logging_mixin.py:149} INFO - [2023-05-17T13:04:35.777+0000] {manager.py:504} INFO - Created Permission View: can delete on DAG:example_branch_datetime_operator_2
[2023-05-17T13:04:39.001+0000] {logging_mixin.py:149} INFO - [2023-05-17T13:04:39.000+0000] {manager.py:504} INFO - Created Permission View: can read on DAG:example_branch_datetime_operator_3
[2023-05-17T13:04:39.310+0000] {logging_mixin.py:149} INFO - [2023-05-17T13:04:39.310+0000] {manager.py:504} INFO - Created Permission View: can edit on DAG:example_branch_datetime_operator_3
[2023-05-17T13:04:39.952+0000] {logging_mixin.py:149} INFO - [2023-05-17T13:04:39.951+0000] {manager.py:504} INFO - Created Permission View: can delete on DAG:example_branch_datetime_operator_3
[2023-05-17T13:04:43.662+0000] {logging_mixin.py:149} INFO - [2023-05-17T13:04:43.661+0000] {manager.py:504} INFO - Created Permission View: can read on DAG:example_branch_datetime_operator
[2023-05-17T13:04:44.759+0000] {logging_mixin.py:149} INFO - [2023-05-17T13:04:44.759+0000] {manager.py:504} INFO - Created Permission View: can edit on DAG:example_branch_datetime_operator
[2023-05-17T13:04:45.787+0000] {logging_mixin.py:149} INFO - [2023-05-17T13:04:45.787+0000] {manager.py:504} INFO - Created Permission View: can delete on DAG:example_branch_datetime_operator
[2023-05-17T13:04:45.850+0000] {logging_mixin.py:149} INFO - [2023-05-17T13:04:45.850+0000] {dag.py:2726} INFO - Sync 3 DAGs
[2023-05-17T13:04:46.064+0000] {logging_mixin.py:149} INFO - [2023-05-17T13:04:46.063+0000] {dag.py:2747} INFO - Creating ORM DAG for example_branch_datetime_operator
[2023-05-17T13:04:46.066+0000] {logging_mixin.py:149} INFO - [2023-05-17T13:04:46.066+0000] {dag.py:2747} INFO - Creating ORM DAG for example_branch_datetime_operator_2
[2023-05-17T13:04:46.072+0000] {logging_mixin.py:149} INFO - [2023-05-17T13:04:46.072+0000] {dag.py:2747} INFO - Creating ORM DAG for example_branch_datetime_operator_3
[2023-05-17T13:04:46.097+0000] {logging_mixin.py:149} INFO - [2023-05-17T13:04:46.097+0000] {dag.py:3490} INFO - Setting next_dagrun for example_branch_datetime_operator to 2023-05-16T00:00:00+00:00, run_after=2023-05-17T00:00:00+00:00
[2023-05-17T13:04:46.102+0000] {logging_mixin.py:149} INFO - [2023-05-17T13:04:46.101+0000] {dag.py:3490} INFO - Setting next_dagrun for example_branch_datetime_operator_2 to 2023-05-16T00:00:00+00:00, run_after=2023-05-17T00:00:00+00:00
[2023-05-17T13:04:46.106+0000] {logging_mixin.py:149} INFO - [2023-05-17T13:04:46.106+0000] {dag.py:3490} INFO - Setting next_dagrun for example_branch_datetime_operator_3 to 2023-05-16T00:00:00+00:00, run_after=2023-05-17T00:00:00+00:00
[2023-05-17T13:04:46.553+0000] {processor.py:178} INFO - Processing /home/airflow/.local/lib/python3.7/site-packages/airflow/example_dags/example_branch_datetime_operator.py took 13.946 seconds
[2023-05-17T13:08:56.837+0000] {processor.py:156} INFO - Started process (PID=209) to work on /home/airflow/.local/lib/python3.7/site-packages/airflow/example_dags/example_branch_datetime_operator.py
[2023-05-17T13:08:56.840+0000] {processor.py:799} INFO - Processing file /home/airflow/.local/lib/python3.7/site-packages/airflow/example_dags/example_branch_datetime_operator.py for tasks to queue
[2023-05-17T13:08:56.845+0000] {logging_mixin.py:149} INFO - [2023-05-17T13:08:56.844+0000] {dagbag.py:541} INFO - Filling up the DagBag from /home/airflow/.local/lib/python3.7/site-packages/airflow/example_dags/example_branch_datetime_operator.py
[2023-05-17T13:08:56.905+0000] {processor.py:809} INFO - DAG(s) dict_keys(['example_branch_datetime_operator', 'example_branch_datetime_operator_2', 'example_branch_datetime_operator_3']) retrieved from /home/airflow/.local/lib/python3.7/site-packages/airflow/example_dags/example_branch_datetime_operator.py
[2023-05-17T13:08:57.237+0000] {logging_mixin.py:149} INFO - [2023-05-17T13:08:57.237+0000] {dag.py:2726} INFO - Sync 3 DAGs
[2023-05-17T13:08:57.845+0000] {logging_mixin.py:149} INFO - [2023-05-17T13:08:57.845+0000] {dag.py:3490} INFO - Setting next_dagrun for example_branch_datetime_operator to 2023-05-16T00:00:00+00:00, run_after=2023-05-17T00:00:00+00:00
[2023-05-17T13:08:58.599+0000] {logging_mixin.py:149} INFO - [2023-05-17T13:08:58.598+0000] {dag.py:3490} INFO - Setting next_dagrun for example_branch_datetime_operator_2 to 2023-05-16T00:00:00+00:00, run_after=2023-05-17T00:00:00+00:00
[2023-05-17T13:08:58.634+0000] {logging_mixin.py:149} INFO - [2023-05-17T13:08:58.633+0000] {dag.py:3490} INFO - Setting next_dagrun for example_branch_datetime_operator_3 to 2023-05-16T00:00:00+00:00, run_after=2023-05-17T00:00:00+00:00
[2023-05-17T13:08:59.727+0000] {processor.py:178} INFO - Processing /home/airflow/.local/lib/python3.7/site-packages/airflow/example_dags/example_branch_datetime_operator.py took 2.909 seconds
[2023-05-17T13:09:30.254+0000] {processor.py:156} INFO - Started process (PID=262) to work on /home/airflow/.local/lib/python3.7/site-packages/airflow/example_dags/example_branch_datetime_operator.py
[2023-05-17T13:09:30.256+0000] {processor.py:799} INFO - Processing file /home/airflow/.local/lib/python3.7/site-packages/airflow/example_dags/example_branch_datetime_operator.py for tasks to queue
[2023-05-17T13:09:30.261+0000] {logging_mixin.py:149} INFO - [2023-05-17T13:09:30.260+0000] {dagbag.py:541} INFO - Filling up the DagBag from /home/airflow/.local/lib/python3.7/site-packages/airflow/example_dags/example_branch_datetime_operator.py
[2023-05-17T13:09:30.286+0000] {processor.py:809} INFO - DAG(s) dict_keys(['example_branch_datetime_operator', 'example_branch_datetime_operator_3', 'example_branch_datetime_operator_2']) retrieved from /home/airflow/.local/lib/python3.7/site-packages/airflow/example_dags/example_branch_datetime_operator.py
[2023-05-17T13:09:30.377+0000] {logging_mixin.py:149} INFO - [2023-05-17T13:09:30.377+0000] {dag.py:2726} INFO - Sync 3 DAGs
[2023-05-17T13:09:30.466+0000] {logging_mixin.py:149} INFO - [2023-05-17T13:09:30.466+0000] {dag.py:3490} INFO - Setting next_dagrun for example_branch_datetime_operator to 2023-05-16T00:00:00+00:00, run_after=2023-05-17T00:00:00+00:00
[2023-05-17T13:09:30.481+0000] {logging_mixin.py:149} INFO - [2023-05-17T13:09:30.481+0000] {dag.py:3490} INFO - Setting next_dagrun for example_branch_datetime_operator_2 to 2023-05-16T00:00:00+00:00, run_after=2023-05-17T00:00:00+00:00
[2023-05-17T13:09:30.488+0000] {logging_mixin.py:149} INFO - [2023-05-17T13:09:30.488+0000] {dag.py:3490} INFO - Setting next_dagrun for example_branch_datetime_operator_3 to 2023-05-16T00:00:00+00:00, run_after=2023-05-17T00:00:00+00:00
[2023-05-17T13:09:30.632+0000] {processor.py:178} INFO - Processing /home/airflow/.local/lib/python3.7/site-packages/airflow/example_dags/example_branch_datetime_operator.py took 0.393 seconds
[2023-05-17T13:10:02.961+0000] {processor.py:156} INFO - Started process (PID=321) to work on /home/airflow/.local/lib/python3.7/site-packages/airflow/example_dags/example_branch_datetime_operator.py
[2023-05-17T13:10:02.965+0000] {processor.py:799} INFO - Processing file /home/airflow/.local/lib/python3.7/site-packages/airflow/example_dags/example_branch_datetime_operator.py for tasks to queue
[2023-05-17T13:10:02.970+0000] {logging_mixin.py:149} INFO - [2023-05-17T13:10:02.970+0000] {dagbag.py:541} INFO - Filling up the DagBag from /home/airflow/.local/lib/python3.7/site-packages/airflow/example_dags/example_branch_datetime_operator.py
[2023-05-17T13:10:03.027+0000] {processor.py:809} INFO - DAG(s) dict_keys(['example_branch_datetime_operator_3', 'example_branch_datetime_operator', 'example_branch_datetime_operator_2']) retrieved from /home/airflow/.local/lib/python3.7/site-packages/airflow/example_dags/example_branch_datetime_operator.py
[2023-05-17T13:10:03.243+0000] {logging_mixin.py:149} INFO - [2023-05-17T13:10:03.242+0000] {dag.py:2726} INFO - Sync 3 DAGs
[2023-05-17T13:10:03.390+0000] {logging_mixin.py:149} INFO - [2023-05-17T13:10:03.389+0000] {dag.py:3490} INFO - Setting next_dagrun for example_branch_datetime_operator to 2023-05-16T00:00:00+00:00, run_after=2023-05-17T00:00:00+00:00
[2023-05-17T13:10:03.469+0000] {logging_mixin.py:149} INFO - [2023-05-17T13:10:03.466+0000] {dag.py:3490} INFO - Setting next_dagrun for example_branch_datetime_operator_2 to 2023-05-16T00:00:00+00:00, run_after=2023-05-17T00:00:00+00:00
[2023-05-17T13:10:03.480+0000] {logging_mixin.py:149} INFO - [2023-05-17T13:10:03.479+0000] {dag.py:3490} INFO - Setting next_dagrun for example_branch_datetime_operator_3 to 2023-05-16T00:00:00+00:00, run_after=2023-05-17T00:00:00+00:00
[2023-05-17T13:10:03.775+0000] {processor.py:178} INFO - Processing /home/airflow/.local/lib/python3.7/site-packages/airflow/example_dags/example_branch_datetime_operator.py took 0.828 seconds
[2023-05-17T13:10:34.009+0000] {processor.py:156} INFO - Started process (PID=374) to work on /home/airflow/.local/lib/python3.7/site-packages/airflow/example_dags/example_branch_datetime_operator.py
[2023-05-17T13:10:34.015+0000] {processor.py:799} INFO - Processing file /home/airflow/.local/lib/python3.7/site-packages/airflow/example_dags/example_branch_datetime_operator.py for tasks to queue
[2023-05-17T13:10:34.023+0000] {logging_mixin.py:149} INFO - [2023-05-17T13:10:34.023+0000] {dagbag.py:541} INFO - Filling up the DagBag from /home/airflow/.local/lib/python3.7/site-packages/airflow/example_dags/example_branch_datetime_operator.py
[2023-05-17T13:10:34.068+0000] {processor.py:809} INFO - DAG(s) dict_keys(['example_branch_datetime_operator_3', 'example_branch_datetime_operator', 'example_branch_datetime_operator_2']) retrieved from /home/airflow/.local/lib/python3.7/site-packages/airflow/example_dags/example_branch_datetime_operator.py
[2023-05-17T13:10:34.148+0000] {logging_mixin.py:149} INFO - [2023-05-17T13:10:34.148+0000] {dag.py:2726} INFO - Sync 3 DAGs
[2023-05-17T13:10:34.232+0000] {logging_mixin.py:149} INFO - [2023-05-17T13:10:34.231+0000] {dag.py:3490} INFO - Setting next_dagrun for example_branch_datetime_operator to 2023-05-16T00:00:00+00:00, run_after=2023-05-17T00:00:00+00:00
[2023-05-17T13:10:34.258+0000] {logging_mixin.py:149} INFO - [2023-05-17T13:10:34.254+0000] {dag.py:3490} INFO - Setting next_dagrun for example_branch_datetime_operator_2 to 2023-05-16T00:00:00+00:00, run_after=2023-05-17T00:00:00+00:00
[2023-05-17T13:10:34.276+0000] {logging_mixin.py:149} INFO - [2023-05-17T13:10:34.276+0000] {dag.py:3490} INFO - Setting next_dagrun for example_branch_datetime_operator_3 to 2023-05-16T00:00:00+00:00, run_after=2023-05-17T00:00:00+00:00
[2023-05-17T13:10:34.473+0000] {processor.py:178} INFO - Processing /home/airflow/.local/lib/python3.7/site-packages/airflow/example_dags/example_branch_datetime_operator.py took 0.483 seconds
[2023-05-17T13:11:10.736+0000] {processor.py:156} INFO - Started process (PID=422) to work on /home/airflow/.local/lib/python3.7/site-packages/airflow/example_dags/example_branch_datetime_operator.py
[2023-05-17T13:11:10.740+0000] {processor.py:799} INFO - Processing file /home/airflow/.local/lib/python3.7/site-packages/airflow/example_dags/example_branch_datetime_operator.py for tasks to queue
[2023-05-17T13:11:10.744+0000] {logging_mixin.py:149} INFO - [2023-05-17T13:11:10.743+0000] {dagbag.py:541} INFO - Filling up the DagBag from /home/airflow/.local/lib/python3.7/site-packages/airflow/example_dags/example_branch_datetime_operator.py
[2023-05-17T13:11:10.782+0000] {processor.py:809} INFO - DAG(s) dict_keys(['example_branch_datetime_operator', 'example_branch_datetime_operator_3', 'example_branch_datetime_operator_2']) retrieved from /home/airflow/.local/lib/python3.7/site-packages/airflow/example_dags/example_branch_datetime_operator.py
[2023-05-17T13:11:10.909+0000] {logging_mixin.py:149} INFO - [2023-05-17T13:11:10.905+0000] {dag.py:2726} INFO - Sync 3 DAGs
[2023-05-17T13:11:11.025+0000] {logging_mixin.py:149} INFO - [2023-05-17T13:11:11.024+0000] {dag.py:3490} INFO - Setting next_dagrun for example_branch_datetime_operator to 2023-05-16T00:00:00+00:00, run_after=2023-05-17T00:00:00+00:00
[2023-05-17T13:11:11.044+0000] {logging_mixin.py:149} INFO - [2023-05-17T13:11:11.044+0000] {dag.py:3490} INFO - Setting next_dagrun for example_branch_datetime_operator_2 to 2023-05-16T00:00:00+00:00, run_after=2023-05-17T00:00:00+00:00
[2023-05-17T13:11:11.059+0000] {logging_mixin.py:149} INFO - [2023-05-17T13:11:11.058+0000] {dag.py:3490} INFO - Setting next_dagrun for example_branch_datetime_operator_3 to 2023-05-16T00:00:00+00:00, run_after=2023-05-17T00:00:00+00:00
[2023-05-17T13:11:11.418+0000] {processor.py:178} INFO - Processing /home/airflow/.local/lib/python3.7/site-packages/airflow/example_dags/example_branch_datetime_operator.py took 0.689 seconds
[2023-05-17T13:11:41.927+0000] {processor.py:156} INFO - Started process (PID=479) to work on /home/airflow/.local/lib/python3.7/site-packages/airflow/example_dags/example_branch_datetime_operator.py
[2023-05-17T13:11:41.930+0000] {processor.py:799} INFO - Processing file /home/airflow/.local/lib/python3.7/site-packages/airflow/example_dags/example_branch_datetime_operator.py for tasks to queue
[2023-05-17T13:11:41.932+0000] {logging_mixin.py:149} INFO - [2023-05-17T13:11:41.931+0000] {dagbag.py:541} INFO - Filling up the DagBag from /home/airflow/.local/lib/python3.7/site-packages/airflow/example_dags/example_branch_datetime_operator.py
[2023-05-17T13:11:41.960+0000] {processor.py:809} INFO - DAG(s) dict_keys(['example_branch_datetime_operator', 'example_branch_datetime_operator_3', 'example_branch_datetime_operator_2']) retrieved from /home/airflow/.local/lib/python3.7/site-packages/airflow/example_dags/example_branch_datetime_operator.py
[2023-05-17T13:11:42.044+0000] {logging_mixin.py:149} INFO - [2023-05-17T13:11:42.044+0000] {dag.py:2726} INFO - Sync 3 DAGs
[2023-05-17T13:11:42.159+0000] {logging_mixin.py:149} INFO - [2023-05-17T13:11:42.159+0000] {dag.py:3490} INFO - Setting next_dagrun for example_branch_datetime_operator to 2023-05-16T00:00:00+00:00, run_after=2023-05-17T00:00:00+00:00
[2023-05-17T13:11:42.173+0000] {logging_mixin.py:149} INFO - [2023-05-17T13:11:42.173+0000] {dag.py:3490} INFO - Setting next_dagrun for example_branch_datetime_operator_2 to 2023-05-16T00:00:00+00:00, run_after=2023-05-17T00:00:00+00:00
[2023-05-17T13:11:42.180+0000] {logging_mixin.py:149} INFO - [2023-05-17T13:11:42.179+0000] {dag.py:3490} INFO - Setting next_dagrun for example_branch_datetime_operator_3 to 2023-05-16T00:00:00+00:00, run_after=2023-05-17T00:00:00+00:00
[2023-05-17T13:11:42.343+0000] {processor.py:178} INFO - Processing /home/airflow/.local/lib/python3.7/site-packages/airflow/example_dags/example_branch_datetime_operator.py took 0.422 seconds
[2023-05-17T13:12:12.543+0000] {processor.py:156} INFO - Started process (PID=533) to work on /home/airflow/.local/lib/python3.7/site-packages/airflow/example_dags/example_branch_datetime_operator.py
[2023-05-17T13:12:12.552+0000] {processor.py:799} INFO - Processing file /home/airflow/.local/lib/python3.7/site-packages/airflow/example_dags/example_branch_datetime_operator.py for tasks to queue
[2023-05-17T13:12:12.555+0000] {logging_mixin.py:149} INFO - [2023-05-17T13:12:12.554+0000] {dagbag.py:541} INFO - Filling up the DagBag from /home/airflow/.local/lib/python3.7/site-packages/airflow/example_dags/example_branch_datetime_operator.py
[2023-05-17T13:12:12.595+0000] {processor.py:809} INFO - DAG(s) dict_keys(['example_branch_datetime_operator', 'example_branch_datetime_operator_3', 'example_branch_datetime_operator_2']) retrieved from /home/airflow/.local/lib/python3.7/site-packages/airflow/example_dags/example_branch_datetime_operator.py
[2023-05-17T13:12:13.034+0000] {logging_mixin.py:149} INFO - [2023-05-17T13:12:13.032+0000] {dag.py:2726} INFO - Sync 3 DAGs
[2023-05-17T13:12:13.189+0000] {logging_mixin.py:149} INFO - [2023-05-17T13:12:13.189+0000] {dag.py:3490} INFO - Setting next_dagrun for example_branch_datetime_operator to 2023-05-16T00:00:00+00:00, run_after=2023-05-17T00:00:00+00:00
[2023-05-17T13:12:13.225+0000] {logging_mixin.py:149} INFO - [2023-05-17T13:12:13.225+0000] {dag.py:3490} INFO - Setting next_dagrun for example_branch_datetime_operator_2 to 2023-05-16T00:00:00+00:00, run_after=2023-05-17T00:00:00+00:00
[2023-05-17T13:12:13.241+0000] {logging_mixin.py:149} INFO - [2023-05-17T13:12:13.241+0000] {dag.py:3490} INFO - Setting next_dagrun for example_branch_datetime_operator_3 to 2023-05-16T00:00:00+00:00, run_after=2023-05-17T00:00:00+00:00
[2023-05-17T13:12:13.681+0000] {processor.py:178} INFO - Processing /home/airflow/.local/lib/python3.7/site-packages/airflow/example_dags/example_branch_datetime_operator.py took 1.151 seconds
[2023-05-17T13:12:46.274+0000] {processor.py:156} INFO - Started process (PID=583) to work on /home/airflow/.local/lib/python3.7/site-packages/airflow/example_dags/example_branch_datetime_operator.py
[2023-05-17T13:12:46.279+0000] {processor.py:799} INFO - Processing file /home/airflow/.local/lib/python3.7/site-packages/airflow/example_dags/example_branch_datetime_operator.py for tasks to queue
[2023-05-17T13:12:46.282+0000] {logging_mixin.py:149} INFO - [2023-05-17T13:12:46.281+0000] {dagbag.py:541} INFO - Filling up the DagBag from /home/airflow/.local/lib/python3.7/site-packages/airflow/example_dags/example_branch_datetime_operator.py
[2023-05-17T13:12:46.374+0000] {processor.py:809} INFO - DAG(s) dict_keys(['example_branch_datetime_operator', 'example_branch_datetime_operator_2', 'example_branch_datetime_operator_3']) retrieved from /home/airflow/.local/lib/python3.7/site-packages/airflow/example_dags/example_branch_datetime_operator.py
[2023-05-17T13:12:46.510+0000] {logging_mixin.py:149} INFO - [2023-05-17T13:12:46.509+0000] {dag.py:2726} INFO - Sync 3 DAGs
[2023-05-17T13:12:46.588+0000] {logging_mixin.py:149} INFO - [2023-05-17T13:12:46.588+0000] {dag.py:3490} INFO - Setting next_dagrun for example_branch_datetime_operator to 2023-05-16T00:00:00+00:00, run_after=2023-05-17T00:00:00+00:00
[2023-05-17T13:12:46.728+0000] {logging_mixin.py:149} INFO - [2023-05-17T13:12:46.727+0000] {dag.py:3490} INFO - Setting next_dagrun for example_branch_datetime_operator_2 to 2023-05-16T00:00:00+00:00, run_after=2023-05-17T00:00:00+00:00
[2023-05-17T13:12:46.756+0000] {logging_mixin.py:149} INFO - [2023-05-17T13:12:46.755+0000] {dag.py:3490} INFO - Setting next_dagrun for example_branch_datetime_operator_3 to 2023-05-16T00:00:00+00:00, run_after=2023-05-17T00:00:00+00:00
[2023-05-17T13:12:47.985+0000] {processor.py:178} INFO - Processing /home/airflow/.local/lib/python3.7/site-packages/airflow/example_dags/example_branch_datetime_operator.py took 1.734 seconds
[2023-05-17T13:13:25.542+0000] {processor.py:156} INFO - Started process (PID=631) to work on /home/airflow/.local/lib/python3.7/site-packages/airflow/example_dags/example_branch_datetime_operator.py
[2023-05-17T13:13:25.544+0000] {processor.py:799} INFO - Processing file /home/airflow/.local/lib/python3.7/site-packages/airflow/example_dags/example_branch_datetime_operator.py for tasks to queue
[2023-05-17T13:13:25.546+0000] {logging_mixin.py:149} INFO - [2023-05-17T13:13:25.546+0000] {dagbag.py:541} INFO - Filling up the DagBag from /home/airflow/.local/lib/python3.7/site-packages/airflow/example_dags/example_branch_datetime_operator.py
[2023-05-17T13:13:25.598+0000] {processor.py:809} INFO - DAG(s) dict_keys(['example_branch_datetime_operator', 'example_branch_datetime_operator_3', 'example_branch_datetime_operator_2']) retrieved from /home/airflow/.local/lib/python3.7/site-packages/airflow/example_dags/example_branch_datetime_operator.py
[2023-05-17T13:13:25.701+0000] {logging_mixin.py:149} INFO - [2023-05-17T13:13:25.701+0000] {dag.py:2726} INFO - Sync 3 DAGs
[2023-05-17T13:13:25.767+0000] {logging_mixin.py:149} INFO - [2023-05-17T13:13:25.766+0000] {dag.py:3490} INFO - Setting next_dagrun for example_branch_datetime_operator to 2023-05-16T00:00:00+00:00, run_after=2023-05-17T00:00:00+00:00
[2023-05-17T13:13:25.778+0000] {logging_mixin.py:149} INFO - [2023-05-17T13:13:25.778+0000] {dag.py:3490} INFO - Setting next_dagrun for example_branch_datetime_operator_2 to 2023-05-16T00:00:00+00:00, run_after=2023-05-17T00:00:00+00:00
[2023-05-17T13:13:25.785+0000] {logging_mixin.py:149} INFO - [2023-05-17T13:13:25.784+0000] {dag.py:3490} INFO - Setting next_dagrun for example_branch_datetime_operator_3 to 2023-05-16T00:00:00+00:00, run_after=2023-05-17T00:00:00+00:00
[2023-05-17T13:13:25.965+0000] {processor.py:178} INFO - Processing /home/airflow/.local/lib/python3.7/site-packages/airflow/example_dags/example_branch_datetime_operator.py took 0.431 seconds
[2023-05-17T13:13:56.534+0000] {processor.py:156} INFO - Started process (PID=685) to work on /home/airflow/.local/lib/python3.7/site-packages/airflow/example_dags/example_branch_datetime_operator.py
[2023-05-17T13:13:56.539+0000] {processor.py:799} INFO - Processing file /home/airflow/.local/lib/python3.7/site-packages/airflow/example_dags/example_branch_datetime_operator.py for tasks to queue
[2023-05-17T13:13:56.547+0000] {logging_mixin.py:149} INFO - [2023-05-17T13:13:56.543+0000] {dagbag.py:541} INFO - Filling up the DagBag from /home/airflow/.local/lib/python3.7/site-packages/airflow/example_dags/example_branch_datetime_operator.py
[2023-05-17T13:13:56.575+0000] {processor.py:809} INFO - DAG(s) dict_keys(['example_branch_datetime_operator', 'example_branch_datetime_operator_3', 'example_branch_datetime_operator_2']) retrieved from /home/airflow/.local/lib/python3.7/site-packages/airflow/example_dags/example_branch_datetime_operator.py
[2023-05-17T13:13:56.675+0000] {logging_mixin.py:149} INFO - [2023-05-17T13:13:56.675+0000] {dag.py:2726} INFO - Sync 3 DAGs
[2023-05-17T13:13:56.761+0000] {logging_mixin.py:149} INFO - [2023-05-17T13:13:56.761+0000] {dag.py:3490} INFO - Setting next_dagrun for example_branch_datetime_operator to 2023-05-16T00:00:00+00:00, run_after=2023-05-17T00:00:00+00:00
[2023-05-17T13:13:56.776+0000] {logging_mixin.py:149} INFO - [2023-05-17T13:13:56.775+0000] {dag.py:3490} INFO - Setting next_dagrun for example_branch_datetime_operator_2 to 2023-05-16T00:00:00+00:00, run_after=2023-05-17T00:00:00+00:00
[2023-05-17T13:13:56.783+0000] {logging_mixin.py:149} INFO - [2023-05-17T13:13:56.782+0000] {dag.py:3490} INFO - Setting next_dagrun for example_branch_datetime_operator_3 to 2023-05-16T00:00:00+00:00, run_after=2023-05-17T00:00:00+00:00
[2023-05-17T13:13:56.950+0000] {processor.py:178} INFO - Processing /home/airflow/.local/lib/python3.7/site-packages/airflow/example_dags/example_branch_datetime_operator.py took 0.427 seconds
[2023-05-17T13:15:02.671+0000] {processor.py:156} INFO - Started process (PID=744) to work on /home/airflow/.local/lib/python3.7/site-packages/airflow/example_dags/example_branch_datetime_operator.py
[2023-05-17T13:15:02.674+0000] {processor.py:799} INFO - Processing file /home/airflow/.local/lib/python3.7/site-packages/airflow/example_dags/example_branch_datetime_operator.py for tasks to queue
[2023-05-17T13:15:02.675+0000] {logging_mixin.py:149} INFO - [2023-05-17T13:15:02.675+0000] {dagbag.py:541} INFO - Filling up the DagBag from /home/airflow/.local/lib/python3.7/site-packages/airflow/example_dags/example_branch_datetime_operator.py
[2023-05-17T13:15:02.695+0000] {processor.py:809} INFO - DAG(s) dict_keys(['example_branch_datetime_operator_2', 'example_branch_datetime_operator', 'example_branch_datetime_operator_3']) retrieved from /home/airflow/.local/lib/python3.7/site-packages/airflow/example_dags/example_branch_datetime_operator.py
[2023-05-17T13:15:02.761+0000] {logging_mixin.py:149} INFO - [2023-05-17T13:15:02.760+0000] {dag.py:2726} INFO - Sync 3 DAGs
[2023-05-17T13:15:02.820+0000] {logging_mixin.py:149} INFO - [2023-05-17T13:15:02.820+0000] {dag.py:3490} INFO - Setting next_dagrun for example_branch_datetime_operator to 2023-05-16T00:00:00+00:00, run_after=2023-05-17T00:00:00+00:00
[2023-05-17T13:15:02.831+0000] {logging_mixin.py:149} INFO - [2023-05-17T13:15:02.830+0000] {dag.py:3490} INFO - Setting next_dagrun for example_branch_datetime_operator_2 to 2023-05-16T00:00:00+00:00, run_after=2023-05-17T00:00:00+00:00
[2023-05-17T13:15:02.837+0000] {logging_mixin.py:149} INFO - [2023-05-17T13:15:02.837+0000] {dag.py:3490} INFO - Setting next_dagrun for example_branch_datetime_operator_3 to 2023-05-16T00:00:00+00:00, run_after=2023-05-17T00:00:00+00:00
[2023-05-17T13:15:03.818+0000] {processor.py:178} INFO - Processing /home/airflow/.local/lib/python3.7/site-packages/airflow/example_dags/example_branch_datetime_operator.py took 1.153 seconds
[2023-05-17T13:15:34.663+0000] {processor.py:156} INFO - Started process (PID=801) to work on /home/airflow/.local/lib/python3.7/site-packages/airflow/example_dags/example_branch_datetime_operator.py
[2023-05-17T13:15:34.665+0000] {processor.py:799} INFO - Processing file /home/airflow/.local/lib/python3.7/site-packages/airflow/example_dags/example_branch_datetime_operator.py for tasks to queue
[2023-05-17T13:15:34.668+0000] {logging_mixin.py:149} INFO - [2023-05-17T13:15:34.667+0000] {dagbag.py:541} INFO - Filling up the DagBag from /home/airflow/.local/lib/python3.7/site-packages/airflow/example_dags/example_branch_datetime_operator.py
[2023-05-17T13:15:34.709+0000] {processor.py:809} INFO - DAG(s) dict_keys(['example_branch_datetime_operator', 'example_branch_datetime_operator_2', 'example_branch_datetime_operator_3']) retrieved from /home/airflow/.local/lib/python3.7/site-packages/airflow/example_dags/example_branch_datetime_operator.py
[2023-05-17T13:15:34.848+0000] {logging_mixin.py:149} INFO - [2023-05-17T13:15:34.848+0000] {dag.py:2726} INFO - Sync 3 DAGs
[2023-05-17T13:15:34.937+0000] {logging_mixin.py:149} INFO - [2023-05-17T13:15:34.937+0000] {dag.py:3490} INFO - Setting next_dagrun for example_branch_datetime_operator to 2023-05-16T00:00:00+00:00, run_after=2023-05-17T00:00:00+00:00
[2023-05-17T13:15:34.952+0000] {logging_mixin.py:149} INFO - [2023-05-17T13:15:34.951+0000] {dag.py:3490} INFO - Setting next_dagrun for example_branch_datetime_operator_2 to 2023-05-16T00:00:00+00:00, run_after=2023-05-17T00:00:00+00:00
[2023-05-17T13:15:34.963+0000] {logging_mixin.py:149} INFO - [2023-05-17T13:15:34.962+0000] {dag.py:3490} INFO - Setting next_dagrun for example_branch_datetime_operator_3 to 2023-05-16T00:00:00+00:00, run_after=2023-05-17T00:00:00+00:00
[2023-05-17T13:15:35.147+0000] {processor.py:178} INFO - Processing /home/airflow/.local/lib/python3.7/site-packages/airflow/example_dags/example_branch_datetime_operator.py took 0.495 seconds
[2023-05-17T13:16:05.289+0000] {processor.py:156} INFO - Started process (PID=859) to work on /home/airflow/.local/lib/python3.7/site-packages/airflow/example_dags/example_branch_datetime_operator.py
[2023-05-17T13:16:05.292+0000] {processor.py:799} INFO - Processing file /home/airflow/.local/lib/python3.7/site-packages/airflow/example_dags/example_branch_datetime_operator.py for tasks to queue
[2023-05-17T13:16:05.295+0000] {logging_mixin.py:149} INFO - [2023-05-17T13:16:05.294+0000] {dagbag.py:541} INFO - Filling up the DagBag from /home/airflow/.local/lib/python3.7/site-packages/airflow/example_dags/example_branch_datetime_operator.py
[2023-05-17T13:16:05.336+0000] {processor.py:809} INFO - DAG(s) dict_keys(['example_branch_datetime_operator_2', 'example_branch_datetime_operator', 'example_branch_datetime_operator_3']) retrieved from /home/airflow/.local/lib/python3.7/site-packages/airflow/example_dags/example_branch_datetime_operator.py
[2023-05-17T13:16:05.425+0000] {logging_mixin.py:149} INFO - [2023-05-17T13:16:05.425+0000] {dag.py:2726} INFO - Sync 3 DAGs
[2023-05-17T13:16:05.505+0000] {logging_mixin.py:149} INFO - [2023-05-17T13:16:05.505+0000] {dag.py:3490} INFO - Setting next_dagrun for example_branch_datetime_operator to 2023-05-16T00:00:00+00:00, run_after=2023-05-17T00:00:00+00:00
[2023-05-17T13:16:05.522+0000] {logging_mixin.py:149} INFO - [2023-05-17T13:16:05.522+0000] {dag.py:3490} INFO - Setting next_dagrun for example_branch_datetime_operator_2 to 2023-05-16T00:00:00+00:00, run_after=2023-05-17T00:00:00+00:00
[2023-05-17T13:16:05.529+0000] {logging_mixin.py:149} INFO - [2023-05-17T13:16:05.528+0000] {dag.py:3490} INFO - Setting next_dagrun for example_branch_datetime_operator_3 to 2023-05-16T00:00:00+00:00, run_after=2023-05-17T00:00:00+00:00
[2023-05-17T13:16:05.723+0000] {processor.py:178} INFO - Processing /home/airflow/.local/lib/python3.7/site-packages/airflow/example_dags/example_branch_datetime_operator.py took 0.448 seconds
[2023-05-17T13:16:40.087+0000] {processor.py:156} INFO - Started process (PID=917) to work on /home/airflow/.local/lib/python3.7/site-packages/airflow/example_dags/example_branch_datetime_operator.py
[2023-05-17T13:16:40.093+0000] {processor.py:799} INFO - Processing file /home/airflow/.local/lib/python3.7/site-packages/airflow/example_dags/example_branch_datetime_operator.py for tasks to queue
[2023-05-17T13:16:40.096+0000] {logging_mixin.py:149} INFO - [2023-05-17T13:16:40.095+0000] {dagbag.py:541} INFO - Filling up the DagBag from /home/airflow/.local/lib/python3.7/site-packages/airflow/example_dags/example_branch_datetime_operator.py
[2023-05-17T13:16:40.135+0000] {processor.py:809} INFO - DAG(s) dict_keys(['example_branch_datetime_operator', 'example_branch_datetime_operator_3', 'example_branch_datetime_operator_2']) retrieved from /home/airflow/.local/lib/python3.7/site-packages/airflow/example_dags/example_branch_datetime_operator.py
[2023-05-17T13:16:40.216+0000] {logging_mixin.py:149} INFO - [2023-05-17T13:16:40.216+0000] {dag.py:2726} INFO - Sync 3 DAGs
[2023-05-17T13:16:40.302+0000] {logging_mixin.py:149} INFO - [2023-05-17T13:16:40.302+0000] {dag.py:3490} INFO - Setting next_dagrun for example_branch_datetime_operator to 2023-05-16T00:00:00+00:00, run_after=2023-05-17T00:00:00+00:00
[2023-05-17T13:16:40.315+0000] {logging_mixin.py:149} INFO - [2023-05-17T13:16:40.315+0000] {dag.py:3490} INFO - Setting next_dagrun for example_branch_datetime_operator_2 to 2023-05-16T00:00:00+00:00, run_after=2023-05-17T00:00:00+00:00
[2023-05-17T13:16:40.326+0000] {logging_mixin.py:149} INFO - [2023-05-17T13:16:40.326+0000] {dag.py:3490} INFO - Setting next_dagrun for example_branch_datetime_operator_3 to 2023-05-16T00:00:00+00:00, run_after=2023-05-17T00:00:00+00:00
[2023-05-17T13:16:40.485+0000] {processor.py:178} INFO - Processing /home/airflow/.local/lib/python3.7/site-packages/airflow/example_dags/example_branch_datetime_operator.py took 0.404 seconds
[2023-05-17T13:17:14.669+0000] {processor.py:156} INFO - Started process (PID=970) to work on /home/airflow/.local/lib/python3.7/site-packages/airflow/example_dags/example_branch_datetime_operator.py
[2023-05-17T13:17:14.672+0000] {processor.py:799} INFO - Processing file /home/airflow/.local/lib/python3.7/site-packages/airflow/example_dags/example_branch_datetime_operator.py for tasks to queue
[2023-05-17T13:17:14.673+0000] {logging_mixin.py:149} INFO - [2023-05-17T13:17:14.673+0000] {dagbag.py:541} INFO - Filling up the DagBag from /home/airflow/.local/lib/python3.7/site-packages/airflow/example_dags/example_branch_datetime_operator.py
[2023-05-17T13:17:14.694+0000] {processor.py:809} INFO - DAG(s) dict_keys(['example_branch_datetime_operator_2', 'example_branch_datetime_operator_3', 'example_branch_datetime_operator']) retrieved from /home/airflow/.local/lib/python3.7/site-packages/airflow/example_dags/example_branch_datetime_operator.py
[2023-05-17T13:17:14.766+0000] {logging_mixin.py:149} INFO - [2023-05-17T13:17:14.766+0000] {dag.py:2726} INFO - Sync 3 DAGs
[2023-05-17T13:17:14.853+0000] {logging_mixin.py:149} INFO - [2023-05-17T13:17:14.852+0000] {dag.py:3490} INFO - Setting next_dagrun for example_branch_datetime_operator to 2023-05-16T00:00:00+00:00, run_after=2023-05-17T00:00:00+00:00
[2023-05-17T13:17:14.874+0000] {logging_mixin.py:149} INFO - [2023-05-17T13:17:14.874+0000] {dag.py:3490} INFO - Setting next_dagrun for example_branch_datetime_operator_2 to 2023-05-16T00:00:00+00:00, run_after=2023-05-17T00:00:00+00:00
[2023-05-17T13:17:14.907+0000] {logging_mixin.py:149} INFO - [2023-05-17T13:17:14.907+0000] {dag.py:3490} INFO - Setting next_dagrun for example_branch_datetime_operator_3 to 2023-05-16T00:00:00+00:00, run_after=2023-05-17T00:00:00+00:00
[2023-05-17T13:17:15.398+0000] {processor.py:178} INFO - Processing /home/airflow/.local/lib/python3.7/site-packages/airflow/example_dags/example_branch_datetime_operator.py took 0.737 seconds
[2023-05-17T13:17:54.207+0000] {processor.py:156} INFO - Started process (PID=1028) to work on /home/airflow/.local/lib/python3.7/site-packages/airflow/example_dags/example_branch_datetime_operator.py
[2023-05-17T13:17:54.209+0000] {processor.py:799} INFO - Processing file /home/airflow/.local/lib/python3.7/site-packages/airflow/example_dags/example_branch_datetime_operator.py for tasks to queue
[2023-05-17T13:17:54.221+0000] {logging_mixin.py:149} INFO - [2023-05-17T13:17:54.221+0000] {dagbag.py:541} INFO - Filling up the DagBag from /home/airflow/.local/lib/python3.7/site-packages/airflow/example_dags/example_branch_datetime_operator.py
[2023-05-17T13:17:54.259+0000] {processor.py:809} INFO - DAG(s) dict_keys(['example_branch_datetime_operator_2', 'example_branch_datetime_operator', 'example_branch_datetime_operator_3']) retrieved from /home/airflow/.local/lib/python3.7/site-packages/airflow/example_dags/example_branch_datetime_operator.py
[2023-05-17T13:17:54.360+0000] {logging_mixin.py:149} INFO - [2023-05-17T13:17:54.359+0000] {dag.py:2726} INFO - Sync 3 DAGs
[2023-05-17T13:17:54.438+0000] {logging_mixin.py:149} INFO - [2023-05-17T13:17:54.438+0000] {dag.py:3490} INFO - Setting next_dagrun for example_branch_datetime_operator to 2023-05-16T00:00:00+00:00, run_after=2023-05-17T00:00:00+00:00
[2023-05-17T13:17:54.452+0000] {logging_mixin.py:149} INFO - [2023-05-17T13:17:54.452+0000] {dag.py:3490} INFO - Setting next_dagrun for example_branch_datetime_operator_2 to 2023-05-16T00:00:00+00:00, run_after=2023-05-17T00:00:00+00:00
[2023-05-17T13:17:54.459+0000] {logging_mixin.py:149} INFO - [2023-05-17T13:17:54.458+0000] {dag.py:3490} INFO - Setting next_dagrun for example_branch_datetime_operator_3 to 2023-05-16T00:00:00+00:00, run_after=2023-05-17T00:00:00+00:00
[2023-05-17T13:17:55.052+0000] {processor.py:178} INFO - Processing /home/airflow/.local/lib/python3.7/site-packages/airflow/example_dags/example_branch_datetime_operator.py took 0.862 seconds
[2023-05-17T13:18:41.164+0000] {processor.py:156} INFO - Started process (PID=1084) to work on /home/airflow/.local/lib/python3.7/site-packages/airflow/example_dags/example_branch_datetime_operator.py
[2023-05-17T13:18:41.167+0000] {processor.py:799} INFO - Processing file /home/airflow/.local/lib/python3.7/site-packages/airflow/example_dags/example_branch_datetime_operator.py for tasks to queue
[2023-05-17T13:18:41.169+0000] {logging_mixin.py:149} INFO - [2023-05-17T13:18:41.169+0000] {dagbag.py:541} INFO - Filling up the DagBag from /home/airflow/.local/lib/python3.7/site-packages/airflow/example_dags/example_branch_datetime_operator.py
[2023-05-17T13:18:41.199+0000] {processor.py:809} INFO - DAG(s) dict_keys(['example_branch_datetime_operator', 'example_branch_datetime_operator_2', 'example_branch_datetime_operator_3']) retrieved from /home/airflow/.local/lib/python3.7/site-packages/airflow/example_dags/example_branch_datetime_operator.py
[2023-05-17T13:18:41.487+0000] {logging_mixin.py:149} INFO - [2023-05-17T13:18:41.486+0000] {dag.py:2726} INFO - Sync 3 DAGs
[2023-05-17T13:18:41.578+0000] {logging_mixin.py:149} INFO - [2023-05-17T13:18:41.577+0000] {dag.py:3490} INFO - Setting next_dagrun for example_branch_datetime_operator to 2023-05-16T00:00:00+00:00, run_after=2023-05-17T00:00:00+00:00
[2023-05-17T13:18:41.592+0000] {logging_mixin.py:149} INFO - [2023-05-17T13:18:41.591+0000] {dag.py:3490} INFO - Setting next_dagrun for example_branch_datetime_operator_2 to 2023-05-16T00:00:00+00:00, run_after=2023-05-17T00:00:00+00:00
[2023-05-17T13:18:41.601+0000] {logging_mixin.py:149} INFO - [2023-05-17T13:18:41.600+0000] {dag.py:3490} INFO - Setting next_dagrun for example_branch_datetime_operator_3 to 2023-05-16T00:00:00+00:00, run_after=2023-05-17T00:00:00+00:00
[2023-05-17T13:18:42.031+0000] {processor.py:178} INFO - Processing /home/airflow/.local/lib/python3.7/site-packages/airflow/example_dags/example_branch_datetime_operator.py took 0.875 seconds
[2023-05-17T13:19:12.381+0000] {processor.py:156} INFO - Started process (PID=1138) to work on /home/airflow/.local/lib/python3.7/site-packages/airflow/example_dags/example_branch_datetime_operator.py
[2023-05-17T13:19:12.384+0000] {processor.py:799} INFO - Processing file /home/airflow/.local/lib/python3.7/site-packages/airflow/example_dags/example_branch_datetime_operator.py for tasks to queue
[2023-05-17T13:19:12.387+0000] {logging_mixin.py:149} INFO - [2023-05-17T13:19:12.386+0000] {dagbag.py:541} INFO - Filling up the DagBag from /home/airflow/.local/lib/python3.7/site-packages/airflow/example_dags/example_branch_datetime_operator.py
[2023-05-17T13:19:12.414+0000] {processor.py:809} INFO - DAG(s) dict_keys(['example_branch_datetime_operator_3', 'example_branch_datetime_operator_2', 'example_branch_datetime_operator']) retrieved from /home/airflow/.local/lib/python3.7/site-packages/airflow/example_dags/example_branch_datetime_operator.py
[2023-05-17T13:19:12.484+0000] {logging_mixin.py:149} INFO - [2023-05-17T13:19:12.484+0000] {dag.py:2726} INFO - Sync 3 DAGs
[2023-05-17T13:19:12.543+0000] {logging_mixin.py:149} INFO - [2023-05-17T13:19:12.542+0000] {dag.py:3490} INFO - Setting next_dagrun for example_branch_datetime_operator to 2023-05-16T00:00:00+00:00, run_after=2023-05-17T00:00:00+00:00
[2023-05-17T13:19:12.556+0000] {logging_mixin.py:149} INFO - [2023-05-17T13:19:12.556+0000] {dag.py:3490} INFO - Setting next_dagrun for example_branch_datetime_operator_2 to 2023-05-16T00:00:00+00:00, run_after=2023-05-17T00:00:00+00:00
[2023-05-17T13:19:12.564+0000] {logging_mixin.py:149} INFO - [2023-05-17T13:19:12.563+0000] {dag.py:3490} INFO - Setting next_dagrun for example_branch_datetime_operator_3 to 2023-05-16T00:00:00+00:00, run_after=2023-05-17T00:00:00+00:00
[2023-05-17T13:19:12.974+0000] {processor.py:178} INFO - Processing /home/airflow/.local/lib/python3.7/site-packages/airflow/example_dags/example_branch_datetime_operator.py took 0.607 seconds
[2023-05-17T13:19:43.173+0000] {processor.py:156} INFO - Started process (PID=1197) to work on /home/airflow/.local/lib/python3.7/site-packages/airflow/example_dags/example_branch_datetime_operator.py
[2023-05-17T13:19:43.176+0000] {processor.py:799} INFO - Processing file /home/airflow/.local/lib/python3.7/site-packages/airflow/example_dags/example_branch_datetime_operator.py for tasks to queue
[2023-05-17T13:19:43.179+0000] {logging_mixin.py:149} INFO - [2023-05-17T13:19:43.178+0000] {dagbag.py:541} INFO - Filling up the DagBag from /home/airflow/.local/lib/python3.7/site-packages/airflow/example_dags/example_branch_datetime_operator.py
[2023-05-17T13:19:43.228+0000] {processor.py:809} INFO - DAG(s) dict_keys(['example_branch_datetime_operator_2', 'example_branch_datetime_operator', 'example_branch_datetime_operator_3']) retrieved from /home/airflow/.local/lib/python3.7/site-packages/airflow/example_dags/example_branch_datetime_operator.py
[2023-05-17T13:19:43.316+0000] {logging_mixin.py:149} INFO - [2023-05-17T13:19:43.316+0000] {dag.py:2726} INFO - Sync 3 DAGs
[2023-05-17T13:19:43.459+0000] {logging_mixin.py:149} INFO - [2023-05-17T13:19:43.458+0000] {dag.py:3490} INFO - Setting next_dagrun for example_branch_datetime_operator to 2023-05-16T00:00:00+00:00, run_after=2023-05-17T00:00:00+00:00
[2023-05-17T13:19:43.506+0000] {logging_mixin.py:149} INFO - [2023-05-17T13:19:43.506+0000] {dag.py:3490} INFO - Setting next_dagrun for example_branch_datetime_operator_2 to 2023-05-16T00:00:00+00:00, run_after=2023-05-17T00:00:00+00:00
[2023-05-17T13:19:43.534+0000] {logging_mixin.py:149} INFO - [2023-05-17T13:19:43.532+0000] {dag.py:3490} INFO - Setting next_dagrun for example_branch_datetime_operator_3 to 2023-05-16T00:00:00+00:00, run_after=2023-05-17T00:00:00+00:00
[2023-05-17T13:19:44.927+0000] {processor.py:178} INFO - Processing /home/airflow/.local/lib/python3.7/site-packages/airflow/example_dags/example_branch_datetime_operator.py took 1.764 seconds
[2023-05-17T13:20:15.254+0000] {processor.py:156} INFO - Started process (PID=1254) to work on /home/airflow/.local/lib/python3.7/site-packages/airflow/example_dags/example_branch_datetime_operator.py
[2023-05-17T13:20:15.256+0000] {processor.py:799} INFO - Processing file /home/airflow/.local/lib/python3.7/site-packages/airflow/example_dags/example_branch_datetime_operator.py for tasks to queue
[2023-05-17T13:20:15.259+0000] {logging_mixin.py:149} INFO - [2023-05-17T13:20:15.258+0000] {dagbag.py:541} INFO - Filling up the DagBag from /home/airflow/.local/lib/python3.7/site-packages/airflow/example_dags/example_branch_datetime_operator.py
[2023-05-17T13:20:15.288+0000] {processor.py:809} INFO - DAG(s) dict_keys(['example_branch_datetime_operator_3', 'example_branch_datetime_operator_2', 'example_branch_datetime_operator']) retrieved from /home/airflow/.local/lib/python3.7/site-packages/airflow/example_dags/example_branch_datetime_operator.py
[2023-05-17T13:20:15.424+0000] {logging_mixin.py:149} INFO - [2023-05-17T13:20:15.424+0000] {dag.py:2726} INFO - Sync 3 DAGs
[2023-05-17T13:20:15.542+0000] {logging_mixin.py:149} INFO - [2023-05-17T13:20:15.542+0000] {dag.py:3490} INFO - Setting next_dagrun for example_branch_datetime_operator to 2023-05-16T00:00:00+00:00, run_after=2023-05-17T00:00:00+00:00
[2023-05-17T13:20:15.559+0000] {logging_mixin.py:149} INFO - [2023-05-17T13:20:15.559+0000] {dag.py:3490} INFO - Setting next_dagrun for example_branch_datetime_operator_2 to 2023-05-16T00:00:00+00:00, run_after=2023-05-17T00:00:00+00:00
[2023-05-17T13:20:15.569+0000] {logging_mixin.py:149} INFO - [2023-05-17T13:20:15.568+0000] {dag.py:3490} INFO - Setting next_dagrun for example_branch_datetime_operator_3 to 2023-05-16T00:00:00+00:00, run_after=2023-05-17T00:00:00+00:00
[2023-05-17T13:20:15.769+0000] {processor.py:178} INFO - Processing /home/airflow/.local/lib/python3.7/site-packages/airflow/example_dags/example_branch_datetime_operator.py took 0.527 seconds
[2023-05-17T13:20:48.305+0000] {processor.py:156} INFO - Started process (PID=1313) to work on /home/airflow/.local/lib/python3.7/site-packages/airflow/example_dags/example_branch_datetime_operator.py
[2023-05-17T13:20:48.332+0000] {processor.py:799} INFO - Processing file /home/airflow/.local/lib/python3.7/site-packages/airflow/example_dags/example_branch_datetime_operator.py for tasks to queue
[2023-05-17T13:20:48.336+0000] {logging_mixin.py:149} INFO - [2023-05-17T13:20:48.335+0000] {dagbag.py:541} INFO - Filling up the DagBag from /home/airflow/.local/lib/python3.7/site-packages/airflow/example_dags/example_branch_datetime_operator.py
[2023-05-17T13:20:48.378+0000] {processor.py:809} INFO - DAG(s) dict_keys(['example_branch_datetime_operator_2', 'example_branch_datetime_operator', 'example_branch_datetime_operator_3']) retrieved from /home/airflow/.local/lib/python3.7/site-packages/airflow/example_dags/example_branch_datetime_operator.py
[2023-05-17T13:20:48.671+0000] {logging_mixin.py:149} INFO - [2023-05-17T13:20:48.670+0000] {dag.py:2726} INFO - Sync 3 DAGs
[2023-05-17T13:20:48.923+0000] {logging_mixin.py:149} INFO - [2023-05-17T13:20:48.923+0000] {dag.py:3490} INFO - Setting next_dagrun for example_branch_datetime_operator to 2023-05-16T00:00:00+00:00, run_after=2023-05-17T00:00:00+00:00
[2023-05-17T13:20:49.056+0000] {logging_mixin.py:149} INFO - [2023-05-17T13:20:49.055+0000] {dag.py:3490} INFO - Setting next_dagrun for example_branch_datetime_operator_2 to 2023-05-16T00:00:00+00:00, run_after=2023-05-17T00:00:00+00:00
[2023-05-17T13:20:49.071+0000] {logging_mixin.py:149} INFO - [2023-05-17T13:20:49.071+0000] {dag.py:3490} INFO - Setting next_dagrun for example_branch_datetime_operator_3 to 2023-05-16T00:00:00+00:00, run_after=2023-05-17T00:00:00+00:00
[2023-05-17T13:20:49.245+0000] {processor.py:178} INFO - Processing /home/airflow/.local/lib/python3.7/site-packages/airflow/example_dags/example_branch_datetime_operator.py took 0.950 seconds
[2023-05-17T13:21:19.465+0000] {processor.py:156} INFO - Started process (PID=1376) to work on /home/airflow/.local/lib/python3.7/site-packages/airflow/example_dags/example_branch_datetime_operator.py
[2023-05-17T13:21:19.471+0000] {processor.py:799} INFO - Processing file /home/airflow/.local/lib/python3.7/site-packages/airflow/example_dags/example_branch_datetime_operator.py for tasks to queue
[2023-05-17T13:21:19.474+0000] {logging_mixin.py:149} INFO - [2023-05-17T13:21:19.473+0000] {dagbag.py:541} INFO - Filling up the DagBag from /home/airflow/.local/lib/python3.7/site-packages/airflow/example_dags/example_branch_datetime_operator.py
[2023-05-17T13:21:19.523+0000] {processor.py:809} INFO - DAG(s) dict_keys(['example_branch_datetime_operator', 'example_branch_datetime_operator_2', 'example_branch_datetime_operator_3']) retrieved from /home/airflow/.local/lib/python3.7/site-packages/airflow/example_dags/example_branch_datetime_operator.py
[2023-05-17T13:21:19.851+0000] {logging_mixin.py:149} INFO - [2023-05-17T13:21:19.850+0000] {dag.py:2726} INFO - Sync 3 DAGs
[2023-05-17T13:21:19.987+0000] {logging_mixin.py:149} INFO - [2023-05-17T13:21:19.987+0000] {dag.py:3490} INFO - Setting next_dagrun for example_branch_datetime_operator to 2023-05-16T00:00:00+00:00, run_after=2023-05-17T00:00:00+00:00
[2023-05-17T13:21:20.040+0000] {logging_mixin.py:149} INFO - [2023-05-17T13:21:20.040+0000] {dag.py:3490} INFO - Setting next_dagrun for example_branch_datetime_operator_2 to 2023-05-16T00:00:00+00:00, run_after=2023-05-17T00:00:00+00:00
[2023-05-17T13:21:20.056+0000] {logging_mixin.py:149} INFO - [2023-05-17T13:21:20.051+0000] {dag.py:3490} INFO - Setting next_dagrun for example_branch_datetime_operator_3 to 2023-05-16T00:00:00+00:00, run_after=2023-05-17T00:00:00+00:00
[2023-05-17T13:21:20.638+0000] {processor.py:178} INFO - Processing /home/airflow/.local/lib/python3.7/site-packages/airflow/example_dags/example_branch_datetime_operator.py took 1.184 seconds
[2023-05-17T13:21:51.053+0000] {processor.py:156} INFO - Started process (PID=1428) to work on /home/airflow/.local/lib/python3.7/site-packages/airflow/example_dags/example_branch_datetime_operator.py
[2023-05-17T13:21:51.055+0000] {processor.py:799} INFO - Processing file /home/airflow/.local/lib/python3.7/site-packages/airflow/example_dags/example_branch_datetime_operator.py for tasks to queue
[2023-05-17T13:21:51.057+0000] {logging_mixin.py:149} INFO - [2023-05-17T13:21:51.057+0000] {dagbag.py:541} INFO - Filling up the DagBag from /home/airflow/.local/lib/python3.7/site-packages/airflow/example_dags/example_branch_datetime_operator.py
[2023-05-17T13:21:51.092+0000] {processor.py:809} INFO - DAG(s) dict_keys(['example_branch_datetime_operator_3', 'example_branch_datetime_operator_2', 'example_branch_datetime_operator']) retrieved from /home/airflow/.local/lib/python3.7/site-packages/airflow/example_dags/example_branch_datetime_operator.py
[2023-05-17T13:21:51.208+0000] {logging_mixin.py:149} INFO - [2023-05-17T13:21:51.208+0000] {dag.py:2726} INFO - Sync 3 DAGs
[2023-05-17T13:21:51.309+0000] {logging_mixin.py:149} INFO - [2023-05-17T13:21:51.309+0000] {dag.py:3490} INFO - Setting next_dagrun for example_branch_datetime_operator to 2023-05-16T00:00:00+00:00, run_after=2023-05-17T00:00:00+00:00
[2023-05-17T13:21:51.345+0000] {logging_mixin.py:149} INFO - [2023-05-17T13:21:51.345+0000] {dag.py:3490} INFO - Setting next_dagrun for example_branch_datetime_operator_2 to 2023-05-16T00:00:00+00:00, run_after=2023-05-17T00:00:00+00:00
[2023-05-17T13:21:51.376+0000] {logging_mixin.py:149} INFO - [2023-05-17T13:21:51.375+0000] {dag.py:3490} INFO - Setting next_dagrun for example_branch_datetime_operator_3 to 2023-05-16T00:00:00+00:00, run_after=2023-05-17T00:00:00+00:00
[2023-05-17T13:21:51.589+0000] {processor.py:178} INFO - Processing /home/airflow/.local/lib/python3.7/site-packages/airflow/example_dags/example_branch_datetime_operator.py took 0.554 seconds
[2023-05-17T13:22:51.541+0000] {processor.py:156} INFO - Started process (PID=1492) to work on /home/airflow/.local/lib/python3.7/site-packages/airflow/example_dags/example_branch_datetime_operator.py
[2023-05-17T13:22:51.543+0000] {processor.py:799} INFO - Processing file /home/airflow/.local/lib/python3.7/site-packages/airflow/example_dags/example_branch_datetime_operator.py for tasks to queue
[2023-05-17T13:22:51.546+0000] {logging_mixin.py:149} INFO - [2023-05-17T13:22:51.545+0000] {dagbag.py:541} INFO - Filling up the DagBag from /home/airflow/.local/lib/python3.7/site-packages/airflow/example_dags/example_branch_datetime_operator.py
[2023-05-17T13:22:51.567+0000] {processor.py:809} INFO - DAG(s) dict_keys(['example_branch_datetime_operator_2', 'example_branch_datetime_operator_3', 'example_branch_datetime_operator']) retrieved from /home/airflow/.local/lib/python3.7/site-packages/airflow/example_dags/example_branch_datetime_operator.py
[2023-05-17T13:22:51.639+0000] {logging_mixin.py:149} INFO - [2023-05-17T13:22:51.638+0000] {dag.py:2726} INFO - Sync 3 DAGs
[2023-05-17T13:22:51.706+0000] {logging_mixin.py:149} INFO - [2023-05-17T13:22:51.706+0000] {dag.py:3490} INFO - Setting next_dagrun for example_branch_datetime_operator to 2023-05-16T00:00:00+00:00, run_after=2023-05-17T00:00:00+00:00
[2023-05-17T13:22:51.721+0000] {logging_mixin.py:149} INFO - [2023-05-17T13:22:51.721+0000] {dag.py:3490} INFO - Setting next_dagrun for example_branch_datetime_operator_2 to 2023-05-16T00:00:00+00:00, run_after=2023-05-17T00:00:00+00:00
[2023-05-17T13:22:51.733+0000] {logging_mixin.py:149} INFO - [2023-05-17T13:22:51.732+0000] {dag.py:3490} INFO - Setting next_dagrun for example_branch_datetime_operator_3 to 2023-05-16T00:00:00+00:00, run_after=2023-05-17T00:00:00+00:00
[2023-05-17T13:22:52.068+0000] {processor.py:178} INFO - Processing /home/airflow/.local/lib/python3.7/site-packages/airflow/example_dags/example_branch_datetime_operator.py took 0.546 seconds
[2023-05-17T13:23:22.464+0000] {processor.py:156} INFO - Started process (PID=1549) to work on /home/airflow/.local/lib/python3.7/site-packages/airflow/example_dags/example_branch_datetime_operator.py
[2023-05-17T13:23:22.484+0000] {processor.py:799} INFO - Processing file /home/airflow/.local/lib/python3.7/site-packages/airflow/example_dags/example_branch_datetime_operator.py for tasks to queue
[2023-05-17T13:23:22.517+0000] {logging_mixin.py:149} INFO - [2023-05-17T13:23:22.516+0000] {dagbag.py:541} INFO - Filling up the DagBag from /home/airflow/.local/lib/python3.7/site-packages/airflow/example_dags/example_branch_datetime_operator.py
[2023-05-17T13:23:22.713+0000] {processor.py:809} INFO - DAG(s) dict_keys(['example_branch_datetime_operator', 'example_branch_datetime_operator_2', 'example_branch_datetime_operator_3']) retrieved from /home/airflow/.local/lib/python3.7/site-packages/airflow/example_dags/example_branch_datetime_operator.py
[2023-05-17T13:23:23.088+0000] {logging_mixin.py:149} INFO - [2023-05-17T13:23:23.087+0000] {dag.py:2726} INFO - Sync 3 DAGs
[2023-05-17T13:23:23.355+0000] {logging_mixin.py:149} INFO - [2023-05-17T13:23:23.342+0000] {dag.py:3490} INFO - Setting next_dagrun for example_branch_datetime_operator to 2023-05-16T00:00:00+00:00, run_after=2023-05-17T00:00:00+00:00
[2023-05-17T13:23:23.415+0000] {logging_mixin.py:149} INFO - [2023-05-17T13:23:23.415+0000] {dag.py:3490} INFO - Setting next_dagrun for example_branch_datetime_operator_2 to 2023-05-16T00:00:00+00:00, run_after=2023-05-17T00:00:00+00:00
[2023-05-17T13:23:23.433+0000] {logging_mixin.py:149} INFO - [2023-05-17T13:23:23.433+0000] {dag.py:3490} INFO - Setting next_dagrun for example_branch_datetime_operator_3 to 2023-05-16T00:00:00+00:00, run_after=2023-05-17T00:00:00+00:00
[2023-05-17T13:23:23.819+0000] {processor.py:178} INFO - Processing /home/airflow/.local/lib/python3.7/site-packages/airflow/example_dags/example_branch_datetime_operator.py took 1.381 seconds
[2023-05-17T13:23:54.223+0000] {processor.py:156} INFO - Started process (PID=1605) to work on /home/airflow/.local/lib/python3.7/site-packages/airflow/example_dags/example_branch_datetime_operator.py
[2023-05-17T13:23:54.225+0000] {processor.py:799} INFO - Processing file /home/airflow/.local/lib/python3.7/site-packages/airflow/example_dags/example_branch_datetime_operator.py for tasks to queue
[2023-05-17T13:23:54.227+0000] {logging_mixin.py:149} INFO - [2023-05-17T13:23:54.227+0000] {dagbag.py:541} INFO - Filling up the DagBag from /home/airflow/.local/lib/python3.7/site-packages/airflow/example_dags/example_branch_datetime_operator.py
[2023-05-17T13:23:54.254+0000] {processor.py:809} INFO - DAG(s) dict_keys(['example_branch_datetime_operator', 'example_branch_datetime_operator_2', 'example_branch_datetime_operator_3']) retrieved from /home/airflow/.local/lib/python3.7/site-packages/airflow/example_dags/example_branch_datetime_operator.py
[2023-05-17T13:23:54.326+0000] {logging_mixin.py:149} INFO - [2023-05-17T13:23:54.326+0000] {dag.py:2726} INFO - Sync 3 DAGs
[2023-05-17T13:23:54.393+0000] {logging_mixin.py:149} INFO - [2023-05-17T13:23:54.393+0000] {dag.py:3490} INFO - Setting next_dagrun for example_branch_datetime_operator to 2023-05-16T00:00:00+00:00, run_after=2023-05-17T00:00:00+00:00
[2023-05-17T13:23:54.409+0000] {logging_mixin.py:149} INFO - [2023-05-17T13:23:54.409+0000] {dag.py:3490} INFO - Setting next_dagrun for example_branch_datetime_operator_2 to 2023-05-16T00:00:00+00:00, run_after=2023-05-17T00:00:00+00:00
[2023-05-17T13:23:54.420+0000] {logging_mixin.py:149} INFO - [2023-05-17T13:23:54.418+0000] {dag.py:3490} INFO - Setting next_dagrun for example_branch_datetime_operator_3 to 2023-05-16T00:00:00+00:00, run_after=2023-05-17T00:00:00+00:00
[2023-05-17T13:23:54.673+0000] {processor.py:178} INFO - Processing /home/airflow/.local/lib/python3.7/site-packages/airflow/example_dags/example_branch_datetime_operator.py took 0.457 seconds
[2023-05-17T13:24:25.556+0000] {processor.py:156} INFO - Started process (PID=1664) to work on /home/airflow/.local/lib/python3.7/site-packages/airflow/example_dags/example_branch_datetime_operator.py
[2023-05-17T13:24:25.559+0000] {processor.py:799} INFO - Processing file /home/airflow/.local/lib/python3.7/site-packages/airflow/example_dags/example_branch_datetime_operator.py for tasks to queue
[2023-05-17T13:24:25.571+0000] {logging_mixin.py:149} INFO - [2023-05-17T13:24:25.570+0000] {dagbag.py:541} INFO - Filling up the DagBag from /home/airflow/.local/lib/python3.7/site-packages/airflow/example_dags/example_branch_datetime_operator.py
[2023-05-17T13:24:25.640+0000] {processor.py:809} INFO - DAG(s) dict_keys(['example_branch_datetime_operator_2', 'example_branch_datetime_operator', 'example_branch_datetime_operator_3']) retrieved from /home/airflow/.local/lib/python3.7/site-packages/airflow/example_dags/example_branch_datetime_operator.py
[2023-05-17T13:24:25.740+0000] {logging_mixin.py:149} INFO - [2023-05-17T13:24:25.740+0000] {dag.py:2726} INFO - Sync 3 DAGs
[2023-05-17T13:24:25.882+0000] {logging_mixin.py:149} INFO - [2023-05-17T13:24:25.882+0000] {dag.py:3490} INFO - Setting next_dagrun for example_branch_datetime_operator to 2023-05-16T00:00:00+00:00, run_after=2023-05-17T00:00:00+00:00
[2023-05-17T13:24:25.900+0000] {logging_mixin.py:149} INFO - [2023-05-17T13:24:25.897+0000] {dag.py:3490} INFO - Setting next_dagrun for example_branch_datetime_operator_2 to 2023-05-16T00:00:00+00:00, run_after=2023-05-17T00:00:00+00:00
[2023-05-17T13:24:25.920+0000] {logging_mixin.py:149} INFO - [2023-05-17T13:24:25.916+0000] {dag.py:3490} INFO - Setting next_dagrun for example_branch_datetime_operator_3 to 2023-05-16T00:00:00+00:00, run_after=2023-05-17T00:00:00+00:00
[2023-05-17T13:24:26.301+0000] {processor.py:178} INFO - Processing /home/airflow/.local/lib/python3.7/site-packages/airflow/example_dags/example_branch_datetime_operator.py took 0.759 seconds
[2023-05-17T13:24:58.261+0000] {processor.py:156} INFO - Started process (PID=1723) to work on /home/airflow/.local/lib/python3.7/site-packages/airflow/example_dags/example_branch_datetime_operator.py
[2023-05-17T13:24:58.263+0000] {processor.py:799} INFO - Processing file /home/airflow/.local/lib/python3.7/site-packages/airflow/example_dags/example_branch_datetime_operator.py for tasks to queue
[2023-05-17T13:24:58.267+0000] {logging_mixin.py:149} INFO - [2023-05-17T13:24:58.266+0000] {dagbag.py:541} INFO - Filling up the DagBag from /home/airflow/.local/lib/python3.7/site-packages/airflow/example_dags/example_branch_datetime_operator.py
[2023-05-17T13:24:58.313+0000] {processor.py:809} INFO - DAG(s) dict_keys(['example_branch_datetime_operator', 'example_branch_datetime_operator_2', 'example_branch_datetime_operator_3']) retrieved from /home/airflow/.local/lib/python3.7/site-packages/airflow/example_dags/example_branch_datetime_operator.py
[2023-05-17T13:24:58.400+0000] {logging_mixin.py:149} INFO - [2023-05-17T13:24:58.400+0000] {dag.py:2726} INFO - Sync 3 DAGs
[2023-05-17T13:24:58.504+0000] {logging_mixin.py:149} INFO - [2023-05-17T13:24:58.503+0000] {dag.py:3490} INFO - Setting next_dagrun for example_branch_datetime_operator to 2023-05-16T00:00:00+00:00, run_after=2023-05-17T00:00:00+00:00
[2023-05-17T13:24:58.520+0000] {logging_mixin.py:149} INFO - [2023-05-17T13:24:58.519+0000] {dag.py:3490} INFO - Setting next_dagrun for example_branch_datetime_operator_2 to 2023-05-16T00:00:00+00:00, run_after=2023-05-17T00:00:00+00:00
[2023-05-17T13:24:58.529+0000] {logging_mixin.py:149} INFO - [2023-05-17T13:24:58.528+0000] {dag.py:3490} INFO - Setting next_dagrun for example_branch_datetime_operator_3 to 2023-05-16T00:00:00+00:00, run_after=2023-05-17T00:00:00+00:00
[2023-05-17T13:24:58.649+0000] {processor.py:178} INFO - Processing /home/airflow/.local/lib/python3.7/site-packages/airflow/example_dags/example_branch_datetime_operator.py took 0.396 seconds
[2023-05-17T13:25:30.041+0000] {processor.py:156} INFO - Started process (PID=1781) to work on /home/airflow/.local/lib/python3.7/site-packages/airflow/example_dags/example_branch_datetime_operator.py
[2023-05-17T13:25:30.044+0000] {processor.py:799} INFO - Processing file /home/airflow/.local/lib/python3.7/site-packages/airflow/example_dags/example_branch_datetime_operator.py for tasks to queue
[2023-05-17T13:25:30.046+0000] {logging_mixin.py:149} INFO - [2023-05-17T13:25:30.046+0000] {dagbag.py:541} INFO - Filling up the DagBag from /home/airflow/.local/lib/python3.7/site-packages/airflow/example_dags/example_branch_datetime_operator.py
[2023-05-17T13:25:30.070+0000] {processor.py:809} INFO - DAG(s) dict_keys(['example_branch_datetime_operator_2', 'example_branch_datetime_operator_3', 'example_branch_datetime_operator']) retrieved from /home/airflow/.local/lib/python3.7/site-packages/airflow/example_dags/example_branch_datetime_operator.py
[2023-05-17T13:25:30.172+0000] {logging_mixin.py:149} INFO - [2023-05-17T13:25:30.172+0000] {dag.py:2726} INFO - Sync 3 DAGs
[2023-05-17T13:25:30.270+0000] {logging_mixin.py:149} INFO - [2023-05-17T13:25:30.269+0000] {dag.py:3490} INFO - Setting next_dagrun for example_branch_datetime_operator to 2023-05-16T00:00:00+00:00, run_after=2023-05-17T00:00:00+00:00
[2023-05-17T13:25:30.283+0000] {logging_mixin.py:149} INFO - [2023-05-17T13:25:30.283+0000] {dag.py:3490} INFO - Setting next_dagrun for example_branch_datetime_operator_2 to 2023-05-16T00:00:00+00:00, run_after=2023-05-17T00:00:00+00:00
[2023-05-17T13:25:30.294+0000] {logging_mixin.py:149} INFO - [2023-05-17T13:25:30.294+0000] {dag.py:3490} INFO - Setting next_dagrun for example_branch_datetime_operator_3 to 2023-05-16T00:00:00+00:00, run_after=2023-05-17T00:00:00+00:00
[2023-05-17T13:25:30.452+0000] {processor.py:178} INFO - Processing /home/airflow/.local/lib/python3.7/site-packages/airflow/example_dags/example_branch_datetime_operator.py took 0.420 seconds
[2023-05-17T13:26:00.621+0000] {processor.py:156} INFO - Started process (PID=1833) to work on /home/airflow/.local/lib/python3.7/site-packages/airflow/example_dags/example_branch_datetime_operator.py
[2023-05-17T13:26:00.624+0000] {processor.py:799} INFO - Processing file /home/airflow/.local/lib/python3.7/site-packages/airflow/example_dags/example_branch_datetime_operator.py for tasks to queue
[2023-05-17T13:26:00.627+0000] {logging_mixin.py:149} INFO - [2023-05-17T13:26:00.626+0000] {dagbag.py:541} INFO - Filling up the DagBag from /home/airflow/.local/lib/python3.7/site-packages/airflow/example_dags/example_branch_datetime_operator.py
[2023-05-17T13:26:00.662+0000] {processor.py:809} INFO - DAG(s) dict_keys(['example_branch_datetime_operator_2', 'example_branch_datetime_operator', 'example_branch_datetime_operator_3']) retrieved from /home/airflow/.local/lib/python3.7/site-packages/airflow/example_dags/example_branch_datetime_operator.py
[2023-05-17T13:26:00.743+0000] {logging_mixin.py:149} INFO - [2023-05-17T13:26:00.742+0000] {dag.py:2726} INFO - Sync 3 DAGs
[2023-05-17T13:26:00.818+0000] {logging_mixin.py:149} INFO - [2023-05-17T13:26:00.818+0000] {dag.py:3490} INFO - Setting next_dagrun for example_branch_datetime_operator to 2023-05-16T00:00:00+00:00, run_after=2023-05-17T00:00:00+00:00
[2023-05-17T13:26:00.834+0000] {logging_mixin.py:149} INFO - [2023-05-17T13:26:00.834+0000] {dag.py:3490} INFO - Setting next_dagrun for example_branch_datetime_operator_2 to 2023-05-16T00:00:00+00:00, run_after=2023-05-17T00:00:00+00:00
[2023-05-17T13:26:00.841+0000] {logging_mixin.py:149} INFO - [2023-05-17T13:26:00.841+0000] {dag.py:3490} INFO - Setting next_dagrun for example_branch_datetime_operator_3 to 2023-05-16T00:00:00+00:00, run_after=2023-05-17T00:00:00+00:00
[2023-05-17T13:26:01.039+0000] {processor.py:178} INFO - Processing /home/airflow/.local/lib/python3.7/site-packages/airflow/example_dags/example_branch_datetime_operator.py took 0.428 seconds
[2023-05-17T13:26:38.568+0000] {processor.py:156} INFO - Started process (PID=1892) to work on /home/airflow/.local/lib/python3.7/site-packages/airflow/example_dags/example_branch_datetime_operator.py
[2023-05-17T13:26:38.572+0000] {processor.py:799} INFO - Processing file /home/airflow/.local/lib/python3.7/site-packages/airflow/example_dags/example_branch_datetime_operator.py for tasks to queue
[2023-05-17T13:26:38.580+0000] {logging_mixin.py:149} INFO - [2023-05-17T13:26:38.579+0000] {dagbag.py:541} INFO - Filling up the DagBag from /home/airflow/.local/lib/python3.7/site-packages/airflow/example_dags/example_branch_datetime_operator.py
[2023-05-17T13:26:38.640+0000] {processor.py:809} INFO - DAG(s) dict_keys(['example_branch_datetime_operator', 'example_branch_datetime_operator_2', 'example_branch_datetime_operator_3']) retrieved from /home/airflow/.local/lib/python3.7/site-packages/airflow/example_dags/example_branch_datetime_operator.py
[2023-05-17T13:26:38.881+0000] {logging_mixin.py:149} INFO - [2023-05-17T13:26:38.880+0000] {dag.py:2726} INFO - Sync 3 DAGs
[2023-05-17T13:26:38.994+0000] {logging_mixin.py:149} INFO - [2023-05-17T13:26:38.994+0000] {dag.py:3490} INFO - Setting next_dagrun for example_branch_datetime_operator to 2023-05-16T00:00:00+00:00, run_after=2023-05-17T00:00:00+00:00
[2023-05-17T13:26:39.023+0000] {logging_mixin.py:149} INFO - [2023-05-17T13:26:39.023+0000] {dag.py:3490} INFO - Setting next_dagrun for example_branch_datetime_operator_2 to 2023-05-16T00:00:00+00:00, run_after=2023-05-17T00:00:00+00:00
[2023-05-17T13:26:39.030+0000] {logging_mixin.py:149} INFO - [2023-05-17T13:26:39.030+0000] {dag.py:3490} INFO - Setting next_dagrun for example_branch_datetime_operator_3 to 2023-05-16T00:00:00+00:00, run_after=2023-05-17T00:00:00+00:00
[2023-05-17T13:26:39.243+0000] {processor.py:178} INFO - Processing /home/airflow/.local/lib/python3.7/site-packages/airflow/example_dags/example_branch_datetime_operator.py took 0.700 seconds
[2023-05-17T13:32:07.662+0000] {processor.py:156} INFO - Started process (PID=62) to work on /home/airflow/.local/lib/python3.7/site-packages/airflow/example_dags/example_branch_datetime_operator.py
[2023-05-17T13:32:07.668+0000] {processor.py:799} INFO - Processing file /home/airflow/.local/lib/python3.7/site-packages/airflow/example_dags/example_branch_datetime_operator.py for tasks to queue
[2023-05-17T13:32:07.670+0000] {logging_mixin.py:149} INFO - [2023-05-17T13:32:07.670+0000] {dagbag.py:541} INFO - Filling up the DagBag from /home/airflow/.local/lib/python3.7/site-packages/airflow/example_dags/example_branch_datetime_operator.py
[2023-05-17T13:32:07.717+0000] {processor.py:809} INFO - DAG(s) dict_keys(['example_branch_datetime_operator', 'example_branch_datetime_operator_2', 'example_branch_datetime_operator_3']) retrieved from /home/airflow/.local/lib/python3.7/site-packages/airflow/example_dags/example_branch_datetime_operator.py
[2023-05-17T13:32:08.080+0000] {logging_mixin.py:149} INFO - [2023-05-17T13:32:08.079+0000] {dag.py:2726} INFO - Sync 3 DAGs
[2023-05-17T13:32:08.239+0000] {logging_mixin.py:149} INFO - [2023-05-17T13:32:08.238+0000] {dag.py:3490} INFO - Setting next_dagrun for example_branch_datetime_operator to 2023-05-16T00:00:00+00:00, run_after=2023-05-17T00:00:00+00:00
[2023-05-17T13:32:08.278+0000] {logging_mixin.py:149} INFO - [2023-05-17T13:32:08.278+0000] {dag.py:3490} INFO - Setting next_dagrun for example_branch_datetime_operator_2 to 2023-05-16T00:00:00+00:00, run_after=2023-05-17T00:00:00+00:00
[2023-05-17T13:32:08.289+0000] {logging_mixin.py:149} INFO - [2023-05-17T13:32:08.288+0000] {dag.py:3490} INFO - Setting next_dagrun for example_branch_datetime_operator_3 to 2023-05-16T00:00:00+00:00, run_after=2023-05-17T00:00:00+00:00
[2023-05-17T13:32:08.615+0000] {processor.py:178} INFO - Processing /home/airflow/.local/lib/python3.7/site-packages/airflow/example_dags/example_branch_datetime_operator.py took 0.959 seconds
[2023-05-17T13:33:37.873+0000] {processor.py:156} INFO - Started process (PID=124) to work on /home/airflow/.local/lib/python3.7/site-packages/airflow/example_dags/example_branch_datetime_operator.py
[2023-05-17T13:33:37.876+0000] {processor.py:799} INFO - Processing file /home/airflow/.local/lib/python3.7/site-packages/airflow/example_dags/example_branch_datetime_operator.py for tasks to queue
[2023-05-17T13:33:37.879+0000] {logging_mixin.py:149} INFO - [2023-05-17T13:33:37.878+0000] {dagbag.py:541} INFO - Filling up the DagBag from /home/airflow/.local/lib/python3.7/site-packages/airflow/example_dags/example_branch_datetime_operator.py
[2023-05-17T13:33:37.908+0000] {processor.py:809} INFO - DAG(s) dict_keys(['example_branch_datetime_operator_2', 'example_branch_datetime_operator', 'example_branch_datetime_operator_3']) retrieved from /home/airflow/.local/lib/python3.7/site-packages/airflow/example_dags/example_branch_datetime_operator.py
[2023-05-17T13:33:38.008+0000] {logging_mixin.py:149} INFO - [2023-05-17T13:33:38.008+0000] {dag.py:2726} INFO - Sync 3 DAGs
[2023-05-17T13:33:38.092+0000] {logging_mixin.py:149} INFO - [2023-05-17T13:33:38.092+0000] {dag.py:3490} INFO - Setting next_dagrun for example_branch_datetime_operator to 2023-05-16T00:00:00+00:00, run_after=2023-05-17T00:00:00+00:00
[2023-05-17T13:33:38.109+0000] {logging_mixin.py:149} INFO - [2023-05-17T13:33:38.108+0000] {dag.py:3490} INFO - Setting next_dagrun for example_branch_datetime_operator_2 to 2023-05-16T00:00:00+00:00, run_after=2023-05-17T00:00:00+00:00
[2023-05-17T13:33:38.121+0000] {logging_mixin.py:149} INFO - [2023-05-17T13:33:38.120+0000] {dag.py:3490} INFO - Setting next_dagrun for example_branch_datetime_operator_3 to 2023-05-16T00:00:00+00:00, run_after=2023-05-17T00:00:00+00:00
[2023-05-17T13:33:38.632+0000] {processor.py:178} INFO - Processing /home/airflow/.local/lib/python3.7/site-packages/airflow/example_dags/example_branch_datetime_operator.py took 0.766 seconds
[2023-05-17T13:34:26.889+0000] {processor.py:156} INFO - Started process (PID=170) to work on /home/airflow/.local/lib/python3.7/site-packages/airflow/example_dags/example_branch_datetime_operator.py
[2023-05-17T13:34:26.892+0000] {processor.py:799} INFO - Processing file /home/airflow/.local/lib/python3.7/site-packages/airflow/example_dags/example_branch_datetime_operator.py for tasks to queue
[2023-05-17T13:34:26.893+0000] {logging_mixin.py:149} INFO - [2023-05-17T13:34:26.893+0000] {dagbag.py:541} INFO - Filling up the DagBag from /home/airflow/.local/lib/python3.7/site-packages/airflow/example_dags/example_branch_datetime_operator.py
[2023-05-17T13:34:26.929+0000] {processor.py:809} INFO - DAG(s) dict_keys(['example_branch_datetime_operator_2', 'example_branch_datetime_operator_3', 'example_branch_datetime_operator']) retrieved from /home/airflow/.local/lib/python3.7/site-packages/airflow/example_dags/example_branch_datetime_operator.py
[2023-05-17T13:34:27.021+0000] {logging_mixin.py:149} INFO - [2023-05-17T13:34:27.021+0000] {dag.py:2726} INFO - Sync 3 DAGs
[2023-05-17T13:34:27.088+0000] {logging_mixin.py:149} INFO - [2023-05-17T13:34:27.088+0000] {dag.py:3490} INFO - Setting next_dagrun for example_branch_datetime_operator to 2023-05-16T00:00:00+00:00, run_after=2023-05-17T00:00:00+00:00
[2023-05-17T13:34:27.100+0000] {logging_mixin.py:149} INFO - [2023-05-17T13:34:27.099+0000] {dag.py:3490} INFO - Setting next_dagrun for example_branch_datetime_operator_2 to 2023-05-16T00:00:00+00:00, run_after=2023-05-17T00:00:00+00:00
[2023-05-17T13:34:27.110+0000] {logging_mixin.py:149} INFO - [2023-05-17T13:34:27.110+0000] {dag.py:3490} INFO - Setting next_dagrun for example_branch_datetime_operator_3 to 2023-05-16T00:00:00+00:00, run_after=2023-05-17T00:00:00+00:00
[2023-05-17T13:34:27.947+0000] {processor.py:178} INFO - Processing /home/airflow/.local/lib/python3.7/site-packages/airflow/example_dags/example_branch_datetime_operator.py took 1.067 seconds
[2023-05-17T13:36:39.130+0000] {processor.py:156} INFO - Started process (PID=228) to work on /home/airflow/.local/lib/python3.7/site-packages/airflow/example_dags/example_branch_datetime_operator.py
[2023-05-17T13:36:39.132+0000] {processor.py:799} INFO - Processing file /home/airflow/.local/lib/python3.7/site-packages/airflow/example_dags/example_branch_datetime_operator.py for tasks to queue
[2023-05-17T13:36:39.134+0000] {logging_mixin.py:149} INFO - [2023-05-17T13:36:39.133+0000] {dagbag.py:541} INFO - Filling up the DagBag from /home/airflow/.local/lib/python3.7/site-packages/airflow/example_dags/example_branch_datetime_operator.py
[2023-05-17T13:36:39.250+0000] {processor.py:809} INFO - DAG(s) dict_keys(['example_branch_datetime_operator', 'example_branch_datetime_operator_2', 'example_branch_datetime_operator_3']) retrieved from /home/airflow/.local/lib/python3.7/site-packages/airflow/example_dags/example_branch_datetime_operator.py
[2023-05-17T13:36:39.355+0000] {logging_mixin.py:149} INFO - [2023-05-17T13:36:39.355+0000] {dag.py:2726} INFO - Sync 3 DAGs
[2023-05-17T13:36:39.433+0000] {logging_mixin.py:149} INFO - [2023-05-17T13:36:39.432+0000] {dag.py:3490} INFO - Setting next_dagrun for example_branch_datetime_operator to 2023-05-16T00:00:00+00:00, run_after=2023-05-17T00:00:00+00:00
[2023-05-17T13:36:39.444+0000] {logging_mixin.py:149} INFO - [2023-05-17T13:36:39.444+0000] {dag.py:3490} INFO - Setting next_dagrun for example_branch_datetime_operator_2 to 2023-05-16T00:00:00+00:00, run_after=2023-05-17T00:00:00+00:00
[2023-05-17T13:36:39.453+0000] {logging_mixin.py:149} INFO - [2023-05-17T13:36:39.453+0000] {dag.py:3490} INFO - Setting next_dagrun for example_branch_datetime_operator_3 to 2023-05-16T00:00:00+00:00, run_after=2023-05-17T00:00:00+00:00
[2023-05-17T13:36:39.570+0000] {processor.py:178} INFO - Processing /home/airflow/.local/lib/python3.7/site-packages/airflow/example_dags/example_branch_datetime_operator.py took 0.448 seconds
[2023-05-17T13:37:19.930+0000] {processor.py:156} INFO - Started process (PID=285) to work on /home/airflow/.local/lib/python3.7/site-packages/airflow/example_dags/example_branch_datetime_operator.py
[2023-05-17T13:37:19.933+0000] {processor.py:799} INFO - Processing file /home/airflow/.local/lib/python3.7/site-packages/airflow/example_dags/example_branch_datetime_operator.py for tasks to queue
[2023-05-17T13:37:19.936+0000] {logging_mixin.py:149} INFO - [2023-05-17T13:37:19.936+0000] {dagbag.py:541} INFO - Filling up the DagBag from /home/airflow/.local/lib/python3.7/site-packages/airflow/example_dags/example_branch_datetime_operator.py
[2023-05-17T13:37:19.964+0000] {processor.py:809} INFO - DAG(s) dict_keys(['example_branch_datetime_operator', 'example_branch_datetime_operator_3', 'example_branch_datetime_operator_2']) retrieved from /home/airflow/.local/lib/python3.7/site-packages/airflow/example_dags/example_branch_datetime_operator.py
[2023-05-17T13:37:20.053+0000] {logging_mixin.py:149} INFO - [2023-05-17T13:37:20.053+0000] {dag.py:2726} INFO - Sync 3 DAGs
[2023-05-17T13:37:20.124+0000] {logging_mixin.py:149} INFO - [2023-05-17T13:37:20.124+0000] {dag.py:3490} INFO - Setting next_dagrun for example_branch_datetime_operator to 2023-05-16T00:00:00+00:00, run_after=2023-05-17T00:00:00+00:00
[2023-05-17T13:37:20.138+0000] {logging_mixin.py:149} INFO - [2023-05-17T13:37:20.138+0000] {dag.py:3490} INFO - Setting next_dagrun for example_branch_datetime_operator_2 to 2023-05-16T00:00:00+00:00, run_after=2023-05-17T00:00:00+00:00
[2023-05-17T13:37:20.145+0000] {logging_mixin.py:149} INFO - [2023-05-17T13:37:20.145+0000] {dag.py:3490} INFO - Setting next_dagrun for example_branch_datetime_operator_3 to 2023-05-16T00:00:00+00:00, run_after=2023-05-17T00:00:00+00:00
[2023-05-17T13:37:20.404+0000] {processor.py:178} INFO - Processing /home/airflow/.local/lib/python3.7/site-packages/airflow/example_dags/example_branch_datetime_operator.py took 0.489 seconds
[2023-05-17T13:37:50.878+0000] {processor.py:156} INFO - Started process (PID=339) to work on /home/airflow/.local/lib/python3.7/site-packages/airflow/example_dags/example_branch_datetime_operator.py
[2023-05-17T13:37:50.881+0000] {processor.py:799} INFO - Processing file /home/airflow/.local/lib/python3.7/site-packages/airflow/example_dags/example_branch_datetime_operator.py for tasks to queue
[2023-05-17T13:37:50.884+0000] {logging_mixin.py:149} INFO - [2023-05-17T13:37:50.884+0000] {dagbag.py:541} INFO - Filling up the DagBag from /home/airflow/.local/lib/python3.7/site-packages/airflow/example_dags/example_branch_datetime_operator.py
[2023-05-17T13:37:50.941+0000] {processor.py:809} INFO - DAG(s) dict_keys(['example_branch_datetime_operator_2', 'example_branch_datetime_operator', 'example_branch_datetime_operator_3']) retrieved from /home/airflow/.local/lib/python3.7/site-packages/airflow/example_dags/example_branch_datetime_operator.py
[2023-05-17T13:37:51.113+0000] {logging_mixin.py:149} INFO - [2023-05-17T13:37:51.112+0000] {dag.py:2726} INFO - Sync 3 DAGs
[2023-05-17T13:37:51.297+0000] {logging_mixin.py:149} INFO - [2023-05-17T13:37:51.296+0000] {dag.py:3490} INFO - Setting next_dagrun for example_branch_datetime_operator to 2023-05-16T00:00:00+00:00, run_after=2023-05-17T00:00:00+00:00
[2023-05-17T13:37:51.328+0000] {logging_mixin.py:149} INFO - [2023-05-17T13:37:51.327+0000] {dag.py:3490} INFO - Setting next_dagrun for example_branch_datetime_operator_2 to 2023-05-16T00:00:00+00:00, run_after=2023-05-17T00:00:00+00:00
[2023-05-17T13:37:51.341+0000] {logging_mixin.py:149} INFO - [2023-05-17T13:37:51.341+0000] {dag.py:3490} INFO - Setting next_dagrun for example_branch_datetime_operator_3 to 2023-05-16T00:00:00+00:00, run_after=2023-05-17T00:00:00+00:00
[2023-05-17T13:37:51.522+0000] {processor.py:178} INFO - Processing /home/airflow/.local/lib/python3.7/site-packages/airflow/example_dags/example_branch_datetime_operator.py took 0.659 seconds
[2023-05-17T13:38:21.961+0000] {processor.py:156} INFO - Started process (PID=397) to work on /home/airflow/.local/lib/python3.7/site-packages/airflow/example_dags/example_branch_datetime_operator.py
[2023-05-17T13:38:21.963+0000] {processor.py:799} INFO - Processing file /home/airflow/.local/lib/python3.7/site-packages/airflow/example_dags/example_branch_datetime_operator.py for tasks to queue
[2023-05-17T13:38:21.965+0000] {logging_mixin.py:149} INFO - [2023-05-17T13:38:21.965+0000] {dagbag.py:541} INFO - Filling up the DagBag from /home/airflow/.local/lib/python3.7/site-packages/airflow/example_dags/example_branch_datetime_operator.py
[2023-05-17T13:38:21.985+0000] {processor.py:809} INFO - DAG(s) dict_keys(['example_branch_datetime_operator_2', 'example_branch_datetime_operator', 'example_branch_datetime_operator_3']) retrieved from /home/airflow/.local/lib/python3.7/site-packages/airflow/example_dags/example_branch_datetime_operator.py
[2023-05-17T13:38:22.063+0000] {logging_mixin.py:149} INFO - [2023-05-17T13:38:22.063+0000] {dag.py:2726} INFO - Sync 3 DAGs
[2023-05-17T13:38:22.135+0000] {logging_mixin.py:149} INFO - [2023-05-17T13:38:22.134+0000] {dag.py:3490} INFO - Setting next_dagrun for example_branch_datetime_operator to 2023-05-16T00:00:00+00:00, run_after=2023-05-17T00:00:00+00:00
[2023-05-17T13:38:22.146+0000] {logging_mixin.py:149} INFO - [2023-05-17T13:38:22.146+0000] {dag.py:3490} INFO - Setting next_dagrun for example_branch_datetime_operator_2 to 2023-05-16T00:00:00+00:00, run_after=2023-05-17T00:00:00+00:00
[2023-05-17T13:38:22.152+0000] {logging_mixin.py:149} INFO - [2023-05-17T13:38:22.152+0000] {dag.py:3490} INFO - Setting next_dagrun for example_branch_datetime_operator_3 to 2023-05-16T00:00:00+00:00, run_after=2023-05-17T00:00:00+00:00
[2023-05-17T13:38:22.319+0000] {processor.py:178} INFO - Processing /home/airflow/.local/lib/python3.7/site-packages/airflow/example_dags/example_branch_datetime_operator.py took 0.364 seconds
[2023-05-17T13:38:53.057+0000] {processor.py:156} INFO - Started process (PID=455) to work on /home/airflow/.local/lib/python3.7/site-packages/airflow/example_dags/example_branch_datetime_operator.py
[2023-05-17T13:38:53.059+0000] {processor.py:799} INFO - Processing file /home/airflow/.local/lib/python3.7/site-packages/airflow/example_dags/example_branch_datetime_operator.py for tasks to queue
[2023-05-17T13:38:53.062+0000] {logging_mixin.py:149} INFO - [2023-05-17T13:38:53.061+0000] {dagbag.py:541} INFO - Filling up the DagBag from /home/airflow/.local/lib/python3.7/site-packages/airflow/example_dags/example_branch_datetime_operator.py
[2023-05-17T13:38:53.100+0000] {processor.py:809} INFO - DAG(s) dict_keys(['example_branch_datetime_operator_3', 'example_branch_datetime_operator', 'example_branch_datetime_operator_2']) retrieved from /home/airflow/.local/lib/python3.7/site-packages/airflow/example_dags/example_branch_datetime_operator.py
[2023-05-17T13:38:53.224+0000] {logging_mixin.py:149} INFO - [2023-05-17T13:38:53.224+0000] {dag.py:2726} INFO - Sync 3 DAGs
[2023-05-17T13:38:53.305+0000] {logging_mixin.py:149} INFO - [2023-05-17T13:38:53.304+0000] {dag.py:3490} INFO - Setting next_dagrun for example_branch_datetime_operator to 2023-05-16T00:00:00+00:00, run_after=2023-05-17T00:00:00+00:00
[2023-05-17T13:38:53.324+0000] {logging_mixin.py:149} INFO - [2023-05-17T13:38:53.324+0000] {dag.py:3490} INFO - Setting next_dagrun for example_branch_datetime_operator_2 to 2023-05-16T00:00:00+00:00, run_after=2023-05-17T00:00:00+00:00
[2023-05-17T13:38:53.332+0000] {logging_mixin.py:149} INFO - [2023-05-17T13:38:53.332+0000] {dag.py:3490} INFO - Setting next_dagrun for example_branch_datetime_operator_3 to 2023-05-16T00:00:00+00:00, run_after=2023-05-17T00:00:00+00:00
[2023-05-17T13:38:53.501+0000] {processor.py:178} INFO - Processing /home/airflow/.local/lib/python3.7/site-packages/airflow/example_dags/example_branch_datetime_operator.py took 0.457 seconds
[2023-05-17T13:39:23.965+0000] {processor.py:156} INFO - Started process (PID=515) to work on /home/airflow/.local/lib/python3.7/site-packages/airflow/example_dags/example_branch_datetime_operator.py
[2023-05-17T13:39:23.969+0000] {processor.py:799} INFO - Processing file /home/airflow/.local/lib/python3.7/site-packages/airflow/example_dags/example_branch_datetime_operator.py for tasks to queue
[2023-05-17T13:39:23.972+0000] {logging_mixin.py:149} INFO - [2023-05-17T13:39:23.972+0000] {dagbag.py:541} INFO - Filling up the DagBag from /home/airflow/.local/lib/python3.7/site-packages/airflow/example_dags/example_branch_datetime_operator.py
[2023-05-17T13:39:23.998+0000] {processor.py:809} INFO - DAG(s) dict_keys(['example_branch_datetime_operator_3', 'example_branch_datetime_operator_2', 'example_branch_datetime_operator']) retrieved from /home/airflow/.local/lib/python3.7/site-packages/airflow/example_dags/example_branch_datetime_operator.py
[2023-05-17T13:39:24.131+0000] {logging_mixin.py:149} INFO - [2023-05-17T13:39:24.130+0000] {dag.py:2726} INFO - Sync 3 DAGs
[2023-05-17T13:39:24.289+0000] {logging_mixin.py:149} INFO - [2023-05-17T13:39:24.289+0000] {dag.py:3490} INFO - Setting next_dagrun for example_branch_datetime_operator to 2023-05-16T00:00:00+00:00, run_after=2023-05-17T00:00:00+00:00
[2023-05-17T13:39:24.319+0000] {logging_mixin.py:149} INFO - [2023-05-17T13:39:24.319+0000] {dag.py:3490} INFO - Setting next_dagrun for example_branch_datetime_operator_2 to 2023-05-16T00:00:00+00:00, run_after=2023-05-17T00:00:00+00:00
[2023-05-17T13:39:24.332+0000] {logging_mixin.py:149} INFO - [2023-05-17T13:39:24.331+0000] {dag.py:3490} INFO - Setting next_dagrun for example_branch_datetime_operator_3 to 2023-05-16T00:00:00+00:00, run_after=2023-05-17T00:00:00+00:00
[2023-05-17T13:39:25.357+0000] {processor.py:178} INFO - Processing /home/airflow/.local/lib/python3.7/site-packages/airflow/example_dags/example_branch_datetime_operator.py took 1.399 seconds
[2023-05-17T13:39:55.591+0000] {processor.py:156} INFO - Started process (PID=574) to work on /home/airflow/.local/lib/python3.7/site-packages/airflow/example_dags/example_branch_datetime_operator.py
[2023-05-17T13:39:55.593+0000] {processor.py:799} INFO - Processing file /home/airflow/.local/lib/python3.7/site-packages/airflow/example_dags/example_branch_datetime_operator.py for tasks to queue
[2023-05-17T13:39:55.595+0000] {logging_mixin.py:149} INFO - [2023-05-17T13:39:55.595+0000] {dagbag.py:541} INFO - Filling up the DagBag from /home/airflow/.local/lib/python3.7/site-packages/airflow/example_dags/example_branch_datetime_operator.py
[2023-05-17T13:39:55.623+0000] {processor.py:809} INFO - DAG(s) dict_keys(['example_branch_datetime_operator_3', 'example_branch_datetime_operator', 'example_branch_datetime_operator_2']) retrieved from /home/airflow/.local/lib/python3.7/site-packages/airflow/example_dags/example_branch_datetime_operator.py
[2023-05-17T13:39:55.720+0000] {logging_mixin.py:149} INFO - [2023-05-17T13:39:55.720+0000] {dag.py:2726} INFO - Sync 3 DAGs
[2023-05-17T13:39:55.792+0000] {logging_mixin.py:149} INFO - [2023-05-17T13:39:55.792+0000] {dag.py:3490} INFO - Setting next_dagrun for example_branch_datetime_operator to 2023-05-16T00:00:00+00:00, run_after=2023-05-17T00:00:00+00:00
[2023-05-17T13:39:55.810+0000] {logging_mixin.py:149} INFO - [2023-05-17T13:39:55.808+0000] {dag.py:3490} INFO - Setting next_dagrun for example_branch_datetime_operator_2 to 2023-05-16T00:00:00+00:00, run_after=2023-05-17T00:00:00+00:00
[2023-05-17T13:39:55.819+0000] {logging_mixin.py:149} INFO - [2023-05-17T13:39:55.818+0000] {dag.py:3490} INFO - Setting next_dagrun for example_branch_datetime_operator_3 to 2023-05-16T00:00:00+00:00, run_after=2023-05-17T00:00:00+00:00
[2023-05-17T13:39:56.262+0000] {processor.py:178} INFO - Processing /home/airflow/.local/lib/python3.7/site-packages/airflow/example_dags/example_branch_datetime_operator.py took 0.680 seconds
