[2023-05-17T13:03:06.241+0000] {processor.py:156} INFO - Started process (PID=96) to work on /home/airflow/.local/lib/python3.7/site-packages/airflow/example_dags/example_time_delta_sensor_async.py
[2023-05-17T13:03:06.243+0000] {processor.py:799} INFO - Processing file /home/airflow/.local/lib/python3.7/site-packages/airflow/example_dags/example_time_delta_sensor_async.py for tasks to queue
[2023-05-17T13:03:06.245+0000] {logging_mixin.py:149} INFO - [2023-05-17T13:03:06.245+0000] {dagbag.py:541} INFO - Filling up the DagBag from /home/airflow/.local/lib/python3.7/site-packages/airflow/example_dags/example_time_delta_sensor_async.py
[2023-05-17T13:03:06.535+0000] {processor.py:809} INFO - DAG(s) dict_keys(['example_time_delta_sensor_async']) retrieved from /home/airflow/.local/lib/python3.7/site-packages/airflow/example_dags/example_time_delta_sensor_async.py
[2023-05-17T13:03:32.109+0000] {logging_mixin.py:149} INFO - [2023-05-17T13:03:32.109+0000] {manager.py:504} INFO - Created Permission View: can read on DAG:example_time_delta_sensor_async
[2023-05-17T13:03:32.386+0000] {logging_mixin.py:149} INFO - [2023-05-17T13:03:32.386+0000] {manager.py:504} INFO - Created Permission View: can edit on DAG:example_time_delta_sensor_async
[2023-05-17T13:03:32.619+0000] {logging_mixin.py:149} INFO - [2023-05-17T13:03:32.619+0000] {manager.py:504} INFO - Created Permission View: can delete on DAG:example_time_delta_sensor_async
[2023-05-17T13:03:32.627+0000] {logging_mixin.py:149} INFO - [2023-05-17T13:03:32.626+0000] {dag.py:2726} INFO - Sync 1 DAGs
[2023-05-17T13:03:32.684+0000] {logging_mixin.py:149} INFO - [2023-05-17T13:03:32.683+0000] {dag.py:2747} INFO - Creating ORM DAG for example_time_delta_sensor_async
[2023-05-17T13:03:32.725+0000] {logging_mixin.py:149} INFO - [2023-05-17T13:03:32.723+0000] {dag.py:3490} INFO - Setting next_dagrun for example_time_delta_sensor_async to None, run_after=None
[2023-05-17T13:03:33.189+0000] {processor.py:178} INFO - Processing /home/airflow/.local/lib/python3.7/site-packages/airflow/example_dags/example_time_delta_sensor_async.py took 26.955 seconds
[2023-05-17T13:08:37.500+0000] {processor.py:156} INFO - Started process (PID=198) to work on /home/airflow/.local/lib/python3.7/site-packages/airflow/example_dags/example_time_delta_sensor_async.py
[2023-05-17T13:08:37.502+0000] {processor.py:799} INFO - Processing file /home/airflow/.local/lib/python3.7/site-packages/airflow/example_dags/example_time_delta_sensor_async.py for tasks to queue
[2023-05-17T13:08:37.504+0000] {logging_mixin.py:149} INFO - [2023-05-17T13:08:37.503+0000] {dagbag.py:541} INFO - Filling up the DagBag from /home/airflow/.local/lib/python3.7/site-packages/airflow/example_dags/example_time_delta_sensor_async.py
[2023-05-17T13:08:37.513+0000] {processor.py:809} INFO - DAG(s) dict_keys(['example_time_delta_sensor_async']) retrieved from /home/airflow/.local/lib/python3.7/site-packages/airflow/example_dags/example_time_delta_sensor_async.py
[2023-05-17T13:08:37.575+0000] {logging_mixin.py:149} INFO - [2023-05-17T13:08:37.574+0000] {dag.py:2726} INFO - Sync 1 DAGs
[2023-05-17T13:08:37.704+0000] {logging_mixin.py:149} INFO - [2023-05-17T13:08:37.704+0000] {dag.py:3490} INFO - Setting next_dagrun for example_time_delta_sensor_async to None, run_after=None
[2023-05-17T13:08:37.869+0000] {processor.py:178} INFO - Processing /home/airflow/.local/lib/python3.7/site-packages/airflow/example_dags/example_time_delta_sensor_async.py took 0.380 seconds
[2023-05-17T13:09:18.392+0000] {processor.py:156} INFO - Started process (PID=246) to work on /home/airflow/.local/lib/python3.7/site-packages/airflow/example_dags/example_time_delta_sensor_async.py
[2023-05-17T13:09:18.394+0000] {processor.py:799} INFO - Processing file /home/airflow/.local/lib/python3.7/site-packages/airflow/example_dags/example_time_delta_sensor_async.py for tasks to queue
[2023-05-17T13:09:18.396+0000] {logging_mixin.py:149} INFO - [2023-05-17T13:09:18.396+0000] {dagbag.py:541} INFO - Filling up the DagBag from /home/airflow/.local/lib/python3.7/site-packages/airflow/example_dags/example_time_delta_sensor_async.py
[2023-05-17T13:09:18.404+0000] {processor.py:809} INFO - DAG(s) dict_keys(['example_time_delta_sensor_async']) retrieved from /home/airflow/.local/lib/python3.7/site-packages/airflow/example_dags/example_time_delta_sensor_async.py
[2023-05-17T13:09:18.470+0000] {logging_mixin.py:149} INFO - [2023-05-17T13:09:18.469+0000] {dag.py:2726} INFO - Sync 1 DAGs
[2023-05-17T13:09:18.566+0000] {logging_mixin.py:149} INFO - [2023-05-17T13:09:18.565+0000] {dag.py:3490} INFO - Setting next_dagrun for example_time_delta_sensor_async to None, run_after=None
[2023-05-17T13:09:18.739+0000] {processor.py:178} INFO - Processing /home/airflow/.local/lib/python3.7/site-packages/airflow/example_dags/example_time_delta_sensor_async.py took 0.355 seconds
[2023-05-17T13:09:49.836+0000] {processor.py:156} INFO - Started process (PID=303) to work on /home/airflow/.local/lib/python3.7/site-packages/airflow/example_dags/example_time_delta_sensor_async.py
[2023-05-17T13:09:49.839+0000] {processor.py:799} INFO - Processing file /home/airflow/.local/lib/python3.7/site-packages/airflow/example_dags/example_time_delta_sensor_async.py for tasks to queue
[2023-05-17T13:09:49.843+0000] {logging_mixin.py:149} INFO - [2023-05-17T13:09:49.842+0000] {dagbag.py:541} INFO - Filling up the DagBag from /home/airflow/.local/lib/python3.7/site-packages/airflow/example_dags/example_time_delta_sensor_async.py
[2023-05-17T13:09:49.852+0000] {processor.py:809} INFO - DAG(s) dict_keys(['example_time_delta_sensor_async']) retrieved from /home/airflow/.local/lib/python3.7/site-packages/airflow/example_dags/example_time_delta_sensor_async.py
[2023-05-17T13:09:49.931+0000] {logging_mixin.py:149} INFO - [2023-05-17T13:09:49.931+0000] {dag.py:2726} INFO - Sync 1 DAGs
[2023-05-17T13:09:49.998+0000] {logging_mixin.py:149} INFO - [2023-05-17T13:09:49.997+0000] {dag.py:3490} INFO - Setting next_dagrun for example_time_delta_sensor_async to None, run_after=None
[2023-05-17T13:09:50.853+0000] {processor.py:178} INFO - Processing /home/airflow/.local/lib/python3.7/site-packages/airflow/example_dags/example_time_delta_sensor_async.py took 1.023 seconds
[2023-05-17T13:10:23.458+0000] {processor.py:156} INFO - Started process (PID=354) to work on /home/airflow/.local/lib/python3.7/site-packages/airflow/example_dags/example_time_delta_sensor_async.py
[2023-05-17T13:10:23.461+0000] {processor.py:799} INFO - Processing file /home/airflow/.local/lib/python3.7/site-packages/airflow/example_dags/example_time_delta_sensor_async.py for tasks to queue
[2023-05-17T13:10:23.464+0000] {logging_mixin.py:149} INFO - [2023-05-17T13:10:23.464+0000] {dagbag.py:541} INFO - Filling up the DagBag from /home/airflow/.local/lib/python3.7/site-packages/airflow/example_dags/example_time_delta_sensor_async.py
[2023-05-17T13:10:23.472+0000] {processor.py:809} INFO - DAG(s) dict_keys(['example_time_delta_sensor_async']) retrieved from /home/airflow/.local/lib/python3.7/site-packages/airflow/example_dags/example_time_delta_sensor_async.py
[2023-05-17T13:10:23.590+0000] {logging_mixin.py:149} INFO - [2023-05-17T13:10:23.590+0000] {dag.py:2726} INFO - Sync 1 DAGs
[2023-05-17T13:10:23.683+0000] {logging_mixin.py:149} INFO - [2023-05-17T13:10:23.682+0000] {dag.py:3490} INFO - Setting next_dagrun for example_time_delta_sensor_async to None, run_after=None
[2023-05-17T13:10:23.805+0000] {processor.py:178} INFO - Processing /home/airflow/.local/lib/python3.7/site-packages/airflow/example_dags/example_time_delta_sensor_async.py took 0.353 seconds
[2023-05-17T13:10:57.626+0000] {processor.py:156} INFO - Started process (PID=404) to work on /home/airflow/.local/lib/python3.7/site-packages/airflow/example_dags/example_time_delta_sensor_async.py
[2023-05-17T13:10:57.629+0000] {processor.py:799} INFO - Processing file /home/airflow/.local/lib/python3.7/site-packages/airflow/example_dags/example_time_delta_sensor_async.py for tasks to queue
[2023-05-17T13:10:57.631+0000] {logging_mixin.py:149} INFO - [2023-05-17T13:10:57.631+0000] {dagbag.py:541} INFO - Filling up the DagBag from /home/airflow/.local/lib/python3.7/site-packages/airflow/example_dags/example_time_delta_sensor_async.py
[2023-05-17T13:10:57.644+0000] {processor.py:809} INFO - DAG(s) dict_keys(['example_time_delta_sensor_async']) retrieved from /home/airflow/.local/lib/python3.7/site-packages/airflow/example_dags/example_time_delta_sensor_async.py
[2023-05-17T13:10:57.749+0000] {logging_mixin.py:149} INFO - [2023-05-17T13:10:57.748+0000] {dag.py:2726} INFO - Sync 1 DAGs
[2023-05-17T13:10:57.845+0000] {logging_mixin.py:149} INFO - [2023-05-17T13:10:57.845+0000] {dag.py:3490} INFO - Setting next_dagrun for example_time_delta_sensor_async to None, run_after=None
[2023-05-17T13:10:58.565+0000] {processor.py:178} INFO - Processing /home/airflow/.local/lib/python3.7/site-packages/airflow/example_dags/example_time_delta_sensor_async.py took 0.949 seconds
[2023-05-17T13:11:28.931+0000] {processor.py:156} INFO - Started process (PID=457) to work on /home/airflow/.local/lib/python3.7/site-packages/airflow/example_dags/example_time_delta_sensor_async.py
[2023-05-17T13:11:28.933+0000] {processor.py:799} INFO - Processing file /home/airflow/.local/lib/python3.7/site-packages/airflow/example_dags/example_time_delta_sensor_async.py for tasks to queue
[2023-05-17T13:11:28.936+0000] {logging_mixin.py:149} INFO - [2023-05-17T13:11:28.935+0000] {dagbag.py:541} INFO - Filling up the DagBag from /home/airflow/.local/lib/python3.7/site-packages/airflow/example_dags/example_time_delta_sensor_async.py
[2023-05-17T13:11:28.945+0000] {processor.py:809} INFO - DAG(s) dict_keys(['example_time_delta_sensor_async']) retrieved from /home/airflow/.local/lib/python3.7/site-packages/airflow/example_dags/example_time_delta_sensor_async.py
[2023-05-17T13:11:29.004+0000] {logging_mixin.py:149} INFO - [2023-05-17T13:11:29.004+0000] {dag.py:2726} INFO - Sync 1 DAGs
[2023-05-17T13:11:29.070+0000] {logging_mixin.py:149} INFO - [2023-05-17T13:11:29.070+0000] {dag.py:3490} INFO - Setting next_dagrun for example_time_delta_sensor_async to None, run_after=None
[2023-05-17T13:11:29.772+0000] {processor.py:178} INFO - Processing /home/airflow/.local/lib/python3.7/site-packages/airflow/example_dags/example_time_delta_sensor_async.py took 0.848 seconds
[2023-05-17T13:12:00.373+0000] {processor.py:156} INFO - Started process (PID=515) to work on /home/airflow/.local/lib/python3.7/site-packages/airflow/example_dags/example_time_delta_sensor_async.py
[2023-05-17T13:12:00.385+0000] {processor.py:799} INFO - Processing file /home/airflow/.local/lib/python3.7/site-packages/airflow/example_dags/example_time_delta_sensor_async.py for tasks to queue
[2023-05-17T13:12:00.390+0000] {logging_mixin.py:149} INFO - [2023-05-17T13:12:00.389+0000] {dagbag.py:541} INFO - Filling up the DagBag from /home/airflow/.local/lib/python3.7/site-packages/airflow/example_dags/example_time_delta_sensor_async.py
[2023-05-17T13:12:00.424+0000] {processor.py:809} INFO - DAG(s) dict_keys(['example_time_delta_sensor_async']) retrieved from /home/airflow/.local/lib/python3.7/site-packages/airflow/example_dags/example_time_delta_sensor_async.py
[2023-05-17T13:12:00.601+0000] {logging_mixin.py:149} INFO - [2023-05-17T13:12:00.600+0000] {dag.py:2726} INFO - Sync 1 DAGs
[2023-05-17T13:12:00.891+0000] {logging_mixin.py:149} INFO - [2023-05-17T13:12:00.890+0000] {dag.py:3490} INFO - Setting next_dagrun for example_time_delta_sensor_async to None, run_after=None
[2023-05-17T13:12:01.124+0000] {processor.py:178} INFO - Processing /home/airflow/.local/lib/python3.7/site-packages/airflow/example_dags/example_time_delta_sensor_async.py took 0.765 seconds
[2023-05-17T13:12:31.231+0000] {processor.py:156} INFO - Started process (PID=573) to work on /home/airflow/.local/lib/python3.7/site-packages/airflow/example_dags/example_time_delta_sensor_async.py
[2023-05-17T13:12:31.233+0000] {processor.py:799} INFO - Processing file /home/airflow/.local/lib/python3.7/site-packages/airflow/example_dags/example_time_delta_sensor_async.py for tasks to queue
[2023-05-17T13:12:31.235+0000] {logging_mixin.py:149} INFO - [2023-05-17T13:12:31.234+0000] {dagbag.py:541} INFO - Filling up the DagBag from /home/airflow/.local/lib/python3.7/site-packages/airflow/example_dags/example_time_delta_sensor_async.py
[2023-05-17T13:12:31.247+0000] {processor.py:809} INFO - DAG(s) dict_keys(['example_time_delta_sensor_async']) retrieved from /home/airflow/.local/lib/python3.7/site-packages/airflow/example_dags/example_time_delta_sensor_async.py
[2023-05-17T13:12:31.315+0000] {logging_mixin.py:149} INFO - [2023-05-17T13:12:31.315+0000] {dag.py:2726} INFO - Sync 1 DAGs
[2023-05-17T13:12:31.437+0000] {logging_mixin.py:149} INFO - [2023-05-17T13:12:31.437+0000] {dag.py:3490} INFO - Setting next_dagrun for example_time_delta_sensor_async to None, run_after=None
[2023-05-17T13:12:31.614+0000] {processor.py:178} INFO - Processing /home/airflow/.local/lib/python3.7/site-packages/airflow/example_dags/example_time_delta_sensor_async.py took 0.395 seconds
[2023-05-17T13:13:21.642+0000] {processor.py:156} INFO - Started process (PID=623) to work on /home/airflow/.local/lib/python3.7/site-packages/airflow/example_dags/example_time_delta_sensor_async.py
[2023-05-17T13:13:21.648+0000] {processor.py:799} INFO - Processing file /home/airflow/.local/lib/python3.7/site-packages/airflow/example_dags/example_time_delta_sensor_async.py for tasks to queue
[2023-05-17T13:13:21.651+0000] {logging_mixin.py:149} INFO - [2023-05-17T13:13:21.650+0000] {dagbag.py:541} INFO - Filling up the DagBag from /home/airflow/.local/lib/python3.7/site-packages/airflow/example_dags/example_time_delta_sensor_async.py
[2023-05-17T13:13:21.665+0000] {processor.py:809} INFO - DAG(s) dict_keys(['example_time_delta_sensor_async']) retrieved from /home/airflow/.local/lib/python3.7/site-packages/airflow/example_dags/example_time_delta_sensor_async.py
[2023-05-17T13:13:21.851+0000] {logging_mixin.py:149} INFO - [2023-05-17T13:13:21.851+0000] {dag.py:2726} INFO - Sync 1 DAGs
[2023-05-17T13:13:21.970+0000] {logging_mixin.py:149} INFO - [2023-05-17T13:13:21.970+0000] {dag.py:3490} INFO - Setting next_dagrun for example_time_delta_sensor_async to None, run_after=None
[2023-05-17T13:13:22.175+0000] {processor.py:178} INFO - Processing /home/airflow/.local/lib/python3.7/site-packages/airflow/example_dags/example_time_delta_sensor_async.py took 0.542 seconds
[2023-05-17T13:13:52.477+0000] {processor.py:156} INFO - Started process (PID=678) to work on /home/airflow/.local/lib/python3.7/site-packages/airflow/example_dags/example_time_delta_sensor_async.py
[2023-05-17T13:13:52.479+0000] {processor.py:799} INFO - Processing file /home/airflow/.local/lib/python3.7/site-packages/airflow/example_dags/example_time_delta_sensor_async.py for tasks to queue
[2023-05-17T13:13:52.482+0000] {logging_mixin.py:149} INFO - [2023-05-17T13:13:52.482+0000] {dagbag.py:541} INFO - Filling up the DagBag from /home/airflow/.local/lib/python3.7/site-packages/airflow/example_dags/example_time_delta_sensor_async.py
[2023-05-17T13:13:52.495+0000] {processor.py:809} INFO - DAG(s) dict_keys(['example_time_delta_sensor_async']) retrieved from /home/airflow/.local/lib/python3.7/site-packages/airflow/example_dags/example_time_delta_sensor_async.py
[2023-05-17T13:13:52.584+0000] {logging_mixin.py:149} INFO - [2023-05-17T13:13:52.584+0000] {dag.py:2726} INFO - Sync 1 DAGs
[2023-05-17T13:13:52.641+0000] {logging_mixin.py:149} INFO - [2023-05-17T13:13:52.641+0000] {dag.py:3490} INFO - Setting next_dagrun for example_time_delta_sensor_async to None, run_after=None
[2023-05-17T13:13:53.316+0000] {processor.py:178} INFO - Processing /home/airflow/.local/lib/python3.7/site-packages/airflow/example_dags/example_time_delta_sensor_async.py took 0.851 seconds
[2023-05-17T13:14:52.005+0000] {processor.py:156} INFO - Started process (PID=736) to work on /home/airflow/.local/lib/python3.7/site-packages/airflow/example_dags/example_time_delta_sensor_async.py
[2023-05-17T13:14:52.019+0000] {processor.py:799} INFO - Processing file /home/airflow/.local/lib/python3.7/site-packages/airflow/example_dags/example_time_delta_sensor_async.py for tasks to queue
[2023-05-17T13:14:52.024+0000] {logging_mixin.py:149} INFO - [2023-05-17T13:14:52.023+0000] {dagbag.py:541} INFO - Filling up the DagBag from /home/airflow/.local/lib/python3.7/site-packages/airflow/example_dags/example_time_delta_sensor_async.py
[2023-05-17T13:14:52.043+0000] {processor.py:809} INFO - DAG(s) dict_keys(['example_time_delta_sensor_async']) retrieved from /home/airflow/.local/lib/python3.7/site-packages/airflow/example_dags/example_time_delta_sensor_async.py
[2023-05-17T13:14:52.156+0000] {logging_mixin.py:149} INFO - [2023-05-17T13:14:52.156+0000] {dag.py:2726} INFO - Sync 1 DAGs
[2023-05-17T13:14:52.221+0000] {logging_mixin.py:149} INFO - [2023-05-17T13:14:52.220+0000] {dag.py:3490} INFO - Setting next_dagrun for example_time_delta_sensor_async to None, run_after=None
[2023-05-17T13:14:55.933+0000] {processor.py:178} INFO - Processing /home/airflow/.local/lib/python3.7/site-packages/airflow/example_dags/example_time_delta_sensor_async.py took 4.332 seconds
[2023-05-17T13:15:26.444+0000] {processor.py:156} INFO - Started process (PID=794) to work on /home/airflow/.local/lib/python3.7/site-packages/airflow/example_dags/example_time_delta_sensor_async.py
[2023-05-17T13:15:26.448+0000] {processor.py:799} INFO - Processing file /home/airflow/.local/lib/python3.7/site-packages/airflow/example_dags/example_time_delta_sensor_async.py for tasks to queue
[2023-05-17T13:15:26.450+0000] {logging_mixin.py:149} INFO - [2023-05-17T13:15:26.450+0000] {dagbag.py:541} INFO - Filling up the DagBag from /home/airflow/.local/lib/python3.7/site-packages/airflow/example_dags/example_time_delta_sensor_async.py
[2023-05-17T13:15:26.459+0000] {processor.py:809} INFO - DAG(s) dict_keys(['example_time_delta_sensor_async']) retrieved from /home/airflow/.local/lib/python3.7/site-packages/airflow/example_dags/example_time_delta_sensor_async.py
[2023-05-17T13:15:26.545+0000] {logging_mixin.py:149} INFO - [2023-05-17T13:15:26.543+0000] {dag.py:2726} INFO - Sync 1 DAGs
[2023-05-17T13:15:26.705+0000] {logging_mixin.py:149} INFO - [2023-05-17T13:15:26.704+0000] {dag.py:3490} INFO - Setting next_dagrun for example_time_delta_sensor_async to None, run_after=None
[2023-05-17T13:15:27.254+0000] {processor.py:178} INFO - Processing /home/airflow/.local/lib/python3.7/site-packages/airflow/example_dags/example_time_delta_sensor_async.py took 0.819 seconds
[2023-05-17T13:15:57.543+0000] {processor.py:156} INFO - Started process (PID=847) to work on /home/airflow/.local/lib/python3.7/site-packages/airflow/example_dags/example_time_delta_sensor_async.py
[2023-05-17T13:15:57.547+0000] {processor.py:799} INFO - Processing file /home/airflow/.local/lib/python3.7/site-packages/airflow/example_dags/example_time_delta_sensor_async.py for tasks to queue
[2023-05-17T13:15:57.558+0000] {logging_mixin.py:149} INFO - [2023-05-17T13:15:57.558+0000] {dagbag.py:541} INFO - Filling up the DagBag from /home/airflow/.local/lib/python3.7/site-packages/airflow/example_dags/example_time_delta_sensor_async.py
[2023-05-17T13:15:57.593+0000] {processor.py:809} INFO - DAG(s) dict_keys(['example_time_delta_sensor_async']) retrieved from /home/airflow/.local/lib/python3.7/site-packages/airflow/example_dags/example_time_delta_sensor_async.py
[2023-05-17T13:15:57.767+0000] {logging_mixin.py:149} INFO - [2023-05-17T13:15:57.762+0000] {dag.py:2726} INFO - Sync 1 DAGs
[2023-05-17T13:15:57.968+0000] {logging_mixin.py:149} INFO - [2023-05-17T13:15:57.968+0000] {dag.py:3490} INFO - Setting next_dagrun for example_time_delta_sensor_async to None, run_after=None
[2023-05-17T13:15:58.220+0000] {processor.py:178} INFO - Processing /home/airflow/.local/lib/python3.7/site-packages/airflow/example_dags/example_time_delta_sensor_async.py took 0.692 seconds
[2023-05-17T13:16:29.945+0000] {processor.py:156} INFO - Started process (PID=903) to work on /home/airflow/.local/lib/python3.7/site-packages/airflow/example_dags/example_time_delta_sensor_async.py
[2023-05-17T13:16:29.948+0000] {processor.py:799} INFO - Processing file /home/airflow/.local/lib/python3.7/site-packages/airflow/example_dags/example_time_delta_sensor_async.py for tasks to queue
[2023-05-17T13:16:29.952+0000] {logging_mixin.py:149} INFO - [2023-05-17T13:16:29.952+0000] {dagbag.py:541} INFO - Filling up the DagBag from /home/airflow/.local/lib/python3.7/site-packages/airflow/example_dags/example_time_delta_sensor_async.py
[2023-05-17T13:16:30.088+0000] {processor.py:809} INFO - DAG(s) dict_keys(['example_time_delta_sensor_async']) retrieved from /home/airflow/.local/lib/python3.7/site-packages/airflow/example_dags/example_time_delta_sensor_async.py
[2023-05-17T13:16:30.358+0000] {logging_mixin.py:149} INFO - [2023-05-17T13:16:30.357+0000] {dag.py:2726} INFO - Sync 1 DAGs
[2023-05-17T13:16:33.851+0000] {logging_mixin.py:149} INFO - [2023-05-17T13:16:33.850+0000] {dag.py:3490} INFO - Setting next_dagrun for example_time_delta_sensor_async to None, run_after=None
[2023-05-17T13:16:34.865+0000] {processor.py:178} INFO - Processing /home/airflow/.local/lib/python3.7/site-packages/airflow/example_dags/example_time_delta_sensor_async.py took 4.928 seconds
[2023-05-17T13:17:05.712+0000] {processor.py:156} INFO - Started process (PID=961) to work on /home/airflow/.local/lib/python3.7/site-packages/airflow/example_dags/example_time_delta_sensor_async.py
[2023-05-17T13:17:05.714+0000] {processor.py:799} INFO - Processing file /home/airflow/.local/lib/python3.7/site-packages/airflow/example_dags/example_time_delta_sensor_async.py for tasks to queue
[2023-05-17T13:17:05.716+0000] {logging_mixin.py:149} INFO - [2023-05-17T13:17:05.716+0000] {dagbag.py:541} INFO - Filling up the DagBag from /home/airflow/.local/lib/python3.7/site-packages/airflow/example_dags/example_time_delta_sensor_async.py
[2023-05-17T13:17:05.729+0000] {processor.py:809} INFO - DAG(s) dict_keys(['example_time_delta_sensor_async']) retrieved from /home/airflow/.local/lib/python3.7/site-packages/airflow/example_dags/example_time_delta_sensor_async.py
[2023-05-17T13:17:07.181+0000] {logging_mixin.py:149} INFO - [2023-05-17T13:17:07.181+0000] {dag.py:2726} INFO - Sync 1 DAGs
[2023-05-17T13:17:08.548+0000] {logging_mixin.py:149} INFO - [2023-05-17T13:17:08.547+0000] {dag.py:3490} INFO - Setting next_dagrun for example_time_delta_sensor_async to None, run_after=None
[2023-05-17T13:17:10.195+0000] {processor.py:178} INFO - Processing /home/airflow/.local/lib/python3.7/site-packages/airflow/example_dags/example_time_delta_sensor_async.py took 4.496 seconds
[2023-05-17T13:17:40.978+0000] {processor.py:156} INFO - Started process (PID=1019) to work on /home/airflow/.local/lib/python3.7/site-packages/airflow/example_dags/example_time_delta_sensor_async.py
[2023-05-17T13:17:40.990+0000] {processor.py:799} INFO - Processing file /home/airflow/.local/lib/python3.7/site-packages/airflow/example_dags/example_time_delta_sensor_async.py for tasks to queue
[2023-05-17T13:17:40.993+0000] {logging_mixin.py:149} INFO - [2023-05-17T13:17:40.993+0000] {dagbag.py:541} INFO - Filling up the DagBag from /home/airflow/.local/lib/python3.7/site-packages/airflow/example_dags/example_time_delta_sensor_async.py
[2023-05-17T13:17:41.007+0000] {processor.py:809} INFO - DAG(s) dict_keys(['example_time_delta_sensor_async']) retrieved from /home/airflow/.local/lib/python3.7/site-packages/airflow/example_dags/example_time_delta_sensor_async.py
[2023-05-17T13:17:41.095+0000] {logging_mixin.py:149} INFO - [2023-05-17T13:17:41.094+0000] {dag.py:2726} INFO - Sync 1 DAGs
[2023-05-17T13:17:41.159+0000] {logging_mixin.py:149} INFO - [2023-05-17T13:17:41.159+0000] {dag.py:3490} INFO - Setting next_dagrun for example_time_delta_sensor_async to None, run_after=None
[2023-05-17T13:17:45.462+0000] {processor.py:178} INFO - Processing /home/airflow/.local/lib/python3.7/site-packages/airflow/example_dags/example_time_delta_sensor_async.py took 4.497 seconds
[2023-05-17T13:18:26.623+0000] {processor.py:156} INFO - Started process (PID=1072) to work on /home/airflow/.local/lib/python3.7/site-packages/airflow/example_dags/example_time_delta_sensor_async.py
[2023-05-17T13:18:26.625+0000] {processor.py:799} INFO - Processing file /home/airflow/.local/lib/python3.7/site-packages/airflow/example_dags/example_time_delta_sensor_async.py for tasks to queue
[2023-05-17T13:18:26.627+0000] {logging_mixin.py:149} INFO - [2023-05-17T13:18:26.627+0000] {dagbag.py:541} INFO - Filling up the DagBag from /home/airflow/.local/lib/python3.7/site-packages/airflow/example_dags/example_time_delta_sensor_async.py
[2023-05-17T13:18:26.635+0000] {processor.py:809} INFO - DAG(s) dict_keys(['example_time_delta_sensor_async']) retrieved from /home/airflow/.local/lib/python3.7/site-packages/airflow/example_dags/example_time_delta_sensor_async.py
[2023-05-17T13:18:26.682+0000] {logging_mixin.py:149} INFO - [2023-05-17T13:18:26.681+0000] {dag.py:2726} INFO - Sync 1 DAGs
[2023-05-17T13:18:26.733+0000] {logging_mixin.py:149} INFO - [2023-05-17T13:18:26.733+0000] {dag.py:3490} INFO - Setting next_dagrun for example_time_delta_sensor_async to None, run_after=None
[2023-05-17T13:18:29.566+0000] {processor.py:178} INFO - Processing /home/airflow/.local/lib/python3.7/site-packages/airflow/example_dags/example_time_delta_sensor_async.py took 2.473 seconds
[2023-05-17T13:19:00.048+0000] {processor.py:156} INFO - Started process (PID=1129) to work on /home/airflow/.local/lib/python3.7/site-packages/airflow/example_dags/example_time_delta_sensor_async.py
[2023-05-17T13:19:00.050+0000] {processor.py:799} INFO - Processing file /home/airflow/.local/lib/python3.7/site-packages/airflow/example_dags/example_time_delta_sensor_async.py for tasks to queue
[2023-05-17T13:19:00.053+0000] {logging_mixin.py:149} INFO - [2023-05-17T13:19:00.052+0000] {dagbag.py:541} INFO - Filling up the DagBag from /home/airflow/.local/lib/python3.7/site-packages/airflow/example_dags/example_time_delta_sensor_async.py
[2023-05-17T13:19:00.064+0000] {processor.py:809} INFO - DAG(s) dict_keys(['example_time_delta_sensor_async']) retrieved from /home/airflow/.local/lib/python3.7/site-packages/airflow/example_dags/example_time_delta_sensor_async.py
[2023-05-17T13:19:00.111+0000] {logging_mixin.py:149} INFO - [2023-05-17T13:19:00.111+0000] {dag.py:2726} INFO - Sync 1 DAGs
[2023-05-17T13:19:00.166+0000] {logging_mixin.py:149} INFO - [2023-05-17T13:19:00.166+0000] {dag.py:3490} INFO - Setting next_dagrun for example_time_delta_sensor_async to None, run_after=None
[2023-05-17T13:19:00.386+0000] {processor.py:178} INFO - Processing /home/airflow/.local/lib/python3.7/site-packages/airflow/example_dags/example_time_delta_sensor_async.py took 0.347 seconds
[2023-05-17T13:19:31.052+0000] {processor.py:156} INFO - Started process (PID=1188) to work on /home/airflow/.local/lib/python3.7/site-packages/airflow/example_dags/example_time_delta_sensor_async.py
[2023-05-17T13:19:31.054+0000] {processor.py:799} INFO - Processing file /home/airflow/.local/lib/python3.7/site-packages/airflow/example_dags/example_time_delta_sensor_async.py for tasks to queue
[2023-05-17T13:19:31.055+0000] {logging_mixin.py:149} INFO - [2023-05-17T13:19:31.055+0000] {dagbag.py:541} INFO - Filling up the DagBag from /home/airflow/.local/lib/python3.7/site-packages/airflow/example_dags/example_time_delta_sensor_async.py
[2023-05-17T13:19:31.064+0000] {processor.py:809} INFO - DAG(s) dict_keys(['example_time_delta_sensor_async']) retrieved from /home/airflow/.local/lib/python3.7/site-packages/airflow/example_dags/example_time_delta_sensor_async.py
[2023-05-17T13:19:31.116+0000] {logging_mixin.py:149} INFO - [2023-05-17T13:19:31.115+0000] {dag.py:2726} INFO - Sync 1 DAGs
[2023-05-17T13:19:31.179+0000] {logging_mixin.py:149} INFO - [2023-05-17T13:19:31.178+0000] {dag.py:3490} INFO - Setting next_dagrun for example_time_delta_sensor_async to None, run_after=None
[2023-05-17T13:19:31.337+0000] {processor.py:178} INFO - Processing /home/airflow/.local/lib/python3.7/site-packages/airflow/example_dags/example_time_delta_sensor_async.py took 0.291 seconds
[2023-05-17T13:20:05.102+0000] {processor.py:156} INFO - Started process (PID=1241) to work on /home/airflow/.local/lib/python3.7/site-packages/airflow/example_dags/example_time_delta_sensor_async.py
[2023-05-17T13:20:05.104+0000] {processor.py:799} INFO - Processing file /home/airflow/.local/lib/python3.7/site-packages/airflow/example_dags/example_time_delta_sensor_async.py for tasks to queue
[2023-05-17T13:20:05.107+0000] {logging_mixin.py:149} INFO - [2023-05-17T13:20:05.106+0000] {dagbag.py:541} INFO - Filling up the DagBag from /home/airflow/.local/lib/python3.7/site-packages/airflow/example_dags/example_time_delta_sensor_async.py
[2023-05-17T13:20:05.119+0000] {processor.py:809} INFO - DAG(s) dict_keys(['example_time_delta_sensor_async']) retrieved from /home/airflow/.local/lib/python3.7/site-packages/airflow/example_dags/example_time_delta_sensor_async.py
[2023-05-17T13:20:05.337+0000] {logging_mixin.py:149} INFO - [2023-05-17T13:20:05.336+0000] {dag.py:2726} INFO - Sync 1 DAGs
[2023-05-17T13:20:05.582+0000] {logging_mixin.py:149} INFO - [2023-05-17T13:20:05.581+0000] {dag.py:3490} INFO - Setting next_dagrun for example_time_delta_sensor_async to None, run_after=None
[2023-05-17T13:20:06.100+0000] {processor.py:178} INFO - Processing /home/airflow/.local/lib/python3.7/site-packages/airflow/example_dags/example_time_delta_sensor_async.py took 1.007 seconds
[2023-05-17T13:20:37.855+0000] {processor.py:156} INFO - Started process (PID=1299) to work on /home/airflow/.local/lib/python3.7/site-packages/airflow/example_dags/example_time_delta_sensor_async.py
[2023-05-17T13:20:37.858+0000] {processor.py:799} INFO - Processing file /home/airflow/.local/lib/python3.7/site-packages/airflow/example_dags/example_time_delta_sensor_async.py for tasks to queue
[2023-05-17T13:20:37.884+0000] {logging_mixin.py:149} INFO - [2023-05-17T13:20:37.881+0000] {dagbag.py:541} INFO - Filling up the DagBag from /home/airflow/.local/lib/python3.7/site-packages/airflow/example_dags/example_time_delta_sensor_async.py
[2023-05-17T13:20:37.934+0000] {processor.py:809} INFO - DAG(s) dict_keys(['example_time_delta_sensor_async']) retrieved from /home/airflow/.local/lib/python3.7/site-packages/airflow/example_dags/example_time_delta_sensor_async.py
[2023-05-17T13:20:38.452+0000] {logging_mixin.py:149} INFO - [2023-05-17T13:20:38.451+0000] {dag.py:2726} INFO - Sync 1 DAGs
[2023-05-17T13:20:38.687+0000] {logging_mixin.py:149} INFO - [2023-05-17T13:20:38.687+0000] {dag.py:3490} INFO - Setting next_dagrun for example_time_delta_sensor_async to None, run_after=None
[2023-05-17T13:20:39.181+0000] {processor.py:178} INFO - Processing /home/airflow/.local/lib/python3.7/site-packages/airflow/example_dags/example_time_delta_sensor_async.py took 1.342 seconds
[2023-05-17T13:21:09.733+0000] {processor.py:156} INFO - Started process (PID=1356) to work on /home/airflow/.local/lib/python3.7/site-packages/airflow/example_dags/example_time_delta_sensor_async.py
[2023-05-17T13:21:09.736+0000] {processor.py:799} INFO - Processing file /home/airflow/.local/lib/python3.7/site-packages/airflow/example_dags/example_time_delta_sensor_async.py for tasks to queue
[2023-05-17T13:21:09.738+0000] {logging_mixin.py:149} INFO - [2023-05-17T13:21:09.737+0000] {dagbag.py:541} INFO - Filling up the DagBag from /home/airflow/.local/lib/python3.7/site-packages/airflow/example_dags/example_time_delta_sensor_async.py
[2023-05-17T13:21:09.750+0000] {processor.py:809} INFO - DAG(s) dict_keys(['example_time_delta_sensor_async']) retrieved from /home/airflow/.local/lib/python3.7/site-packages/airflow/example_dags/example_time_delta_sensor_async.py
[2023-05-17T13:21:09.825+0000] {logging_mixin.py:149} INFO - [2023-05-17T13:21:09.824+0000] {dag.py:2726} INFO - Sync 1 DAGs
[2023-05-17T13:21:09.906+0000] {logging_mixin.py:149} INFO - [2023-05-17T13:21:09.906+0000] {dag.py:3490} INFO - Setting next_dagrun for example_time_delta_sensor_async to None, run_after=None
[2023-05-17T13:21:10.233+0000] {processor.py:178} INFO - Processing /home/airflow/.local/lib/python3.7/site-packages/airflow/example_dags/example_time_delta_sensor_async.py took 0.509 seconds
[2023-05-17T13:21:41.553+0000] {processor.py:156} INFO - Started process (PID=1414) to work on /home/airflow/.local/lib/python3.7/site-packages/airflow/example_dags/example_time_delta_sensor_async.py
[2023-05-17T13:21:41.556+0000] {processor.py:799} INFO - Processing file /home/airflow/.local/lib/python3.7/site-packages/airflow/example_dags/example_time_delta_sensor_async.py for tasks to queue
[2023-05-17T13:21:41.565+0000] {logging_mixin.py:149} INFO - [2023-05-17T13:21:41.564+0000] {dagbag.py:541} INFO - Filling up the DagBag from /home/airflow/.local/lib/python3.7/site-packages/airflow/example_dags/example_time_delta_sensor_async.py
[2023-05-17T13:21:41.584+0000] {processor.py:809} INFO - DAG(s) dict_keys(['example_time_delta_sensor_async']) retrieved from /home/airflow/.local/lib/python3.7/site-packages/airflow/example_dags/example_time_delta_sensor_async.py
[2023-05-17T13:21:41.663+0000] {logging_mixin.py:149} INFO - [2023-05-17T13:21:41.661+0000] {dag.py:2726} INFO - Sync 1 DAGs
[2023-05-17T13:21:42.094+0000] {logging_mixin.py:149} INFO - [2023-05-17T13:21:42.094+0000] {dag.py:3490} INFO - Setting next_dagrun for example_time_delta_sensor_async to None, run_after=None
[2023-05-17T13:21:42.305+0000] {processor.py:178} INFO - Processing /home/airflow/.local/lib/python3.7/site-packages/airflow/example_dags/example_time_delta_sensor_async.py took 0.772 seconds
[2023-05-17T13:22:13.305+0000] {processor.py:156} INFO - Started process (PID=1465) to work on /home/airflow/.local/lib/python3.7/site-packages/airflow/example_dags/example_time_delta_sensor_async.py
[2023-05-17T13:22:13.309+0000] {processor.py:799} INFO - Processing file /home/airflow/.local/lib/python3.7/site-packages/airflow/example_dags/example_time_delta_sensor_async.py for tasks to queue
[2023-05-17T13:22:13.313+0000] {logging_mixin.py:149} INFO - [2023-05-17T13:22:13.311+0000] {dagbag.py:541} INFO - Filling up the DagBag from /home/airflow/.local/lib/python3.7/site-packages/airflow/example_dags/example_time_delta_sensor_async.py
[2023-05-17T13:22:13.331+0000] {processor.py:809} INFO - DAG(s) dict_keys(['example_time_delta_sensor_async']) retrieved from /home/airflow/.local/lib/python3.7/site-packages/airflow/example_dags/example_time_delta_sensor_async.py
[2023-05-17T13:22:13.428+0000] {logging_mixin.py:149} INFO - [2023-05-17T13:22:13.428+0000] {dag.py:2726} INFO - Sync 1 DAGs
[2023-05-17T13:22:13.560+0000] {logging_mixin.py:149} INFO - [2023-05-17T13:22:13.560+0000] {dag.py:3490} INFO - Setting next_dagrun for example_time_delta_sensor_async to None, run_after=None
[2023-05-17T13:22:13.840+0000] {processor.py:178} INFO - Processing /home/airflow/.local/lib/python3.7/site-packages/airflow/example_dags/example_time_delta_sensor_async.py took 0.545 seconds
[2023-05-17T13:23:08.932+0000] {processor.py:156} INFO - Started process (PID=1524) to work on /home/airflow/.local/lib/python3.7/site-packages/airflow/example_dags/example_time_delta_sensor_async.py
[2023-05-17T13:23:08.934+0000] {processor.py:799} INFO - Processing file /home/airflow/.local/lib/python3.7/site-packages/airflow/example_dags/example_time_delta_sensor_async.py for tasks to queue
[2023-05-17T13:23:08.937+0000] {logging_mixin.py:149} INFO - [2023-05-17T13:23:08.937+0000] {dagbag.py:541} INFO - Filling up the DagBag from /home/airflow/.local/lib/python3.7/site-packages/airflow/example_dags/example_time_delta_sensor_async.py
[2023-05-17T13:23:08.948+0000] {processor.py:809} INFO - DAG(s) dict_keys(['example_time_delta_sensor_async']) retrieved from /home/airflow/.local/lib/python3.7/site-packages/airflow/example_dags/example_time_delta_sensor_async.py
[2023-05-17T13:23:09.048+0000] {logging_mixin.py:149} INFO - [2023-05-17T13:23:09.048+0000] {dag.py:2726} INFO - Sync 1 DAGs
[2023-05-17T13:23:09.126+0000] {logging_mixin.py:149} INFO - [2023-05-17T13:23:09.126+0000] {dag.py:3490} INFO - Setting next_dagrun for example_time_delta_sensor_async to None, run_after=None
[2023-05-17T13:23:10.045+0000] {processor.py:178} INFO - Processing /home/airflow/.local/lib/python3.7/site-packages/airflow/example_dags/example_time_delta_sensor_async.py took 1.121 seconds
[2023-05-17T13:23:40.313+0000] {processor.py:156} INFO - Started process (PID=1581) to work on /home/airflow/.local/lib/python3.7/site-packages/airflow/example_dags/example_time_delta_sensor_async.py
[2023-05-17T13:23:40.317+0000] {processor.py:799} INFO - Processing file /home/airflow/.local/lib/python3.7/site-packages/airflow/example_dags/example_time_delta_sensor_async.py for tasks to queue
[2023-05-17T13:23:40.320+0000] {logging_mixin.py:149} INFO - [2023-05-17T13:23:40.320+0000] {dagbag.py:541} INFO - Filling up the DagBag from /home/airflow/.local/lib/python3.7/site-packages/airflow/example_dags/example_time_delta_sensor_async.py
[2023-05-17T13:23:40.329+0000] {processor.py:809} INFO - DAG(s) dict_keys(['example_time_delta_sensor_async']) retrieved from /home/airflow/.local/lib/python3.7/site-packages/airflow/example_dags/example_time_delta_sensor_async.py
[2023-05-17T13:23:40.380+0000] {logging_mixin.py:149} INFO - [2023-05-17T13:23:40.379+0000] {dag.py:2726} INFO - Sync 1 DAGs
[2023-05-17T13:23:40.456+0000] {logging_mixin.py:149} INFO - [2023-05-17T13:23:40.455+0000] {dag.py:3490} INFO - Setting next_dagrun for example_time_delta_sensor_async to None, run_after=None
[2023-05-17T13:23:40.694+0000] {processor.py:178} INFO - Processing /home/airflow/.local/lib/python3.7/site-packages/airflow/example_dags/example_time_delta_sensor_async.py took 0.390 seconds
[2023-05-17T13:24:11.586+0000] {processor.py:156} INFO - Started process (PID=1640) to work on /home/airflow/.local/lib/python3.7/site-packages/airflow/example_dags/example_time_delta_sensor_async.py
[2023-05-17T13:24:11.589+0000] {processor.py:799} INFO - Processing file /home/airflow/.local/lib/python3.7/site-packages/airflow/example_dags/example_time_delta_sensor_async.py for tasks to queue
[2023-05-17T13:24:11.591+0000] {logging_mixin.py:149} INFO - [2023-05-17T13:24:11.591+0000] {dagbag.py:541} INFO - Filling up the DagBag from /home/airflow/.local/lib/python3.7/site-packages/airflow/example_dags/example_time_delta_sensor_async.py
[2023-05-17T13:24:11.604+0000] {processor.py:809} INFO - DAG(s) dict_keys(['example_time_delta_sensor_async']) retrieved from /home/airflow/.local/lib/python3.7/site-packages/airflow/example_dags/example_time_delta_sensor_async.py
[2023-05-17T13:24:11.748+0000] {logging_mixin.py:149} INFO - [2023-05-17T13:24:11.747+0000] {dag.py:2726} INFO - Sync 1 DAGs
[2023-05-17T13:24:11.884+0000] {logging_mixin.py:149} INFO - [2023-05-17T13:24:11.884+0000] {dag.py:3490} INFO - Setting next_dagrun for example_time_delta_sensor_async to None, run_after=None
[2023-05-17T13:24:12.211+0000] {processor.py:178} INFO - Processing /home/airflow/.local/lib/python3.7/site-packages/airflow/example_dags/example_time_delta_sensor_async.py took 0.640 seconds
[2023-05-17T13:24:43.148+0000] {processor.py:156} INFO - Started process (PID=1691) to work on /home/airflow/.local/lib/python3.7/site-packages/airflow/example_dags/example_time_delta_sensor_async.py
[2023-05-17T13:24:43.151+0000] {processor.py:799} INFO - Processing file /home/airflow/.local/lib/python3.7/site-packages/airflow/example_dags/example_time_delta_sensor_async.py for tasks to queue
[2023-05-17T13:24:43.153+0000] {logging_mixin.py:149} INFO - [2023-05-17T13:24:43.153+0000] {dagbag.py:541} INFO - Filling up the DagBag from /home/airflow/.local/lib/python3.7/site-packages/airflow/example_dags/example_time_delta_sensor_async.py
[2023-05-17T13:24:43.171+0000] {processor.py:809} INFO - DAG(s) dict_keys(['example_time_delta_sensor_async']) retrieved from /home/airflow/.local/lib/python3.7/site-packages/airflow/example_dags/example_time_delta_sensor_async.py
[2023-05-17T13:24:43.269+0000] {logging_mixin.py:149} INFO - [2023-05-17T13:24:43.268+0000] {dag.py:2726} INFO - Sync 1 DAGs
[2023-05-17T13:24:43.400+0000] {logging_mixin.py:149} INFO - [2023-05-17T13:24:43.399+0000] {dag.py:3490} INFO - Setting next_dagrun for example_time_delta_sensor_async to None, run_after=None
[2023-05-17T13:24:44.337+0000] {processor.py:178} INFO - Processing /home/airflow/.local/lib/python3.7/site-packages/airflow/example_dags/example_time_delta_sensor_async.py took 1.200 seconds
[2023-05-17T13:25:15.365+0000] {processor.py:156} INFO - Started process (PID=1749) to work on /home/airflow/.local/lib/python3.7/site-packages/airflow/example_dags/example_time_delta_sensor_async.py
[2023-05-17T13:25:15.368+0000] {processor.py:799} INFO - Processing file /home/airflow/.local/lib/python3.7/site-packages/airflow/example_dags/example_time_delta_sensor_async.py for tasks to queue
[2023-05-17T13:25:15.371+0000] {logging_mixin.py:149} INFO - [2023-05-17T13:25:15.371+0000] {dagbag.py:541} INFO - Filling up the DagBag from /home/airflow/.local/lib/python3.7/site-packages/airflow/example_dags/example_time_delta_sensor_async.py
[2023-05-17T13:25:15.383+0000] {processor.py:809} INFO - DAG(s) dict_keys(['example_time_delta_sensor_async']) retrieved from /home/airflow/.local/lib/python3.7/site-packages/airflow/example_dags/example_time_delta_sensor_async.py
[2023-05-17T13:25:15.464+0000] {logging_mixin.py:149} INFO - [2023-05-17T13:25:15.463+0000] {dag.py:2726} INFO - Sync 1 DAGs
[2023-05-17T13:25:15.547+0000] {logging_mixin.py:149} INFO - [2023-05-17T13:25:15.547+0000] {dag.py:3490} INFO - Setting next_dagrun for example_time_delta_sensor_async to None, run_after=None
[2023-05-17T13:25:15.678+0000] {processor.py:178} INFO - Processing /home/airflow/.local/lib/python3.7/site-packages/airflow/example_dags/example_time_delta_sensor_async.py took 0.328 seconds
[2023-05-17T13:25:46.619+0000] {processor.py:156} INFO - Started process (PID=1807) to work on /home/airflow/.local/lib/python3.7/site-packages/airflow/example_dags/example_time_delta_sensor_async.py
[2023-05-17T13:25:46.621+0000] {processor.py:799} INFO - Processing file /home/airflow/.local/lib/python3.7/site-packages/airflow/example_dags/example_time_delta_sensor_async.py for tasks to queue
[2023-05-17T13:25:46.623+0000] {logging_mixin.py:149} INFO - [2023-05-17T13:25:46.623+0000] {dagbag.py:541} INFO - Filling up the DagBag from /home/airflow/.local/lib/python3.7/site-packages/airflow/example_dags/example_time_delta_sensor_async.py
[2023-05-17T13:25:46.634+0000] {processor.py:809} INFO - DAG(s) dict_keys(['example_time_delta_sensor_async']) retrieved from /home/airflow/.local/lib/python3.7/site-packages/airflow/example_dags/example_time_delta_sensor_async.py
[2023-05-17T13:25:46.683+0000] {logging_mixin.py:149} INFO - [2023-05-17T13:25:46.683+0000] {dag.py:2726} INFO - Sync 1 DAGs
[2023-05-17T13:25:46.761+0000] {logging_mixin.py:149} INFO - [2023-05-17T13:25:46.761+0000] {dag.py:3490} INFO - Setting next_dagrun for example_time_delta_sensor_async to None, run_after=None
[2023-05-17T13:25:48.353+0000] {processor.py:178} INFO - Processing /home/airflow/.local/lib/python3.7/site-packages/airflow/example_dags/example_time_delta_sensor_async.py took 1.744 seconds
[2023-05-17T13:26:19.403+0000] {processor.py:156} INFO - Started process (PID=1856) to work on /home/airflow/.local/lib/python3.7/site-packages/airflow/example_dags/example_time_delta_sensor_async.py
[2023-05-17T13:26:19.407+0000] {processor.py:799} INFO - Processing file /home/airflow/.local/lib/python3.7/site-packages/airflow/example_dags/example_time_delta_sensor_async.py for tasks to queue
[2023-05-17T13:26:19.410+0000] {logging_mixin.py:149} INFO - [2023-05-17T13:26:19.410+0000] {dagbag.py:541} INFO - Filling up the DagBag from /home/airflow/.local/lib/python3.7/site-packages/airflow/example_dags/example_time_delta_sensor_async.py
[2023-05-17T13:26:19.421+0000] {processor.py:809} INFO - DAG(s) dict_keys(['example_time_delta_sensor_async']) retrieved from /home/airflow/.local/lib/python3.7/site-packages/airflow/example_dags/example_time_delta_sensor_async.py
[2023-05-17T13:26:19.483+0000] {logging_mixin.py:149} INFO - [2023-05-17T13:26:19.483+0000] {dag.py:2726} INFO - Sync 1 DAGs
[2023-05-17T13:26:19.596+0000] {logging_mixin.py:149} INFO - [2023-05-17T13:26:19.596+0000] {dag.py:3490} INFO - Setting next_dagrun for example_time_delta_sensor_async to None, run_after=None
[2023-05-17T13:26:20.418+0000] {processor.py:178} INFO - Processing /home/airflow/.local/lib/python3.7/site-packages/airflow/example_dags/example_time_delta_sensor_async.py took 1.021 seconds
[2023-05-17T13:26:50.643+0000] {processor.py:156} INFO - Started process (PID=1909) to work on /home/airflow/.local/lib/python3.7/site-packages/airflow/example_dags/example_time_delta_sensor_async.py
[2023-05-17T13:26:50.647+0000] {processor.py:799} INFO - Processing file /home/airflow/.local/lib/python3.7/site-packages/airflow/example_dags/example_time_delta_sensor_async.py for tasks to queue
[2023-05-17T13:26:50.650+0000] {logging_mixin.py:149} INFO - [2023-05-17T13:26:50.650+0000] {dagbag.py:541} INFO - Filling up the DagBag from /home/airflow/.local/lib/python3.7/site-packages/airflow/example_dags/example_time_delta_sensor_async.py
[2023-05-17T13:26:50.666+0000] {processor.py:809} INFO - DAG(s) dict_keys(['example_time_delta_sensor_async']) retrieved from /home/airflow/.local/lib/python3.7/site-packages/airflow/example_dags/example_time_delta_sensor_async.py
[2023-05-17T13:26:50.750+0000] {logging_mixin.py:149} INFO - [2023-05-17T13:26:50.749+0000] {dag.py:2726} INFO - Sync 1 DAGs
[2023-05-17T13:26:50.857+0000] {logging_mixin.py:149} INFO - [2023-05-17T13:26:50.857+0000] {dag.py:3490} INFO - Setting next_dagrun for example_time_delta_sensor_async to None, run_after=None
[2023-05-17T13:26:51.314+0000] {processor.py:178} INFO - Processing /home/airflow/.local/lib/python3.7/site-packages/airflow/example_dags/example_time_delta_sensor_async.py took 0.687 seconds
[2023-05-17T13:32:01.805+0000] {processor.py:156} INFO - Started process (PID=47) to work on /home/airflow/.local/lib/python3.7/site-packages/airflow/example_dags/example_time_delta_sensor_async.py
[2023-05-17T13:32:01.810+0000] {processor.py:799} INFO - Processing file /home/airflow/.local/lib/python3.7/site-packages/airflow/example_dags/example_time_delta_sensor_async.py for tasks to queue
[2023-05-17T13:32:01.814+0000] {logging_mixin.py:149} INFO - [2023-05-17T13:32:01.814+0000] {dagbag.py:541} INFO - Filling up the DagBag from /home/airflow/.local/lib/python3.7/site-packages/airflow/example_dags/example_time_delta_sensor_async.py
[2023-05-17T13:32:02.424+0000] {processor.py:809} INFO - DAG(s) dict_keys(['example_time_delta_sensor_async']) retrieved from /home/airflow/.local/lib/python3.7/site-packages/airflow/example_dags/example_time_delta_sensor_async.py
[2023-05-17T13:32:02.802+0000] {logging_mixin.py:149} INFO - [2023-05-17T13:32:02.801+0000] {dag.py:2726} INFO - Sync 1 DAGs
[2023-05-17T13:32:02.981+0000] {logging_mixin.py:149} INFO - [2023-05-17T13:32:02.980+0000] {dag.py:3490} INFO - Setting next_dagrun for example_time_delta_sensor_async to None, run_after=None
[2023-05-17T13:32:03.218+0000] {processor.py:178} INFO - Processing /home/airflow/.local/lib/python3.7/site-packages/airflow/example_dags/example_time_delta_sensor_async.py took 1.419 seconds
[2023-05-17T13:33:20.619+0000] {processor.py:156} INFO - Started process (PID=110) to work on /home/airflow/.local/lib/python3.7/site-packages/airflow/example_dags/example_time_delta_sensor_async.py
[2023-05-17T13:33:20.621+0000] {processor.py:799} INFO - Processing file /home/airflow/.local/lib/python3.7/site-packages/airflow/example_dags/example_time_delta_sensor_async.py for tasks to queue
[2023-05-17T13:33:20.623+0000] {logging_mixin.py:149} INFO - [2023-05-17T13:33:20.623+0000] {dagbag.py:541} INFO - Filling up the DagBag from /home/airflow/.local/lib/python3.7/site-packages/airflow/example_dags/example_time_delta_sensor_async.py
[2023-05-17T13:33:21.283+0000] {processor.py:809} INFO - DAG(s) dict_keys(['example_time_delta_sensor_async']) retrieved from /home/airflow/.local/lib/python3.7/site-packages/airflow/example_dags/example_time_delta_sensor_async.py
[2023-05-17T13:33:21.338+0000] {logging_mixin.py:149} INFO - [2023-05-17T13:33:21.338+0000] {dag.py:2726} INFO - Sync 1 DAGs
[2023-05-17T13:33:21.399+0000] {logging_mixin.py:149} INFO - [2023-05-17T13:33:21.399+0000] {dag.py:3490} INFO - Setting next_dagrun for example_time_delta_sensor_async to None, run_after=None
[2023-05-17T13:33:21.619+0000] {processor.py:178} INFO - Processing /home/airflow/.local/lib/python3.7/site-packages/airflow/example_dags/example_time_delta_sensor_async.py took 1.008 seconds
[2023-05-17T13:34:23.159+0000] {processor.py:156} INFO - Started process (PID=162) to work on /home/airflow/.local/lib/python3.7/site-packages/airflow/example_dags/example_time_delta_sensor_async.py
[2023-05-17T13:34:23.161+0000] {processor.py:799} INFO - Processing file /home/airflow/.local/lib/python3.7/site-packages/airflow/example_dags/example_time_delta_sensor_async.py for tasks to queue
[2023-05-17T13:34:23.163+0000] {logging_mixin.py:149} INFO - [2023-05-17T13:34:23.163+0000] {dagbag.py:541} INFO - Filling up the DagBag from /home/airflow/.local/lib/python3.7/site-packages/airflow/example_dags/example_time_delta_sensor_async.py
[2023-05-17T13:34:23.172+0000] {processor.py:809} INFO - DAG(s) dict_keys(['example_time_delta_sensor_async']) retrieved from /home/airflow/.local/lib/python3.7/site-packages/airflow/example_dags/example_time_delta_sensor_async.py
[2023-05-17T13:34:23.221+0000] {logging_mixin.py:149} INFO - [2023-05-17T13:34:23.220+0000] {dag.py:2726} INFO - Sync 1 DAGs
[2023-05-17T13:34:23.279+0000] {logging_mixin.py:149} INFO - [2023-05-17T13:34:23.279+0000] {dag.py:3490} INFO - Setting next_dagrun for example_time_delta_sensor_async to None, run_after=None
[2023-05-17T13:34:23.842+0000] {processor.py:178} INFO - Processing /home/airflow/.local/lib/python3.7/site-packages/airflow/example_dags/example_time_delta_sensor_async.py took 0.691 seconds
[2023-05-17T13:36:35.586+0000] {processor.py:156} INFO - Started process (PID=220) to work on /home/airflow/.local/lib/python3.7/site-packages/airflow/example_dags/example_time_delta_sensor_async.py
[2023-05-17T13:36:35.588+0000] {processor.py:799} INFO - Processing file /home/airflow/.local/lib/python3.7/site-packages/airflow/example_dags/example_time_delta_sensor_async.py for tasks to queue
[2023-05-17T13:36:35.591+0000] {logging_mixin.py:149} INFO - [2023-05-17T13:36:35.590+0000] {dagbag.py:541} INFO - Filling up the DagBag from /home/airflow/.local/lib/python3.7/site-packages/airflow/example_dags/example_time_delta_sensor_async.py
[2023-05-17T13:36:35.793+0000] {processor.py:809} INFO - DAG(s) dict_keys(['example_time_delta_sensor_async']) retrieved from /home/airflow/.local/lib/python3.7/site-packages/airflow/example_dags/example_time_delta_sensor_async.py
[2023-05-17T13:36:35.844+0000] {logging_mixin.py:149} INFO - [2023-05-17T13:36:35.843+0000] {dag.py:2726} INFO - Sync 1 DAGs
[2023-05-17T13:36:35.894+0000] {logging_mixin.py:149} INFO - [2023-05-17T13:36:35.893+0000] {dag.py:3490} INFO - Setting next_dagrun for example_time_delta_sensor_async to None, run_after=None
[2023-05-17T13:36:36.376+0000] {processor.py:178} INFO - Processing /home/airflow/.local/lib/python3.7/site-packages/airflow/example_dags/example_time_delta_sensor_async.py took 0.805 seconds
[2023-05-17T13:37:09.170+0000] {processor.py:156} INFO - Started process (PID=273) to work on /home/airflow/.local/lib/python3.7/site-packages/airflow/example_dags/example_time_delta_sensor_async.py
[2023-05-17T13:37:09.179+0000] {processor.py:799} INFO - Processing file /home/airflow/.local/lib/python3.7/site-packages/airflow/example_dags/example_time_delta_sensor_async.py for tasks to queue
[2023-05-17T13:37:09.182+0000] {logging_mixin.py:149} INFO - [2023-05-17T13:37:09.181+0000] {dagbag.py:541} INFO - Filling up the DagBag from /home/airflow/.local/lib/python3.7/site-packages/airflow/example_dags/example_time_delta_sensor_async.py
[2023-05-17T13:37:09.200+0000] {processor.py:809} INFO - DAG(s) dict_keys(['example_time_delta_sensor_async']) retrieved from /home/airflow/.local/lib/python3.7/site-packages/airflow/example_dags/example_time_delta_sensor_async.py
[2023-05-17T13:37:09.263+0000] {logging_mixin.py:149} INFO - [2023-05-17T13:37:09.263+0000] {dag.py:2726} INFO - Sync 1 DAGs
[2023-05-17T13:37:09.319+0000] {logging_mixin.py:149} INFO - [2023-05-17T13:37:09.319+0000] {dag.py:3490} INFO - Setting next_dagrun for example_time_delta_sensor_async to None, run_after=None
[2023-05-17T13:37:10.184+0000] {processor.py:178} INFO - Processing /home/airflow/.local/lib/python3.7/site-packages/airflow/example_dags/example_time_delta_sensor_async.py took 1.025 seconds
[2023-05-17T13:37:40.627+0000] {processor.py:156} INFO - Started process (PID=327) to work on /home/airflow/.local/lib/python3.7/site-packages/airflow/example_dags/example_time_delta_sensor_async.py
[2023-05-17T13:37:40.629+0000] {processor.py:799} INFO - Processing file /home/airflow/.local/lib/python3.7/site-packages/airflow/example_dags/example_time_delta_sensor_async.py for tasks to queue
[2023-05-17T13:37:40.633+0000] {logging_mixin.py:149} INFO - [2023-05-17T13:37:40.632+0000] {dagbag.py:541} INFO - Filling up the DagBag from /home/airflow/.local/lib/python3.7/site-packages/airflow/example_dags/example_time_delta_sensor_async.py
[2023-05-17T13:37:40.650+0000] {processor.py:809} INFO - DAG(s) dict_keys(['example_time_delta_sensor_async']) retrieved from /home/airflow/.local/lib/python3.7/site-packages/airflow/example_dags/example_time_delta_sensor_async.py
[2023-05-17T13:37:40.750+0000] {logging_mixin.py:149} INFO - [2023-05-17T13:37:40.749+0000] {dag.py:2726} INFO - Sync 1 DAGs
[2023-05-17T13:37:40.813+0000] {logging_mixin.py:149} INFO - [2023-05-17T13:37:40.813+0000] {dag.py:3490} INFO - Setting next_dagrun for example_time_delta_sensor_async to None, run_after=None
[2023-05-17T13:37:40.933+0000] {processor.py:178} INFO - Processing /home/airflow/.local/lib/python3.7/site-packages/airflow/example_dags/example_time_delta_sensor_async.py took 0.321 seconds
[2023-05-17T13:38:11.267+0000] {processor.py:156} INFO - Started process (PID=385) to work on /home/airflow/.local/lib/python3.7/site-packages/airflow/example_dags/example_time_delta_sensor_async.py
[2023-05-17T13:38:11.269+0000] {processor.py:799} INFO - Processing file /home/airflow/.local/lib/python3.7/site-packages/airflow/example_dags/example_time_delta_sensor_async.py for tasks to queue
[2023-05-17T13:38:11.272+0000] {logging_mixin.py:149} INFO - [2023-05-17T13:38:11.271+0000] {dagbag.py:541} INFO - Filling up the DagBag from /home/airflow/.local/lib/python3.7/site-packages/airflow/example_dags/example_time_delta_sensor_async.py
[2023-05-17T13:38:11.286+0000] {processor.py:809} INFO - DAG(s) dict_keys(['example_time_delta_sensor_async']) retrieved from /home/airflow/.local/lib/python3.7/site-packages/airflow/example_dags/example_time_delta_sensor_async.py
[2023-05-17T13:38:11.338+0000] {logging_mixin.py:149} INFO - [2023-05-17T13:38:11.337+0000] {dag.py:2726} INFO - Sync 1 DAGs
[2023-05-17T13:38:11.389+0000] {logging_mixin.py:149} INFO - [2023-05-17T13:38:11.389+0000] {dag.py:3490} INFO - Setting next_dagrun for example_time_delta_sensor_async to None, run_after=None
[2023-05-17T13:38:11.508+0000] {processor.py:178} INFO - Processing /home/airflow/.local/lib/python3.7/site-packages/airflow/example_dags/example_time_delta_sensor_async.py took 0.249 seconds
[2023-05-17T13:38:41.877+0000] {processor.py:156} INFO - Started process (PID=443) to work on /home/airflow/.local/lib/python3.7/site-packages/airflow/example_dags/example_time_delta_sensor_async.py
[2023-05-17T13:38:41.879+0000] {processor.py:799} INFO - Processing file /home/airflow/.local/lib/python3.7/site-packages/airflow/example_dags/example_time_delta_sensor_async.py for tasks to queue
[2023-05-17T13:38:41.881+0000] {logging_mixin.py:149} INFO - [2023-05-17T13:38:41.881+0000] {dagbag.py:541} INFO - Filling up the DagBag from /home/airflow/.local/lib/python3.7/site-packages/airflow/example_dags/example_time_delta_sensor_async.py
[2023-05-17T13:38:41.889+0000] {processor.py:809} INFO - DAG(s) dict_keys(['example_time_delta_sensor_async']) retrieved from /home/airflow/.local/lib/python3.7/site-packages/airflow/example_dags/example_time_delta_sensor_async.py
[2023-05-17T13:38:41.940+0000] {logging_mixin.py:149} INFO - [2023-05-17T13:38:41.940+0000] {dag.py:2726} INFO - Sync 1 DAGs
[2023-05-17T13:38:41.992+0000] {logging_mixin.py:149} INFO - [2023-05-17T13:38:41.992+0000] {dag.py:3490} INFO - Setting next_dagrun for example_time_delta_sensor_async to None, run_after=None
[2023-05-17T13:38:42.285+0000] {processor.py:178} INFO - Processing /home/airflow/.local/lib/python3.7/site-packages/airflow/example_dags/example_time_delta_sensor_async.py took 0.415 seconds
[2023-05-17T13:39:12.896+0000] {processor.py:156} INFO - Started process (PID=502) to work on /home/airflow/.local/lib/python3.7/site-packages/airflow/example_dags/example_time_delta_sensor_async.py
[2023-05-17T13:39:12.900+0000] {processor.py:799} INFO - Processing file /home/airflow/.local/lib/python3.7/site-packages/airflow/example_dags/example_time_delta_sensor_async.py for tasks to queue
[2023-05-17T13:39:12.903+0000] {logging_mixin.py:149} INFO - [2023-05-17T13:39:12.902+0000] {dagbag.py:541} INFO - Filling up the DagBag from /home/airflow/.local/lib/python3.7/site-packages/airflow/example_dags/example_time_delta_sensor_async.py
[2023-05-17T13:39:12.915+0000] {processor.py:809} INFO - DAG(s) dict_keys(['example_time_delta_sensor_async']) retrieved from /home/airflow/.local/lib/python3.7/site-packages/airflow/example_dags/example_time_delta_sensor_async.py
[2023-05-17T13:39:12.983+0000] {logging_mixin.py:149} INFO - [2023-05-17T13:39:12.983+0000] {dag.py:2726} INFO - Sync 1 DAGs
[2023-05-17T13:39:13.076+0000] {logging_mixin.py:149} INFO - [2023-05-17T13:39:13.075+0000] {dag.py:3490} INFO - Setting next_dagrun for example_time_delta_sensor_async to None, run_after=None
[2023-05-17T13:39:13.204+0000] {processor.py:178} INFO - Processing /home/airflow/.local/lib/python3.7/site-packages/airflow/example_dags/example_time_delta_sensor_async.py took 0.318 seconds
[2023-05-17T13:39:43.776+0000] {processor.py:156} INFO - Started process (PID=561) to work on /home/airflow/.local/lib/python3.7/site-packages/airflow/example_dags/example_time_delta_sensor_async.py
[2023-05-17T13:39:43.792+0000] {processor.py:799} INFO - Processing file /home/airflow/.local/lib/python3.7/site-packages/airflow/example_dags/example_time_delta_sensor_async.py for tasks to queue
[2023-05-17T13:39:43.795+0000] {logging_mixin.py:149} INFO - [2023-05-17T13:39:43.794+0000] {dagbag.py:541} INFO - Filling up the DagBag from /home/airflow/.local/lib/python3.7/site-packages/airflow/example_dags/example_time_delta_sensor_async.py
[2023-05-17T13:39:43.813+0000] {processor.py:809} INFO - DAG(s) dict_keys(['example_time_delta_sensor_async']) retrieved from /home/airflow/.local/lib/python3.7/site-packages/airflow/example_dags/example_time_delta_sensor_async.py
[2023-05-17T13:39:43.949+0000] {logging_mixin.py:149} INFO - [2023-05-17T13:39:43.948+0000] {dag.py:2726} INFO - Sync 1 DAGs
[2023-05-17T13:39:44.044+0000] {logging_mixin.py:149} INFO - [2023-05-17T13:39:44.044+0000] {dag.py:3490} INFO - Setting next_dagrun for example_time_delta_sensor_async to None, run_after=None
[2023-05-17T13:39:44.692+0000] {processor.py:178} INFO - Processing /home/airflow/.local/lib/python3.7/site-packages/airflow/example_dags/example_time_delta_sensor_async.py took 0.929 seconds
[2023-05-17T13:40:15.112+0000] {processor.py:156} INFO - Started process (PID=618) to work on /home/airflow/.local/lib/python3.7/site-packages/airflow/example_dags/example_time_delta_sensor_async.py
[2023-05-17T13:40:15.115+0000] {processor.py:799} INFO - Processing file /home/airflow/.local/lib/python3.7/site-packages/airflow/example_dags/example_time_delta_sensor_async.py for tasks to queue
[2023-05-17T13:40:15.126+0000] {logging_mixin.py:149} INFO - [2023-05-17T13:40:15.126+0000] {dagbag.py:541} INFO - Filling up the DagBag from /home/airflow/.local/lib/python3.7/site-packages/airflow/example_dags/example_time_delta_sensor_async.py
[2023-05-17T13:40:15.155+0000] {processor.py:809} INFO - DAG(s) dict_keys(['example_time_delta_sensor_async']) retrieved from /home/airflow/.local/lib/python3.7/site-packages/airflow/example_dags/example_time_delta_sensor_async.py
[2023-05-17T13:40:15.338+0000] {logging_mixin.py:149} INFO - [2023-05-17T13:40:15.337+0000] {dag.py:2726} INFO - Sync 1 DAGs
[2023-05-17T13:40:15.460+0000] {logging_mixin.py:149} INFO - [2023-05-17T13:40:15.459+0000] {dag.py:3490} INFO - Setting next_dagrun for example_time_delta_sensor_async to None, run_after=None
[2023-05-17T13:40:15.736+0000] {processor.py:178} INFO - Processing /home/airflow/.local/lib/python3.7/site-packages/airflow/example_dags/example_time_delta_sensor_async.py took 0.640 seconds
