[2023-05-17T13:05:09.271+0000] {processor.py:156} INFO - Started process (PID=138) to work on /home/airflow/.local/lib/python3.7/site-packages/airflow/example_dags/example_task_group_decorator.py
[2023-05-17T13:05:09.275+0000] {processor.py:799} INFO - Processing file /home/airflow/.local/lib/python3.7/site-packages/airflow/example_dags/example_task_group_decorator.py for tasks to queue
[2023-05-17T13:05:09.277+0000] {logging_mixin.py:149} INFO - [2023-05-17T13:05:09.277+0000] {dagbag.py:541} INFO - Filling up the DagBag from /home/airflow/.local/lib/python3.7/site-packages/airflow/example_dags/example_task_group_decorator.py
[2023-05-17T13:05:09.676+0000] {processor.py:809} INFO - DAG(s) dict_keys(['example_task_group_decorator']) retrieved from /home/airflow/.local/lib/python3.7/site-packages/airflow/example_dags/example_task_group_decorator.py
[2023-05-17T13:05:11.330+0000] {logging_mixin.py:149} INFO - [2023-05-17T13:05:11.329+0000] {manager.py:504} INFO - Created Permission View: can read on DAG:example_task_group_decorator
[2023-05-17T13:05:11.685+0000] {logging_mixin.py:149} INFO - [2023-05-17T13:05:11.684+0000] {manager.py:504} INFO - Created Permission View: can edit on DAG:example_task_group_decorator
[2023-05-17T13:05:11.919+0000] {logging_mixin.py:149} INFO - [2023-05-17T13:05:11.918+0000] {manager.py:504} INFO - Created Permission View: can delete on DAG:example_task_group_decorator
[2023-05-17T13:05:11.963+0000] {logging_mixin.py:149} INFO - [2023-05-17T13:05:11.963+0000] {dag.py:2726} INFO - Sync 1 DAGs
[2023-05-17T13:05:12.000+0000] {logging_mixin.py:149} INFO - [2023-05-17T13:05:11.999+0000] {dag.py:2747} INFO - Creating ORM DAG for example_task_group_decorator
[2023-05-17T13:05:12.036+0000] {logging_mixin.py:149} INFO - [2023-05-17T13:05:12.036+0000] {dag.py:3490} INFO - Setting next_dagrun for example_task_group_decorator to 2023-05-16T13:05:12.035562+00:00, run_after=2023-05-17T13:05:12.035562+00:00
[2023-05-17T13:05:12.580+0000] {processor.py:178} INFO - Processing /home/airflow/.local/lib/python3.7/site-packages/airflow/example_dags/example_task_group_decorator.py took 3.316 seconds
[2023-05-17T13:09:09.683+0000] {processor.py:156} INFO - Started process (PID=230) to work on /home/airflow/.local/lib/python3.7/site-packages/airflow/example_dags/example_task_group_decorator.py
[2023-05-17T13:09:09.686+0000] {processor.py:799} INFO - Processing file /home/airflow/.local/lib/python3.7/site-packages/airflow/example_dags/example_task_group_decorator.py for tasks to queue
[2023-05-17T13:09:09.687+0000] {logging_mixin.py:149} INFO - [2023-05-17T13:09:09.687+0000] {dagbag.py:541} INFO - Filling up the DagBag from /home/airflow/.local/lib/python3.7/site-packages/airflow/example_dags/example_task_group_decorator.py
[2023-05-17T13:09:09.786+0000] {processor.py:809} INFO - DAG(s) dict_keys(['example_task_group_decorator']) retrieved from /home/airflow/.local/lib/python3.7/site-packages/airflow/example_dags/example_task_group_decorator.py
[2023-05-17T13:09:09.858+0000] {logging_mixin.py:149} INFO - [2023-05-17T13:09:09.857+0000] {dag.py:2726} INFO - Sync 1 DAGs
[2023-05-17T13:09:09.952+0000] {logging_mixin.py:149} INFO - [2023-05-17T13:09:09.951+0000] {dag.py:3490} INFO - Setting next_dagrun for example_task_group_decorator to 2023-05-16T13:09:09.951291+00:00, run_after=2023-05-17T13:09:09.951291+00:00
[2023-05-17T13:09:10.173+0000] {processor.py:178} INFO - Processing /home/airflow/.local/lib/python3.7/site-packages/airflow/example_dags/example_task_group_decorator.py took 0.502 seconds
[2023-05-17T13:09:40.584+0000] {processor.py:156} INFO - Started process (PID=287) to work on /home/airflow/.local/lib/python3.7/site-packages/airflow/example_dags/example_task_group_decorator.py
[2023-05-17T13:09:40.587+0000] {processor.py:799} INFO - Processing file /home/airflow/.local/lib/python3.7/site-packages/airflow/example_dags/example_task_group_decorator.py for tasks to queue
[2023-05-17T13:09:40.590+0000] {logging_mixin.py:149} INFO - [2023-05-17T13:09:40.589+0000] {dagbag.py:541} INFO - Filling up the DagBag from /home/airflow/.local/lib/python3.7/site-packages/airflow/example_dags/example_task_group_decorator.py
[2023-05-17T13:09:40.619+0000] {processor.py:809} INFO - DAG(s) dict_keys(['example_task_group_decorator']) retrieved from /home/airflow/.local/lib/python3.7/site-packages/airflow/example_dags/example_task_group_decorator.py
[2023-05-17T13:09:40.692+0000] {logging_mixin.py:149} INFO - [2023-05-17T13:09:40.691+0000] {dag.py:2726} INFO - Sync 1 DAGs
[2023-05-17T13:09:40.746+0000] {logging_mixin.py:149} INFO - [2023-05-17T13:09:40.746+0000] {dag.py:3490} INFO - Setting next_dagrun for example_task_group_decorator to 2023-05-16T13:09:40.745988+00:00, run_after=2023-05-17T13:09:40.745988+00:00
[2023-05-17T13:09:41.242+0000] {processor.py:178} INFO - Processing /home/airflow/.local/lib/python3.7/site-packages/airflow/example_dags/example_task_group_decorator.py took 0.667 seconds
[2023-05-17T13:10:18.646+0000] {processor.py:156} INFO - Started process (PID=341) to work on /home/airflow/.local/lib/python3.7/site-packages/airflow/example_dags/example_task_group_decorator.py
[2023-05-17T13:10:18.654+0000] {processor.py:799} INFO - Processing file /home/airflow/.local/lib/python3.7/site-packages/airflow/example_dags/example_task_group_decorator.py for tasks to queue
[2023-05-17T13:10:18.657+0000] {logging_mixin.py:149} INFO - [2023-05-17T13:10:18.656+0000] {dagbag.py:541} INFO - Filling up the DagBag from /home/airflow/.local/lib/python3.7/site-packages/airflow/example_dags/example_task_group_decorator.py
[2023-05-17T13:10:18.729+0000] {processor.py:809} INFO - DAG(s) dict_keys(['example_task_group_decorator']) retrieved from /home/airflow/.local/lib/python3.7/site-packages/airflow/example_dags/example_task_group_decorator.py
[2023-05-17T13:10:18.876+0000] {logging_mixin.py:149} INFO - [2023-05-17T13:10:18.876+0000] {dag.py:2726} INFO - Sync 1 DAGs
[2023-05-17T13:10:19.155+0000] {logging_mixin.py:149} INFO - [2023-05-17T13:10:19.155+0000] {dag.py:3490} INFO - Setting next_dagrun for example_task_group_decorator to 2023-05-16T13:10:19.154615+00:00, run_after=2023-05-17T13:10:19.154615+00:00
[2023-05-17T13:10:20.053+0000] {processor.py:178} INFO - Processing /home/airflow/.local/lib/python3.7/site-packages/airflow/example_dags/example_task_group_decorator.py took 1.423 seconds
[2023-05-17T13:10:53.405+0000] {processor.py:156} INFO - Started process (PID=398) to work on /home/airflow/.local/lib/python3.7/site-packages/airflow/example_dags/example_task_group_decorator.py
[2023-05-17T13:10:53.409+0000] {processor.py:799} INFO - Processing file /home/airflow/.local/lib/python3.7/site-packages/airflow/example_dags/example_task_group_decorator.py for tasks to queue
[2023-05-17T13:10:53.413+0000] {logging_mixin.py:149} INFO - [2023-05-17T13:10:53.413+0000] {dagbag.py:541} INFO - Filling up the DagBag from /home/airflow/.local/lib/python3.7/site-packages/airflow/example_dags/example_task_group_decorator.py
[2023-05-17T13:10:53.449+0000] {processor.py:809} INFO - DAG(s) dict_keys(['example_task_group_decorator']) retrieved from /home/airflow/.local/lib/python3.7/site-packages/airflow/example_dags/example_task_group_decorator.py
[2023-05-17T13:10:53.766+0000] {logging_mixin.py:149} INFO - [2023-05-17T13:10:53.765+0000] {dag.py:2726} INFO - Sync 1 DAGs
[2023-05-17T13:10:53.970+0000] {logging_mixin.py:149} INFO - [2023-05-17T13:10:53.970+0000] {dag.py:3490} INFO - Setting next_dagrun for example_task_group_decorator to 2023-05-16T13:10:53.969804+00:00, run_after=2023-05-17T13:10:53.969804+00:00
[2023-05-17T13:10:54.553+0000] {processor.py:178} INFO - Processing /home/airflow/.local/lib/python3.7/site-packages/airflow/example_dags/example_task_group_decorator.py took 1.154 seconds
[2023-05-17T13:11:25.463+0000] {processor.py:156} INFO - Started process (PID=451) to work on /home/airflow/.local/lib/python3.7/site-packages/airflow/example_dags/example_task_group_decorator.py
[2023-05-17T13:11:25.465+0000] {processor.py:799} INFO - Processing file /home/airflow/.local/lib/python3.7/site-packages/airflow/example_dags/example_task_group_decorator.py for tasks to queue
[2023-05-17T13:11:25.469+0000] {logging_mixin.py:149} INFO - [2023-05-17T13:11:25.468+0000] {dagbag.py:541} INFO - Filling up the DagBag from /home/airflow/.local/lib/python3.7/site-packages/airflow/example_dags/example_task_group_decorator.py
[2023-05-17T13:11:25.594+0000] {processor.py:809} INFO - DAG(s) dict_keys(['example_task_group_decorator']) retrieved from /home/airflow/.local/lib/python3.7/site-packages/airflow/example_dags/example_task_group_decorator.py
[2023-05-17T13:11:25.778+0000] {logging_mixin.py:149} INFO - [2023-05-17T13:11:25.773+0000] {dag.py:2726} INFO - Sync 1 DAGs
[2023-05-17T13:11:25.970+0000] {logging_mixin.py:149} INFO - [2023-05-17T13:11:25.970+0000] {dag.py:3490} INFO - Setting next_dagrun for example_task_group_decorator to 2023-05-16T13:11:25.969467+00:00, run_after=2023-05-17T13:11:25.969467+00:00
[2023-05-17T13:11:26.173+0000] {processor.py:178} INFO - Processing /home/airflow/.local/lib/python3.7/site-packages/airflow/example_dags/example_task_group_decorator.py took 0.726 seconds
[2023-05-17T13:11:57.133+0000] {processor.py:156} INFO - Started process (PID=509) to work on /home/airflow/.local/lib/python3.7/site-packages/airflow/example_dags/example_task_group_decorator.py
[2023-05-17T13:11:57.135+0000] {processor.py:799} INFO - Processing file /home/airflow/.local/lib/python3.7/site-packages/airflow/example_dags/example_task_group_decorator.py for tasks to queue
[2023-05-17T13:11:57.138+0000] {logging_mixin.py:149} INFO - [2023-05-17T13:11:57.137+0000] {dagbag.py:541} INFO - Filling up the DagBag from /home/airflow/.local/lib/python3.7/site-packages/airflow/example_dags/example_task_group_decorator.py
[2023-05-17T13:11:57.179+0000] {processor.py:809} INFO - DAG(s) dict_keys(['example_task_group_decorator']) retrieved from /home/airflow/.local/lib/python3.7/site-packages/airflow/example_dags/example_task_group_decorator.py
[2023-05-17T13:11:57.237+0000] {logging_mixin.py:149} INFO - [2023-05-17T13:11:57.237+0000] {dag.py:2726} INFO - Sync 1 DAGs
[2023-05-17T13:11:57.294+0000] {logging_mixin.py:149} INFO - [2023-05-17T13:11:57.294+0000] {dag.py:3490} INFO - Setting next_dagrun for example_task_group_decorator to 2023-05-16T13:11:57.293644+00:00, run_after=2023-05-17T13:11:57.293644+00:00
[2023-05-17T13:11:57.545+0000] {processor.py:178} INFO - Processing /home/airflow/.local/lib/python3.7/site-packages/airflow/example_dags/example_task_group_decorator.py took 0.417 seconds
[2023-05-17T13:12:27.832+0000] {processor.py:156} INFO - Started process (PID=567) to work on /home/airflow/.local/lib/python3.7/site-packages/airflow/example_dags/example_task_group_decorator.py
[2023-05-17T13:12:27.836+0000] {processor.py:799} INFO - Processing file /home/airflow/.local/lib/python3.7/site-packages/airflow/example_dags/example_task_group_decorator.py for tasks to queue
[2023-05-17T13:12:27.839+0000] {logging_mixin.py:149} INFO - [2023-05-17T13:12:27.838+0000] {dagbag.py:541} INFO - Filling up the DagBag from /home/airflow/.local/lib/python3.7/site-packages/airflow/example_dags/example_task_group_decorator.py
[2023-05-17T13:12:27.878+0000] {processor.py:809} INFO - DAG(s) dict_keys(['example_task_group_decorator']) retrieved from /home/airflow/.local/lib/python3.7/site-packages/airflow/example_dags/example_task_group_decorator.py
[2023-05-17T13:12:27.981+0000] {logging_mixin.py:149} INFO - [2023-05-17T13:12:27.981+0000] {dag.py:2726} INFO - Sync 1 DAGs
[2023-05-17T13:12:28.073+0000] {logging_mixin.py:149} INFO - [2023-05-17T13:12:28.072+0000] {dag.py:3490} INFO - Setting next_dagrun for example_task_group_decorator to 2023-05-16T13:12:28.072172+00:00, run_after=2023-05-17T13:12:28.072172+00:00
[2023-05-17T13:12:28.235+0000] {processor.py:178} INFO - Processing /home/airflow/.local/lib/python3.7/site-packages/airflow/example_dags/example_task_group_decorator.py took 0.412 seconds
[2023-05-17T13:13:27.203+0000] {processor.py:156} INFO - Started process (PID=635) to work on /home/airflow/.local/lib/python3.7/site-packages/airflow/example_dags/example_task_group_decorator.py
[2023-05-17T13:13:27.205+0000] {processor.py:799} INFO - Processing file /home/airflow/.local/lib/python3.7/site-packages/airflow/example_dags/example_task_group_decorator.py for tasks to queue
[2023-05-17T13:13:27.208+0000] {logging_mixin.py:149} INFO - [2023-05-17T13:13:27.207+0000] {dagbag.py:541} INFO - Filling up the DagBag from /home/airflow/.local/lib/python3.7/site-packages/airflow/example_dags/example_task_group_decorator.py
[2023-05-17T13:13:27.235+0000] {processor.py:809} INFO - DAG(s) dict_keys(['example_task_group_decorator']) retrieved from /home/airflow/.local/lib/python3.7/site-packages/airflow/example_dags/example_task_group_decorator.py
[2023-05-17T13:13:27.298+0000] {logging_mixin.py:149} INFO - [2023-05-17T13:13:27.298+0000] {dag.py:2726} INFO - Sync 1 DAGs
[2023-05-17T13:13:27.368+0000] {logging_mixin.py:149} INFO - [2023-05-17T13:13:27.368+0000] {dag.py:3490} INFO - Setting next_dagrun for example_task_group_decorator to 2023-05-16T13:13:27.368065+00:00, run_after=2023-05-17T13:13:27.368065+00:00
[2023-05-17T13:13:27.943+0000] {processor.py:178} INFO - Processing /home/airflow/.local/lib/python3.7/site-packages/airflow/example_dags/example_task_group_decorator.py took 0.746 seconds
[2023-05-17T13:13:58.408+0000] {processor.py:156} INFO - Started process (PID=689) to work on /home/airflow/.local/lib/python3.7/site-packages/airflow/example_dags/example_task_group_decorator.py
[2023-05-17T13:13:58.410+0000] {processor.py:799} INFO - Processing file /home/airflow/.local/lib/python3.7/site-packages/airflow/example_dags/example_task_group_decorator.py for tasks to queue
[2023-05-17T13:13:58.414+0000] {logging_mixin.py:149} INFO - [2023-05-17T13:13:58.413+0000] {dagbag.py:541} INFO - Filling up the DagBag from /home/airflow/.local/lib/python3.7/site-packages/airflow/example_dags/example_task_group_decorator.py
[2023-05-17T13:13:58.463+0000] {processor.py:809} INFO - DAG(s) dict_keys(['example_task_group_decorator']) retrieved from /home/airflow/.local/lib/python3.7/site-packages/airflow/example_dags/example_task_group_decorator.py
[2023-05-17T13:13:58.554+0000] {logging_mixin.py:149} INFO - [2023-05-17T13:13:58.553+0000] {dag.py:2726} INFO - Sync 1 DAGs
[2023-05-17T13:13:58.663+0000] {logging_mixin.py:149} INFO - [2023-05-17T13:13:58.663+0000] {dag.py:3490} INFO - Setting next_dagrun for example_task_group_decorator to 2023-05-16T13:13:58.662313+00:00, run_after=2023-05-17T13:13:58.662313+00:00
[2023-05-17T13:13:58.839+0000] {processor.py:178} INFO - Processing /home/airflow/.local/lib/python3.7/site-packages/airflow/example_dags/example_task_group_decorator.py took 0.439 seconds
[2023-05-17T13:15:11.930+0000] {processor.py:156} INFO - Started process (PID=757) to work on /home/airflow/.local/lib/python3.7/site-packages/airflow/example_dags/example_task_group_decorator.py
[2023-05-17T13:15:11.932+0000] {processor.py:799} INFO - Processing file /home/airflow/.local/lib/python3.7/site-packages/airflow/example_dags/example_task_group_decorator.py for tasks to queue
[2023-05-17T13:15:11.935+0000] {logging_mixin.py:149} INFO - [2023-05-17T13:15:11.935+0000] {dagbag.py:541} INFO - Filling up the DagBag from /home/airflow/.local/lib/python3.7/site-packages/airflow/example_dags/example_task_group_decorator.py
[2023-05-17T13:15:12.073+0000] {processor.py:809} INFO - DAG(s) dict_keys(['example_task_group_decorator']) retrieved from /home/airflow/.local/lib/python3.7/site-packages/airflow/example_dags/example_task_group_decorator.py
[2023-05-17T13:15:12.160+0000] {logging_mixin.py:149} INFO - [2023-05-17T13:15:12.159+0000] {dag.py:2726} INFO - Sync 1 DAGs
[2023-05-17T13:15:12.259+0000] {logging_mixin.py:149} INFO - [2023-05-17T13:15:12.259+0000] {dag.py:3490} INFO - Setting next_dagrun for example_task_group_decorator to 2023-05-16T13:15:12.258517+00:00, run_after=2023-05-17T13:15:12.258517+00:00
[2023-05-17T13:15:12.705+0000] {processor.py:178} INFO - Processing /home/airflow/.local/lib/python3.7/site-packages/airflow/example_dags/example_task_group_decorator.py took 0.784 seconds
[2023-05-17T13:15:42.918+0000] {processor.py:156} INFO - Started process (PID=815) to work on /home/airflow/.local/lib/python3.7/site-packages/airflow/example_dags/example_task_group_decorator.py
[2023-05-17T13:15:42.921+0000] {processor.py:799} INFO - Processing file /home/airflow/.local/lib/python3.7/site-packages/airflow/example_dags/example_task_group_decorator.py for tasks to queue
[2023-05-17T13:15:42.923+0000] {logging_mixin.py:149} INFO - [2023-05-17T13:15:42.923+0000] {dagbag.py:541} INFO - Filling up the DagBag from /home/airflow/.local/lib/python3.7/site-packages/airflow/example_dags/example_task_group_decorator.py
[2023-05-17T13:15:42.972+0000] {processor.py:809} INFO - DAG(s) dict_keys(['example_task_group_decorator']) retrieved from /home/airflow/.local/lib/python3.7/site-packages/airflow/example_dags/example_task_group_decorator.py
[2023-05-17T13:15:43.087+0000] {logging_mixin.py:149} INFO - [2023-05-17T13:15:43.087+0000] {dag.py:2726} INFO - Sync 1 DAGs
[2023-05-17T13:15:43.139+0000] {logging_mixin.py:149} INFO - [2023-05-17T13:15:43.138+0000] {dag.py:3490} INFO - Setting next_dagrun for example_task_group_decorator to 2023-05-16T13:15:43.138358+00:00, run_after=2023-05-17T13:15:43.138358+00:00
[2023-05-17T13:15:43.415+0000] {processor.py:178} INFO - Processing /home/airflow/.local/lib/python3.7/site-packages/airflow/example_dags/example_task_group_decorator.py took 0.505 seconds
[2023-05-17T13:16:14.902+0000] {processor.py:156} INFO - Started process (PID=873) to work on /home/airflow/.local/lib/python3.7/site-packages/airflow/example_dags/example_task_group_decorator.py
[2023-05-17T13:16:14.907+0000] {processor.py:799} INFO - Processing file /home/airflow/.local/lib/python3.7/site-packages/airflow/example_dags/example_task_group_decorator.py for tasks to queue
[2023-05-17T13:16:14.912+0000] {logging_mixin.py:149} INFO - [2023-05-17T13:16:14.911+0000] {dagbag.py:541} INFO - Filling up the DagBag from /home/airflow/.local/lib/python3.7/site-packages/airflow/example_dags/example_task_group_decorator.py
[2023-05-17T13:16:14.981+0000] {processor.py:809} INFO - DAG(s) dict_keys(['example_task_group_decorator']) retrieved from /home/airflow/.local/lib/python3.7/site-packages/airflow/example_dags/example_task_group_decorator.py
[2023-05-17T13:16:15.055+0000] {logging_mixin.py:149} INFO - [2023-05-17T13:16:15.055+0000] {dag.py:2726} INFO - Sync 1 DAGs
[2023-05-17T13:16:15.161+0000] {logging_mixin.py:149} INFO - [2023-05-17T13:16:15.161+0000] {dag.py:3490} INFO - Setting next_dagrun for example_task_group_decorator to 2023-05-16T13:16:15.160814+00:00, run_after=2023-05-17T13:16:15.160814+00:00
[2023-05-17T13:16:15.314+0000] {processor.py:178} INFO - Processing /home/airflow/.local/lib/python3.7/site-packages/airflow/example_dags/example_task_group_decorator.py took 0.430 seconds
[2023-05-17T13:16:46.327+0000] {processor.py:156} INFO - Started process (PID=931) to work on /home/airflow/.local/lib/python3.7/site-packages/airflow/example_dags/example_task_group_decorator.py
[2023-05-17T13:16:46.372+0000] {processor.py:799} INFO - Processing file /home/airflow/.local/lib/python3.7/site-packages/airflow/example_dags/example_task_group_decorator.py for tasks to queue
[2023-05-17T13:16:46.375+0000] {logging_mixin.py:149} INFO - [2023-05-17T13:16:46.375+0000] {dagbag.py:541} INFO - Filling up the DagBag from /home/airflow/.local/lib/python3.7/site-packages/airflow/example_dags/example_task_group_decorator.py
[2023-05-17T13:16:46.410+0000] {processor.py:809} INFO - DAG(s) dict_keys(['example_task_group_decorator']) retrieved from /home/airflow/.local/lib/python3.7/site-packages/airflow/example_dags/example_task_group_decorator.py
[2023-05-17T13:16:46.484+0000] {logging_mixin.py:149} INFO - [2023-05-17T13:16:46.483+0000] {dag.py:2726} INFO - Sync 1 DAGs
[2023-05-17T13:16:46.553+0000] {logging_mixin.py:149} INFO - [2023-05-17T13:16:46.553+0000] {dag.py:3490} INFO - Setting next_dagrun for example_task_group_decorator to 2023-05-16T13:16:46.552884+00:00, run_after=2023-05-17T13:16:46.552884+00:00
[2023-05-17T13:16:46.805+0000] {processor.py:178} INFO - Processing /home/airflow/.local/lib/python3.7/site-packages/airflow/example_dags/example_task_group_decorator.py took 0.484 seconds
[2023-05-17T13:17:20.860+0000] {processor.py:156} INFO - Started process (PID=989) to work on /home/airflow/.local/lib/python3.7/site-packages/airflow/example_dags/example_task_group_decorator.py
[2023-05-17T13:17:20.863+0000] {processor.py:799} INFO - Processing file /home/airflow/.local/lib/python3.7/site-packages/airflow/example_dags/example_task_group_decorator.py for tasks to queue
[2023-05-17T13:17:20.865+0000] {logging_mixin.py:149} INFO - [2023-05-17T13:17:20.864+0000] {dagbag.py:541} INFO - Filling up the DagBag from /home/airflow/.local/lib/python3.7/site-packages/airflow/example_dags/example_task_group_decorator.py
[2023-05-17T13:17:20.902+0000] {processor.py:809} INFO - DAG(s) dict_keys(['example_task_group_decorator']) retrieved from /home/airflow/.local/lib/python3.7/site-packages/airflow/example_dags/example_task_group_decorator.py
[2023-05-17T13:17:20.981+0000] {logging_mixin.py:149} INFO - [2023-05-17T13:17:20.981+0000] {dag.py:2726} INFO - Sync 1 DAGs
[2023-05-17T13:17:21.042+0000] {logging_mixin.py:149} INFO - [2023-05-17T13:17:21.041+0000] {dag.py:3490} INFO - Setting next_dagrun for example_task_group_decorator to 2023-05-16T13:17:21.038954+00:00, run_after=2023-05-17T13:17:21.038954+00:00
[2023-05-17T13:17:21.285+0000] {processor.py:178} INFO - Processing /home/airflow/.local/lib/python3.7/site-packages/airflow/example_dags/example_task_group_decorator.py took 0.437 seconds
[2023-05-17T13:18:06.384+0000] {processor.py:156} INFO - Started process (PID=1047) to work on /home/airflow/.local/lib/python3.7/site-packages/airflow/example_dags/example_task_group_decorator.py
[2023-05-17T13:18:06.387+0000] {processor.py:799} INFO - Processing file /home/airflow/.local/lib/python3.7/site-packages/airflow/example_dags/example_task_group_decorator.py for tasks to queue
[2023-05-17T13:18:06.389+0000] {logging_mixin.py:149} INFO - [2023-05-17T13:18:06.389+0000] {dagbag.py:541} INFO - Filling up the DagBag from /home/airflow/.local/lib/python3.7/site-packages/airflow/example_dags/example_task_group_decorator.py
[2023-05-17T13:18:06.422+0000] {processor.py:809} INFO - DAG(s) dict_keys(['example_task_group_decorator']) retrieved from /home/airflow/.local/lib/python3.7/site-packages/airflow/example_dags/example_task_group_decorator.py
[2023-05-17T13:18:06.489+0000] {logging_mixin.py:149} INFO - [2023-05-17T13:18:06.488+0000] {dag.py:2726} INFO - Sync 1 DAGs
[2023-05-17T13:18:06.554+0000] {logging_mixin.py:149} INFO - [2023-05-17T13:18:06.554+0000] {dag.py:3490} INFO - Setting next_dagrun for example_task_group_decorator to 2023-05-16T13:18:06.553946+00:00, run_after=2023-05-17T13:18:06.553946+00:00
[2023-05-17T13:18:06.861+0000] {processor.py:178} INFO - Processing /home/airflow/.local/lib/python3.7/site-packages/airflow/example_dags/example_task_group_decorator.py took 0.483 seconds
[2023-05-17T13:18:49.570+0000] {processor.py:156} INFO - Started process (PID=1104) to work on /home/airflow/.local/lib/python3.7/site-packages/airflow/example_dags/example_task_group_decorator.py
[2023-05-17T13:18:49.573+0000] {processor.py:799} INFO - Processing file /home/airflow/.local/lib/python3.7/site-packages/airflow/example_dags/example_task_group_decorator.py for tasks to queue
[2023-05-17T13:18:49.575+0000] {logging_mixin.py:149} INFO - [2023-05-17T13:18:49.575+0000] {dagbag.py:541} INFO - Filling up the DagBag from /home/airflow/.local/lib/python3.7/site-packages/airflow/example_dags/example_task_group_decorator.py
[2023-05-17T13:18:49.605+0000] {processor.py:809} INFO - DAG(s) dict_keys(['example_task_group_decorator']) retrieved from /home/airflow/.local/lib/python3.7/site-packages/airflow/example_dags/example_task_group_decorator.py
[2023-05-17T13:18:49.673+0000] {logging_mixin.py:149} INFO - [2023-05-17T13:18:49.673+0000] {dag.py:2726} INFO - Sync 1 DAGs
[2023-05-17T13:18:49.736+0000] {logging_mixin.py:149} INFO - [2023-05-17T13:18:49.736+0000] {dag.py:3490} INFO - Setting next_dagrun for example_task_group_decorator to 2023-05-16T13:18:49.735884+00:00, run_after=2023-05-17T13:18:49.735884+00:00
[2023-05-17T13:18:50.145+0000] {processor.py:178} INFO - Processing /home/airflow/.local/lib/python3.7/site-packages/airflow/example_dags/example_task_group_decorator.py took 0.581 seconds
[2023-05-17T13:19:21.119+0000] {processor.py:156} INFO - Started process (PID=1163) to work on /home/airflow/.local/lib/python3.7/site-packages/airflow/example_dags/example_task_group_decorator.py
[2023-05-17T13:19:21.122+0000] {processor.py:799} INFO - Processing file /home/airflow/.local/lib/python3.7/site-packages/airflow/example_dags/example_task_group_decorator.py for tasks to queue
[2023-05-17T13:19:21.125+0000] {logging_mixin.py:149} INFO - [2023-05-17T13:19:21.125+0000] {dagbag.py:541} INFO - Filling up the DagBag from /home/airflow/.local/lib/python3.7/site-packages/airflow/example_dags/example_task_group_decorator.py
[2023-05-17T13:19:21.185+0000] {processor.py:809} INFO - DAG(s) dict_keys(['example_task_group_decorator']) retrieved from /home/airflow/.local/lib/python3.7/site-packages/airflow/example_dags/example_task_group_decorator.py
[2023-05-17T13:19:21.286+0000] {logging_mixin.py:149} INFO - [2023-05-17T13:19:21.286+0000] {dag.py:2726} INFO - Sync 1 DAGs
[2023-05-17T13:19:21.423+0000] {logging_mixin.py:149} INFO - [2023-05-17T13:19:21.423+0000] {dag.py:3490} INFO - Setting next_dagrun for example_task_group_decorator to 2023-05-16T13:19:21.422582+00:00, run_after=2023-05-17T13:19:21.422582+00:00
[2023-05-17T13:19:21.594+0000] {processor.py:178} INFO - Processing /home/airflow/.local/lib/python3.7/site-packages/airflow/example_dags/example_task_group_decorator.py took 0.484 seconds
[2023-05-17T13:19:52.286+0000] {processor.py:156} INFO - Started process (PID=1220) to work on /home/airflow/.local/lib/python3.7/site-packages/airflow/example_dags/example_task_group_decorator.py
[2023-05-17T13:19:52.289+0000] {processor.py:799} INFO - Processing file /home/airflow/.local/lib/python3.7/site-packages/airflow/example_dags/example_task_group_decorator.py for tasks to queue
[2023-05-17T13:19:52.292+0000] {logging_mixin.py:149} INFO - [2023-05-17T13:19:52.292+0000] {dagbag.py:541} INFO - Filling up the DagBag from /home/airflow/.local/lib/python3.7/site-packages/airflow/example_dags/example_task_group_decorator.py
[2023-05-17T13:19:52.333+0000] {processor.py:809} INFO - DAG(s) dict_keys(['example_task_group_decorator']) retrieved from /home/airflow/.local/lib/python3.7/site-packages/airflow/example_dags/example_task_group_decorator.py
[2023-05-17T13:19:52.404+0000] {logging_mixin.py:149} INFO - [2023-05-17T13:19:52.404+0000] {dag.py:2726} INFO - Sync 1 DAGs
[2023-05-17T13:19:52.473+0000] {logging_mixin.py:149} INFO - [2023-05-17T13:19:52.473+0000] {dag.py:3490} INFO - Setting next_dagrun for example_task_group_decorator to 2023-05-16T13:19:52.472497+00:00, run_after=2023-05-17T13:19:52.472497+00:00
[2023-05-17T13:19:54.882+0000] {processor.py:178} INFO - Processing /home/airflow/.local/lib/python3.7/site-packages/airflow/example_dags/example_task_group_decorator.py took 2.606 seconds
[2023-05-17T13:20:25.315+0000] {processor.py:156} INFO - Started process (PID=1280) to work on /home/airflow/.local/lib/python3.7/site-packages/airflow/example_dags/example_task_group_decorator.py
[2023-05-17T13:20:25.318+0000] {processor.py:799} INFO - Processing file /home/airflow/.local/lib/python3.7/site-packages/airflow/example_dags/example_task_group_decorator.py for tasks to queue
[2023-05-17T13:20:25.320+0000] {logging_mixin.py:149} INFO - [2023-05-17T13:20:25.320+0000] {dagbag.py:541} INFO - Filling up the DagBag from /home/airflow/.local/lib/python3.7/site-packages/airflow/example_dags/example_task_group_decorator.py
[2023-05-17T13:20:25.403+0000] {processor.py:809} INFO - DAG(s) dict_keys(['example_task_group_decorator']) retrieved from /home/airflow/.local/lib/python3.7/site-packages/airflow/example_dags/example_task_group_decorator.py
[2023-05-17T13:20:25.522+0000] {logging_mixin.py:149} INFO - [2023-05-17T13:20:25.522+0000] {dag.py:2726} INFO - Sync 1 DAGs
[2023-05-17T13:20:25.634+0000] {logging_mixin.py:149} INFO - [2023-05-17T13:20:25.633+0000] {dag.py:3490} INFO - Setting next_dagrun for example_task_group_decorator to 2023-05-16T13:20:25.629387+00:00, run_after=2023-05-17T13:20:25.629387+00:00
[2023-05-17T13:20:25.758+0000] {processor.py:178} INFO - Processing /home/airflow/.local/lib/python3.7/site-packages/airflow/example_dags/example_task_group_decorator.py took 0.452 seconds
[2023-05-17T13:20:55.953+0000] {processor.py:156} INFO - Started process (PID=1333) to work on /home/airflow/.local/lib/python3.7/site-packages/airflow/example_dags/example_task_group_decorator.py
[2023-05-17T13:20:55.957+0000] {processor.py:799} INFO - Processing file /home/airflow/.local/lib/python3.7/site-packages/airflow/example_dags/example_task_group_decorator.py for tasks to queue
[2023-05-17T13:20:55.961+0000] {logging_mixin.py:149} INFO - [2023-05-17T13:20:55.961+0000] {dagbag.py:541} INFO - Filling up the DagBag from /home/airflow/.local/lib/python3.7/site-packages/airflow/example_dags/example_task_group_decorator.py
[2023-05-17T13:20:56.109+0000] {processor.py:809} INFO - DAG(s) dict_keys(['example_task_group_decorator']) retrieved from /home/airflow/.local/lib/python3.7/site-packages/airflow/example_dags/example_task_group_decorator.py
[2023-05-17T13:20:56.255+0000] {logging_mixin.py:149} INFO - [2023-05-17T13:20:56.255+0000] {dag.py:2726} INFO - Sync 1 DAGs
[2023-05-17T13:20:56.364+0000] {logging_mixin.py:149} INFO - [2023-05-17T13:20:56.364+0000] {dag.py:3490} INFO - Setting next_dagrun for example_task_group_decorator to 2023-05-16T13:20:56.363558+00:00, run_after=2023-05-17T13:20:56.363558+00:00
[2023-05-17T13:20:56.592+0000] {processor.py:178} INFO - Processing /home/airflow/.local/lib/python3.7/site-packages/airflow/example_dags/example_task_group_decorator.py took 0.653 seconds
[2023-05-17T13:21:28.296+0000] {processor.py:156} INFO - Started process (PID=1391) to work on /home/airflow/.local/lib/python3.7/site-packages/airflow/example_dags/example_task_group_decorator.py
[2023-05-17T13:21:28.299+0000] {processor.py:799} INFO - Processing file /home/airflow/.local/lib/python3.7/site-packages/airflow/example_dags/example_task_group_decorator.py for tasks to queue
[2023-05-17T13:21:28.301+0000] {logging_mixin.py:149} INFO - [2023-05-17T13:21:28.301+0000] {dagbag.py:541} INFO - Filling up the DagBag from /home/airflow/.local/lib/python3.7/site-packages/airflow/example_dags/example_task_group_decorator.py
[2023-05-17T13:21:28.335+0000] {processor.py:809} INFO - DAG(s) dict_keys(['example_task_group_decorator']) retrieved from /home/airflow/.local/lib/python3.7/site-packages/airflow/example_dags/example_task_group_decorator.py
[2023-05-17T13:21:28.442+0000] {logging_mixin.py:149} INFO - [2023-05-17T13:21:28.439+0000] {dag.py:2726} INFO - Sync 1 DAGs
[2023-05-17T13:21:28.592+0000] {logging_mixin.py:149} INFO - [2023-05-17T13:21:28.591+0000] {dag.py:3490} INFO - Setting next_dagrun for example_task_group_decorator to 2023-05-16T13:21:28.589527+00:00, run_after=2023-05-17T13:21:28.589527+00:00
[2023-05-17T13:21:28.814+0000] {processor.py:178} INFO - Processing /home/airflow/.local/lib/python3.7/site-packages/airflow/example_dags/example_task_group_decorator.py took 0.527 seconds
[2023-05-17T13:22:02.595+0000] {processor.py:156} INFO - Started process (PID=1450) to work on /home/airflow/.local/lib/python3.7/site-packages/airflow/example_dags/example_task_group_decorator.py
[2023-05-17T13:22:02.598+0000] {processor.py:799} INFO - Processing file /home/airflow/.local/lib/python3.7/site-packages/airflow/example_dags/example_task_group_decorator.py for tasks to queue
[2023-05-17T13:22:02.609+0000] {logging_mixin.py:149} INFO - [2023-05-17T13:22:02.609+0000] {dagbag.py:541} INFO - Filling up the DagBag from /home/airflow/.local/lib/python3.7/site-packages/airflow/example_dags/example_task_group_decorator.py
[2023-05-17T13:22:02.654+0000] {processor.py:809} INFO - DAG(s) dict_keys(['example_task_group_decorator']) retrieved from /home/airflow/.local/lib/python3.7/site-packages/airflow/example_dags/example_task_group_decorator.py
[2023-05-17T13:22:02.721+0000] {logging_mixin.py:149} INFO - [2023-05-17T13:22:02.721+0000] {dag.py:2726} INFO - Sync 1 DAGs
[2023-05-17T13:22:02.789+0000] {logging_mixin.py:149} INFO - [2023-05-17T13:22:02.789+0000] {dag.py:3490} INFO - Setting next_dagrun for example_task_group_decorator to 2023-05-16T13:22:02.788918+00:00, run_after=2023-05-17T13:22:02.788918+00:00
[2023-05-17T13:22:03.695+0000] {processor.py:178} INFO - Processing /home/airflow/.local/lib/python3.7/site-packages/airflow/example_dags/example_task_group_decorator.py took 1.107 seconds
[2023-05-17T13:23:03.055+0000] {processor.py:156} INFO - Started process (PID=1512) to work on /home/airflow/.local/lib/python3.7/site-packages/airflow/example_dags/example_task_group_decorator.py
[2023-05-17T13:23:03.057+0000] {processor.py:799} INFO - Processing file /home/airflow/.local/lib/python3.7/site-packages/airflow/example_dags/example_task_group_decorator.py for tasks to queue
[2023-05-17T13:23:03.060+0000] {logging_mixin.py:149} INFO - [2023-05-17T13:23:03.060+0000] {dagbag.py:541} INFO - Filling up the DagBag from /home/airflow/.local/lib/python3.7/site-packages/airflow/example_dags/example_task_group_decorator.py
[2023-05-17T13:23:03.102+0000] {processor.py:809} INFO - DAG(s) dict_keys(['example_task_group_decorator']) retrieved from /home/airflow/.local/lib/python3.7/site-packages/airflow/example_dags/example_task_group_decorator.py
[2023-05-17T13:23:03.169+0000] {logging_mixin.py:149} INFO - [2023-05-17T13:23:03.169+0000] {dag.py:2726} INFO - Sync 1 DAGs
[2023-05-17T13:23:03.234+0000] {logging_mixin.py:149} INFO - [2023-05-17T13:23:03.234+0000] {dag.py:3490} INFO - Setting next_dagrun for example_task_group_decorator to 2023-05-16T13:23:03.233868+00:00, run_after=2023-05-17T13:23:03.233868+00:00
[2023-05-17T13:23:03.702+0000] {processor.py:178} INFO - Processing /home/airflow/.local/lib/python3.7/site-packages/airflow/example_dags/example_task_group_decorator.py took 0.653 seconds
[2023-05-17T13:23:34.298+0000] {processor.py:156} INFO - Started process (PID=1569) to work on /home/airflow/.local/lib/python3.7/site-packages/airflow/example_dags/example_task_group_decorator.py
[2023-05-17T13:23:34.301+0000] {processor.py:799} INFO - Processing file /home/airflow/.local/lib/python3.7/site-packages/airflow/example_dags/example_task_group_decorator.py for tasks to queue
[2023-05-17T13:23:34.309+0000] {logging_mixin.py:149} INFO - [2023-05-17T13:23:34.308+0000] {dagbag.py:541} INFO - Filling up the DagBag from /home/airflow/.local/lib/python3.7/site-packages/airflow/example_dags/example_task_group_decorator.py
[2023-05-17T13:23:34.389+0000] {processor.py:809} INFO - DAG(s) dict_keys(['example_task_group_decorator']) retrieved from /home/airflow/.local/lib/python3.7/site-packages/airflow/example_dags/example_task_group_decorator.py
[2023-05-17T13:23:34.572+0000] {logging_mixin.py:149} INFO - [2023-05-17T13:23:34.571+0000] {dag.py:2726} INFO - Sync 1 DAGs
[2023-05-17T13:23:34.649+0000] {logging_mixin.py:149} INFO - [2023-05-17T13:23:34.648+0000] {dag.py:3490} INFO - Setting next_dagrun for example_task_group_decorator to 2023-05-16T13:23:34.648430+00:00, run_after=2023-05-17T13:23:34.648430+00:00
[2023-05-17T13:23:34.829+0000] {processor.py:178} INFO - Processing /home/airflow/.local/lib/python3.7/site-packages/airflow/example_dags/example_task_group_decorator.py took 0.549 seconds
[2023-05-17T13:24:05.662+0000] {processor.py:156} INFO - Started process (PID=1628) to work on /home/airflow/.local/lib/python3.7/site-packages/airflow/example_dags/example_task_group_decorator.py
[2023-05-17T13:24:05.680+0000] {processor.py:799} INFO - Processing file /home/airflow/.local/lib/python3.7/site-packages/airflow/example_dags/example_task_group_decorator.py for tasks to queue
[2023-05-17T13:24:05.692+0000] {logging_mixin.py:149} INFO - [2023-05-17T13:24:05.692+0000] {dagbag.py:541} INFO - Filling up the DagBag from /home/airflow/.local/lib/python3.7/site-packages/airflow/example_dags/example_task_group_decorator.py
[2023-05-17T13:24:05.807+0000] {processor.py:809} INFO - DAG(s) dict_keys(['example_task_group_decorator']) retrieved from /home/airflow/.local/lib/python3.7/site-packages/airflow/example_dags/example_task_group_decorator.py
[2023-05-17T13:24:06.092+0000] {logging_mixin.py:149} INFO - [2023-05-17T13:24:06.091+0000] {dag.py:2726} INFO - Sync 1 DAGs
[2023-05-17T13:24:06.209+0000] {logging_mixin.py:149} INFO - [2023-05-17T13:24:06.208+0000] {dag.py:3490} INFO - Setting next_dagrun for example_task_group_decorator to 2023-05-16T13:24:06.208370+00:00, run_after=2023-05-17T13:24:06.208370+00:00
[2023-05-17T13:24:06.460+0000] {processor.py:178} INFO - Processing /home/airflow/.local/lib/python3.7/site-packages/airflow/example_dags/example_task_group_decorator.py took 0.815 seconds
[2023-05-17T13:24:40.684+0000] {processor.py:156} INFO - Started process (PID=1687) to work on /home/airflow/.local/lib/python3.7/site-packages/airflow/example_dags/example_task_group_decorator.py
[2023-05-17T13:24:40.687+0000] {processor.py:799} INFO - Processing file /home/airflow/.local/lib/python3.7/site-packages/airflow/example_dags/example_task_group_decorator.py for tasks to queue
[2023-05-17T13:24:40.689+0000] {logging_mixin.py:149} INFO - [2023-05-17T13:24:40.689+0000] {dagbag.py:541} INFO - Filling up the DagBag from /home/airflow/.local/lib/python3.7/site-packages/airflow/example_dags/example_task_group_decorator.py
[2023-05-17T13:24:41.071+0000] {processor.py:809} INFO - DAG(s) dict_keys(['example_task_group_decorator']) retrieved from /home/airflow/.local/lib/python3.7/site-packages/airflow/example_dags/example_task_group_decorator.py
[2023-05-17T13:24:41.247+0000] {logging_mixin.py:149} INFO - [2023-05-17T13:24:41.247+0000] {dag.py:2726} INFO - Sync 1 DAGs
[2023-05-17T13:24:41.503+0000] {logging_mixin.py:149} INFO - [2023-05-17T13:24:41.503+0000] {dag.py:3490} INFO - Setting next_dagrun for example_task_group_decorator to 2023-05-16T13:24:41.502550+00:00, run_after=2023-05-17T13:24:41.502550+00:00
[2023-05-17T13:24:42.246+0000] {processor.py:178} INFO - Processing /home/airflow/.local/lib/python3.7/site-packages/airflow/example_dags/example_task_group_decorator.py took 1.574 seconds
[2023-05-17T13:25:12.353+0000] {processor.py:156} INFO - Started process (PID=1738) to work on /home/airflow/.local/lib/python3.7/site-packages/airflow/example_dags/example_task_group_decorator.py
[2023-05-17T13:25:12.355+0000] {processor.py:799} INFO - Processing file /home/airflow/.local/lib/python3.7/site-packages/airflow/example_dags/example_task_group_decorator.py for tasks to queue
[2023-05-17T13:25:12.362+0000] {logging_mixin.py:149} INFO - [2023-05-17T13:25:12.360+0000] {dagbag.py:541} INFO - Filling up the DagBag from /home/airflow/.local/lib/python3.7/site-packages/airflow/example_dags/example_task_group_decorator.py
[2023-05-17T13:25:12.401+0000] {processor.py:809} INFO - DAG(s) dict_keys(['example_task_group_decorator']) retrieved from /home/airflow/.local/lib/python3.7/site-packages/airflow/example_dags/example_task_group_decorator.py
[2023-05-17T13:25:12.466+0000] {logging_mixin.py:149} INFO - [2023-05-17T13:25:12.465+0000] {dag.py:2726} INFO - Sync 1 DAGs
[2023-05-17T13:25:12.547+0000] {logging_mixin.py:149} INFO - [2023-05-17T13:25:12.546+0000] {dag.py:3490} INFO - Setting next_dagrun for example_task_group_decorator to 2023-05-16T13:25:12.546117+00:00, run_after=2023-05-17T13:25:12.546117+00:00
[2023-05-17T13:25:12.789+0000] {processor.py:178} INFO - Processing /home/airflow/.local/lib/python3.7/site-packages/airflow/example_dags/example_task_group_decorator.py took 0.443 seconds
[2023-05-17T13:25:43.357+0000] {processor.py:156} INFO - Started process (PID=1796) to work on /home/airflow/.local/lib/python3.7/site-packages/airflow/example_dags/example_task_group_decorator.py
[2023-05-17T13:25:43.359+0000] {processor.py:799} INFO - Processing file /home/airflow/.local/lib/python3.7/site-packages/airflow/example_dags/example_task_group_decorator.py for tasks to queue
[2023-05-17T13:25:43.361+0000] {logging_mixin.py:149} INFO - [2023-05-17T13:25:43.361+0000] {dagbag.py:541} INFO - Filling up the DagBag from /home/airflow/.local/lib/python3.7/site-packages/airflow/example_dags/example_task_group_decorator.py
[2023-05-17T13:25:43.390+0000] {processor.py:809} INFO - DAG(s) dict_keys(['example_task_group_decorator']) retrieved from /home/airflow/.local/lib/python3.7/site-packages/airflow/example_dags/example_task_group_decorator.py
[2023-05-17T13:25:43.459+0000] {logging_mixin.py:149} INFO - [2023-05-17T13:25:43.459+0000] {dag.py:2726} INFO - Sync 1 DAGs
[2023-05-17T13:25:43.521+0000] {logging_mixin.py:149} INFO - [2023-05-17T13:25:43.520+0000] {dag.py:3490} INFO - Setting next_dagrun for example_task_group_decorator to 2023-05-16T13:25:43.519856+00:00, run_after=2023-05-17T13:25:43.519856+00:00
[2023-05-17T13:25:44.305+0000] {processor.py:178} INFO - Processing /home/airflow/.local/lib/python3.7/site-packages/airflow/example_dags/example_task_group_decorator.py took 0.955 seconds
[2023-05-17T13:26:16.975+0000] {processor.py:156} INFO - Started process (PID=1853) to work on /home/airflow/.local/lib/python3.7/site-packages/airflow/example_dags/example_task_group_decorator.py
[2023-05-17T13:26:16.991+0000] {processor.py:799} INFO - Processing file /home/airflow/.local/lib/python3.7/site-packages/airflow/example_dags/example_task_group_decorator.py for tasks to queue
[2023-05-17T13:26:16.994+0000] {logging_mixin.py:149} INFO - [2023-05-17T13:26:16.993+0000] {dagbag.py:541} INFO - Filling up the DagBag from /home/airflow/.local/lib/python3.7/site-packages/airflow/example_dags/example_task_group_decorator.py
[2023-05-17T13:26:17.115+0000] {processor.py:809} INFO - DAG(s) dict_keys(['example_task_group_decorator']) retrieved from /home/airflow/.local/lib/python3.7/site-packages/airflow/example_dags/example_task_group_decorator.py
[2023-05-17T13:26:17.352+0000] {logging_mixin.py:149} INFO - [2023-05-17T13:26:17.351+0000] {dag.py:2726} INFO - Sync 1 DAGs
[2023-05-17T13:26:17.584+0000] {logging_mixin.py:149} INFO - [2023-05-17T13:26:17.582+0000] {dag.py:3490} INFO - Setting next_dagrun for example_task_group_decorator to 2023-05-16T13:26:17.580799+00:00, run_after=2023-05-17T13:26:17.580799+00:00
[2023-05-17T13:26:17.935+0000] {processor.py:178} INFO - Processing /home/airflow/.local/lib/python3.7/site-packages/airflow/example_dags/example_task_group_decorator.py took 0.981 seconds
[2023-05-17T13:26:48.318+0000] {processor.py:156} INFO - Started process (PID=1907) to work on /home/airflow/.local/lib/python3.7/site-packages/airflow/example_dags/example_task_group_decorator.py
[2023-05-17T13:26:48.320+0000] {processor.py:799} INFO - Processing file /home/airflow/.local/lib/python3.7/site-packages/airflow/example_dags/example_task_group_decorator.py for tasks to queue
[2023-05-17T13:26:48.323+0000] {logging_mixin.py:149} INFO - [2023-05-17T13:26:48.323+0000] {dagbag.py:541} INFO - Filling up the DagBag from /home/airflow/.local/lib/python3.7/site-packages/airflow/example_dags/example_task_group_decorator.py
[2023-05-17T13:26:48.358+0000] {processor.py:809} INFO - DAG(s) dict_keys(['example_task_group_decorator']) retrieved from /home/airflow/.local/lib/python3.7/site-packages/airflow/example_dags/example_task_group_decorator.py
[2023-05-17T13:26:48.430+0000] {logging_mixin.py:149} INFO - [2023-05-17T13:26:48.430+0000] {dag.py:2726} INFO - Sync 1 DAGs
[2023-05-17T13:26:48.488+0000] {logging_mixin.py:149} INFO - [2023-05-17T13:26:48.488+0000] {dag.py:3490} INFO - Setting next_dagrun for example_task_group_decorator to 2023-05-16T13:26:48.487831+00:00, run_after=2023-05-17T13:26:48.487831+00:00
[2023-05-17T13:26:48.922+0000] {processor.py:178} INFO - Processing /home/airflow/.local/lib/python3.7/site-packages/airflow/example_dags/example_task_group_decorator.py took 0.610 seconds
[2023-05-17T13:32:14.407+0000] {processor.py:156} INFO - Started process (PID=76) to work on /home/airflow/.local/lib/python3.7/site-packages/airflow/example_dags/example_task_group_decorator.py
[2023-05-17T13:32:14.414+0000] {processor.py:799} INFO - Processing file /home/airflow/.local/lib/python3.7/site-packages/airflow/example_dags/example_task_group_decorator.py for tasks to queue
[2023-05-17T13:32:14.419+0000] {logging_mixin.py:149} INFO - [2023-05-17T13:32:14.418+0000] {dagbag.py:541} INFO - Filling up the DagBag from /home/airflow/.local/lib/python3.7/site-packages/airflow/example_dags/example_task_group_decorator.py
[2023-05-17T13:32:14.498+0000] {processor.py:809} INFO - DAG(s) dict_keys(['example_task_group_decorator']) retrieved from /home/airflow/.local/lib/python3.7/site-packages/airflow/example_dags/example_task_group_decorator.py
[2023-05-17T13:32:14.614+0000] {logging_mixin.py:149} INFO - [2023-05-17T13:32:14.614+0000] {dag.py:2726} INFO - Sync 1 DAGs
[2023-05-17T13:32:14.688+0000] {logging_mixin.py:149} INFO - [2023-05-17T13:32:14.687+0000] {dag.py:3490} INFO - Setting next_dagrun for example_task_group_decorator to 2023-05-16T13:32:14.687144+00:00, run_after=2023-05-17T13:32:14.687144+00:00
[2023-05-17T13:32:14.923+0000] {processor.py:178} INFO - Processing /home/airflow/.local/lib/python3.7/site-packages/airflow/example_dags/example_task_group_decorator.py took 0.531 seconds
[2023-05-17T13:33:59.388+0000] {processor.py:156} INFO - Started process (PID=139) to work on /home/airflow/.local/lib/python3.7/site-packages/airflow/example_dags/example_task_group_decorator.py
[2023-05-17T13:33:59.390+0000] {processor.py:799} INFO - Processing file /home/airflow/.local/lib/python3.7/site-packages/airflow/example_dags/example_task_group_decorator.py for tasks to queue
[2023-05-17T13:33:59.392+0000] {logging_mixin.py:149} INFO - [2023-05-17T13:33:59.392+0000] {dagbag.py:541} INFO - Filling up the DagBag from /home/airflow/.local/lib/python3.7/site-packages/airflow/example_dags/example_task_group_decorator.py
[2023-05-17T13:33:59.424+0000] {processor.py:809} INFO - DAG(s) dict_keys(['example_task_group_decorator']) retrieved from /home/airflow/.local/lib/python3.7/site-packages/airflow/example_dags/example_task_group_decorator.py
[2023-05-17T13:33:59.490+0000] {logging_mixin.py:149} INFO - [2023-05-17T13:33:59.489+0000] {dag.py:2726} INFO - Sync 1 DAGs
[2023-05-17T13:33:59.550+0000] {logging_mixin.py:149} INFO - [2023-05-17T13:33:59.550+0000] {dag.py:3490} INFO - Setting next_dagrun for example_task_group_decorator to 2023-05-16T13:33:59.549673+00:00, run_after=2023-05-17T13:33:59.549673+00:00
[2023-05-17T13:34:02.075+0000] {processor.py:178} INFO - Processing /home/airflow/.local/lib/python3.7/site-packages/airflow/example_dags/example_task_group_decorator.py took 2.693 seconds
[2023-05-17T13:36:34.126+0000] {processor.py:156} INFO - Started process (PID=216) to work on /home/airflow/.local/lib/python3.7/site-packages/airflow/example_dags/example_task_group_decorator.py
[2023-05-17T13:36:34.128+0000] {processor.py:799} INFO - Processing file /home/airflow/.local/lib/python3.7/site-packages/airflow/example_dags/example_task_group_decorator.py for tasks to queue
[2023-05-17T13:36:34.130+0000] {logging_mixin.py:149} INFO - [2023-05-17T13:36:34.130+0000] {dagbag.py:541} INFO - Filling up the DagBag from /home/airflow/.local/lib/python3.7/site-packages/airflow/example_dags/example_task_group_decorator.py
[2023-05-17T13:36:34.172+0000] {processor.py:809} INFO - DAG(s) dict_keys(['example_task_group_decorator']) retrieved from /home/airflow/.local/lib/python3.7/site-packages/airflow/example_dags/example_task_group_decorator.py
[2023-05-17T13:36:34.246+0000] {logging_mixin.py:149} INFO - [2023-05-17T13:36:34.245+0000] {dag.py:2726} INFO - Sync 1 DAGs
[2023-05-17T13:36:34.298+0000] {logging_mixin.py:149} INFO - [2023-05-17T13:36:34.298+0000] {dag.py:3490} INFO - Setting next_dagrun for example_task_group_decorator to 2023-05-16T13:36:34.297989+00:00, run_after=2023-05-17T13:36:34.297989+00:00
[2023-05-17T13:36:34.724+0000] {processor.py:178} INFO - Processing /home/airflow/.local/lib/python3.7/site-packages/airflow/example_dags/example_task_group_decorator.py took 0.605 seconds
[2023-05-17T13:37:13.249+0000] {processor.py:156} INFO - Started process (PID=277) to work on /home/airflow/.local/lib/python3.7/site-packages/airflow/example_dags/example_task_group_decorator.py
[2023-05-17T13:37:13.252+0000] {processor.py:799} INFO - Processing file /home/airflow/.local/lib/python3.7/site-packages/airflow/example_dags/example_task_group_decorator.py for tasks to queue
[2023-05-17T13:37:13.254+0000] {logging_mixin.py:149} INFO - [2023-05-17T13:37:13.254+0000] {dagbag.py:541} INFO - Filling up the DagBag from /home/airflow/.local/lib/python3.7/site-packages/airflow/example_dags/example_task_group_decorator.py
[2023-05-17T13:37:13.288+0000] {processor.py:809} INFO - DAG(s) dict_keys(['example_task_group_decorator']) retrieved from /home/airflow/.local/lib/python3.7/site-packages/airflow/example_dags/example_task_group_decorator.py
[2023-05-17T13:37:13.346+0000] {logging_mixin.py:149} INFO - [2023-05-17T13:37:13.346+0000] {dag.py:2726} INFO - Sync 1 DAGs
[2023-05-17T13:37:13.399+0000] {logging_mixin.py:149} INFO - [2023-05-17T13:37:13.399+0000] {dag.py:3490} INFO - Setting next_dagrun for example_task_group_decorator to 2023-05-16T13:37:13.399179+00:00, run_after=2023-05-17T13:37:13.399179+00:00
[2023-05-17T13:37:14.119+0000] {processor.py:178} INFO - Processing /home/airflow/.local/lib/python3.7/site-packages/airflow/example_dags/example_task_group_decorator.py took 0.878 seconds
[2023-05-17T13:37:44.527+0000] {processor.py:156} INFO - Started process (PID=331) to work on /home/airflow/.local/lib/python3.7/site-packages/airflow/example_dags/example_task_group_decorator.py
[2023-05-17T13:37:44.535+0000] {processor.py:799} INFO - Processing file /home/airflow/.local/lib/python3.7/site-packages/airflow/example_dags/example_task_group_decorator.py for tasks to queue
[2023-05-17T13:37:44.542+0000] {logging_mixin.py:149} INFO - [2023-05-17T13:37:44.541+0000] {dagbag.py:541} INFO - Filling up the DagBag from /home/airflow/.local/lib/python3.7/site-packages/airflow/example_dags/example_task_group_decorator.py
[2023-05-17T13:37:44.597+0000] {processor.py:809} INFO - DAG(s) dict_keys(['example_task_group_decorator']) retrieved from /home/airflow/.local/lib/python3.7/site-packages/airflow/example_dags/example_task_group_decorator.py
[2023-05-17T13:37:44.691+0000] {logging_mixin.py:149} INFO - [2023-05-17T13:37:44.691+0000] {dag.py:2726} INFO - Sync 1 DAGs
[2023-05-17T13:37:44.784+0000] {logging_mixin.py:149} INFO - [2023-05-17T13:37:44.784+0000] {dag.py:3490} INFO - Setting next_dagrun for example_task_group_decorator to 2023-05-16T13:37:44.783419+00:00, run_after=2023-05-17T13:37:44.783419+00:00
[2023-05-17T13:37:44.984+0000] {processor.py:178} INFO - Processing /home/airflow/.local/lib/python3.7/site-packages/airflow/example_dags/example_task_group_decorator.py took 0.463 seconds
[2023-05-17T13:38:15.435+0000] {processor.py:156} INFO - Started process (PID=389) to work on /home/airflow/.local/lib/python3.7/site-packages/airflow/example_dags/example_task_group_decorator.py
[2023-05-17T13:38:15.438+0000] {processor.py:799} INFO - Processing file /home/airflow/.local/lib/python3.7/site-packages/airflow/example_dags/example_task_group_decorator.py for tasks to queue
[2023-05-17T13:38:15.440+0000] {logging_mixin.py:149} INFO - [2023-05-17T13:38:15.439+0000] {dagbag.py:541} INFO - Filling up the DagBag from /home/airflow/.local/lib/python3.7/site-packages/airflow/example_dags/example_task_group_decorator.py
[2023-05-17T13:38:15.469+0000] {processor.py:809} INFO - DAG(s) dict_keys(['example_task_group_decorator']) retrieved from /home/airflow/.local/lib/python3.7/site-packages/airflow/example_dags/example_task_group_decorator.py
[2023-05-17T13:38:15.527+0000] {logging_mixin.py:149} INFO - [2023-05-17T13:38:15.526+0000] {dag.py:2726} INFO - Sync 1 DAGs
[2023-05-17T13:38:15.578+0000] {logging_mixin.py:149} INFO - [2023-05-17T13:38:15.578+0000] {dag.py:3490} INFO - Setting next_dagrun for example_task_group_decorator to 2023-05-16T13:38:15.577604+00:00, run_after=2023-05-17T13:38:15.577604+00:00
[2023-05-17T13:38:15.735+0000] {processor.py:178} INFO - Processing /home/airflow/.local/lib/python3.7/site-packages/airflow/example_dags/example_task_group_decorator.py took 0.305 seconds
[2023-05-17T13:38:46.117+0000] {processor.py:156} INFO - Started process (PID=447) to work on /home/airflow/.local/lib/python3.7/site-packages/airflow/example_dags/example_task_group_decorator.py
[2023-05-17T13:38:46.120+0000] {processor.py:799} INFO - Processing file /home/airflow/.local/lib/python3.7/site-packages/airflow/example_dags/example_task_group_decorator.py for tasks to queue
[2023-05-17T13:38:46.123+0000] {logging_mixin.py:149} INFO - [2023-05-17T13:38:46.122+0000] {dagbag.py:541} INFO - Filling up the DagBag from /home/airflow/.local/lib/python3.7/site-packages/airflow/example_dags/example_task_group_decorator.py
[2023-05-17T13:38:46.154+0000] {processor.py:809} INFO - DAG(s) dict_keys(['example_task_group_decorator']) retrieved from /home/airflow/.local/lib/python3.7/site-packages/airflow/example_dags/example_task_group_decorator.py
[2023-05-17T13:38:46.215+0000] {logging_mixin.py:149} INFO - [2023-05-17T13:38:46.214+0000] {dag.py:2726} INFO - Sync 1 DAGs
[2023-05-17T13:38:46.277+0000] {logging_mixin.py:149} INFO - [2023-05-17T13:38:46.277+0000] {dag.py:3490} INFO - Setting next_dagrun for example_task_group_decorator to 2023-05-16T13:38:46.276425+00:00, run_after=2023-05-17T13:38:46.276425+00:00
[2023-05-17T13:38:46.620+0000] {processor.py:178} INFO - Processing /home/airflow/.local/lib/python3.7/site-packages/airflow/example_dags/example_task_group_decorator.py took 0.511 seconds
[2023-05-17T13:39:16.807+0000] {processor.py:156} INFO - Started process (PID=506) to work on /home/airflow/.local/lib/python3.7/site-packages/airflow/example_dags/example_task_group_decorator.py
[2023-05-17T13:39:16.810+0000] {processor.py:799} INFO - Processing file /home/airflow/.local/lib/python3.7/site-packages/airflow/example_dags/example_task_group_decorator.py for tasks to queue
[2023-05-17T13:39:16.824+0000] {logging_mixin.py:149} INFO - [2023-05-17T13:39:16.815+0000] {dagbag.py:541} INFO - Filling up the DagBag from /home/airflow/.local/lib/python3.7/site-packages/airflow/example_dags/example_task_group_decorator.py
[2023-05-17T13:39:16.872+0000] {processor.py:809} INFO - DAG(s) dict_keys(['example_task_group_decorator']) retrieved from /home/airflow/.local/lib/python3.7/site-packages/airflow/example_dags/example_task_group_decorator.py
[2023-05-17T13:39:16.933+0000] {logging_mixin.py:149} INFO - [2023-05-17T13:39:16.932+0000] {dag.py:2726} INFO - Sync 1 DAGs
[2023-05-17T13:39:17.009+0000] {logging_mixin.py:149} INFO - [2023-05-17T13:39:17.008+0000] {dag.py:3490} INFO - Setting next_dagrun for example_task_group_decorator to 2023-05-16T13:39:17.008316+00:00, run_after=2023-05-17T13:39:17.008316+00:00
[2023-05-17T13:39:17.218+0000] {processor.py:178} INFO - Processing /home/airflow/.local/lib/python3.7/site-packages/airflow/example_dags/example_task_group_decorator.py took 0.426 seconds
[2023-05-17T13:39:47.473+0000] {processor.py:156} INFO - Started process (PID=565) to work on /home/airflow/.local/lib/python3.7/site-packages/airflow/example_dags/example_task_group_decorator.py
[2023-05-17T13:39:47.475+0000] {processor.py:799} INFO - Processing file /home/airflow/.local/lib/python3.7/site-packages/airflow/example_dags/example_task_group_decorator.py for tasks to queue
[2023-05-17T13:39:47.477+0000] {logging_mixin.py:149} INFO - [2023-05-17T13:39:47.477+0000] {dagbag.py:541} INFO - Filling up the DagBag from /home/airflow/.local/lib/python3.7/site-packages/airflow/example_dags/example_task_group_decorator.py
[2023-05-17T13:39:47.520+0000] {processor.py:809} INFO - DAG(s) dict_keys(['example_task_group_decorator']) retrieved from /home/airflow/.local/lib/python3.7/site-packages/airflow/example_dags/example_task_group_decorator.py
[2023-05-17T13:39:47.606+0000] {logging_mixin.py:149} INFO - [2023-05-17T13:39:47.605+0000] {dag.py:2726} INFO - Sync 1 DAGs
[2023-05-17T13:39:47.659+0000] {logging_mixin.py:149} INFO - [2023-05-17T13:39:47.659+0000] {dag.py:3490} INFO - Setting next_dagrun for example_task_group_decorator to 2023-05-16T13:39:47.659051+00:00, run_after=2023-05-17T13:39:47.659051+00:00
[2023-05-17T13:39:48.277+0000] {processor.py:178} INFO - Processing /home/airflow/.local/lib/python3.7/site-packages/airflow/example_dags/example_task_group_decorator.py took 0.818 seconds
