[2023-05-17T13:05:05.651+0000] {processor.py:156} INFO - Started process (PID=136) to work on /home/airflow/.local/lib/python3.7/site-packages/airflow/example_dags/tutorial_taskflow_api.py
[2023-05-17T13:05:05.654+0000] {processor.py:799} INFO - Processing file /home/airflow/.local/lib/python3.7/site-packages/airflow/example_dags/tutorial_taskflow_api.py for tasks to queue
[2023-05-17T13:05:05.656+0000] {logging_mixin.py:149} INFO - [2023-05-17T13:05:05.655+0000] {dagbag.py:541} INFO - Filling up the DagBag from /home/airflow/.local/lib/python3.7/site-packages/airflow/example_dags/tutorial_taskflow_api.py
[2023-05-17T13:05:06.121+0000] {processor.py:809} INFO - DAG(s) dict_keys(['tutorial_taskflow_api']) retrieved from /home/airflow/.local/lib/python3.7/site-packages/airflow/example_dags/tutorial_taskflow_api.py
[2023-05-17T13:05:07.354+0000] {logging_mixin.py:149} INFO - [2023-05-17T13:05:07.354+0000] {manager.py:504} INFO - Created Permission View: can read on DAG:tutorial_taskflow_api
[2023-05-17T13:05:07.974+0000] {logging_mixin.py:149} INFO - [2023-05-17T13:05:07.974+0000] {manager.py:504} INFO - Created Permission View: can edit on DAG:tutorial_taskflow_api
[2023-05-17T13:05:08.579+0000] {logging_mixin.py:149} INFO - [2023-05-17T13:05:08.578+0000] {manager.py:504} INFO - Created Permission View: can delete on DAG:tutorial_taskflow_api
[2023-05-17T13:05:08.581+0000] {logging_mixin.py:149} INFO - [2023-05-17T13:05:08.580+0000] {dag.py:2726} INFO - Sync 1 DAGs
[2023-05-17T13:05:08.623+0000] {logging_mixin.py:149} INFO - [2023-05-17T13:05:08.623+0000] {dag.py:2747} INFO - Creating ORM DAG for tutorial_taskflow_api
[2023-05-17T13:05:08.666+0000] {logging_mixin.py:149} INFO - [2023-05-17T13:05:08.665+0000] {dag.py:3490} INFO - Setting next_dagrun for tutorial_taskflow_api to None, run_after=None
[2023-05-17T13:05:09.153+0000] {processor.py:178} INFO - Processing /home/airflow/.local/lib/python3.7/site-packages/airflow/example_dags/tutorial_taskflow_api.py took 3.513 seconds
[2023-05-17T13:09:08.425+0000] {processor.py:156} INFO - Started process (PID=228) to work on /home/airflow/.local/lib/python3.7/site-packages/airflow/example_dags/tutorial_taskflow_api.py
[2023-05-17T13:09:08.431+0000] {processor.py:799} INFO - Processing file /home/airflow/.local/lib/python3.7/site-packages/airflow/example_dags/tutorial_taskflow_api.py for tasks to queue
[2023-05-17T13:09:08.438+0000] {logging_mixin.py:149} INFO - [2023-05-17T13:09:08.438+0000] {dagbag.py:541} INFO - Filling up the DagBag from /home/airflow/.local/lib/python3.7/site-packages/airflow/example_dags/tutorial_taskflow_api.py
[2023-05-17T13:09:08.536+0000] {processor.py:809} INFO - DAG(s) dict_keys(['tutorial_taskflow_api']) retrieved from /home/airflow/.local/lib/python3.7/site-packages/airflow/example_dags/tutorial_taskflow_api.py
[2023-05-17T13:09:08.610+0000] {logging_mixin.py:149} INFO - [2023-05-17T13:09:08.609+0000] {dag.py:2726} INFO - Sync 1 DAGs
[2023-05-17T13:09:08.740+0000] {logging_mixin.py:149} INFO - [2023-05-17T13:09:08.740+0000] {dag.py:3490} INFO - Setting next_dagrun for tutorial_taskflow_api to None, run_after=None
[2023-05-17T13:09:08.958+0000] {processor.py:178} INFO - Processing /home/airflow/.local/lib/python3.7/site-packages/airflow/example_dags/tutorial_taskflow_api.py took 0.547 seconds
[2023-05-17T13:09:39.514+0000] {processor.py:156} INFO - Started process (PID=285) to work on /home/airflow/.local/lib/python3.7/site-packages/airflow/example_dags/tutorial_taskflow_api.py
[2023-05-17T13:09:39.518+0000] {processor.py:799} INFO - Processing file /home/airflow/.local/lib/python3.7/site-packages/airflow/example_dags/tutorial_taskflow_api.py for tasks to queue
[2023-05-17T13:09:39.520+0000] {logging_mixin.py:149} INFO - [2023-05-17T13:09:39.520+0000] {dagbag.py:541} INFO - Filling up the DagBag from /home/airflow/.local/lib/python3.7/site-packages/airflow/example_dags/tutorial_taskflow_api.py
[2023-05-17T13:09:39.541+0000] {processor.py:809} INFO - DAG(s) dict_keys(['tutorial_taskflow_api']) retrieved from /home/airflow/.local/lib/python3.7/site-packages/airflow/example_dags/tutorial_taskflow_api.py
[2023-05-17T13:09:39.644+0000] {logging_mixin.py:149} INFO - [2023-05-17T13:09:39.644+0000] {dag.py:2726} INFO - Sync 1 DAGs
[2023-05-17T13:09:39.745+0000] {logging_mixin.py:149} INFO - [2023-05-17T13:09:39.744+0000] {dag.py:3490} INFO - Setting next_dagrun for tutorial_taskflow_api to None, run_after=None
[2023-05-17T13:09:39.953+0000] {processor.py:178} INFO - Processing /home/airflow/.local/lib/python3.7/site-packages/airflow/example_dags/tutorial_taskflow_api.py took 0.448 seconds
[2023-05-17T13:10:17.647+0000] {processor.py:156} INFO - Started process (PID=339) to work on /home/airflow/.local/lib/python3.7/site-packages/airflow/example_dags/tutorial_taskflow_api.py
[2023-05-17T13:10:17.649+0000] {processor.py:799} INFO - Processing file /home/airflow/.local/lib/python3.7/site-packages/airflow/example_dags/tutorial_taskflow_api.py for tasks to queue
[2023-05-17T13:10:17.656+0000] {logging_mixin.py:149} INFO - [2023-05-17T13:10:17.656+0000] {dagbag.py:541} INFO - Filling up the DagBag from /home/airflow/.local/lib/python3.7/site-packages/airflow/example_dags/tutorial_taskflow_api.py
[2023-05-17T13:10:17.778+0000] {processor.py:809} INFO - DAG(s) dict_keys(['tutorial_taskflow_api']) retrieved from /home/airflow/.local/lib/python3.7/site-packages/airflow/example_dags/tutorial_taskflow_api.py
[2023-05-17T13:10:17.874+0000] {logging_mixin.py:149} INFO - [2023-05-17T13:10:17.874+0000] {dag.py:2726} INFO - Sync 1 DAGs
[2023-05-17T13:10:18.006+0000] {logging_mixin.py:149} INFO - [2023-05-17T13:10:18.006+0000] {dag.py:3490} INFO - Setting next_dagrun for tutorial_taskflow_api to None, run_after=None
[2023-05-17T13:10:18.453+0000] {processor.py:178} INFO - Processing /home/airflow/.local/lib/python3.7/site-packages/airflow/example_dags/tutorial_taskflow_api.py took 0.897 seconds
[2023-05-17T13:10:49.130+0000] {processor.py:156} INFO - Started process (PID=396) to work on /home/airflow/.local/lib/python3.7/site-packages/airflow/example_dags/tutorial_taskflow_api.py
[2023-05-17T13:10:49.134+0000] {processor.py:799} INFO - Processing file /home/airflow/.local/lib/python3.7/site-packages/airflow/example_dags/tutorial_taskflow_api.py for tasks to queue
[2023-05-17T13:10:49.137+0000] {logging_mixin.py:149} INFO - [2023-05-17T13:10:49.136+0000] {dagbag.py:541} INFO - Filling up the DagBag from /home/airflow/.local/lib/python3.7/site-packages/airflow/example_dags/tutorial_taskflow_api.py
[2023-05-17T13:10:49.152+0000] {processor.py:809} INFO - DAG(s) dict_keys(['tutorial_taskflow_api']) retrieved from /home/airflow/.local/lib/python3.7/site-packages/airflow/example_dags/tutorial_taskflow_api.py
[2023-05-17T13:10:49.220+0000] {logging_mixin.py:149} INFO - [2023-05-17T13:10:49.219+0000] {dag.py:2726} INFO - Sync 1 DAGs
[2023-05-17T13:10:49.642+0000] {logging_mixin.py:149} INFO - [2023-05-17T13:10:49.642+0000] {dag.py:3490} INFO - Setting next_dagrun for tutorial_taskflow_api to None, run_after=None
[2023-05-17T13:10:49.824+0000] {processor.py:178} INFO - Processing /home/airflow/.local/lib/python3.7/site-packages/airflow/example_dags/tutorial_taskflow_api.py took 0.701 seconds
[2023-05-17T13:11:20.590+0000] {processor.py:156} INFO - Started process (PID=449) to work on /home/airflow/.local/lib/python3.7/site-packages/airflow/example_dags/tutorial_taskflow_api.py
[2023-05-17T13:11:20.597+0000] {processor.py:799} INFO - Processing file /home/airflow/.local/lib/python3.7/site-packages/airflow/example_dags/tutorial_taskflow_api.py for tasks to queue
[2023-05-17T13:11:20.600+0000] {logging_mixin.py:149} INFO - [2023-05-17T13:11:20.600+0000] {dagbag.py:541} INFO - Filling up the DagBag from /home/airflow/.local/lib/python3.7/site-packages/airflow/example_dags/tutorial_taskflow_api.py
[2023-05-17T13:11:20.622+0000] {processor.py:809} INFO - DAG(s) dict_keys(['tutorial_taskflow_api']) retrieved from /home/airflow/.local/lib/python3.7/site-packages/airflow/example_dags/tutorial_taskflow_api.py
[2023-05-17T13:11:20.704+0000] {logging_mixin.py:149} INFO - [2023-05-17T13:11:20.704+0000] {dag.py:2726} INFO - Sync 1 DAGs
[2023-05-17T13:11:20.786+0000] {logging_mixin.py:149} INFO - [2023-05-17T13:11:20.785+0000] {dag.py:3490} INFO - Setting next_dagrun for tutorial_taskflow_api to None, run_after=None
[2023-05-17T13:11:21.176+0000] {processor.py:178} INFO - Processing /home/airflow/.local/lib/python3.7/site-packages/airflow/example_dags/tutorial_taskflow_api.py took 0.594 seconds
[2023-05-17T13:11:52.491+0000] {processor.py:156} INFO - Started process (PID=507) to work on /home/airflow/.local/lib/python3.7/site-packages/airflow/example_dags/tutorial_taskflow_api.py
[2023-05-17T13:11:52.496+0000] {processor.py:799} INFO - Processing file /home/airflow/.local/lib/python3.7/site-packages/airflow/example_dags/tutorial_taskflow_api.py for tasks to queue
[2023-05-17T13:11:52.503+0000] {logging_mixin.py:149} INFO - [2023-05-17T13:11:52.502+0000] {dagbag.py:541} INFO - Filling up the DagBag from /home/airflow/.local/lib/python3.7/site-packages/airflow/example_dags/tutorial_taskflow_api.py
[2023-05-17T13:11:52.531+0000] {processor.py:809} INFO - DAG(s) dict_keys(['tutorial_taskflow_api']) retrieved from /home/airflow/.local/lib/python3.7/site-packages/airflow/example_dags/tutorial_taskflow_api.py
[2023-05-17T13:11:52.650+0000] {logging_mixin.py:149} INFO - [2023-05-17T13:11:52.649+0000] {dag.py:2726} INFO - Sync 1 DAGs
[2023-05-17T13:11:52.753+0000] {logging_mixin.py:149} INFO - [2023-05-17T13:11:52.751+0000] {dag.py:3490} INFO - Setting next_dagrun for tutorial_taskflow_api to None, run_after=None
[2023-05-17T13:11:52.950+0000] {processor.py:178} INFO - Processing /home/airflow/.local/lib/python3.7/site-packages/airflow/example_dags/tutorial_taskflow_api.py took 0.471 seconds
[2023-05-17T13:12:23.297+0000] {processor.py:156} INFO - Started process (PID=565) to work on /home/airflow/.local/lib/python3.7/site-packages/airflow/example_dags/tutorial_taskflow_api.py
[2023-05-17T13:12:23.312+0000] {processor.py:799} INFO - Processing file /home/airflow/.local/lib/python3.7/site-packages/airflow/example_dags/tutorial_taskflow_api.py for tasks to queue
[2023-05-17T13:12:23.314+0000] {logging_mixin.py:149} INFO - [2023-05-17T13:12:23.314+0000] {dagbag.py:541} INFO - Filling up the DagBag from /home/airflow/.local/lib/python3.7/site-packages/airflow/example_dags/tutorial_taskflow_api.py
[2023-05-17T13:12:23.330+0000] {processor.py:809} INFO - DAG(s) dict_keys(['tutorial_taskflow_api']) retrieved from /home/airflow/.local/lib/python3.7/site-packages/airflow/example_dags/tutorial_taskflow_api.py
[2023-05-17T13:12:23.398+0000] {logging_mixin.py:149} INFO - [2023-05-17T13:12:23.397+0000] {dag.py:2726} INFO - Sync 1 DAGs
[2023-05-17T13:12:23.474+0000] {logging_mixin.py:149} INFO - [2023-05-17T13:12:23.473+0000] {dag.py:3490} INFO - Setting next_dagrun for tutorial_taskflow_api to None, run_after=None
[2023-05-17T13:12:23.589+0000] {processor.py:178} INFO - Processing /home/airflow/.local/lib/python3.7/site-packages/airflow/example_dags/tutorial_taskflow_api.py took 0.299 seconds
[2023-05-17T13:13:26.456+0000] {processor.py:156} INFO - Started process (PID=633) to work on /home/airflow/.local/lib/python3.7/site-packages/airflow/example_dags/tutorial_taskflow_api.py
[2023-05-17T13:13:26.458+0000] {processor.py:799} INFO - Processing file /home/airflow/.local/lib/python3.7/site-packages/airflow/example_dags/tutorial_taskflow_api.py for tasks to queue
[2023-05-17T13:13:26.460+0000] {logging_mixin.py:149} INFO - [2023-05-17T13:13:26.460+0000] {dagbag.py:541} INFO - Filling up the DagBag from /home/airflow/.local/lib/python3.7/site-packages/airflow/example_dags/tutorial_taskflow_api.py
[2023-05-17T13:13:26.472+0000] {processor.py:809} INFO - DAG(s) dict_keys(['tutorial_taskflow_api']) retrieved from /home/airflow/.local/lib/python3.7/site-packages/airflow/example_dags/tutorial_taskflow_api.py
[2023-05-17T13:13:26.525+0000] {logging_mixin.py:149} INFO - [2023-05-17T13:13:26.524+0000] {dag.py:2726} INFO - Sync 1 DAGs
[2023-05-17T13:13:26.630+0000] {logging_mixin.py:149} INFO - [2023-05-17T13:13:26.629+0000] {dag.py:3490} INFO - Setting next_dagrun for tutorial_taskflow_api to None, run_after=None
[2023-05-17T13:13:27.075+0000] {processor.py:178} INFO - Processing /home/airflow/.local/lib/python3.7/site-packages/airflow/example_dags/tutorial_taskflow_api.py took 0.625 seconds
[2023-05-17T13:13:58.057+0000] {processor.py:156} INFO - Started process (PID=687) to work on /home/airflow/.local/lib/python3.7/site-packages/airflow/example_dags/tutorial_taskflow_api.py
[2023-05-17T13:13:58.059+0000] {processor.py:799} INFO - Processing file /home/airflow/.local/lib/python3.7/site-packages/airflow/example_dags/tutorial_taskflow_api.py for tasks to queue
[2023-05-17T13:13:58.062+0000] {logging_mixin.py:149} INFO - [2023-05-17T13:13:58.061+0000] {dagbag.py:541} INFO - Filling up the DagBag from /home/airflow/.local/lib/python3.7/site-packages/airflow/example_dags/tutorial_taskflow_api.py
[2023-05-17T13:13:58.082+0000] {processor.py:809} INFO - DAG(s) dict_keys(['tutorial_taskflow_api']) retrieved from /home/airflow/.local/lib/python3.7/site-packages/airflow/example_dags/tutorial_taskflow_api.py
[2023-05-17T13:13:58.148+0000] {logging_mixin.py:149} INFO - [2023-05-17T13:13:58.148+0000] {dag.py:2726} INFO - Sync 1 DAGs
[2023-05-17T13:13:58.214+0000] {logging_mixin.py:149} INFO - [2023-05-17T13:13:58.214+0000] {dag.py:3490} INFO - Setting next_dagrun for tutorial_taskflow_api to None, run_after=None
[2023-05-17T13:13:58.413+0000] {processor.py:178} INFO - Processing /home/airflow/.local/lib/python3.7/site-packages/airflow/example_dags/tutorial_taskflow_api.py took 0.367 seconds
[2023-05-17T13:15:11.040+0000] {processor.py:156} INFO - Started process (PID=755) to work on /home/airflow/.local/lib/python3.7/site-packages/airflow/example_dags/tutorial_taskflow_api.py
[2023-05-17T13:15:11.044+0000] {processor.py:799} INFO - Processing file /home/airflow/.local/lib/python3.7/site-packages/airflow/example_dags/tutorial_taskflow_api.py for tasks to queue
[2023-05-17T13:15:11.047+0000] {logging_mixin.py:149} INFO - [2023-05-17T13:15:11.046+0000] {dagbag.py:541} INFO - Filling up the DagBag from /home/airflow/.local/lib/python3.7/site-packages/airflow/example_dags/tutorial_taskflow_api.py
[2023-05-17T13:15:11.067+0000] {processor.py:809} INFO - DAG(s) dict_keys(['tutorial_taskflow_api']) retrieved from /home/airflow/.local/lib/python3.7/site-packages/airflow/example_dags/tutorial_taskflow_api.py
[2023-05-17T13:15:11.177+0000] {logging_mixin.py:149} INFO - [2023-05-17T13:15:11.177+0000] {dag.py:2726} INFO - Sync 1 DAGs
[2023-05-17T13:15:11.321+0000] {logging_mixin.py:149} INFO - [2023-05-17T13:15:11.321+0000] {dag.py:3490} INFO - Setting next_dagrun for tutorial_taskflow_api to None, run_after=None
[2023-05-17T13:15:11.797+0000] {processor.py:178} INFO - Processing /home/airflow/.local/lib/python3.7/site-packages/airflow/example_dags/tutorial_taskflow_api.py took 0.764 seconds
[2023-05-17T13:15:42.321+0000] {processor.py:156} INFO - Started process (PID=813) to work on /home/airflow/.local/lib/python3.7/site-packages/airflow/example_dags/tutorial_taskflow_api.py
[2023-05-17T13:15:42.324+0000] {processor.py:799} INFO - Processing file /home/airflow/.local/lib/python3.7/site-packages/airflow/example_dags/tutorial_taskflow_api.py for tasks to queue
[2023-05-17T13:15:42.328+0000] {logging_mixin.py:149} INFO - [2023-05-17T13:15:42.328+0000] {dagbag.py:541} INFO - Filling up the DagBag from /home/airflow/.local/lib/python3.7/site-packages/airflow/example_dags/tutorial_taskflow_api.py
[2023-05-17T13:15:42.350+0000] {processor.py:809} INFO - DAG(s) dict_keys(['tutorial_taskflow_api']) retrieved from /home/airflow/.local/lib/python3.7/site-packages/airflow/example_dags/tutorial_taskflow_api.py
[2023-05-17T13:15:42.464+0000] {logging_mixin.py:149} INFO - [2023-05-17T13:15:42.464+0000] {dag.py:2726} INFO - Sync 1 DAGs
[2023-05-17T13:15:42.562+0000] {logging_mixin.py:149} INFO - [2023-05-17T13:15:42.561+0000] {dag.py:3490} INFO - Setting next_dagrun for tutorial_taskflow_api to None, run_after=None
[2023-05-17T13:15:42.849+0000] {processor.py:178} INFO - Processing /home/airflow/.local/lib/python3.7/site-packages/airflow/example_dags/tutorial_taskflow_api.py took 0.553 seconds
[2023-05-17T13:16:14.389+0000] {processor.py:156} INFO - Started process (PID=871) to work on /home/airflow/.local/lib/python3.7/site-packages/airflow/example_dags/tutorial_taskflow_api.py
[2023-05-17T13:16:14.395+0000] {processor.py:799} INFO - Processing file /home/airflow/.local/lib/python3.7/site-packages/airflow/example_dags/tutorial_taskflow_api.py for tasks to queue
[2023-05-17T13:16:14.397+0000] {logging_mixin.py:149} INFO - [2023-05-17T13:16:14.397+0000] {dagbag.py:541} INFO - Filling up the DagBag from /home/airflow/.local/lib/python3.7/site-packages/airflow/example_dags/tutorial_taskflow_api.py
[2023-05-17T13:16:14.418+0000] {processor.py:809} INFO - DAG(s) dict_keys(['tutorial_taskflow_api']) retrieved from /home/airflow/.local/lib/python3.7/site-packages/airflow/example_dags/tutorial_taskflow_api.py
[2023-05-17T13:16:14.532+0000] {logging_mixin.py:149} INFO - [2023-05-17T13:16:14.532+0000] {dag.py:2726} INFO - Sync 1 DAGs
[2023-05-17T13:16:14.680+0000] {logging_mixin.py:149} INFO - [2023-05-17T13:16:14.680+0000] {dag.py:3490} INFO - Setting next_dagrun for tutorial_taskflow_api to None, run_after=None
[2023-05-17T13:16:14.811+0000] {processor.py:178} INFO - Processing /home/airflow/.local/lib/python3.7/site-packages/airflow/example_dags/tutorial_taskflow_api.py took 0.431 seconds
[2023-05-17T13:16:44.921+0000] {processor.py:156} INFO - Started process (PID=929) to work on /home/airflow/.local/lib/python3.7/site-packages/airflow/example_dags/tutorial_taskflow_api.py
[2023-05-17T13:16:44.923+0000] {processor.py:799} INFO - Processing file /home/airflow/.local/lib/python3.7/site-packages/airflow/example_dags/tutorial_taskflow_api.py for tasks to queue
[2023-05-17T13:16:44.925+0000] {logging_mixin.py:149} INFO - [2023-05-17T13:16:44.925+0000] {dagbag.py:541} INFO - Filling up the DagBag from /home/airflow/.local/lib/python3.7/site-packages/airflow/example_dags/tutorial_taskflow_api.py
[2023-05-17T13:16:44.943+0000] {processor.py:809} INFO - DAG(s) dict_keys(['tutorial_taskflow_api']) retrieved from /home/airflow/.local/lib/python3.7/site-packages/airflow/example_dags/tutorial_taskflow_api.py
[2023-05-17T13:16:45.019+0000] {logging_mixin.py:149} INFO - [2023-05-17T13:16:45.019+0000] {dag.py:2726} INFO - Sync 1 DAGs
[2023-05-17T13:16:45.100+0000] {logging_mixin.py:149} INFO - [2023-05-17T13:16:45.100+0000] {dag.py:3490} INFO - Setting next_dagrun for tutorial_taskflow_api to None, run_after=None
[2023-05-17T13:16:45.234+0000] {processor.py:178} INFO - Processing /home/airflow/.local/lib/python3.7/site-packages/airflow/example_dags/tutorial_taskflow_api.py took 0.321 seconds
[2023-05-17T13:17:20.148+0000] {processor.py:156} INFO - Started process (PID=983) to work on /home/airflow/.local/lib/python3.7/site-packages/airflow/example_dags/tutorial_taskflow_api.py
[2023-05-17T13:17:20.151+0000] {processor.py:799} INFO - Processing file /home/airflow/.local/lib/python3.7/site-packages/airflow/example_dags/tutorial_taskflow_api.py for tasks to queue
[2023-05-17T13:17:20.153+0000] {logging_mixin.py:149} INFO - [2023-05-17T13:17:20.152+0000] {dagbag.py:541} INFO - Filling up the DagBag from /home/airflow/.local/lib/python3.7/site-packages/airflow/example_dags/tutorial_taskflow_api.py
[2023-05-17T13:17:20.171+0000] {processor.py:809} INFO - DAG(s) dict_keys(['tutorial_taskflow_api']) retrieved from /home/airflow/.local/lib/python3.7/site-packages/airflow/example_dags/tutorial_taskflow_api.py
[2023-05-17T13:17:20.304+0000] {logging_mixin.py:149} INFO - [2023-05-17T13:17:20.303+0000] {dag.py:2726} INFO - Sync 1 DAGs
[2023-05-17T13:17:20.434+0000] {logging_mixin.py:149} INFO - [2023-05-17T13:17:20.433+0000] {dag.py:3490} INFO - Setting next_dagrun for tutorial_taskflow_api to None, run_after=None
[2023-05-17T13:17:20.600+0000] {processor.py:178} INFO - Processing /home/airflow/.local/lib/python3.7/site-packages/airflow/example_dags/tutorial_taskflow_api.py took 0.459 seconds
[2023-05-17T13:18:04.565+0000] {processor.py:156} INFO - Started process (PID=1044) to work on /home/airflow/.local/lib/python3.7/site-packages/airflow/example_dags/tutorial_taskflow_api.py
[2023-05-17T13:18:04.567+0000] {processor.py:799} INFO - Processing file /home/airflow/.local/lib/python3.7/site-packages/airflow/example_dags/tutorial_taskflow_api.py for tasks to queue
[2023-05-17T13:18:04.572+0000] {logging_mixin.py:149} INFO - [2023-05-17T13:18:04.571+0000] {dagbag.py:541} INFO - Filling up the DagBag from /home/airflow/.local/lib/python3.7/site-packages/airflow/example_dags/tutorial_taskflow_api.py
[2023-05-17T13:18:04.592+0000] {processor.py:809} INFO - DAG(s) dict_keys(['tutorial_taskflow_api']) retrieved from /home/airflow/.local/lib/python3.7/site-packages/airflow/example_dags/tutorial_taskflow_api.py
[2023-05-17T13:18:04.645+0000] {logging_mixin.py:149} INFO - [2023-05-17T13:18:04.644+0000] {dag.py:2726} INFO - Sync 1 DAGs
[2023-05-17T13:18:04.712+0000] {logging_mixin.py:149} INFO - [2023-05-17T13:18:04.711+0000] {dag.py:3490} INFO - Setting next_dagrun for tutorial_taskflow_api to None, run_after=None
[2023-05-17T13:18:05.398+0000] {processor.py:178} INFO - Processing /home/airflow/.local/lib/python3.7/site-packages/airflow/example_dags/tutorial_taskflow_api.py took 0.841 seconds
[2023-05-17T13:18:48.869+0000] {processor.py:156} INFO - Started process (PID=1102) to work on /home/airflow/.local/lib/python3.7/site-packages/airflow/example_dags/tutorial_taskflow_api.py
[2023-05-17T13:18:48.936+0000] {processor.py:799} INFO - Processing file /home/airflow/.local/lib/python3.7/site-packages/airflow/example_dags/tutorial_taskflow_api.py for tasks to queue
[2023-05-17T13:18:48.940+0000] {logging_mixin.py:149} INFO - [2023-05-17T13:18:48.940+0000] {dagbag.py:541} INFO - Filling up the DagBag from /home/airflow/.local/lib/python3.7/site-packages/airflow/example_dags/tutorial_taskflow_api.py
[2023-05-17T13:18:48.987+0000] {processor.py:809} INFO - DAG(s) dict_keys(['tutorial_taskflow_api']) retrieved from /home/airflow/.local/lib/python3.7/site-packages/airflow/example_dags/tutorial_taskflow_api.py
[2023-05-17T13:18:49.175+0000] {logging_mixin.py:149} INFO - [2023-05-17T13:18:49.173+0000] {dag.py:2726} INFO - Sync 1 DAGs
[2023-05-17T13:18:49.276+0000] {logging_mixin.py:149} INFO - [2023-05-17T13:18:49.276+0000] {dag.py:3490} INFO - Setting next_dagrun for tutorial_taskflow_api to None, run_after=None
[2023-05-17T13:18:49.522+0000] {processor.py:178} INFO - Processing /home/airflow/.local/lib/python3.7/site-packages/airflow/example_dags/tutorial_taskflow_api.py took 0.674 seconds
[2023-05-17T13:19:19.973+0000] {processor.py:156} INFO - Started process (PID=1160) to work on /home/airflow/.local/lib/python3.7/site-packages/airflow/example_dags/tutorial_taskflow_api.py
[2023-05-17T13:19:19.976+0000] {processor.py:799} INFO - Processing file /home/airflow/.local/lib/python3.7/site-packages/airflow/example_dags/tutorial_taskflow_api.py for tasks to queue
[2023-05-17T13:19:19.979+0000] {logging_mixin.py:149} INFO - [2023-05-17T13:19:19.978+0000] {dagbag.py:541} INFO - Filling up the DagBag from /home/airflow/.local/lib/python3.7/site-packages/airflow/example_dags/tutorial_taskflow_api.py
[2023-05-17T13:19:19.997+0000] {processor.py:809} INFO - DAG(s) dict_keys(['tutorial_taskflow_api']) retrieved from /home/airflow/.local/lib/python3.7/site-packages/airflow/example_dags/tutorial_taskflow_api.py
[2023-05-17T13:19:20.236+0000] {logging_mixin.py:149} INFO - [2023-05-17T13:19:20.236+0000] {dag.py:2726} INFO - Sync 1 DAGs
[2023-05-17T13:19:20.327+0000] {logging_mixin.py:149} INFO - [2023-05-17T13:19:20.327+0000] {dag.py:3490} INFO - Setting next_dagrun for tutorial_taskflow_api to None, run_after=None
[2023-05-17T13:19:20.479+0000] {processor.py:178} INFO - Processing /home/airflow/.local/lib/python3.7/site-packages/airflow/example_dags/tutorial_taskflow_api.py took 0.517 seconds
[2023-05-17T13:19:51.178+0000] {processor.py:156} INFO - Started process (PID=1214) to work on /home/airflow/.local/lib/python3.7/site-packages/airflow/example_dags/tutorial_taskflow_api.py
[2023-05-17T13:19:51.181+0000] {processor.py:799} INFO - Processing file /home/airflow/.local/lib/python3.7/site-packages/airflow/example_dags/tutorial_taskflow_api.py for tasks to queue
[2023-05-17T13:19:51.183+0000] {logging_mixin.py:149} INFO - [2023-05-17T13:19:51.183+0000] {dagbag.py:541} INFO - Filling up the DagBag from /home/airflow/.local/lib/python3.7/site-packages/airflow/example_dags/tutorial_taskflow_api.py
[2023-05-17T13:19:51.200+0000] {processor.py:809} INFO - DAG(s) dict_keys(['tutorial_taskflow_api']) retrieved from /home/airflow/.local/lib/python3.7/site-packages/airflow/example_dags/tutorial_taskflow_api.py
[2023-05-17T13:19:51.281+0000] {logging_mixin.py:149} INFO - [2023-05-17T13:19:51.281+0000] {dag.py:2726} INFO - Sync 1 DAGs
[2023-05-17T13:19:51.362+0000] {logging_mixin.py:149} INFO - [2023-05-17T13:19:51.362+0000] {dag.py:3490} INFO - Setting next_dagrun for tutorial_taskflow_api to None, run_after=None
[2023-05-17T13:19:51.884+0000] {processor.py:178} INFO - Processing /home/airflow/.local/lib/python3.7/site-packages/airflow/example_dags/tutorial_taskflow_api.py took 0.719 seconds
[2023-05-17T13:20:22.190+0000] {processor.py:156} INFO - Started process (PID=1273) to work on /home/airflow/.local/lib/python3.7/site-packages/airflow/example_dags/tutorial_taskflow_api.py
[2023-05-17T13:20:22.196+0000] {processor.py:799} INFO - Processing file /home/airflow/.local/lib/python3.7/site-packages/airflow/example_dags/tutorial_taskflow_api.py for tasks to queue
[2023-05-17T13:20:22.199+0000] {logging_mixin.py:149} INFO - [2023-05-17T13:20:22.199+0000] {dagbag.py:541} INFO - Filling up the DagBag from /home/airflow/.local/lib/python3.7/site-packages/airflow/example_dags/tutorial_taskflow_api.py
[2023-05-17T13:20:22.272+0000] {processor.py:809} INFO - DAG(s) dict_keys(['tutorial_taskflow_api']) retrieved from /home/airflow/.local/lib/python3.7/site-packages/airflow/example_dags/tutorial_taskflow_api.py
[2023-05-17T13:20:22.398+0000] {logging_mixin.py:149} INFO - [2023-05-17T13:20:22.398+0000] {dag.py:2726} INFO - Sync 1 DAGs
[2023-05-17T13:20:22.520+0000] {logging_mixin.py:149} INFO - [2023-05-17T13:20:22.520+0000] {dag.py:3490} INFO - Setting next_dagrun for tutorial_taskflow_api to None, run_after=None
[2023-05-17T13:20:22.719+0000] {processor.py:178} INFO - Processing /home/airflow/.local/lib/python3.7/site-packages/airflow/example_dags/tutorial_taskflow_api.py took 0.536 seconds
[2023-05-17T13:20:55.212+0000] {processor.py:156} INFO - Started process (PID=1331) to work on /home/airflow/.local/lib/python3.7/site-packages/airflow/example_dags/tutorial_taskflow_api.py
[2023-05-17T13:20:55.215+0000] {processor.py:799} INFO - Processing file /home/airflow/.local/lib/python3.7/site-packages/airflow/example_dags/tutorial_taskflow_api.py for tasks to queue
[2023-05-17T13:20:55.230+0000] {logging_mixin.py:149} INFO - [2023-05-17T13:20:55.230+0000] {dagbag.py:541} INFO - Filling up the DagBag from /home/airflow/.local/lib/python3.7/site-packages/airflow/example_dags/tutorial_taskflow_api.py
[2023-05-17T13:20:55.268+0000] {processor.py:809} INFO - DAG(s) dict_keys(['tutorial_taskflow_api']) retrieved from /home/airflow/.local/lib/python3.7/site-packages/airflow/example_dags/tutorial_taskflow_api.py
[2023-05-17T13:20:55.454+0000] {logging_mixin.py:149} INFO - [2023-05-17T13:20:55.454+0000] {dag.py:2726} INFO - Sync 1 DAGs
[2023-05-17T13:20:55.623+0000] {logging_mixin.py:149} INFO - [2023-05-17T13:20:55.623+0000] {dag.py:3490} INFO - Setting next_dagrun for tutorial_taskflow_api to None, run_after=None
[2023-05-17T13:20:55.791+0000] {processor.py:178} INFO - Processing /home/airflow/.local/lib/python3.7/site-packages/airflow/example_dags/tutorial_taskflow_api.py took 0.598 seconds
[2023-05-17T13:21:27.651+0000] {processor.py:156} INFO - Started process (PID=1389) to work on /home/airflow/.local/lib/python3.7/site-packages/airflow/example_dags/tutorial_taskflow_api.py
[2023-05-17T13:21:27.654+0000] {processor.py:799} INFO - Processing file /home/airflow/.local/lib/python3.7/site-packages/airflow/example_dags/tutorial_taskflow_api.py for tasks to queue
[2023-05-17T13:21:27.657+0000] {logging_mixin.py:149} INFO - [2023-05-17T13:21:27.657+0000] {dagbag.py:541} INFO - Filling up the DagBag from /home/airflow/.local/lib/python3.7/site-packages/airflow/example_dags/tutorial_taskflow_api.py
[2023-05-17T13:21:27.674+0000] {processor.py:809} INFO - DAG(s) dict_keys(['tutorial_taskflow_api']) retrieved from /home/airflow/.local/lib/python3.7/site-packages/airflow/example_dags/tutorial_taskflow_api.py
[2023-05-17T13:21:27.759+0000] {logging_mixin.py:149} INFO - [2023-05-17T13:21:27.759+0000] {dag.py:2726} INFO - Sync 1 DAGs
[2023-05-17T13:21:27.880+0000] {logging_mixin.py:149} INFO - [2023-05-17T13:21:27.879+0000] {dag.py:3490} INFO - Setting next_dagrun for tutorial_taskflow_api to None, run_after=None
[2023-05-17T13:21:28.239+0000] {processor.py:178} INFO - Processing /home/airflow/.local/lib/python3.7/site-packages/airflow/example_dags/tutorial_taskflow_api.py took 0.601 seconds
[2023-05-17T13:22:01.330+0000] {processor.py:156} INFO - Started process (PID=1448) to work on /home/airflow/.local/lib/python3.7/site-packages/airflow/example_dags/tutorial_taskflow_api.py
[2023-05-17T13:22:01.375+0000] {processor.py:799} INFO - Processing file /home/airflow/.local/lib/python3.7/site-packages/airflow/example_dags/tutorial_taskflow_api.py for tasks to queue
[2023-05-17T13:22:01.414+0000] {logging_mixin.py:149} INFO - [2023-05-17T13:22:01.414+0000] {dagbag.py:541} INFO - Filling up the DagBag from /home/airflow/.local/lib/python3.7/site-packages/airflow/example_dags/tutorial_taskflow_api.py
[2023-05-17T13:22:01.452+0000] {processor.py:809} INFO - DAG(s) dict_keys(['tutorial_taskflow_api']) retrieved from /home/airflow/.local/lib/python3.7/site-packages/airflow/example_dags/tutorial_taskflow_api.py
[2023-05-17T13:22:01.644+0000] {logging_mixin.py:149} INFO - [2023-05-17T13:22:01.643+0000] {dag.py:2726} INFO - Sync 1 DAGs
[2023-05-17T13:22:01.726+0000] {logging_mixin.py:149} INFO - [2023-05-17T13:22:01.726+0000] {dag.py:3490} INFO - Setting next_dagrun for tutorial_taskflow_api to None, run_after=None
[2023-05-17T13:22:02.362+0000] {processor.py:178} INFO - Processing /home/airflow/.local/lib/python3.7/site-packages/airflow/example_dags/tutorial_taskflow_api.py took 1.040 seconds
[2023-05-17T13:23:01.665+0000] {processor.py:156} INFO - Started process (PID=1510) to work on /home/airflow/.local/lib/python3.7/site-packages/airflow/example_dags/tutorial_taskflow_api.py
[2023-05-17T13:23:01.672+0000] {processor.py:799} INFO - Processing file /home/airflow/.local/lib/python3.7/site-packages/airflow/example_dags/tutorial_taskflow_api.py for tasks to queue
[2023-05-17T13:23:01.674+0000] {logging_mixin.py:149} INFO - [2023-05-17T13:23:01.674+0000] {dagbag.py:541} INFO - Filling up the DagBag from /home/airflow/.local/lib/python3.7/site-packages/airflow/example_dags/tutorial_taskflow_api.py
[2023-05-17T13:23:01.701+0000] {processor.py:809} INFO - DAG(s) dict_keys(['tutorial_taskflow_api']) retrieved from /home/airflow/.local/lib/python3.7/site-packages/airflow/example_dags/tutorial_taskflow_api.py
[2023-05-17T13:23:01.780+0000] {logging_mixin.py:149} INFO - [2023-05-17T13:23:01.780+0000] {dag.py:2726} INFO - Sync 1 DAGs
[2023-05-17T13:23:01.893+0000] {logging_mixin.py:149} INFO - [2023-05-17T13:23:01.893+0000] {dag.py:3490} INFO - Setting next_dagrun for tutorial_taskflow_api to None, run_after=None
[2023-05-17T13:23:02.925+0000] {processor.py:178} INFO - Processing /home/airflow/.local/lib/python3.7/site-packages/airflow/example_dags/tutorial_taskflow_api.py took 1.271 seconds
[2023-05-17T13:23:33.660+0000] {processor.py:156} INFO - Started process (PID=1567) to work on /home/airflow/.local/lib/python3.7/site-packages/airflow/example_dags/tutorial_taskflow_api.py
[2023-05-17T13:23:33.664+0000] {processor.py:799} INFO - Processing file /home/airflow/.local/lib/python3.7/site-packages/airflow/example_dags/tutorial_taskflow_api.py for tasks to queue
[2023-05-17T13:23:33.666+0000] {logging_mixin.py:149} INFO - [2023-05-17T13:23:33.666+0000] {dagbag.py:541} INFO - Filling up the DagBag from /home/airflow/.local/lib/python3.7/site-packages/airflow/example_dags/tutorial_taskflow_api.py
[2023-05-17T13:23:33.688+0000] {processor.py:809} INFO - DAG(s) dict_keys(['tutorial_taskflow_api']) retrieved from /home/airflow/.local/lib/python3.7/site-packages/airflow/example_dags/tutorial_taskflow_api.py
[2023-05-17T13:23:33.766+0000] {logging_mixin.py:149} INFO - [2023-05-17T13:23:33.765+0000] {dag.py:2726} INFO - Sync 1 DAGs
[2023-05-17T13:23:33.871+0000] {logging_mixin.py:149} INFO - [2023-05-17T13:23:33.870+0000] {dag.py:3490} INFO - Setting next_dagrun for tutorial_taskflow_api to None, run_after=None
[2023-05-17T13:23:34.383+0000] {processor.py:178} INFO - Processing /home/airflow/.local/lib/python3.7/site-packages/airflow/example_dags/tutorial_taskflow_api.py took 0.733 seconds
[2023-05-17T13:24:04.738+0000] {processor.py:156} INFO - Started process (PID=1626) to work on /home/airflow/.local/lib/python3.7/site-packages/airflow/example_dags/tutorial_taskflow_api.py
[2023-05-17T13:24:04.741+0000] {processor.py:799} INFO - Processing file /home/airflow/.local/lib/python3.7/site-packages/airflow/example_dags/tutorial_taskflow_api.py for tasks to queue
[2023-05-17T13:24:04.743+0000] {logging_mixin.py:149} INFO - [2023-05-17T13:24:04.743+0000] {dagbag.py:541} INFO - Filling up the DagBag from /home/airflow/.local/lib/python3.7/site-packages/airflow/example_dags/tutorial_taskflow_api.py
[2023-05-17T13:24:04.766+0000] {processor.py:809} INFO - DAG(s) dict_keys(['tutorial_taskflow_api']) retrieved from /home/airflow/.local/lib/python3.7/site-packages/airflow/example_dags/tutorial_taskflow_api.py
[2023-05-17T13:24:04.901+0000] {logging_mixin.py:149} INFO - [2023-05-17T13:24:04.900+0000] {dag.py:2726} INFO - Sync 1 DAGs
[2023-05-17T13:24:05.099+0000] {logging_mixin.py:149} INFO - [2023-05-17T13:24:05.099+0000] {dag.py:3490} INFO - Setting next_dagrun for tutorial_taskflow_api to None, run_after=None
[2023-05-17T13:24:05.418+0000] {processor.py:178} INFO - Processing /home/airflow/.local/lib/python3.7/site-packages/airflow/example_dags/tutorial_taskflow_api.py took 0.691 seconds
[2023-05-17T13:24:39.442+0000] {processor.py:156} INFO - Started process (PID=1684) to work on /home/airflow/.local/lib/python3.7/site-packages/airflow/example_dags/tutorial_taskflow_api.py
[2023-05-17T13:24:39.457+0000] {processor.py:799} INFO - Processing file /home/airflow/.local/lib/python3.7/site-packages/airflow/example_dags/tutorial_taskflow_api.py for tasks to queue
[2023-05-17T13:24:39.461+0000] {logging_mixin.py:149} INFO - [2023-05-17T13:24:39.460+0000] {dagbag.py:541} INFO - Filling up the DagBag from /home/airflow/.local/lib/python3.7/site-packages/airflow/example_dags/tutorial_taskflow_api.py
[2023-05-17T13:24:39.507+0000] {processor.py:809} INFO - DAG(s) dict_keys(['tutorial_taskflow_api']) retrieved from /home/airflow/.local/lib/python3.7/site-packages/airflow/example_dags/tutorial_taskflow_api.py
[2023-05-17T13:24:39.619+0000] {logging_mixin.py:149} INFO - [2023-05-17T13:24:39.619+0000] {dag.py:2726} INFO - Sync 1 DAGs
[2023-05-17T13:24:39.807+0000] {logging_mixin.py:149} INFO - [2023-05-17T13:24:39.807+0000] {dag.py:3490} INFO - Setting next_dagrun for tutorial_taskflow_api to None, run_after=None
[2023-05-17T13:24:40.606+0000] {processor.py:178} INFO - Processing /home/airflow/.local/lib/python3.7/site-packages/airflow/example_dags/tutorial_taskflow_api.py took 1.230 seconds
[2023-05-17T13:25:10.916+0000] {processor.py:156} INFO - Started process (PID=1736) to work on /home/airflow/.local/lib/python3.7/site-packages/airflow/example_dags/tutorial_taskflow_api.py
[2023-05-17T13:25:10.917+0000] {processor.py:799} INFO - Processing file /home/airflow/.local/lib/python3.7/site-packages/airflow/example_dags/tutorial_taskflow_api.py for tasks to queue
[2023-05-17T13:25:10.919+0000] {logging_mixin.py:149} INFO - [2023-05-17T13:25:10.919+0000] {dagbag.py:541} INFO - Filling up the DagBag from /home/airflow/.local/lib/python3.7/site-packages/airflow/example_dags/tutorial_taskflow_api.py
[2023-05-17T13:25:10.935+0000] {processor.py:809} INFO - DAG(s) dict_keys(['tutorial_taskflow_api']) retrieved from /home/airflow/.local/lib/python3.7/site-packages/airflow/example_dags/tutorial_taskflow_api.py
[2023-05-17T13:25:10.995+0000] {logging_mixin.py:149} INFO - [2023-05-17T13:25:10.994+0000] {dag.py:2726} INFO - Sync 1 DAGs
[2023-05-17T13:25:11.065+0000] {logging_mixin.py:149} INFO - [2023-05-17T13:25:11.065+0000] {dag.py:3490} INFO - Setting next_dagrun for tutorial_taskflow_api to None, run_after=None
[2023-05-17T13:25:11.222+0000] {processor.py:178} INFO - Processing /home/airflow/.local/lib/python3.7/site-packages/airflow/example_dags/tutorial_taskflow_api.py took 0.316 seconds
[2023-05-17T13:25:42.323+0000] {processor.py:156} INFO - Started process (PID=1794) to work on /home/airflow/.local/lib/python3.7/site-packages/airflow/example_dags/tutorial_taskflow_api.py
[2023-05-17T13:25:42.326+0000] {processor.py:799} INFO - Processing file /home/airflow/.local/lib/python3.7/site-packages/airflow/example_dags/tutorial_taskflow_api.py for tasks to queue
[2023-05-17T13:25:42.329+0000] {logging_mixin.py:149} INFO - [2023-05-17T13:25:42.328+0000] {dagbag.py:541} INFO - Filling up the DagBag from /home/airflow/.local/lib/python3.7/site-packages/airflow/example_dags/tutorial_taskflow_api.py
[2023-05-17T13:25:42.348+0000] {processor.py:809} INFO - DAG(s) dict_keys(['tutorial_taskflow_api']) retrieved from /home/airflow/.local/lib/python3.7/site-packages/airflow/example_dags/tutorial_taskflow_api.py
[2023-05-17T13:25:42.479+0000] {logging_mixin.py:149} INFO - [2023-05-17T13:25:42.479+0000] {dag.py:2726} INFO - Sync 1 DAGs
[2023-05-17T13:25:42.532+0000] {logging_mixin.py:149} INFO - [2023-05-17T13:25:42.531+0000] {dag.py:3490} INFO - Setting next_dagrun for tutorial_taskflow_api to None, run_after=None
[2023-05-17T13:25:42.780+0000] {processor.py:178} INFO - Processing /home/airflow/.local/lib/python3.7/site-packages/airflow/example_dags/tutorial_taskflow_api.py took 0.466 seconds
[2023-05-17T13:26:15.568+0000] {processor.py:156} INFO - Started process (PID=1851) to work on /home/airflow/.local/lib/python3.7/site-packages/airflow/example_dags/tutorial_taskflow_api.py
[2023-05-17T13:26:15.570+0000] {processor.py:799} INFO - Processing file /home/airflow/.local/lib/python3.7/site-packages/airflow/example_dags/tutorial_taskflow_api.py for tasks to queue
[2023-05-17T13:26:15.572+0000] {logging_mixin.py:149} INFO - [2023-05-17T13:26:15.572+0000] {dagbag.py:541} INFO - Filling up the DagBag from /home/airflow/.local/lib/python3.7/site-packages/airflow/example_dags/tutorial_taskflow_api.py
[2023-05-17T13:26:15.590+0000] {processor.py:809} INFO - DAG(s) dict_keys(['tutorial_taskflow_api']) retrieved from /home/airflow/.local/lib/python3.7/site-packages/airflow/example_dags/tutorial_taskflow_api.py
[2023-05-17T13:26:15.658+0000] {logging_mixin.py:149} INFO - [2023-05-17T13:26:15.658+0000] {dag.py:2726} INFO - Sync 1 DAGs
[2023-05-17T13:26:15.723+0000] {logging_mixin.py:149} INFO - [2023-05-17T13:26:15.723+0000] {dag.py:3490} INFO - Setting next_dagrun for tutorial_taskflow_api to None, run_after=None
[2023-05-17T13:26:15.958+0000] {processor.py:178} INFO - Processing /home/airflow/.local/lib/python3.7/site-packages/airflow/example_dags/tutorial_taskflow_api.py took 0.398 seconds
[2023-05-17T13:26:46.458+0000] {processor.py:156} INFO - Started process (PID=1905) to work on /home/airflow/.local/lib/python3.7/site-packages/airflow/example_dags/tutorial_taskflow_api.py
[2023-05-17T13:26:46.464+0000] {processor.py:799} INFO - Processing file /home/airflow/.local/lib/python3.7/site-packages/airflow/example_dags/tutorial_taskflow_api.py for tasks to queue
[2023-05-17T13:26:46.474+0000] {logging_mixin.py:149} INFO - [2023-05-17T13:26:46.473+0000] {dagbag.py:541} INFO - Filling up the DagBag from /home/airflow/.local/lib/python3.7/site-packages/airflow/example_dags/tutorial_taskflow_api.py
[2023-05-17T13:26:46.503+0000] {processor.py:809} INFO - DAG(s) dict_keys(['tutorial_taskflow_api']) retrieved from /home/airflow/.local/lib/python3.7/site-packages/airflow/example_dags/tutorial_taskflow_api.py
[2023-05-17T13:26:46.574+0000] {logging_mixin.py:149} INFO - [2023-05-17T13:26:46.574+0000] {dag.py:2726} INFO - Sync 1 DAGs
[2023-05-17T13:26:46.653+0000] {logging_mixin.py:149} INFO - [2023-05-17T13:26:46.652+0000] {dag.py:3490} INFO - Setting next_dagrun for tutorial_taskflow_api to None, run_after=None
[2023-05-17T13:26:46.967+0000] {processor.py:178} INFO - Processing /home/airflow/.local/lib/python3.7/site-packages/airflow/example_dags/tutorial_taskflow_api.py took 0.520 seconds
[2023-05-17T13:32:13.949+0000] {processor.py:156} INFO - Started process (PID=74) to work on /home/airflow/.local/lib/python3.7/site-packages/airflow/example_dags/tutorial_taskflow_api.py
[2023-05-17T13:32:13.952+0000] {processor.py:799} INFO - Processing file /home/airflow/.local/lib/python3.7/site-packages/airflow/example_dags/tutorial_taskflow_api.py for tasks to queue
[2023-05-17T13:32:13.954+0000] {logging_mixin.py:149} INFO - [2023-05-17T13:32:13.954+0000] {dagbag.py:541} INFO - Filling up the DagBag from /home/airflow/.local/lib/python3.7/site-packages/airflow/example_dags/tutorial_taskflow_api.py
[2023-05-17T13:32:13.973+0000] {processor.py:809} INFO - DAG(s) dict_keys(['tutorial_taskflow_api']) retrieved from /home/airflow/.local/lib/python3.7/site-packages/airflow/example_dags/tutorial_taskflow_api.py
[2023-05-17T13:32:14.088+0000] {logging_mixin.py:149} INFO - [2023-05-17T13:32:14.087+0000] {dag.py:2726} INFO - Sync 1 DAGs
[2023-05-17T13:32:14.165+0000] {logging_mixin.py:149} INFO - [2023-05-17T13:32:14.164+0000] {dag.py:3490} INFO - Setting next_dagrun for tutorial_taskflow_api to None, run_after=None
[2023-05-17T13:32:14.319+0000] {processor.py:178} INFO - Processing /home/airflow/.local/lib/python3.7/site-packages/airflow/example_dags/tutorial_taskflow_api.py took 0.380 seconds
[2023-05-17T13:33:54.420+0000] {processor.py:156} INFO - Started process (PID=137) to work on /home/airflow/.local/lib/python3.7/site-packages/airflow/example_dags/tutorial_taskflow_api.py
[2023-05-17T13:33:54.422+0000] {processor.py:799} INFO - Processing file /home/airflow/.local/lib/python3.7/site-packages/airflow/example_dags/tutorial_taskflow_api.py for tasks to queue
[2023-05-17T13:33:54.425+0000] {logging_mixin.py:149} INFO - [2023-05-17T13:33:54.424+0000] {dagbag.py:541} INFO - Filling up the DagBag from /home/airflow/.local/lib/python3.7/site-packages/airflow/example_dags/tutorial_taskflow_api.py
[2023-05-17T13:33:54.578+0000] {processor.py:809} INFO - DAG(s) dict_keys(['tutorial_taskflow_api']) retrieved from /home/airflow/.local/lib/python3.7/site-packages/airflow/example_dags/tutorial_taskflow_api.py
[2023-05-17T13:33:54.630+0000] {logging_mixin.py:149} INFO - [2023-05-17T13:33:54.630+0000] {dag.py:2726} INFO - Sync 1 DAGs
[2023-05-17T13:33:54.697+0000] {logging_mixin.py:149} INFO - [2023-05-17T13:33:54.696+0000] {dag.py:3490} INFO - Setting next_dagrun for tutorial_taskflow_api to None, run_after=None
[2023-05-17T13:33:56.223+0000] {processor.py:178} INFO - Processing /home/airflow/.local/lib/python3.7/site-packages/airflow/example_dags/tutorial_taskflow_api.py took 1.809 seconds
[2023-05-17T13:36:33.203+0000] {processor.py:156} INFO - Started process (PID=214) to work on /home/airflow/.local/lib/python3.7/site-packages/airflow/example_dags/tutorial_taskflow_api.py
[2023-05-17T13:36:33.205+0000] {processor.py:799} INFO - Processing file /home/airflow/.local/lib/python3.7/site-packages/airflow/example_dags/tutorial_taskflow_api.py for tasks to queue
[2023-05-17T13:36:33.209+0000] {logging_mixin.py:149} INFO - [2023-05-17T13:36:33.208+0000] {dagbag.py:541} INFO - Filling up the DagBag from /home/airflow/.local/lib/python3.7/site-packages/airflow/example_dags/tutorial_taskflow_api.py
[2023-05-17T13:36:33.232+0000] {processor.py:809} INFO - DAG(s) dict_keys(['tutorial_taskflow_api']) retrieved from /home/airflow/.local/lib/python3.7/site-packages/airflow/example_dags/tutorial_taskflow_api.py
[2023-05-17T13:36:33.580+0000] {logging_mixin.py:149} INFO - [2023-05-17T13:36:33.579+0000] {dag.py:2726} INFO - Sync 1 DAGs
[2023-05-17T13:36:33.780+0000] {logging_mixin.py:149} INFO - [2023-05-17T13:36:33.779+0000] {dag.py:3490} INFO - Setting next_dagrun for tutorial_taskflow_api to None, run_after=None
[2023-05-17T13:36:33.964+0000] {processor.py:178} INFO - Processing /home/airflow/.local/lib/python3.7/site-packages/airflow/example_dags/tutorial_taskflow_api.py took 0.771 seconds
[2023-05-17T13:37:06.468+0000] {processor.py:156} INFO - Started process (PID=270) to work on /home/airflow/.local/lib/python3.7/site-packages/airflow/example_dags/tutorial_taskflow_api.py
[2023-05-17T13:37:06.470+0000] {processor.py:799} INFO - Processing file /home/airflow/.local/lib/python3.7/site-packages/airflow/example_dags/tutorial_taskflow_api.py for tasks to queue
[2023-05-17T13:37:06.472+0000] {logging_mixin.py:149} INFO - [2023-05-17T13:37:06.471+0000] {dagbag.py:541} INFO - Filling up the DagBag from /home/airflow/.local/lib/python3.7/site-packages/airflow/example_dags/tutorial_taskflow_api.py
[2023-05-17T13:37:06.484+0000] {processor.py:809} INFO - DAG(s) dict_keys(['tutorial_taskflow_api']) retrieved from /home/airflow/.local/lib/python3.7/site-packages/airflow/example_dags/tutorial_taskflow_api.py
[2023-05-17T13:37:06.544+0000] {logging_mixin.py:149} INFO - [2023-05-17T13:37:06.541+0000] {dag.py:2726} INFO - Sync 1 DAGs
[2023-05-17T13:37:06.605+0000] {logging_mixin.py:149} INFO - [2023-05-17T13:37:06.604+0000] {dag.py:3490} INFO - Setting next_dagrun for tutorial_taskflow_api to None, run_after=None
[2023-05-17T13:37:07.300+0000] {processor.py:178} INFO - Processing /home/airflow/.local/lib/python3.7/site-packages/airflow/example_dags/tutorial_taskflow_api.py took 0.839 seconds
[2023-05-17T13:37:37.919+0000] {processor.py:156} INFO - Started process (PID=324) to work on /home/airflow/.local/lib/python3.7/site-packages/airflow/example_dags/tutorial_taskflow_api.py
[2023-05-17T13:37:37.921+0000] {processor.py:799} INFO - Processing file /home/airflow/.local/lib/python3.7/site-packages/airflow/example_dags/tutorial_taskflow_api.py for tasks to queue
[2023-05-17T13:37:37.925+0000] {logging_mixin.py:149} INFO - [2023-05-17T13:37:37.924+0000] {dagbag.py:541} INFO - Filling up the DagBag from /home/airflow/.local/lib/python3.7/site-packages/airflow/example_dags/tutorial_taskflow_api.py
[2023-05-17T13:37:37.947+0000] {processor.py:809} INFO - DAG(s) dict_keys(['tutorial_taskflow_api']) retrieved from /home/airflow/.local/lib/python3.7/site-packages/airflow/example_dags/tutorial_taskflow_api.py
[2023-05-17T13:37:38.042+0000] {logging_mixin.py:149} INFO - [2023-05-17T13:37:38.042+0000] {dag.py:2726} INFO - Sync 1 DAGs
[2023-05-17T13:37:38.135+0000] {logging_mixin.py:149} INFO - [2023-05-17T13:37:38.134+0000] {dag.py:3490} INFO - Setting next_dagrun for tutorial_taskflow_api to None, run_after=None
[2023-05-17T13:37:38.245+0000] {processor.py:178} INFO - Processing /home/airflow/.local/lib/python3.7/site-packages/airflow/example_dags/tutorial_taskflow_api.py took 0.336 seconds
[2023-05-17T13:38:08.843+0000] {processor.py:156} INFO - Started process (PID=383) to work on /home/airflow/.local/lib/python3.7/site-packages/airflow/example_dags/tutorial_taskflow_api.py
[2023-05-17T13:38:08.846+0000] {processor.py:799} INFO - Processing file /home/airflow/.local/lib/python3.7/site-packages/airflow/example_dags/tutorial_taskflow_api.py for tasks to queue
[2023-05-17T13:38:08.849+0000] {logging_mixin.py:149} INFO - [2023-05-17T13:38:08.848+0000] {dagbag.py:541} INFO - Filling up the DagBag from /home/airflow/.local/lib/python3.7/site-packages/airflow/example_dags/tutorial_taskflow_api.py
[2023-05-17T13:38:08.874+0000] {processor.py:809} INFO - DAG(s) dict_keys(['tutorial_taskflow_api']) retrieved from /home/airflow/.local/lib/python3.7/site-packages/airflow/example_dags/tutorial_taskflow_api.py
[2023-05-17T13:38:08.951+0000] {logging_mixin.py:149} INFO - [2023-05-17T13:38:08.951+0000] {dag.py:2726} INFO - Sync 1 DAGs
[2023-05-17T13:38:09.050+0000] {logging_mixin.py:149} INFO - [2023-05-17T13:38:09.050+0000] {dag.py:3490} INFO - Setting next_dagrun for tutorial_taskflow_api to None, run_after=None
[2023-05-17T13:38:09.152+0000] {processor.py:178} INFO - Processing /home/airflow/.local/lib/python3.7/site-packages/airflow/example_dags/tutorial_taskflow_api.py took 0.318 seconds
[2023-05-17T13:38:39.451+0000] {processor.py:156} INFO - Started process (PID=436) to work on /home/airflow/.local/lib/python3.7/site-packages/airflow/example_dags/tutorial_taskflow_api.py
[2023-05-17T13:38:39.454+0000] {processor.py:799} INFO - Processing file /home/airflow/.local/lib/python3.7/site-packages/airflow/example_dags/tutorial_taskflow_api.py for tasks to queue
[2023-05-17T13:38:39.457+0000] {logging_mixin.py:149} INFO - [2023-05-17T13:38:39.457+0000] {dagbag.py:541} INFO - Filling up the DagBag from /home/airflow/.local/lib/python3.7/site-packages/airflow/example_dags/tutorial_taskflow_api.py
[2023-05-17T13:38:39.475+0000] {processor.py:809} INFO - DAG(s) dict_keys(['tutorial_taskflow_api']) retrieved from /home/airflow/.local/lib/python3.7/site-packages/airflow/example_dags/tutorial_taskflow_api.py
[2023-05-17T13:38:39.535+0000] {logging_mixin.py:149} INFO - [2023-05-17T13:38:39.534+0000] {dag.py:2726} INFO - Sync 1 DAGs
[2023-05-17T13:38:39.588+0000] {logging_mixin.py:149} INFO - [2023-05-17T13:38:39.588+0000] {dag.py:3490} INFO - Setting next_dagrun for tutorial_taskflow_api to None, run_after=None
[2023-05-17T13:38:39.685+0000] {processor.py:178} INFO - Processing /home/airflow/.local/lib/python3.7/site-packages/airflow/example_dags/tutorial_taskflow_api.py took 0.243 seconds
[2023-05-17T13:39:10.382+0000] {processor.py:156} INFO - Started process (PID=495) to work on /home/airflow/.local/lib/python3.7/site-packages/airflow/example_dags/tutorial_taskflow_api.py
[2023-05-17T13:39:10.385+0000] {processor.py:799} INFO - Processing file /home/airflow/.local/lib/python3.7/site-packages/airflow/example_dags/tutorial_taskflow_api.py for tasks to queue
[2023-05-17T13:39:10.389+0000] {logging_mixin.py:149} INFO - [2023-05-17T13:39:10.388+0000] {dagbag.py:541} INFO - Filling up the DagBag from /home/airflow/.local/lib/python3.7/site-packages/airflow/example_dags/tutorial_taskflow_api.py
[2023-05-17T13:39:10.426+0000] {processor.py:809} INFO - DAG(s) dict_keys(['tutorial_taskflow_api']) retrieved from /home/airflow/.local/lib/python3.7/site-packages/airflow/example_dags/tutorial_taskflow_api.py
[2023-05-17T13:39:10.498+0000] {logging_mixin.py:149} INFO - [2023-05-17T13:39:10.497+0000] {dag.py:2726} INFO - Sync 1 DAGs
[2023-05-17T13:39:10.580+0000] {logging_mixin.py:149} INFO - [2023-05-17T13:39:10.580+0000] {dag.py:3490} INFO - Setting next_dagrun for tutorial_taskflow_api to None, run_after=None
[2023-05-17T13:39:10.773+0000] {processor.py:178} INFO - Processing /home/airflow/.local/lib/python3.7/site-packages/airflow/example_dags/tutorial_taskflow_api.py took 0.407 seconds
[2023-05-17T13:39:42.245+0000] {processor.py:156} INFO - Started process (PID=554) to work on /home/airflow/.local/lib/python3.7/site-packages/airflow/example_dags/tutorial_taskflow_api.py
[2023-05-17T13:39:42.247+0000] {processor.py:799} INFO - Processing file /home/airflow/.local/lib/python3.7/site-packages/airflow/example_dags/tutorial_taskflow_api.py for tasks to queue
[2023-05-17T13:39:42.249+0000] {logging_mixin.py:149} INFO - [2023-05-17T13:39:42.249+0000] {dagbag.py:541} INFO - Filling up the DagBag from /home/airflow/.local/lib/python3.7/site-packages/airflow/example_dags/tutorial_taskflow_api.py
[2023-05-17T13:39:42.262+0000] {processor.py:809} INFO - DAG(s) dict_keys(['tutorial_taskflow_api']) retrieved from /home/airflow/.local/lib/python3.7/site-packages/airflow/example_dags/tutorial_taskflow_api.py
[2023-05-17T13:39:42.317+0000] {logging_mixin.py:149} INFO - [2023-05-17T13:39:42.316+0000] {dag.py:2726} INFO - Sync 1 DAGs
[2023-05-17T13:39:42.391+0000] {logging_mixin.py:149} INFO - [2023-05-17T13:39:42.391+0000] {dag.py:3490} INFO - Setting next_dagrun for tutorial_taskflow_api to None, run_after=None
[2023-05-17T13:39:42.599+0000] {processor.py:178} INFO - Processing /home/airflow/.local/lib/python3.7/site-packages/airflow/example_dags/tutorial_taskflow_api.py took 0.362 seconds
[2023-05-17T13:40:12.964+0000] {processor.py:156} INFO - Started process (PID=612) to work on /home/airflow/.local/lib/python3.7/site-packages/airflow/example_dags/tutorial_taskflow_api.py
[2023-05-17T13:40:12.967+0000] {processor.py:799} INFO - Processing file /home/airflow/.local/lib/python3.7/site-packages/airflow/example_dags/tutorial_taskflow_api.py for tasks to queue
[2023-05-17T13:40:12.975+0000] {logging_mixin.py:149} INFO - [2023-05-17T13:40:12.975+0000] {dagbag.py:541} INFO - Filling up the DagBag from /home/airflow/.local/lib/python3.7/site-packages/airflow/example_dags/tutorial_taskflow_api.py
[2023-05-17T13:40:13.004+0000] {processor.py:809} INFO - DAG(s) dict_keys(['tutorial_taskflow_api']) retrieved from /home/airflow/.local/lib/python3.7/site-packages/airflow/example_dags/tutorial_taskflow_api.py
[2023-05-17T13:40:13.125+0000] {logging_mixin.py:149} INFO - [2023-05-17T13:40:13.125+0000] {dag.py:2726} INFO - Sync 1 DAGs
[2023-05-17T13:40:13.223+0000] {logging_mixin.py:149} INFO - [2023-05-17T13:40:13.222+0000] {dag.py:3490} INFO - Setting next_dagrun for tutorial_taskflow_api to None, run_after=None
[2023-05-17T13:40:13.407+0000] {processor.py:178} INFO - Processing /home/airflow/.local/lib/python3.7/site-packages/airflow/example_dags/tutorial_taskflow_api.py took 0.457 seconds
