[2023-05-17T13:08:32.983+0000] {processor.py:156} INFO - Started process (PID=191) to work on /home/airflow/.local/lib/python3.7/site-packages/airflow/example_dags/tutorial_dag.py
[2023-05-17T13:08:32.985+0000] {processor.py:799} INFO - Processing file /home/airflow/.local/lib/python3.7/site-packages/airflow/example_dags/tutorial_dag.py for tasks to queue
[2023-05-17T13:08:32.987+0000] {logging_mixin.py:149} INFO - [2023-05-17T13:08:32.986+0000] {dagbag.py:541} INFO - Filling up the DagBag from /home/airflow/.local/lib/python3.7/site-packages/airflow/example_dags/tutorial_dag.py
[2023-05-17T13:08:33.053+0000] {processor.py:809} INFO - DAG(s) dict_keys(['tutorial_dag']) retrieved from /home/airflow/.local/lib/python3.7/site-packages/airflow/example_dags/tutorial_dag.py
[2023-05-17T13:08:34.176+0000] {logging_mixin.py:149} INFO - [2023-05-17T13:08:34.175+0000] {manager.py:504} INFO - Created Permission View: can read on DAG:tutorial_dag
[2023-05-17T13:08:34.358+0000] {logging_mixin.py:149} INFO - [2023-05-17T13:08:34.358+0000] {manager.py:504} INFO - Created Permission View: can edit on DAG:tutorial_dag
[2023-05-17T13:08:34.619+0000] {logging_mixin.py:149} INFO - [2023-05-17T13:08:34.618+0000] {manager.py:504} INFO - Created Permission View: can delete on DAG:tutorial_dag
[2023-05-17T13:08:34.621+0000] {logging_mixin.py:149} INFO - [2023-05-17T13:08:34.620+0000] {dag.py:2726} INFO - Sync 1 DAGs
[2023-05-17T13:08:34.659+0000] {logging_mixin.py:149} INFO - [2023-05-17T13:08:34.659+0000] {dag.py:2747} INFO - Creating ORM DAG for tutorial_dag
[2023-05-17T13:08:34.687+0000] {logging_mixin.py:149} INFO - [2023-05-17T13:08:34.686+0000] {dag.py:3490} INFO - Setting next_dagrun for tutorial_dag to None, run_after=None
[2023-05-17T13:08:35.021+0000] {processor.py:178} INFO - Processing /home/airflow/.local/lib/python3.7/site-packages/airflow/example_dags/tutorial_dag.py took 2.045 seconds
[2023-05-17T13:09:22.906+0000] {processor.py:156} INFO - Started process (PID=256) to work on /home/airflow/.local/lib/python3.7/site-packages/airflow/example_dags/tutorial_dag.py
[2023-05-17T13:09:22.909+0000] {processor.py:799} INFO - Processing file /home/airflow/.local/lib/python3.7/site-packages/airflow/example_dags/tutorial_dag.py for tasks to queue
[2023-05-17T13:09:22.911+0000] {logging_mixin.py:149} INFO - [2023-05-17T13:09:22.910+0000] {dagbag.py:541} INFO - Filling up the DagBag from /home/airflow/.local/lib/python3.7/site-packages/airflow/example_dags/tutorial_dag.py
[2023-05-17T13:09:22.934+0000] {processor.py:809} INFO - DAG(s) dict_keys(['tutorial_dag']) retrieved from /home/airflow/.local/lib/python3.7/site-packages/airflow/example_dags/tutorial_dag.py
[2023-05-17T13:09:23.013+0000] {logging_mixin.py:149} INFO - [2023-05-17T13:09:23.013+0000] {dag.py:2726} INFO - Sync 1 DAGs
[2023-05-17T13:09:23.153+0000] {logging_mixin.py:149} INFO - [2023-05-17T13:09:23.153+0000] {dag.py:3490} INFO - Setting next_dagrun for tutorial_dag to None, run_after=None
[2023-05-17T13:09:23.416+0000] {processor.py:178} INFO - Processing /home/airflow/.local/lib/python3.7/site-packages/airflow/example_dags/tutorial_dag.py took 0.519 seconds
[2023-05-17T13:10:00.708+0000] {processor.py:156} INFO - Started process (PID=316) to work on /home/airflow/.local/lib/python3.7/site-packages/airflow/example_dags/tutorial_dag.py
[2023-05-17T13:10:00.710+0000] {processor.py:799} INFO - Processing file /home/airflow/.local/lib/python3.7/site-packages/airflow/example_dags/tutorial_dag.py for tasks to queue
[2023-05-17T13:10:00.712+0000] {logging_mixin.py:149} INFO - [2023-05-17T13:10:00.712+0000] {dagbag.py:541} INFO - Filling up the DagBag from /home/airflow/.local/lib/python3.7/site-packages/airflow/example_dags/tutorial_dag.py
[2023-05-17T13:10:00.727+0000] {processor.py:809} INFO - DAG(s) dict_keys(['tutorial_dag']) retrieved from /home/airflow/.local/lib/python3.7/site-packages/airflow/example_dags/tutorial_dag.py
[2023-05-17T13:10:00.821+0000] {logging_mixin.py:149} INFO - [2023-05-17T13:10:00.820+0000] {dag.py:2726} INFO - Sync 1 DAGs
[2023-05-17T13:10:00.889+0000] {logging_mixin.py:149} INFO - [2023-05-17T13:10:00.889+0000] {dag.py:3490} INFO - Setting next_dagrun for tutorial_dag to None, run_after=None
[2023-05-17T13:10:01.111+0000] {processor.py:178} INFO - Processing /home/airflow/.local/lib/python3.7/site-packages/airflow/example_dags/tutorial_dag.py took 0.411 seconds
[2023-05-17T13:10:31.529+0000] {processor.py:156} INFO - Started process (PID=369) to work on /home/airflow/.local/lib/python3.7/site-packages/airflow/example_dags/tutorial_dag.py
[2023-05-17T13:10:31.531+0000] {processor.py:799} INFO - Processing file /home/airflow/.local/lib/python3.7/site-packages/airflow/example_dags/tutorial_dag.py for tasks to queue
[2023-05-17T13:10:31.535+0000] {logging_mixin.py:149} INFO - [2023-05-17T13:10:31.535+0000] {dagbag.py:541} INFO - Filling up the DagBag from /home/airflow/.local/lib/python3.7/site-packages/airflow/example_dags/tutorial_dag.py
[2023-05-17T13:10:31.548+0000] {processor.py:809} INFO - DAG(s) dict_keys(['tutorial_dag']) retrieved from /home/airflow/.local/lib/python3.7/site-packages/airflow/example_dags/tutorial_dag.py
[2023-05-17T13:10:31.623+0000] {logging_mixin.py:149} INFO - [2023-05-17T13:10:31.623+0000] {dag.py:2726} INFO - Sync 1 DAGs
[2023-05-17T13:10:31.707+0000] {logging_mixin.py:149} INFO - [2023-05-17T13:10:31.707+0000] {dag.py:3490} INFO - Setting next_dagrun for tutorial_dag to None, run_after=None
[2023-05-17T13:10:31.947+0000] {processor.py:178} INFO - Processing /home/airflow/.local/lib/python3.7/site-packages/airflow/example_dags/tutorial_dag.py took 0.429 seconds
[2023-05-17T13:11:13.629+0000] {processor.py:156} INFO - Started process (PID=428) to work on /home/airflow/.local/lib/python3.7/site-packages/airflow/example_dags/tutorial_dag.py
[2023-05-17T13:11:13.631+0000] {processor.py:799} INFO - Processing file /home/airflow/.local/lib/python3.7/site-packages/airflow/example_dags/tutorial_dag.py for tasks to queue
[2023-05-17T13:11:13.636+0000] {logging_mixin.py:149} INFO - [2023-05-17T13:11:13.635+0000] {dagbag.py:541} INFO - Filling up the DagBag from /home/airflow/.local/lib/python3.7/site-packages/airflow/example_dags/tutorial_dag.py
[2023-05-17T13:11:13.646+0000] {processor.py:809} INFO - DAG(s) dict_keys(['tutorial_dag']) retrieved from /home/airflow/.local/lib/python3.7/site-packages/airflow/example_dags/tutorial_dag.py
[2023-05-17T13:11:13.755+0000] {logging_mixin.py:149} INFO - [2023-05-17T13:11:13.755+0000] {dag.py:2726} INFO - Sync 1 DAGs
[2023-05-17T13:11:13.883+0000] {logging_mixin.py:149} INFO - [2023-05-17T13:11:13.883+0000] {dag.py:3490} INFO - Setting next_dagrun for tutorial_dag to None, run_after=None
[2023-05-17T13:11:14.059+0000] {processor.py:178} INFO - Processing /home/airflow/.local/lib/python3.7/site-packages/airflow/example_dags/tutorial_dag.py took 0.437 seconds
[2023-05-17T13:11:49.603+0000] {processor.py:156} INFO - Started process (PID=490) to work on /home/airflow/.local/lib/python3.7/site-packages/airflow/example_dags/tutorial_dag.py
[2023-05-17T13:11:49.610+0000] {processor.py:799} INFO - Processing file /home/airflow/.local/lib/python3.7/site-packages/airflow/example_dags/tutorial_dag.py for tasks to queue
[2023-05-17T13:11:49.614+0000] {logging_mixin.py:149} INFO - [2023-05-17T13:11:49.613+0000] {dagbag.py:541} INFO - Filling up the DagBag from /home/airflow/.local/lib/python3.7/site-packages/airflow/example_dags/tutorial_dag.py
[2023-05-17T13:11:49.645+0000] {processor.py:809} INFO - DAG(s) dict_keys(['tutorial_dag']) retrieved from /home/airflow/.local/lib/python3.7/site-packages/airflow/example_dags/tutorial_dag.py
[2023-05-17T13:11:49.750+0000] {logging_mixin.py:149} INFO - [2023-05-17T13:11:49.749+0000] {dag.py:2726} INFO - Sync 1 DAGs
[2023-05-17T13:11:49.847+0000] {logging_mixin.py:149} INFO - [2023-05-17T13:11:49.847+0000] {dag.py:3490} INFO - Setting next_dagrun for tutorial_dag to None, run_after=None
[2023-05-17T13:11:50.072+0000] {processor.py:178} INFO - Processing /home/airflow/.local/lib/python3.7/site-packages/airflow/example_dags/tutorial_dag.py took 0.487 seconds
[2023-05-17T13:12:20.612+0000] {processor.py:156} INFO - Started process (PID=554) to work on /home/airflow/.local/lib/python3.7/site-packages/airflow/example_dags/tutorial_dag.py
[2023-05-17T13:12:20.618+0000] {processor.py:799} INFO - Processing file /home/airflow/.local/lib/python3.7/site-packages/airflow/example_dags/tutorial_dag.py for tasks to queue
[2023-05-17T13:12:20.640+0000] {logging_mixin.py:149} INFO - [2023-05-17T13:12:20.638+0000] {dagbag.py:541} INFO - Filling up the DagBag from /home/airflow/.local/lib/python3.7/site-packages/airflow/example_dags/tutorial_dag.py
[2023-05-17T13:12:20.706+0000] {processor.py:809} INFO - DAG(s) dict_keys(['tutorial_dag']) retrieved from /home/airflow/.local/lib/python3.7/site-packages/airflow/example_dags/tutorial_dag.py
[2023-05-17T13:12:20.825+0000] {logging_mixin.py:149} INFO - [2023-05-17T13:12:20.824+0000] {dag.py:2726} INFO - Sync 1 DAGs
[2023-05-17T13:12:20.945+0000] {logging_mixin.py:149} INFO - [2023-05-17T13:12:20.945+0000] {dag.py:3490} INFO - Setting next_dagrun for tutorial_dag to None, run_after=None
[2023-05-17T13:12:21.280+0000] {processor.py:178} INFO - Processing /home/airflow/.local/lib/python3.7/site-packages/airflow/example_dags/tutorial_dag.py took 0.682 seconds
[2023-05-17T13:13:18.982+0000] {processor.py:156} INFO - Started process (PID=613) to work on /home/airflow/.local/lib/python3.7/site-packages/airflow/example_dags/tutorial_dag.py
[2023-05-17T13:13:18.985+0000] {processor.py:799} INFO - Processing file /home/airflow/.local/lib/python3.7/site-packages/airflow/example_dags/tutorial_dag.py for tasks to queue
[2023-05-17T13:13:18.988+0000] {logging_mixin.py:149} INFO - [2023-05-17T13:13:18.988+0000] {dagbag.py:541} INFO - Filling up the DagBag from /home/airflow/.local/lib/python3.7/site-packages/airflow/example_dags/tutorial_dag.py
[2023-05-17T13:13:19.005+0000] {processor.py:809} INFO - DAG(s) dict_keys(['tutorial_dag']) retrieved from /home/airflow/.local/lib/python3.7/site-packages/airflow/example_dags/tutorial_dag.py
[2023-05-17T13:13:19.153+0000] {logging_mixin.py:149} INFO - [2023-05-17T13:13:19.153+0000] {dag.py:2726} INFO - Sync 1 DAGs
[2023-05-17T13:13:19.294+0000] {logging_mixin.py:149} INFO - [2023-05-17T13:13:19.294+0000] {dag.py:3490} INFO - Setting next_dagrun for tutorial_dag to None, run_after=None
[2023-05-17T13:13:19.648+0000] {processor.py:178} INFO - Processing /home/airflow/.local/lib/python3.7/site-packages/airflow/example_dags/tutorial_dag.py took 0.679 seconds
[2023-05-17T13:13:50.873+0000] {processor.py:156} INFO - Started process (PID=675) to work on /home/airflow/.local/lib/python3.7/site-packages/airflow/example_dags/tutorial_dag.py
[2023-05-17T13:13:50.877+0000] {processor.py:799} INFO - Processing file /home/airflow/.local/lib/python3.7/site-packages/airflow/example_dags/tutorial_dag.py for tasks to queue
[2023-05-17T13:13:50.880+0000] {logging_mixin.py:149} INFO - [2023-05-17T13:13:50.879+0000] {dagbag.py:541} INFO - Filling up the DagBag from /home/airflow/.local/lib/python3.7/site-packages/airflow/example_dags/tutorial_dag.py
[2023-05-17T13:13:50.890+0000] {processor.py:809} INFO - DAG(s) dict_keys(['tutorial_dag']) retrieved from /home/airflow/.local/lib/python3.7/site-packages/airflow/example_dags/tutorial_dag.py
[2023-05-17T13:13:50.948+0000] {logging_mixin.py:149} INFO - [2023-05-17T13:13:50.948+0000] {dag.py:2726} INFO - Sync 1 DAGs
[2023-05-17T13:13:51.028+0000] {logging_mixin.py:149} INFO - [2023-05-17T13:13:51.028+0000] {dag.py:3490} INFO - Setting next_dagrun for tutorial_dag to None, run_after=None
[2023-05-17T13:13:51.323+0000] {processor.py:178} INFO - Processing /home/airflow/.local/lib/python3.7/site-packages/airflow/example_dags/tutorial_dag.py took 0.458 seconds
[2023-05-17T13:15:18.806+0000] {processor.py:156} INFO - Started process (PID=780) to work on /home/airflow/.local/lib/python3.7/site-packages/airflow/example_dags/tutorial_dag.py
[2023-05-17T13:15:18.809+0000] {processor.py:799} INFO - Processing file /home/airflow/.local/lib/python3.7/site-packages/airflow/example_dags/tutorial_dag.py for tasks to queue
[2023-05-17T13:15:18.811+0000] {logging_mixin.py:149} INFO - [2023-05-17T13:15:18.811+0000] {dagbag.py:541} INFO - Filling up the DagBag from /home/airflow/.local/lib/python3.7/site-packages/airflow/example_dags/tutorial_dag.py
[2023-05-17T13:15:18.824+0000] {processor.py:809} INFO - DAG(s) dict_keys(['tutorial_dag']) retrieved from /home/airflow/.local/lib/python3.7/site-packages/airflow/example_dags/tutorial_dag.py
[2023-05-17T13:15:18.882+0000] {logging_mixin.py:149} INFO - [2023-05-17T13:15:18.881+0000] {dag.py:2726} INFO - Sync 1 DAGs
[2023-05-17T13:15:18.944+0000] {logging_mixin.py:149} INFO - [2023-05-17T13:15:18.944+0000] {dag.py:3490} INFO - Setting next_dagrun for tutorial_dag to None, run_after=None
[2023-05-17T13:15:19.140+0000] {processor.py:178} INFO - Processing /home/airflow/.local/lib/python3.7/site-packages/airflow/example_dags/tutorial_dag.py took 0.341 seconds
[2023-05-17T13:15:50.229+0000] {processor.py:156} INFO - Started process (PID=839) to work on /home/airflow/.local/lib/python3.7/site-packages/airflow/example_dags/tutorial_dag.py
[2023-05-17T13:15:50.233+0000] {processor.py:799} INFO - Processing file /home/airflow/.local/lib/python3.7/site-packages/airflow/example_dags/tutorial_dag.py for tasks to queue
[2023-05-17T13:15:50.235+0000] {logging_mixin.py:149} INFO - [2023-05-17T13:15:50.235+0000] {dagbag.py:541} INFO - Filling up the DagBag from /home/airflow/.local/lib/python3.7/site-packages/airflow/example_dags/tutorial_dag.py
[2023-05-17T13:15:50.248+0000] {processor.py:809} INFO - DAG(s) dict_keys(['tutorial_dag']) retrieved from /home/airflow/.local/lib/python3.7/site-packages/airflow/example_dags/tutorial_dag.py
[2023-05-17T13:15:50.370+0000] {logging_mixin.py:149} INFO - [2023-05-17T13:15:50.370+0000] {dag.py:2726} INFO - Sync 1 DAGs
[2023-05-17T13:15:50.457+0000] {logging_mixin.py:149} INFO - [2023-05-17T13:15:50.457+0000] {dag.py:3490} INFO - Setting next_dagrun for tutorial_dag to None, run_after=None
[2023-05-17T13:15:50.944+0000] {processor.py:178} INFO - Processing /home/airflow/.local/lib/python3.7/site-packages/airflow/example_dags/tutorial_dag.py took 0.725 seconds
[2023-05-17T13:16:21.256+0000] {processor.py:156} INFO - Started process (PID=896) to work on /home/airflow/.local/lib/python3.7/site-packages/airflow/example_dags/tutorial_dag.py
[2023-05-17T13:16:21.258+0000] {processor.py:799} INFO - Processing file /home/airflow/.local/lib/python3.7/site-packages/airflow/example_dags/tutorial_dag.py for tasks to queue
[2023-05-17T13:16:21.261+0000] {logging_mixin.py:149} INFO - [2023-05-17T13:16:21.260+0000] {dagbag.py:541} INFO - Filling up the DagBag from /home/airflow/.local/lib/python3.7/site-packages/airflow/example_dags/tutorial_dag.py
[2023-05-17T13:16:21.528+0000] {processor.py:809} INFO - DAG(s) dict_keys(['tutorial_dag']) retrieved from /home/airflow/.local/lib/python3.7/site-packages/airflow/example_dags/tutorial_dag.py
[2023-05-17T13:16:21.593+0000] {logging_mixin.py:149} INFO - [2023-05-17T13:16:21.592+0000] {dag.py:2726} INFO - Sync 1 DAGs
[2023-05-17T13:16:21.658+0000] {logging_mixin.py:149} INFO - [2023-05-17T13:16:21.658+0000] {dag.py:3490} INFO - Setting next_dagrun for tutorial_dag to None, run_after=None
[2023-05-17T13:16:21.790+0000] {processor.py:178} INFO - Processing /home/airflow/.local/lib/python3.7/site-packages/airflow/example_dags/tutorial_dag.py took 0.631 seconds
[2023-05-17T13:16:51.878+0000] {processor.py:156} INFO - Started process (PID=948) to work on /home/airflow/.local/lib/python3.7/site-packages/airflow/example_dags/tutorial_dag.py
[2023-05-17T13:16:51.880+0000] {processor.py:799} INFO - Processing file /home/airflow/.local/lib/python3.7/site-packages/airflow/example_dags/tutorial_dag.py for tasks to queue
[2023-05-17T13:16:51.883+0000] {logging_mixin.py:149} INFO - [2023-05-17T13:16:51.883+0000] {dagbag.py:541} INFO - Filling up the DagBag from /home/airflow/.local/lib/python3.7/site-packages/airflow/example_dags/tutorial_dag.py
[2023-05-17T13:16:51.899+0000] {processor.py:809} INFO - DAG(s) dict_keys(['tutorial_dag']) retrieved from /home/airflow/.local/lib/python3.7/site-packages/airflow/example_dags/tutorial_dag.py
[2023-05-17T13:16:51.969+0000] {logging_mixin.py:149} INFO - [2023-05-17T13:16:51.969+0000] {dag.py:2726} INFO - Sync 1 DAGs
[2023-05-17T13:16:52.060+0000] {logging_mixin.py:149} INFO - [2023-05-17T13:16:52.060+0000] {dag.py:3490} INFO - Setting next_dagrun for tutorial_dag to None, run_after=None
[2023-05-17T13:16:52.219+0000] {processor.py:178} INFO - Processing /home/airflow/.local/lib/python3.7/site-packages/airflow/example_dags/tutorial_dag.py took 0.351 seconds
[2023-05-17T13:17:27.198+0000] {processor.py:156} INFO - Started process (PID=1012) to work on /home/airflow/.local/lib/python3.7/site-packages/airflow/example_dags/tutorial_dag.py
[2023-05-17T13:17:27.201+0000] {processor.py:799} INFO - Processing file /home/airflow/.local/lib/python3.7/site-packages/airflow/example_dags/tutorial_dag.py for tasks to queue
[2023-05-17T13:17:27.203+0000] {logging_mixin.py:149} INFO - [2023-05-17T13:17:27.203+0000] {dagbag.py:541} INFO - Filling up the DagBag from /home/airflow/.local/lib/python3.7/site-packages/airflow/example_dags/tutorial_dag.py
[2023-05-17T13:17:27.213+0000] {processor.py:809} INFO - DAG(s) dict_keys(['tutorial_dag']) retrieved from /home/airflow/.local/lib/python3.7/site-packages/airflow/example_dags/tutorial_dag.py
[2023-05-17T13:17:27.278+0000] {logging_mixin.py:149} INFO - [2023-05-17T13:17:27.277+0000] {dag.py:2726} INFO - Sync 1 DAGs
[2023-05-17T13:17:27.369+0000] {logging_mixin.py:149} INFO - [2023-05-17T13:17:27.368+0000] {dag.py:3490} INFO - Setting next_dagrun for tutorial_dag to None, run_after=None
[2023-05-17T13:17:27.519+0000] {processor.py:178} INFO - Processing /home/airflow/.local/lib/python3.7/site-packages/airflow/example_dags/tutorial_dag.py took 0.329 seconds
[2023-05-17T13:18:23.103+0000] {processor.py:156} INFO - Started process (PID=1067) to work on /home/airflow/.local/lib/python3.7/site-packages/airflow/example_dags/tutorial_dag.py
[2023-05-17T13:18:23.106+0000] {processor.py:799} INFO - Processing file /home/airflow/.local/lib/python3.7/site-packages/airflow/example_dags/tutorial_dag.py for tasks to queue
[2023-05-17T13:18:23.108+0000] {logging_mixin.py:149} INFO - [2023-05-17T13:18:23.108+0000] {dagbag.py:541} INFO - Filling up the DagBag from /home/airflow/.local/lib/python3.7/site-packages/airflow/example_dags/tutorial_dag.py
[2023-05-17T13:18:23.118+0000] {processor.py:809} INFO - DAG(s) dict_keys(['tutorial_dag']) retrieved from /home/airflow/.local/lib/python3.7/site-packages/airflow/example_dags/tutorial_dag.py
[2023-05-17T13:18:23.175+0000] {logging_mixin.py:149} INFO - [2023-05-17T13:18:23.174+0000] {dag.py:2726} INFO - Sync 1 DAGs
[2023-05-17T13:18:23.224+0000] {logging_mixin.py:149} INFO - [2023-05-17T13:18:23.223+0000] {dag.py:3490} INFO - Setting next_dagrun for tutorial_dag to None, run_after=None
[2023-05-17T13:18:24.812+0000] {processor.py:178} INFO - Processing /home/airflow/.local/lib/python3.7/site-packages/airflow/example_dags/tutorial_dag.py took 1.716 seconds
[2023-05-17T13:18:55.981+0000] {processor.py:156} INFO - Started process (PID=1128) to work on /home/airflow/.local/lib/python3.7/site-packages/airflow/example_dags/tutorial_dag.py
[2023-05-17T13:18:55.984+0000] {processor.py:799} INFO - Processing file /home/airflow/.local/lib/python3.7/site-packages/airflow/example_dags/tutorial_dag.py for tasks to queue
[2023-05-17T13:18:55.990+0000] {logging_mixin.py:149} INFO - [2023-05-17T13:18:55.989+0000] {dagbag.py:541} INFO - Filling up the DagBag from /home/airflow/.local/lib/python3.7/site-packages/airflow/example_dags/tutorial_dag.py
[2023-05-17T13:18:56.005+0000] {processor.py:809} INFO - DAG(s) dict_keys(['tutorial_dag']) retrieved from /home/airflow/.local/lib/python3.7/site-packages/airflow/example_dags/tutorial_dag.py
[2023-05-17T13:18:56.065+0000] {logging_mixin.py:149} INFO - [2023-05-17T13:18:56.065+0000] {dag.py:2726} INFO - Sync 1 DAGs
[2023-05-17T13:18:56.135+0000] {logging_mixin.py:149} INFO - [2023-05-17T13:18:56.134+0000] {dag.py:3490} INFO - Setting next_dagrun for tutorial_dag to None, run_after=None
[2023-05-17T13:18:56.712+0000] {processor.py:178} INFO - Processing /home/airflow/.local/lib/python3.7/site-packages/airflow/example_dags/tutorial_dag.py took 0.739 seconds
[2023-05-17T13:19:29.212+0000] {processor.py:156} INFO - Started process (PID=1184) to work on /home/airflow/.local/lib/python3.7/site-packages/airflow/example_dags/tutorial_dag.py
[2023-05-17T13:19:29.215+0000] {processor.py:799} INFO - Processing file /home/airflow/.local/lib/python3.7/site-packages/airflow/example_dags/tutorial_dag.py for tasks to queue
[2023-05-17T13:19:29.230+0000] {logging_mixin.py:149} INFO - [2023-05-17T13:19:29.229+0000] {dagbag.py:541} INFO - Filling up the DagBag from /home/airflow/.local/lib/python3.7/site-packages/airflow/example_dags/tutorial_dag.py
[2023-05-17T13:19:29.264+0000] {processor.py:809} INFO - DAG(s) dict_keys(['tutorial_dag']) retrieved from /home/airflow/.local/lib/python3.7/site-packages/airflow/example_dags/tutorial_dag.py
[2023-05-17T13:19:29.371+0000] {logging_mixin.py:149} INFO - [2023-05-17T13:19:29.370+0000] {dag.py:2726} INFO - Sync 1 DAGs
[2023-05-17T13:19:29.480+0000] {logging_mixin.py:149} INFO - [2023-05-17T13:19:29.479+0000] {dag.py:3490} INFO - Setting next_dagrun for tutorial_dag to None, run_after=None
[2023-05-17T13:19:29.865+0000] {processor.py:178} INFO - Processing /home/airflow/.local/lib/python3.7/site-packages/airflow/example_dags/tutorial_dag.py took 0.672 seconds
[2023-05-17T13:20:06.431+0000] {processor.py:156} INFO - Started process (PID=1244) to work on /home/airflow/.local/lib/python3.7/site-packages/airflow/example_dags/tutorial_dag.py
[2023-05-17T13:20:06.433+0000] {processor.py:799} INFO - Processing file /home/airflow/.local/lib/python3.7/site-packages/airflow/example_dags/tutorial_dag.py for tasks to queue
[2023-05-17T13:20:06.435+0000] {logging_mixin.py:149} INFO - [2023-05-17T13:20:06.435+0000] {dagbag.py:541} INFO - Filling up the DagBag from /home/airflow/.local/lib/python3.7/site-packages/airflow/example_dags/tutorial_dag.py
[2023-05-17T13:20:06.446+0000] {processor.py:809} INFO - DAG(s) dict_keys(['tutorial_dag']) retrieved from /home/airflow/.local/lib/python3.7/site-packages/airflow/example_dags/tutorial_dag.py
[2023-05-17T13:20:06.501+0000] {logging_mixin.py:149} INFO - [2023-05-17T13:20:06.501+0000] {dag.py:2726} INFO - Sync 1 DAGs
[2023-05-17T13:20:06.567+0000] {logging_mixin.py:149} INFO - [2023-05-17T13:20:06.567+0000] {dag.py:3490} INFO - Setting next_dagrun for tutorial_dag to None, run_after=None
[2023-05-17T13:20:06.909+0000] {processor.py:178} INFO - Processing /home/airflow/.local/lib/python3.7/site-packages/airflow/example_dags/tutorial_dag.py took 0.487 seconds
[2023-05-17T13:20:46.081+0000] {processor.py:156} INFO - Started process (PID=1306) to work on /home/airflow/.local/lib/python3.7/site-packages/airflow/example_dags/tutorial_dag.py
[2023-05-17T13:20:46.084+0000] {processor.py:799} INFO - Processing file /home/airflow/.local/lib/python3.7/site-packages/airflow/example_dags/tutorial_dag.py for tasks to queue
[2023-05-17T13:20:46.086+0000] {logging_mixin.py:149} INFO - [2023-05-17T13:20:46.085+0000] {dagbag.py:541} INFO - Filling up the DagBag from /home/airflow/.local/lib/python3.7/site-packages/airflow/example_dags/tutorial_dag.py
[2023-05-17T13:20:46.103+0000] {processor.py:809} INFO - DAG(s) dict_keys(['tutorial_dag']) retrieved from /home/airflow/.local/lib/python3.7/site-packages/airflow/example_dags/tutorial_dag.py
[2023-05-17T13:20:46.185+0000] {logging_mixin.py:149} INFO - [2023-05-17T13:20:46.185+0000] {dag.py:2726} INFO - Sync 1 DAGs
[2023-05-17T13:20:46.287+0000] {logging_mixin.py:149} INFO - [2023-05-17T13:20:46.287+0000] {dag.py:3490} INFO - Setting next_dagrun for tutorial_dag to None, run_after=None
[2023-05-17T13:20:46.586+0000] {processor.py:178} INFO - Processing /home/airflow/.local/lib/python3.7/site-packages/airflow/example_dags/tutorial_dag.py took 0.515 seconds
[2023-05-17T13:21:16.732+0000] {processor.py:156} INFO - Started process (PID=1364) to work on /home/airflow/.local/lib/python3.7/site-packages/airflow/example_dags/tutorial_dag.py
[2023-05-17T13:21:16.735+0000] {processor.py:799} INFO - Processing file /home/airflow/.local/lib/python3.7/site-packages/airflow/example_dags/tutorial_dag.py for tasks to queue
[2023-05-17T13:21:16.737+0000] {logging_mixin.py:149} INFO - [2023-05-17T13:21:16.737+0000] {dagbag.py:541} INFO - Filling up the DagBag from /home/airflow/.local/lib/python3.7/site-packages/airflow/example_dags/tutorial_dag.py
[2023-05-17T13:21:16.770+0000] {processor.py:809} INFO - DAG(s) dict_keys(['tutorial_dag']) retrieved from /home/airflow/.local/lib/python3.7/site-packages/airflow/example_dags/tutorial_dag.py
[2023-05-17T13:21:17.054+0000] {logging_mixin.py:149} INFO - [2023-05-17T13:21:17.053+0000] {dag.py:2726} INFO - Sync 1 DAGs
[2023-05-17T13:21:17.148+0000] {logging_mixin.py:149} INFO - [2023-05-17T13:21:17.148+0000] {dag.py:3490} INFO - Setting next_dagrun for tutorial_dag to None, run_after=None
[2023-05-17T13:21:17.296+0000] {processor.py:178} INFO - Processing /home/airflow/.local/lib/python3.7/site-packages/airflow/example_dags/tutorial_dag.py took 0.571 seconds
[2023-05-17T13:21:47.395+0000] {processor.py:156} INFO - Started process (PID=1422) to work on /home/airflow/.local/lib/python3.7/site-packages/airflow/example_dags/tutorial_dag.py
[2023-05-17T13:21:47.400+0000] {processor.py:799} INFO - Processing file /home/airflow/.local/lib/python3.7/site-packages/airflow/example_dags/tutorial_dag.py for tasks to queue
[2023-05-17T13:21:47.408+0000] {logging_mixin.py:149} INFO - [2023-05-17T13:21:47.407+0000] {dagbag.py:541} INFO - Filling up the DagBag from /home/airflow/.local/lib/python3.7/site-packages/airflow/example_dags/tutorial_dag.py
[2023-05-17T13:21:47.426+0000] {processor.py:809} INFO - DAG(s) dict_keys(['tutorial_dag']) retrieved from /home/airflow/.local/lib/python3.7/site-packages/airflow/example_dags/tutorial_dag.py
[2023-05-17T13:21:47.567+0000] {logging_mixin.py:149} INFO - [2023-05-17T13:21:47.566+0000] {dag.py:2726} INFO - Sync 1 DAGs
[2023-05-17T13:21:47.641+0000] {logging_mixin.py:149} INFO - [2023-05-17T13:21:47.641+0000] {dag.py:3490} INFO - Setting next_dagrun for tutorial_dag to None, run_after=None
[2023-05-17T13:21:47.820+0000] {processor.py:178} INFO - Processing /home/airflow/.local/lib/python3.7/site-packages/airflow/example_dags/tutorial_dag.py took 0.433 seconds
[2023-05-17T13:23:07.640+0000] {processor.py:156} INFO - Started process (PID=1520) to work on /home/airflow/.local/lib/python3.7/site-packages/airflow/example_dags/tutorial_dag.py
[2023-05-17T13:23:07.644+0000] {processor.py:799} INFO - Processing file /home/airflow/.local/lib/python3.7/site-packages/airflow/example_dags/tutorial_dag.py for tasks to queue
[2023-05-17T13:23:07.646+0000] {logging_mixin.py:149} INFO - [2023-05-17T13:23:07.646+0000] {dagbag.py:541} INFO - Filling up the DagBag from /home/airflow/.local/lib/python3.7/site-packages/airflow/example_dags/tutorial_dag.py
[2023-05-17T13:23:07.660+0000] {processor.py:809} INFO - DAG(s) dict_keys(['tutorial_dag']) retrieved from /home/airflow/.local/lib/python3.7/site-packages/airflow/example_dags/tutorial_dag.py
[2023-05-17T13:23:07.714+0000] {logging_mixin.py:149} INFO - [2023-05-17T13:23:07.714+0000] {dag.py:2726} INFO - Sync 1 DAGs
[2023-05-17T13:23:07.779+0000] {logging_mixin.py:149} INFO - [2023-05-17T13:23:07.779+0000] {dag.py:3490} INFO - Setting next_dagrun for tutorial_dag to None, run_after=None
[2023-05-17T13:23:08.579+0000] {processor.py:178} INFO - Processing /home/airflow/.local/lib/python3.7/site-packages/airflow/example_dags/tutorial_dag.py took 0.969 seconds
[2023-05-17T13:23:38.909+0000] {processor.py:156} INFO - Started process (PID=1579) to work on /home/airflow/.local/lib/python3.7/site-packages/airflow/example_dags/tutorial_dag.py
[2023-05-17T13:23:38.914+0000] {processor.py:799} INFO - Processing file /home/airflow/.local/lib/python3.7/site-packages/airflow/example_dags/tutorial_dag.py for tasks to queue
[2023-05-17T13:23:38.917+0000] {logging_mixin.py:149} INFO - [2023-05-17T13:23:38.917+0000] {dagbag.py:541} INFO - Filling up the DagBag from /home/airflow/.local/lib/python3.7/site-packages/airflow/example_dags/tutorial_dag.py
[2023-05-17T13:23:38.929+0000] {processor.py:809} INFO - DAG(s) dict_keys(['tutorial_dag']) retrieved from /home/airflow/.local/lib/python3.7/site-packages/airflow/example_dags/tutorial_dag.py
[2023-05-17T13:23:39.030+0000] {logging_mixin.py:149} INFO - [2023-05-17T13:23:39.030+0000] {dag.py:2726} INFO - Sync 1 DAGs
[2023-05-17T13:23:39.142+0000] {logging_mixin.py:149} INFO - [2023-05-17T13:23:39.142+0000] {dag.py:3490} INFO - Setting next_dagrun for tutorial_dag to None, run_after=None
[2023-05-17T13:23:39.610+0000] {processor.py:178} INFO - Processing /home/airflow/.local/lib/python3.7/site-packages/airflow/example_dags/tutorial_dag.py took 0.711 seconds
[2023-05-17T13:24:10.656+0000] {processor.py:156} INFO - Started process (PID=1637) to work on /home/airflow/.local/lib/python3.7/site-packages/airflow/example_dags/tutorial_dag.py
[2023-05-17T13:24:10.658+0000] {processor.py:799} INFO - Processing file /home/airflow/.local/lib/python3.7/site-packages/airflow/example_dags/tutorial_dag.py for tasks to queue
[2023-05-17T13:24:10.661+0000] {logging_mixin.py:149} INFO - [2023-05-17T13:24:10.660+0000] {dagbag.py:541} INFO - Filling up the DagBag from /home/airflow/.local/lib/python3.7/site-packages/airflow/example_dags/tutorial_dag.py
[2023-05-17T13:24:10.675+0000] {processor.py:809} INFO - DAG(s) dict_keys(['tutorial_dag']) retrieved from /home/airflow/.local/lib/python3.7/site-packages/airflow/example_dags/tutorial_dag.py
[2023-05-17T13:24:10.760+0000] {logging_mixin.py:149} INFO - [2023-05-17T13:24:10.759+0000] {dag.py:2726} INFO - Sync 1 DAGs
[2023-05-17T13:24:10.869+0000] {logging_mixin.py:149} INFO - [2023-05-17T13:24:10.869+0000] {dag.py:3490} INFO - Setting next_dagrun for tutorial_dag to None, run_after=None
[2023-05-17T13:24:11.047+0000] {processor.py:178} INFO - Processing /home/airflow/.local/lib/python3.7/site-packages/airflow/example_dags/tutorial_dag.py took 0.404 seconds
[2023-05-17T13:24:47.343+0000] {processor.py:156} INFO - Started process (PID=1698) to work on /home/airflow/.local/lib/python3.7/site-packages/airflow/example_dags/tutorial_dag.py
[2023-05-17T13:24:47.346+0000] {processor.py:799} INFO - Processing file /home/airflow/.local/lib/python3.7/site-packages/airflow/example_dags/tutorial_dag.py for tasks to queue
[2023-05-17T13:24:47.349+0000] {logging_mixin.py:149} INFO - [2023-05-17T13:24:47.348+0000] {dagbag.py:541} INFO - Filling up the DagBag from /home/airflow/.local/lib/python3.7/site-packages/airflow/example_dags/tutorial_dag.py
[2023-05-17T13:24:47.364+0000] {processor.py:809} INFO - DAG(s) dict_keys(['tutorial_dag']) retrieved from /home/airflow/.local/lib/python3.7/site-packages/airflow/example_dags/tutorial_dag.py
[2023-05-17T13:24:47.441+0000] {logging_mixin.py:149} INFO - [2023-05-17T13:24:47.440+0000] {dag.py:2726} INFO - Sync 1 DAGs
[2023-05-17T13:24:47.548+0000] {logging_mixin.py:149} INFO - [2023-05-17T13:24:47.548+0000] {dag.py:3490} INFO - Setting next_dagrun for tutorial_dag to None, run_after=None
[2023-05-17T13:24:47.786+0000] {processor.py:178} INFO - Processing /home/airflow/.local/lib/python3.7/site-packages/airflow/example_dags/tutorial_dag.py took 0.453 seconds
[2023-05-17T13:25:18.045+0000] {processor.py:156} INFO - Started process (PID=1756) to work on /home/airflow/.local/lib/python3.7/site-packages/airflow/example_dags/tutorial_dag.py
[2023-05-17T13:25:18.047+0000] {processor.py:799} INFO - Processing file /home/airflow/.local/lib/python3.7/site-packages/airflow/example_dags/tutorial_dag.py for tasks to queue
[2023-05-17T13:25:18.049+0000] {logging_mixin.py:149} INFO - [2023-05-17T13:25:18.049+0000] {dagbag.py:541} INFO - Filling up the DagBag from /home/airflow/.local/lib/python3.7/site-packages/airflow/example_dags/tutorial_dag.py
[2023-05-17T13:25:18.062+0000] {processor.py:809} INFO - DAG(s) dict_keys(['tutorial_dag']) retrieved from /home/airflow/.local/lib/python3.7/site-packages/airflow/example_dags/tutorial_dag.py
[2023-05-17T13:25:18.129+0000] {logging_mixin.py:149} INFO - [2023-05-17T13:25:18.129+0000] {dag.py:2726} INFO - Sync 1 DAGs
[2023-05-17T13:25:18.224+0000] {logging_mixin.py:149} INFO - [2023-05-17T13:25:18.223+0000] {dag.py:3490} INFO - Setting next_dagrun for tutorial_dag to None, run_after=None
[2023-05-17T13:25:18.482+0000] {processor.py:178} INFO - Processing /home/airflow/.local/lib/python3.7/site-packages/airflow/example_dags/tutorial_dag.py took 0.448 seconds
[2023-05-17T13:25:52.151+0000] {processor.py:156} INFO - Started process (PID=1814) to work on /home/airflow/.local/lib/python3.7/site-packages/airflow/example_dags/tutorial_dag.py
[2023-05-17T13:25:52.153+0000] {processor.py:799} INFO - Processing file /home/airflow/.local/lib/python3.7/site-packages/airflow/example_dags/tutorial_dag.py for tasks to queue
[2023-05-17T13:25:52.155+0000] {logging_mixin.py:149} INFO - [2023-05-17T13:25:52.155+0000] {dagbag.py:541} INFO - Filling up the DagBag from /home/airflow/.local/lib/python3.7/site-packages/airflow/example_dags/tutorial_dag.py
[2023-05-17T13:25:52.250+0000] {processor.py:809} INFO - DAG(s) dict_keys(['tutorial_dag']) retrieved from /home/airflow/.local/lib/python3.7/site-packages/airflow/example_dags/tutorial_dag.py
[2023-05-17T13:25:52.308+0000] {logging_mixin.py:149} INFO - [2023-05-17T13:25:52.307+0000] {dag.py:2726} INFO - Sync 1 DAGs
[2023-05-17T13:25:52.375+0000] {logging_mixin.py:149} INFO - [2023-05-17T13:25:52.374+0000] {dag.py:3490} INFO - Setting next_dagrun for tutorial_dag to None, run_after=None
[2023-05-17T13:25:52.605+0000] {processor.py:178} INFO - Processing /home/airflow/.local/lib/python3.7/site-packages/airflow/example_dags/tutorial_dag.py took 0.468 seconds
[2023-05-17T13:26:29.088+0000] {processor.py:156} INFO - Started process (PID=1872) to work on /home/airflow/.local/lib/python3.7/site-packages/airflow/example_dags/tutorial_dag.py
[2023-05-17T13:26:29.090+0000] {processor.py:799} INFO - Processing file /home/airflow/.local/lib/python3.7/site-packages/airflow/example_dags/tutorial_dag.py for tasks to queue
[2023-05-17T13:26:29.092+0000] {logging_mixin.py:149} INFO - [2023-05-17T13:26:29.092+0000] {dagbag.py:541} INFO - Filling up the DagBag from /home/airflow/.local/lib/python3.7/site-packages/airflow/example_dags/tutorial_dag.py
[2023-05-17T13:26:29.104+0000] {processor.py:809} INFO - DAG(s) dict_keys(['tutorial_dag']) retrieved from /home/airflow/.local/lib/python3.7/site-packages/airflow/example_dags/tutorial_dag.py
[2023-05-17T13:26:29.169+0000] {logging_mixin.py:149} INFO - [2023-05-17T13:26:29.169+0000] {dag.py:2726} INFO - Sync 1 DAGs
[2023-05-17T13:26:29.237+0000] {logging_mixin.py:149} INFO - [2023-05-17T13:26:29.236+0000] {dag.py:3490} INFO - Setting next_dagrun for tutorial_dag to None, run_after=None
[2023-05-17T13:26:29.842+0000] {processor.py:178} INFO - Processing /home/airflow/.local/lib/python3.7/site-packages/airflow/example_dags/tutorial_dag.py took 0.764 seconds
[2023-05-17T13:27:00.149+0000] {processor.py:156} INFO - Started process (PID=1918) to work on /home/airflow/.local/lib/python3.7/site-packages/airflow/example_dags/tutorial_dag.py
[2023-05-17T13:27:00.155+0000] {processor.py:799} INFO - Processing file /home/airflow/.local/lib/python3.7/site-packages/airflow/example_dags/tutorial_dag.py for tasks to queue
[2023-05-17T13:27:00.166+0000] {logging_mixin.py:149} INFO - [2023-05-17T13:27:00.162+0000] {dagbag.py:541} INFO - Filling up the DagBag from /home/airflow/.local/lib/python3.7/site-packages/airflow/example_dags/tutorial_dag.py
[2023-05-17T13:27:00.184+0000] {processor.py:809} INFO - DAG(s) dict_keys(['tutorial_dag']) retrieved from /home/airflow/.local/lib/python3.7/site-packages/airflow/example_dags/tutorial_dag.py
[2023-05-17T13:27:00.297+0000] {logging_mixin.py:149} INFO - [2023-05-17T13:27:00.296+0000] {dag.py:2726} INFO - Sync 1 DAGs
[2023-05-17T13:27:00.429+0000] {logging_mixin.py:149} INFO - [2023-05-17T13:27:00.429+0000] {dag.py:3490} INFO - Setting next_dagrun for tutorial_dag to None, run_after=None
[2023-05-17T13:27:00.800+0000] {processor.py:178} INFO - Processing /home/airflow/.local/lib/python3.7/site-packages/airflow/example_dags/tutorial_dag.py took 0.726 seconds
[2023-05-17T13:33:07.278+0000] {processor.py:156} INFO - Started process (PID=100) to work on /home/airflow/.local/lib/python3.7/site-packages/airflow/example_dags/tutorial_dag.py
[2023-05-17T13:33:07.570+0000] {processor.py:799} INFO - Processing file /home/airflow/.local/lib/python3.7/site-packages/airflow/example_dags/tutorial_dag.py for tasks to queue
[2023-05-17T13:33:07.573+0000] {logging_mixin.py:149} INFO - [2023-05-17T13:33:07.573+0000] {dagbag.py:541} INFO - Filling up the DagBag from /home/airflow/.local/lib/python3.7/site-packages/airflow/example_dags/tutorial_dag.py
[2023-05-17T13:33:07.723+0000] {processor.py:809} INFO - DAG(s) dict_keys(['tutorial_dag']) retrieved from /home/airflow/.local/lib/python3.7/site-packages/airflow/example_dags/tutorial_dag.py
[2023-05-17T13:33:07.857+0000] {logging_mixin.py:149} INFO - [2023-05-17T13:33:07.856+0000] {dag.py:2726} INFO - Sync 1 DAGs
[2023-05-17T13:33:08.172+0000] {logging_mixin.py:149} INFO - [2023-05-17T13:33:08.171+0000] {dag.py:3490} INFO - Setting next_dagrun for tutorial_dag to None, run_after=None
[2023-05-17T13:33:09.096+0000] {processor.py:178} INFO - Processing /home/airflow/.local/lib/python3.7/site-packages/airflow/example_dags/tutorial_dag.py took 1.831 seconds
[2023-05-17T13:34:34.298+0000] {processor.py:156} INFO - Started process (PID=182) to work on /home/airflow/.local/lib/python3.7/site-packages/airflow/example_dags/tutorial_dag.py
[2023-05-17T13:34:34.300+0000] {processor.py:799} INFO - Processing file /home/airflow/.local/lib/python3.7/site-packages/airflow/example_dags/tutorial_dag.py for tasks to queue
[2023-05-17T13:34:34.302+0000] {logging_mixin.py:149} INFO - [2023-05-17T13:34:34.302+0000] {dagbag.py:541} INFO - Filling up the DagBag from /home/airflow/.local/lib/python3.7/site-packages/airflow/example_dags/tutorial_dag.py
[2023-05-17T13:34:34.319+0000] {processor.py:809} INFO - DAG(s) dict_keys(['tutorial_dag']) retrieved from /home/airflow/.local/lib/python3.7/site-packages/airflow/example_dags/tutorial_dag.py
[2023-05-17T13:34:34.401+0000] {logging_mixin.py:149} INFO - [2023-05-17T13:34:34.401+0000] {dag.py:2726} INFO - Sync 1 DAGs
[2023-05-17T13:34:34.690+0000] {logging_mixin.py:149} INFO - [2023-05-17T13:34:34.689+0000] {dag.py:3490} INFO - Setting next_dagrun for tutorial_dag to None, run_after=None
[2023-05-17T13:34:34.913+0000] {processor.py:178} INFO - Processing /home/airflow/.local/lib/python3.7/site-packages/airflow/example_dags/tutorial_dag.py took 0.625 seconds
[2023-05-17T13:36:54.400+0000] {processor.py:156} INFO - Started process (PID=260) to work on /home/airflow/.local/lib/python3.7/site-packages/airflow/example_dags/tutorial_dag.py
[2023-05-17T13:36:54.402+0000] {processor.py:799} INFO - Processing file /home/airflow/.local/lib/python3.7/site-packages/airflow/example_dags/tutorial_dag.py for tasks to queue
[2023-05-17T13:36:54.404+0000] {logging_mixin.py:149} INFO - [2023-05-17T13:36:54.404+0000] {dagbag.py:541} INFO - Filling up the DagBag from /home/airflow/.local/lib/python3.7/site-packages/airflow/example_dags/tutorial_dag.py
[2023-05-17T13:36:54.484+0000] {processor.py:809} INFO - DAG(s) dict_keys(['tutorial_dag']) retrieved from /home/airflow/.local/lib/python3.7/site-packages/airflow/example_dags/tutorial_dag.py
[2023-05-17T13:36:54.541+0000] {logging_mixin.py:149} INFO - [2023-05-17T13:36:54.540+0000] {dag.py:2726} INFO - Sync 1 DAGs
[2023-05-17T13:36:54.629+0000] {logging_mixin.py:149} INFO - [2023-05-17T13:36:54.628+0000] {dag.py:3490} INFO - Setting next_dagrun for tutorial_dag to None, run_after=None
[2023-05-17T13:36:54.747+0000] {processor.py:178} INFO - Processing /home/airflow/.local/lib/python3.7/site-packages/airflow/example_dags/tutorial_dag.py took 0.355 seconds
[2023-05-17T13:37:28.621+0000] {processor.py:156} INFO - Started process (PID=318) to work on /home/airflow/.local/lib/python3.7/site-packages/airflow/example_dags/tutorial_dag.py
[2023-05-17T13:37:28.624+0000] {processor.py:799} INFO - Processing file /home/airflow/.local/lib/python3.7/site-packages/airflow/example_dags/tutorial_dag.py for tasks to queue
[2023-05-17T13:37:28.628+0000] {logging_mixin.py:149} INFO - [2023-05-17T13:37:28.627+0000] {dagbag.py:541} INFO - Filling up the DagBag from /home/airflow/.local/lib/python3.7/site-packages/airflow/example_dags/tutorial_dag.py
[2023-05-17T13:37:28.642+0000] {processor.py:809} INFO - DAG(s) dict_keys(['tutorial_dag']) retrieved from /home/airflow/.local/lib/python3.7/site-packages/airflow/example_dags/tutorial_dag.py
[2023-05-17T13:37:28.712+0000] {logging_mixin.py:149} INFO - [2023-05-17T13:37:28.711+0000] {dag.py:2726} INFO - Sync 1 DAGs
[2023-05-17T13:37:28.765+0000] {logging_mixin.py:149} INFO - [2023-05-17T13:37:28.764+0000] {dag.py:3490} INFO - Setting next_dagrun for tutorial_dag to None, run_after=None
[2023-05-17T13:37:29.206+0000] {processor.py:178} INFO - Processing /home/airflow/.local/lib/python3.7/site-packages/airflow/example_dags/tutorial_dag.py took 0.594 seconds
[2023-05-17T13:38:04.900+0000] {processor.py:156} INFO - Started process (PID=376) to work on /home/airflow/.local/lib/python3.7/site-packages/airflow/example_dags/tutorial_dag.py
[2023-05-17T13:38:04.921+0000] {processor.py:799} INFO - Processing file /home/airflow/.local/lib/python3.7/site-packages/airflow/example_dags/tutorial_dag.py for tasks to queue
[2023-05-17T13:38:04.933+0000] {logging_mixin.py:149} INFO - [2023-05-17T13:38:04.933+0000] {dagbag.py:541} INFO - Filling up the DagBag from /home/airflow/.local/lib/python3.7/site-packages/airflow/example_dags/tutorial_dag.py
[2023-05-17T13:38:04.947+0000] {processor.py:809} INFO - DAG(s) dict_keys(['tutorial_dag']) retrieved from /home/airflow/.local/lib/python3.7/site-packages/airflow/example_dags/tutorial_dag.py
[2023-05-17T13:38:04.994+0000] {logging_mixin.py:149} INFO - [2023-05-17T13:38:04.993+0000] {dag.py:2726} INFO - Sync 1 DAGs
[2023-05-17T13:38:05.044+0000] {logging_mixin.py:149} INFO - [2023-05-17T13:38:05.044+0000] {dag.py:3490} INFO - Setting next_dagrun for tutorial_dag to None, run_after=None
[2023-05-17T13:38:05.269+0000] {processor.py:178} INFO - Processing /home/airflow/.local/lib/python3.7/site-packages/airflow/example_dags/tutorial_dag.py took 0.383 seconds
[2023-05-17T13:38:35.715+0000] {processor.py:156} INFO - Started process (PID=429) to work on /home/airflow/.local/lib/python3.7/site-packages/airflow/example_dags/tutorial_dag.py
[2023-05-17T13:38:35.719+0000] {processor.py:799} INFO - Processing file /home/airflow/.local/lib/python3.7/site-packages/airflow/example_dags/tutorial_dag.py for tasks to queue
[2023-05-17T13:38:35.722+0000] {logging_mixin.py:149} INFO - [2023-05-17T13:38:35.722+0000] {dagbag.py:541} INFO - Filling up the DagBag from /home/airflow/.local/lib/python3.7/site-packages/airflow/example_dags/tutorial_dag.py
[2023-05-17T13:38:35.736+0000] {processor.py:809} INFO - DAG(s) dict_keys(['tutorial_dag']) retrieved from /home/airflow/.local/lib/python3.7/site-packages/airflow/example_dags/tutorial_dag.py
[2023-05-17T13:38:35.801+0000] {logging_mixin.py:149} INFO - [2023-05-17T13:38:35.800+0000] {dag.py:2726} INFO - Sync 1 DAGs
[2023-05-17T13:38:35.902+0000] {logging_mixin.py:149} INFO - [2023-05-17T13:38:35.902+0000] {dag.py:3490} INFO - Setting next_dagrun for tutorial_dag to None, run_after=None
[2023-05-17T13:38:36.030+0000] {processor.py:178} INFO - Processing /home/airflow/.local/lib/python3.7/site-packages/airflow/example_dags/tutorial_dag.py took 0.324 seconds
[2023-05-17T13:39:07.089+0000] {processor.py:156} INFO - Started process (PID=488) to work on /home/airflow/.local/lib/python3.7/site-packages/airflow/example_dags/tutorial_dag.py
[2023-05-17T13:39:07.092+0000] {processor.py:799} INFO - Processing file /home/airflow/.local/lib/python3.7/site-packages/airflow/example_dags/tutorial_dag.py for tasks to queue
[2023-05-17T13:39:07.094+0000] {logging_mixin.py:149} INFO - [2023-05-17T13:39:07.094+0000] {dagbag.py:541} INFO - Filling up the DagBag from /home/airflow/.local/lib/python3.7/site-packages/airflow/example_dags/tutorial_dag.py
[2023-05-17T13:39:07.116+0000] {processor.py:809} INFO - DAG(s) dict_keys(['tutorial_dag']) retrieved from /home/airflow/.local/lib/python3.7/site-packages/airflow/example_dags/tutorial_dag.py
[2023-05-17T13:39:07.241+0000] {logging_mixin.py:149} INFO - [2023-05-17T13:39:07.241+0000] {dag.py:2726} INFO - Sync 1 DAGs
[2023-05-17T13:39:07.397+0000] {logging_mixin.py:149} INFO - [2023-05-17T13:39:07.396+0000] {dag.py:3490} INFO - Setting next_dagrun for tutorial_dag to None, run_after=None
[2023-05-17T13:39:07.694+0000] {processor.py:178} INFO - Processing /home/airflow/.local/lib/python3.7/site-packages/airflow/example_dags/tutorial_dag.py took 0.621 seconds
[2023-05-17T13:39:37.986+0000] {processor.py:156} INFO - Started process (PID=547) to work on /home/airflow/.local/lib/python3.7/site-packages/airflow/example_dags/tutorial_dag.py
[2023-05-17T13:39:37.988+0000] {processor.py:799} INFO - Processing file /home/airflow/.local/lib/python3.7/site-packages/airflow/example_dags/tutorial_dag.py for tasks to queue
[2023-05-17T13:39:37.991+0000] {logging_mixin.py:149} INFO - [2023-05-17T13:39:37.990+0000] {dagbag.py:541} INFO - Filling up the DagBag from /home/airflow/.local/lib/python3.7/site-packages/airflow/example_dags/tutorial_dag.py
[2023-05-17T13:39:38.008+0000] {processor.py:809} INFO - DAG(s) dict_keys(['tutorial_dag']) retrieved from /home/airflow/.local/lib/python3.7/site-packages/airflow/example_dags/tutorial_dag.py
[2023-05-17T13:39:38.080+0000] {logging_mixin.py:149} INFO - [2023-05-17T13:39:38.080+0000] {dag.py:2726} INFO - Sync 1 DAGs
[2023-05-17T13:39:38.187+0000] {logging_mixin.py:149} INFO - [2023-05-17T13:39:38.186+0000] {dag.py:3490} INFO - Setting next_dagrun for tutorial_dag to None, run_after=None
[2023-05-17T13:39:38.381+0000] {processor.py:178} INFO - Processing /home/airflow/.local/lib/python3.7/site-packages/airflow/example_dags/tutorial_dag.py took 0.408 seconds
[2023-05-17T13:40:08.763+0000] {processor.py:156} INFO - Started process (PID=604) to work on /home/airflow/.local/lib/python3.7/site-packages/airflow/example_dags/tutorial_dag.py
[2023-05-17T13:40:08.766+0000] {processor.py:799} INFO - Processing file /home/airflow/.local/lib/python3.7/site-packages/airflow/example_dags/tutorial_dag.py for tasks to queue
[2023-05-17T13:40:08.768+0000] {logging_mixin.py:149} INFO - [2023-05-17T13:40:08.768+0000] {dagbag.py:541} INFO - Filling up the DagBag from /home/airflow/.local/lib/python3.7/site-packages/airflow/example_dags/tutorial_dag.py
[2023-05-17T13:40:08.782+0000] {processor.py:809} INFO - DAG(s) dict_keys(['tutorial_dag']) retrieved from /home/airflow/.local/lib/python3.7/site-packages/airflow/example_dags/tutorial_dag.py
[2023-05-17T13:40:08.879+0000] {logging_mixin.py:149} INFO - [2023-05-17T13:40:08.879+0000] {dag.py:2726} INFO - Sync 1 DAGs
[2023-05-17T13:40:09.000+0000] {logging_mixin.py:149} INFO - [2023-05-17T13:40:09.000+0000] {dag.py:3490} INFO - Setting next_dagrun for tutorial_dag to None, run_after=None
[2023-05-17T13:40:09.174+0000] {processor.py:178} INFO - Processing /home/airflow/.local/lib/python3.7/site-packages/airflow/example_dags/tutorial_dag.py took 0.428 seconds
