[2023-05-17T13:07:06.288+0000] {processor.py:156} INFO - Started process (PID=172) to work on /home/airflow/.local/lib/python3.7/site-packages/airflow/example_dags/tutorial.py
[2023-05-17T13:07:06.402+0000] {processor.py:799} INFO - Processing file /home/airflow/.local/lib/python3.7/site-packages/airflow/example_dags/tutorial.py for tasks to queue
[2023-05-17T13:07:06.557+0000] {logging_mixin.py:149} INFO - [2023-05-17T13:07:06.557+0000] {dagbag.py:541} INFO - Filling up the DagBag from /home/airflow/.local/lib/python3.7/site-packages/airflow/example_dags/tutorial.py
[2023-05-17T13:07:07.928+0000] {processor.py:809} INFO - DAG(s) dict_keys(['tutorial']) retrieved from /home/airflow/.local/lib/python3.7/site-packages/airflow/example_dags/tutorial.py
[2023-05-17T13:07:16.694+0000] {logging_mixin.py:149} INFO - [2023-05-17T13:07:16.694+0000] {manager.py:504} INFO - Created Permission View: can read on DAG:tutorial
[2023-05-17T13:07:19.013+0000] {logging_mixin.py:149} INFO - [2023-05-17T13:07:19.013+0000] {manager.py:504} INFO - Created Permission View: can edit on DAG:tutorial
[2023-05-17T13:07:21.562+0000] {logging_mixin.py:149} INFO - [2023-05-17T13:07:21.561+0000] {manager.py:504} INFO - Created Permission View: can delete on DAG:tutorial
[2023-05-17T13:07:21.564+0000] {logging_mixin.py:149} INFO - [2023-05-17T13:07:21.563+0000] {dag.py:2726} INFO - Sync 1 DAGs
[2023-05-17T13:07:30.512+0000] {logging_mixin.py:149} INFO - [2023-05-17T13:07:30.511+0000] {dag.py:2747} INFO - Creating ORM DAG for tutorial
[2023-05-17T13:07:32.348+0000] {logging_mixin.py:149} INFO - [2023-05-17T13:07:32.347+0000] {dag.py:3490} INFO - Setting next_dagrun for tutorial to 2023-05-16T13:07:32.347386+00:00, run_after=2023-05-17T13:07:32.347386+00:00
[2023-05-17T13:07:38.875+0000] {processor.py:178} INFO - Processing /home/airflow/.local/lib/python3.7/site-packages/airflow/example_dags/tutorial.py took 32.761 seconds
[2023-05-17T13:09:16.219+0000] {processor.py:156} INFO - Started process (PID=242) to work on /home/airflow/.local/lib/python3.7/site-packages/airflow/example_dags/tutorial.py
[2023-05-17T13:09:16.222+0000] {processor.py:799} INFO - Processing file /home/airflow/.local/lib/python3.7/site-packages/airflow/example_dags/tutorial.py for tasks to queue
[2023-05-17T13:09:16.226+0000] {logging_mixin.py:149} INFO - [2023-05-17T13:09:16.225+0000] {dagbag.py:541} INFO - Filling up the DagBag from /home/airflow/.local/lib/python3.7/site-packages/airflow/example_dags/tutorial.py
[2023-05-17T13:09:16.254+0000] {processor.py:809} INFO - DAG(s) dict_keys(['tutorial']) retrieved from /home/airflow/.local/lib/python3.7/site-packages/airflow/example_dags/tutorial.py
[2023-05-17T13:09:16.347+0000] {logging_mixin.py:149} INFO - [2023-05-17T13:09:16.347+0000] {dag.py:2726} INFO - Sync 1 DAGs
[2023-05-17T13:09:16.452+0000] {logging_mixin.py:149} INFO - [2023-05-17T13:09:16.452+0000] {dag.py:3490} INFO - Setting next_dagrun for tutorial to 2023-05-16T13:09:16.451278+00:00, run_after=2023-05-17T13:09:16.451278+00:00
[2023-05-17T13:09:16.672+0000] {processor.py:178} INFO - Processing /home/airflow/.local/lib/python3.7/site-packages/airflow/example_dags/tutorial.py took 0.466 seconds
[2023-05-17T13:09:48.023+0000] {processor.py:156} INFO - Started process (PID=299) to work on /home/airflow/.local/lib/python3.7/site-packages/airflow/example_dags/tutorial.py
[2023-05-17T13:09:48.027+0000] {processor.py:799} INFO - Processing file /home/airflow/.local/lib/python3.7/site-packages/airflow/example_dags/tutorial.py for tasks to queue
[2023-05-17T13:09:48.030+0000] {logging_mixin.py:149} INFO - [2023-05-17T13:09:48.029+0000] {dagbag.py:541} INFO - Filling up the DagBag from /home/airflow/.local/lib/python3.7/site-packages/airflow/example_dags/tutorial.py
[2023-05-17T13:09:48.046+0000] {processor.py:809} INFO - DAG(s) dict_keys(['tutorial']) retrieved from /home/airflow/.local/lib/python3.7/site-packages/airflow/example_dags/tutorial.py
[2023-05-17T13:09:48.103+0000] {logging_mixin.py:149} INFO - [2023-05-17T13:09:48.103+0000] {dag.py:2726} INFO - Sync 1 DAGs
[2023-05-17T13:09:48.177+0000] {logging_mixin.py:149} INFO - [2023-05-17T13:09:48.177+0000] {dag.py:3490} INFO - Setting next_dagrun for tutorial to 2023-05-16T13:09:48.177059+00:00, run_after=2023-05-17T13:09:48.177059+00:00
[2023-05-17T13:09:48.429+0000] {processor.py:178} INFO - Processing /home/airflow/.local/lib/python3.7/site-packages/airflow/example_dags/tutorial.py took 0.416 seconds
[2023-05-17T13:10:24.455+0000] {processor.py:156} INFO - Started process (PID=358) to work on /home/airflow/.local/lib/python3.7/site-packages/airflow/example_dags/tutorial.py
[2023-05-17T13:10:24.457+0000] {processor.py:799} INFO - Processing file /home/airflow/.local/lib/python3.7/site-packages/airflow/example_dags/tutorial.py for tasks to queue
[2023-05-17T13:10:24.460+0000] {logging_mixin.py:149} INFO - [2023-05-17T13:10:24.460+0000] {dagbag.py:541} INFO - Filling up the DagBag from /home/airflow/.local/lib/python3.7/site-packages/airflow/example_dags/tutorial.py
[2023-05-17T13:10:24.475+0000] {processor.py:809} INFO - DAG(s) dict_keys(['tutorial']) retrieved from /home/airflow/.local/lib/python3.7/site-packages/airflow/example_dags/tutorial.py
[2023-05-17T13:10:24.568+0000] {logging_mixin.py:149} INFO - [2023-05-17T13:10:24.568+0000] {dag.py:2726} INFO - Sync 1 DAGs
[2023-05-17T13:10:24.696+0000] {logging_mixin.py:149} INFO - [2023-05-17T13:10:24.695+0000] {dag.py:3490} INFO - Setting next_dagrun for tutorial to 2023-05-16T13:10:24.694408+00:00, run_after=2023-05-17T13:10:24.694408+00:00
[2023-05-17T13:10:24.870+0000] {processor.py:178} INFO - Processing /home/airflow/.local/lib/python3.7/site-packages/airflow/example_dags/tutorial.py took 0.423 seconds
[2023-05-17T13:11:06.551+0000] {processor.py:156} INFO - Started process (PID=416) to work on /home/airflow/.local/lib/python3.7/site-packages/airflow/example_dags/tutorial.py
[2023-05-17T13:11:06.553+0000] {processor.py:799} INFO - Processing file /home/airflow/.local/lib/python3.7/site-packages/airflow/example_dags/tutorial.py for tasks to queue
[2023-05-17T13:11:06.555+0000] {logging_mixin.py:149} INFO - [2023-05-17T13:11:06.555+0000] {dagbag.py:541} INFO - Filling up the DagBag from /home/airflow/.local/lib/python3.7/site-packages/airflow/example_dags/tutorial.py
[2023-05-17T13:11:06.571+0000] {processor.py:809} INFO - DAG(s) dict_keys(['tutorial']) retrieved from /home/airflow/.local/lib/python3.7/site-packages/airflow/example_dags/tutorial.py
[2023-05-17T13:11:06.653+0000] {logging_mixin.py:149} INFO - [2023-05-17T13:11:06.652+0000] {dag.py:2726} INFO - Sync 1 DAGs
[2023-05-17T13:11:06.722+0000] {logging_mixin.py:149} INFO - [2023-05-17T13:11:06.722+0000] {dag.py:3490} INFO - Setting next_dagrun for tutorial to 2023-05-16T13:11:06.721594+00:00, run_after=2023-05-17T13:11:06.721594+00:00
[2023-05-17T13:11:06.986+0000] {processor.py:178} INFO - Processing /home/airflow/.local/lib/python3.7/site-packages/airflow/example_dags/tutorial.py took 0.445 seconds
[2023-05-17T13:11:38.887+0000] {processor.py:156} INFO - Started process (PID=470) to work on /home/airflow/.local/lib/python3.7/site-packages/airflow/example_dags/tutorial.py
[2023-05-17T13:11:38.896+0000] {processor.py:799} INFO - Processing file /home/airflow/.local/lib/python3.7/site-packages/airflow/example_dags/tutorial.py for tasks to queue
[2023-05-17T13:11:38.909+0000] {logging_mixin.py:149} INFO - [2023-05-17T13:11:38.901+0000] {dagbag.py:541} INFO - Filling up the DagBag from /home/airflow/.local/lib/python3.7/site-packages/airflow/example_dags/tutorial.py
[2023-05-17T13:11:38.952+0000] {processor.py:809} INFO - DAG(s) dict_keys(['tutorial']) retrieved from /home/airflow/.local/lib/python3.7/site-packages/airflow/example_dags/tutorial.py
[2023-05-17T13:11:39.072+0000] {logging_mixin.py:149} INFO - [2023-05-17T13:11:39.071+0000] {dag.py:2726} INFO - Sync 1 DAGs
[2023-05-17T13:11:39.215+0000] {logging_mixin.py:149} INFO - [2023-05-17T13:11:39.215+0000] {dag.py:3490} INFO - Setting next_dagrun for tutorial to 2023-05-16T13:11:39.214865+00:00, run_after=2023-05-17T13:11:39.214865+00:00
[2023-05-17T13:11:39.501+0000] {processor.py:178} INFO - Processing /home/airflow/.local/lib/python3.7/site-packages/airflow/example_dags/tutorial.py took 0.621 seconds
[2023-05-17T13:12:09.848+0000] {processor.py:156} INFO - Started process (PID=528) to work on /home/airflow/.local/lib/python3.7/site-packages/airflow/example_dags/tutorial.py
[2023-05-17T13:12:09.852+0000] {processor.py:799} INFO - Processing file /home/airflow/.local/lib/python3.7/site-packages/airflow/example_dags/tutorial.py for tasks to queue
[2023-05-17T13:12:09.854+0000] {logging_mixin.py:149} INFO - [2023-05-17T13:12:09.854+0000] {dagbag.py:541} INFO - Filling up the DagBag from /home/airflow/.local/lib/python3.7/site-packages/airflow/example_dags/tutorial.py
[2023-05-17T13:12:09.875+0000] {processor.py:809} INFO - DAG(s) dict_keys(['tutorial']) retrieved from /home/airflow/.local/lib/python3.7/site-packages/airflow/example_dags/tutorial.py
[2023-05-17T13:12:09.973+0000] {logging_mixin.py:149} INFO - [2023-05-17T13:12:09.972+0000] {dag.py:2726} INFO - Sync 1 DAGs
[2023-05-17T13:12:10.076+0000] {logging_mixin.py:149} INFO - [2023-05-17T13:12:10.076+0000] {dag.py:3490} INFO - Setting next_dagrun for tutorial to 2023-05-16T13:12:10.075702+00:00, run_after=2023-05-17T13:12:10.075702+00:00
[2023-05-17T13:12:10.423+0000] {processor.py:178} INFO - Processing /home/airflow/.local/lib/python3.7/site-packages/airflow/example_dags/tutorial.py took 0.585 seconds
[2023-05-17T13:12:52.011+0000] {processor.py:156} INFO - Started process (PID=589) to work on /home/airflow/.local/lib/python3.7/site-packages/airflow/example_dags/tutorial.py
[2023-05-17T13:12:52.015+0000] {processor.py:799} INFO - Processing file /home/airflow/.local/lib/python3.7/site-packages/airflow/example_dags/tutorial.py for tasks to queue
[2023-05-17T13:12:52.018+0000] {logging_mixin.py:149} INFO - [2023-05-17T13:12:52.018+0000] {dagbag.py:541} INFO - Filling up the DagBag from /home/airflow/.local/lib/python3.7/site-packages/airflow/example_dags/tutorial.py
[2023-05-17T13:12:52.045+0000] {processor.py:809} INFO - DAG(s) dict_keys(['tutorial']) retrieved from /home/airflow/.local/lib/python3.7/site-packages/airflow/example_dags/tutorial.py
[2023-05-17T13:12:52.137+0000] {logging_mixin.py:149} INFO - [2023-05-17T13:12:52.137+0000] {dag.py:2726} INFO - Sync 1 DAGs
[2023-05-17T13:12:52.228+0000] {logging_mixin.py:149} INFO - [2023-05-17T13:12:52.227+0000] {dag.py:3490} INFO - Setting next_dagrun for tutorial to 2023-05-16T13:12:52.227007+00:00, run_after=2023-05-17T13:12:52.227007+00:00
[2023-05-17T13:12:52.917+0000] {processor.py:178} INFO - Processing /home/airflow/.local/lib/python3.7/site-packages/airflow/example_dags/tutorial.py took 0.915 seconds
[2023-05-17T13:13:31.244+0000] {processor.py:156} INFO - Started process (PID=647) to work on /home/airflow/.local/lib/python3.7/site-packages/airflow/example_dags/tutorial.py
[2023-05-17T13:13:31.247+0000] {processor.py:799} INFO - Processing file /home/airflow/.local/lib/python3.7/site-packages/airflow/example_dags/tutorial.py for tasks to queue
[2023-05-17T13:13:31.250+0000] {logging_mixin.py:149} INFO - [2023-05-17T13:13:31.249+0000] {dagbag.py:541} INFO - Filling up the DagBag from /home/airflow/.local/lib/python3.7/site-packages/airflow/example_dags/tutorial.py
[2023-05-17T13:13:31.266+0000] {processor.py:809} INFO - DAG(s) dict_keys(['tutorial']) retrieved from /home/airflow/.local/lib/python3.7/site-packages/airflow/example_dags/tutorial.py
[2023-05-17T13:13:31.350+0000] {logging_mixin.py:149} INFO - [2023-05-17T13:13:31.349+0000] {dag.py:2726} INFO - Sync 1 DAGs
[2023-05-17T13:13:31.476+0000] {logging_mixin.py:149} INFO - [2023-05-17T13:13:31.475+0000] {dag.py:3490} INFO - Setting next_dagrun for tutorial to 2023-05-16T13:13:31.473162+00:00, run_after=2023-05-17T13:13:31.473162+00:00
[2023-05-17T13:13:32.013+0000] {processor.py:178} INFO - Processing /home/airflow/.local/lib/python3.7/site-packages/airflow/example_dags/tutorial.py took 0.783 seconds
[2023-05-17T13:14:02.380+0000] {processor.py:156} INFO - Started process (PID=706) to work on /home/airflow/.local/lib/python3.7/site-packages/airflow/example_dags/tutorial.py
[2023-05-17T13:14:02.382+0000] {processor.py:799} INFO - Processing file /home/airflow/.local/lib/python3.7/site-packages/airflow/example_dags/tutorial.py for tasks to queue
[2023-05-17T13:14:02.384+0000] {logging_mixin.py:149} INFO - [2023-05-17T13:14:02.384+0000] {dagbag.py:541} INFO - Filling up the DagBag from /home/airflow/.local/lib/python3.7/site-packages/airflow/example_dags/tutorial.py
[2023-05-17T13:14:02.399+0000] {processor.py:809} INFO - DAG(s) dict_keys(['tutorial']) retrieved from /home/airflow/.local/lib/python3.7/site-packages/airflow/example_dags/tutorial.py
[2023-05-17T13:14:02.456+0000] {logging_mixin.py:149} INFO - [2023-05-17T13:14:02.455+0000] {dag.py:2726} INFO - Sync 1 DAGs
[2023-05-17T13:14:02.519+0000] {logging_mixin.py:149} INFO - [2023-05-17T13:14:02.518+0000] {dag.py:3490} INFO - Setting next_dagrun for tutorial to 2023-05-16T13:14:02.518073+00:00, run_after=2023-05-17T13:14:02.518073+00:00
[2023-05-17T13:14:02.686+0000] {processor.py:178} INFO - Processing /home/airflow/.local/lib/python3.7/site-packages/airflow/example_dags/tutorial.py took 0.313 seconds
[2023-05-17T13:15:17.267+0000] {processor.py:156} INFO - Started process (PID=769) to work on /home/airflow/.local/lib/python3.7/site-packages/airflow/example_dags/tutorial.py
[2023-05-17T13:15:17.270+0000] {processor.py:799} INFO - Processing file /home/airflow/.local/lib/python3.7/site-packages/airflow/example_dags/tutorial.py for tasks to queue
[2023-05-17T13:15:17.274+0000] {logging_mixin.py:149} INFO - [2023-05-17T13:15:17.273+0000] {dagbag.py:541} INFO - Filling up the DagBag from /home/airflow/.local/lib/python3.7/site-packages/airflow/example_dags/tutorial.py
[2023-05-17T13:15:17.292+0000] {processor.py:809} INFO - DAG(s) dict_keys(['tutorial']) retrieved from /home/airflow/.local/lib/python3.7/site-packages/airflow/example_dags/tutorial.py
[2023-05-17T13:15:17.368+0000] {logging_mixin.py:149} INFO - [2023-05-17T13:15:17.368+0000] {dag.py:2726} INFO - Sync 1 DAGs
[2023-05-17T13:15:17.447+0000] {logging_mixin.py:149} INFO - [2023-05-17T13:15:17.446+0000] {dag.py:3490} INFO - Setting next_dagrun for tutorial to 2023-05-16T13:15:17.446477+00:00, run_after=2023-05-17T13:15:17.446477+00:00
[2023-05-17T13:15:17.798+0000] {processor.py:178} INFO - Processing /home/airflow/.local/lib/python3.7/site-packages/airflow/example_dags/tutorial.py took 0.541 seconds
[2023-05-17T13:15:48.535+0000] {processor.py:156} INFO - Started process (PID=827) to work on /home/airflow/.local/lib/python3.7/site-packages/airflow/example_dags/tutorial.py
[2023-05-17T13:15:48.537+0000] {processor.py:799} INFO - Processing file /home/airflow/.local/lib/python3.7/site-packages/airflow/example_dags/tutorial.py for tasks to queue
[2023-05-17T13:15:48.540+0000] {logging_mixin.py:149} INFO - [2023-05-17T13:15:48.539+0000] {dagbag.py:541} INFO - Filling up the DagBag from /home/airflow/.local/lib/python3.7/site-packages/airflow/example_dags/tutorial.py
[2023-05-17T13:15:48.618+0000] {processor.py:809} INFO - DAG(s) dict_keys(['tutorial']) retrieved from /home/airflow/.local/lib/python3.7/site-packages/airflow/example_dags/tutorial.py
[2023-05-17T13:15:48.863+0000] {logging_mixin.py:149} INFO - [2023-05-17T13:15:48.859+0000] {dag.py:2726} INFO - Sync 1 DAGs
[2023-05-17T13:15:49.000+0000] {logging_mixin.py:149} INFO - [2023-05-17T13:15:49.000+0000] {dag.py:3490} INFO - Setting next_dagrun for tutorial to 2023-05-16T13:15:48.999033+00:00, run_after=2023-05-17T13:15:48.999033+00:00
[2023-05-17T13:15:49.147+0000] {processor.py:178} INFO - Processing /home/airflow/.local/lib/python3.7/site-packages/airflow/example_dags/tutorial.py took 0.624 seconds
[2023-05-17T13:16:19.330+0000] {processor.py:156} INFO - Started process (PID=885) to work on /home/airflow/.local/lib/python3.7/site-packages/airflow/example_dags/tutorial.py
[2023-05-17T13:16:19.333+0000] {processor.py:799} INFO - Processing file /home/airflow/.local/lib/python3.7/site-packages/airflow/example_dags/tutorial.py for tasks to queue
[2023-05-17T13:16:19.338+0000] {logging_mixin.py:149} INFO - [2023-05-17T13:16:19.335+0000] {dagbag.py:541} INFO - Filling up the DagBag from /home/airflow/.local/lib/python3.7/site-packages/airflow/example_dags/tutorial.py
[2023-05-17T13:16:19.359+0000] {processor.py:809} INFO - DAG(s) dict_keys(['tutorial']) retrieved from /home/airflow/.local/lib/python3.7/site-packages/airflow/example_dags/tutorial.py
[2023-05-17T13:16:19.414+0000] {logging_mixin.py:149} INFO - [2023-05-17T13:16:19.413+0000] {dag.py:2726} INFO - Sync 1 DAGs
[2023-05-17T13:16:19.476+0000] {logging_mixin.py:149} INFO - [2023-05-17T13:16:19.475+0000] {dag.py:3490} INFO - Setting next_dagrun for tutorial to 2023-05-16T13:16:19.475203+00:00, run_after=2023-05-17T13:16:19.475203+00:00
[2023-05-17T13:16:19.606+0000] {processor.py:178} INFO - Processing /home/airflow/.local/lib/python3.7/site-packages/airflow/example_dags/tutorial.py took 0.283 seconds
[2023-05-17T13:16:49.913+0000] {processor.py:156} INFO - Started process (PID=943) to work on /home/airflow/.local/lib/python3.7/site-packages/airflow/example_dags/tutorial.py
[2023-05-17T13:16:49.915+0000] {processor.py:799} INFO - Processing file /home/airflow/.local/lib/python3.7/site-packages/airflow/example_dags/tutorial.py for tasks to queue
[2023-05-17T13:16:49.917+0000] {logging_mixin.py:149} INFO - [2023-05-17T13:16:49.917+0000] {dagbag.py:541} INFO - Filling up the DagBag from /home/airflow/.local/lib/python3.7/site-packages/airflow/example_dags/tutorial.py
[2023-05-17T13:16:49.934+0000] {processor.py:809} INFO - DAG(s) dict_keys(['tutorial']) retrieved from /home/airflow/.local/lib/python3.7/site-packages/airflow/example_dags/tutorial.py
[2023-05-17T13:16:50.017+0000] {logging_mixin.py:149} INFO - [2023-05-17T13:16:50.016+0000] {dag.py:2726} INFO - Sync 1 DAGs
[2023-05-17T13:16:50.080+0000] {logging_mixin.py:149} INFO - [2023-05-17T13:16:50.079+0000] {dag.py:3490} INFO - Setting next_dagrun for tutorial to 2023-05-16T13:16:50.078664+00:00, run_after=2023-05-17T13:16:50.078664+00:00
[2023-05-17T13:16:50.204+0000] {processor.py:178} INFO - Processing /home/airflow/.local/lib/python3.7/site-packages/airflow/example_dags/tutorial.py took 0.302 seconds
[2023-05-17T13:17:25.898+0000] {processor.py:156} INFO - Started process (PID=1008) to work on /home/airflow/.local/lib/python3.7/site-packages/airflow/example_dags/tutorial.py
[2023-05-17T13:17:25.900+0000] {processor.py:799} INFO - Processing file /home/airflow/.local/lib/python3.7/site-packages/airflow/example_dags/tutorial.py for tasks to queue
[2023-05-17T13:17:25.903+0000] {logging_mixin.py:149} INFO - [2023-05-17T13:17:25.903+0000] {dagbag.py:541} INFO - Filling up the DagBag from /home/airflow/.local/lib/python3.7/site-packages/airflow/example_dags/tutorial.py
[2023-05-17T13:17:25.916+0000] {processor.py:809} INFO - DAG(s) dict_keys(['tutorial']) retrieved from /home/airflow/.local/lib/python3.7/site-packages/airflow/example_dags/tutorial.py
[2023-05-17T13:17:25.965+0000] {logging_mixin.py:149} INFO - [2023-05-17T13:17:25.965+0000] {dag.py:2726} INFO - Sync 1 DAGs
[2023-05-17T13:17:26.026+0000] {logging_mixin.py:149} INFO - [2023-05-17T13:17:26.026+0000] {dag.py:3490} INFO - Setting next_dagrun for tutorial to 2023-05-16T13:17:26.025702+00:00, run_after=2023-05-17T13:17:26.025702+00:00
[2023-05-17T13:17:26.662+0000] {processor.py:178} INFO - Processing /home/airflow/.local/lib/python3.7/site-packages/airflow/example_dags/tutorial.py took 0.771 seconds
[2023-05-17T13:18:19.711+0000] {processor.py:156} INFO - Started process (PID=1063) to work on /home/airflow/.local/lib/python3.7/site-packages/airflow/example_dags/tutorial.py
[2023-05-17T13:18:19.714+0000] {processor.py:799} INFO - Processing file /home/airflow/.local/lib/python3.7/site-packages/airflow/example_dags/tutorial.py for tasks to queue
[2023-05-17T13:18:19.719+0000] {logging_mixin.py:149} INFO - [2023-05-17T13:18:19.718+0000] {dagbag.py:541} INFO - Filling up the DagBag from /home/airflow/.local/lib/python3.7/site-packages/airflow/example_dags/tutorial.py
[2023-05-17T13:18:19.737+0000] {processor.py:809} INFO - DAG(s) dict_keys(['tutorial']) retrieved from /home/airflow/.local/lib/python3.7/site-packages/airflow/example_dags/tutorial.py
[2023-05-17T13:18:19.787+0000] {logging_mixin.py:149} INFO - [2023-05-17T13:18:19.786+0000] {dag.py:2726} INFO - Sync 1 DAGs
[2023-05-17T13:18:19.847+0000] {logging_mixin.py:149} INFO - [2023-05-17T13:18:19.846+0000] {dag.py:3490} INFO - Setting next_dagrun for tutorial to 2023-05-16T13:18:19.846404+00:00, run_after=2023-05-17T13:18:19.846404+00:00
[2023-05-17T13:18:21.401+0000] {processor.py:178} INFO - Processing /home/airflow/.local/lib/python3.7/site-packages/airflow/example_dags/tutorial.py took 1.699 seconds
[2023-05-17T13:18:54.614+0000] {processor.py:156} INFO - Started process (PID=1121) to work on /home/airflow/.local/lib/python3.7/site-packages/airflow/example_dags/tutorial.py
[2023-05-17T13:18:54.616+0000] {processor.py:799} INFO - Processing file /home/airflow/.local/lib/python3.7/site-packages/airflow/example_dags/tutorial.py for tasks to queue
[2023-05-17T13:18:54.618+0000] {logging_mixin.py:149} INFO - [2023-05-17T13:18:54.617+0000] {dagbag.py:541} INFO - Filling up the DagBag from /home/airflow/.local/lib/python3.7/site-packages/airflow/example_dags/tutorial.py
[2023-05-17T13:18:54.631+0000] {processor.py:809} INFO - DAG(s) dict_keys(['tutorial']) retrieved from /home/airflow/.local/lib/python3.7/site-packages/airflow/example_dags/tutorial.py
[2023-05-17T13:18:54.680+0000] {logging_mixin.py:149} INFO - [2023-05-17T13:18:54.680+0000] {dag.py:2726} INFO - Sync 1 DAGs
[2023-05-17T13:18:54.750+0000] {logging_mixin.py:149} INFO - [2023-05-17T13:18:54.750+0000] {dag.py:3490} INFO - Setting next_dagrun for tutorial to 2023-05-16T13:18:54.749866+00:00, run_after=2023-05-17T13:18:54.749866+00:00
[2023-05-17T13:18:54.908+0000] {processor.py:178} INFO - Processing /home/airflow/.local/lib/python3.7/site-packages/airflow/example_dags/tutorial.py took 0.302 seconds
[2023-05-17T13:19:27.554+0000] {processor.py:156} INFO - Started process (PID=1178) to work on /home/airflow/.local/lib/python3.7/site-packages/airflow/example_dags/tutorial.py
[2023-05-17T13:19:27.559+0000] {processor.py:799} INFO - Processing file /home/airflow/.local/lib/python3.7/site-packages/airflow/example_dags/tutorial.py for tasks to queue
[2023-05-17T13:19:27.563+0000] {logging_mixin.py:149} INFO - [2023-05-17T13:19:27.562+0000] {dagbag.py:541} INFO - Filling up the DagBag from /home/airflow/.local/lib/python3.7/site-packages/airflow/example_dags/tutorial.py
[2023-05-17T13:19:27.580+0000] {processor.py:809} INFO - DAG(s) dict_keys(['tutorial']) retrieved from /home/airflow/.local/lib/python3.7/site-packages/airflow/example_dags/tutorial.py
[2023-05-17T13:19:27.677+0000] {logging_mixin.py:149} INFO - [2023-05-17T13:19:27.677+0000] {dag.py:2726} INFO - Sync 1 DAGs
[2023-05-17T13:19:27.830+0000] {logging_mixin.py:149} INFO - [2023-05-17T13:19:27.830+0000] {dag.py:3490} INFO - Setting next_dagrun for tutorial to 2023-05-16T13:19:27.829544+00:00, run_after=2023-05-17T13:19:27.829544+00:00
[2023-05-17T13:19:27.954+0000] {processor.py:178} INFO - Processing /home/airflow/.local/lib/python3.7/site-packages/airflow/example_dags/tutorial.py took 0.342 seconds
[2023-05-17T13:20:02.997+0000] {processor.py:156} INFO - Started process (PID=1236) to work on /home/airflow/.local/lib/python3.7/site-packages/airflow/example_dags/tutorial.py
[2023-05-17T13:20:03.000+0000] {processor.py:799} INFO - Processing file /home/airflow/.local/lib/python3.7/site-packages/airflow/example_dags/tutorial.py for tasks to queue
[2023-05-17T13:20:03.002+0000] {logging_mixin.py:149} INFO - [2023-05-17T13:20:03.002+0000] {dagbag.py:541} INFO - Filling up the DagBag from /home/airflow/.local/lib/python3.7/site-packages/airflow/example_dags/tutorial.py
[2023-05-17T13:20:03.026+0000] {processor.py:809} INFO - DAG(s) dict_keys(['tutorial']) retrieved from /home/airflow/.local/lib/python3.7/site-packages/airflow/example_dags/tutorial.py
[2023-05-17T13:20:03.104+0000] {logging_mixin.py:149} INFO - [2023-05-17T13:20:03.103+0000] {dag.py:2726} INFO - Sync 1 DAGs
[2023-05-17T13:20:03.250+0000] {logging_mixin.py:149} INFO - [2023-05-17T13:20:03.249+0000] {dag.py:3490} INFO - Setting next_dagrun for tutorial to 2023-05-16T13:20:03.249022+00:00, run_after=2023-05-17T13:20:03.249022+00:00
[2023-05-17T13:20:03.533+0000] {processor.py:178} INFO - Processing /home/airflow/.local/lib/python3.7/site-packages/airflow/example_dags/tutorial.py took 0.546 seconds
[2023-05-17T13:20:34.327+0000] {processor.py:156} INFO - Started process (PID=1295) to work on /home/airflow/.local/lib/python3.7/site-packages/airflow/example_dags/tutorial.py
[2023-05-17T13:20:34.331+0000] {processor.py:799} INFO - Processing file /home/airflow/.local/lib/python3.7/site-packages/airflow/example_dags/tutorial.py for tasks to queue
[2023-05-17T13:20:34.335+0000] {logging_mixin.py:149} INFO - [2023-05-17T13:20:34.334+0000] {dagbag.py:541} INFO - Filling up the DagBag from /home/airflow/.local/lib/python3.7/site-packages/airflow/example_dags/tutorial.py
[2023-05-17T13:20:34.358+0000] {processor.py:809} INFO - DAG(s) dict_keys(['tutorial']) retrieved from /home/airflow/.local/lib/python3.7/site-packages/airflow/example_dags/tutorial.py
[2023-05-17T13:20:34.426+0000] {logging_mixin.py:149} INFO - [2023-05-17T13:20:34.426+0000] {dag.py:2726} INFO - Sync 1 DAGs
[2023-05-17T13:20:34.559+0000] {logging_mixin.py:149} INFO - [2023-05-17T13:20:34.559+0000] {dag.py:3490} INFO - Setting next_dagrun for tutorial to 2023-05-16T13:20:34.559105+00:00, run_after=2023-05-17T13:20:34.559105+00:00
[2023-05-17T13:20:34.962+0000] {processor.py:178} INFO - Processing /home/airflow/.local/lib/python3.7/site-packages/airflow/example_dags/tutorial.py took 0.647 seconds
[2023-05-17T13:21:05.459+0000] {processor.py:156} INFO - Started process (PID=1353) to work on /home/airflow/.local/lib/python3.7/site-packages/airflow/example_dags/tutorial.py
[2023-05-17T13:21:05.461+0000] {processor.py:799} INFO - Processing file /home/airflow/.local/lib/python3.7/site-packages/airflow/example_dags/tutorial.py for tasks to queue
[2023-05-17T13:21:05.464+0000] {logging_mixin.py:149} INFO - [2023-05-17T13:21:05.464+0000] {dagbag.py:541} INFO - Filling up the DagBag from /home/airflow/.local/lib/python3.7/site-packages/airflow/example_dags/tutorial.py
[2023-05-17T13:21:05.491+0000] {processor.py:809} INFO - DAG(s) dict_keys(['tutorial']) retrieved from /home/airflow/.local/lib/python3.7/site-packages/airflow/example_dags/tutorial.py
[2023-05-17T13:21:05.645+0000] {logging_mixin.py:149} INFO - [2023-05-17T13:21:05.644+0000] {dag.py:2726} INFO - Sync 1 DAGs
[2023-05-17T13:21:05.714+0000] {logging_mixin.py:149} INFO - [2023-05-17T13:21:05.713+0000] {dag.py:3490} INFO - Setting next_dagrun for tutorial to 2023-05-16T13:21:05.713285+00:00, run_after=2023-05-17T13:21:05.713285+00:00
[2023-05-17T13:21:05.932+0000] {processor.py:178} INFO - Processing /home/airflow/.local/lib/python3.7/site-packages/airflow/example_dags/tutorial.py took 0.488 seconds
[2023-05-17T13:21:39.634+0000] {processor.py:156} INFO - Started process (PID=1411) to work on /home/airflow/.local/lib/python3.7/site-packages/airflow/example_dags/tutorial.py
[2023-05-17T13:21:39.636+0000] {processor.py:799} INFO - Processing file /home/airflow/.local/lib/python3.7/site-packages/airflow/example_dags/tutorial.py for tasks to queue
[2023-05-17T13:21:39.638+0000] {logging_mixin.py:149} INFO - [2023-05-17T13:21:39.638+0000] {dagbag.py:541} INFO - Filling up the DagBag from /home/airflow/.local/lib/python3.7/site-packages/airflow/example_dags/tutorial.py
[2023-05-17T13:21:39.658+0000] {processor.py:809} INFO - DAG(s) dict_keys(['tutorial']) retrieved from /home/airflow/.local/lib/python3.7/site-packages/airflow/example_dags/tutorial.py
[2023-05-17T13:21:39.731+0000] {logging_mixin.py:149} INFO - [2023-05-17T13:21:39.731+0000] {dag.py:2726} INFO - Sync 1 DAGs
[2023-05-17T13:21:39.811+0000] {logging_mixin.py:149} INFO - [2023-05-17T13:21:39.810+0000] {dag.py:3490} INFO - Setting next_dagrun for tutorial to 2023-05-16T13:21:39.809664+00:00, run_after=2023-05-17T13:21:39.809664+00:00
[2023-05-17T13:21:40.173+0000] {processor.py:178} INFO - Processing /home/airflow/.local/lib/python3.7/site-packages/airflow/example_dags/tutorial.py took 0.557 seconds
[2023-05-17T13:22:13.973+0000] {processor.py:156} INFO - Started process (PID=1466) to work on /home/airflow/.local/lib/python3.7/site-packages/airflow/example_dags/tutorial.py
[2023-05-17T13:22:13.976+0000] {processor.py:799} INFO - Processing file /home/airflow/.local/lib/python3.7/site-packages/airflow/example_dags/tutorial.py for tasks to queue
[2023-05-17T13:22:13.978+0000] {logging_mixin.py:149} INFO - [2023-05-17T13:22:13.977+0000] {dagbag.py:541} INFO - Filling up the DagBag from /home/airflow/.local/lib/python3.7/site-packages/airflow/example_dags/tutorial.py
[2023-05-17T13:22:14.016+0000] {processor.py:809} INFO - DAG(s) dict_keys(['tutorial']) retrieved from /home/airflow/.local/lib/python3.7/site-packages/airflow/example_dags/tutorial.py
[2023-05-17T13:22:14.075+0000] {logging_mixin.py:149} INFO - [2023-05-17T13:22:14.074+0000] {dag.py:2726} INFO - Sync 1 DAGs
[2023-05-17T13:22:14.162+0000] {logging_mixin.py:149} INFO - [2023-05-17T13:22:14.162+0000] {dag.py:3490} INFO - Setting next_dagrun for tutorial to 2023-05-16T13:22:14.161929+00:00, run_after=2023-05-17T13:22:14.161929+00:00
[2023-05-17T13:22:14.333+0000] {processor.py:178} INFO - Processing /home/airflow/.local/lib/python3.7/site-packages/airflow/example_dags/tutorial.py took 0.369 seconds
[2023-05-17T13:23:13.686+0000] {processor.py:156} INFO - Started process (PID=1533) to work on /home/airflow/.local/lib/python3.7/site-packages/airflow/example_dags/tutorial.py
[2023-05-17T13:23:13.688+0000] {processor.py:799} INFO - Processing file /home/airflow/.local/lib/python3.7/site-packages/airflow/example_dags/tutorial.py for tasks to queue
[2023-05-17T13:23:13.690+0000] {logging_mixin.py:149} INFO - [2023-05-17T13:23:13.690+0000] {dagbag.py:541} INFO - Filling up the DagBag from /home/airflow/.local/lib/python3.7/site-packages/airflow/example_dags/tutorial.py
[2023-05-17T13:23:13.705+0000] {processor.py:809} INFO - DAG(s) dict_keys(['tutorial']) retrieved from /home/airflow/.local/lib/python3.7/site-packages/airflow/example_dags/tutorial.py
[2023-05-17T13:23:13.786+0000] {logging_mixin.py:149} INFO - [2023-05-17T13:23:13.785+0000] {dag.py:2726} INFO - Sync 1 DAGs
[2023-05-17T13:23:13.876+0000] {logging_mixin.py:149} INFO - [2023-05-17T13:23:13.876+0000] {dag.py:3490} INFO - Setting next_dagrun for tutorial to 2023-05-16T13:23:13.875460+00:00, run_after=2023-05-17T13:23:13.875460+00:00
[2023-05-17T13:23:14.603+0000] {processor.py:178} INFO - Processing /home/airflow/.local/lib/python3.7/site-packages/airflow/example_dags/tutorial.py took 0.928 seconds
[2023-05-17T13:23:44.873+0000] {processor.py:156} INFO - Started process (PID=1590) to work on /home/airflow/.local/lib/python3.7/site-packages/airflow/example_dags/tutorial.py
[2023-05-17T13:23:44.875+0000] {processor.py:799} INFO - Processing file /home/airflow/.local/lib/python3.7/site-packages/airflow/example_dags/tutorial.py for tasks to queue
[2023-05-17T13:23:44.879+0000] {logging_mixin.py:149} INFO - [2023-05-17T13:23:44.879+0000] {dagbag.py:541} INFO - Filling up the DagBag from /home/airflow/.local/lib/python3.7/site-packages/airflow/example_dags/tutorial.py
[2023-05-17T13:23:44.892+0000] {processor.py:809} INFO - DAG(s) dict_keys(['tutorial']) retrieved from /home/airflow/.local/lib/python3.7/site-packages/airflow/example_dags/tutorial.py
[2023-05-17T13:23:44.953+0000] {logging_mixin.py:149} INFO - [2023-05-17T13:23:44.952+0000] {dag.py:2726} INFO - Sync 1 DAGs
[2023-05-17T13:23:45.076+0000] {logging_mixin.py:149} INFO - [2023-05-17T13:23:45.075+0000] {dag.py:3490} INFO - Setting next_dagrun for tutorial to 2023-05-16T13:23:45.075266+00:00, run_after=2023-05-17T13:23:45.075266+00:00
[2023-05-17T13:23:45.269+0000] {processor.py:178} INFO - Processing /home/airflow/.local/lib/python3.7/site-packages/airflow/example_dags/tutorial.py took 0.402 seconds
[2023-05-17T13:24:15.752+0000] {processor.py:156} INFO - Started process (PID=1649) to work on /home/airflow/.local/lib/python3.7/site-packages/airflow/example_dags/tutorial.py
[2023-05-17T13:24:15.755+0000] {processor.py:799} INFO - Processing file /home/airflow/.local/lib/python3.7/site-packages/airflow/example_dags/tutorial.py for tasks to queue
[2023-05-17T13:24:15.766+0000] {logging_mixin.py:149} INFO - [2023-05-17T13:24:15.766+0000] {dagbag.py:541} INFO - Filling up the DagBag from /home/airflow/.local/lib/python3.7/site-packages/airflow/example_dags/tutorial.py
[2023-05-17T13:24:15.787+0000] {processor.py:809} INFO - DAG(s) dict_keys(['tutorial']) retrieved from /home/airflow/.local/lib/python3.7/site-packages/airflow/example_dags/tutorial.py
[2023-05-17T13:24:15.887+0000] {logging_mixin.py:149} INFO - [2023-05-17T13:24:15.887+0000] {dag.py:2726} INFO - Sync 1 DAGs
[2023-05-17T13:24:15.964+0000] {logging_mixin.py:149} INFO - [2023-05-17T13:24:15.964+0000] {dag.py:3490} INFO - Setting next_dagrun for tutorial to 2023-05-16T13:24:15.963834+00:00, run_after=2023-05-17T13:24:15.963834+00:00
[2023-05-17T13:24:16.288+0000] {processor.py:178} INFO - Processing /home/airflow/.local/lib/python3.7/site-packages/airflow/example_dags/tutorial.py took 0.574 seconds
[2023-05-17T13:24:49.677+0000] {processor.py:156} INFO - Started process (PID=1708) to work on /home/airflow/.local/lib/python3.7/site-packages/airflow/example_dags/tutorial.py
[2023-05-17T13:24:49.680+0000] {processor.py:799} INFO - Processing file /home/airflow/.local/lib/python3.7/site-packages/airflow/example_dags/tutorial.py for tasks to queue
[2023-05-17T13:24:49.685+0000] {logging_mixin.py:149} INFO - [2023-05-17T13:24:49.685+0000] {dagbag.py:541} INFO - Filling up the DagBag from /home/airflow/.local/lib/python3.7/site-packages/airflow/example_dags/tutorial.py
[2023-05-17T13:24:49.708+0000] {processor.py:809} INFO - DAG(s) dict_keys(['tutorial']) retrieved from /home/airflow/.local/lib/python3.7/site-packages/airflow/example_dags/tutorial.py
[2023-05-17T13:24:49.822+0000] {logging_mixin.py:149} INFO - [2023-05-17T13:24:49.822+0000] {dag.py:2726} INFO - Sync 1 DAGs
[2023-05-17T13:24:49.937+0000] {logging_mixin.py:149} INFO - [2023-05-17T13:24:49.937+0000] {dag.py:3490} INFO - Setting next_dagrun for tutorial to 2023-05-16T13:24:49.932851+00:00, run_after=2023-05-17T13:24:49.932851+00:00
[2023-05-17T13:24:50.075+0000] {processor.py:178} INFO - Processing /home/airflow/.local/lib/python3.7/site-packages/airflow/example_dags/tutorial.py took 0.412 seconds
[2023-05-17T13:25:21.487+0000] {processor.py:156} INFO - Started process (PID=1767) to work on /home/airflow/.local/lib/python3.7/site-packages/airflow/example_dags/tutorial.py
[2023-05-17T13:25:21.490+0000] {processor.py:799} INFO - Processing file /home/airflow/.local/lib/python3.7/site-packages/airflow/example_dags/tutorial.py for tasks to queue
[2023-05-17T13:25:21.500+0000] {logging_mixin.py:149} INFO - [2023-05-17T13:25:21.500+0000] {dagbag.py:541} INFO - Filling up the DagBag from /home/airflow/.local/lib/python3.7/site-packages/airflow/example_dags/tutorial.py
[2023-05-17T13:25:21.525+0000] {processor.py:809} INFO - DAG(s) dict_keys(['tutorial']) retrieved from /home/airflow/.local/lib/python3.7/site-packages/airflow/example_dags/tutorial.py
[2023-05-17T13:25:21.609+0000] {logging_mixin.py:149} INFO - [2023-05-17T13:25:21.608+0000] {dag.py:2726} INFO - Sync 1 DAGs
[2023-05-17T13:25:21.732+0000] {logging_mixin.py:149} INFO - [2023-05-17T13:25:21.732+0000] {dag.py:3490} INFO - Setting next_dagrun for tutorial to 2023-05-16T13:25:21.731380+00:00, run_after=2023-05-17T13:25:21.731380+00:00
[2023-05-17T13:25:22.016+0000] {processor.py:178} INFO - Processing /home/airflow/.local/lib/python3.7/site-packages/airflow/example_dags/tutorial.py took 0.541 seconds
[2023-05-17T13:25:56.508+0000] {processor.py:156} INFO - Started process (PID=1826) to work on /home/airflow/.local/lib/python3.7/site-packages/airflow/example_dags/tutorial.py
[2023-05-17T13:25:56.511+0000] {processor.py:799} INFO - Processing file /home/airflow/.local/lib/python3.7/site-packages/airflow/example_dags/tutorial.py for tasks to queue
[2023-05-17T13:25:56.512+0000] {logging_mixin.py:149} INFO - [2023-05-17T13:25:56.512+0000] {dagbag.py:541} INFO - Filling up the DagBag from /home/airflow/.local/lib/python3.7/site-packages/airflow/example_dags/tutorial.py
[2023-05-17T13:25:56.528+0000] {processor.py:809} INFO - DAG(s) dict_keys(['tutorial']) retrieved from /home/airflow/.local/lib/python3.7/site-packages/airflow/example_dags/tutorial.py
[2023-05-17T13:25:56.641+0000] {logging_mixin.py:149} INFO - [2023-05-17T13:25:56.641+0000] {dag.py:2726} INFO - Sync 1 DAGs
[2023-05-17T13:25:56.747+0000] {logging_mixin.py:149} INFO - [2023-05-17T13:25:56.746+0000] {dag.py:3490} INFO - Setting next_dagrun for tutorial to 2023-05-16T13:25:56.745659+00:00, run_after=2023-05-17T13:25:56.745659+00:00
[2023-05-17T13:25:57.091+0000] {processor.py:178} INFO - Processing /home/airflow/.local/lib/python3.7/site-packages/airflow/example_dags/tutorial.py took 0.592 seconds
[2023-05-17T13:26:36.830+0000] {processor.py:156} INFO - Started process (PID=1885) to work on /home/airflow/.local/lib/python3.7/site-packages/airflow/example_dags/tutorial.py
[2023-05-17T13:26:36.833+0000] {processor.py:799} INFO - Processing file /home/airflow/.local/lib/python3.7/site-packages/airflow/example_dags/tutorial.py for tasks to queue
[2023-05-17T13:26:36.835+0000] {logging_mixin.py:149} INFO - [2023-05-17T13:26:36.835+0000] {dagbag.py:541} INFO - Filling up the DagBag from /home/airflow/.local/lib/python3.7/site-packages/airflow/example_dags/tutorial.py
[2023-05-17T13:26:36.865+0000] {processor.py:809} INFO - DAG(s) dict_keys(['tutorial']) retrieved from /home/airflow/.local/lib/python3.7/site-packages/airflow/example_dags/tutorial.py
[2023-05-17T13:26:36.949+0000] {logging_mixin.py:149} INFO - [2023-05-17T13:26:36.949+0000] {dag.py:2726} INFO - Sync 1 DAGs
[2023-05-17T13:26:37.045+0000] {logging_mixin.py:149} INFO - [2023-05-17T13:26:37.045+0000] {dag.py:3490} INFO - Setting next_dagrun for tutorial to 2023-05-16T13:26:37.044785+00:00, run_after=2023-05-17T13:26:37.044785+00:00
[2023-05-17T13:26:37.283+0000] {processor.py:178} INFO - Processing /home/airflow/.local/lib/python3.7/site-packages/airflow/example_dags/tutorial.py took 0.467 seconds
[2023-05-17T13:32:21.690+0000] {processor.py:156} INFO - Started process (PID=88) to work on /home/airflow/.local/lib/python3.7/site-packages/airflow/example_dags/tutorial.py
[2023-05-17T13:32:21.902+0000] {processor.py:799} INFO - Processing file /home/airflow/.local/lib/python3.7/site-packages/airflow/example_dags/tutorial.py for tasks to queue
[2023-05-17T13:32:21.906+0000] {logging_mixin.py:149} INFO - [2023-05-17T13:32:21.905+0000] {dagbag.py:541} INFO - Filling up the DagBag from /home/airflow/.local/lib/python3.7/site-packages/airflow/example_dags/tutorial.py
[2023-05-17T13:32:21.927+0000] {processor.py:809} INFO - DAG(s) dict_keys(['tutorial']) retrieved from /home/airflow/.local/lib/python3.7/site-packages/airflow/example_dags/tutorial.py
[2023-05-17T13:32:22.146+0000] {logging_mixin.py:149} INFO - [2023-05-17T13:32:22.145+0000] {dag.py:2726} INFO - Sync 1 DAGs
[2023-05-17T13:32:22.362+0000] {logging_mixin.py:149} INFO - [2023-05-17T13:32:22.362+0000] {dag.py:3490} INFO - Setting next_dagrun for tutorial to 2023-05-16T13:32:22.361600+00:00, run_after=2023-05-17T13:32:22.361600+00:00
[2023-05-17T13:32:27.509+0000] {processor.py:178} INFO - Processing /home/airflow/.local/lib/python3.7/site-packages/airflow/example_dags/tutorial.py took 5.831 seconds
[2023-05-17T13:34:18.463+0000] {processor.py:156} INFO - Started process (PID=158) to work on /home/airflow/.local/lib/python3.7/site-packages/airflow/example_dags/tutorial.py
[2023-05-17T13:34:18.468+0000] {processor.py:799} INFO - Processing file /home/airflow/.local/lib/python3.7/site-packages/airflow/example_dags/tutorial.py for tasks to queue
[2023-05-17T13:34:18.470+0000] {logging_mixin.py:149} INFO - [2023-05-17T13:34:18.470+0000] {dagbag.py:541} INFO - Filling up the DagBag from /home/airflow/.local/lib/python3.7/site-packages/airflow/example_dags/tutorial.py
[2023-05-17T13:34:18.484+0000] {processor.py:809} INFO - DAG(s) dict_keys(['tutorial']) retrieved from /home/airflow/.local/lib/python3.7/site-packages/airflow/example_dags/tutorial.py
[2023-05-17T13:34:18.536+0000] {logging_mixin.py:149} INFO - [2023-05-17T13:34:18.536+0000] {dag.py:2726} INFO - Sync 1 DAGs
[2023-05-17T13:34:18.610+0000] {logging_mixin.py:149} INFO - [2023-05-17T13:34:18.610+0000] {dag.py:3490} INFO - Setting next_dagrun for tutorial to 2023-05-16T13:34:18.610091+00:00, run_after=2023-05-17T13:34:18.610091+00:00
[2023-05-17T13:34:19.125+0000] {processor.py:178} INFO - Processing /home/airflow/.local/lib/python3.7/site-packages/airflow/example_dags/tutorial.py took 0.681 seconds
[2023-05-17T13:36:46.462+0000] {processor.py:156} INFO - Started process (PID=247) to work on /home/airflow/.local/lib/python3.7/site-packages/airflow/example_dags/tutorial.py
[2023-05-17T13:36:46.464+0000] {processor.py:799} INFO - Processing file /home/airflow/.local/lib/python3.7/site-packages/airflow/example_dags/tutorial.py for tasks to queue
[2023-05-17T13:36:46.466+0000] {logging_mixin.py:149} INFO - [2023-05-17T13:36:46.466+0000] {dagbag.py:541} INFO - Filling up the DagBag from /home/airflow/.local/lib/python3.7/site-packages/airflow/example_dags/tutorial.py
[2023-05-17T13:36:46.545+0000] {processor.py:809} INFO - DAG(s) dict_keys(['tutorial']) retrieved from /home/airflow/.local/lib/python3.7/site-packages/airflow/example_dags/tutorial.py
[2023-05-17T13:36:46.606+0000] {logging_mixin.py:149} INFO - [2023-05-17T13:36:46.605+0000] {dag.py:2726} INFO - Sync 1 DAGs
[2023-05-17T13:36:46.675+0000] {logging_mixin.py:149} INFO - [2023-05-17T13:36:46.675+0000] {dag.py:3490} INFO - Setting next_dagrun for tutorial to 2023-05-16T13:36:46.674852+00:00, run_after=2023-05-17T13:36:46.674852+00:00
[2023-05-17T13:36:47.027+0000] {processor.py:178} INFO - Processing /home/airflow/.local/lib/python3.7/site-packages/airflow/example_dags/tutorial.py took 0.573 seconds
[2023-05-17T13:37:27.056+0000] {processor.py:156} INFO - Started process (PID=312) to work on /home/airflow/.local/lib/python3.7/site-packages/airflow/example_dags/tutorial.py
[2023-05-17T13:37:27.058+0000] {processor.py:799} INFO - Processing file /home/airflow/.local/lib/python3.7/site-packages/airflow/example_dags/tutorial.py for tasks to queue
[2023-05-17T13:37:27.060+0000] {logging_mixin.py:149} INFO - [2023-05-17T13:37:27.060+0000] {dagbag.py:541} INFO - Filling up the DagBag from /home/airflow/.local/lib/python3.7/site-packages/airflow/example_dags/tutorial.py
[2023-05-17T13:37:27.072+0000] {processor.py:809} INFO - DAG(s) dict_keys(['tutorial']) retrieved from /home/airflow/.local/lib/python3.7/site-packages/airflow/example_dags/tutorial.py
[2023-05-17T13:37:27.129+0000] {logging_mixin.py:149} INFO - [2023-05-17T13:37:27.129+0000] {dag.py:2726} INFO - Sync 1 DAGs
[2023-05-17T13:37:27.197+0000] {logging_mixin.py:149} INFO - [2023-05-17T13:37:27.196+0000] {dag.py:3490} INFO - Setting next_dagrun for tutorial to 2023-05-16T13:37:27.196339+00:00, run_after=2023-05-17T13:37:27.196339+00:00
[2023-05-17T13:37:27.313+0000] {processor.py:178} INFO - Processing /home/airflow/.local/lib/python3.7/site-packages/airflow/example_dags/tutorial.py took 0.264 seconds
[2023-05-17T13:38:01.604+0000] {processor.py:156} INFO - Started process (PID=370) to work on /home/airflow/.local/lib/python3.7/site-packages/airflow/example_dags/tutorial.py
[2023-05-17T13:38:01.606+0000] {processor.py:799} INFO - Processing file /home/airflow/.local/lib/python3.7/site-packages/airflow/example_dags/tutorial.py for tasks to queue
[2023-05-17T13:38:01.609+0000] {logging_mixin.py:149} INFO - [2023-05-17T13:38:01.609+0000] {dagbag.py:541} INFO - Filling up the DagBag from /home/airflow/.local/lib/python3.7/site-packages/airflow/example_dags/tutorial.py
[2023-05-17T13:38:01.625+0000] {processor.py:809} INFO - DAG(s) dict_keys(['tutorial']) retrieved from /home/airflow/.local/lib/python3.7/site-packages/airflow/example_dags/tutorial.py
[2023-05-17T13:38:01.697+0000] {logging_mixin.py:149} INFO - [2023-05-17T13:38:01.697+0000] {dag.py:2726} INFO - Sync 1 DAGs
[2023-05-17T13:38:01.798+0000] {logging_mixin.py:149} INFO - [2023-05-17T13:38:01.797+0000] {dag.py:3490} INFO - Setting next_dagrun for tutorial to 2023-05-16T13:38:01.793623+00:00, run_after=2023-05-17T13:38:01.793623+00:00
[2023-05-17T13:38:02.104+0000] {processor.py:178} INFO - Processing /home/airflow/.local/lib/python3.7/site-packages/airflow/example_dags/tutorial.py took 0.513 seconds
[2023-05-17T13:38:32.369+0000] {processor.py:156} INFO - Started process (PID=423) to work on /home/airflow/.local/lib/python3.7/site-packages/airflow/example_dags/tutorial.py
[2023-05-17T13:38:32.374+0000] {processor.py:799} INFO - Processing file /home/airflow/.local/lib/python3.7/site-packages/airflow/example_dags/tutorial.py for tasks to queue
[2023-05-17T13:38:32.378+0000] {logging_mixin.py:149} INFO - [2023-05-17T13:38:32.378+0000] {dagbag.py:541} INFO - Filling up the DagBag from /home/airflow/.local/lib/python3.7/site-packages/airflow/example_dags/tutorial.py
[2023-05-17T13:38:32.405+0000] {processor.py:809} INFO - DAG(s) dict_keys(['tutorial']) retrieved from /home/airflow/.local/lib/python3.7/site-packages/airflow/example_dags/tutorial.py
[2023-05-17T13:38:32.474+0000] {logging_mixin.py:149} INFO - [2023-05-17T13:38:32.474+0000] {dag.py:2726} INFO - Sync 1 DAGs
[2023-05-17T13:38:32.562+0000] {logging_mixin.py:149} INFO - [2023-05-17T13:38:32.561+0000] {dag.py:3490} INFO - Setting next_dagrun for tutorial to 2023-05-16T13:38:32.560489+00:00, run_after=2023-05-17T13:38:32.560489+00:00
[2023-05-17T13:38:32.785+0000] {processor.py:178} INFO - Processing /home/airflow/.local/lib/python3.7/site-packages/airflow/example_dags/tutorial.py took 0.425 seconds
[2023-05-17T13:39:03.132+0000] {processor.py:156} INFO - Started process (PID=482) to work on /home/airflow/.local/lib/python3.7/site-packages/airflow/example_dags/tutorial.py
[2023-05-17T13:39:03.135+0000] {processor.py:799} INFO - Processing file /home/airflow/.local/lib/python3.7/site-packages/airflow/example_dags/tutorial.py for tasks to queue
[2023-05-17T13:39:03.138+0000] {logging_mixin.py:149} INFO - [2023-05-17T13:39:03.137+0000] {dagbag.py:541} INFO - Filling up the DagBag from /home/airflow/.local/lib/python3.7/site-packages/airflow/example_dags/tutorial.py
[2023-05-17T13:39:03.155+0000] {processor.py:809} INFO - DAG(s) dict_keys(['tutorial']) retrieved from /home/airflow/.local/lib/python3.7/site-packages/airflow/example_dags/tutorial.py
[2023-05-17T13:39:03.237+0000] {logging_mixin.py:149} INFO - [2023-05-17T13:39:03.237+0000] {dag.py:2726} INFO - Sync 1 DAGs
[2023-05-17T13:39:03.305+0000] {logging_mixin.py:149} INFO - [2023-05-17T13:39:03.304+0000] {dag.py:3490} INFO - Setting next_dagrun for tutorial to 2023-05-16T13:39:03.303879+00:00, run_after=2023-05-17T13:39:03.303879+00:00
[2023-05-17T13:39:03.587+0000] {processor.py:178} INFO - Processing /home/airflow/.local/lib/python3.7/site-packages/airflow/example_dags/tutorial.py took 0.463 seconds
[2023-05-17T13:39:33.826+0000] {processor.py:156} INFO - Started process (PID=541) to work on /home/airflow/.local/lib/python3.7/site-packages/airflow/example_dags/tutorial.py
[2023-05-17T13:39:33.829+0000] {processor.py:799} INFO - Processing file /home/airflow/.local/lib/python3.7/site-packages/airflow/example_dags/tutorial.py for tasks to queue
[2023-05-17T13:39:33.832+0000] {logging_mixin.py:149} INFO - [2023-05-17T13:39:33.832+0000] {dagbag.py:541} INFO - Filling up the DagBag from /home/airflow/.local/lib/python3.7/site-packages/airflow/example_dags/tutorial.py
[2023-05-17T13:39:33.848+0000] {processor.py:809} INFO - DAG(s) dict_keys(['tutorial']) retrieved from /home/airflow/.local/lib/python3.7/site-packages/airflow/example_dags/tutorial.py
[2023-05-17T13:39:33.908+0000] {logging_mixin.py:149} INFO - [2023-05-17T13:39:33.907+0000] {dag.py:2726} INFO - Sync 1 DAGs
[2023-05-17T13:39:33.987+0000] {logging_mixin.py:149} INFO - [2023-05-17T13:39:33.986+0000] {dag.py:3490} INFO - Setting next_dagrun for tutorial to 2023-05-16T13:39:33.985809+00:00, run_after=2023-05-17T13:39:33.985809+00:00
[2023-05-17T13:39:34.429+0000] {processor.py:178} INFO - Processing /home/airflow/.local/lib/python3.7/site-packages/airflow/example_dags/tutorial.py took 0.611 seconds
[2023-05-17T13:40:04.980+0000] {processor.py:156} INFO - Started process (PID=599) to work on /home/airflow/.local/lib/python3.7/site-packages/airflow/example_dags/tutorial.py
[2023-05-17T13:40:04.984+0000] {processor.py:799} INFO - Processing file /home/airflow/.local/lib/python3.7/site-packages/airflow/example_dags/tutorial.py for tasks to queue
[2023-05-17T13:40:04.986+0000] {logging_mixin.py:149} INFO - [2023-05-17T13:40:04.986+0000] {dagbag.py:541} INFO - Filling up the DagBag from /home/airflow/.local/lib/python3.7/site-packages/airflow/example_dags/tutorial.py
[2023-05-17T13:40:05.012+0000] {processor.py:809} INFO - DAG(s) dict_keys(['tutorial']) retrieved from /home/airflow/.local/lib/python3.7/site-packages/airflow/example_dags/tutorial.py
[2023-05-17T13:40:05.092+0000] {logging_mixin.py:149} INFO - [2023-05-17T13:40:05.092+0000] {dag.py:2726} INFO - Sync 1 DAGs
[2023-05-17T13:40:05.244+0000] {logging_mixin.py:149} INFO - [2023-05-17T13:40:05.243+0000] {dag.py:3490} INFO - Setting next_dagrun for tutorial to 2023-05-16T13:40:05.242700+00:00, run_after=2023-05-17T13:40:05.242700+00:00
[2023-05-17T13:40:05.517+0000] {processor.py:178} INFO - Processing /home/airflow/.local/lib/python3.7/site-packages/airflow/example_dags/tutorial.py took 0.547 seconds
