[2023-05-17T13:03:00.922+0000] {processor.py:156} INFO - Started process (PID=95) to work on /opt/airflow/dags/get_stocks_dag.py
[2023-05-17T13:03:01.140+0000] {processor.py:799} INFO - Processing file /opt/airflow/dags/get_stocks_dag.py for tasks to queue
[2023-05-17T13:03:01.142+0000] {logging_mixin.py:149} INFO - [2023-05-17T13:03:01.141+0000] {dagbag.py:541} INFO - Filling up the DagBag from /opt/airflow/dags/get_stocks_dag.py
[2023-05-17T13:03:02.631+0000] {logging_mixin.py:149} INFO - [2023-05-17T13:03:02.604+0000] {dagbag.py:350} ERROR - Failed to import: /opt/airflow/dags/get_stocks_dag.py
Traceback (most recent call last):
  File "/home/airflow/.local/lib/python3.7/site-packages/airflow/models/dagbag.py", line 346, in parse
    loader.exec_module(new_module)
  File "<frozen importlib._bootstrap_external>", line 728, in exec_module
  File "<frozen importlib._bootstrap>", line 219, in _call_with_frames_removed
  File "/opt/airflow/dags/get_stocks_dag.py", line 1, in <module>
    import yfinance
ModuleNotFoundError: No module named 'yfinance'
[2023-05-17T13:03:02.932+0000] {processor.py:811} WARNING - No viable dags retrieved from /opt/airflow/dags/get_stocks_dag.py
[2023-05-17T13:03:05.219+0000] {processor.py:178} INFO - Processing /opt/airflow/dags/get_stocks_dag.py took 4.309 seconds
[2023-05-17T13:08:37.016+0000] {processor.py:156} INFO - Started process (PID=197) to work on /opt/airflow/dags/get_stocks_dag.py
[2023-05-17T13:08:37.120+0000] {processor.py:799} INFO - Processing file /opt/airflow/dags/get_stocks_dag.py for tasks to queue
[2023-05-17T13:08:37.121+0000] {logging_mixin.py:149} INFO - [2023-05-17T13:08:37.121+0000] {dagbag.py:541} INFO - Filling up the DagBag from /opt/airflow/dags/get_stocks_dag.py
[2023-05-17T13:08:37.220+0000] {logging_mixin.py:149} INFO - [2023-05-17T13:08:37.203+0000] {dagbag.py:350} ERROR - Failed to import: /opt/airflow/dags/get_stocks_dag.py
Traceback (most recent call last):
  File "/home/airflow/.local/lib/python3.7/site-packages/airflow/models/dagbag.py", line 346, in parse
    loader.exec_module(new_module)
  File "<frozen importlib._bootstrap_external>", line 728, in exec_module
  File "<frozen importlib._bootstrap>", line 219, in _call_with_frames_removed
  File "/opt/airflow/dags/get_stocks_dag.py", line 1, in <module>
    import yfinance
ModuleNotFoundError: No module named 'yfinance'
[2023-05-17T13:08:37.229+0000] {processor.py:811} WARNING - No viable dags retrieved from /opt/airflow/dags/get_stocks_dag.py
[2023-05-17T13:08:37.431+0000] {processor.py:178} INFO - Processing /opt/airflow/dags/get_stocks_dag.py took 0.432 seconds
[2023-05-17T13:09:18.064+0000] {processor.py:156} INFO - Started process (PID=245) to work on /opt/airflow/dags/get_stocks_dag.py
[2023-05-17T13:09:18.067+0000] {processor.py:799} INFO - Processing file /opt/airflow/dags/get_stocks_dag.py for tasks to queue
[2023-05-17T13:09:18.068+0000] {logging_mixin.py:149} INFO - [2023-05-17T13:09:18.068+0000] {dagbag.py:541} INFO - Filling up the DagBag from /opt/airflow/dags/get_stocks_dag.py
[2023-05-17T13:09:18.150+0000] {logging_mixin.py:149} INFO - [2023-05-17T13:09:18.135+0000] {dagbag.py:350} ERROR - Failed to import: /opt/airflow/dags/get_stocks_dag.py
Traceback (most recent call last):
  File "/home/airflow/.local/lib/python3.7/site-packages/airflow/models/dagbag.py", line 346, in parse
    loader.exec_module(new_module)
  File "<frozen importlib._bootstrap_external>", line 728, in exec_module
  File "<frozen importlib._bootstrap>", line 219, in _call_with_frames_removed
  File "/opt/airflow/dags/get_stocks_dag.py", line 1, in <module>
    import yfinance
ModuleNotFoundError: No module named 'yfinance'
[2023-05-17T13:09:18.154+0000] {processor.py:811} WARNING - No viable dags retrieved from /opt/airflow/dags/get_stocks_dag.py
[2023-05-17T13:09:18.326+0000] {processor.py:178} INFO - Processing /opt/airflow/dags/get_stocks_dag.py took 0.273 seconds
[2023-05-17T13:09:48.984+0000] {processor.py:156} INFO - Started process (PID=301) to work on /opt/airflow/dags/get_stocks_dag.py
[2023-05-17T13:09:48.987+0000] {processor.py:799} INFO - Processing file /opt/airflow/dags/get_stocks_dag.py for tasks to queue
[2023-05-17T13:09:48.991+0000] {logging_mixin.py:149} INFO - [2023-05-17T13:09:48.991+0000] {dagbag.py:541} INFO - Filling up the DagBag from /opt/airflow/dags/get_stocks_dag.py
[2023-05-17T13:09:49.066+0000] {logging_mixin.py:149} INFO - [2023-05-17T13:09:49.050+0000] {dagbag.py:350} ERROR - Failed to import: /opt/airflow/dags/get_stocks_dag.py
Traceback (most recent call last):
  File "/home/airflow/.local/lib/python3.7/site-packages/airflow/models/dagbag.py", line 346, in parse
    loader.exec_module(new_module)
  File "<frozen importlib._bootstrap_external>", line 728, in exec_module
  File "<frozen importlib._bootstrap>", line 219, in _call_with_frames_removed
  File "/opt/airflow/dags/get_stocks_dag.py", line 1, in <module>
    import yfinance
ModuleNotFoundError: No module named 'yfinance'
[2023-05-17T13:09:49.071+0000] {processor.py:811} WARNING - No viable dags retrieved from /opt/airflow/dags/get_stocks_dag.py
[2023-05-17T13:09:49.261+0000] {processor.py:178} INFO - Processing /opt/airflow/dags/get_stocks_dag.py took 0.283 seconds
[2023-05-17T13:10:23.264+0000] {processor.py:156} INFO - Started process (PID=353) to work on /opt/airflow/dags/get_stocks_dag.py
[2023-05-17T13:10:23.266+0000] {processor.py:799} INFO - Processing file /opt/airflow/dags/get_stocks_dag.py for tasks to queue
[2023-05-17T13:10:23.268+0000] {logging_mixin.py:149} INFO - [2023-05-17T13:10:23.268+0000] {dagbag.py:541} INFO - Filling up the DagBag from /opt/airflow/dags/get_stocks_dag.py
[2023-05-17T13:10:23.337+0000] {logging_mixin.py:149} INFO - [2023-05-17T13:10:23.325+0000] {dagbag.py:350} ERROR - Failed to import: /opt/airflow/dags/get_stocks_dag.py
Traceback (most recent call last):
  File "/home/airflow/.local/lib/python3.7/site-packages/airflow/models/dagbag.py", line 346, in parse
    loader.exec_module(new_module)
  File "<frozen importlib._bootstrap_external>", line 728, in exec_module
  File "<frozen importlib._bootstrap>", line 219, in _call_with_frames_removed
  File "/opt/airflow/dags/get_stocks_dag.py", line 1, in <module>
    import yfinance
ModuleNotFoundError: No module named 'yfinance'
[2023-05-17T13:10:23.342+0000] {processor.py:811} WARNING - No viable dags retrieved from /opt/airflow/dags/get_stocks_dag.py
[2023-05-17T13:10:23.486+0000] {processor.py:178} INFO - Processing /opt/airflow/dags/get_stocks_dag.py took 0.236 seconds
[2023-05-17T13:10:57.127+0000] {processor.py:156} INFO - Started process (PID=403) to work on /opt/airflow/dags/get_stocks_dag.py
[2023-05-17T13:10:57.130+0000] {processor.py:799} INFO - Processing file /opt/airflow/dags/get_stocks_dag.py for tasks to queue
[2023-05-17T13:10:57.132+0000] {logging_mixin.py:149} INFO - [2023-05-17T13:10:57.132+0000] {dagbag.py:541} INFO - Filling up the DagBag from /opt/airflow/dags/get_stocks_dag.py
[2023-05-17T13:10:57.241+0000] {logging_mixin.py:149} INFO - [2023-05-17T13:10:57.228+0000] {dagbag.py:350} ERROR - Failed to import: /opt/airflow/dags/get_stocks_dag.py
Traceback (most recent call last):
  File "/home/airflow/.local/lib/python3.7/site-packages/airflow/models/dagbag.py", line 346, in parse
    loader.exec_module(new_module)
  File "<frozen importlib._bootstrap_external>", line 728, in exec_module
  File "<frozen importlib._bootstrap>", line 219, in _call_with_frames_removed
  File "/opt/airflow/dags/get_stocks_dag.py", line 1, in <module>
    import yfinance
ModuleNotFoundError: No module named 'yfinance'
[2023-05-17T13:10:57.245+0000] {processor.py:811} WARNING - No viable dags retrieved from /opt/airflow/dags/get_stocks_dag.py
[2023-05-17T13:10:57.557+0000] {processor.py:178} INFO - Processing /opt/airflow/dags/get_stocks_dag.py took 0.443 seconds
[2023-05-17T13:11:27.900+0000] {processor.py:156} INFO - Started process (PID=456) to work on /opt/airflow/dags/get_stocks_dag.py
[2023-05-17T13:11:27.903+0000] {processor.py:799} INFO - Processing file /opt/airflow/dags/get_stocks_dag.py for tasks to queue
[2023-05-17T13:11:27.905+0000] {logging_mixin.py:149} INFO - [2023-05-17T13:11:27.905+0000] {dagbag.py:541} INFO - Filling up the DagBag from /opt/airflow/dags/get_stocks_dag.py
[2023-05-17T13:11:27.999+0000] {logging_mixin.py:149} INFO - [2023-05-17T13:11:27.963+0000] {dagbag.py:350} ERROR - Failed to import: /opt/airflow/dags/get_stocks_dag.py
Traceback (most recent call last):
  File "/home/airflow/.local/lib/python3.7/site-packages/airflow/models/dagbag.py", line 346, in parse
    loader.exec_module(new_module)
  File "<frozen importlib._bootstrap_external>", line 728, in exec_module
  File "<frozen importlib._bootstrap>", line 219, in _call_with_frames_removed
  File "/opt/airflow/dags/get_stocks_dag.py", line 1, in <module>
    import yfinance
ModuleNotFoundError: No module named 'yfinance'
[2023-05-17T13:11:28.003+0000] {processor.py:811} WARNING - No viable dags retrieved from /opt/airflow/dags/get_stocks_dag.py
[2023-05-17T13:11:28.169+0000] {processor.py:178} INFO - Processing /opt/airflow/dags/get_stocks_dag.py took 0.277 seconds
[2023-05-17T13:11:59.492+0000] {processor.py:156} INFO - Started process (PID=514) to work on /opt/airflow/dags/get_stocks_dag.py
[2023-05-17T13:11:59.495+0000] {processor.py:799} INFO - Processing file /opt/airflow/dags/get_stocks_dag.py for tasks to queue
[2023-05-17T13:11:59.497+0000] {logging_mixin.py:149} INFO - [2023-05-17T13:11:59.497+0000] {dagbag.py:541} INFO - Filling up the DagBag from /opt/airflow/dags/get_stocks_dag.py
[2023-05-17T13:11:59.559+0000] {logging_mixin.py:149} INFO - [2023-05-17T13:11:59.549+0000] {dagbag.py:350} ERROR - Failed to import: /opt/airflow/dags/get_stocks_dag.py
Traceback (most recent call last):
  File "/home/airflow/.local/lib/python3.7/site-packages/airflow/models/dagbag.py", line 346, in parse
    loader.exec_module(new_module)
  File "<frozen importlib._bootstrap_external>", line 728, in exec_module
  File "<frozen importlib._bootstrap>", line 219, in _call_with_frames_removed
  File "/opt/airflow/dags/get_stocks_dag.py", line 1, in <module>
    import yfinance
ModuleNotFoundError: No module named 'yfinance'
[2023-05-17T13:11:59.564+0000] {processor.py:811} WARNING - No viable dags retrieved from /opt/airflow/dags/get_stocks_dag.py
[2023-05-17T13:12:00.166+0000] {processor.py:178} INFO - Processing /opt/airflow/dags/get_stocks_dag.py took 0.680 seconds
[2023-05-17T13:12:31.029+0000] {processor.py:156} INFO - Started process (PID=572) to work on /opt/airflow/dags/get_stocks_dag.py
[2023-05-17T13:12:31.031+0000] {processor.py:799} INFO - Processing file /opt/airflow/dags/get_stocks_dag.py for tasks to queue
[2023-05-17T13:12:31.033+0000] {logging_mixin.py:149} INFO - [2023-05-17T13:12:31.033+0000] {dagbag.py:541} INFO - Filling up the DagBag from /opt/airflow/dags/get_stocks_dag.py
[2023-05-17T13:12:31.115+0000] {logging_mixin.py:149} INFO - [2023-05-17T13:12:31.102+0000] {dagbag.py:350} ERROR - Failed to import: /opt/airflow/dags/get_stocks_dag.py
Traceback (most recent call last):
  File "/home/airflow/.local/lib/python3.7/site-packages/airflow/models/dagbag.py", line 346, in parse
    loader.exec_module(new_module)
  File "<frozen importlib._bootstrap_external>", line 728, in exec_module
  File "<frozen importlib._bootstrap>", line 219, in _call_with_frames_removed
  File "/opt/airflow/dags/get_stocks_dag.py", line 1, in <module>
    import yfinance
ModuleNotFoundError: No module named 'yfinance'
[2023-05-17T13:12:31.119+0000] {processor.py:811} WARNING - No viable dags retrieved from /opt/airflow/dags/get_stocks_dag.py
[2023-05-17T13:12:31.299+0000] {processor.py:178} INFO - Processing /opt/airflow/dags/get_stocks_dag.py took 0.281 seconds
[2023-05-17T13:13:21.081+0000] {processor.py:156} INFO - Started process (PID=622) to work on /opt/airflow/dags/get_stocks_dag.py
[2023-05-17T13:13:21.084+0000] {processor.py:799} INFO - Processing file /opt/airflow/dags/get_stocks_dag.py for tasks to queue
[2023-05-17T13:13:21.086+0000] {logging_mixin.py:149} INFO - [2023-05-17T13:13:21.086+0000] {dagbag.py:541} INFO - Filling up the DagBag from /opt/airflow/dags/get_stocks_dag.py
[2023-05-17T13:13:21.151+0000] {logging_mixin.py:149} INFO - [2023-05-17T13:13:21.134+0000] {dagbag.py:350} ERROR - Failed to import: /opt/airflow/dags/get_stocks_dag.py
Traceback (most recent call last):
  File "/home/airflow/.local/lib/python3.7/site-packages/airflow/models/dagbag.py", line 346, in parse
    loader.exec_module(new_module)
  File "<frozen importlib._bootstrap_external>", line 728, in exec_module
  File "<frozen importlib._bootstrap>", line 219, in _call_with_frames_removed
  File "/opt/airflow/dags/get_stocks_dag.py", line 1, in <module>
    import yfinance
ModuleNotFoundError: No module named 'yfinance'
[2023-05-17T13:13:21.157+0000] {processor.py:811} WARNING - No viable dags retrieved from /opt/airflow/dags/get_stocks_dag.py
[2023-05-17T13:13:21.431+0000] {processor.py:178} INFO - Processing /opt/airflow/dags/get_stocks_dag.py took 0.362 seconds
[2023-05-17T13:13:52.458+0000] {processor.py:156} INFO - Started process (PID=677) to work on /opt/airflow/dags/get_stocks_dag.py
[2023-05-17T13:13:52.461+0000] {processor.py:799} INFO - Processing file /opt/airflow/dags/get_stocks_dag.py for tasks to queue
[2023-05-17T13:13:52.464+0000] {logging_mixin.py:149} INFO - [2023-05-17T13:13:52.464+0000] {dagbag.py:541} INFO - Filling up the DagBag from /opt/airflow/dags/get_stocks_dag.py
[2023-05-17T13:13:52.552+0000] {logging_mixin.py:149} INFO - [2023-05-17T13:13:52.539+0000] {dagbag.py:350} ERROR - Failed to import: /opt/airflow/dags/get_stocks_dag.py
Traceback (most recent call last):
  File "/home/airflow/.local/lib/python3.7/site-packages/airflow/models/dagbag.py", line 346, in parse
    loader.exec_module(new_module)
  File "<frozen importlib._bootstrap_external>", line 728, in exec_module
  File "<frozen importlib._bootstrap>", line 219, in _call_with_frames_removed
  File "/opt/airflow/dags/get_stocks_dag.py", line 1, in <module>
    import yfinance
ModuleNotFoundError: No module named 'yfinance'
[2023-05-17T13:13:52.556+0000] {processor.py:811} WARNING - No viable dags retrieved from /opt/airflow/dags/get_stocks_dag.py
[2023-05-17T13:13:53.215+0000] {processor.py:178} INFO - Processing /opt/airflow/dags/get_stocks_dag.py took 0.767 seconds
[2023-05-17T13:14:50.715+0000] {processor.py:156} INFO - Started process (PID=735) to work on /opt/airflow/dags/get_stocks_dag.py
[2023-05-17T13:14:50.718+0000] {processor.py:799} INFO - Processing file /opt/airflow/dags/get_stocks_dag.py for tasks to queue
[2023-05-17T13:14:50.720+0000] {logging_mixin.py:149} INFO - [2023-05-17T13:14:50.720+0000] {dagbag.py:541} INFO - Filling up the DagBag from /opt/airflow/dags/get_stocks_dag.py
[2023-05-17T13:14:50.777+0000] {logging_mixin.py:149} INFO - [2023-05-17T13:14:50.766+0000] {dagbag.py:350} ERROR - Failed to import: /opt/airflow/dags/get_stocks_dag.py
Traceback (most recent call last):
  File "/home/airflow/.local/lib/python3.7/site-packages/airflow/models/dagbag.py", line 346, in parse
    loader.exec_module(new_module)
  File "<frozen importlib._bootstrap_external>", line 728, in exec_module
  File "<frozen importlib._bootstrap>", line 219, in _call_with_frames_removed
  File "/opt/airflow/dags/get_stocks_dag.py", line 1, in <module>
    import yfinance
ModuleNotFoundError: No module named 'yfinance'
[2023-05-17T13:14:50.781+0000] {processor.py:811} WARNING - No viable dags retrieved from /opt/airflow/dags/get_stocks_dag.py
[2023-05-17T13:14:51.891+0000] {processor.py:178} INFO - Processing /opt/airflow/dags/get_stocks_dag.py took 1.184 seconds
[2023-05-17T13:15:24.788+0000] {processor.py:156} INFO - Started process (PID=792) to work on /opt/airflow/dags/get_stocks_dag.py
[2023-05-17T13:15:24.793+0000] {processor.py:799} INFO - Processing file /opt/airflow/dags/get_stocks_dag.py for tasks to queue
[2023-05-17T13:15:24.795+0000] {logging_mixin.py:149} INFO - [2023-05-17T13:15:24.795+0000] {dagbag.py:541} INFO - Filling up the DagBag from /opt/airflow/dags/get_stocks_dag.py
[2023-05-17T13:15:24.862+0000] {logging_mixin.py:149} INFO - [2023-05-17T13:15:24.849+0000] {dagbag.py:350} ERROR - Failed to import: /opt/airflow/dags/get_stocks_dag.py
Traceback (most recent call last):
  File "/home/airflow/.local/lib/python3.7/site-packages/airflow/models/dagbag.py", line 346, in parse
    loader.exec_module(new_module)
  File "<frozen importlib._bootstrap_external>", line 728, in exec_module
  File "<frozen importlib._bootstrap>", line 219, in _call_with_frames_removed
  File "/opt/airflow/dags/get_stocks_dag.py", line 1, in <module>
    import yfinance
ModuleNotFoundError: No module named 'yfinance'
[2023-05-17T13:15:24.869+0000] {processor.py:811} WARNING - No viable dags retrieved from /opt/airflow/dags/get_stocks_dag.py
[2023-05-17T13:15:25.207+0000] {processor.py:178} INFO - Processing /opt/airflow/dags/get_stocks_dag.py took 0.428 seconds
[2023-05-17T13:15:56.834+0000] {processor.py:156} INFO - Started process (PID=845) to work on /opt/airflow/dags/get_stocks_dag.py
[2023-05-17T13:15:56.862+0000] {processor.py:799} INFO - Processing file /opt/airflow/dags/get_stocks_dag.py for tasks to queue
[2023-05-17T13:15:56.870+0000] {logging_mixin.py:149} INFO - [2023-05-17T13:15:56.870+0000] {dagbag.py:541} INFO - Filling up the DagBag from /opt/airflow/dags/get_stocks_dag.py
[2023-05-17T13:15:57.125+0000] {logging_mixin.py:149} INFO - [2023-05-17T13:15:57.101+0000] {dagbag.py:350} ERROR - Failed to import: /opt/airflow/dags/get_stocks_dag.py
Traceback (most recent call last):
  File "/home/airflow/.local/lib/python3.7/site-packages/airflow/models/dagbag.py", line 346, in parse
    loader.exec_module(new_module)
  File "<frozen importlib._bootstrap_external>", line 728, in exec_module
  File "<frozen importlib._bootstrap>", line 219, in _call_with_frames_removed
  File "/opt/airflow/dags/get_stocks_dag.py", line 1, in <module>
    import yfinance
ModuleNotFoundError: No module named 'yfinance'
[2023-05-17T13:15:57.129+0000] {processor.py:811} WARNING - No viable dags retrieved from /opt/airflow/dags/get_stocks_dag.py
[2023-05-17T13:15:57.390+0000] {processor.py:178} INFO - Processing /opt/airflow/dags/get_stocks_dag.py took 0.565 seconds
[2023-05-17T13:16:29.340+0000] {processor.py:156} INFO - Started process (PID=902) to work on /opt/airflow/dags/get_stocks_dag.py
[2023-05-17T13:16:29.350+0000] {processor.py:799} INFO - Processing file /opt/airflow/dags/get_stocks_dag.py for tasks to queue
[2023-05-17T13:16:29.355+0000] {logging_mixin.py:149} INFO - [2023-05-17T13:16:29.354+0000] {dagbag.py:541} INFO - Filling up the DagBag from /opt/airflow/dags/get_stocks_dag.py
[2023-05-17T13:16:29.470+0000] {logging_mixin.py:149} INFO - [2023-05-17T13:16:29.457+0000] {dagbag.py:350} ERROR - Failed to import: /opt/airflow/dags/get_stocks_dag.py
Traceback (most recent call last):
  File "/home/airflow/.local/lib/python3.7/site-packages/airflow/models/dagbag.py", line 346, in parse
    loader.exec_module(new_module)
  File "<frozen importlib._bootstrap_external>", line 728, in exec_module
  File "<frozen importlib._bootstrap>", line 219, in _call_with_frames_removed
  File "/opt/airflow/dags/get_stocks_dag.py", line 1, in <module>
    import yfinance
ModuleNotFoundError: No module named 'yfinance'
[2023-05-17T13:16:29.474+0000] {processor.py:811} WARNING - No viable dags retrieved from /opt/airflow/dags/get_stocks_dag.py
[2023-05-17T13:16:29.860+0000] {processor.py:178} INFO - Processing /opt/airflow/dags/get_stocks_dag.py took 0.529 seconds
[2023-05-17T13:17:00.408+0000] {processor.py:156} INFO - Started process (PID=960) to work on /opt/airflow/dags/get_stocks_dag.py
[2023-05-17T13:17:00.410+0000] {processor.py:799} INFO - Processing file /opt/airflow/dags/get_stocks_dag.py for tasks to queue
[2023-05-17T13:17:00.412+0000] {logging_mixin.py:149} INFO - [2023-05-17T13:17:00.412+0000] {dagbag.py:541} INFO - Filling up the DagBag from /opt/airflow/dags/get_stocks_dag.py
[2023-05-17T13:17:00.471+0000] {logging_mixin.py:149} INFO - [2023-05-17T13:17:00.461+0000] {dagbag.py:350} ERROR - Failed to import: /opt/airflow/dags/get_stocks_dag.py
Traceback (most recent call last):
  File "/home/airflow/.local/lib/python3.7/site-packages/airflow/models/dagbag.py", line 346, in parse
    loader.exec_module(new_module)
  File "<frozen importlib._bootstrap_external>", line 728, in exec_module
  File "<frozen importlib._bootstrap>", line 219, in _call_with_frames_removed
  File "/opt/airflow/dags/get_stocks_dag.py", line 1, in <module>
    import yfinance
ModuleNotFoundError: No module named 'yfinance'
[2023-05-17T13:17:00.475+0000] {processor.py:811} WARNING - No viable dags retrieved from /opt/airflow/dags/get_stocks_dag.py
[2023-05-17T13:17:00.605+0000] {processor.py:178} INFO - Processing /opt/airflow/dags/get_stocks_dag.py took 0.203 seconds
[2023-05-17T13:17:30.754+0000] {processor.py:156} INFO - Started process (PID=1018) to work on /opt/airflow/dags/get_stocks_dag.py
[2023-05-17T13:17:30.757+0000] {processor.py:799} INFO - Processing file /opt/airflow/dags/get_stocks_dag.py for tasks to queue
[2023-05-17T13:17:30.759+0000] {logging_mixin.py:149} INFO - [2023-05-17T13:17:30.758+0000] {dagbag.py:541} INFO - Filling up the DagBag from /opt/airflow/dags/get_stocks_dag.py
[2023-05-17T13:17:30.840+0000] {logging_mixin.py:149} INFO - [2023-05-17T13:17:30.828+0000] {dagbag.py:350} ERROR - Failed to import: /opt/airflow/dags/get_stocks_dag.py
Traceback (most recent call last):
  File "/home/airflow/.local/lib/python3.7/site-packages/airflow/models/dagbag.py", line 346, in parse
    loader.exec_module(new_module)
  File "<frozen importlib._bootstrap_external>", line 728, in exec_module
  File "<frozen importlib._bootstrap>", line 219, in _call_with_frames_removed
  File "/opt/airflow/dags/get_stocks_dag.py", line 1, in <module>
    import yfinance
ModuleNotFoundError: No module named 'yfinance'
[2023-05-17T13:17:30.846+0000] {processor.py:811} WARNING - No viable dags retrieved from /opt/airflow/dags/get_stocks_dag.py
[2023-05-17T13:17:31.083+0000] {processor.py:178} INFO - Processing /opt/airflow/dags/get_stocks_dag.py took 0.336 seconds
[2023-05-17T13:18:13.980+0000] {processor.py:156} INFO - Started process (PID=1057) to work on /opt/airflow/dags/get_stocks_dag.py
[2023-05-17T13:18:13.987+0000] {processor.py:799} INFO - Processing file /opt/airflow/dags/get_stocks_dag.py for tasks to queue
[2023-05-17T13:18:13.990+0000] {logging_mixin.py:149} INFO - [2023-05-17T13:18:13.990+0000] {dagbag.py:541} INFO - Filling up the DagBag from /opt/airflow/dags/get_stocks_dag.py
[2023-05-17T13:18:14.365+0000] {logging_mixin.py:149} INFO - [2023-05-17T13:18:14.040+0000] {dagbag.py:350} ERROR - Failed to import: /opt/airflow/dags/get_stocks_dag.py
Traceback (most recent call last):
  File "/home/airflow/.local/lib/python3.7/site-packages/airflow/models/dagbag.py", line 346, in parse
    loader.exec_module(new_module)
  File "<frozen importlib._bootstrap_external>", line 728, in exec_module
  File "<frozen importlib._bootstrap>", line 219, in _call_with_frames_removed
  File "/opt/airflow/dags/get_stocks_dag.py", line 1, in <module>
    import yfinance
ModuleNotFoundError: No module named 'yfinance'
[2023-05-17T13:18:14.369+0000] {processor.py:811} WARNING - No viable dags retrieved from /opt/airflow/dags/get_stocks_dag.py
[2023-05-17T13:18:15.156+0000] {processor.py:178} INFO - Processing /opt/airflow/dags/get_stocks_dag.py took 1.184 seconds
[2023-05-17T13:18:51.499+0000] {processor.py:156} INFO - Started process (PID=1111) to work on /opt/airflow/dags/get_stocks_dag.py
[2023-05-17T13:18:51.502+0000] {processor.py:799} INFO - Processing file /opt/airflow/dags/get_stocks_dag.py for tasks to queue
[2023-05-17T13:18:51.504+0000] {logging_mixin.py:149} INFO - [2023-05-17T13:18:51.504+0000] {dagbag.py:541} INFO - Filling up the DagBag from /opt/airflow/dags/get_stocks_dag.py
[2023-05-17T13:18:51.566+0000] {logging_mixin.py:149} INFO - [2023-05-17T13:18:51.554+0000] {dagbag.py:350} ERROR - Failed to import: /opt/airflow/dags/get_stocks_dag.py
Traceback (most recent call last):
  File "/home/airflow/.local/lib/python3.7/site-packages/airflow/models/dagbag.py", line 346, in parse
    loader.exec_module(new_module)
  File "<frozen importlib._bootstrap_external>", line 728, in exec_module
  File "<frozen importlib._bootstrap>", line 219, in _call_with_frames_removed
  File "/opt/airflow/dags/get_stocks_dag.py", line 1, in <module>
    import yfinance
ModuleNotFoundError: No module named 'yfinance'
[2023-05-17T13:18:51.571+0000] {processor.py:811} WARNING - No viable dags retrieved from /opt/airflow/dags/get_stocks_dag.py
[2023-05-17T13:18:51.728+0000] {processor.py:178} INFO - Processing /opt/airflow/dags/get_stocks_dag.py took 0.237 seconds
[2023-05-17T13:19:23.076+0000] {processor.py:156} INFO - Started process (PID=1168) to work on /opt/airflow/dags/get_stocks_dag.py
[2023-05-17T13:19:23.078+0000] {processor.py:799} INFO - Processing file /opt/airflow/dags/get_stocks_dag.py for tasks to queue
[2023-05-17T13:19:23.080+0000] {logging_mixin.py:149} INFO - [2023-05-17T13:19:23.080+0000] {dagbag.py:541} INFO - Filling up the DagBag from /opt/airflow/dags/get_stocks_dag.py
[2023-05-17T13:19:23.173+0000] {logging_mixin.py:149} INFO - [2023-05-17T13:19:23.131+0000] {dagbag.py:350} ERROR - Failed to import: /opt/airflow/dags/get_stocks_dag.py
Traceback (most recent call last):
  File "/home/airflow/.local/lib/python3.7/site-packages/airflow/models/dagbag.py", line 346, in parse
    loader.exec_module(new_module)
  File "<frozen importlib._bootstrap_external>", line 728, in exec_module
  File "<frozen importlib._bootstrap>", line 219, in _call_with_frames_removed
  File "/opt/airflow/dags/get_stocks_dag.py", line 1, in <module>
    import yfinance
ModuleNotFoundError: No module named 'yfinance'
[2023-05-17T13:19:23.178+0000] {processor.py:811} WARNING - No viable dags retrieved from /opt/airflow/dags/get_stocks_dag.py
[2023-05-17T13:19:24.037+0000] {processor.py:178} INFO - Processing /opt/airflow/dags/get_stocks_dag.py took 0.970 seconds
[2023-05-17T13:19:56.103+0000] {processor.py:156} INFO - Started process (PID=1226) to work on /opt/airflow/dags/get_stocks_dag.py
[2023-05-17T13:19:56.106+0000] {processor.py:799} INFO - Processing file /opt/airflow/dags/get_stocks_dag.py for tasks to queue
[2023-05-17T13:19:56.109+0000] {logging_mixin.py:149} INFO - [2023-05-17T13:19:56.108+0000] {dagbag.py:541} INFO - Filling up the DagBag from /opt/airflow/dags/get_stocks_dag.py
[2023-05-17T13:19:56.179+0000] {logging_mixin.py:149} INFO - [2023-05-17T13:19:56.167+0000] {dagbag.py:350} ERROR - Failed to import: /opt/airflow/dags/get_stocks_dag.py
Traceback (most recent call last):
  File "/home/airflow/.local/lib/python3.7/site-packages/airflow/models/dagbag.py", line 346, in parse
    loader.exec_module(new_module)
  File "<frozen importlib._bootstrap_external>", line 728, in exec_module
  File "<frozen importlib._bootstrap>", line 219, in _call_with_frames_removed
  File "/opt/airflow/dags/get_stocks_dag.py", line 1, in <module>
    import yfinance
ModuleNotFoundError: No module named 'yfinance'
[2023-05-17T13:19:56.182+0000] {processor.py:811} WARNING - No viable dags retrieved from /opt/airflow/dags/get_stocks_dag.py
[2023-05-17T13:19:56.912+0000] {processor.py:178} INFO - Processing /opt/airflow/dags/get_stocks_dag.py took 0.819 seconds
[2023-05-17T13:20:27.687+0000] {processor.py:156} INFO - Started process (PID=1285) to work on /opt/airflow/dags/get_stocks_dag.py
[2023-05-17T13:20:27.705+0000] {processor.py:799} INFO - Processing file /opt/airflow/dags/get_stocks_dag.py for tasks to queue
[2023-05-17T13:20:27.710+0000] {logging_mixin.py:149} INFO - [2023-05-17T13:20:27.710+0000] {dagbag.py:541} INFO - Filling up the DagBag from /opt/airflow/dags/get_stocks_dag.py
[2023-05-17T13:20:27.957+0000] {logging_mixin.py:149} INFO - [2023-05-17T13:20:27.915+0000] {dagbag.py:350} ERROR - Failed to import: /opt/airflow/dags/get_stocks_dag.py
Traceback (most recent call last):
  File "/home/airflow/.local/lib/python3.7/site-packages/airflow/models/dagbag.py", line 346, in parse
    loader.exec_module(new_module)
  File "<frozen importlib._bootstrap_external>", line 728, in exec_module
  File "<frozen importlib._bootstrap>", line 219, in _call_with_frames_removed
  File "/opt/airflow/dags/get_stocks_dag.py", line 1, in <module>
    import yfinance
ModuleNotFoundError: No module named 'yfinance'
[2023-05-17T13:20:27.981+0000] {processor.py:811} WARNING - No viable dags retrieved from /opt/airflow/dags/get_stocks_dag.py
[2023-05-17T13:20:28.727+0000] {processor.py:178} INFO - Processing /opt/airflow/dags/get_stocks_dag.py took 1.065 seconds
[2023-05-17T13:20:59.691+0000] {processor.py:156} INFO - Started process (PID=1343) to work on /opt/airflow/dags/get_stocks_dag.py
[2023-05-17T13:20:59.695+0000] {processor.py:799} INFO - Processing file /opt/airflow/dags/get_stocks_dag.py for tasks to queue
[2023-05-17T13:20:59.701+0000] {logging_mixin.py:149} INFO - [2023-05-17T13:20:59.698+0000] {dagbag.py:541} INFO - Filling up the DagBag from /opt/airflow/dags/get_stocks_dag.py
[2023-05-17T13:20:59.770+0000] {logging_mixin.py:149} INFO - [2023-05-17T13:20:59.754+0000] {dagbag.py:350} ERROR - Failed to import: /opt/airflow/dags/get_stocks_dag.py
Traceback (most recent call last):
  File "/home/airflow/.local/lib/python3.7/site-packages/airflow/models/dagbag.py", line 346, in parse
    loader.exec_module(new_module)
  File "<frozen importlib._bootstrap_external>", line 728, in exec_module
  File "<frozen importlib._bootstrap>", line 219, in _call_with_frames_removed
  File "/opt/airflow/dags/get_stocks_dag.py", line 1, in <module>
    import yfinance
ModuleNotFoundError: No module named 'yfinance'
[2023-05-17T13:20:59.779+0000] {processor.py:811} WARNING - No viable dags retrieved from /opt/airflow/dags/get_stocks_dag.py
[2023-05-17T13:21:00.028+0000] {processor.py:178} INFO - Processing /opt/airflow/dags/get_stocks_dag.py took 0.354 seconds
[2023-05-17T13:21:30.124+0000] {processor.py:156} INFO - Started process (PID=1395) to work on /opt/airflow/dags/get_stocks_dag.py
[2023-05-17T13:21:30.127+0000] {processor.py:799} INFO - Processing file /opt/airflow/dags/get_stocks_dag.py for tasks to queue
[2023-05-17T13:21:30.128+0000] {logging_mixin.py:149} INFO - [2023-05-17T13:21:30.128+0000] {dagbag.py:541} INFO - Filling up the DagBag from /opt/airflow/dags/get_stocks_dag.py
[2023-05-17T13:21:30.196+0000] {logging_mixin.py:149} INFO - [2023-05-17T13:21:30.184+0000] {dagbag.py:350} ERROR - Failed to import: /opt/airflow/dags/get_stocks_dag.py
Traceback (most recent call last):
  File "/home/airflow/.local/lib/python3.7/site-packages/airflow/models/dagbag.py", line 346, in parse
    loader.exec_module(new_module)
  File "<frozen importlib._bootstrap_external>", line 728, in exec_module
  File "<frozen importlib._bootstrap>", line 219, in _call_with_frames_removed
  File "/opt/airflow/dags/get_stocks_dag.py", line 1, in <module>
    import yfinance
ModuleNotFoundError: No module named 'yfinance'
[2023-05-17T13:21:30.200+0000] {processor.py:811} WARNING - No viable dags retrieved from /opt/airflow/dags/get_stocks_dag.py
[2023-05-17T13:21:31.059+0000] {processor.py:178} INFO - Processing /opt/airflow/dags/get_stocks_dag.py took 0.943 seconds
[2023-05-17T13:22:04.893+0000] {processor.py:156} INFO - Started process (PID=1454) to work on /opt/airflow/dags/get_stocks_dag.py
[2023-05-17T13:22:04.895+0000] {processor.py:799} INFO - Processing file /opt/airflow/dags/get_stocks_dag.py for tasks to queue
[2023-05-17T13:22:04.901+0000] {logging_mixin.py:149} INFO - [2023-05-17T13:22:04.900+0000] {dagbag.py:541} INFO - Filling up the DagBag from /opt/airflow/dags/get_stocks_dag.py
[2023-05-17T13:22:04.969+0000] {logging_mixin.py:149} INFO - [2023-05-17T13:22:04.956+0000] {dagbag.py:350} ERROR - Failed to import: /opt/airflow/dags/get_stocks_dag.py
Traceback (most recent call last):
  File "/home/airflow/.local/lib/python3.7/site-packages/airflow/models/dagbag.py", line 346, in parse
    loader.exec_module(new_module)
  File "<frozen importlib._bootstrap_external>", line 728, in exec_module
  File "<frozen importlib._bootstrap>", line 219, in _call_with_frames_removed
  File "/opt/airflow/dags/get_stocks_dag.py", line 1, in <module>
    import yfinance
ModuleNotFoundError: No module named 'yfinance'
[2023-05-17T13:22:04.973+0000] {processor.py:811} WARNING - No viable dags retrieved from /opt/airflow/dags/get_stocks_dag.py
[2023-05-17T13:22:05.344+0000] {processor.py:178} INFO - Processing /opt/airflow/dags/get_stocks_dag.py took 0.459 seconds
[2023-05-17T13:22:41.744+0000] {processor.py:156} INFO - Started process (PID=1487) to work on /opt/airflow/dags/get_stocks_dag.py
[2023-05-17T13:22:41.746+0000] {processor.py:799} INFO - Processing file /opt/airflow/dags/get_stocks_dag.py for tasks to queue
[2023-05-17T13:22:41.749+0000] {logging_mixin.py:149} INFO - [2023-05-17T13:22:41.749+0000] {dagbag.py:541} INFO - Filling up the DagBag from /opt/airflow/dags/get_stocks_dag.py
[2023-05-17T13:22:41.823+0000] {logging_mixin.py:149} INFO - [2023-05-17T13:22:41.812+0000] {dagbag.py:350} ERROR - Failed to import: /opt/airflow/dags/get_stocks_dag.py
Traceback (most recent call last):
  File "/home/airflow/.local/lib/python3.7/site-packages/airflow/models/dagbag.py", line 346, in parse
    loader.exec_module(new_module)
  File "<frozen importlib._bootstrap_external>", line 728, in exec_module
  File "<frozen importlib._bootstrap>", line 219, in _call_with_frames_removed
  File "/opt/airflow/dags/get_stocks_dag.py", line 1, in <module>
    import yfinance
ModuleNotFoundError: No module named 'yfinance'
[2023-05-17T13:22:41.827+0000] {processor.py:811} WARNING - No viable dags retrieved from /opt/airflow/dags/get_stocks_dag.py
[2023-05-17T13:22:42.602+0000] {processor.py:178} INFO - Processing /opt/airflow/dags/get_stocks_dag.py took 0.867 seconds
[2023-05-17T13:23:17.234+0000] {processor.py:156} INFO - Started process (PID=1542) to work on /opt/airflow/dags/get_stocks_dag.py
[2023-05-17T13:23:17.237+0000] {processor.py:799} INFO - Processing file /opt/airflow/dags/get_stocks_dag.py for tasks to queue
[2023-05-17T13:23:17.239+0000] {logging_mixin.py:149} INFO - [2023-05-17T13:23:17.239+0000] {dagbag.py:541} INFO - Filling up the DagBag from /opt/airflow/dags/get_stocks_dag.py
[2023-05-17T13:23:17.299+0000] {logging_mixin.py:149} INFO - [2023-05-17T13:23:17.288+0000] {dagbag.py:350} ERROR - Failed to import: /opt/airflow/dags/get_stocks_dag.py
Traceback (most recent call last):
  File "/home/airflow/.local/lib/python3.7/site-packages/airflow/models/dagbag.py", line 346, in parse
    loader.exec_module(new_module)
  File "<frozen importlib._bootstrap_external>", line 728, in exec_module
  File "<frozen importlib._bootstrap>", line 219, in _call_with_frames_removed
  File "/opt/airflow/dags/get_stocks_dag.py", line 1, in <module>
    import yfinance
ModuleNotFoundError: No module named 'yfinance'
[2023-05-17T13:23:17.303+0000] {processor.py:811} WARNING - No viable dags retrieved from /opt/airflow/dags/get_stocks_dag.py
[2023-05-17T13:23:18.615+0000] {processor.py:178} INFO - Processing /opt/airflow/dags/get_stocks_dag.py took 1.390 seconds
[2023-05-17T13:23:48.763+0000] {processor.py:156} INFO - Started process (PID=1599) to work on /opt/airflow/dags/get_stocks_dag.py
[2023-05-17T13:23:48.767+0000] {processor.py:799} INFO - Processing file /opt/airflow/dags/get_stocks_dag.py for tasks to queue
[2023-05-17T13:23:48.770+0000] {logging_mixin.py:149} INFO - [2023-05-17T13:23:48.770+0000] {dagbag.py:541} INFO - Filling up the DagBag from /opt/airflow/dags/get_stocks_dag.py
[2023-05-17T13:23:48.901+0000] {logging_mixin.py:149} INFO - [2023-05-17T13:23:48.884+0000] {dagbag.py:350} ERROR - Failed to import: /opt/airflow/dags/get_stocks_dag.py
Traceback (most recent call last):
  File "/home/airflow/.local/lib/python3.7/site-packages/airflow/models/dagbag.py", line 346, in parse
    loader.exec_module(new_module)
  File "<frozen importlib._bootstrap_external>", line 728, in exec_module
  File "<frozen importlib._bootstrap>", line 219, in _call_with_frames_removed
  File "/opt/airflow/dags/get_stocks_dag.py", line 1, in <module>
    import yfinance
ModuleNotFoundError: No module named 'yfinance'
[2023-05-17T13:23:48.909+0000] {processor.py:811} WARNING - No viable dags retrieved from /opt/airflow/dags/get_stocks_dag.py
[2023-05-17T13:23:49.078+0000] {processor.py:178} INFO - Processing /opt/airflow/dags/get_stocks_dag.py took 0.348 seconds
[2023-05-17T13:24:19.779+0000] {processor.py:156} INFO - Started process (PID=1653) to work on /opt/airflow/dags/get_stocks_dag.py
[2023-05-17T13:24:19.782+0000] {processor.py:799} INFO - Processing file /opt/airflow/dags/get_stocks_dag.py for tasks to queue
[2023-05-17T13:24:19.787+0000] {logging_mixin.py:149} INFO - [2023-05-17T13:24:19.786+0000] {dagbag.py:541} INFO - Filling up the DagBag from /opt/airflow/dags/get_stocks_dag.py
[2023-05-17T13:24:19.906+0000] {logging_mixin.py:149} INFO - [2023-05-17T13:24:19.879+0000] {dagbag.py:350} ERROR - Failed to import: /opt/airflow/dags/get_stocks_dag.py
Traceback (most recent call last):
  File "/home/airflow/.local/lib/python3.7/site-packages/airflow/models/dagbag.py", line 346, in parse
    loader.exec_module(new_module)
  File "<frozen importlib._bootstrap_external>", line 728, in exec_module
  File "<frozen importlib._bootstrap>", line 219, in _call_with_frames_removed
  File "/opt/airflow/dags/get_stocks_dag.py", line 1, in <module>
    import yfinance
ModuleNotFoundError: No module named 'yfinance'
[2023-05-17T13:24:19.915+0000] {processor.py:811} WARNING - No viable dags retrieved from /opt/airflow/dags/get_stocks_dag.py
[2023-05-17T13:24:21.425+0000] {processor.py:178} INFO - Processing /opt/airflow/dags/get_stocks_dag.py took 1.661 seconds
[2023-05-17T13:24:51.620+0000] {processor.py:156} INFO - Started process (PID=1712) to work on /opt/airflow/dags/get_stocks_dag.py
[2023-05-17T13:24:51.623+0000] {processor.py:799} INFO - Processing file /opt/airflow/dags/get_stocks_dag.py for tasks to queue
[2023-05-17T13:24:51.626+0000] {logging_mixin.py:149} INFO - [2023-05-17T13:24:51.626+0000] {dagbag.py:541} INFO - Filling up the DagBag from /opt/airflow/dags/get_stocks_dag.py
[2023-05-17T13:24:51.820+0000] {logging_mixin.py:149} INFO - [2023-05-17T13:24:51.693+0000] {dagbag.py:350} ERROR - Failed to import: /opt/airflow/dags/get_stocks_dag.py
Traceback (most recent call last):
  File "/home/airflow/.local/lib/python3.7/site-packages/airflow/models/dagbag.py", line 346, in parse
    loader.exec_module(new_module)
  File "<frozen importlib._bootstrap_external>", line 728, in exec_module
  File "<frozen importlib._bootstrap>", line 219, in _call_with_frames_removed
  File "/opt/airflow/dags/get_stocks_dag.py", line 1, in <module>
    import yfinance
ModuleNotFoundError: No module named 'yfinance'
[2023-05-17T13:24:51.824+0000] {processor.py:811} WARNING - No viable dags retrieved from /opt/airflow/dags/get_stocks_dag.py
[2023-05-17T13:24:51.962+0000] {processor.py:178} INFO - Processing /opt/airflow/dags/get_stocks_dag.py took 0.357 seconds
[2023-05-17T13:25:22.541+0000] {processor.py:156} INFO - Started process (PID=1770) to work on /opt/airflow/dags/get_stocks_dag.py
[2023-05-17T13:25:22.547+0000] {processor.py:799} INFO - Processing file /opt/airflow/dags/get_stocks_dag.py for tasks to queue
[2023-05-17T13:25:22.550+0000] {logging_mixin.py:149} INFO - [2023-05-17T13:25:22.550+0000] {dagbag.py:541} INFO - Filling up the DagBag from /opt/airflow/dags/get_stocks_dag.py
[2023-05-17T13:25:22.617+0000] {logging_mixin.py:149} INFO - [2023-05-17T13:25:22.602+0000] {dagbag.py:350} ERROR - Failed to import: /opt/airflow/dags/get_stocks_dag.py
Traceback (most recent call last):
  File "/home/airflow/.local/lib/python3.7/site-packages/airflow/models/dagbag.py", line 346, in parse
    loader.exec_module(new_module)
  File "<frozen importlib._bootstrap_external>", line 728, in exec_module
  File "<frozen importlib._bootstrap>", line 219, in _call_with_frames_removed
  File "/opt/airflow/dags/get_stocks_dag.py", line 1, in <module>
    import yfinance
ModuleNotFoundError: No module named 'yfinance'
[2023-05-17T13:25:22.621+0000] {processor.py:811} WARNING - No viable dags retrieved from /opt/airflow/dags/get_stocks_dag.py
[2023-05-17T13:25:23.472+0000] {processor.py:178} INFO - Processing /opt/airflow/dags/get_stocks_dag.py took 0.938 seconds
[2023-05-17T13:25:53.827+0000] {processor.py:156} INFO - Started process (PID=1819) to work on /opt/airflow/dags/get_stocks_dag.py
[2023-05-17T13:25:53.831+0000] {processor.py:799} INFO - Processing file /opt/airflow/dags/get_stocks_dag.py for tasks to queue
[2023-05-17T13:25:53.844+0000] {logging_mixin.py:149} INFO - [2023-05-17T13:25:53.843+0000] {dagbag.py:541} INFO - Filling up the DagBag from /opt/airflow/dags/get_stocks_dag.py
[2023-05-17T13:25:54.006+0000] {logging_mixin.py:149} INFO - [2023-05-17T13:25:53.984+0000] {dagbag.py:350} ERROR - Failed to import: /opt/airflow/dags/get_stocks_dag.py
Traceback (most recent call last):
  File "/home/airflow/.local/lib/python3.7/site-packages/airflow/models/dagbag.py", line 346, in parse
    loader.exec_module(new_module)
  File "<frozen importlib._bootstrap_external>", line 728, in exec_module
  File "<frozen importlib._bootstrap>", line 219, in _call_with_frames_removed
  File "/opt/airflow/dags/get_stocks_dag.py", line 1, in <module>
    import yfinance
ModuleNotFoundError: No module named 'yfinance'
[2023-05-17T13:25:54.013+0000] {processor.py:811} WARNING - No viable dags retrieved from /opt/airflow/dags/get_stocks_dag.py
[2023-05-17T13:25:54.259+0000] {processor.py:178} INFO - Processing /opt/airflow/dags/get_stocks_dag.py took 0.464 seconds
[2023-05-17T13:26:31.504+0000] {processor.py:156} INFO - Started process (PID=1875) to work on /opt/airflow/dags/get_stocks_dag.py
[2023-05-17T13:26:31.506+0000] {processor.py:799} INFO - Processing file /opt/airflow/dags/get_stocks_dag.py for tasks to queue
[2023-05-17T13:26:31.508+0000] {logging_mixin.py:149} INFO - [2023-05-17T13:26:31.507+0000] {dagbag.py:541} INFO - Filling up the DagBag from /opt/airflow/dags/get_stocks_dag.py
[2023-05-17T13:26:31.581+0000] {logging_mixin.py:149} INFO - [2023-05-17T13:26:31.567+0000] {dagbag.py:350} ERROR - Failed to import: /opt/airflow/dags/get_stocks_dag.py
Traceback (most recent call last):
  File "/home/airflow/.local/lib/python3.7/site-packages/airflow/models/dagbag.py", line 346, in parse
    loader.exec_module(new_module)
  File "<frozen importlib._bootstrap_external>", line 728, in exec_module
  File "<frozen importlib._bootstrap>", line 219, in _call_with_frames_removed
  File "/opt/airflow/dags/get_stocks_dag.py", line 1, in <module>
    import yfinance
ModuleNotFoundError: No module named 'yfinance'
[2023-05-17T13:26:31.585+0000] {processor.py:811} WARNING - No viable dags retrieved from /opt/airflow/dags/get_stocks_dag.py
[2023-05-17T13:26:32.013+0000] {processor.py:178} INFO - Processing /opt/airflow/dags/get_stocks_dag.py took 0.518 seconds
[2023-05-17T13:27:02.193+0000] {processor.py:156} INFO - Started process (PID=1929) to work on /opt/airflow/dags/get_stocks_dag.py
[2023-05-17T13:27:02.195+0000] {processor.py:799} INFO - Processing file /opt/airflow/dags/get_stocks_dag.py for tasks to queue
[2023-05-17T13:27:02.198+0000] {logging_mixin.py:149} INFO - [2023-05-17T13:27:02.197+0000] {dagbag.py:541} INFO - Filling up the DagBag from /opt/airflow/dags/get_stocks_dag.py
[2023-05-17T13:27:02.296+0000] {logging_mixin.py:149} INFO - [2023-05-17T13:27:02.277+0000] {dagbag.py:350} ERROR - Failed to import: /opt/airflow/dags/get_stocks_dag.py
Traceback (most recent call last):
  File "/home/airflow/.local/lib/python3.7/site-packages/airflow/models/dagbag.py", line 346, in parse
    loader.exec_module(new_module)
  File "<frozen importlib._bootstrap_external>", line 728, in exec_module
  File "<frozen importlib._bootstrap>", line 219, in _call_with_frames_removed
  File "/opt/airflow/dags/get_stocks_dag.py", line 1, in <module>
    import yfinance
ModuleNotFoundError: No module named 'yfinance'
[2023-05-17T13:27:02.302+0000] {processor.py:811} WARNING - No viable dags retrieved from /opt/airflow/dags/get_stocks_dag.py
[2023-05-17T13:27:02.590+0000] {processor.py:178} INFO - Processing /opt/airflow/dags/get_stocks_dag.py took 0.420 seconds
[2023-05-17T13:32:01.364+0000] {processor.py:156} INFO - Started process (PID=46) to work on /opt/airflow/dags/get_stocks_dag.py
[2023-05-17T13:32:01.367+0000] {processor.py:799} INFO - Processing file /opt/airflow/dags/get_stocks_dag.py for tasks to queue
[2023-05-17T13:32:01.369+0000] {logging_mixin.py:149} INFO - [2023-05-17T13:32:01.369+0000] {dagbag.py:541} INFO - Filling up the DagBag from /opt/airflow/dags/get_stocks_dag.py
[2023-05-17T13:32:01.440+0000] {logging_mixin.py:149} INFO - [2023-05-17T13:32:01.422+0000] {dagbag.py:350} ERROR - Failed to import: /opt/airflow/dags/get_stocks_dag.py
Traceback (most recent call last):
  File "/home/airflow/.local/lib/python3.7/site-packages/airflow/models/dagbag.py", line 346, in parse
    loader.exec_module(new_module)
  File "<frozen importlib._bootstrap_external>", line 728, in exec_module
  File "<frozen importlib._bootstrap>", line 219, in _call_with_frames_removed
  File "/opt/airflow/dags/get_stocks_dag.py", line 1, in <module>
    import yfinance
ModuleNotFoundError: No module named 'yfinance'
[2023-05-17T13:32:01.448+0000] {processor.py:811} WARNING - No viable dags retrieved from /opt/airflow/dags/get_stocks_dag.py
[2023-05-17T13:32:01.683+0000] {processor.py:178} INFO - Processing /opt/airflow/dags/get_stocks_dag.py took 0.326 seconds
[2023-05-17T13:33:20.272+0000] {processor.py:156} INFO - Started process (PID=109) to work on /opt/airflow/dags/get_stocks_dag.py
[2023-05-17T13:33:20.273+0000] {processor.py:799} INFO - Processing file /opt/airflow/dags/get_stocks_dag.py for tasks to queue
[2023-05-17T13:33:20.276+0000] {logging_mixin.py:149} INFO - [2023-05-17T13:33:20.275+0000] {dagbag.py:541} INFO - Filling up the DagBag from /opt/airflow/dags/get_stocks_dag.py
[2023-05-17T13:33:20.338+0000] {logging_mixin.py:149} INFO - [2023-05-17T13:33:20.324+0000] {dagbag.py:350} ERROR - Failed to import: /opt/airflow/dags/get_stocks_dag.py
Traceback (most recent call last):
  File "/home/airflow/.local/lib/python3.7/site-packages/airflow/models/dagbag.py", line 346, in parse
    loader.exec_module(new_module)
  File "<frozen importlib._bootstrap_external>", line 728, in exec_module
  File "<frozen importlib._bootstrap>", line 219, in _call_with_frames_removed
  File "/opt/airflow/dags/get_stocks_dag.py", line 1, in <module>
    import yfinance
ModuleNotFoundError: No module named 'yfinance'
[2023-05-17T13:33:20.342+0000] {processor.py:811} WARNING - No viable dags retrieved from /opt/airflow/dags/get_stocks_dag.py
[2023-05-17T13:33:20.562+0000] {processor.py:178} INFO - Processing /opt/airflow/dags/get_stocks_dag.py took 0.296 seconds
[2023-05-17T13:34:22.344+0000] {processor.py:156} INFO - Started process (PID=161) to work on /opt/airflow/dags/get_stocks_dag.py
[2023-05-17T13:34:22.347+0000] {processor.py:799} INFO - Processing file /opt/airflow/dags/get_stocks_dag.py for tasks to queue
[2023-05-17T13:34:22.349+0000] {logging_mixin.py:149} INFO - [2023-05-17T13:34:22.348+0000] {dagbag.py:541} INFO - Filling up the DagBag from /opt/airflow/dags/get_stocks_dag.py
[2023-05-17T13:34:22.400+0000] {logging_mixin.py:149} INFO - [2023-05-17T13:34:22.390+0000] {dagbag.py:350} ERROR - Failed to import: /opt/airflow/dags/get_stocks_dag.py
Traceback (most recent call last):
  File "/home/airflow/.local/lib/python3.7/site-packages/airflow/models/dagbag.py", line 346, in parse
    loader.exec_module(new_module)
  File "<frozen importlib._bootstrap_external>", line 728, in exec_module
  File "<frozen importlib._bootstrap>", line 219, in _call_with_frames_removed
  File "/opt/airflow/dags/get_stocks_dag.py", line 1, in <module>
    import yfinance
ModuleNotFoundError: No module named 'yfinance'
[2023-05-17T13:34:22.404+0000] {processor.py:811} WARNING - No viable dags retrieved from /opt/airflow/dags/get_stocks_dag.py
[2023-05-17T13:34:23.635+0000] {processor.py:178} INFO - Processing /opt/airflow/dags/get_stocks_dag.py took 1.299 seconds
[2023-05-17T13:36:35.227+0000] {processor.py:156} INFO - Started process (PID=219) to work on /opt/airflow/dags/get_stocks_dag.py
[2023-05-17T13:36:35.229+0000] {processor.py:799} INFO - Processing file /opt/airflow/dags/get_stocks_dag.py for tasks to queue
[2023-05-17T13:36:35.232+0000] {logging_mixin.py:149} INFO - [2023-05-17T13:36:35.231+0000] {dagbag.py:541} INFO - Filling up the DagBag from /opt/airflow/dags/get_stocks_dag.py
[2023-05-17T13:36:35.282+0000] {logging_mixin.py:149} INFO - [2023-05-17T13:36:35.272+0000] {dagbag.py:350} ERROR - Failed to import: /opt/airflow/dags/get_stocks_dag.py
Traceback (most recent call last):
  File "/home/airflow/.local/lib/python3.7/site-packages/airflow/models/dagbag.py", line 346, in parse
    loader.exec_module(new_module)
  File "<frozen importlib._bootstrap_external>", line 728, in exec_module
  File "<frozen importlib._bootstrap>", line 219, in _call_with_frames_removed
  File "/opt/airflow/dags/get_stocks_dag.py", line 1, in <module>
    import yfinance
ModuleNotFoundError: No module named 'yfinance'
[2023-05-17T13:36:35.290+0000] {processor.py:811} WARNING - No viable dags retrieved from /opt/airflow/dags/get_stocks_dag.py
[2023-05-17T13:36:35.757+0000] {processor.py:178} INFO - Processing /opt/airflow/dags/get_stocks_dag.py took 0.537 seconds
[2023-05-17T13:37:08.093+0000] {processor.py:156} INFO - Started process (PID=272) to work on /opt/airflow/dags/get_stocks_dag.py
[2023-05-17T13:37:08.096+0000] {processor.py:799} INFO - Processing file /opt/airflow/dags/get_stocks_dag.py for tasks to queue
[2023-05-17T13:37:08.098+0000] {logging_mixin.py:149} INFO - [2023-05-17T13:37:08.098+0000] {dagbag.py:541} INFO - Filling up the DagBag from /opt/airflow/dags/get_stocks_dag.py
[2023-05-17T13:37:08.155+0000] {logging_mixin.py:149} INFO - [2023-05-17T13:37:08.146+0000] {dagbag.py:350} ERROR - Failed to import: /opt/airflow/dags/get_stocks_dag.py
Traceback (most recent call last):
  File "/home/airflow/.local/lib/python3.7/site-packages/airflow/models/dagbag.py", line 346, in parse
    loader.exec_module(new_module)
  File "<frozen importlib._bootstrap_external>", line 728, in exec_module
  File "<frozen importlib._bootstrap>", line 219, in _call_with_frames_removed
  File "/opt/airflow/dags/get_stocks_dag.py", line 1, in <module>
    import yfinance
ModuleNotFoundError: No module named 'yfinance'
[2023-05-17T13:37:08.160+0000] {processor.py:811} WARNING - No viable dags retrieved from /opt/airflow/dags/get_stocks_dag.py
[2023-05-17T13:37:09.079+0000] {processor.py:178} INFO - Processing /opt/airflow/dags/get_stocks_dag.py took 0.994 seconds
[2023-05-17T13:37:39.406+0000] {processor.py:156} INFO - Started process (PID=326) to work on /opt/airflow/dags/get_stocks_dag.py
[2023-05-17T13:37:39.410+0000] {processor.py:799} INFO - Processing file /opt/airflow/dags/get_stocks_dag.py for tasks to queue
[2023-05-17T13:37:39.413+0000] {logging_mixin.py:149} INFO - [2023-05-17T13:37:39.413+0000] {dagbag.py:541} INFO - Filling up the DagBag from /opt/airflow/dags/get_stocks_dag.py
[2023-05-17T13:37:39.539+0000] {logging_mixin.py:149} INFO - [2023-05-17T13:37:39.520+0000] {dagbag.py:350} ERROR - Failed to import: /opt/airflow/dags/get_stocks_dag.py
Traceback (most recent call last):
  File "/home/airflow/.local/lib/python3.7/site-packages/airflow/models/dagbag.py", line 346, in parse
    loader.exec_module(new_module)
  File "<frozen importlib._bootstrap_external>", line 728, in exec_module
  File "<frozen importlib._bootstrap>", line 219, in _call_with_frames_removed
  File "/opt/airflow/dags/get_stocks_dag.py", line 1, in <module>
    import yfinance
ModuleNotFoundError: No module named 'yfinance'
[2023-05-17T13:37:39.547+0000] {processor.py:811} WARNING - No viable dags retrieved from /opt/airflow/dags/get_stocks_dag.py
[2023-05-17T13:37:39.744+0000] {processor.py:178} INFO - Processing /opt/airflow/dags/get_stocks_dag.py took 0.351 seconds
[2023-05-17T13:38:10.081+0000] {processor.py:156} INFO - Started process (PID=384) to work on /opt/airflow/dags/get_stocks_dag.py
[2023-05-17T13:38:10.083+0000] {processor.py:799} INFO - Processing file /opt/airflow/dags/get_stocks_dag.py for tasks to queue
[2023-05-17T13:38:10.085+0000] {logging_mixin.py:149} INFO - [2023-05-17T13:38:10.085+0000] {dagbag.py:541} INFO - Filling up the DagBag from /opt/airflow/dags/get_stocks_dag.py
[2023-05-17T13:38:10.136+0000] {logging_mixin.py:149} INFO - [2023-05-17T13:38:10.127+0000] {dagbag.py:350} ERROR - Failed to import: /opt/airflow/dags/get_stocks_dag.py
Traceback (most recent call last):
  File "/home/airflow/.local/lib/python3.7/site-packages/airflow/models/dagbag.py", line 346, in parse
    loader.exec_module(new_module)
  File "<frozen importlib._bootstrap_external>", line 728, in exec_module
  File "<frozen importlib._bootstrap>", line 219, in _call_with_frames_removed
  File "/opt/airflow/dags/get_stocks_dag.py", line 1, in <module>
    import yfinance
ModuleNotFoundError: No module named 'yfinance'
[2023-05-17T13:38:10.140+0000] {processor.py:811} WARNING - No viable dags retrieved from /opt/airflow/dags/get_stocks_dag.py
[2023-05-17T13:38:10.254+0000] {processor.py:178} INFO - Processing /opt/airflow/dags/get_stocks_dag.py took 0.180 seconds
[2023-05-17T13:38:40.821+0000] {processor.py:156} INFO - Started process (PID=442) to work on /opt/airflow/dags/get_stocks_dag.py
[2023-05-17T13:38:40.824+0000] {processor.py:799} INFO - Processing file /opt/airflow/dags/get_stocks_dag.py for tasks to queue
[2023-05-17T13:38:40.835+0000] {logging_mixin.py:149} INFO - [2023-05-17T13:38:40.826+0000] {dagbag.py:541} INFO - Filling up the DagBag from /opt/airflow/dags/get_stocks_dag.py
[2023-05-17T13:38:40.913+0000] {logging_mixin.py:149} INFO - [2023-05-17T13:38:40.903+0000] {dagbag.py:350} ERROR - Failed to import: /opt/airflow/dags/get_stocks_dag.py
Traceback (most recent call last):
  File "/home/airflow/.local/lib/python3.7/site-packages/airflow/models/dagbag.py", line 346, in parse
    loader.exec_module(new_module)
  File "<frozen importlib._bootstrap_external>", line 728, in exec_module
  File "<frozen importlib._bootstrap>", line 219, in _call_with_frames_removed
  File "/opt/airflow/dags/get_stocks_dag.py", line 1, in <module>
    import yfinance
ModuleNotFoundError: No module named 'yfinance'
[2023-05-17T13:38:40.918+0000] {processor.py:811} WARNING - No viable dags retrieved from /opt/airflow/dags/get_stocks_dag.py
[2023-05-17T13:38:41.140+0000] {processor.py:178} INFO - Processing /opt/airflow/dags/get_stocks_dag.py took 0.338 seconds
[2023-05-17T13:39:11.824+0000] {processor.py:156} INFO - Started process (PID=496) to work on /opt/airflow/dags/get_stocks_dag.py
[2023-05-17T13:39:11.827+0000] {processor.py:799} INFO - Processing file /opt/airflow/dags/get_stocks_dag.py for tasks to queue
[2023-05-17T13:39:11.831+0000] {logging_mixin.py:149} INFO - [2023-05-17T13:39:11.830+0000] {dagbag.py:541} INFO - Filling up the DagBag from /opt/airflow/dags/get_stocks_dag.py
[2023-05-17T13:39:11.891+0000] {logging_mixin.py:149} INFO - [2023-05-17T13:39:11.880+0000] {dagbag.py:350} ERROR - Failed to import: /opt/airflow/dags/get_stocks_dag.py
Traceback (most recent call last):
  File "/home/airflow/.local/lib/python3.7/site-packages/airflow/models/dagbag.py", line 346, in parse
    loader.exec_module(new_module)
  File "<frozen importlib._bootstrap_external>", line 728, in exec_module
  File "<frozen importlib._bootstrap>", line 219, in _call_with_frames_removed
  File "/opt/airflow/dags/get_stocks_dag.py", line 1, in <module>
    import yfinance
ModuleNotFoundError: No module named 'yfinance'
[2023-05-17T13:39:11.895+0000] {processor.py:811} WARNING - No viable dags retrieved from /opt/airflow/dags/get_stocks_dag.py
[2023-05-17T13:39:11.997+0000] {processor.py:178} INFO - Processing /opt/airflow/dags/get_stocks_dag.py took 0.183 seconds
[2023-05-17T13:39:42.600+0000] {processor.py:156} INFO - Started process (PID=555) to work on /opt/airflow/dags/get_stocks_dag.py
[2023-05-17T13:39:42.605+0000] {processor.py:799} INFO - Processing file /opt/airflow/dags/get_stocks_dag.py for tasks to queue
[2023-05-17T13:39:42.608+0000] {logging_mixin.py:149} INFO - [2023-05-17T13:39:42.607+0000] {dagbag.py:541} INFO - Filling up the DagBag from /opt/airflow/dags/get_stocks_dag.py
[2023-05-17T13:39:42.683+0000] {logging_mixin.py:149} INFO - [2023-05-17T13:39:42.672+0000] {dagbag.py:350} ERROR - Failed to import: /opt/airflow/dags/get_stocks_dag.py
Traceback (most recent call last):
  File "/home/airflow/.local/lib/python3.7/site-packages/airflow/models/dagbag.py", line 346, in parse
    loader.exec_module(new_module)
  File "<frozen importlib._bootstrap_external>", line 728, in exec_module
  File "<frozen importlib._bootstrap>", line 219, in _call_with_frames_removed
  File "/opt/airflow/dags/get_stocks_dag.py", line 1, in <module>
    import yfinance
ModuleNotFoundError: No module named 'yfinance'
[2023-05-17T13:39:42.689+0000] {processor.py:811} WARNING - No viable dags retrieved from /opt/airflow/dags/get_stocks_dag.py
[2023-05-17T13:39:43.072+0000] {processor.py:178} INFO - Processing /opt/airflow/dags/get_stocks_dag.py took 0.482 seconds
[2023-05-17T13:40:13.518+0000] {processor.py:156} INFO - Started process (PID=613) to work on /opt/airflow/dags/get_stocks_dag.py
[2023-05-17T13:40:13.545+0000] {processor.py:799} INFO - Processing file /opt/airflow/dags/get_stocks_dag.py for tasks to queue
[2023-05-17T13:40:13.562+0000] {logging_mixin.py:149} INFO - [2023-05-17T13:40:13.561+0000] {dagbag.py:541} INFO - Filling up the DagBag from /opt/airflow/dags/get_stocks_dag.py
[2023-05-17T13:40:13.677+0000] {logging_mixin.py:149} INFO - [2023-05-17T13:40:13.664+0000] {dagbag.py:350} ERROR - Failed to import: /opt/airflow/dags/get_stocks_dag.py
Traceback (most recent call last):
  File "/home/airflow/.local/lib/python3.7/site-packages/airflow/models/dagbag.py", line 346, in parse
    loader.exec_module(new_module)
  File "<frozen importlib._bootstrap_external>", line 728, in exec_module
  File "<frozen importlib._bootstrap>", line 219, in _call_with_frames_removed
  File "/opt/airflow/dags/get_stocks_dag.py", line 1, in <module>
    import yfinance
ModuleNotFoundError: No module named 'yfinance'
[2023-05-17T13:40:13.682+0000] {processor.py:811} WARNING - No viable dags retrieved from /opt/airflow/dags/get_stocks_dag.py
[2023-05-17T13:40:13.839+0000] {processor.py:178} INFO - Processing /opt/airflow/dags/get_stocks_dag.py took 0.341 seconds
